[0.020s] Invoking command in '/home/su1jun/Capstone/ros2_ws/build/articubot_one': CMAKE_PREFIX_PATH=/opt/ros/humble /usr/bin/cmake /home/su1jun/Capstone/ros2_ws/src/articubot_one -DAMENT_CMAKE_SYMLINK_INSTALL=1 -DCMAKE_INSTALL_PREFIX=/home/su1jun/Capstone/ros2_ws/install/articubot_one
[0.371s] -- The C compiler identification is GNU 11.4.0
[0.371s] -- The CXX compiler identification is GNU 11.4.0
[0.371s] -- Detecting C compiler ABI info
[0.371s] -- Detecting C compiler ABI info - done
[0.371s] -- Check for working C compiler: /usr/bin/cc - skipped
[0.371s] -- Detecting C compile features
[0.371s] -- Detecting C compile features - done
[0.371s] -- Detecting CXX compiler ABI info
[0.371s] -- Detecting CXX compiler ABI info - done
[0.371s] -- Check for working CXX compiler: /usr/bin/c++ - skipped
[0.372s] -- Detecting CXX compile features
[0.372s] -- Detecting CXX compile features - done
[0.372s] -- Found ament_cmake: 1.3.9 (/opt/ros/humble/share/ament_cmake/cmake)
[0.558s] -- Found Python3: /usr/bin/python3 (found version "3.10.12") found components: Interpreter 
[0.648s] -- Override CMake install command with custom implementation using symlinks instead of copying resources
[0.698s] -- Found ament_lint_auto: 0.12.11 (/opt/ros/humble/share/ament_lint_auto/cmake)
[0.810s] -- Added test 'copyright' to check source files copyright and LICENSE
[0.814s] -- Added test 'flake8' to check Python code syntax and style conventions
[0.815s] -- Added test 'lint_cmake' to check CMake code style
[0.816s] -- Added test 'pep257' to check Python code against some of the docstring style conventions in PEP 257
[0.819s] -- Added test 'xmllint' to check XML markup files
[0.821s] -- Configuring done
[0.824s] -- Generating done
[0.825s] -- Build files have been written to: /home/su1jun/Capstone/ros2_ws/build/articubot_one
[0.831s] Invoked command in '/home/su1jun/Capstone/ros2_ws/build/articubot_one' returned '0': CMAKE_PREFIX_PATH=/opt/ros/humble /usr/bin/cmake /home/su1jun/Capstone/ros2_ws/src/articubot_one -DAMENT_CMAKE_SYMLINK_INSTALL=1 -DCMAKE_INSTALL_PREFIX=/home/su1jun/Capstone/ros2_ws/install/articubot_one
[0.832s] Invoking command in '/home/su1jun/Capstone/ros2_ws/build/articubot_one': CMAKE_PREFIX_PATH=/opt/ros/humble /usr/bin/cmake --build /home/su1jun/Capstone/ros2_ws/build/articubot_one -- -j4 -l4
[0.887s] Invoked command in '/home/su1jun/Capstone/ros2_ws/build/articubot_one' returned '0': CMAKE_PREFIX_PATH=/opt/ros/humble /usr/bin/cmake --build /home/su1jun/Capstone/ros2_ws/build/articubot_one -- -j4 -l4
[0.913s] Invoking command in '/home/su1jun/Capstone/ros2_ws/build/articubot_one': CMAKE_PREFIX_PATH=/opt/ros/humble /usr/bin/cmake --install /home/su1jun/Capstone/ros2_ws/build/articubot_one
[0.922s] -- Install configuration: ""
[0.923s] -- Execute custom install script
[0.924s] -- Symlinking: /home/su1jun/Capstone/ros2_ws/install/articubot_one/share/articubot_one/config/ball_tracker_params_robot.yaml
[0.935s] -- Symlinking: /home/su1jun/Capstone/ros2_ws/install/articubot_one/share/articubot_one/config/ball_tracker_params_sim.yaml
[0.946s] -- Symlinking: /home/su1jun/Capstone/ros2_ws/install/articubot_one/share/articubot_one/config/drive_bot.rviz
[0.956s] -- Symlinking: /home/su1jun/Capstone/ros2_ws/install/articubot_one/share/articubot_one/config/empty.yaml
[0.965s] -- Symlinking: /home/su1jun/Capstone/ros2_ws/install/articubot_one/share/articubot_one/config/gaz_ros2_ctl_use_sim.yaml
[0.975s] -- Symlinking: /home/su1jun/Capstone/ros2_ws/install/articubot_one/share/articubot_one/config/gazebo_params.yaml
[0.985s] -- Symlinking: /home/su1jun/Capstone/ros2_ws/install/articubot_one/share/articubot_one/config/joystick.yaml
[0.997s] -- Symlinking: /home/su1jun/Capstone/ros2_ws/install/articubot_one/share/articubot_one/config/main.rviz
[1.007s] -- Symlinking: /home/su1jun/Capstone/ros2_ws/install/articubot_one/share/articubot_one/config/map.rviz
[1.018s] -- Symlinking: /home/su1jun/Capstone/ros2_ws/install/articubot_one/share/articubot_one/config/mapper_params_online_async.yaml
[1.031s] -- Symlinking: /home/su1jun/Capstone/ros2_ws/install/articubot_one/share/articubot_one/config/my_controllers.yaml
[1.041s] -- Symlinking: /home/su1jun/Capstone/ros2_ws/install/articubot_one/share/articubot_one/config/nav2_params.yaml
[1.052s] -- Symlinking: /home/su1jun/Capstone/ros2_ws/install/articubot_one/share/articubot_one/config/twist_mux.yaml
[1.062s] -- Symlinking: /home/su1jun/Capstone/ros2_ws/install/articubot_one/share/articubot_one/config/view_bot.rviz
[1.072s] -- Symlinking: /home/su1jun/Capstone/ros2_ws/install/articubot_one/share/articubot_one/description/camera.xacro
[1.081s] -- Symlinking: /home/su1jun/Capstone/ros2_ws/install/articubot_one/share/articubot_one/description/depth_camera.xacro
[1.091s] -- Symlinking: /home/su1jun/Capstone/ros2_ws/install/articubot_one/share/articubot_one/description/face.xacro
[1.101s] -- Symlinking: /home/su1jun/Capstone/ros2_ws/install/articubot_one/share/articubot_one/description/gazebo_control.xacro
[1.111s] -- Symlinking: /home/su1jun/Capstone/ros2_ws/install/articubot_one/share/articubot_one/description/inertial_macros.xacro
[1.121s] -- Symlinking: /home/su1jun/Capstone/ros2_ws/install/articubot_one/share/articubot_one/description/lidar.xacro
[1.133s] -- Symlinking: /home/su1jun/Capstone/ros2_ws/install/articubot_one/share/articubot_one/description/robot.urdf.xacro
[1.143s] -- Symlinking: /home/su1jun/Capstone/ros2_ws/install/articubot_one/share/articubot_one/description/robot_core.xacro
[1.153s] -- Symlinking: /home/su1jun/Capstone/ros2_ws/install/articubot_one/share/articubot_one/description/ros2_control.xacro
[1.163s] -- Symlinking: /home/su1jun/Capstone/ros2_ws/install/articubot_one/share/articubot_one/launch/ball_tracker.launch.py
[1.172s] -- Symlinking: /home/su1jun/Capstone/ros2_ws/install/articubot_one/share/articubot_one/launch/camera.launch.py
[1.182s] -- Symlinking: /home/su1jun/Capstone/ros2_ws/install/articubot_one/share/articubot_one/launch/joystick.launch.py
[1.191s] -- Symlinking: /home/su1jun/Capstone/ros2_ws/install/articubot_one/share/articubot_one/launch/launch_robot.launch.py
[1.201s] -- Symlinking: /home/su1jun/Capstone/ros2_ws/install/articubot_one/share/articubot_one/launch/launch_sim.launch.py
[1.210s] -- Symlinking: /home/su1jun/Capstone/ros2_ws/install/articubot_one/share/articubot_one/launch/localization_launch.py
[1.220s] -- Symlinking: /home/su1jun/Capstone/ros2_ws/install/articubot_one/share/articubot_one/launch/navigation_launch.py
[1.231s] -- Symlinking: /home/su1jun/Capstone/ros2_ws/install/articubot_one/share/articubot_one/launch/online_async_launch.py
[1.241s] -- Symlinking: /home/su1jun/Capstone/ros2_ws/install/articubot_one/share/articubot_one/launch/rplidar.launch.py
[1.250s] -- Symlinking: /home/su1jun/Capstone/ros2_ws/install/articubot_one/share/articubot_one/launch/rsp.launch.py
[1.261s] -- Symlinking: /home/su1jun/Capstone/ros2_ws/install/articubot_one/share/articubot_one/worlds/empty.world
[1.271s] -- Symlinking: /home/su1jun/Capstone/ros2_ws/install/articubot_one/share/articubot_one/worlds/obstacles.world
[1.281s] -- Symlinking: /home/su1jun/Capstone/ros2_ws/install/articubot_one/share/ament_index/resource_index/package_run_dependencies/articubot_one
[1.291s] -- Symlinking: /home/su1jun/Capstone/ros2_ws/install/articubot_one/share/ament_index/resource_index/parent_prefix_path/articubot_one
[1.302s] -- Symlinking: /home/su1jun/Capstone/ros2_ws/install/articubot_one/share/articubot_one/environment/ament_prefix_path.sh
[1.312s] -- Symlinking: /home/su1jun/Capstone/ros2_ws/install/articubot_one/share/articubot_one/environment/ament_prefix_path.dsv
[1.322s] -- Symlinking: /home/su1jun/Capstone/ros2_ws/install/articubot_one/share/articubot_one/environment/path.sh
[1.333s] -- Symlinking: /home/su1jun/Capstone/ros2_ws/install/articubot_one/share/articubot_one/environment/path.dsv
[1.344s] -- Symlinking: /home/su1jun/Capstone/ros2_ws/install/articubot_one/share/articubot_one/local_setup.bash
[1.354s] -- Symlinking: /home/su1jun/Capstone/ros2_ws/install/articubot_one/share/articubot_one/local_setup.sh
[1.365s] -- Symlinking: /home/su1jun/Capstone/ros2_ws/install/articubot_one/share/articubot_one/local_setup.zsh
[1.376s] -- Symlinking: /home/su1jun/Capstone/ros2_ws/install/articubot_one/share/articubot_one/local_setup.dsv
[1.386s] -- Symlinking: /home/su1jun/Capstone/ros2_ws/install/articubot_one/share/articubot_one/package.dsv
[1.396s] -- Symlinking: /home/su1jun/Capstone/ros2_ws/install/articubot_one/share/ament_index/resource_index/packages/articubot_one
[1.406s] -- Symlinking: /home/su1jun/Capstone/ros2_ws/install/articubot_one/share/articubot_one/cmake/articubot_oneConfig.cmake
[1.420s] -- Symlinking: /home/su1jun/Capstone/ros2_ws/install/articubot_one/share/articubot_one/cmake/articubot_oneConfig-version.cmake
[1.427s] -- Symlinking: /home/su1jun/Capstone/ros2_ws/install/articubot_one/share/articubot_one/package.xml
[1.447s] Invoked command in '/home/su1jun/Capstone/ros2_ws/build/articubot_one' returned '0': CMAKE_PREFIX_PATH=/opt/ros/humble /usr/bin/cmake --install /home/su1jun/Capstone/ros2_ws/build/articubot_one
