/usr/lib/python3/dist-packages/setuptools/dist.py:723: UserWarning: Usage of dash-separated 'script-dir' will not be supported in future versions. Please use the underscore name 'script_dir' instead
  warnings.warn(
running develop
/usr/lib/python3/dist-packages/setuptools/command/easy_install.py:158: EasyInstallDeprecationWarning: easy_install command is deprecated. Use build and pip and other standards-based tools.
  warnings.warn(
running egg_info
creating serial_motor_demo.egg-info
writing serial_motor_demo.egg-info/PKG-INFO
writing dependency_links to serial_motor_demo.egg-info/dependency_links.txt
writing entry points to serial_motor_demo.egg-info/entry_points.txt
writing requirements to serial_motor_demo.egg-info/requires.txt
writing top-level names to serial_motor_demo.egg-info/top_level.txt
writing manifest file 'serial_motor_demo.egg-info/SOURCES.txt'
reading manifest file 'serial_motor_demo.egg-info/SOURCES.txt'
writing manifest file 'serial_motor_demo.egg-info/SOURCES.txt'
running build_ext
Creating /home/su1jun/Capstone/ros2_ws/install/serial_motor_demo/lib/python3.10/site-packages/serial-motor-demo.egg-link (link to .)
Installing driver script to /home/su1jun/Capstone/ros2_ws/install/serial_motor_demo/lib/serial_motor_demo
Installing gui script to /home/su1jun/Capstone/ros2_ws/install/serial_motor_demo/lib/serial_motor_demo

Installed /home/su1jun/Capstone/ros2_ws/build/serial_motor_demo
running symlink_data
creating /home/su1jun/Capstone/ros2_ws/install/serial_motor_demo/share/ament_index
creating /home/su1jun/Capstone/ros2_ws/install/serial_motor_demo/share/ament_index/resource_index
creating /home/su1jun/Capstone/ros2_ws/install/serial_motor_demo/share/ament_index/resource_index/packages
symbolically linking /home/su1jun/Capstone/ros2_ws/build/serial_motor_demo/resource/serial_motor_demo -> /home/su1jun/Capstone/ros2_ws/install/serial_motor_demo/share/ament_index/resource_index/packages
symbolically linking /home/su1jun/Capstone/ros2_ws/build/serial_motor_demo/package.xml -> /home/su1jun/Capstone/ros2_ws/install/serial_motor_demo/share/serial_motor_demo
