[0.022s] Invoking command in '/home/su1jun/Capstone/ros2_ws/build/diffdrive_arduino': CMAKE_PREFIX_PATH=${CMAKE_PREFIX_PATH}:/home/su1jun/Capstone/ros2_ws/install/robot:/opt/ros/humble /usr/bin/cmake /home/su1jun/Capstone/ros2_ws/src/diffdrive_arduino -DAMENT_CMAKE_SYMLINK_INSTALL=1 -DCMAKE_INSTALL_PREFIX=/home/su1jun/Capstone/ros2_ws/install/diffdrive_arduino
[0.037s] -- Found ament_cmake: 1.3.9 (/opt/ros/humble/share/ament_cmake/cmake)
[0.225s] -- Override CMake install command with custom implementation using symlinks instead of copying resources
[0.242s] [31mCMake Error at CMakeLists.txt:15 (find_package):
[0.242s]   By not providing "Findserial.cmake" in CMAKE_MODULE_PATH this project has
[0.242s]   asked CMake to find a package configuration file provided by "serial", but
[0.242s]   CMake did not find one.
[0.242s] 
[0.242s]   Could not find a package configuration file provided by "serial" with any
[0.242s]   of the following names:
[0.242s] 
[0.242s]     serialConfig.cmake
[0.242s]     serial-config.cmake
[0.242s] 
[0.243s]   Add the installation prefix of "serial" to CMAKE_PREFIX_PATH or set
[0.243s]   "serial_DIR" to a directory containing one of the above files.  If "serial"
[0.243s]   provides a separate development package or SDK, be sure it has been
[0.243s]   installed.
[0.243s] 
[0.243s] [0m
[0.247s] -- Configuring incomplete, errors occurred!
[0.247s] See also "/home/su1jun/Capstone/ros2_ws/build/diffdrive_arduino/CMakeFiles/CMakeOutput.log".
[0.533s] Invoked command in '/home/su1jun/Capstone/ros2_ws/build/diffdrive_arduino' returned '1': CMAKE_PREFIX_PATH=${CMAKE_PREFIX_PATH}:/home/su1jun/Capstone/ros2_ws/install/robot:/opt/ros/humble /usr/bin/cmake /home/su1jun/Capstone/ros2_ws/src/diffdrive_arduino -DAMENT_CMAKE_SYMLINK_INSTALL=1 -DCMAKE_INSTALL_PREFIX=/home/su1jun/Capstone/ros2_ws/install/diffdrive_arduino
