[0.697s] Invoking command in '/home/su1jun/Capstone/ros2_ws/src/robot': PYTHONPATH=/home/su1jun/Capstone/ros2_ws/build/robot/prefix_override:/home/su1jun/Capstone/ros2_ws/install/robot/lib/python3.10/site-packages:${PYTHONPATH} /usr/bin/python3 setup.py egg_info --egg-base ../../build/robot build --build-base /home/su1jun/Capstone/ros2_ws/build/robot/build install --record /home/su1jun/Capstone/ros2_ws/build/robot/install.log --single-version-externally-managed
[0.846s] running egg_info
[0.857s] writing ../../build/robot/robot.egg-info/PKG-INFO
[0.857s] writing dependency_links to ../../build/robot/robot.egg-info/dependency_links.txt
[0.857s] writing entry points to ../../build/robot/robot.egg-info/entry_points.txt
[0.857s] writing requirements to ../../build/robot/robot.egg-info/requires.txt
[0.857s] writing top-level names to ../../build/robot/robot.egg-info/top_level.txt
[0.879s] reading manifest file '../../build/robot/robot.egg-info/SOURCES.txt'
[0.879s] writing manifest file '../../build/robot/robot.egg-info/SOURCES.txt'
[0.879s] running build
[0.879s] running build_py
[0.879s] copying robot/__init__.py -> /home/su1jun/Capstone/ros2_ws/build/robot/build/lib/robot
[0.880s] copying robot/motor_node.py -> /home/su1jun/Capstone/ros2_ws/build/robot/build/lib/robot
[0.880s] copying robot/switch_node.py -> /home/su1jun/Capstone/ros2_ws/build/robot/build/lib/robot
[0.880s] copying robot/const.py -> /home/su1jun/Capstone/ros2_ws/build/robot/build/lib/robot
[0.880s] running install
[0.880s] /home/su1jun/.local/lib/python3.10/site-packages/setuptools/_distutils/cmd.py:66: SetuptoolsDeprecationWarning: setup.py install is deprecated.
[0.880s] !!
[0.880s] 
[0.880s]         ********************************************************************************
[0.880s]         Please avoid running ``setup.py`` directly.
[0.881s]         Instead, use pypa/build, pypa/installer or other
[0.881s]         standards-based tools.
[0.881s] 
[0.881s]         See https://blog.ganssle.io/articles/2021/10/setup-py-deprecated.html for details.
[0.881s]         ********************************************************************************
[0.881s] 
[0.881s] !!
[0.881s]   self.initialize_options()
[0.884s] running install_lib
[0.894s] copying /home/su1jun/Capstone/ros2_ws/build/robot/build/lib/robot/motor_node.py -> /home/su1jun/Capstone/ros2_ws/install/robot/lib/python3.10/site-packages/robot
[0.894s] copying /home/su1jun/Capstone/ros2_ws/build/robot/build/lib/robot/switch_node.py -> /home/su1jun/Capstone/ros2_ws/install/robot/lib/python3.10/site-packages/robot
[0.895s] byte-compiling /home/su1jun/Capstone/ros2_ws/install/robot/lib/python3.10/site-packages/robot/motor_node.py to motor_node.cpython-310.pyc
[0.896s] byte-compiling /home/su1jun/Capstone/ros2_ws/install/robot/lib/python3.10/site-packages/robot/switch_node.py to switch_node.cpython-310.pyc
[0.896s] running install_data
[0.907s] copying resource/robot -> /home/su1jun/Capstone/ros2_ws/install/robot/share/ament_index/resource_index/packages
[0.907s] copying package.xml -> /home/su1jun/Capstone/ros2_ws/install/robot/share/robot
[0.907s] running install_egg_info
[0.918s] removing '/home/su1jun/Capstone/ros2_ws/install/robot/lib/python3.10/site-packages/robot-0.0.0-py3.10.egg-info' (and everything under it)
[0.918s] Copying ../../build/robot/robot.egg-info to /home/su1jun/Capstone/ros2_ws/install/robot/lib/python3.10/site-packages/robot-0.0.0-py3.10.egg-info
[0.918s] running install_scripts
[1.019s] Installing motor script to /home/su1jun/Capstone/ros2_ws/install/robot/lib/robot
[1.019s] Installing switch script to /home/su1jun/Capstone/ros2_ws/install/robot/lib/robot
[1.019s] writing list of installed files to '/home/su1jun/Capstone/ros2_ws/build/robot/install.log'
[1.040s] Invoked command in '/home/su1jun/Capstone/ros2_ws/src/robot' returned '0': PYTHONPATH=/home/su1jun/Capstone/ros2_ws/build/robot/prefix_override:/home/su1jun/Capstone/ros2_ws/install/robot/lib/python3.10/site-packages:${PYTHONPATH} /usr/bin/python3 setup.py egg_info --egg-base ../../build/robot build --build-base /home/su1jun/Capstone/ros2_ws/build/robot/build install --record /home/su1jun/Capstone/ros2_ws/build/robot/install.log --single-version-externally-managed
