Built target ament_cmake_python_copy_rosbridge_server
running egg_info
writing rosbridge_server.egg-info/PKG-INFO
writing dependency_links to rosbridge_server.egg-info/dependency_links.txt
writing top-level names to rosbridge_server.egg-info/top_level.txt
reading manifest file 'rosbridge_server.egg-info/SOURCES.txt'
writing manifest file 'rosbridge_server.egg-info/SOURCES.txt'
Built target ament_cmake_python_build_rosbridge_server_egg
-- Install configuration: ""
-- Up-to-date: /home/su1jun/Capstone/ros2_ws/install/rosbridge_server/share/rosbridge_server/environment/pythonpath.sh
-- Up-to-date: /home/su1jun/Capstone/ros2_ws/install/rosbridge_server/share/rosbridge_server/environment/pythonpath.dsv
-- Up-to-date: /home/su1jun/Capstone/ros2_ws/install/rosbridge_server/local/lib/python3.10/dist-packages/rosbridge_server-1.3.2-py3.10.egg-info
-- Installing: /home/su1jun/Capstone/ros2_ws/install/rosbridge_server/local/lib/python3.10/dist-packages/rosbridge_server-1.3.2-py3.10.egg-info/top_level.txt
-- Installing: /home/su1jun/Capstone/ros2_ws/install/rosbridge_server/local/lib/python3.10/dist-packages/rosbridge_server-1.3.2-py3.10.egg-info/SOURCES.txt
-- Installing: /home/su1jun/Capstone/ros2_ws/install/rosbridge_server/local/lib/python3.10/dist-packages/rosbridge_server-1.3.2-py3.10.egg-info/dependency_links.txt
-- Installing: /home/su1jun/Capstone/ros2_ws/install/rosbridge_server/local/lib/python3.10/dist-packages/rosbridge_server-1.3.2-py3.10.egg-info/PKG-INFO
-- Up-to-date: /home/su1jun/Capstone/ros2_ws/install/rosbridge_server/local/lib/python3.10/dist-packages/rosbridge_server
-- Up-to-date: /home/su1jun/Capstone/ros2_ws/install/rosbridge_server/local/lib/python3.10/dist-packages/rosbridge_server/websocket_handler.py
-- Up-to-date: /home/su1jun/Capstone/ros2_ws/install/rosbridge_server/local/lib/python3.10/dist-packages/rosbridge_server/__init__.py
-- Up-to-date: /home/su1jun/Capstone/ros2_ws/install/rosbridge_server/local/lib/python3.10/dist-packages/rosbridge_server/client_manager.py
Listing '/home/su1jun/Capstone/ros2_ws/install/rosbridge_server/local/lib/python3.10/dist-packages/rosbridge_server'...
-- Up-to-date: /home/su1jun/Capstone/ros2_ws/install/rosbridge_server/share/ament_index/resource_index/package_run_dependencies/rosbridge_server
-- Up-to-date: /home/su1jun/Capstone/ros2_ws/install/rosbridge_server/share/ament_index/resource_index/parent_prefix_path/rosbridge_server
-- Up-to-date: /home/su1jun/Capstone/ros2_ws/install/rosbridge_server/share/rosbridge_server/environment/ament_prefix_path.sh
-- Up-to-date: /home/su1jun/Capstone/ros2_ws/install/rosbridge_server/share/rosbridge_server/environment/ament_prefix_path.dsv
-- Up-to-date: /home/su1jun/Capstone/ros2_ws/install/rosbridge_server/share/rosbridge_server/environment/path.sh
-- Up-to-date: /home/su1jun/Capstone/ros2_ws/install/rosbridge_server/share/rosbridge_server/environment/path.dsv
-- Up-to-date: /home/su1jun/Capstone/ros2_ws/install/rosbridge_server/share/rosbridge_server/local_setup.bash
-- Up-to-date: /home/su1jun/Capstone/ros2_ws/install/rosbridge_server/share/rosbridge_server/local_setup.sh
-- Up-to-date: /home/su1jun/Capstone/ros2_ws/install/rosbridge_server/share/rosbridge_server/local_setup.zsh
-- Up-to-date: /home/su1jun/Capstone/ros2_ws/install/rosbridge_server/share/rosbridge_server/local_setup.dsv
-- Up-to-date: /home/su1jun/Capstone/ros2_ws/install/rosbridge_server/share/rosbridge_server/package.dsv
-- Up-to-date: /home/su1jun/Capstone/ros2_ws/install/rosbridge_server/share/ament_index/resource_index/packages/rosbridge_server
-- Up-to-date: /home/su1jun/Capstone/ros2_ws/install/rosbridge_server/share/rosbridge_server/cmake/rosbridge_serverConfig.cmake
-- Up-to-date: /home/su1jun/Capstone/ros2_ws/install/rosbridge_server/share/rosbridge_server/cmake/rosbridge_serverConfig-version.cmake
-- Up-to-date: /home/su1jun/Capstone/ros2_ws/install/rosbridge_server/share/rosbridge_server/package.xml
-- Up-to-date: /home/su1jun/Capstone/ros2_ws/install/rosbridge_server/lib/rosbridge_server/rosbridge_websocket.py
-- Up-to-date: /home/su1jun/Capstone/ros2_ws/install/rosbridge_server/lib/rosbridge_server/rosbridge_websocket
-- Up-to-date: /home/su1jun/Capstone/ros2_ws/install/rosbridge_server/share/rosbridge_server/launch/rosbridge_websocket_launch.xml
