[0.050s] Invoking command in '/home/su1jun/Capstone/ros2_ws/build/rosbridge_server': AMENT_PREFIX_PATH=/home/su1jun/Capstone/ros2_ws/install/rosapi:/home/su1jun/Capstone/ros2_ws/install/rosbridge_library:/home/su1jun/Capstone/ros2_ws/install/rosbridge_msgs:/home/su1jun/Capstone/ros2_ws/install/rosapi_msgs:${AMENT_PREFIX_PATH} CMAKE_PREFIX_PATH=/home/su1jun/Capstone/ros2_ws/install/rosapi:/home/su1jun/Capstone/ros2_ws/install/rosbridge_library:/home/su1jun/Capstone/ros2_ws/install/rosbridge_msgs:/home/su1jun/Capstone/ros2_ws/install/rosapi_msgs:/home/su1jun/Capstone/ros2_ws/install/turtlebot3_simulations:/home/su1jun/Capstone/ros2_ws/install/turtlebot3_gazebo:/home/su1jun/Capstone/ros2_ws/install/turtlebot3_fake_node:/home/su1jun/Capstone/ros2_ws/install/rosbridge_server:/home/su1jun/Capstone/ros2_ws/install/capstone:/home/su1jun/Capstone/ros2_ws/install/articubot_one:/home/su1jun/turtlebot3_ws/install/turtlebot3_simulations:/home/su1jun/turtlebot3_ws/install/turtlebot3_gazebo:/home/su1jun/turtlebot3_ws/install/turtlebot3_fake_node:/home/su1jun/Capstone/ros2_ws/install/robot:/opt/ros/humble LD_LIBRARY_PATH=/home/su1jun/Capstone/ros2_ws/install/rosbridge_msgs/lib:/home/su1jun/Capstone/ros2_ws/install/rosapi_msgs/lib:/usr/lib/x86_64-linux-gnu/gazebo-11/plugins:/opt/ros/humble/opt/rviz_ogre_vendor/lib:/opt/ros/humble/lib/x86_64-linux-gnu:/opt/ros/humble/lib:/usr/lib/x86_64-linux-gnu/gazebo-11/plugins PYTHONPATH=/home/su1jun/Capstone/ros2_ws/install/rosapi/local/lib/python3.10/dist-packages:/home/su1jun/Capstone/ros2_ws/install/rosbridge_library/local/lib/python3.10/dist-packages:/home/su1jun/Capstone/ros2_ws/install/rosbridge_msgs/local/lib/python3.10/dist-packages:/home/su1jun/Capstone/ros2_ws/install/rosapi_msgs/local/lib/python3.10/dist-packages:${PYTHONPATH} /usr/bin/cmake --build /home/su1jun/Capstone/ros2_ws/build/rosbridge_server -- -j20 -l20
[0.087s] Built target ament_cmake_python_copy_rosbridge_server
[0.202s] running egg_info
[0.211s] writing rosbridge_server.egg-info/PKG-INFO
[0.212s] writing dependency_links to rosbridge_server.egg-info/dependency_links.txt
[0.212s] writing top-level names to rosbridge_server.egg-info/top_level.txt
[0.235s] reading manifest file 'rosbridge_server.egg-info/SOURCES.txt'
[0.236s] writing manifest file 'rosbridge_server.egg-info/SOURCES.txt'
[0.251s] Built target ament_cmake_python_build_rosbridge_server_egg
[0.257s] Invoked command in '/home/su1jun/Capstone/ros2_ws/build/rosbridge_server' returned '0': AMENT_PREFIX_PATH=/home/su1jun/Capstone/ros2_ws/install/rosapi:/home/su1jun/Capstone/ros2_ws/install/rosbridge_library:/home/su1jun/Capstone/ros2_ws/install/rosbridge_msgs:/home/su1jun/Capstone/ros2_ws/install/rosapi_msgs:${AMENT_PREFIX_PATH} CMAKE_PREFIX_PATH=/home/su1jun/Capstone/ros2_ws/install/rosapi:/home/su1jun/Capstone/ros2_ws/install/rosbridge_library:/home/su1jun/Capstone/ros2_ws/install/rosbridge_msgs:/home/su1jun/Capstone/ros2_ws/install/rosapi_msgs:/home/su1jun/Capstone/ros2_ws/install/turtlebot3_simulations:/home/su1jun/Capstone/ros2_ws/install/turtlebot3_gazebo:/home/su1jun/Capstone/ros2_ws/install/turtlebot3_fake_node:/home/su1jun/Capstone/ros2_ws/install/rosbridge_server:/home/su1jun/Capstone/ros2_ws/install/capstone:/home/su1jun/Capstone/ros2_ws/install/articubot_one:/home/su1jun/turtlebot3_ws/install/turtlebot3_simulations:/home/su1jun/turtlebot3_ws/install/turtlebot3_gazebo:/home/su1jun/turtlebot3_ws/install/turtlebot3_fake_node:/home/su1jun/Capstone/ros2_ws/install/robot:/opt/ros/humble LD_LIBRARY_PATH=/home/su1jun/Capstone/ros2_ws/install/rosbridge_msgs/lib:/home/su1jun/Capstone/ros2_ws/install/rosapi_msgs/lib:/usr/lib/x86_64-linux-gnu/gazebo-11/plugins:/opt/ros/humble/opt/rviz_ogre_vendor/lib:/opt/ros/humble/lib/x86_64-linux-gnu:/opt/ros/humble/lib:/usr/lib/x86_64-linux-gnu/gazebo-11/plugins PYTHONPATH=/home/su1jun/Capstone/ros2_ws/install/rosapi/local/lib/python3.10/dist-packages:/home/su1jun/Capstone/ros2_ws/install/rosbridge_library/local/lib/python3.10/dist-packages:/home/su1jun/Capstone/ros2_ws/install/rosbridge_msgs/local/lib/python3.10/dist-packages:/home/su1jun/Capstone/ros2_ws/install/rosapi_msgs/local/lib/python3.10/dist-packages:${PYTHONPATH} /usr/bin/cmake --build /home/su1jun/Capstone/ros2_ws/build/rosbridge_server -- -j20 -l20
[0.272s] Invoking command in '/home/su1jun/Capstone/ros2_ws/build/rosbridge_server': AMENT_PREFIX_PATH=/home/su1jun/Capstone/ros2_ws/install/rosapi:/home/su1jun/Capstone/ros2_ws/install/rosbridge_library:/home/su1jun/Capstone/ros2_ws/install/rosbridge_msgs:/home/su1jun/Capstone/ros2_ws/install/rosapi_msgs:${AMENT_PREFIX_PATH} CMAKE_PREFIX_PATH=/home/su1jun/Capstone/ros2_ws/install/rosapi:/home/su1jun/Capstone/ros2_ws/install/rosbridge_library:/home/su1jun/Capstone/ros2_ws/install/rosbridge_msgs:/home/su1jun/Capstone/ros2_ws/install/rosapi_msgs:/home/su1jun/Capstone/ros2_ws/install/turtlebot3_simulations:/home/su1jun/Capstone/ros2_ws/install/turtlebot3_gazebo:/home/su1jun/Capstone/ros2_ws/install/turtlebot3_fake_node:/home/su1jun/Capstone/ros2_ws/install/rosbridge_server:/home/su1jun/Capstone/ros2_ws/install/capstone:/home/su1jun/Capstone/ros2_ws/install/articubot_one:/home/su1jun/turtlebot3_ws/install/turtlebot3_simulations:/home/su1jun/turtlebot3_ws/install/turtlebot3_gazebo:/home/su1jun/turtlebot3_ws/install/turtlebot3_fake_node:/home/su1jun/Capstone/ros2_ws/install/robot:/opt/ros/humble LD_LIBRARY_PATH=/home/su1jun/Capstone/ros2_ws/install/rosbridge_msgs/lib:/home/su1jun/Capstone/ros2_ws/install/rosapi_msgs/lib:/usr/lib/x86_64-linux-gnu/gazebo-11/plugins:/opt/ros/humble/opt/rviz_ogre_vendor/lib:/opt/ros/humble/lib/x86_64-linux-gnu:/opt/ros/humble/lib:/usr/lib/x86_64-linux-gnu/gazebo-11/plugins PYTHONPATH=/home/su1jun/Capstone/ros2_ws/install/rosapi/local/lib/python3.10/dist-packages:/home/su1jun/Capstone/ros2_ws/install/rosbridge_library/local/lib/python3.10/dist-packages:/home/su1jun/Capstone/ros2_ws/install/rosbridge_msgs/local/lib/python3.10/dist-packages:/home/su1jun/Capstone/ros2_ws/install/rosapi_msgs/local/lib/python3.10/dist-packages:${PYTHONPATH} /usr/bin/cmake --install /home/su1jun/Capstone/ros2_ws/build/rosbridge_server
[0.280s] -- Install configuration: ""
[0.280s] -- Up-to-date: /home/su1jun/Capstone/ros2_ws/install/rosbridge_server/share/rosbridge_server/environment/pythonpath.sh
[0.280s] -- Up-to-date: /home/su1jun/Capstone/ros2_ws/install/rosbridge_server/share/rosbridge_server/environment/pythonpath.dsv
[0.281s] -- Up-to-date: /home/su1jun/Capstone/ros2_ws/install/rosbridge_server/local/lib/python3.10/dist-packages/rosbridge_server-1.3.2-py3.10.egg-info
[0.281s] -- Installing: /home/su1jun/Capstone/ros2_ws/install/rosbridge_server/local/lib/python3.10/dist-packages/rosbridge_server-1.3.2-py3.10.egg-info/top_level.txt
[0.281s] -- Installing: /home/su1jun/Capstone/ros2_ws/install/rosbridge_server/local/lib/python3.10/dist-packages/rosbridge_server-1.3.2-py3.10.egg-info/SOURCES.txt
[0.281s] -- Installing: /home/su1jun/Capstone/ros2_ws/install/rosbridge_server/local/lib/python3.10/dist-packages/rosbridge_server-1.3.2-py3.10.egg-info/dependency_links.txt
[0.281s] -- Installing: /home/su1jun/Capstone/ros2_ws/install/rosbridge_server/local/lib/python3.10/dist-packages/rosbridge_server-1.3.2-py3.10.egg-info/PKG-INFO
[0.281s] -- Up-to-date: /home/su1jun/Capstone/ros2_ws/install/rosbridge_server/local/lib/python3.10/dist-packages/rosbridge_server
[0.281s] -- Up-to-date: /home/su1jun/Capstone/ros2_ws/install/rosbridge_server/local/lib/python3.10/dist-packages/rosbridge_server/websocket_handler.py
[0.281s] -- Up-to-date: /home/su1jun/Capstone/ros2_ws/install/rosbridge_server/local/lib/python3.10/dist-packages/rosbridge_server/__init__.py
[0.281s] -- Up-to-date: /home/su1jun/Capstone/ros2_ws/install/rosbridge_server/local/lib/python3.10/dist-packages/rosbridge_server/client_manager.py
[0.300s] Listing '/home/su1jun/Capstone/ros2_ws/install/rosbridge_server/local/lib/python3.10/dist-packages/rosbridge_server'...
[0.302s] -- Up-to-date: /home/su1jun/Capstone/ros2_ws/install/rosbridge_server/share/ament_index/resource_index/package_run_dependencies/rosbridge_server
[0.302s] -- Up-to-date: /home/su1jun/Capstone/ros2_ws/install/rosbridge_server/share/ament_index/resource_index/parent_prefix_path/rosbridge_server
[0.302s] -- Up-to-date: /home/su1jun/Capstone/ros2_ws/install/rosbridge_server/share/rosbridge_server/environment/ament_prefix_path.sh
[0.303s] -- Up-to-date: /home/su1jun/Capstone/ros2_ws/install/rosbridge_server/share/rosbridge_server/environment/ament_prefix_path.dsv
[0.303s] -- Up-to-date: /home/su1jun/Capstone/ros2_ws/install/rosbridge_server/share/rosbridge_server/environment/path.sh
[0.303s] -- Up-to-date: /home/su1jun/Capstone/ros2_ws/install/rosbridge_server/share/rosbridge_server/environment/path.dsv
[0.303s] -- Up-to-date: /home/su1jun/Capstone/ros2_ws/install/rosbridge_server/share/rosbridge_server/local_setup.bash
[0.303s] -- Up-to-date: /home/su1jun/Capstone/ros2_ws/install/rosbridge_server/share/rosbridge_server/local_setup.sh
[0.303s] -- Up-to-date: /home/su1jun/Capstone/ros2_ws/install/rosbridge_server/share/rosbridge_server/local_setup.zsh
[0.303s] -- Up-to-date: /home/su1jun/Capstone/ros2_ws/install/rosbridge_server/share/rosbridge_server/local_setup.dsv
[0.303s] -- Up-to-date: /home/su1jun/Capstone/ros2_ws/install/rosbridge_server/share/rosbridge_server/package.dsv
[0.303s] -- Up-to-date: /home/su1jun/Capstone/ros2_ws/install/rosbridge_server/share/ament_index/resource_index/packages/rosbridge_server
[0.303s] -- Up-to-date: /home/su1jun/Capstone/ros2_ws/install/rosbridge_server/share/rosbridge_server/cmake/rosbridge_serverConfig.cmake
[0.303s] -- Up-to-date: /home/su1jun/Capstone/ros2_ws/install/rosbridge_server/share/rosbridge_server/cmake/rosbridge_serverConfig-version.cmake
[0.303s] -- Up-to-date: /home/su1jun/Capstone/ros2_ws/install/rosbridge_server/share/rosbridge_server/package.xml
[0.304s] -- Up-to-date: /home/su1jun/Capstone/ros2_ws/install/rosbridge_server/lib/rosbridge_server/rosbridge_websocket.py
[0.304s] -- Up-to-date: /home/su1jun/Capstone/ros2_ws/install/rosbridge_server/lib/rosbridge_server/rosbridge_websocket
[0.304s] -- Up-to-date: /home/su1jun/Capstone/ros2_ws/install/rosbridge_server/share/rosbridge_server/launch/rosbridge_websocket_launch.xml
[0.304s] Invoked command in '/home/su1jun/Capstone/ros2_ws/build/rosbridge_server' returned '0': AMENT_PREFIX_PATH=/home/su1jun/Capstone/ros2_ws/install/rosapi:/home/su1jun/Capstone/ros2_ws/install/rosbridge_library:/home/su1jun/Capstone/ros2_ws/install/rosbridge_msgs:/home/su1jun/Capstone/ros2_ws/install/rosapi_msgs:${AMENT_PREFIX_PATH} CMAKE_PREFIX_PATH=/home/su1jun/Capstone/ros2_ws/install/rosapi:/home/su1jun/Capstone/ros2_ws/install/rosbridge_library:/home/su1jun/Capstone/ros2_ws/install/rosbridge_msgs:/home/su1jun/Capstone/ros2_ws/install/rosapi_msgs:/home/su1jun/Capstone/ros2_ws/install/turtlebot3_simulations:/home/su1jun/Capstone/ros2_ws/install/turtlebot3_gazebo:/home/su1jun/Capstone/ros2_ws/install/turtlebot3_fake_node:/home/su1jun/Capstone/ros2_ws/install/rosbridge_server:/home/su1jun/Capstone/ros2_ws/install/capstone:/home/su1jun/Capstone/ros2_ws/install/articubot_one:/home/su1jun/turtlebot3_ws/install/turtlebot3_simulations:/home/su1jun/turtlebot3_ws/install/turtlebot3_gazebo:/home/su1jun/turtlebot3_ws/install/turtlebot3_fake_node:/home/su1jun/Capstone/ros2_ws/install/robot:/opt/ros/humble LD_LIBRARY_PATH=/home/su1jun/Capstone/ros2_ws/install/rosbridge_msgs/lib:/home/su1jun/Capstone/ros2_ws/install/rosapi_msgs/lib:/usr/lib/x86_64-linux-gnu/gazebo-11/plugins:/opt/ros/humble/opt/rviz_ogre_vendor/lib:/opt/ros/humble/lib/x86_64-linux-gnu:/opt/ros/humble/lib:/usr/lib/x86_64-linux-gnu/gazebo-11/plugins PYTHONPATH=/home/su1jun/Capstone/ros2_ws/install/rosapi/local/lib/python3.10/dist-packages:/home/su1jun/Capstone/ros2_ws/install/rosbridge_library/local/lib/python3.10/dist-packages:/home/su1jun/Capstone/ros2_ws/install/rosbridge_msgs/local/lib/python3.10/dist-packages:/home/su1jun/Capstone/ros2_ws/install/rosapi_msgs/local/lib/python3.10/dist-packages:${PYTHONPATH} /usr/bin/cmake --install /home/su1jun/Capstone/ros2_ws/build/rosbridge_server
