running egg_info
creating ../../build/robot/robot.egg-info
writing ../../build/robot/robot.egg-info/PKG-INFO
writing dependency_links to ../../build/robot/robot.egg-info/dependency_links.txt
writing requirements to ../../build/robot/robot.egg-info/requires.txt
writing top-level names to ../../build/robot/robot.egg-info/top_level.txt
writing manifest file '../../build/robot/robot.egg-info/SOURCES.txt'
reading manifest file '../../build/robot/robot.egg-info/SOURCES.txt'
writing manifest file '../../build/robot/robot.egg-info/SOURCES.txt'
running build
running build_py
creating /home/su1jun/Capstone/ros2_ws/build/robot/build
creating /home/su1jun/Capstone/ros2_ws/build/robot/build/lib
creating /home/su1jun/Capstone/ros2_ws/build/robot/build/lib/robot
copying robot/SwitchNode.py -> /home/su1jun/Capstone/ros2_ws/build/robot/build/lib/robot
copying robot/__init__.py -> /home/su1jun/Capstone/ros2_ws/build/robot/build/lib/robot
copying robot/MotorNode.py -> /home/su1jun/Capstone/ros2_ws/build/robot/build/lib/robot
copying robot/const.py -> /home/su1jun/Capstone/ros2_ws/build/robot/build/lib/robot
running install
running install_lib
creating /home/su1jun/Capstone/ros2_ws/install/robot/lib/python3.10/site-packages/robot
copying /home/su1jun/Capstone/ros2_ws/build/robot/build/lib/robot/SwitchNode.py -> /home/su1jun/Capstone/ros2_ws/install/robot/lib/python3.10/site-packages/robot
copying /home/su1jun/Capstone/ros2_ws/build/robot/build/lib/robot/__init__.py -> /home/su1jun/Capstone/ros2_ws/install/robot/lib/python3.10/site-packages/robot
copying /home/su1jun/Capstone/ros2_ws/build/robot/build/lib/robot/MotorNode.py -> /home/su1jun/Capstone/ros2_ws/install/robot/lib/python3.10/site-packages/robot
copying /home/su1jun/Capstone/ros2_ws/build/robot/build/lib/robot/const.py -> /home/su1jun/Capstone/ros2_ws/install/robot/lib/python3.10/site-packages/robot
byte-compiling /home/su1jun/Capstone/ros2_ws/install/robot/lib/python3.10/site-packages/robot/SwitchNode.py to SwitchNode.cpython-310.pyc
byte-compiling /home/su1jun/Capstone/ros2_ws/install/robot/lib/python3.10/site-packages/robot/__init__.py to __init__.cpython-310.pyc
byte-compiling /home/su1jun/Capstone/ros2_ws/install/robot/lib/python3.10/site-packages/robot/MotorNode.py to MotorNode.cpython-310.pyc
byte-compiling /home/su1jun/Capstone/ros2_ws/install/robot/lib/python3.10/site-packages/robot/const.py to const.cpython-310.pyc
running install_data
copying resource/robot -> /home/su1jun/Capstone/ros2_ws/install/robot/share/ament_index/resource_index/packages
copying package.xml -> /home/su1jun/Capstone/ros2_ws/install/robot/share/robot
running install_egg_info
Copying ../../build/robot/robot.egg-info to /home/su1jun/Capstone/ros2_ws/install/robot/lib/python3.10/site-packages/robot-0.0.0-py3.10.egg-info
running install_scripts
writing list of installed files to '/home/su1jun/Capstone/ros2_ws/build/robot/install.log'
