[0.047s] Invoking command in '/home/su1jun/Capstone/colcon_ws/build/vizanti_cpp': CMAKE_PREFIX_PATH=/home/su1jun/Capstone/colcon_ws/install/vizanti:/home/su1jun/Capstone/colcon_ws/install/vizanti_server:/home/su1jun/Capstone/colcon_ws/install/vizanti_demos:/home/su1jun/Capstone/colcon_ws/install/vizanti_msgs:/home/su1jun/Capstone/colcon_ws/install/vizanti_cpp:/home/su1jun/ros2_ws/install/robot:/opt/ros/humble:/home/su1jun/ros2_ws/install/web_video_server:/home/su1jun/ros2_ws/install/turtlebot3_simulations:/home/su1jun/ros2_ws/install/turtlebot3_gazebo:/home/su1jun/ros2_ws/install/turtlebot3_fake_node:/home/su1jun/ros2_ws/install/sllidar_ros2:/home/su1jun/ros2_ws/install/ros2_pigpio:/home/su1jun/ros2_ws/install/ros2_control_demo_example_2:/home/su1jun/ros2_ws/install/pigpio:/home/su1jun/ros2_ws/install/lidar_odometry:/home/su1jun/ros2_ws/install/capstone:/home/su1jun/ros2_ws/install/articubot_one:/home/su1jun/turtlebot3_ws/install/turtlebot3_simulations:/home/su1jun/turtlebot3_ws/install/turtlebot3_gazebo:/home/su1jun/turtlebot3_ws/install/turtlebot3_fake_node /usr/bin/cmake /home/su1jun/Capstone/colcon_ws/src/vizanti/vizanti_cpp -DCMAKE_INSTALL_PREFIX=/home/su1jun/Capstone/colcon_ws/install/vizanti_cpp
[0.052s] -- Found ament_cmake: 1.3.8 (/opt/ros/humble/share/ament_cmake/cmake)
[0.111s] -- Override CMake install command with custom implementation using symlinks instead of copying resources
[0.114s] -- Found rclcpp: 16.0.8 (/opt/ros/humble/share/rclcpp/cmake)
[0.129s] -- Found rosidl_generator_c: 3.1.5 (/opt/ros/humble/share/rosidl_generator_c/cmake)
[0.130s] -- Found rosidl_adapter: 3.1.5 (/opt/ros/humble/share/rosidl_adapter/cmake)
[0.135s] -- Found rosidl_generator_cpp: 3.1.5 (/opt/ros/humble/share/rosidl_generator_cpp/cmake)
[0.142s] -- Using all available rosidl_typesupport_c: rosidl_typesupport_fastrtps_c;rosidl_typesupport_introspection_c
[0.150s] -- Using all available rosidl_typesupport_cpp: rosidl_typesupport_fastrtps_cpp;rosidl_typesupport_introspection_cpp
[0.177s] -- Found rmw_implementation_cmake: 6.1.1 (/opt/ros/humble/share/rmw_implementation_cmake/cmake)
[0.178s] -- Found rmw_fastrtps_cpp: 6.2.6 (/opt/ros/humble/share/rmw_fastrtps_cpp/cmake)
[0.240s] -- Using RMW implementation 'rmw_fastrtps_cpp' as default
[0.316s] -- Found tf2_msgs: 0.25.6 (/opt/ros/humble/share/tf2_msgs/cmake)
[0.447s] -- Configuring done
[0.451s] -- Generating done
[0.452s] -- Build files have been written to: /home/su1jun/Capstone/colcon_ws/build/vizanti_cpp
[0.456s] Invoked command in '/home/su1jun/Capstone/colcon_ws/build/vizanti_cpp' returned '0': CMAKE_PREFIX_PATH=/home/su1jun/Capstone/colcon_ws/install/vizanti:/home/su1jun/Capstone/colcon_ws/install/vizanti_server:/home/su1jun/Capstone/colcon_ws/install/vizanti_demos:/home/su1jun/Capstone/colcon_ws/install/vizanti_msgs:/home/su1jun/Capstone/colcon_ws/install/vizanti_cpp:/home/su1jun/ros2_ws/install/robot:/opt/ros/humble:/home/su1jun/ros2_ws/install/web_video_server:/home/su1jun/ros2_ws/install/turtlebot3_simulations:/home/su1jun/ros2_ws/install/turtlebot3_gazebo:/home/su1jun/ros2_ws/install/turtlebot3_fake_node:/home/su1jun/ros2_ws/install/sllidar_ros2:/home/su1jun/ros2_ws/install/ros2_pigpio:/home/su1jun/ros2_ws/install/ros2_control_demo_example_2:/home/su1jun/ros2_ws/install/pigpio:/home/su1jun/ros2_ws/install/lidar_odometry:/home/su1jun/ros2_ws/install/capstone:/home/su1jun/ros2_ws/install/articubot_one:/home/su1jun/turtlebot3_ws/install/turtlebot3_simulations:/home/su1jun/turtlebot3_ws/install/turtlebot3_gazebo:/home/su1jun/turtlebot3_ws/install/turtlebot3_fake_node /usr/bin/cmake /home/su1jun/Capstone/colcon_ws/src/vizanti/vizanti_cpp -DCMAKE_INSTALL_PREFIX=/home/su1jun/Capstone/colcon_ws/install/vizanti_cpp
[0.457s] Invoking command in '/home/su1jun/Capstone/colcon_ws/build/vizanti_cpp': CMAKE_PREFIX_PATH=/home/su1jun/Capstone/colcon_ws/install/vizanti:/home/su1jun/Capstone/colcon_ws/install/vizanti_server:/home/su1jun/Capstone/colcon_ws/install/vizanti_demos:/home/su1jun/Capstone/colcon_ws/install/vizanti_msgs:/home/su1jun/Capstone/colcon_ws/install/vizanti_cpp:/home/su1jun/ros2_ws/install/robot:/opt/ros/humble:/home/su1jun/ros2_ws/install/web_video_server:/home/su1jun/ros2_ws/install/turtlebot3_simulations:/home/su1jun/ros2_ws/install/turtlebot3_gazebo:/home/su1jun/ros2_ws/install/turtlebot3_fake_node:/home/su1jun/ros2_ws/install/sllidar_ros2:/home/su1jun/ros2_ws/install/ros2_pigpio:/home/su1jun/ros2_ws/install/ros2_control_demo_example_2:/home/su1jun/ros2_ws/install/pigpio:/home/su1jun/ros2_ws/install/lidar_odometry:/home/su1jun/ros2_ws/install/capstone:/home/su1jun/ros2_ws/install/articubot_one:/home/su1jun/turtlebot3_ws/install/turtlebot3_simulations:/home/su1jun/turtlebot3_ws/install/turtlebot3_gazebo:/home/su1jun/turtlebot3_ws/install/turtlebot3_fake_node /usr/bin/cmake --build /home/su1jun/Capstone/colcon_ws/build/vizanti_cpp -- -j20 -l20
[0.475s] [35m[1mConsolidate compiler generated dependencies of target tf_consolidator[0m
[0.484s] [100%] Built target tf_consolidator
[0.489s] Invoked command in '/home/su1jun/Capstone/colcon_ws/build/vizanti_cpp' returned '0': CMAKE_PREFIX_PATH=/home/su1jun/Capstone/colcon_ws/install/vizanti:/home/su1jun/Capstone/colcon_ws/install/vizanti_server:/home/su1jun/Capstone/colcon_ws/install/vizanti_demos:/home/su1jun/Capstone/colcon_ws/install/vizanti_msgs:/home/su1jun/Capstone/colcon_ws/install/vizanti_cpp:/home/su1jun/ros2_ws/install/robot:/opt/ros/humble:/home/su1jun/ros2_ws/install/web_video_server:/home/su1jun/ros2_ws/install/turtlebot3_simulations:/home/su1jun/ros2_ws/install/turtlebot3_gazebo:/home/su1jun/ros2_ws/install/turtlebot3_fake_node:/home/su1jun/ros2_ws/install/sllidar_ros2:/home/su1jun/ros2_ws/install/ros2_pigpio:/home/su1jun/ros2_ws/install/ros2_control_demo_example_2:/home/su1jun/ros2_ws/install/pigpio:/home/su1jun/ros2_ws/install/lidar_odometry:/home/su1jun/ros2_ws/install/capstone:/home/su1jun/ros2_ws/install/articubot_one:/home/su1jun/turtlebot3_ws/install/turtlebot3_simulations:/home/su1jun/turtlebot3_ws/install/turtlebot3_gazebo:/home/su1jun/turtlebot3_ws/install/turtlebot3_fake_node /usr/bin/cmake --build /home/su1jun/Capstone/colcon_ws/build/vizanti_cpp -- -j20 -l20
[0.504s] Invoking command in '/home/su1jun/Capstone/colcon_ws/build/vizanti_cpp': CMAKE_PREFIX_PATH=/home/su1jun/Capstone/colcon_ws/install/vizanti:/home/su1jun/Capstone/colcon_ws/install/vizanti_server:/home/su1jun/Capstone/colcon_ws/install/vizanti_demos:/home/su1jun/Capstone/colcon_ws/install/vizanti_msgs:/home/su1jun/Capstone/colcon_ws/install/vizanti_cpp:/home/su1jun/ros2_ws/install/robot:/opt/ros/humble:/home/su1jun/ros2_ws/install/web_video_server:/home/su1jun/ros2_ws/install/turtlebot3_simulations:/home/su1jun/ros2_ws/install/turtlebot3_gazebo:/home/su1jun/ros2_ws/install/turtlebot3_fake_node:/home/su1jun/ros2_ws/install/sllidar_ros2:/home/su1jun/ros2_ws/install/ros2_pigpio:/home/su1jun/ros2_ws/install/ros2_control_demo_example_2:/home/su1jun/ros2_ws/install/pigpio:/home/su1jun/ros2_ws/install/lidar_odometry:/home/su1jun/ros2_ws/install/capstone:/home/su1jun/ros2_ws/install/articubot_one:/home/su1jun/turtlebot3_ws/install/turtlebot3_simulations:/home/su1jun/turtlebot3_ws/install/turtlebot3_gazebo:/home/su1jun/turtlebot3_ws/install/turtlebot3_fake_node /usr/bin/cmake --install /home/su1jun/Capstone/colcon_ws/build/vizanti_cpp
[0.507s] -- Install configuration: ""
[0.507s] -- Execute custom install script
[0.507s] -- Up-to-date symlink: /home/su1jun/Capstone/colcon_ws/install/vizanti_cpp/lib/vizanti_cpp/tf_consolidator
[0.507s] -- Up-to-date symlink: /home/su1jun/Capstone/colcon_ws/install/vizanti_cpp/share/ament_index/resource_index/package_run_dependencies/vizanti_cpp
[0.507s] -- Up-to-date symlink: /home/su1jun/Capstone/colcon_ws/install/vizanti_cpp/share/ament_index/resource_index/parent_prefix_path/vizanti_cpp
[0.508s] -- Up-to-date symlink: /home/su1jun/Capstone/colcon_ws/install/vizanti_cpp/share/vizanti_cpp/environment/ament_prefix_path.sh
[0.508s] -- Up-to-date symlink: /home/su1jun/Capstone/colcon_ws/install/vizanti_cpp/share/vizanti_cpp/environment/ament_prefix_path.dsv
[0.508s] -- Up-to-date symlink: /home/su1jun/Capstone/colcon_ws/install/vizanti_cpp/share/vizanti_cpp/environment/path.sh
[0.508s] -- Up-to-date symlink: /home/su1jun/Capstone/colcon_ws/install/vizanti_cpp/share/vizanti_cpp/environment/path.dsv
[0.508s] -- Up-to-date symlink: /home/su1jun/Capstone/colcon_ws/install/vizanti_cpp/share/vizanti_cpp/local_setup.bash
[0.508s] -- Up-to-date symlink: /home/su1jun/Capstone/colcon_ws/install/vizanti_cpp/share/vizanti_cpp/local_setup.sh
[0.508s] -- Up-to-date symlink: /home/su1jun/Capstone/colcon_ws/install/vizanti_cpp/share/vizanti_cpp/local_setup.zsh
[0.508s] -- Up-to-date symlink: /home/su1jun/Capstone/colcon_ws/install/vizanti_cpp/share/vizanti_cpp/local_setup.dsv
[0.508s] -- Symlinking: /home/su1jun/Capstone/colcon_ws/install/vizanti_cpp/share/vizanti_cpp/package.dsv
[0.512s] -- Up-to-date symlink: /home/su1jun/Capstone/colcon_ws/install/vizanti_cpp/share/ament_index/resource_index/packages/vizanti_cpp
[0.512s] -- Up-to-date symlink: /home/su1jun/Capstone/colcon_ws/install/vizanti_cpp/share/vizanti_cpp/cmake/vizanti_cppConfig.cmake
[0.512s] -- Up-to-date symlink: /home/su1jun/Capstone/colcon_ws/install/vizanti_cpp/share/vizanti_cpp/cmake/vizanti_cppConfig-version.cmake
[0.512s] -- Up-to-date symlink: /home/su1jun/Capstone/colcon_ws/install/vizanti_cpp/share/vizanti_cpp/package.xml
[0.513s] Invoked command in '/home/su1jun/Capstone/colcon_ws/build/vizanti_cpp' returned '0': CMAKE_PREFIX_PATH=/home/su1jun/Capstone/colcon_ws/install/vizanti:/home/su1jun/Capstone/colcon_ws/install/vizanti_server:/home/su1jun/Capstone/colcon_ws/install/vizanti_demos:/home/su1jun/Capstone/colcon_ws/install/vizanti_msgs:/home/su1jun/Capstone/colcon_ws/install/vizanti_cpp:/home/su1jun/ros2_ws/install/robot:/opt/ros/humble:/home/su1jun/ros2_ws/install/web_video_server:/home/su1jun/ros2_ws/install/turtlebot3_simulations:/home/su1jun/ros2_ws/install/turtlebot3_gazebo:/home/su1jun/ros2_ws/install/turtlebot3_fake_node:/home/su1jun/ros2_ws/install/sllidar_ros2:/home/su1jun/ros2_ws/install/ros2_pigpio:/home/su1jun/ros2_ws/install/ros2_control_demo_example_2:/home/su1jun/ros2_ws/install/pigpio:/home/su1jun/ros2_ws/install/lidar_odometry:/home/su1jun/ros2_ws/install/capstone:/home/su1jun/ros2_ws/install/articubot_one:/home/su1jun/turtlebot3_ws/install/turtlebot3_simulations:/home/su1jun/turtlebot3_ws/install/turtlebot3_gazebo:/home/su1jun/turtlebot3_ws/install/turtlebot3_fake_node /usr/bin/cmake --install /home/su1jun/Capstone/colcon_ws/build/vizanti_cpp
