[0.073s] Invoking command in '/home/su1jun/Capstone/colcon_ws/build/vizanti_msgs': CMAKE_PREFIX_PATH=/home/su1jun/ros2_ws/install/robot:/opt/ros/humble:${CMAKE_PREFIX_PATH} /usr/bin/cmake /home/su1jun/Capstone/colcon_ws/src/vizanti/vizanti_msgs -DAMENT_CMAKE_SYMLINK_INSTALL=1 -DCMAKE_INSTALL_PREFIX=/home/su1jun/Capstone/colcon_ws/install/vizanti_msgs
[0.099s] -- The C compiler identification is GNU 11.4.0
[0.125s] -- The CXX compiler identification is GNU 11.4.0
[0.129s] -- Detecting C compiler ABI info
[0.163s] -- Detecting C compiler ABI info - done
[0.169s] -- Check for working C compiler: /usr/bin/cc - skipped
[0.169s] -- Detecting C compile features
[0.169s] -- Detecting C compile features - done
[0.172s] -- Detecting CXX compiler ABI info
[0.210s] -- Detecting CXX compiler ABI info - done
[0.216s] -- Check for working CXX compiler: /usr/bin/c++ - skipped
[0.216s] -- Detecting CXX compile features
[0.217s] -- Detecting CXX compile features - done
[0.218s] -- Found ament_cmake: 1.3.8 (/opt/ros/humble/share/ament_cmake/cmake)
[0.417s] -- Found Python3: /usr/bin/python3 (found version "3.10.12") found components: Interpreter 
[0.450s] -- Override CMake install command with custom implementation using symlinks instead of copying resources
[0.466s] -- Found rosidl_default_generators: 1.2.0 (/opt/ros/humble/share/rosidl_default_generators/cmake)
[0.470s] -- Using all available rosidl_typesupport_c: rosidl_typesupport_fastrtps_c;rosidl_typesupport_introspection_c
[0.474s] -- Found rosidl_adapter: 3.1.5 (/opt/ros/humble/share/rosidl_adapter/cmake)
[0.496s] -- Using all available rosidl_typesupport_cpp: rosidl_typesupport_fastrtps_cpp;rosidl_typesupport_introspection_cpp
[0.514s] -- Found std_msgs: 4.2.3 (/opt/ros/humble/share/std_msgs/cmake)
[0.545s] -- Found nav_msgs: 4.2.3 (/opt/ros/humble/share/nav_msgs/cmake)
[0.607s] -- Found actionlib_msgs: 4.2.3 (/opt/ros/humble/share/actionlib_msgs/cmake)
[0.819s] -- Found ament_cmake_ros: 0.10.0 (/opt/ros/humble/share/ament_cmake_ros/cmake)
[0.952s] -- Using all available rosidl_typesupport_c: rosidl_typesupport_fastrtps_c;rosidl_typesupport_introspection_c
[1.130s] -- Using all available rosidl_typesupport_cpp: rosidl_typesupport_fastrtps_cpp;rosidl_typesupport_introspection_cpp
[1.143s] -- Found PythonInterp: /usr/bin/python3 (found suitable version "3.10.12", minimum required is "3.6") 
[1.144s] -- Found python_cmake_module: 0.10.0 (/opt/ros/humble/share/python_cmake_module/cmake)
[1.158s] -- Found PythonLibs: /usr/lib/x86_64-linux-gnu/libpython3.10.so (found suitable version "3.10.12", minimum required is "3.5") 
[1.158s] -- Using PYTHON_EXECUTABLE: /usr/bin/python3
[1.158s] -- Using PYTHON_INCLUDE_DIRS: /usr/include/python3.10
[1.158s] -- Using PYTHON_LIBRARIES: /usr/lib/x86_64-linux-gnu/libpython3.10.so
[1.169s] -- Found PythonExtra: .so  
[1.214s] -- Configuring done
[1.235s] -- Generating done
[1.236s] -- Build files have been written to: /home/su1jun/Capstone/colcon_ws/build/vizanti_msgs
[1.241s] Invoked command in '/home/su1jun/Capstone/colcon_ws/build/vizanti_msgs' returned '0': CMAKE_PREFIX_PATH=/home/su1jun/ros2_ws/install/robot:/opt/ros/humble:${CMAKE_PREFIX_PATH} /usr/bin/cmake /home/su1jun/Capstone/colcon_ws/src/vizanti/vizanti_msgs -DAMENT_CMAKE_SYMLINK_INSTALL=1 -DCMAKE_INSTALL_PREFIX=/home/su1jun/Capstone/colcon_ws/install/vizanti_msgs
[1.242s] Invoking command in '/home/su1jun/Capstone/colcon_ws/build/vizanti_msgs': CMAKE_PREFIX_PATH=/home/su1jun/ros2_ws/install/robot:/opt/ros/humble:${CMAKE_PREFIX_PATH} /usr/bin/cmake --build /home/su1jun/Capstone/colcon_ws/build/vizanti_msgs -- -j20 -l20
[1.262s] [  1%] [34m[1mGenerating C code for ROS interfaces[0m
[1.267s] [  2%] [34m[1mGenerating C++ code for ROS interfaces[0m
[1.270s] [  2%] Built target ament_cmake_python_symlink_vizanti_msgs
[1.363s] running egg_info
[1.364s] creating vizanti_msgs.egg-info
[1.371s] writing vizanti_msgs.egg-info/PKG-INFO
[1.371s] writing dependency_links to vizanti_msgs.egg-info/dependency_links.txt
[1.371s] writing top-level names to vizanti_msgs.egg-info/top_level.txt
[1.371s] writing manifest file 'vizanti_msgs.egg-info/SOURCES.txt'
[1.392s] reading manifest file 'vizanti_msgs.egg-info/SOURCES.txt'
[1.392s] writing manifest file 'vizanti_msgs.egg-info/SOURCES.txt'
[1.405s] [  2%] Built target ament_cmake_python_build_vizanti_msgs_egg
[1.586s] [  2%] Built target vizanti_msgs__cpp
[1.591s] [  3%] [34m[1mGenerating C++ type support for eProsima Fast-RTPS[0m
[1.591s] [  4%] [34m[1mGenerating C++ introspection for ROS interfaces[0m
[1.591s] [  5%] [34m[1mGenerating C++ type support dispatch for ROS interfaces[0m
[1.627s] [  8%] [32mBuilding C object CMakeFiles/vizanti_msgs__rosidl_generator_c.dir/rosidl_generator_c/vizanti_msgs/srv/detail/get_node_parameters__functions.c.o[0m
[1.627s] [  8%] [32mBuilding C object CMakeFiles/vizanti_msgs__rosidl_generator_c.dir/rosidl_generator_c/vizanti_msgs/srv/detail/save_map__functions.c.o[0m
[1.627s] [  9%] [32mBuilding C object CMakeFiles/vizanti_msgs__rosidl_generator_c.dir/rosidl_generator_c/vizanti_msgs/srv/detail/set_node_parameter__functions.c.o[0m
[1.628s] [ 10%] [32mBuilding C object CMakeFiles/vizanti_msgs__rosidl_generator_c.dir/rosidl_generator_c/vizanti_msgs/srv/detail/manage_node__functions.c.o[0m
[1.629s] [ 11%] [32mBuilding C object CMakeFiles/vizanti_msgs__rosidl_generator_c.dir/rosidl_generator_c/vizanti_msgs/srv/detail/record_rosbag__functions.c.o[0m
[1.629s] [ 12%] [32mBuilding C object CMakeFiles/vizanti_msgs__rosidl_generator_c.dir/rosidl_generator_c/vizanti_msgs/srv/detail/load_map__functions.c.o[0m
[1.629s] [ 13%] [32mBuilding C object CMakeFiles/vizanti_msgs__rosidl_generator_c.dir/rosidl_generator_c/vizanti_msgs/srv/detail/list_packages__functions.c.o[0m
[1.630s] [ 14%] [32mBuilding C object CMakeFiles/vizanti_msgs__rosidl_generator_c.dir/rosidl_generator_c/vizanti_msgs/srv/detail/list_executables__functions.c.o[0m
[1.670s] [ 16%] [32m[1mLinking C shared library libvizanti_msgs__rosidl_generator_c.so[0m
[1.688s] [ 16%] Built target vizanti_msgs__rosidl_generator_c
[1.693s] [ 17%] [34m[1mGenerating C introspection for ROS interfaces[0m
[1.695s] [ 19%] [34m[1mGenerating C type support dispatch for ROS interfaces[0m
[1.695s] [ 19%] [34m[1mGenerating C type support for eProsima Fast-RTPS[0m
[1.821s] [ 20%] [32mBuilding CXX object CMakeFiles/vizanti_msgs__rosidl_typesupport_cpp.dir/rosidl_typesupport_cpp/vizanti_msgs/srv/save_map__type_support.cpp.o[0m
[1.823s] [ 24%] [32mBuilding CXX object CMakeFiles/vizanti_msgs__rosidl_typesupport_cpp.dir/rosidl_typesupport_cpp/vizanti_msgs/srv/record_rosbag__type_support.cpp.o[0m
[1.823s] [ 24%] [32mBuilding CXX object CMakeFiles/vizanti_msgs__rosidl_typesupport_cpp.dir/rosidl_typesupport_cpp/vizanti_msgs/srv/get_node_parameters__type_support.cpp.o[0m
[1.823s] [ 24%] [32mBuilding CXX object CMakeFiles/vizanti_msgs__rosidl_typesupport_cpp.dir/rosidl_typesupport_cpp/vizanti_msgs/srv/set_node_parameter__type_support.cpp.o[0m
[1.823s] [ 25%] [32mBuilding CXX object CMakeFiles/vizanti_msgs__rosidl_typesupport_cpp.dir/rosidl_typesupport_cpp/vizanti_msgs/srv/load_map__type_support.cpp.o[0m
[1.823s] [ 26%] [32mBuilding CXX object CMakeFiles/vizanti_msgs__rosidl_typesupport_cpp.dir/rosidl_typesupport_cpp/vizanti_msgs/srv/manage_node__type_support.cpp.o[0m
[1.823s] [ 27%] [32mBuilding CXX object CMakeFiles/vizanti_msgs__rosidl_typesupport_cpp.dir/rosidl_typesupport_cpp/vizanti_msgs/srv/list_packages__type_support.cpp.o[0m
[1.824s] [ 28%] [32mBuilding CXX object CMakeFiles/vizanti_msgs__rosidl_typesupport_cpp.dir/rosidl_typesupport_cpp/vizanti_msgs/srv/list_executables__type_support.cpp.o[0m
[1.908s] [ 29%] [32mBuilding CXX object CMakeFiles/vizanti_msgs__rosidl_typesupport_c.dir/rosidl_typesupport_c/vizanti_msgs/srv/get_node_parameters__type_support.cpp.o[0m
[1.911s] [ 33%] [32mBuilding CXX object CMakeFiles/vizanti_msgs__rosidl_typesupport_c.dir/rosidl_typesupport_c/vizanti_msgs/srv/save_map__type_support.cpp.o[0m
[1.911s] [ 33%] [32mBuilding CXX object CMakeFiles/vizanti_msgs__rosidl_typesupport_c.dir/rosidl_typesupport_c/vizanti_msgs/srv/record_rosbag__type_support.cpp.o[0m
[1.911s] [ 33%] [32mBuilding CXX object CMakeFiles/vizanti_msgs__rosidl_typesupport_c.dir/rosidl_typesupport_c/vizanti_msgs/srv/load_map__type_support.cpp.o[0m
[1.912s] [ 34%] [32mBuilding CXX object CMakeFiles/vizanti_msgs__rosidl_typesupport_c.dir/rosidl_typesupport_c/vizanti_msgs/srv/manage_node__type_support.cpp.o[0m
[1.914s] [ 36%] [32mBuilding CXX object CMakeFiles/vizanti_msgs__rosidl_typesupport_c.dir/rosidl_typesupport_c/vizanti_msgs/srv/set_node_parameter__type_support.cpp.o[0m
[1.914s] [ 36%] [32mBuilding CXX object CMakeFiles/vizanti_msgs__rosidl_typesupport_c.dir/rosidl_typesupport_c/vizanti_msgs/srv/list_packages__type_support.cpp.o[0m
[1.918s] [ 37%] [32mBuilding CXX object CMakeFiles/vizanti_msgs__rosidl_typesupport_c.dir/rosidl_typesupport_c/vizanti_msgs/srv/list_executables__type_support.cpp.o[0m
[1.922s] [ 39%] [32mBuilding CXX object CMakeFiles/vizanti_msgs__rosidl_typesupport_fastrtps_cpp.dir/rosidl_typesupport_fastrtps_cpp/vizanti_msgs/srv/detail/dds_fastrtps/get_node_parameters__type_support.cpp.o[0m
[1.938s] [ 40%] [32mBuilding CXX object CMakeFiles/vizanti_msgs__rosidl_typesupport_fastrtps_cpp.dir/rosidl_typesupport_fastrtps_cpp/vizanti_msgs/srv/detail/dds_fastrtps/set_node_parameter__type_support.cpp.o[0m
[1.952s] [ 41%] [32mBuilding CXX object CMakeFiles/vizanti_msgs__rosidl_typesupport_fastrtps_cpp.dir/rosidl_typesupport_fastrtps_cpp/vizanti_msgs/srv/detail/dds_fastrtps/save_map__type_support.cpp.o[0m
[1.955s] [ 42%] [32mBuilding CXX object CMakeFiles/vizanti_msgs__rosidl_typesupport_fastrtps_cpp.dir/rosidl_typesupport_fastrtps_cpp/vizanti_msgs/srv/detail/dds_fastrtps/load_map__type_support.cpp.o[0m
[1.959s] [ 43%] [32m[1mLinking CXX shared library libvizanti_msgs__rosidl_typesupport_c.so[0m
[1.960s] [ 44%] [32mBuilding CXX object CMakeFiles/vizanti_msgs__rosidl_typesupport_fastrtps_cpp.dir/rosidl_typesupport_fastrtps_cpp/vizanti_msgs/srv/detail/dds_fastrtps/list_executables__type_support.cpp.o[0m
[1.962s] [ 45%] [32mBuilding CXX object CMakeFiles/vizanti_msgs__rosidl_typesupport_fastrtps_cpp.dir/rosidl_typesupport_fastrtps_cpp/vizanti_msgs/srv/detail/dds_fastrtps/manage_node__type_support.cpp.o[0m
[1.969s] [ 47%] [32mBuilding CXX object CMakeFiles/vizanti_msgs__rosidl_typesupport_fastrtps_cpp.dir/rosidl_typesupport_fastrtps_cpp/vizanti_msgs/srv/detail/dds_fastrtps/list_packages__type_support.cpp.o[0m
[1.977s] [ 48%] [32mBuilding CXX object CMakeFiles/vizanti_msgs__rosidl_typesupport_fastrtps_cpp.dir/rosidl_typesupport_fastrtps_cpp/vizanti_msgs/srv/detail/dds_fastrtps/record_rosbag__type_support.cpp.o[0m
[2.022s] [ 48%] Built target vizanti_msgs__rosidl_typesupport_c
[2.048s] [ 49%] [32m[1mLinking CXX shared library libvizanti_msgs__rosidl_typesupport_cpp.so[0m
[2.055s] [ 50%] [32mBuilding CXX object CMakeFiles/vizanti_msgs__rosidl_typesupport_introspection_cpp.dir/rosidl_typesupport_introspection_cpp/vizanti_msgs/srv/detail/get_node_parameters__type_support.cpp.o[0m
[2.057s] [ 52%] [32mBuilding CXX object CMakeFiles/vizanti_msgs__rosidl_typesupport_introspection_cpp.dir/rosidl_typesupport_introspection_cpp/vizanti_msgs/srv/detail/set_node_parameter__type_support.cpp.o[0m
[2.057s] [ 52%] [32mBuilding CXX object CMakeFiles/vizanti_msgs__rosidl_typesupport_introspection_cpp.dir/rosidl_typesupport_introspection_cpp/vizanti_msgs/srv/detail/save_map__type_support.cpp.o[0m
[2.062s] [ 54%] [32mBuilding CXX object CMakeFiles/vizanti_msgs__rosidl_typesupport_introspection_cpp.dir/rosidl_typesupport_introspection_cpp/vizanti_msgs/srv/detail/load_map__type_support.cpp.o[0m
[2.064s] [ 55%] [32mBuilding CXX object CMakeFiles/vizanti_msgs__rosidl_typesupport_introspection_cpp.dir/rosidl_typesupport_introspection_cpp/vizanti_msgs/srv/detail/record_rosbag__type_support.cpp.o[0m
[2.069s] [ 56%] [32mBuilding CXX object CMakeFiles/vizanti_msgs__rosidl_typesupport_introspection_cpp.dir/rosidl_typesupport_introspection_cpp/vizanti_msgs/srv/detail/manage_node__type_support.cpp.o[0m
[2.071s] [ 57%] [32mBuilding CXX object CMakeFiles/vizanti_msgs__rosidl_typesupport_introspection_cpp.dir/rosidl_typesupport_introspection_cpp/vizanti_msgs/srv/detail/list_packages__type_support.cpp.o[0m
[2.074s] [ 58%] [32mBuilding C object CMakeFiles/vizanti_msgs__rosidl_typesupport_introspection_c.dir/rosidl_typesupport_introspection_c/vizanti_msgs/srv/detail/get_node_parameters__type_support.c.o[0m
[2.075s] [ 59%] [32mBuilding C object CMakeFiles/vizanti_msgs__rosidl_typesupport_introspection_c.dir/rosidl_typesupport_introspection_c/vizanti_msgs/srv/detail/set_node_parameter__type_support.c.o[0m
[2.082s] [ 60%] [32mBuilding CXX object CMakeFiles/vizanti_msgs__rosidl_typesupport_introspection_cpp.dir/rosidl_typesupport_introspection_cpp/vizanti_msgs/srv/detail/list_executables__type_support.cpp.o[0m
[2.084s] [ 60%] Built target vizanti_msgs__rosidl_typesupport_cpp
[2.095s] [ 62%] [32mBuilding C object CMakeFiles/vizanti_msgs__rosidl_typesupport_introspection_c.dir/rosidl_typesupport_introspection_c/vizanti_msgs/srv/detail/save_map__type_support.c.o[0m
[2.099s] [ 63%] [32mBuilding C object CMakeFiles/vizanti_msgs__rosidl_typesupport_introspection_c.dir/rosidl_typesupport_introspection_c/vizanti_msgs/srv/detail/load_map__type_support.c.o[0m
[2.108s] [ 64%] [32mBuilding C object CMakeFiles/vizanti_msgs__rosidl_typesupport_introspection_c.dir/rosidl_typesupport_introspection_c/vizanti_msgs/srv/detail/record_rosbag__type_support.c.o[0m
[2.135s] [ 65%] [32mBuilding C object CMakeFiles/vizanti_msgs__rosidl_typesupport_introspection_c.dir/rosidl_typesupport_introspection_c/vizanti_msgs/srv/detail/manage_node__type_support.c.o[0m
[2.157s] [ 66%] [32mBuilding C object CMakeFiles/vizanti_msgs__rosidl_typesupport_introspection_c.dir/rosidl_typesupport_introspection_c/vizanti_msgs/srv/detail/list_executables__type_support.c.o[0m
[2.162s] [ 67%] [32mBuilding C object CMakeFiles/vizanti_msgs__rosidl_typesupport_introspection_c.dir/rosidl_typesupport_introspection_c/vizanti_msgs/srv/detail/list_packages__type_support.c.o[0m
[2.183s] [ 68%] [32mBuilding CXX object CMakeFiles/vizanti_msgs__rosidl_typesupport_fastrtps_c.dir/rosidl_typesupport_fastrtps_c/vizanti_msgs/srv/detail/get_node_parameters__type_support_c.cpp.o[0m
[2.193s] [ 70%] [32mBuilding CXX object CMakeFiles/vizanti_msgs__rosidl_typesupport_fastrtps_c.dir/rosidl_typesupport_fastrtps_c/vizanti_msgs/srv/detail/set_node_parameter__type_support_c.cpp.o[0m
[2.194s] [ 71%] [32m[1mLinking C shared library libvizanti_msgs__rosidl_typesupport_introspection_c.so[0m
[2.209s] [ 72%] [32mBuilding CXX object CMakeFiles/vizanti_msgs__rosidl_typesupport_fastrtps_c.dir/rosidl_typesupport_fastrtps_c/vizanti_msgs/srv/detail/save_map__type_support_c.cpp.o[0m
[2.222s] [ 73%] [32mBuilding CXX object CMakeFiles/vizanti_msgs__rosidl_typesupport_fastrtps_c.dir/rosidl_typesupport_fastrtps_c/vizanti_msgs/srv/detail/load_map__type_support_c.cpp.o[0m
[2.254s] [ 73%] Built target vizanti_msgs__rosidl_typesupport_introspection_c
[2.263s] [ 77%] [32mBuilding CXX object CMakeFiles/vizanti_msgs__rosidl_typesupport_fastrtps_c.dir/rosidl_typesupport_fastrtps_c/vizanti_msgs/srv/detail/list_packages__type_support_c.cpp.o[0m
[2.263s] [ 77%] [32mBuilding CXX object CMakeFiles/vizanti_msgs__rosidl_typesupport_fastrtps_c.dir/rosidl_typesupport_fastrtps_c/vizanti_msgs/srv/detail/manage_node__type_support_c.cpp.o[0m
[2.263s] [ 77%] [32mBuilding CXX object CMakeFiles/vizanti_msgs__rosidl_typesupport_fastrtps_c.dir/rosidl_typesupport_fastrtps_c/vizanti_msgs/srv/detail/record_rosbag__type_support_c.cpp.o[0m
[2.286s] [ 78%] [32mBuilding CXX object CMakeFiles/vizanti_msgs__rosidl_typesupport_fastrtps_c.dir/rosidl_typesupport_fastrtps_c/vizanti_msgs/srv/detail/list_executables__type_support_c.cpp.o[0m
[2.371s] [ 79%] [32m[1mLinking CXX shared library libvizanti_msgs__rosidl_typesupport_fastrtps_cpp.so[0m
[2.417s] [ 79%] Built target vizanti_msgs__rosidl_typesupport_fastrtps_cpp
[2.441s] [ 80%] [32m[1mLinking CXX shared library libvizanti_msgs__rosidl_typesupport_introspection_cpp.so[0m
[2.480s] [ 80%] Built target vizanti_msgs__rosidl_typesupport_introspection_cpp
[2.509s] [ 81%] [32m[1mLinking CXX shared library libvizanti_msgs__rosidl_typesupport_fastrtps_c.so[0m
[2.547s] [ 81%] Built target vizanti_msgs__rosidl_typesupport_fastrtps_c
[2.557s] [ 81%] Built target vizanti_msgs
[2.568s] [ 82%] [34m[1mGenerating Python code for ROS interfaces[0m
[3.121s] [ 82%] Built target vizanti_msgs__py
[3.130s] [ 85%] [32mBuilding C object CMakeFiles/vizanti_msgs__rosidl_generator_py.dir/rosidl_generator_py/vizanti_msgs/srv/_get_node_parameters_s.c.o[0m
[3.130s] [ 85%] [32mBuilding C object CMakeFiles/vizanti_msgs__rosidl_generator_py.dir/rosidl_generator_py/vizanti_msgs/srv/_set_node_parameter_s.c.o[0m
[3.130s] [ 86%] [32mBuilding C object CMakeFiles/vizanti_msgs__rosidl_generator_py.dir/rosidl_generator_py/vizanti_msgs/srv/_record_rosbag_s.c.o[0m
[3.130s] [ 87%] [32mBuilding C object CMakeFiles/vizanti_msgs__rosidl_generator_py.dir/rosidl_generator_py/vizanti_msgs/srv/_save_map_s.c.o[0m
[3.130s] [ 88%] [32mBuilding C object CMakeFiles/vizanti_msgs__rosidl_generator_py.dir/rosidl_generator_py/vizanti_msgs/srv/_list_packages_s.c.o[0m
[3.132s] [ 89%] [32mBuilding C object CMakeFiles/vizanti_msgs__rosidl_generator_py.dir/rosidl_generator_py/vizanti_msgs/srv/_load_map_s.c.o[0m
[3.132s] [ 90%] [32mBuilding C object CMakeFiles/vizanti_msgs__rosidl_generator_py.dir/rosidl_generator_py/vizanti_msgs/srv/_manage_node_s.c.o[0m
[3.132s] [ 91%] [32mBuilding C object CMakeFiles/vizanti_msgs__rosidl_generator_py.dir/rosidl_generator_py/vizanti_msgs/srv/_list_executables_s.c.o[0m
[3.200s] [ 93%] [32m[1mLinking C shared library rosidl_generator_py/vizanti_msgs/libvizanti_msgs__rosidl_generator_py.so[0m
[3.221s] [ 93%] Built target vizanti_msgs__rosidl_generator_py
[3.231s] [ 96%] [32mBuilding C object CMakeFiles/vizanti_msgs__rosidl_typesupport_introspection_c__pyext.dir/rosidl_generator_py/vizanti_msgs/_vizanti_msgs_s.ep.rosidl_typesupport_introspection_c.c.o[0m
[3.231s] [ 96%] [32mBuilding C object CMakeFiles/vizanti_msgs__rosidl_typesupport_c__pyext.dir/rosidl_generator_py/vizanti_msgs/_vizanti_msgs_s.ep.rosidl_typesupport_c.c.o[0m
[3.231s] [ 96%] [32mBuilding C object CMakeFiles/vizanti_msgs__rosidl_typesupport_fastrtps_c__pyext.dir/rosidl_generator_py/vizanti_msgs/_vizanti_msgs_s.ep.rosidl_typesupport_fastrtps_c.c.o[0m
[3.297s] [ 98%] [32m[1mLinking C shared library rosidl_generator_py/vizanti_msgs/vizanti_msgs_s__rosidl_typesupport_introspection_c.cpython-310-x86_64-linux-gnu.so[0m
[3.298s] [ 98%] [32m[1mLinking C shared library rosidl_generator_py/vizanti_msgs/vizanti_msgs_s__rosidl_typesupport_fastrtps_c.cpython-310-x86_64-linux-gnu.so[0m
[3.302s] [100%] [32m[1mLinking C shared library rosidl_generator_py/vizanti_msgs/vizanti_msgs_s__rosidl_typesupport_c.cpython-310-x86_64-linux-gnu.so[0m
[3.318s] [100%] Built target vizanti_msgs__rosidl_typesupport_introspection_c__pyext
[3.318s] [100%] Built target vizanti_msgs__rosidl_typesupport_fastrtps_c__pyext
[3.323s] [100%] Built target vizanti_msgs__rosidl_typesupport_c__pyext
[3.329s] Invoked command in '/home/su1jun/Capstone/colcon_ws/build/vizanti_msgs' returned '0': CMAKE_PREFIX_PATH=/home/su1jun/ros2_ws/install/robot:/opt/ros/humble:${CMAKE_PREFIX_PATH} /usr/bin/cmake --build /home/su1jun/Capstone/colcon_ws/build/vizanti_msgs -- -j20 -l20
[3.412s] Invoking command in '/home/su1jun/Capstone/colcon_ws/build/vizanti_msgs': CMAKE_PREFIX_PATH=/home/su1jun/ros2_ws/install/robot:/opt/ros/humble:${CMAKE_PREFIX_PATH} /usr/bin/cmake --install /home/su1jun/Capstone/colcon_ws/build/vizanti_msgs
[3.418s] -- Install configuration: ""
[3.419s] -- Execute custom install script
[3.419s] -- Symlinking: /home/su1jun/Capstone/colcon_ws/install/vizanti_msgs/share/ament_index/resource_index/rosidl_interfaces/vizanti_msgs
[3.424s] -- Symlinking: /home/su1jun/Capstone/colcon_ws/install/vizanti_msgs/include/vizanti_msgs/vizanti_msgs/msg/rosidl_generator_c__visibility_control.h
[3.429s] -- Symlinking: /home/su1jun/Capstone/colcon_ws/install/vizanti_msgs/include/vizanti_msgs/vizanti_msgs/srv/detail/get_node_parameters__functions.h
[3.433s] -- Symlinking: /home/su1jun/Capstone/colcon_ws/install/vizanti_msgs/include/vizanti_msgs/vizanti_msgs/srv/detail/get_node_parameters__struct.h
[3.437s] -- Symlinking: /home/su1jun/Capstone/colcon_ws/install/vizanti_msgs/include/vizanti_msgs/vizanti_msgs/srv/detail/get_node_parameters__type_support.h
[3.441s] -- Symlinking: /home/su1jun/Capstone/colcon_ws/install/vizanti_msgs/include/vizanti_msgs/vizanti_msgs/srv/detail/list_executables__functions.h
[3.445s] -- Symlinking: /home/su1jun/Capstone/colcon_ws/install/vizanti_msgs/include/vizanti_msgs/vizanti_msgs/srv/detail/list_executables__struct.h
[3.449s] -- Symlinking: /home/su1jun/Capstone/colcon_ws/install/vizanti_msgs/include/vizanti_msgs/vizanti_msgs/srv/detail/list_executables__type_support.h
[3.453s] -- Symlinking: /home/su1jun/Capstone/colcon_ws/install/vizanti_msgs/include/vizanti_msgs/vizanti_msgs/srv/detail/list_packages__functions.h
[3.457s] -- Symlinking: /home/su1jun/Capstone/colcon_ws/install/vizanti_msgs/include/vizanti_msgs/vizanti_msgs/srv/detail/list_packages__struct.h
[3.461s] -- Symlinking: /home/su1jun/Capstone/colcon_ws/install/vizanti_msgs/include/vizanti_msgs/vizanti_msgs/srv/detail/list_packages__type_support.h
[3.465s] -- Symlinking: /home/su1jun/Capstone/colcon_ws/install/vizanti_msgs/include/vizanti_msgs/vizanti_msgs/srv/detail/load_map__functions.h
[3.469s] -- Symlinking: /home/su1jun/Capstone/colcon_ws/install/vizanti_msgs/include/vizanti_msgs/vizanti_msgs/srv/detail/load_map__struct.h
[3.473s] -- Symlinking: /home/su1jun/Capstone/colcon_ws/install/vizanti_msgs/include/vizanti_msgs/vizanti_msgs/srv/detail/load_map__type_support.h
[3.477s] -- Symlinking: /home/su1jun/Capstone/colcon_ws/install/vizanti_msgs/include/vizanti_msgs/vizanti_msgs/srv/detail/manage_node__functions.h
[3.481s] -- Symlinking: /home/su1jun/Capstone/colcon_ws/install/vizanti_msgs/include/vizanti_msgs/vizanti_msgs/srv/detail/manage_node__struct.h
[3.485s] -- Symlinking: /home/su1jun/Capstone/colcon_ws/install/vizanti_msgs/include/vizanti_msgs/vizanti_msgs/srv/detail/manage_node__type_support.h
[3.491s] -- Symlinking: /home/su1jun/Capstone/colcon_ws/install/vizanti_msgs/include/vizanti_msgs/vizanti_msgs/srv/detail/record_rosbag__functions.h
[3.495s] -- Symlinking: /home/su1jun/Capstone/colcon_ws/install/vizanti_msgs/include/vizanti_msgs/vizanti_msgs/srv/detail/record_rosbag__struct.h
[3.499s] -- Symlinking: /home/su1jun/Capstone/colcon_ws/install/vizanti_msgs/include/vizanti_msgs/vizanti_msgs/srv/detail/record_rosbag__type_support.h
[3.503s] -- Symlinking: /home/su1jun/Capstone/colcon_ws/install/vizanti_msgs/include/vizanti_msgs/vizanti_msgs/srv/detail/save_map__functions.h
[3.507s] -- Symlinking: /home/su1jun/Capstone/colcon_ws/install/vizanti_msgs/include/vizanti_msgs/vizanti_msgs/srv/detail/save_map__struct.h
[3.511s] -- Symlinking: /home/su1jun/Capstone/colcon_ws/install/vizanti_msgs/include/vizanti_msgs/vizanti_msgs/srv/detail/save_map__type_support.h
[3.516s] -- Symlinking: /home/su1jun/Capstone/colcon_ws/install/vizanti_msgs/include/vizanti_msgs/vizanti_msgs/srv/detail/set_node_parameter__functions.h
[3.521s] -- Symlinking: /home/su1jun/Capstone/colcon_ws/install/vizanti_msgs/include/vizanti_msgs/vizanti_msgs/srv/detail/set_node_parameter__struct.h
[3.525s] -- Symlinking: /home/su1jun/Capstone/colcon_ws/install/vizanti_msgs/include/vizanti_msgs/vizanti_msgs/srv/detail/set_node_parameter__type_support.h
[3.530s] -- Symlinking: /home/su1jun/Capstone/colcon_ws/install/vizanti_msgs/include/vizanti_msgs/vizanti_msgs/srv/get_node_parameters.h
[3.535s] -- Symlinking: /home/su1jun/Capstone/colcon_ws/install/vizanti_msgs/include/vizanti_msgs/vizanti_msgs/srv/list_executables.h
[3.540s] -- Symlinking: /home/su1jun/Capstone/colcon_ws/install/vizanti_msgs/include/vizanti_msgs/vizanti_msgs/srv/list_packages.h
[3.545s] -- Symlinking: /home/su1jun/Capstone/colcon_ws/install/vizanti_msgs/include/vizanti_msgs/vizanti_msgs/srv/load_map.h
[3.549s] -- Symlinking: /home/su1jun/Capstone/colcon_ws/install/vizanti_msgs/include/vizanti_msgs/vizanti_msgs/srv/manage_node.h
[3.553s] -- Symlinking: /home/su1jun/Capstone/colcon_ws/install/vizanti_msgs/include/vizanti_msgs/vizanti_msgs/srv/record_rosbag.h
[3.557s] -- Symlinking: /home/su1jun/Capstone/colcon_ws/install/vizanti_msgs/include/vizanti_msgs/vizanti_msgs/srv/save_map.h
[3.561s] -- Symlinking: /home/su1jun/Capstone/colcon_ws/install/vizanti_msgs/include/vizanti_msgs/vizanti_msgs/srv/set_node_parameter.h
[3.565s] -- Symlinking: /home/su1jun/Capstone/colcon_ws/install/vizanti_msgs/share/vizanti_msgs/environment/library_path.sh
[3.572s] -- Symlinking: /home/su1jun/Capstone/colcon_ws/install/vizanti_msgs/share/vizanti_msgs/environment/library_path.dsv
[3.577s] -- Symlinking: /home/su1jun/Capstone/colcon_ws/install/vizanti_msgs/include/vizanti_msgs/vizanti_msgs/msg/rosidl_typesupport_fastrtps_c__visibility_control.h
[3.581s] -- Symlinking: /home/su1jun/Capstone/colcon_ws/install/vizanti_msgs/include/vizanti_msgs/vizanti_msgs/srv/detail/get_node_parameters__rosidl_typesupport_fastrtps_c.h
[3.585s] -- Symlinking: /home/su1jun/Capstone/colcon_ws/install/vizanti_msgs/include/vizanti_msgs/vizanti_msgs/srv/detail/list_executables__rosidl_typesupport_fastrtps_c.h
[3.589s] -- Symlinking: /home/su1jun/Capstone/colcon_ws/install/vizanti_msgs/include/vizanti_msgs/vizanti_msgs/srv/detail/list_packages__rosidl_typesupport_fastrtps_c.h
[3.593s] -- Symlinking: /home/su1jun/Capstone/colcon_ws/install/vizanti_msgs/include/vizanti_msgs/vizanti_msgs/srv/detail/load_map__rosidl_typesupport_fastrtps_c.h
[3.597s] -- Symlinking: /home/su1jun/Capstone/colcon_ws/install/vizanti_msgs/include/vizanti_msgs/vizanti_msgs/srv/detail/manage_node__rosidl_typesupport_fastrtps_c.h
[3.601s] -- Symlinking: /home/su1jun/Capstone/colcon_ws/install/vizanti_msgs/include/vizanti_msgs/vizanti_msgs/srv/detail/record_rosbag__rosidl_typesupport_fastrtps_c.h
[3.604s] -- Symlinking: /home/su1jun/Capstone/colcon_ws/install/vizanti_msgs/include/vizanti_msgs/vizanti_msgs/srv/detail/save_map__rosidl_typesupport_fastrtps_c.h
[3.608s] -- Symlinking: /home/su1jun/Capstone/colcon_ws/install/vizanti_msgs/include/vizanti_msgs/vizanti_msgs/srv/detail/set_node_parameter__rosidl_typesupport_fastrtps_c.h
[3.612s] -- Symlinking: /home/su1jun/Capstone/colcon_ws/install/vizanti_msgs/include/vizanti_msgs/vizanti_msgs/msg/rosidl_typesupport_introspection_c__visibility_control.h
[3.616s] -- Symlinking: /home/su1jun/Capstone/colcon_ws/install/vizanti_msgs/include/vizanti_msgs/vizanti_msgs/srv/detail/get_node_parameters__rosidl_typesupport_introspection_c.h
[3.619s] -- Symlinking: /home/su1jun/Capstone/colcon_ws/install/vizanti_msgs/include/vizanti_msgs/vizanti_msgs/srv/detail/list_executables__rosidl_typesupport_introspection_c.h
[3.623s] -- Symlinking: /home/su1jun/Capstone/colcon_ws/install/vizanti_msgs/include/vizanti_msgs/vizanti_msgs/srv/detail/list_packages__rosidl_typesupport_introspection_c.h
[3.627s] -- Symlinking: /home/su1jun/Capstone/colcon_ws/install/vizanti_msgs/include/vizanti_msgs/vizanti_msgs/srv/detail/load_map__rosidl_typesupport_introspection_c.h
[3.630s] -- Symlinking: /home/su1jun/Capstone/colcon_ws/install/vizanti_msgs/include/vizanti_msgs/vizanti_msgs/srv/detail/manage_node__rosidl_typesupport_introspection_c.h
[3.634s] -- Symlinking: /home/su1jun/Capstone/colcon_ws/install/vizanti_msgs/include/vizanti_msgs/vizanti_msgs/srv/detail/record_rosbag__rosidl_typesupport_introspection_c.h
[3.638s] -- Symlinking: /home/su1jun/Capstone/colcon_ws/install/vizanti_msgs/include/vizanti_msgs/vizanti_msgs/srv/detail/save_map__rosidl_typesupport_introspection_c.h
[3.643s] -- Symlinking: /home/su1jun/Capstone/colcon_ws/install/vizanti_msgs/include/vizanti_msgs/vizanti_msgs/srv/detail/set_node_parameter__rosidl_typesupport_introspection_c.h
[3.648s] -- Symlinking: /home/su1jun/Capstone/colcon_ws/install/vizanti_msgs/include/vizanti_msgs/vizanti_msgs/srv/detail/get_node_parameters__builder.hpp
[3.652s] -- Symlinking: /home/su1jun/Capstone/colcon_ws/install/vizanti_msgs/include/vizanti_msgs/vizanti_msgs/srv/detail/get_node_parameters__struct.hpp
[3.655s] -- Symlinking: /home/su1jun/Capstone/colcon_ws/install/vizanti_msgs/include/vizanti_msgs/vizanti_msgs/srv/detail/get_node_parameters__traits.hpp
[3.659s] -- Symlinking: /home/su1jun/Capstone/colcon_ws/install/vizanti_msgs/include/vizanti_msgs/vizanti_msgs/srv/detail/list_executables__builder.hpp
[3.663s] -- Symlinking: /home/su1jun/Capstone/colcon_ws/install/vizanti_msgs/include/vizanti_msgs/vizanti_msgs/srv/detail/list_executables__struct.hpp
[3.667s] -- Symlinking: /home/su1jun/Capstone/colcon_ws/install/vizanti_msgs/include/vizanti_msgs/vizanti_msgs/srv/detail/list_executables__traits.hpp
[3.671s] -- Symlinking: /home/su1jun/Capstone/colcon_ws/install/vizanti_msgs/include/vizanti_msgs/vizanti_msgs/srv/detail/list_packages__builder.hpp
[3.675s] -- Symlinking: /home/su1jun/Capstone/colcon_ws/install/vizanti_msgs/include/vizanti_msgs/vizanti_msgs/srv/detail/list_packages__struct.hpp
[3.680s] -- Symlinking: /home/su1jun/Capstone/colcon_ws/install/vizanti_msgs/include/vizanti_msgs/vizanti_msgs/srv/detail/list_packages__traits.hpp
[3.684s] -- Symlinking: /home/su1jun/Capstone/colcon_ws/install/vizanti_msgs/include/vizanti_msgs/vizanti_msgs/srv/detail/load_map__builder.hpp
[3.688s] -- Symlinking: /home/su1jun/Capstone/colcon_ws/install/vizanti_msgs/include/vizanti_msgs/vizanti_msgs/srv/detail/load_map__struct.hpp
[3.694s] -- Symlinking: /home/su1jun/Capstone/colcon_ws/install/vizanti_msgs/include/vizanti_msgs/vizanti_msgs/srv/detail/load_map__traits.hpp
[3.698s] -- Symlinking: /home/su1jun/Capstone/colcon_ws/install/vizanti_msgs/include/vizanti_msgs/vizanti_msgs/srv/detail/manage_node__builder.hpp
[3.702s] -- Symlinking: /home/su1jun/Capstone/colcon_ws/install/vizanti_msgs/include/vizanti_msgs/vizanti_msgs/srv/detail/manage_node__struct.hpp
[3.706s] -- Symlinking: /home/su1jun/Capstone/colcon_ws/install/vizanti_msgs/include/vizanti_msgs/vizanti_msgs/srv/detail/manage_node__traits.hpp
[3.710s] -- Symlinking: /home/su1jun/Capstone/colcon_ws/install/vizanti_msgs/include/vizanti_msgs/vizanti_msgs/srv/detail/record_rosbag__builder.hpp
[3.714s] -- Symlinking: /home/su1jun/Capstone/colcon_ws/install/vizanti_msgs/include/vizanti_msgs/vizanti_msgs/srv/detail/record_rosbag__struct.hpp
[3.718s] -- Symlinking: /home/su1jun/Capstone/colcon_ws/install/vizanti_msgs/include/vizanti_msgs/vizanti_msgs/srv/detail/record_rosbag__traits.hpp
[3.722s] -- Symlinking: /home/su1jun/Capstone/colcon_ws/install/vizanti_msgs/include/vizanti_msgs/vizanti_msgs/srv/detail/save_map__builder.hpp
[3.726s] -- Symlinking: /home/su1jun/Capstone/colcon_ws/install/vizanti_msgs/include/vizanti_msgs/vizanti_msgs/srv/detail/save_map__struct.hpp
[3.730s] -- Symlinking: /home/su1jun/Capstone/colcon_ws/install/vizanti_msgs/include/vizanti_msgs/vizanti_msgs/srv/detail/save_map__traits.hpp
[3.734s] -- Symlinking: /home/su1jun/Capstone/colcon_ws/install/vizanti_msgs/include/vizanti_msgs/vizanti_msgs/srv/detail/set_node_parameter__builder.hpp
[3.738s] -- Symlinking: /home/su1jun/Capstone/colcon_ws/install/vizanti_msgs/include/vizanti_msgs/vizanti_msgs/srv/detail/set_node_parameter__struct.hpp
[3.742s] -- Symlinking: /home/su1jun/Capstone/colcon_ws/install/vizanti_msgs/include/vizanti_msgs/vizanti_msgs/srv/detail/set_node_parameter__traits.hpp
[3.746s] -- Symlinking: /home/su1jun/Capstone/colcon_ws/install/vizanti_msgs/include/vizanti_msgs/vizanti_msgs/srv/get_node_parameters.hpp
[3.750s] -- Symlinking: /home/su1jun/Capstone/colcon_ws/install/vizanti_msgs/include/vizanti_msgs/vizanti_msgs/srv/list_executables.hpp
[3.753s] -- Symlinking: /home/su1jun/Capstone/colcon_ws/install/vizanti_msgs/include/vizanti_msgs/vizanti_msgs/srv/list_packages.hpp
[3.757s] -- Symlinking: /home/su1jun/Capstone/colcon_ws/install/vizanti_msgs/include/vizanti_msgs/vizanti_msgs/srv/load_map.hpp
[3.761s] -- Symlinking: /home/su1jun/Capstone/colcon_ws/install/vizanti_msgs/include/vizanti_msgs/vizanti_msgs/srv/manage_node.hpp
[3.765s] -- Symlinking: /home/su1jun/Capstone/colcon_ws/install/vizanti_msgs/include/vizanti_msgs/vizanti_msgs/srv/record_rosbag.hpp
[3.769s] -- Symlinking: /home/su1jun/Capstone/colcon_ws/install/vizanti_msgs/include/vizanti_msgs/vizanti_msgs/srv/save_map.hpp
[3.773s] -- Symlinking: /home/su1jun/Capstone/colcon_ws/install/vizanti_msgs/include/vizanti_msgs/vizanti_msgs/srv/set_node_parameter.hpp
[3.778s] -- Symlinking: /home/su1jun/Capstone/colcon_ws/install/vizanti_msgs/include/vizanti_msgs/vizanti_msgs/msg/rosidl_typesupport_fastrtps_cpp__visibility_control.h
[3.782s] -- Symlinking: /home/su1jun/Capstone/colcon_ws/install/vizanti_msgs/include/vizanti_msgs/vizanti_msgs/srv/detail/get_node_parameters__rosidl_typesupport_fastrtps_cpp.hpp
[3.786s] -- Symlinking: /home/su1jun/Capstone/colcon_ws/install/vizanti_msgs/include/vizanti_msgs/vizanti_msgs/srv/detail/list_executables__rosidl_typesupport_fastrtps_cpp.hpp
[3.789s] -- Symlinking: /home/su1jun/Capstone/colcon_ws/install/vizanti_msgs/include/vizanti_msgs/vizanti_msgs/srv/detail/list_packages__rosidl_typesupport_fastrtps_cpp.hpp
[3.793s] -- Symlinking: /home/su1jun/Capstone/colcon_ws/install/vizanti_msgs/include/vizanti_msgs/vizanti_msgs/srv/detail/load_map__rosidl_typesupport_fastrtps_cpp.hpp
[3.797s] -- Symlinking: /home/su1jun/Capstone/colcon_ws/install/vizanti_msgs/include/vizanti_msgs/vizanti_msgs/srv/detail/manage_node__rosidl_typesupport_fastrtps_cpp.hpp
[3.801s] -- Symlinking: /home/su1jun/Capstone/colcon_ws/install/vizanti_msgs/include/vizanti_msgs/vizanti_msgs/srv/detail/record_rosbag__rosidl_typesupport_fastrtps_cpp.hpp
[3.805s] -- Symlinking: /home/su1jun/Capstone/colcon_ws/install/vizanti_msgs/include/vizanti_msgs/vizanti_msgs/srv/detail/save_map__rosidl_typesupport_fastrtps_cpp.hpp
[3.809s] -- Symlinking: /home/su1jun/Capstone/colcon_ws/install/vizanti_msgs/include/vizanti_msgs/vizanti_msgs/srv/detail/set_node_parameter__rosidl_typesupport_fastrtps_cpp.hpp
[3.813s] -- Symlinking: /home/su1jun/Capstone/colcon_ws/install/vizanti_msgs/include/vizanti_msgs/vizanti_msgs/srv/detail/get_node_parameters__rosidl_typesupport_introspection_cpp.hpp
[3.816s] -- Symlinking: /home/su1jun/Capstone/colcon_ws/install/vizanti_msgs/include/vizanti_msgs/vizanti_msgs/srv/detail/list_executables__rosidl_typesupport_introspection_cpp.hpp
[3.821s] -- Symlinking: /home/su1jun/Capstone/colcon_ws/install/vizanti_msgs/include/vizanti_msgs/vizanti_msgs/srv/detail/list_packages__rosidl_typesupport_introspection_cpp.hpp
[3.824s] -- Symlinking: /home/su1jun/Capstone/colcon_ws/install/vizanti_msgs/include/vizanti_msgs/vizanti_msgs/srv/detail/load_map__rosidl_typesupport_introspection_cpp.hpp
[3.828s] -- Symlinking: /home/su1jun/Capstone/colcon_ws/install/vizanti_msgs/include/vizanti_msgs/vizanti_msgs/srv/detail/manage_node__rosidl_typesupport_introspection_cpp.hpp
[3.833s] -- Symlinking: /home/su1jun/Capstone/colcon_ws/install/vizanti_msgs/include/vizanti_msgs/vizanti_msgs/srv/detail/record_rosbag__rosidl_typesupport_introspection_cpp.hpp
[3.837s] -- Symlinking: /home/su1jun/Capstone/colcon_ws/install/vizanti_msgs/include/vizanti_msgs/vizanti_msgs/srv/detail/save_map__rosidl_typesupport_introspection_cpp.hpp
[3.840s] -- Symlinking: /home/su1jun/Capstone/colcon_ws/install/vizanti_msgs/include/vizanti_msgs/vizanti_msgs/srv/detail/set_node_parameter__rosidl_typesupport_introspection_cpp.hpp
[3.844s] -- Symlinking: /home/su1jun/Capstone/colcon_ws/install/vizanti_msgs/share/vizanti_msgs/environment/pythonpath.sh
[3.848s] -- Symlinking: /home/su1jun/Capstone/colcon_ws/install/vizanti_msgs/share/vizanti_msgs/environment/pythonpath.dsv
[3.852s] -- Symlinking: /home/su1jun/Capstone/colcon_ws/install/vizanti_msgs/local/lib/python3.10/dist-packages/vizanti_msgs-0.1.0-py3.10.egg-info/PKG-INFO
[3.856s] -- Symlinking: /home/su1jun/Capstone/colcon_ws/install/vizanti_msgs/local/lib/python3.10/dist-packages/vizanti_msgs-0.1.0-py3.10.egg-info/SOURCES.txt
[3.861s] -- Symlinking: /home/su1jun/Capstone/colcon_ws/install/vizanti_msgs/local/lib/python3.10/dist-packages/vizanti_msgs-0.1.0-py3.10.egg-info/dependency_links.txt
[3.865s] -- Symlinking: /home/su1jun/Capstone/colcon_ws/install/vizanti_msgs/local/lib/python3.10/dist-packages/vizanti_msgs-0.1.0-py3.10.egg-info/top_level.txt
[3.869s] -- Symlinking: /home/su1jun/Capstone/colcon_ws/install/vizanti_msgs/local/lib/python3.10/dist-packages/vizanti_msgs/__init__.py
[3.873s] -- Symlinking: /home/su1jun/Capstone/colcon_ws/install/vizanti_msgs/local/lib/python3.10/dist-packages/vizanti_msgs/_vizanti_msgs_s.ep.rosidl_typesupport_c.c
[3.877s] -- Symlinking: /home/su1jun/Capstone/colcon_ws/install/vizanti_msgs/local/lib/python3.10/dist-packages/vizanti_msgs/_vizanti_msgs_s.ep.rosidl_typesupport_fastrtps_c.c
[3.881s] -- Symlinking: /home/su1jun/Capstone/colcon_ws/install/vizanti_msgs/local/lib/python3.10/dist-packages/vizanti_msgs/_vizanti_msgs_s.ep.rosidl_typesupport_introspection_c.c
[3.885s] -- Symlinking: /home/su1jun/Capstone/colcon_ws/install/vizanti_msgs/local/lib/python3.10/dist-packages/vizanti_msgs/libvizanti_msgs__rosidl_generator_py.so
[3.889s] -- Symlinking: /home/su1jun/Capstone/colcon_ws/install/vizanti_msgs/local/lib/python3.10/dist-packages/vizanti_msgs/srv/__init__.py
[3.893s] -- Symlinking: /home/su1jun/Capstone/colcon_ws/install/vizanti_msgs/local/lib/python3.10/dist-packages/vizanti_msgs/srv/_get_node_parameters.py
[3.897s] -- Symlinking: /home/su1jun/Capstone/colcon_ws/install/vizanti_msgs/local/lib/python3.10/dist-packages/vizanti_msgs/srv/_get_node_parameters_s.c
[3.901s] -- Symlinking: /home/su1jun/Capstone/colcon_ws/install/vizanti_msgs/local/lib/python3.10/dist-packages/vizanti_msgs/srv/_list_executables.py
[3.905s] -- Symlinking: /home/su1jun/Capstone/colcon_ws/install/vizanti_msgs/local/lib/python3.10/dist-packages/vizanti_msgs/srv/_list_executables_s.c
[3.910s] -- Symlinking: /home/su1jun/Capstone/colcon_ws/install/vizanti_msgs/local/lib/python3.10/dist-packages/vizanti_msgs/srv/_list_packages.py
[3.914s] -- Symlinking: /home/su1jun/Capstone/colcon_ws/install/vizanti_msgs/local/lib/python3.10/dist-packages/vizanti_msgs/srv/_list_packages_s.c
[3.918s] -- Symlinking: /home/su1jun/Capstone/colcon_ws/install/vizanti_msgs/local/lib/python3.10/dist-packages/vizanti_msgs/srv/_load_map.py
[3.921s] -- Symlinking: /home/su1jun/Capstone/colcon_ws/install/vizanti_msgs/local/lib/python3.10/dist-packages/vizanti_msgs/srv/_load_map_s.c
[3.925s] -- Symlinking: /home/su1jun/Capstone/colcon_ws/install/vizanti_msgs/local/lib/python3.10/dist-packages/vizanti_msgs/srv/_manage_node.py
[3.930s] -- Symlinking: /home/su1jun/Capstone/colcon_ws/install/vizanti_msgs/local/lib/python3.10/dist-packages/vizanti_msgs/srv/_manage_node_s.c
[3.934s] -- Symlinking: /home/su1jun/Capstone/colcon_ws/install/vizanti_msgs/local/lib/python3.10/dist-packages/vizanti_msgs/srv/_record_rosbag.py
[3.938s] -- Symlinking: /home/su1jun/Capstone/colcon_ws/install/vizanti_msgs/local/lib/python3.10/dist-packages/vizanti_msgs/srv/_record_rosbag_s.c
[3.942s] -- Symlinking: /home/su1jun/Capstone/colcon_ws/install/vizanti_msgs/local/lib/python3.10/dist-packages/vizanti_msgs/srv/_save_map.py
[3.946s] -- Symlinking: /home/su1jun/Capstone/colcon_ws/install/vizanti_msgs/local/lib/python3.10/dist-packages/vizanti_msgs/srv/_save_map_s.c
[3.950s] -- Symlinking: /home/su1jun/Capstone/colcon_ws/install/vizanti_msgs/local/lib/python3.10/dist-packages/vizanti_msgs/srv/_set_node_parameter.py
[3.953s] -- Symlinking: /home/su1jun/Capstone/colcon_ws/install/vizanti_msgs/local/lib/python3.10/dist-packages/vizanti_msgs/srv/_set_node_parameter_s.c
[3.958s] -- Symlinking: /home/su1jun/Capstone/colcon_ws/install/vizanti_msgs/local/lib/python3.10/dist-packages/vizanti_msgs/vizanti_msgs_s__rosidl_typesupport_c.cpython-310-x86_64-linux-gnu.so
[3.962s] -- Symlinking: /home/su1jun/Capstone/colcon_ws/install/vizanti_msgs/local/lib/python3.10/dist-packages/vizanti_msgs/vizanti_msgs_s__rosidl_typesupport_fastrtps_c.cpython-310-x86_64-linux-gnu.so
[3.966s] -- Symlinking: /home/su1jun/Capstone/colcon_ws/install/vizanti_msgs/local/lib/python3.10/dist-packages/vizanti_msgs/vizanti_msgs_s__rosidl_typesupport_introspection_c.cpython-310-x86_64-linux-gnu.so
[3.971s] -- Up-to-date symlink: /home/su1jun/Capstone/colcon_ws/install/vizanti_msgs/local/lib/python3.10/dist-packages/vizanti_msgs/vizanti_msgs_s__rosidl_typesupport_fastrtps_c.cpython-310-x86_64-linux-gnu.so
[3.971s] -- Up-to-date symlink: /home/su1jun/Capstone/colcon_ws/install/vizanti_msgs/local/lib/python3.10/dist-packages/vizanti_msgs/vizanti_msgs_s__rosidl_typesupport_introspection_c.cpython-310-x86_64-linux-gnu.so
[3.971s] -- Up-to-date symlink: /home/su1jun/Capstone/colcon_ws/install/vizanti_msgs/local/lib/python3.10/dist-packages/vizanti_msgs/vizanti_msgs_s__rosidl_typesupport_c.cpython-310-x86_64-linux-gnu.so
[3.971s] -- Symlinking: /home/su1jun/Capstone/colcon_ws/install/vizanti_msgs/share/vizanti_msgs/srv/GetNodeParameters.idl
[3.975s] -- Symlinking: /home/su1jun/Capstone/colcon_ws/install/vizanti_msgs/share/vizanti_msgs/srv/SetNodeParameter.idl
[3.979s] -- Symlinking: /home/su1jun/Capstone/colcon_ws/install/vizanti_msgs/share/vizanti_msgs/srv/SaveMap.idl
[3.983s] -- Symlinking: /home/su1jun/Capstone/colcon_ws/install/vizanti_msgs/share/vizanti_msgs/srv/LoadMap.idl
[3.987s] -- Symlinking: /home/su1jun/Capstone/colcon_ws/install/vizanti_msgs/share/vizanti_msgs/srv/RecordRosbag.idl
[3.991s] -- Symlinking: /home/su1jun/Capstone/colcon_ws/install/vizanti_msgs/share/vizanti_msgs/srv/ManageNode.idl
[3.995s] -- Symlinking: /home/su1jun/Capstone/colcon_ws/install/vizanti_msgs/share/vizanti_msgs/srv/ListPackages.idl
[3.999s] -- Symlinking: /home/su1jun/Capstone/colcon_ws/install/vizanti_msgs/share/vizanti_msgs/srv/ListExecutables.idl
[4.005s] -- Symlinking: /home/su1jun/Capstone/colcon_ws/install/vizanti_msgs/share/vizanti_msgs/srv/GetNodeParameters.srv
[4.009s] -- Symlinking: /home/su1jun/Capstone/colcon_ws/install/vizanti_msgs/share/vizanti_msgs/srv/GetNodeParameters_Request.msg
[4.013s] -- Symlinking: /home/su1jun/Capstone/colcon_ws/install/vizanti_msgs/share/vizanti_msgs/srv/GetNodeParameters_Response.msg
[4.016s] -- Symlinking: /home/su1jun/Capstone/colcon_ws/install/vizanti_msgs/share/vizanti_msgs/srv/SetNodeParameter.srv
[4.020s] -- Symlinking: /home/su1jun/Capstone/colcon_ws/install/vizanti_msgs/share/vizanti_msgs/srv/SetNodeParameter_Request.msg
[4.024s] -- Symlinking: /home/su1jun/Capstone/colcon_ws/install/vizanti_msgs/share/vizanti_msgs/srv/SetNodeParameter_Response.msg
[4.028s] -- Symlinking: /home/su1jun/Capstone/colcon_ws/install/vizanti_msgs/share/vizanti_msgs/srv/SaveMap.srv
[4.032s] -- Symlinking: /home/su1jun/Capstone/colcon_ws/install/vizanti_msgs/share/vizanti_msgs/srv/SaveMap_Request.msg
[4.036s] -- Symlinking: /home/su1jun/Capstone/colcon_ws/install/vizanti_msgs/share/vizanti_msgs/srv/SaveMap_Response.msg
[4.040s] -- Symlinking: /home/su1jun/Capstone/colcon_ws/install/vizanti_msgs/share/vizanti_msgs/srv/LoadMap.srv
[4.043s] -- Symlinking: /home/su1jun/Capstone/colcon_ws/install/vizanti_msgs/share/vizanti_msgs/srv/LoadMap_Request.msg
[4.047s] -- Symlinking: /home/su1jun/Capstone/colcon_ws/install/vizanti_msgs/share/vizanti_msgs/srv/LoadMap_Response.msg
[4.051s] -- Symlinking: /home/su1jun/Capstone/colcon_ws/install/vizanti_msgs/share/vizanti_msgs/srv/RecordRosbag.srv
[4.055s] -- Symlinking: /home/su1jun/Capstone/colcon_ws/install/vizanti_msgs/share/vizanti_msgs/srv/RecordRosbag_Request.msg
[4.059s] -- Symlinking: /home/su1jun/Capstone/colcon_ws/install/vizanti_msgs/share/vizanti_msgs/srv/RecordRosbag_Response.msg
[4.063s] -- Symlinking: /home/su1jun/Capstone/colcon_ws/install/vizanti_msgs/share/vizanti_msgs/srv/ManageNode.srv
[4.067s] -- Symlinking: /home/su1jun/Capstone/colcon_ws/install/vizanti_msgs/share/vizanti_msgs/srv/ManageNode_Request.msg
[4.071s] -- Symlinking: /home/su1jun/Capstone/colcon_ws/install/vizanti_msgs/share/vizanti_msgs/srv/ManageNode_Response.msg
[4.075s] -- Symlinking: /home/su1jun/Capstone/colcon_ws/install/vizanti_msgs/share/vizanti_msgs/srv/ListPackages.srv
[4.080s] -- Symlinking: /home/su1jun/Capstone/colcon_ws/install/vizanti_msgs/share/vizanti_msgs/srv/ListPackages_Request.msg
[4.084s] -- Symlinking: /home/su1jun/Capstone/colcon_ws/install/vizanti_msgs/share/vizanti_msgs/srv/ListPackages_Response.msg
[4.088s] -- Symlinking: /home/su1jun/Capstone/colcon_ws/install/vizanti_msgs/share/vizanti_msgs/srv/ListExecutables.srv
[4.092s] -- Symlinking: /home/su1jun/Capstone/colcon_ws/install/vizanti_msgs/share/vizanti_msgs/srv/ListExecutables_Request.msg
[4.096s] -- Symlinking: /home/su1jun/Capstone/colcon_ws/install/vizanti_msgs/share/vizanti_msgs/srv/ListExecutables_Response.msg
[4.102s] -- Symlinking: /home/su1jun/Capstone/colcon_ws/install/vizanti_msgs/share/ament_index/resource_index/package_run_dependencies/vizanti_msgs
[4.106s] -- Symlinking: /home/su1jun/Capstone/colcon_ws/install/vizanti_msgs/share/ament_index/resource_index/parent_prefix_path/vizanti_msgs
[4.110s] -- Symlinking: /home/su1jun/Capstone/colcon_ws/install/vizanti_msgs/share/vizanti_msgs/environment/ament_prefix_path.sh
[4.119s] -- Symlinking: /home/su1jun/Capstone/colcon_ws/install/vizanti_msgs/share/vizanti_msgs/environment/ament_prefix_path.dsv
[4.126s] -- Symlinking: /home/su1jun/Capstone/colcon_ws/install/vizanti_msgs/share/vizanti_msgs/environment/path.sh
[4.130s] -- Symlinking: /home/su1jun/Capstone/colcon_ws/install/vizanti_msgs/share/vizanti_msgs/environment/path.dsv
[4.134s] -- Symlinking: /home/su1jun/Capstone/colcon_ws/install/vizanti_msgs/share/vizanti_msgs/local_setup.bash
[4.138s] -- Symlinking: /home/su1jun/Capstone/colcon_ws/install/vizanti_msgs/share/vizanti_msgs/local_setup.sh
[4.142s] -- Symlinking: /home/su1jun/Capstone/colcon_ws/install/vizanti_msgs/share/vizanti_msgs/local_setup.zsh
[4.146s] -- Symlinking: /home/su1jun/Capstone/colcon_ws/install/vizanti_msgs/share/vizanti_msgs/local_setup.dsv
[4.150s] -- Symlinking: /home/su1jun/Capstone/colcon_ws/install/vizanti_msgs/share/vizanti_msgs/package.dsv
[4.154s] -- Symlinking: /home/su1jun/Capstone/colcon_ws/install/vizanti_msgs/share/ament_index/resource_index/packages/vizanti_msgs
[4.158s] -- Symlinking: /home/su1jun/Capstone/colcon_ws/install/vizanti_msgs/share/vizanti_msgs/cmake/rosidl_cmake-extras.cmake
[4.162s] -- Symlinking: /home/su1jun/Capstone/colcon_ws/install/vizanti_msgs/share/vizanti_msgs/cmake/ament_cmake_export_dependencies-extras.cmake
[4.166s] -- Symlinking: /home/su1jun/Capstone/colcon_ws/install/vizanti_msgs/share/vizanti_msgs/cmake/ament_cmake_export_include_directories-extras.cmake
[4.170s] -- Symlinking: /home/su1jun/Capstone/colcon_ws/install/vizanti_msgs/share/vizanti_msgs/cmake/ament_cmake_export_libraries-extras.cmake
[4.174s] -- Symlinking: /home/su1jun/Capstone/colcon_ws/install/vizanti_msgs/share/vizanti_msgs/cmake/ament_cmake_export_targets-extras.cmake
[4.178s] -- Symlinking: /home/su1jun/Capstone/colcon_ws/install/vizanti_msgs/share/vizanti_msgs/cmake/rosidl_cmake_export_typesupport_targets-extras.cmake
[4.183s] -- Symlinking: /home/su1jun/Capstone/colcon_ws/install/vizanti_msgs/share/vizanti_msgs/cmake/rosidl_cmake_export_typesupport_libraries-extras.cmake
[4.187s] -- Symlinking: /home/su1jun/Capstone/colcon_ws/install/vizanti_msgs/share/vizanti_msgs/cmake/vizanti_msgsConfig.cmake
[4.191s] -- Symlinking: /home/su1jun/Capstone/colcon_ws/install/vizanti_msgs/share/vizanti_msgs/cmake/vizanti_msgsConfig-version.cmake
[4.196s] -- Symlinking: /home/su1jun/Capstone/colcon_ws/install/vizanti_msgs/share/vizanti_msgs/package.xml
[4.201s] -- Installing: /home/su1jun/Capstone/colcon_ws/install/vizanti_msgs/lib/libvizanti_msgs__rosidl_generator_c.so
[4.201s] -- Set runtime path of "/home/su1jun/Capstone/colcon_ws/install/vizanti_msgs/lib/libvizanti_msgs__rosidl_generator_c.so" to ""
[4.201s] -- Installing: /home/su1jun/Capstone/colcon_ws/install/vizanti_msgs/lib/libvizanti_msgs__rosidl_typesupport_fastrtps_c.so
[4.201s] -- Set runtime path of "/home/su1jun/Capstone/colcon_ws/install/vizanti_msgs/lib/libvizanti_msgs__rosidl_typesupport_fastrtps_c.so" to ""
[4.201s] -- Installing: /home/su1jun/Capstone/colcon_ws/install/vizanti_msgs/lib/libvizanti_msgs__rosidl_typesupport_introspection_c.so
[4.202s] -- Set runtime path of "/home/su1jun/Capstone/colcon_ws/install/vizanti_msgs/lib/libvizanti_msgs__rosidl_typesupport_introspection_c.so" to ""
[4.202s] -- Installing: /home/su1jun/Capstone/colcon_ws/install/vizanti_msgs/lib/libvizanti_msgs__rosidl_typesupport_c.so
[4.202s] -- Set runtime path of "/home/su1jun/Capstone/colcon_ws/install/vizanti_msgs/lib/libvizanti_msgs__rosidl_typesupport_c.so" to ""
[4.202s] -- Installing: /home/su1jun/Capstone/colcon_ws/install/vizanti_msgs/lib/libvizanti_msgs__rosidl_typesupport_fastrtps_cpp.so
[4.202s] -- Set runtime path of "/home/su1jun/Capstone/colcon_ws/install/vizanti_msgs/lib/libvizanti_msgs__rosidl_typesupport_fastrtps_cpp.so" to ""
[4.202s] -- Installing: /home/su1jun/Capstone/colcon_ws/install/vizanti_msgs/lib/libvizanti_msgs__rosidl_typesupport_introspection_cpp.so
[4.203s] -- Set runtime path of "/home/su1jun/Capstone/colcon_ws/install/vizanti_msgs/lib/libvizanti_msgs__rosidl_typesupport_introspection_cpp.so" to ""
[4.203s] -- Installing: /home/su1jun/Capstone/colcon_ws/install/vizanti_msgs/lib/libvizanti_msgs__rosidl_typesupport_cpp.so
[4.203s] -- Set runtime path of "/home/su1jun/Capstone/colcon_ws/install/vizanti_msgs/lib/libvizanti_msgs__rosidl_typesupport_cpp.so" to ""
[4.225s] Listing '/home/su1jun/Capstone/colcon_ws/install/vizanti_msgs/local/lib/python3.10/dist-packages/vizanti_msgs'...
[4.225s] Compiling '/home/su1jun/Capstone/colcon_ws/install/vizanti_msgs/local/lib/python3.10/dist-packages/vizanti_msgs/__init__.py'...
[4.225s] Listing '/home/su1jun/Capstone/colcon_ws/install/vizanti_msgs/local/lib/python3.10/dist-packages/vizanti_msgs/srv'...
[4.225s] Compiling '/home/su1jun/Capstone/colcon_ws/install/vizanti_msgs/local/lib/python3.10/dist-packages/vizanti_msgs/srv/__init__.py'...
[4.225s] Compiling '/home/su1jun/Capstone/colcon_ws/install/vizanti_msgs/local/lib/python3.10/dist-packages/vizanti_msgs/srv/_get_node_parameters.py'...
[4.225s] Compiling '/home/su1jun/Capstone/colcon_ws/install/vizanti_msgs/local/lib/python3.10/dist-packages/vizanti_msgs/srv/_list_executables.py'...
[4.225s] Compiling '/home/su1jun/Capstone/colcon_ws/install/vizanti_msgs/local/lib/python3.10/dist-packages/vizanti_msgs/srv/_list_packages.py'...
[4.225s] Compiling '/home/su1jun/Capstone/colcon_ws/install/vizanti_msgs/local/lib/python3.10/dist-packages/vizanti_msgs/srv/_load_map.py'...
[4.225s] Compiling '/home/su1jun/Capstone/colcon_ws/install/vizanti_msgs/local/lib/python3.10/dist-packages/vizanti_msgs/srv/_manage_node.py'...
[4.225s] Compiling '/home/su1jun/Capstone/colcon_ws/install/vizanti_msgs/local/lib/python3.10/dist-packages/vizanti_msgs/srv/_record_rosbag.py'...
[4.225s] Compiling '/home/su1jun/Capstone/colcon_ws/install/vizanti_msgs/local/lib/python3.10/dist-packages/vizanti_msgs/srv/_save_map.py'...
[4.225s] Compiling '/home/su1jun/Capstone/colcon_ws/install/vizanti_msgs/local/lib/python3.10/dist-packages/vizanti_msgs/srv/_set_node_parameter.py'...
[4.227s] -- Installing: /home/su1jun/Capstone/colcon_ws/install/vizanti_msgs/lib/libvizanti_msgs__rosidl_generator_py.so
[4.227s] -- Set runtime path of "/home/su1jun/Capstone/colcon_ws/install/vizanti_msgs/lib/libvizanti_msgs__rosidl_generator_py.so" to ""
[4.227s] -- Installing: /home/su1jun/Capstone/colcon_ws/install/vizanti_msgs/share/vizanti_msgs/cmake/export_vizanti_msgs__rosidl_generator_cExport.cmake
[4.228s] -- Installing: /home/su1jun/Capstone/colcon_ws/install/vizanti_msgs/share/vizanti_msgs/cmake/export_vizanti_msgs__rosidl_generator_cExport-noconfig.cmake
[4.228s] -- Installing: /home/su1jun/Capstone/colcon_ws/install/vizanti_msgs/share/vizanti_msgs/cmake/export_vizanti_msgs__rosidl_typesupport_fastrtps_cExport.cmake
[4.228s] -- Installing: /home/su1jun/Capstone/colcon_ws/install/vizanti_msgs/share/vizanti_msgs/cmake/export_vizanti_msgs__rosidl_typesupport_fastrtps_cExport-noconfig.cmake
[4.228s] -- Installing: /home/su1jun/Capstone/colcon_ws/install/vizanti_msgs/share/vizanti_msgs/cmake/vizanti_msgs__rosidl_typesupport_introspection_cExport.cmake
[4.228s] -- Installing: /home/su1jun/Capstone/colcon_ws/install/vizanti_msgs/share/vizanti_msgs/cmake/vizanti_msgs__rosidl_typesupport_introspection_cExport-noconfig.cmake
[4.228s] -- Installing: /home/su1jun/Capstone/colcon_ws/install/vizanti_msgs/share/vizanti_msgs/cmake/vizanti_msgs__rosidl_typesupport_cExport.cmake
[4.228s] -- Installing: /home/su1jun/Capstone/colcon_ws/install/vizanti_msgs/share/vizanti_msgs/cmake/vizanti_msgs__rosidl_typesupport_cExport-noconfig.cmake
[4.228s] -- Installing: /home/su1jun/Capstone/colcon_ws/install/vizanti_msgs/share/vizanti_msgs/cmake/export_vizanti_msgs__rosidl_generator_cppExport.cmake
[4.228s] -- Installing: /home/su1jun/Capstone/colcon_ws/install/vizanti_msgs/share/vizanti_msgs/cmake/export_vizanti_msgs__rosidl_typesupport_fastrtps_cppExport.cmake
[4.228s] -- Installing: /home/su1jun/Capstone/colcon_ws/install/vizanti_msgs/share/vizanti_msgs/cmake/export_vizanti_msgs__rosidl_typesupport_fastrtps_cppExport-noconfig.cmake
[4.228s] -- Installing: /home/su1jun/Capstone/colcon_ws/install/vizanti_msgs/share/vizanti_msgs/cmake/vizanti_msgs__rosidl_typesupport_introspection_cppExport.cmake
[4.228s] -- Installing: /home/su1jun/Capstone/colcon_ws/install/vizanti_msgs/share/vizanti_msgs/cmake/vizanti_msgs__rosidl_typesupport_introspection_cppExport-noconfig.cmake
[4.229s] -- Installing: /home/su1jun/Capstone/colcon_ws/install/vizanti_msgs/share/vizanti_msgs/cmake/vizanti_msgs__rosidl_typesupport_cppExport.cmake
[4.229s] -- Installing: /home/su1jun/Capstone/colcon_ws/install/vizanti_msgs/share/vizanti_msgs/cmake/vizanti_msgs__rosidl_typesupport_cppExport-noconfig.cmake
[4.229s] -- Installing: /home/su1jun/Capstone/colcon_ws/install/vizanti_msgs/share/vizanti_msgs/cmake/export_vizanti_msgs__rosidl_generator_pyExport.cmake
[4.229s] -- Installing: /home/su1jun/Capstone/colcon_ws/install/vizanti_msgs/share/vizanti_msgs/cmake/export_vizanti_msgs__rosidl_generator_pyExport-noconfig.cmake
[4.231s] Invoked command in '/home/su1jun/Capstone/colcon_ws/build/vizanti_msgs' returned '0': CMAKE_PREFIX_PATH=/home/su1jun/ros2_ws/install/robot:/opt/ros/humble:${CMAKE_PREFIX_PATH} /usr/bin/cmake --install /home/su1jun/Capstone/colcon_ws/build/vizanti_msgs
