[0.320s] Invoking command in '/root/Capstone/ros2_ws/src/robot': PYTHONPATH=/root/Capstone/ros2_ws/build/robot/prefix_override:/root/Capstone/ros2_ws/install/robot/lib/python3.10/site-packages:${PYTHONPATH} /usr/bin/python3 -W ignore:setup.py install is deprecated setup.py egg_info --egg-base ../../build/robot build --build-base /root/Capstone/ros2_ws/build/robot/build install --record /root/Capstone/ros2_ws/build/robot/install.log --single-version-externally-managed install_data
[0.416s] running egg_info
[0.421s] writing ../../build/robot/robot.egg-info/PKG-INFO
[0.422s] writing dependency_links to ../../build/robot/robot.egg-info/dependency_links.txt
[0.422s] writing entry points to ../../build/robot/robot.egg-info/entry_points.txt
[0.422s] writing requirements to ../../build/robot/robot.egg-info/requires.txt
[0.422s] writing top-level names to ../../build/robot/robot.egg-info/top_level.txt
[0.433s] reading manifest file '../../build/robot/robot.egg-info/SOURCES.txt'
[0.434s] writing manifest file '../../build/robot/robot.egg-info/SOURCES.txt'
[0.434s] running build
[0.434s] running build_py
[0.434s] running install
[0.436s] running install_lib
[0.442s] running install_data
[0.442s] running install_egg_info
[0.448s] removing '/root/Capstone/ros2_ws/install/robot/lib/python3.10/site-packages/robot-0.0.0-py3.10.egg-info' (and everything under it)
[0.448s] Copying ../../build/robot/robot.egg-info to /root/Capstone/ros2_ws/install/robot/lib/python3.10/site-packages/robot-0.0.0-py3.10.egg-info
[0.449s] running install_scripts
[0.505s] Installing bluetooth script to /root/Capstone/ros2_ws/install/robot/lib/robot
[0.505s] Installing motor script to /root/Capstone/ros2_ws/install/robot/lib/robot
[0.505s] Installing switch script to /root/Capstone/ros2_ws/install/robot/lib/robot
[0.505s] writing list of installed files to '/root/Capstone/ros2_ws/build/robot/install.log'
[0.516s] Invoked command in '/root/Capstone/ros2_ws/src/robot' returned '0': PYTHONPATH=/root/Capstone/ros2_ws/build/robot/prefix_override:/root/Capstone/ros2_ws/install/robot/lib/python3.10/site-packages:${PYTHONPATH} /usr/bin/python3 -W ignore:setup.py install is deprecated setup.py egg_info --egg-base ../../build/robot build --build-base /root/Capstone/ros2_ws/build/robot/build install --record /root/Capstone/ros2_ws/build/robot/install.log --single-version-externally-managed install_data
