[0.025s] Invoking command in '/home/su1jun/Capstone/ros2_ws/build/diffdrive_arduino': CMAKE_PREFIX_PATH=/home/su1jun/Capstone/ros2_ws/install/serial:/home/su1jun/Capstone/ros2_ws/install/sllidar_ros2:/home/su1jun/Capstone/ros2_ws/install/serial_motor_demo_msgs:/home/su1jun/Capstone/ros2_ws/install/diffdrive_arduino:/home/su1jun/Capstone/ros2_ws/install/dynamixel_hardware:/home/su1jun/Capstone/ros2_ws/install/capstone:/home/su1jun/Capstone/ros2_ws/install/articubot_one:/home/su1jun/Capstone/colcon_ws/install/vizanti:/home/su1jun/Capstone/colcon_ws/install/vizanti_server:/home/su1jun/Capstone/colcon_ws/install/vizanti_demos:/home/su1jun/Capstone/colcon_ws/install/vizanti_msgs:/home/su1jun/Capstone/colcon_ws/install/vizanti_cpp:/home/su1jun/Capstone/ros2_ws/install/serial_motor_demo:/home/su1jun/Capstone/ros2_ws/install/robot:/opt/ros/humble /usr/bin/cmake /home/su1jun/Capstone/ros2_ws/src/diffdrive_arduino -DAMENT_CMAKE_SYMLINK_INSTALL=1 -DCMAKE_INSTALL_PREFIX=/home/su1jun/Capstone/ros2_ws/install/diffdrive_arduino
[0.044s] -- Found ament_cmake: 1.3.9 (/opt/ros/humble/share/ament_cmake/cmake)
[0.216s] -- Override CMake install command with custom implementation using symlinks instead of copying resources
[0.228s] -- Found serial: 1.2.1 (/home/su1jun/Capstone/ros2_ws/install/serial/share/serial/cmake)
[0.231s] -- Found hardware_interface: 2.41.0 (/opt/ros/humble/share/hardware_interface/cmake)
[0.268s] -- Found rosidl_generator_c: 3.1.5 (/opt/ros/humble/share/rosidl_generator_c/cmake)
[0.271s] -- Found rosidl_adapter: 3.1.5 (/opt/ros/humble/share/rosidl_adapter/cmake)
[0.278s] -- Found rosidl_generator_cpp: 3.1.5 (/opt/ros/humble/share/rosidl_generator_cpp/cmake)
[0.292s] -- Using all available rosidl_typesupport_c: rosidl_typesupport_fastrtps_c;rosidl_typesupport_introspection_c
[0.311s] -- Using all available rosidl_typesupport_cpp: rosidl_typesupport_fastrtps_cpp;rosidl_typesupport_introspection_cpp
[1.581s] -- Found rmw_implementation_cmake: 6.1.2 (/opt/ros/humble/share/rmw_implementation_cmake/cmake)
[1.590s] -- Found rmw_fastrtps_cpp: 6.2.6 (/opt/ros/humble/share/rmw_fastrtps_cpp/cmake)
[1.642s] -- Found TinyXML2 via Config file: TinyXML2_DIR-NOTFOUND
[1.653s] -- Found TinyXML2 via Config file: TinyXML2_DIR-NOTFOUND
[1.683s] -- Found TinyXML2 via Config file: TinyXML2_DIR-NOTFOUND
[1.702s] -- Found TinyXML2 via Config file: TinyXML2_DIR-NOTFOUND
[1.716s] -- Using RMW implementation 'rmw_fastrtps_cpp' as default
[2.003s] -- Found controller_manager: 2.41.0 (/opt/ros/humble/share/controller_manager/cmake)
[6.013s] -- Configuring done
[6.190s] -- Generating done
[6.193s] -- Build files have been written to: /home/su1jun/Capstone/ros2_ws/build/diffdrive_arduino
[6.230s] Invoked command in '/home/su1jun/Capstone/ros2_ws/build/diffdrive_arduino' returned '0': CMAKE_PREFIX_PATH=/home/su1jun/Capstone/ros2_ws/install/serial:/home/su1jun/Capstone/ros2_ws/install/sllidar_ros2:/home/su1jun/Capstone/ros2_ws/install/serial_motor_demo_msgs:/home/su1jun/Capstone/ros2_ws/install/diffdrive_arduino:/home/su1jun/Capstone/ros2_ws/install/dynamixel_hardware:/home/su1jun/Capstone/ros2_ws/install/capstone:/home/su1jun/Capstone/ros2_ws/install/articubot_one:/home/su1jun/Capstone/colcon_ws/install/vizanti:/home/su1jun/Capstone/colcon_ws/install/vizanti_server:/home/su1jun/Capstone/colcon_ws/install/vizanti_demos:/home/su1jun/Capstone/colcon_ws/install/vizanti_msgs:/home/su1jun/Capstone/colcon_ws/install/vizanti_cpp:/home/su1jun/Capstone/ros2_ws/install/serial_motor_demo:/home/su1jun/Capstone/ros2_ws/install/robot:/opt/ros/humble /usr/bin/cmake /home/su1jun/Capstone/ros2_ws/src/diffdrive_arduino -DAMENT_CMAKE_SYMLINK_INSTALL=1 -DCMAKE_INSTALL_PREFIX=/home/su1jun/Capstone/ros2_ws/install/diffdrive_arduino
[6.231s] Invoking command in '/home/su1jun/Capstone/ros2_ws/build/diffdrive_arduino': CMAKE_PREFIX_PATH=/home/su1jun/Capstone/ros2_ws/install/serial:/home/su1jun/Capstone/ros2_ws/install/sllidar_ros2:/home/su1jun/Capstone/ros2_ws/install/serial_motor_demo_msgs:/home/su1jun/Capstone/ros2_ws/install/diffdrive_arduino:/home/su1jun/Capstone/ros2_ws/install/dynamixel_hardware:/home/su1jun/Capstone/ros2_ws/install/capstone:/home/su1jun/Capstone/ros2_ws/install/articubot_one:/home/su1jun/Capstone/colcon_ws/install/vizanti:/home/su1jun/Capstone/colcon_ws/install/vizanti_server:/home/su1jun/Capstone/colcon_ws/install/vizanti_demos:/home/su1jun/Capstone/colcon_ws/install/vizanti_msgs:/home/su1jun/Capstone/colcon_ws/install/vizanti_cpp:/home/su1jun/Capstone/ros2_ws/install/serial_motor_demo:/home/su1jun/Capstone/ros2_ws/install/robot:/opt/ros/humble /usr/bin/cmake --build /home/su1jun/Capstone/ros2_ws/build/diffdrive_arduino -- -j4 -l4
[6.424s] [35m[1mConsolidate compiler generated dependencies of target fake_robot[0m
[6.426s] [35m[1mConsolidate compiler generated dependencies of target diffdrive_arduino[0m
[6.522s] [ 57%] Built target diffdrive_arduino
[6.537s] [100%] Built target fake_robot
[6.577s] Invoked command in '/home/su1jun/Capstone/ros2_ws/build/diffdrive_arduino' returned '0': CMAKE_PREFIX_PATH=/home/su1jun/Capstone/ros2_ws/install/serial:/home/su1jun/Capstone/ros2_ws/install/sllidar_ros2:/home/su1jun/Capstone/ros2_ws/install/serial_motor_demo_msgs:/home/su1jun/Capstone/ros2_ws/install/diffdrive_arduino:/home/su1jun/Capstone/ros2_ws/install/dynamixel_hardware:/home/su1jun/Capstone/ros2_ws/install/capstone:/home/su1jun/Capstone/ros2_ws/install/articubot_one:/home/su1jun/Capstone/colcon_ws/install/vizanti:/home/su1jun/Capstone/colcon_ws/install/vizanti_server:/home/su1jun/Capstone/colcon_ws/install/vizanti_demos:/home/su1jun/Capstone/colcon_ws/install/vizanti_msgs:/home/su1jun/Capstone/colcon_ws/install/vizanti_cpp:/home/su1jun/Capstone/ros2_ws/install/serial_motor_demo:/home/su1jun/Capstone/ros2_ws/install/robot:/opt/ros/humble /usr/bin/cmake --build /home/su1jun/Capstone/ros2_ws/build/diffdrive_arduino -- -j4 -l4
[6.956s] Invoking command in '/home/su1jun/Capstone/ros2_ws/build/diffdrive_arduino': CMAKE_PREFIX_PATH=/home/su1jun/Capstone/ros2_ws/install/serial:/home/su1jun/Capstone/ros2_ws/install/sllidar_ros2:/home/su1jun/Capstone/ros2_ws/install/serial_motor_demo_msgs:/home/su1jun/Capstone/ros2_ws/install/diffdrive_arduino:/home/su1jun/Capstone/ros2_ws/install/dynamixel_hardware:/home/su1jun/Capstone/ros2_ws/install/capstone:/home/su1jun/Capstone/ros2_ws/install/articubot_one:/home/su1jun/Capstone/colcon_ws/install/vizanti:/home/su1jun/Capstone/colcon_ws/install/vizanti_server:/home/su1jun/Capstone/colcon_ws/install/vizanti_demos:/home/su1jun/Capstone/colcon_ws/install/vizanti_msgs:/home/su1jun/Capstone/colcon_ws/install/vizanti_cpp:/home/su1jun/Capstone/ros2_ws/install/serial_motor_demo:/home/su1jun/Capstone/ros2_ws/install/robot:/opt/ros/humble /usr/bin/cmake --install /home/su1jun/Capstone/ros2_ws/build/diffdrive_arduino
[6.971s] -- Install configuration: ""
[6.973s] -- Execute custom install script
[6.974s] -- Up-to-date symlink: /home/su1jun/Capstone/ros2_ws/install/diffdrive_arduino/share/diffdrive_arduino//robot_hardware.xml
[6.975s] -- Up-to-date symlink: /home/su1jun/Capstone/ros2_ws/install/diffdrive_arduino/share/diffdrive_arduino//fake_robot_hardware.xml
[6.977s] -- Up-to-date symlink: /home/su1jun/Capstone/ros2_ws/install/diffdrive_arduino/lib/libdiffdrive_arduino.so
[6.978s] -- Up-to-date symlink: /home/su1jun/Capstone/ros2_ws/install/diffdrive_arduino/lib/libfake_robot.so
[6.980s] -- Up-to-date symlink: /home/su1jun/Capstone/ros2_ws/install/diffdrive_arduino/share/diffdrive_arduino/controllers/robot_controller_example.yaml
[6.984s] -- Up-to-date symlink: /home/su1jun/Capstone/ros2_ws/install/diffdrive_arduino/share/diffdrive_arduino/__pycache__/test_robot.launch.cpython-310.pyc
[6.985s] -- Up-to-date symlink: /home/su1jun/Capstone/ros2_ws/install/diffdrive_arduino/share/diffdrive_arduino/fake_robot.launch.py
[6.985s] -- Up-to-date symlink: /home/su1jun/Capstone/ros2_ws/install/diffdrive_arduino/share/diffdrive_arduino/test_robot.launch.py
[6.986s] -- Up-to-date symlink: /home/su1jun/Capstone/ros2_ws/install/diffdrive_arduino/share/diffdrive_arduino/environment/library_path.sh
[6.986s] -- Up-to-date symlink: /home/su1jun/Capstone/ros2_ws/install/diffdrive_arduino/share/diffdrive_arduino/environment/library_path.dsv
[6.986s] -- Up-to-date symlink: /home/su1jun/Capstone/ros2_ws/install/diffdrive_arduino/share/ament_index/resource_index/package_run_dependencies/diffdrive_arduino
[6.997s] -- Up-to-date symlink: /home/su1jun/Capstone/ros2_ws/install/diffdrive_arduino/share/ament_index/resource_index/parent_prefix_path/diffdrive_arduino
[6.998s] -- Up-to-date symlink: /home/su1jun/Capstone/ros2_ws/install/diffdrive_arduino/share/diffdrive_arduino/environment/ament_prefix_path.sh
[6.998s] -- Up-to-date symlink: /home/su1jun/Capstone/ros2_ws/install/diffdrive_arduino/share/diffdrive_arduino/environment/ament_prefix_path.dsv
[6.998s] -- Up-to-date symlink: /home/su1jun/Capstone/ros2_ws/install/diffdrive_arduino/share/diffdrive_arduino/environment/path.sh
[6.998s] -- Up-to-date symlink: /home/su1jun/Capstone/ros2_ws/install/diffdrive_arduino/share/diffdrive_arduino/environment/path.dsv
[7.000s] -- Up-to-date symlink: /home/su1jun/Capstone/ros2_ws/install/diffdrive_arduino/share/diffdrive_arduino/local_setup.bash
[7.000s] -- Up-to-date symlink: /home/su1jun/Capstone/ros2_ws/install/diffdrive_arduino/share/diffdrive_arduino/local_setup.sh
[7.000s] -- Up-to-date symlink: /home/su1jun/Capstone/ros2_ws/install/diffdrive_arduino/share/diffdrive_arduino/local_setup.zsh
[7.001s] -- Up-to-date symlink: /home/su1jun/Capstone/ros2_ws/install/diffdrive_arduino/share/diffdrive_arduino/local_setup.dsv
[7.001s] -- Symlinking: /home/su1jun/Capstone/ros2_ws/install/diffdrive_arduino/share/diffdrive_arduino/package.dsv
[7.016s] -- Up-to-date symlink: /home/su1jun/Capstone/ros2_ws/install/diffdrive_arduino/share/ament_index/resource_index/packages/diffdrive_arduino
[7.017s] -- Up-to-date symlink: /home/su1jun/Capstone/ros2_ws/install/diffdrive_arduino/share/ament_index/resource_index/hardware_interface__pluginlib__plugin/diffdrive_arduino
[7.017s] -- Up-to-date symlink: /home/su1jun/Capstone/ros2_ws/install/diffdrive_arduino/share/diffdrive_arduino/cmake/ament_cmake_export_libraries-extras.cmake
[7.017s] -- Up-to-date symlink: /home/su1jun/Capstone/ros2_ws/install/diffdrive_arduino/share/diffdrive_arduino/cmake/ament_cmake_export_dependencies-extras.cmake
[7.017s] -- Up-to-date symlink: /home/su1jun/Capstone/ros2_ws/install/diffdrive_arduino/share/diffdrive_arduino/cmake/diffdrive_arduinoConfig.cmake
[7.017s] -- Up-to-date symlink: /home/su1jun/Capstone/ros2_ws/install/diffdrive_arduino/share/diffdrive_arduino/cmake/diffdrive_arduinoConfig-version.cmake
[7.027s] -- Up-to-date symlink: /home/su1jun/Capstone/ros2_ws/install/diffdrive_arduino/share/diffdrive_arduino/package.xml
[7.027s] Invoked command in '/home/su1jun/Capstone/ros2_ws/build/diffdrive_arduino' returned '0': CMAKE_PREFIX_PATH=/home/su1jun/Capstone/ros2_ws/install/serial:/home/su1jun/Capstone/ros2_ws/install/sllidar_ros2:/home/su1jun/Capstone/ros2_ws/install/serial_motor_demo_msgs:/home/su1jun/Capstone/ros2_ws/install/diffdrive_arduino:/home/su1jun/Capstone/ros2_ws/install/dynamixel_hardware:/home/su1jun/Capstone/ros2_ws/install/capstone:/home/su1jun/Capstone/ros2_ws/install/articubot_one:/home/su1jun/Capstone/colcon_ws/install/vizanti:/home/su1jun/Capstone/colcon_ws/install/vizanti_server:/home/su1jun/Capstone/colcon_ws/install/vizanti_demos:/home/su1jun/Capstone/colcon_ws/install/vizanti_msgs:/home/su1jun/Capstone/colcon_ws/install/vizanti_cpp:/home/su1jun/Capstone/ros2_ws/install/serial_motor_demo:/home/su1jun/Capstone/ros2_ws/install/robot:/opt/ros/humble /usr/bin/cmake --install /home/su1jun/Capstone/ros2_ws/build/diffdrive_arduino
