[0.536s] DEBUG:colcon:Command line arguments: ['/home/su1jun/.local/bin/colcon', 'build', '--symlink-install']
[0.536s] DEBUG:colcon:Parsed command line arguments: Namespace(log_base=None, log_level=None, verb_name='build', build_base='build', install_base='install', merge_install=False, symlink_install=True, test_result_base=None, continue_on_error=False, executor='parallel', parallel_workers=20, event_handlers=None, ignore_user_meta=False, metas=['./colcon.meta'], base_paths=['.'], packages_ignore=None, packages_ignore_regex=None, paths=None, packages_up_to=None, packages_up_to_regex=None, packages_above=None, packages_above_and_dependencies=None, packages_above_depth=None, packages_select_by_dep=None, packages_skip_by_dep=None, packages_skip_up_to=None, packages_select_build_failed=False, packages_skip_build_finished=False, packages_select_test_failures=False, packages_skip_test_passed=False, packages_select=None, packages_skip=None, packages_select_regex=None, packages_skip_regex=None, packages_start=None, packages_end=None, allow_overriding=[], cmake_args=None, cmake_target=None, cmake_target_skip_unavailable=False, cmake_clean_cache=False, cmake_clean_first=False, cmake_force_configure=False, ament_cmake_args=None, catkin_cmake_args=None, catkin_skip_building_tests=False, mixin_files=None, mixin=None, verb_parser=<colcon_mixin.mixin.mixin_argument.MixinArgumentDecorator object at 0x79ef7a1e2b30>, verb_extension=<colcon_core.verb.build.BuildVerb object at 0x79ef7a2d5f00>, main=<bound method BuildVerb.main of <colcon_core.verb.build.BuildVerb object at 0x79ef7a2d5f00>>, mixin_verb=('build',))
[0.567s] Level 1:colcon.colcon_core.package_discovery:discover_packages(colcon_meta) check parameters
[0.567s] Level 1:colcon.colcon_core.package_discovery:discover_packages(recursive) check parameters
[0.567s] Level 1:colcon.colcon_core.package_discovery:discover_packages(ignore) check parameters
[0.567s] Level 1:colcon.colcon_core.package_discovery:discover_packages(path) check parameters
[0.567s] Level 1:colcon.colcon_core.package_discovery:discover_packages(colcon_meta) discover
[0.567s] Level 1:colcon.colcon_core.package_discovery:discover_packages(recursive) discover
[0.567s] INFO:colcon.colcon_core.package_discovery:Crawling recursively for packages in '/home/su1jun/Capstone/colcon_ws'
[0.567s] Level 1:colcon.colcon_core.package_identification:_identify(.) by extensions ['ignore', 'ignore_ament_install']
[0.567s] Level 1:colcon.colcon_core.package_identification:_identify(.) by extension 'ignore'
[0.567s] Level 1:colcon.colcon_core.package_identification:_identify(.) by extension 'ignore_ament_install'
[0.567s] Level 1:colcon.colcon_core.package_identification:_identify(.) by extensions ['colcon_pkg']
[0.568s] Level 1:colcon.colcon_core.package_identification:_identify(.) by extension 'colcon_pkg'
[0.568s] Level 1:colcon.colcon_core.package_identification:_identify(.) by extensions ['colcon_meta']
[0.568s] Level 1:colcon.colcon_core.package_identification:_identify(.) by extension 'colcon_meta'
[0.568s] Level 1:colcon.colcon_core.package_identification:_identify(.) by extensions ['ros']
[0.568s] Level 1:colcon.colcon_core.package_identification:_identify(.) by extension 'ros'
[0.580s] Level 1:colcon.colcon_core.package_identification:_identify(.) by extensions ['cmake', 'python']
[0.580s] Level 1:colcon.colcon_core.package_identification:_identify(.) by extension 'cmake'
[0.580s] Level 1:colcon.colcon_core.package_identification:_identify(.) by extension 'python'
[0.580s] Level 1:colcon.colcon_core.package_identification:_identify(.) by extensions ['python_setup_py']
[0.580s] Level 1:colcon.colcon_core.package_identification:_identify(.) by extension 'python_setup_py'
[0.580s] Level 1:colcon.colcon_core.package_identification:_identify(build) by extensions ['ignore', 'ignore_ament_install']
[0.580s] Level 1:colcon.colcon_core.package_identification:_identify(build) by extension 'ignore'
[0.580s] Level 1:colcon.colcon_core.package_identification:_identify(build) ignored
[0.580s] Level 1:colcon.colcon_core.package_identification:_identify(install) by extensions ['ignore', 'ignore_ament_install']
[0.580s] Level 1:colcon.colcon_core.package_identification:_identify(install) by extension 'ignore'
[0.580s] Level 1:colcon.colcon_core.package_identification:_identify(install) ignored
[0.580s] Level 1:colcon.colcon_core.package_identification:_identify(log) by extensions ['ignore', 'ignore_ament_install']
[0.580s] Level 1:colcon.colcon_core.package_identification:_identify(log) by extension 'ignore'
[0.580s] Level 1:colcon.colcon_core.package_identification:_identify(log) ignored
[0.580s] Level 1:colcon.colcon_core.package_identification:_identify(src) by extensions ['ignore', 'ignore_ament_install']
[0.580s] Level 1:colcon.colcon_core.package_identification:_identify(src) by extension 'ignore'
[0.580s] Level 1:colcon.colcon_core.package_identification:_identify(src) by extension 'ignore_ament_install'
[0.580s] Level 1:colcon.colcon_core.package_identification:_identify(src) by extensions ['colcon_pkg']
[0.580s] Level 1:colcon.colcon_core.package_identification:_identify(src) by extension 'colcon_pkg'
[0.580s] Level 1:colcon.colcon_core.package_identification:_identify(src) by extensions ['colcon_meta']
[0.580s] Level 1:colcon.colcon_core.package_identification:_identify(src) by extension 'colcon_meta'
[0.580s] Level 1:colcon.colcon_core.package_identification:_identify(src) by extensions ['ros']
[0.580s] Level 1:colcon.colcon_core.package_identification:_identify(src) by extension 'ros'
[0.580s] Level 1:colcon.colcon_core.package_identification:_identify(src) by extensions ['cmake', 'python']
[0.580s] Level 1:colcon.colcon_core.package_identification:_identify(src) by extension 'cmake'
[0.580s] Level 1:colcon.colcon_core.package_identification:_identify(src) by extension 'python'
[0.580s] Level 1:colcon.colcon_core.package_identification:_identify(src) by extensions ['python_setup_py']
[0.580s] Level 1:colcon.colcon_core.package_identification:_identify(src) by extension 'python_setup_py'
[0.580s] Level 1:colcon.colcon_core.package_identification:_identify(src/vizanti) by extensions ['ignore', 'ignore_ament_install']
[0.580s] Level 1:colcon.colcon_core.package_identification:_identify(src/vizanti) by extension 'ignore'
[0.580s] Level 1:colcon.colcon_core.package_identification:_identify(src/vizanti) by extension 'ignore_ament_install'
[0.580s] Level 1:colcon.colcon_core.package_identification:_identify(src/vizanti) by extensions ['colcon_pkg']
[0.580s] Level 1:colcon.colcon_core.package_identification:_identify(src/vizanti) by extension 'colcon_pkg'
[0.581s] Level 1:colcon.colcon_core.package_identification:_identify(src/vizanti) by extensions ['colcon_meta']
[0.581s] Level 1:colcon.colcon_core.package_identification:_identify(src/vizanti) by extension 'colcon_meta'
[0.581s] Level 1:colcon.colcon_core.package_identification:_identify(src/vizanti) by extensions ['ros']
[0.581s] Level 1:colcon.colcon_core.package_identification:_identify(src/vizanti) by extension 'ros'
[0.581s] Level 1:colcon.colcon_core.package_identification:_identify(src/vizanti) by extensions ['cmake', 'python']
[0.581s] Level 1:colcon.colcon_core.package_identification:_identify(src/vizanti) by extension 'cmake'
[0.581s] Level 1:colcon.colcon_core.package_identification:_identify(src/vizanti) by extension 'python'
[0.581s] Level 1:colcon.colcon_core.package_identification:_identify(src/vizanti) by extensions ['python_setup_py']
[0.581s] Level 1:colcon.colcon_core.package_identification:_identify(src/vizanti) by extension 'python_setup_py'
[0.581s] Level 1:colcon.colcon_core.package_identification:_identify(src/vizanti/vizanti) by extensions ['ignore', 'ignore_ament_install']
[0.581s] Level 1:colcon.colcon_core.package_identification:_identify(src/vizanti/vizanti) by extension 'ignore'
[0.581s] Level 1:colcon.colcon_core.package_identification:_identify(src/vizanti/vizanti) by extension 'ignore_ament_install'
[0.581s] Level 1:colcon.colcon_core.package_identification:_identify(src/vizanti/vizanti) by extensions ['colcon_pkg']
[0.581s] Level 1:colcon.colcon_core.package_identification:_identify(src/vizanti/vizanti) by extension 'colcon_pkg'
[0.581s] Level 1:colcon.colcon_core.package_identification:_identify(src/vizanti/vizanti) by extensions ['colcon_meta']
[0.581s] Level 1:colcon.colcon_core.package_identification:_identify(src/vizanti/vizanti) by extension 'colcon_meta'
[0.581s] Level 1:colcon.colcon_core.package_identification:_identify(src/vizanti/vizanti) by extensions ['ros']
[0.581s] Level 1:colcon.colcon_core.package_identification:_identify(src/vizanti/vizanti) by extension 'ros'
[0.582s] DEBUG:colcon.colcon_core.package_identification:Package 'src/vizanti/vizanti' with type 'ros.ament_cmake' and name 'vizanti'
[0.582s] Level 1:colcon.colcon_core.package_identification:_identify(src/vizanti/vizanti_cpp) by extensions ['ignore', 'ignore_ament_install']
[0.582s] Level 1:colcon.colcon_core.package_identification:_identify(src/vizanti/vizanti_cpp) by extension 'ignore'
[0.582s] Level 1:colcon.colcon_core.package_identification:_identify(src/vizanti/vizanti_cpp) by extension 'ignore_ament_install'
[0.582s] Level 1:colcon.colcon_core.package_identification:_identify(src/vizanti/vizanti_cpp) by extensions ['colcon_pkg']
[0.582s] Level 1:colcon.colcon_core.package_identification:_identify(src/vizanti/vizanti_cpp) by extension 'colcon_pkg'
[0.582s] Level 1:colcon.colcon_core.package_identification:_identify(src/vizanti/vizanti_cpp) by extensions ['colcon_meta']
[0.582s] Level 1:colcon.colcon_core.package_identification:_identify(src/vizanti/vizanti_cpp) by extension 'colcon_meta'
[0.582s] Level 1:colcon.colcon_core.package_identification:_identify(src/vizanti/vizanti_cpp) by extensions ['ros']
[0.582s] Level 1:colcon.colcon_core.package_identification:_identify(src/vizanti/vizanti_cpp) by extension 'ros'
[0.582s] DEBUG:colcon.colcon_core.package_identification:Package 'src/vizanti/vizanti_cpp' with type 'ros.ament_cmake' and name 'vizanti_cpp'
[0.583s] Level 1:colcon.colcon_core.package_identification:_identify(src/vizanti/vizanti_demos) by extensions ['ignore', 'ignore_ament_install']
[0.583s] Level 1:colcon.colcon_core.package_identification:_identify(src/vizanti/vizanti_demos) by extension 'ignore'
[0.583s] Level 1:colcon.colcon_core.package_identification:_identify(src/vizanti/vizanti_demos) by extension 'ignore_ament_install'
[0.583s] Level 1:colcon.colcon_core.package_identification:_identify(src/vizanti/vizanti_demos) by extensions ['colcon_pkg']
[0.583s] Level 1:colcon.colcon_core.package_identification:_identify(src/vizanti/vizanti_demos) by extension 'colcon_pkg'
[0.583s] Level 1:colcon.colcon_core.package_identification:_identify(src/vizanti/vizanti_demos) by extensions ['colcon_meta']
[0.583s] Level 1:colcon.colcon_core.package_identification:_identify(src/vizanti/vizanti_demos) by extension 'colcon_meta'
[0.583s] Level 1:colcon.colcon_core.package_identification:_identify(src/vizanti/vizanti_demos) by extensions ['ros']
[0.583s] Level 1:colcon.colcon_core.package_identification:_identify(src/vizanti/vizanti_demos) by extension 'ros'
[0.583s] DEBUG:colcon.colcon_core.package_identification:Package 'src/vizanti/vizanti_demos' with type 'ros.ament_cmake' and name 'vizanti_demos'
[0.583s] Level 1:colcon.colcon_core.package_identification:_identify(src/vizanti/vizanti_msgs) by extensions ['ignore', 'ignore_ament_install']
[0.583s] Level 1:colcon.colcon_core.package_identification:_identify(src/vizanti/vizanti_msgs) by extension 'ignore'
[0.583s] Level 1:colcon.colcon_core.package_identification:_identify(src/vizanti/vizanti_msgs) by extension 'ignore_ament_install'
[0.583s] Level 1:colcon.colcon_core.package_identification:_identify(src/vizanti/vizanti_msgs) by extensions ['colcon_pkg']
[0.583s] Level 1:colcon.colcon_core.package_identification:_identify(src/vizanti/vizanti_msgs) by extension 'colcon_pkg'
[0.583s] Level 1:colcon.colcon_core.package_identification:_identify(src/vizanti/vizanti_msgs) by extensions ['colcon_meta']
[0.583s] Level 1:colcon.colcon_core.package_identification:_identify(src/vizanti/vizanti_msgs) by extension 'colcon_meta'
[0.583s] Level 1:colcon.colcon_core.package_identification:_identify(src/vizanti/vizanti_msgs) by extensions ['ros']
[0.583s] Level 1:colcon.colcon_core.package_identification:_identify(src/vizanti/vizanti_msgs) by extension 'ros'
[0.584s] DEBUG:colcon.colcon_core.package_identification:Package 'src/vizanti/vizanti_msgs' with type 'ros.ament_cmake' and name 'vizanti_msgs'
[0.584s] Level 1:colcon.colcon_core.package_identification:_identify(src/vizanti/vizanti_server) by extensions ['ignore', 'ignore_ament_install']
[0.584s] Level 1:colcon.colcon_core.package_identification:_identify(src/vizanti/vizanti_server) by extension 'ignore'
[0.584s] Level 1:colcon.colcon_core.package_identification:_identify(src/vizanti/vizanti_server) by extension 'ignore_ament_install'
[0.584s] Level 1:colcon.colcon_core.package_identification:_identify(src/vizanti/vizanti_server) by extensions ['colcon_pkg']
[0.584s] Level 1:colcon.colcon_core.package_identification:_identify(src/vizanti/vizanti_server) by extension 'colcon_pkg'
[0.584s] Level 1:colcon.colcon_core.package_identification:_identify(src/vizanti/vizanti_server) by extensions ['colcon_meta']
[0.584s] Level 1:colcon.colcon_core.package_identification:_identify(src/vizanti/vizanti_server) by extension 'colcon_meta'
[0.584s] Level 1:colcon.colcon_core.package_identification:_identify(src/vizanti/vizanti_server) by extensions ['ros']
[0.584s] Level 1:colcon.colcon_core.package_identification:_identify(src/vizanti/vizanti_server) by extension 'ros'
[0.584s] DEBUG:colcon.colcon_core.package_identification:Package 'src/vizanti/vizanti_server' with type 'ros.ament_cmake' and name 'vizanti_server'
[0.584s] Level 1:colcon.colcon_core.package_discovery:discover_packages(recursive) using defaults
[0.584s] Level 1:colcon.colcon_core.package_discovery:discover_packages(ignore) discover
[0.584s] Level 1:colcon.colcon_core.package_discovery:discover_packages(ignore) using defaults
[0.584s] Level 1:colcon.colcon_core.package_discovery:discover_packages(path) discover
[0.584s] Level 1:colcon.colcon_core.package_discovery:discover_packages(path) using defaults
[0.632s] Level 1:colcon.colcon_core.package_discovery:discover_packages(prefix_path) check parameters
[0.632s] Level 1:colcon.colcon_core.package_discovery:discover_packages(prefix_path) discover
[0.646s] DEBUG:colcon.colcon_installed_package_information.package_discovery:Found 13 installed packages in /home/su1jun/ros2_ws/install
[0.653s] DEBUG:colcon.colcon_installed_package_information.package_discovery:Found 3 installed packages in /home/su1jun/turtlebot3_ws/install
[0.660s] DEBUG:colcon.colcon_installed_package_information.package_discovery:Found 403 installed packages in /opt/ros/humble
[0.661s] Level 1:colcon.colcon_core.package_discovery:discover_packages(prefix_path) using defaults
[0.695s] Level 5:colcon.colcon_core.verb:set package 'vizanti_cpp' build argument 'cmake_args' from command line to 'None'
[0.695s] Level 5:colcon.colcon_core.verb:set package 'vizanti_cpp' build argument 'cmake_target' from command line to 'None'
[0.695s] Level 5:colcon.colcon_core.verb:set package 'vizanti_cpp' build argument 'cmake_target_skip_unavailable' from command line to 'False'
[0.695s] Level 5:colcon.colcon_core.verb:set package 'vizanti_cpp' build argument 'cmake_clean_cache' from command line to 'False'
[0.695s] Level 5:colcon.colcon_core.verb:set package 'vizanti_cpp' build argument 'cmake_clean_first' from command line to 'False'
[0.695s] Level 5:colcon.colcon_core.verb:set package 'vizanti_cpp' build argument 'cmake_force_configure' from command line to 'False'
[0.695s] Level 5:colcon.colcon_core.verb:set package 'vizanti_cpp' build argument 'ament_cmake_args' from command line to 'None'
[0.695s] Level 5:colcon.colcon_core.verb:set package 'vizanti_cpp' build argument 'catkin_cmake_args' from command line to 'None'
[0.695s] Level 5:colcon.colcon_core.verb:set package 'vizanti_cpp' build argument 'catkin_skip_building_tests' from command line to 'False'
[0.695s] DEBUG:colcon.colcon_core.verb:Building package 'vizanti_cpp' with the following arguments: {'ament_cmake_args': None, 'build_base': '/home/su1jun/Capstone/colcon_ws/build/vizanti_cpp', 'catkin_cmake_args': None, 'catkin_skip_building_tests': False, 'cmake_args': None, 'cmake_clean_cache': False, 'cmake_clean_first': False, 'cmake_force_configure': False, 'cmake_target': None, 'cmake_target_skip_unavailable': False, 'install_base': '/home/su1jun/Capstone/colcon_ws/install/vizanti_cpp', 'merge_install': False, 'path': '/home/su1jun/Capstone/colcon_ws/src/vizanti/vizanti_cpp', 'symlink_install': True, 'test_result_base': None}
[0.702s] Level 5:colcon.colcon_core.verb:set package 'vizanti_msgs' build argument 'cmake_args' from command line to 'None'
[0.702s] Level 5:colcon.colcon_core.verb:set package 'vizanti_msgs' build argument 'cmake_target' from command line to 'None'
[0.702s] Level 5:colcon.colcon_core.verb:set package 'vizanti_msgs' build argument 'cmake_target_skip_unavailable' from command line to 'False'
[0.702s] Level 5:colcon.colcon_core.verb:set package 'vizanti_msgs' build argument 'cmake_clean_cache' from command line to 'False'
[0.702s] Level 5:colcon.colcon_core.verb:set package 'vizanti_msgs' build argument 'cmake_clean_first' from command line to 'False'
[0.702s] Level 5:colcon.colcon_core.verb:set package 'vizanti_msgs' build argument 'cmake_force_configure' from command line to 'False'
[0.702s] Level 5:colcon.colcon_core.verb:set package 'vizanti_msgs' build argument 'ament_cmake_args' from command line to 'None'
[0.702s] Level 5:colcon.colcon_core.verb:set package 'vizanti_msgs' build argument 'catkin_cmake_args' from command line to 'None'
[0.702s] Level 5:colcon.colcon_core.verb:set package 'vizanti_msgs' build argument 'catkin_skip_building_tests' from command line to 'False'
[0.702s] DEBUG:colcon.colcon_core.verb:Building package 'vizanti_msgs' with the following arguments: {'ament_cmake_args': None, 'build_base': '/home/su1jun/Capstone/colcon_ws/build/vizanti_msgs', 'catkin_cmake_args': None, 'catkin_skip_building_tests': False, 'cmake_args': None, 'cmake_clean_cache': False, 'cmake_clean_first': False, 'cmake_force_configure': False, 'cmake_target': None, 'cmake_target_skip_unavailable': False, 'install_base': '/home/su1jun/Capstone/colcon_ws/install/vizanti_msgs', 'merge_install': False, 'path': '/home/su1jun/Capstone/colcon_ws/src/vizanti/vizanti_msgs', 'symlink_install': True, 'test_result_base': None}
[0.709s] Level 5:colcon.colcon_core.verb:set package 'vizanti_demos' build argument 'cmake_args' from command line to 'None'
[0.709s] Level 5:colcon.colcon_core.verb:set package 'vizanti_demos' build argument 'cmake_target' from command line to 'None'
[0.709s] Level 5:colcon.colcon_core.verb:set package 'vizanti_demos' build argument 'cmake_target_skip_unavailable' from command line to 'False'
[0.709s] Level 5:colcon.colcon_core.verb:set package 'vizanti_demos' build argument 'cmake_clean_cache' from command line to 'False'
[0.709s] Level 5:colcon.colcon_core.verb:set package 'vizanti_demos' build argument 'cmake_clean_first' from command line to 'False'
[0.709s] Level 5:colcon.colcon_core.verb:set package 'vizanti_demos' build argument 'cmake_force_configure' from command line to 'False'
[0.709s] Level 5:colcon.colcon_core.verb:set package 'vizanti_demos' build argument 'ament_cmake_args' from command line to 'None'
[0.709s] Level 5:colcon.colcon_core.verb:set package 'vizanti_demos' build argument 'catkin_cmake_args' from command line to 'None'
[0.709s] Level 5:colcon.colcon_core.verb:set package 'vizanti_demos' build argument 'catkin_skip_building_tests' from command line to 'False'
[0.709s] DEBUG:colcon.colcon_core.verb:Building package 'vizanti_demos' with the following arguments: {'ament_cmake_args': None, 'build_base': '/home/su1jun/Capstone/colcon_ws/build/vizanti_demos', 'catkin_cmake_args': None, 'catkin_skip_building_tests': False, 'cmake_args': None, 'cmake_clean_cache': False, 'cmake_clean_first': False, 'cmake_force_configure': False, 'cmake_target': None, 'cmake_target_skip_unavailable': False, 'install_base': '/home/su1jun/Capstone/colcon_ws/install/vizanti_demos', 'merge_install': False, 'path': '/home/su1jun/Capstone/colcon_ws/src/vizanti/vizanti_demos', 'symlink_install': True, 'test_result_base': None}
[0.716s] Level 5:colcon.colcon_core.verb:set package 'vizanti_server' build argument 'cmake_args' from command line to 'None'
[0.716s] Level 5:colcon.colcon_core.verb:set package 'vizanti_server' build argument 'cmake_target' from command line to 'None'
[0.716s] Level 5:colcon.colcon_core.verb:set package 'vizanti_server' build argument 'cmake_target_skip_unavailable' from command line to 'False'
[0.716s] Level 5:colcon.colcon_core.verb:set package 'vizanti_server' build argument 'cmake_clean_cache' from command line to 'False'
[0.716s] Level 5:colcon.colcon_core.verb:set package 'vizanti_server' build argument 'cmake_clean_first' from command line to 'False'
[0.716s] Level 5:colcon.colcon_core.verb:set package 'vizanti_server' build argument 'cmake_force_configure' from command line to 'False'
[0.716s] Level 5:colcon.colcon_core.verb:set package 'vizanti_server' build argument 'ament_cmake_args' from command line to 'None'
[0.716s] Level 5:colcon.colcon_core.verb:set package 'vizanti_server' build argument 'catkin_cmake_args' from command line to 'None'
[0.716s] Level 5:colcon.colcon_core.verb:set package 'vizanti_server' build argument 'catkin_skip_building_tests' from command line to 'False'
[0.716s] DEBUG:colcon.colcon_core.verb:Building package 'vizanti_server' with the following arguments: {'ament_cmake_args': None, 'build_base': '/home/su1jun/Capstone/colcon_ws/build/vizanti_server', 'catkin_cmake_args': None, 'catkin_skip_building_tests': False, 'cmake_args': None, 'cmake_clean_cache': False, 'cmake_clean_first': False, 'cmake_force_configure': False, 'cmake_target': None, 'cmake_target_skip_unavailable': False, 'install_base': '/home/su1jun/Capstone/colcon_ws/install/vizanti_server', 'merge_install': False, 'path': '/home/su1jun/Capstone/colcon_ws/src/vizanti/vizanti_server', 'symlink_install': True, 'test_result_base': None}
[0.723s] Level 5:colcon.colcon_core.verb:set package 'vizanti' build argument 'cmake_args' from command line to 'None'
[0.723s] Level 5:colcon.colcon_core.verb:set package 'vizanti' build argument 'cmake_target' from command line to 'None'
[0.723s] Level 5:colcon.colcon_core.verb:set package 'vizanti' build argument 'cmake_target_skip_unavailable' from command line to 'False'
[0.723s] Level 5:colcon.colcon_core.verb:set package 'vizanti' build argument 'cmake_clean_cache' from command line to 'False'
[0.723s] Level 5:colcon.colcon_core.verb:set package 'vizanti' build argument 'cmake_clean_first' from command line to 'False'
[0.723s] Level 5:colcon.colcon_core.verb:set package 'vizanti' build argument 'cmake_force_configure' from command line to 'False'
[0.723s] Level 5:colcon.colcon_core.verb:set package 'vizanti' build argument 'ament_cmake_args' from command line to 'None'
[0.723s] Level 5:colcon.colcon_core.verb:set package 'vizanti' build argument 'catkin_cmake_args' from command line to 'None'
[0.723s] Level 5:colcon.colcon_core.verb:set package 'vizanti' build argument 'catkin_skip_building_tests' from command line to 'False'
[0.723s] DEBUG:colcon.colcon_core.verb:Building package 'vizanti' with the following arguments: {'ament_cmake_args': None, 'build_base': '/home/su1jun/Capstone/colcon_ws/build/vizanti', 'catkin_cmake_args': None, 'catkin_skip_building_tests': False, 'cmake_args': None, 'cmake_clean_cache': False, 'cmake_clean_first': False, 'cmake_force_configure': False, 'cmake_target': None, 'cmake_target_skip_unavailable': False, 'install_base': '/home/su1jun/Capstone/colcon_ws/install/vizanti', 'merge_install': False, 'path': '/home/su1jun/Capstone/colcon_ws/src/vizanti/vizanti', 'symlink_install': True, 'test_result_base': None}
[0.729s] INFO:colcon.colcon_core.executor:Executing jobs using 'parallel' executor
[0.737s] DEBUG:colcon.colcon_parallel_executor.executor.parallel:run_until_complete
[0.737s] INFO:colcon.colcon_ros.task.ament_cmake.build:Building ROS package in '/home/su1jun/Capstone/colcon_ws/src/vizanti/vizanti_msgs' with build type 'ament_cmake'
[0.737s] INFO:colcon.colcon_cmake.task.cmake.build:Building CMake package in '/home/su1jun/Capstone/colcon_ws/src/vizanti/vizanti_msgs'
[0.744s] INFO:colcon.colcon_core.plugin_system:Skipping extension 'colcon_core.shell.bat': Not used on non-Windows systems
[0.744s] INFO:colcon.colcon_core.shell:Skip shell extension 'powershell' for command environment: Not usable outside of PowerShell
[0.744s] DEBUG:colcon.colcon_core.shell:Skip shell extension 'dsv' for command environment
[0.773s] INFO:colcon.colcon_ros.task.ament_cmake.build:Building ROS package in '/home/su1jun/Capstone/colcon_ws/src/vizanti/vizanti_cpp' with build type 'ament_cmake'
[0.773s] INFO:colcon.colcon_cmake.task.cmake.build:Building CMake package in '/home/su1jun/Capstone/colcon_ws/src/vizanti/vizanti_cpp'
[0.780s] INFO:colcon.colcon_core.shell:Skip shell extension 'powershell' for command environment: Not usable outside of PowerShell
[0.780s] DEBUG:colcon.colcon_core.shell:Skip shell extension 'dsv' for command environment
[0.810s] DEBUG:colcon.colcon_core.event_handler.log_command:Invoking command in '/home/su1jun/Capstone/colcon_ws/build/vizanti_msgs': CMAKE_PREFIX_PATH=/home/su1jun/ros2_ws/install/robot:/opt/ros/humble:${CMAKE_PREFIX_PATH} /usr/bin/cmake /home/su1jun/Capstone/colcon_ws/src/vizanti/vizanti_msgs -DAMENT_CMAKE_SYMLINK_INSTALL=1 -DCMAKE_INSTALL_PREFIX=/home/su1jun/Capstone/colcon_ws/install/vizanti_msgs
[0.812s] DEBUG:colcon.colcon_core.event_handler.log_command:Invoking command in '/home/su1jun/Capstone/colcon_ws/build/vizanti_cpp': CMAKE_PREFIX_PATH=/home/su1jun/ros2_ws/install/robot:/opt/ros/humble:${CMAKE_PREFIX_PATH} /usr/bin/cmake /home/su1jun/Capstone/colcon_ws/src/vizanti/vizanti_cpp -DAMENT_CMAKE_SYMLINK_INSTALL=1 -DCMAKE_INSTALL_PREFIX=/home/su1jun/Capstone/colcon_ws/install/vizanti_cpp
[1.663s] DEBUG:colcon.colcon_core.event_handler.log_command:Invoked command in '/home/su1jun/Capstone/colcon_ws/build/vizanti_cpp' returned '0': CMAKE_PREFIX_PATH=/home/su1jun/ros2_ws/install/robot:/opt/ros/humble:${CMAKE_PREFIX_PATH} /usr/bin/cmake /home/su1jun/Capstone/colcon_ws/src/vizanti/vizanti_cpp -DAMENT_CMAKE_SYMLINK_INSTALL=1 -DCMAKE_INSTALL_PREFIX=/home/su1jun/Capstone/colcon_ws/install/vizanti_cpp
[1.664s] DEBUG:colcon.colcon_core.event_handler.log_command:Invoking command in '/home/su1jun/Capstone/colcon_ws/build/vizanti_cpp': CMAKE_PREFIX_PATH=/home/su1jun/ros2_ws/install/robot:/opt/ros/humble:${CMAKE_PREFIX_PATH} /usr/bin/cmake --build /home/su1jun/Capstone/colcon_ws/build/vizanti_cpp -- -j20 -l20
[1.978s] DEBUG:colcon.colcon_core.event_handler.log_command:Invoked command in '/home/su1jun/Capstone/colcon_ws/build/vizanti_msgs' returned '0': CMAKE_PREFIX_PATH=/home/su1jun/ros2_ws/install/robot:/opt/ros/humble:${CMAKE_PREFIX_PATH} /usr/bin/cmake /home/su1jun/Capstone/colcon_ws/src/vizanti/vizanti_msgs -DAMENT_CMAKE_SYMLINK_INSTALL=1 -DCMAKE_INSTALL_PREFIX=/home/su1jun/Capstone/colcon_ws/install/vizanti_msgs
[1.979s] DEBUG:colcon.colcon_core.event_handler.log_command:Invoking command in '/home/su1jun/Capstone/colcon_ws/build/vizanti_msgs': CMAKE_PREFIX_PATH=/home/su1jun/ros2_ws/install/robot:/opt/ros/humble:${CMAKE_PREFIX_PATH} /usr/bin/cmake --build /home/su1jun/Capstone/colcon_ws/build/vizanti_msgs -- -j20 -l20
[4.066s] DEBUG:colcon.colcon_core.event_handler.log_command:Invoked command in '/home/su1jun/Capstone/colcon_ws/build/vizanti_msgs' returned '0': CMAKE_PREFIX_PATH=/home/su1jun/ros2_ws/install/robot:/opt/ros/humble:${CMAKE_PREFIX_PATH} /usr/bin/cmake --build /home/su1jun/Capstone/colcon_ws/build/vizanti_msgs -- -j20 -l20
[4.148s] DEBUG:colcon.colcon_core.event_handler.log_command:Invoking command in '/home/su1jun/Capstone/colcon_ws/build/vizanti_msgs': CMAKE_PREFIX_PATH=/home/su1jun/ros2_ws/install/robot:/opt/ros/humble:${CMAKE_PREFIX_PATH} /usr/bin/cmake --install /home/su1jun/Capstone/colcon_ws/build/vizanti_msgs
[4.967s] Level 1:colcon.colcon_core.environment:create_environment_scripts_only(vizanti_msgs)
[4.968s] DEBUG:colcon.colcon_core.event_handler.log_command:Invoked command in '/home/su1jun/Capstone/colcon_ws/build/vizanti_msgs' returned '0': CMAKE_PREFIX_PATH=/home/su1jun/ros2_ws/install/robot:/opt/ros/humble:${CMAKE_PREFIX_PATH} /usr/bin/cmake --install /home/su1jun/Capstone/colcon_ws/build/vizanti_msgs
[4.976s] Level 1:colcon.colcon_core.environment:checking '/home/su1jun/Capstone/colcon_ws/install/vizanti_msgs' for CMake module files
[4.976s] Level 1:colcon.colcon_core.environment:checking '/home/su1jun/Capstone/colcon_ws/install/vizanti_msgs' for CMake config files
[4.977s] Level 1:colcon.colcon_core.shell:create_environment_hook('vizanti_msgs', 'cmake_prefix_path')
[4.983s] INFO:colcon.colcon_core.shell:Creating environment hook '/home/su1jun/Capstone/colcon_ws/install/vizanti_msgs/share/vizanti_msgs/hook/cmake_prefix_path.ps1'
[4.984s] INFO:colcon.colcon_core.shell:Creating environment descriptor '/home/su1jun/Capstone/colcon_ws/install/vizanti_msgs/share/vizanti_msgs/hook/cmake_prefix_path.dsv'
[4.984s] INFO:colcon.colcon_core.shell:Creating environment hook '/home/su1jun/Capstone/colcon_ws/install/vizanti_msgs/share/vizanti_msgs/hook/cmake_prefix_path.sh'
[4.984s] Level 1:colcon.colcon_core.environment:checking '/home/su1jun/Capstone/colcon_ws/install/vizanti_msgs/lib'
[4.984s] Level 1:colcon.colcon_core.shell:create_environment_hook('vizanti_msgs', 'ld_library_path_lib')
[4.993s] INFO:colcon.colcon_core.shell:Creating environment hook '/home/su1jun/Capstone/colcon_ws/install/vizanti_msgs/share/vizanti_msgs/hook/ld_library_path_lib.ps1'
[4.993s] INFO:colcon.colcon_core.shell:Creating environment descriptor '/home/su1jun/Capstone/colcon_ws/install/vizanti_msgs/share/vizanti_msgs/hook/ld_library_path_lib.dsv'
[4.993s] INFO:colcon.colcon_core.shell:Creating environment hook '/home/su1jun/Capstone/colcon_ws/install/vizanti_msgs/share/vizanti_msgs/hook/ld_library_path_lib.sh'
[4.994s] Level 1:colcon.colcon_core.environment:checking '/home/su1jun/Capstone/colcon_ws/install/vizanti_msgs/bin'
[4.994s] Level 1:colcon.colcon_core.environment:checking '/home/su1jun/Capstone/colcon_ws/install/vizanti_msgs/lib/pkgconfig/vizanti_msgs.pc'
[4.994s] Level 1:colcon.colcon_core.environment:checking '/home/su1jun/Capstone/colcon_ws/install/vizanti_msgs/lib/python3.10/site-packages'
[4.994s] Level 1:colcon.colcon_core.environment:checking '/home/su1jun/Capstone/colcon_ws/install/vizanti_msgs/bin'
[5.001s] INFO:colcon.colcon_core.shell:Creating package script '/home/su1jun/Capstone/colcon_ws/install/vizanti_msgs/share/vizanti_msgs/package.ps1'
[5.001s] INFO:colcon.colcon_core.shell:Creating package descriptor '/home/su1jun/Capstone/colcon_ws/install/vizanti_msgs/share/vizanti_msgs/package.dsv'
[5.001s] INFO:colcon.colcon_core.shell:Creating package script '/home/su1jun/Capstone/colcon_ws/install/vizanti_msgs/share/vizanti_msgs/package.sh'
[5.002s] INFO:colcon.colcon_core.shell:Creating package script '/home/su1jun/Capstone/colcon_ws/install/vizanti_msgs/share/vizanti_msgs/package.bash'
[5.002s] INFO:colcon.colcon_core.shell:Creating package script '/home/su1jun/Capstone/colcon_ws/install/vizanti_msgs/share/vizanti_msgs/package.zsh'
[5.002s] Level 1:colcon.colcon_core.environment:create_file_with_runtime_dependencies(/home/su1jun/Capstone/colcon_ws/install/vizanti_msgs/share/colcon-core/packages/vizanti_msgs)
[5.083s] Level 1:colcon.colcon_core.environment:create_environment_scripts_only(vizanti_msgs)
[5.090s] Level 1:colcon.colcon_core.environment:checking '/home/su1jun/Capstone/colcon_ws/install/vizanti_msgs' for CMake module files
[5.091s] Level 1:colcon.colcon_core.environment:checking '/home/su1jun/Capstone/colcon_ws/install/vizanti_msgs' for CMake config files
[5.091s] Level 1:colcon.colcon_core.shell:create_environment_hook('vizanti_msgs', 'cmake_prefix_path')
[5.100s] INFO:colcon.colcon_core.shell:Creating environment hook '/home/su1jun/Capstone/colcon_ws/install/vizanti_msgs/share/vizanti_msgs/hook/cmake_prefix_path.ps1'
[5.100s] INFO:colcon.colcon_core.shell:Creating environment descriptor '/home/su1jun/Capstone/colcon_ws/install/vizanti_msgs/share/vizanti_msgs/hook/cmake_prefix_path.dsv'
[5.100s] INFO:colcon.colcon_core.shell:Creating environment hook '/home/su1jun/Capstone/colcon_ws/install/vizanti_msgs/share/vizanti_msgs/hook/cmake_prefix_path.sh'
[5.101s] Level 1:colcon.colcon_core.environment:checking '/home/su1jun/Capstone/colcon_ws/install/vizanti_msgs/lib'
[5.101s] Level 1:colcon.colcon_core.shell:create_environment_hook('vizanti_msgs', 'ld_library_path_lib')
[5.108s] INFO:colcon.colcon_core.shell:Creating environment hook '/home/su1jun/Capstone/colcon_ws/install/vizanti_msgs/share/vizanti_msgs/hook/ld_library_path_lib.ps1'
[5.108s] INFO:colcon.colcon_core.shell:Creating environment descriptor '/home/su1jun/Capstone/colcon_ws/install/vizanti_msgs/share/vizanti_msgs/hook/ld_library_path_lib.dsv'
[5.108s] INFO:colcon.colcon_core.shell:Creating environment hook '/home/su1jun/Capstone/colcon_ws/install/vizanti_msgs/share/vizanti_msgs/hook/ld_library_path_lib.sh'
[5.108s] Level 1:colcon.colcon_core.environment:checking '/home/su1jun/Capstone/colcon_ws/install/vizanti_msgs/bin'
[5.108s] Level 1:colcon.colcon_core.environment:checking '/home/su1jun/Capstone/colcon_ws/install/vizanti_msgs/lib/pkgconfig/vizanti_msgs.pc'
[5.108s] Level 1:colcon.colcon_core.environment:checking '/home/su1jun/Capstone/colcon_ws/install/vizanti_msgs/lib/python3.10/site-packages'
[5.108s] Level 1:colcon.colcon_core.environment:checking '/home/su1jun/Capstone/colcon_ws/install/vizanti_msgs/bin'
[5.116s] INFO:colcon.colcon_core.shell:Creating package script '/home/su1jun/Capstone/colcon_ws/install/vizanti_msgs/share/vizanti_msgs/package.ps1'
[5.116s] INFO:colcon.colcon_core.shell:Creating package descriptor '/home/su1jun/Capstone/colcon_ws/install/vizanti_msgs/share/vizanti_msgs/package.dsv'
[5.117s] INFO:colcon.colcon_core.shell:Creating package script '/home/su1jun/Capstone/colcon_ws/install/vizanti_msgs/share/vizanti_msgs/package.sh'
[5.117s] INFO:colcon.colcon_core.shell:Creating package script '/home/su1jun/Capstone/colcon_ws/install/vizanti_msgs/share/vizanti_msgs/package.bash'
[5.117s] INFO:colcon.colcon_core.shell:Creating package script '/home/su1jun/Capstone/colcon_ws/install/vizanti_msgs/share/vizanti_msgs/package.zsh'
[5.117s] Level 1:colcon.colcon_core.environment:create_file_with_runtime_dependencies(/home/su1jun/Capstone/colcon_ws/install/vizanti_msgs/share/colcon-core/packages/vizanti_msgs)
[5.117s] INFO:colcon.colcon_ros.task.ament_cmake.build:Building ROS package in '/home/su1jun/Capstone/colcon_ws/src/vizanti/vizanti_server' with build type 'ament_cmake'
[5.117s] INFO:colcon.colcon_cmake.task.cmake.build:Building CMake package in '/home/su1jun/Capstone/colcon_ws/src/vizanti/vizanti_server'
[5.132s] INFO:colcon.colcon_core.shell:Skip shell extension 'powershell' for command environment: Not usable outside of PowerShell
[5.133s] DEBUG:colcon.colcon_core.shell:Skip shell extension 'dsv' for command environment
[5.171s] INFO:colcon.colcon_ros.task.ament_cmake.build:Building ROS package in '/home/su1jun/Capstone/colcon_ws/src/vizanti/vizanti_demos' with build type 'ament_cmake'
[5.171s] INFO:colcon.colcon_cmake.task.cmake.build:Building CMake package in '/home/su1jun/Capstone/colcon_ws/src/vizanti/vizanti_demos'
[5.178s] INFO:colcon.colcon_core.shell:Skip shell extension 'powershell' for command environment: Not usable outside of PowerShell
[5.178s] DEBUG:colcon.colcon_core.shell:Skip shell extension 'dsv' for command environment
[5.209s] DEBUG:colcon.colcon_core.event_handler.log_command:Invoking command in '/home/su1jun/Capstone/colcon_ws/build/vizanti_server': AMENT_PREFIX_PATH=/home/su1jun/Capstone/colcon_ws/install/vizanti_msgs:${AMENT_PREFIX_PATH} CMAKE_PREFIX_PATH=/home/su1jun/Capstone/colcon_ws/install/vizanti_msgs:/home/su1jun/ros2_ws/install/robot:/opt/ros/humble:${CMAKE_PREFIX_PATH} LD_LIBRARY_PATH=/home/su1jun/Capstone/colcon_ws/install/vizanti_msgs/lib:/home/su1jun/ros2_ws/install/ros2_control_demo_example_2/lib:/home/su1jun/ros2_ws/install/pigpio/lib:/usr/lib/x86_64-linux-gnu/gazebo-11/plugins:/opt/ros/humble/opt/rviz_ogre_vendor/lib:/opt/ros/humble/lib/x86_64-linux-gnu:/opt/ros/humble/lib:/usr/lib/x86_64-linux-gnu/gazebo-11/plugins PYTHONPATH=/home/su1jun/Capstone/colcon_ws/install/vizanti_msgs/local/lib/python3.10/dist-packages:${PYTHONPATH} /usr/bin/cmake /home/su1jun/Capstone/colcon_ws/src/vizanti/vizanti_server -DAMENT_CMAKE_SYMLINK_INSTALL=1 -DCMAKE_INSTALL_PREFIX=/home/su1jun/Capstone/colcon_ws/install/vizanti_server
[5.211s] DEBUG:colcon.colcon_core.event_handler.log_command:Invoking command in '/home/su1jun/Capstone/colcon_ws/build/vizanti_demos': AMENT_PREFIX_PATH=/home/su1jun/Capstone/colcon_ws/install/vizanti_msgs:${AMENT_PREFIX_PATH} CMAKE_PREFIX_PATH=/home/su1jun/Capstone/colcon_ws/install/vizanti_msgs:/home/su1jun/ros2_ws/install/robot:/opt/ros/humble:${CMAKE_PREFIX_PATH} LD_LIBRARY_PATH=/home/su1jun/Capstone/colcon_ws/install/vizanti_msgs/lib:/home/su1jun/ros2_ws/install/ros2_control_demo_example_2/lib:/home/su1jun/ros2_ws/install/pigpio/lib:/usr/lib/x86_64-linux-gnu/gazebo-11/plugins:/opt/ros/humble/opt/rviz_ogre_vendor/lib:/opt/ros/humble/lib/x86_64-linux-gnu:/opt/ros/humble/lib:/usr/lib/x86_64-linux-gnu/gazebo-11/plugins PYTHONPATH=/home/su1jun/Capstone/colcon_ws/install/vizanti_msgs/local/lib/python3.10/dist-packages:${PYTHONPATH} /usr/bin/cmake /home/su1jun/Capstone/colcon_ws/src/vizanti/vizanti_demos -DAMENT_CMAKE_SYMLINK_INSTALL=1 -DCMAKE_INSTALL_PREFIX=/home/su1jun/Capstone/colcon_ws/install/vizanti_demos
[6.079s] DEBUG:colcon.colcon_core.event_handler.log_command:Invoked command in '/home/su1jun/Capstone/colcon_ws/build/vizanti_cpp' returned '0': CMAKE_PREFIX_PATH=/home/su1jun/ros2_ws/install/robot:/opt/ros/humble:${CMAKE_PREFIX_PATH} /usr/bin/cmake --build /home/su1jun/Capstone/colcon_ws/build/vizanti_cpp -- -j20 -l20
[6.090s] DEBUG:colcon.colcon_core.event_handler.log_command:Invoking command in '/home/su1jun/Capstone/colcon_ws/build/vizanti_cpp': CMAKE_PREFIX_PATH=/home/su1jun/ros2_ws/install/robot:/opt/ros/humble:${CMAKE_PREFIX_PATH} /usr/bin/cmake --install /home/su1jun/Capstone/colcon_ws/build/vizanti_cpp
[6.160s] Level 1:colcon.colcon_core.environment:create_environment_scripts_only(vizanti_cpp)
[6.161s] DEBUG:colcon.colcon_core.event_handler.log_command:Invoked command in '/home/su1jun/Capstone/colcon_ws/build/vizanti_cpp' returned '0': CMAKE_PREFIX_PATH=/home/su1jun/ros2_ws/install/robot:/opt/ros/humble:${CMAKE_PREFIX_PATH} /usr/bin/cmake --install /home/su1jun/Capstone/colcon_ws/build/vizanti_cpp
[6.169s] Level 1:colcon.colcon_core.environment:checking '/home/su1jun/Capstone/colcon_ws/install/vizanti_cpp' for CMake module files
[6.169s] Level 1:colcon.colcon_core.environment:checking '/home/su1jun/Capstone/colcon_ws/install/vizanti_cpp' for CMake config files
[6.169s] Level 1:colcon.colcon_core.shell:create_environment_hook('vizanti_cpp', 'cmake_prefix_path')
[6.176s] INFO:colcon.colcon_core.shell:Creating environment hook '/home/su1jun/Capstone/colcon_ws/install/vizanti_cpp/share/vizanti_cpp/hook/cmake_prefix_path.ps1'
[6.176s] INFO:colcon.colcon_core.shell:Creating environment descriptor '/home/su1jun/Capstone/colcon_ws/install/vizanti_cpp/share/vizanti_cpp/hook/cmake_prefix_path.dsv'
[6.177s] INFO:colcon.colcon_core.shell:Creating environment hook '/home/su1jun/Capstone/colcon_ws/install/vizanti_cpp/share/vizanti_cpp/hook/cmake_prefix_path.sh'
[6.177s] Level 1:colcon.colcon_core.environment:checking '/home/su1jun/Capstone/colcon_ws/install/vizanti_cpp/lib'
[6.177s] Level 1:colcon.colcon_core.environment:checking '/home/su1jun/Capstone/colcon_ws/install/vizanti_cpp/bin'
[6.177s] Level 1:colcon.colcon_core.environment:checking '/home/su1jun/Capstone/colcon_ws/install/vizanti_cpp/lib/pkgconfig/vizanti_cpp.pc'
[6.177s] Level 1:colcon.colcon_core.environment:checking '/home/su1jun/Capstone/colcon_ws/install/vizanti_cpp/lib/python3.10/site-packages'
[6.177s] Level 1:colcon.colcon_core.environment:checking '/home/su1jun/Capstone/colcon_ws/install/vizanti_cpp/bin'
[6.184s] INFO:colcon.colcon_core.shell:Creating package script '/home/su1jun/Capstone/colcon_ws/install/vizanti_cpp/share/vizanti_cpp/package.ps1'
[6.184s] INFO:colcon.colcon_core.shell:Creating package descriptor '/home/su1jun/Capstone/colcon_ws/install/vizanti_cpp/share/vizanti_cpp/package.dsv'
[6.184s] INFO:colcon.colcon_core.shell:Creating package script '/home/su1jun/Capstone/colcon_ws/install/vizanti_cpp/share/vizanti_cpp/package.sh'
[6.184s] INFO:colcon.colcon_core.shell:Creating package script '/home/su1jun/Capstone/colcon_ws/install/vizanti_cpp/share/vizanti_cpp/package.bash'
[6.184s] INFO:colcon.colcon_core.shell:Creating package script '/home/su1jun/Capstone/colcon_ws/install/vizanti_cpp/share/vizanti_cpp/package.zsh'
[6.185s] Level 1:colcon.colcon_core.environment:create_file_with_runtime_dependencies(/home/su1jun/Capstone/colcon_ws/install/vizanti_cpp/share/colcon-core/packages/vizanti_cpp)
[6.202s] Level 1:colcon.colcon_core.environment:create_environment_scripts_only(vizanti_cpp)
[6.209s] Level 1:colcon.colcon_core.environment:checking '/home/su1jun/Capstone/colcon_ws/install/vizanti_cpp' for CMake module files
[6.209s] Level 1:colcon.colcon_core.environment:checking '/home/su1jun/Capstone/colcon_ws/install/vizanti_cpp' for CMake config files
[6.209s] Level 1:colcon.colcon_core.shell:create_environment_hook('vizanti_cpp', 'cmake_prefix_path')
[6.216s] INFO:colcon.colcon_core.shell:Creating environment hook '/home/su1jun/Capstone/colcon_ws/install/vizanti_cpp/share/vizanti_cpp/hook/cmake_prefix_path.ps1'
[6.217s] INFO:colcon.colcon_core.shell:Creating environment descriptor '/home/su1jun/Capstone/colcon_ws/install/vizanti_cpp/share/vizanti_cpp/hook/cmake_prefix_path.dsv'
[6.217s] INFO:colcon.colcon_core.shell:Creating environment hook '/home/su1jun/Capstone/colcon_ws/install/vizanti_cpp/share/vizanti_cpp/hook/cmake_prefix_path.sh'
[6.217s] Level 1:colcon.colcon_core.environment:checking '/home/su1jun/Capstone/colcon_ws/install/vizanti_cpp/lib'
[6.217s] Level 1:colcon.colcon_core.environment:checking '/home/su1jun/Capstone/colcon_ws/install/vizanti_cpp/bin'
[6.217s] Level 1:colcon.colcon_core.environment:checking '/home/su1jun/Capstone/colcon_ws/install/vizanti_cpp/lib/pkgconfig/vizanti_cpp.pc'
[6.217s] Level 1:colcon.colcon_core.environment:checking '/home/su1jun/Capstone/colcon_ws/install/vizanti_cpp/lib/python3.10/site-packages'
[6.217s] Level 1:colcon.colcon_core.environment:checking '/home/su1jun/Capstone/colcon_ws/install/vizanti_cpp/bin'
[6.224s] INFO:colcon.colcon_core.shell:Creating package script '/home/su1jun/Capstone/colcon_ws/install/vizanti_cpp/share/vizanti_cpp/package.ps1'
[6.224s] INFO:colcon.colcon_core.shell:Creating package descriptor '/home/su1jun/Capstone/colcon_ws/install/vizanti_cpp/share/vizanti_cpp/package.dsv'
[6.224s] INFO:colcon.colcon_core.shell:Creating package script '/home/su1jun/Capstone/colcon_ws/install/vizanti_cpp/share/vizanti_cpp/package.sh'
[6.225s] INFO:colcon.colcon_core.shell:Creating package script '/home/su1jun/Capstone/colcon_ws/install/vizanti_cpp/share/vizanti_cpp/package.bash'
[6.225s] INFO:colcon.colcon_core.shell:Creating package script '/home/su1jun/Capstone/colcon_ws/install/vizanti_cpp/share/vizanti_cpp/package.zsh'
[6.225s] Level 1:colcon.colcon_core.environment:create_file_with_runtime_dependencies(/home/su1jun/Capstone/colcon_ws/install/vizanti_cpp/share/colcon-core/packages/vizanti_cpp)
[6.226s] DEBUG:colcon.colcon_core.event_handler.log_command:Invoked command in '/home/su1jun/Capstone/colcon_ws/build/vizanti_server' returned '0': AMENT_PREFIX_PATH=/home/su1jun/Capstone/colcon_ws/install/vizanti_msgs:${AMENT_PREFIX_PATH} CMAKE_PREFIX_PATH=/home/su1jun/Capstone/colcon_ws/install/vizanti_msgs:/home/su1jun/ros2_ws/install/robot:/opt/ros/humble:${CMAKE_PREFIX_PATH} LD_LIBRARY_PATH=/home/su1jun/Capstone/colcon_ws/install/vizanti_msgs/lib:/home/su1jun/ros2_ws/install/ros2_control_demo_example_2/lib:/home/su1jun/ros2_ws/install/pigpio/lib:/usr/lib/x86_64-linux-gnu/gazebo-11/plugins:/opt/ros/humble/opt/rviz_ogre_vendor/lib:/opt/ros/humble/lib/x86_64-linux-gnu:/opt/ros/humble/lib:/usr/lib/x86_64-linux-gnu/gazebo-11/plugins PYTHONPATH=/home/su1jun/Capstone/colcon_ws/install/vizanti_msgs/local/lib/python3.10/dist-packages:${PYTHONPATH} /usr/bin/cmake /home/su1jun/Capstone/colcon_ws/src/vizanti/vizanti_server -DAMENT_CMAKE_SYMLINK_INSTALL=1 -DCMAKE_INSTALL_PREFIX=/home/su1jun/Capstone/colcon_ws/install/vizanti_server
[6.226s] DEBUG:colcon.colcon_core.event_handler.log_command:Invoking command in '/home/su1jun/Capstone/colcon_ws/build/vizanti_server': AMENT_PREFIX_PATH=/home/su1jun/Capstone/colcon_ws/install/vizanti_msgs:${AMENT_PREFIX_PATH} CMAKE_PREFIX_PATH=/home/su1jun/Capstone/colcon_ws/install/vizanti_msgs:/home/su1jun/ros2_ws/install/robot:/opt/ros/humble:${CMAKE_PREFIX_PATH} LD_LIBRARY_PATH=/home/su1jun/Capstone/colcon_ws/install/vizanti_msgs/lib:/home/su1jun/ros2_ws/install/ros2_control_demo_example_2/lib:/home/su1jun/ros2_ws/install/pigpio/lib:/usr/lib/x86_64-linux-gnu/gazebo-11/plugins:/opt/ros/humble/opt/rviz_ogre_vendor/lib:/opt/ros/humble/lib/x86_64-linux-gnu:/opt/ros/humble/lib:/usr/lib/x86_64-linux-gnu/gazebo-11/plugins PYTHONPATH=/home/su1jun/Capstone/colcon_ws/install/vizanti_msgs/local/lib/python3.10/dist-packages:${PYTHONPATH} /usr/bin/cmake --build /home/su1jun/Capstone/colcon_ws/build/vizanti_server -- -j20 -l20
[6.244s] DEBUG:colcon.colcon_core.event_handler.log_command:Invoked command in '/home/su1jun/Capstone/colcon_ws/build/vizanti_server' returned '0': AMENT_PREFIX_PATH=/home/su1jun/Capstone/colcon_ws/install/vizanti_msgs:${AMENT_PREFIX_PATH} CMAKE_PREFIX_PATH=/home/su1jun/Capstone/colcon_ws/install/vizanti_msgs:/home/su1jun/ros2_ws/install/robot:/opt/ros/humble:${CMAKE_PREFIX_PATH} LD_LIBRARY_PATH=/home/su1jun/Capstone/colcon_ws/install/vizanti_msgs/lib:/home/su1jun/ros2_ws/install/ros2_control_demo_example_2/lib:/home/su1jun/ros2_ws/install/pigpio/lib:/usr/lib/x86_64-linux-gnu/gazebo-11/plugins:/opt/ros/humble/opt/rviz_ogre_vendor/lib:/opt/ros/humble/lib/x86_64-linux-gnu:/opt/ros/humble/lib:/usr/lib/x86_64-linux-gnu/gazebo-11/plugins PYTHONPATH=/home/su1jun/Capstone/colcon_ws/install/vizanti_msgs/local/lib/python3.10/dist-packages:${PYTHONPATH} /usr/bin/cmake --build /home/su1jun/Capstone/colcon_ws/build/vizanti_server -- -j20 -l20
[6.254s] DEBUG:colcon.colcon_core.event_handler.log_command:Invoking command in '/home/su1jun/Capstone/colcon_ws/build/vizanti_server': AMENT_PREFIX_PATH=/home/su1jun/Capstone/colcon_ws/install/vizanti_msgs:${AMENT_PREFIX_PATH} CMAKE_PREFIX_PATH=/home/su1jun/Capstone/colcon_ws/install/vizanti_msgs:/home/su1jun/ros2_ws/install/robot:/opt/ros/humble:${CMAKE_PREFIX_PATH} LD_LIBRARY_PATH=/home/su1jun/Capstone/colcon_ws/install/vizanti_msgs/lib:/home/su1jun/ros2_ws/install/ros2_control_demo_example_2/lib:/home/su1jun/ros2_ws/install/pigpio/lib:/usr/lib/x86_64-linux-gnu/gazebo-11/plugins:/opt/ros/humble/opt/rviz_ogre_vendor/lib:/opt/ros/humble/lib/x86_64-linux-gnu:/opt/ros/humble/lib:/usr/lib/x86_64-linux-gnu/gazebo-11/plugins PYTHONPATH=/home/su1jun/Capstone/colcon_ws/install/vizanti_msgs/local/lib/python3.10/dist-packages:${PYTHONPATH} /usr/bin/cmake --install /home/su1jun/Capstone/colcon_ws/build/vizanti_server
[6.303s] DEBUG:colcon.colcon_core.event_handler.log_command:Invoked command in '/home/su1jun/Capstone/colcon_ws/build/vizanti_demos' returned '0': AMENT_PREFIX_PATH=/home/su1jun/Capstone/colcon_ws/install/vizanti_msgs:${AMENT_PREFIX_PATH} CMAKE_PREFIX_PATH=/home/su1jun/Capstone/colcon_ws/install/vizanti_msgs:/home/su1jun/ros2_ws/install/robot:/opt/ros/humble:${CMAKE_PREFIX_PATH} LD_LIBRARY_PATH=/home/su1jun/Capstone/colcon_ws/install/vizanti_msgs/lib:/home/su1jun/ros2_ws/install/ros2_control_demo_example_2/lib:/home/su1jun/ros2_ws/install/pigpio/lib:/usr/lib/x86_64-linux-gnu/gazebo-11/plugins:/opt/ros/humble/opt/rviz_ogre_vendor/lib:/opt/ros/humble/lib/x86_64-linux-gnu:/opt/ros/humble/lib:/usr/lib/x86_64-linux-gnu/gazebo-11/plugins PYTHONPATH=/home/su1jun/Capstone/colcon_ws/install/vizanti_msgs/local/lib/python3.10/dist-packages:${PYTHONPATH} /usr/bin/cmake /home/su1jun/Capstone/colcon_ws/src/vizanti/vizanti_demos -DAMENT_CMAKE_SYMLINK_INSTALL=1 -DCMAKE_INSTALL_PREFIX=/home/su1jun/Capstone/colcon_ws/install/vizanti_demos
[6.303s] DEBUG:colcon.colcon_core.event_handler.log_command:Invoking command in '/home/su1jun/Capstone/colcon_ws/build/vizanti_demos': AMENT_PREFIX_PATH=/home/su1jun/Capstone/colcon_ws/install/vizanti_msgs:${AMENT_PREFIX_PATH} CMAKE_PREFIX_PATH=/home/su1jun/Capstone/colcon_ws/install/vizanti_msgs:/home/su1jun/ros2_ws/install/robot:/opt/ros/humble:${CMAKE_PREFIX_PATH} LD_LIBRARY_PATH=/home/su1jun/Capstone/colcon_ws/install/vizanti_msgs/lib:/home/su1jun/ros2_ws/install/ros2_control_demo_example_2/lib:/home/su1jun/ros2_ws/install/pigpio/lib:/usr/lib/x86_64-linux-gnu/gazebo-11/plugins:/opt/ros/humble/opt/rviz_ogre_vendor/lib:/opt/ros/humble/lib/x86_64-linux-gnu:/opt/ros/humble/lib:/usr/lib/x86_64-linux-gnu/gazebo-11/plugins PYTHONPATH=/home/su1jun/Capstone/colcon_ws/install/vizanti_msgs/local/lib/python3.10/dist-packages:${PYTHONPATH} /usr/bin/cmake --build /home/su1jun/Capstone/colcon_ws/build/vizanti_demos -- -j20 -l20
[6.322s] DEBUG:colcon.colcon_core.event_handler.log_command:Invoked command in '/home/su1jun/Capstone/colcon_ws/build/vizanti_demos' returned '0': AMENT_PREFIX_PATH=/home/su1jun/Capstone/colcon_ws/install/vizanti_msgs:${AMENT_PREFIX_PATH} CMAKE_PREFIX_PATH=/home/su1jun/Capstone/colcon_ws/install/vizanti_msgs:/home/su1jun/ros2_ws/install/robot:/opt/ros/humble:${CMAKE_PREFIX_PATH} LD_LIBRARY_PATH=/home/su1jun/Capstone/colcon_ws/install/vizanti_msgs/lib:/home/su1jun/ros2_ws/install/ros2_control_demo_example_2/lib:/home/su1jun/ros2_ws/install/pigpio/lib:/usr/lib/x86_64-linux-gnu/gazebo-11/plugins:/opt/ros/humble/opt/rviz_ogre_vendor/lib:/opt/ros/humble/lib/x86_64-linux-gnu:/opt/ros/humble/lib:/usr/lib/x86_64-linux-gnu/gazebo-11/plugins PYTHONPATH=/home/su1jun/Capstone/colcon_ws/install/vizanti_msgs/local/lib/python3.10/dist-packages:${PYTHONPATH} /usr/bin/cmake --build /home/su1jun/Capstone/colcon_ws/build/vizanti_demos -- -j20 -l20
[6.332s] DEBUG:colcon.colcon_core.event_handler.log_command:Invoking command in '/home/su1jun/Capstone/colcon_ws/build/vizanti_demos': AMENT_PREFIX_PATH=/home/su1jun/Capstone/colcon_ws/install/vizanti_msgs:${AMENT_PREFIX_PATH} CMAKE_PREFIX_PATH=/home/su1jun/Capstone/colcon_ws/install/vizanti_msgs:/home/su1jun/ros2_ws/install/robot:/opt/ros/humble:${CMAKE_PREFIX_PATH} LD_LIBRARY_PATH=/home/su1jun/Capstone/colcon_ws/install/vizanti_msgs/lib:/home/su1jun/ros2_ws/install/ros2_control_demo_example_2/lib:/home/su1jun/ros2_ws/install/pigpio/lib:/usr/lib/x86_64-linux-gnu/gazebo-11/plugins:/opt/ros/humble/opt/rviz_ogre_vendor/lib:/opt/ros/humble/lib/x86_64-linux-gnu:/opt/ros/humble/lib:/usr/lib/x86_64-linux-gnu/gazebo-11/plugins PYTHONPATH=/home/su1jun/Capstone/colcon_ws/install/vizanti_msgs/local/lib/python3.10/dist-packages:${PYTHONPATH} /usr/bin/cmake --install /home/su1jun/Capstone/colcon_ws/build/vizanti_demos
[6.413s] Level 1:colcon.colcon_core.environment:create_environment_scripts_only(vizanti_demos)
[6.413s] DEBUG:colcon.colcon_core.event_handler.log_command:Invoked command in '/home/su1jun/Capstone/colcon_ws/build/vizanti_demos' returned '0': AMENT_PREFIX_PATH=/home/su1jun/Capstone/colcon_ws/install/vizanti_msgs:${AMENT_PREFIX_PATH} CMAKE_PREFIX_PATH=/home/su1jun/Capstone/colcon_ws/install/vizanti_msgs:/home/su1jun/ros2_ws/install/robot:/opt/ros/humble:${CMAKE_PREFIX_PATH} LD_LIBRARY_PATH=/home/su1jun/Capstone/colcon_ws/install/vizanti_msgs/lib:/home/su1jun/ros2_ws/install/ros2_control_demo_example_2/lib:/home/su1jun/ros2_ws/install/pigpio/lib:/usr/lib/x86_64-linux-gnu/gazebo-11/plugins:/opt/ros/humble/opt/rviz_ogre_vendor/lib:/opt/ros/humble/lib/x86_64-linux-gnu:/opt/ros/humble/lib:/usr/lib/x86_64-linux-gnu/gazebo-11/plugins PYTHONPATH=/home/su1jun/Capstone/colcon_ws/install/vizanti_msgs/local/lib/python3.10/dist-packages:${PYTHONPATH} /usr/bin/cmake --install /home/su1jun/Capstone/colcon_ws/build/vizanti_demos
[6.421s] Level 1:colcon.colcon_core.environment:checking '/home/su1jun/Capstone/colcon_ws/install/vizanti_demos' for CMake module files
[6.421s] Level 1:colcon.colcon_core.environment:checking '/home/su1jun/Capstone/colcon_ws/install/vizanti_demos' for CMake config files
[6.421s] Level 1:colcon.colcon_core.shell:create_environment_hook('vizanti_demos', 'cmake_prefix_path')
[6.431s] INFO:colcon.colcon_core.shell:Creating environment hook '/home/su1jun/Capstone/colcon_ws/install/vizanti_demos/share/vizanti_demos/hook/cmake_prefix_path.ps1'
[6.431s] INFO:colcon.colcon_core.shell:Creating environment descriptor '/home/su1jun/Capstone/colcon_ws/install/vizanti_demos/share/vizanti_demos/hook/cmake_prefix_path.dsv'
[6.431s] INFO:colcon.colcon_core.shell:Creating environment hook '/home/su1jun/Capstone/colcon_ws/install/vizanti_demos/share/vizanti_demos/hook/cmake_prefix_path.sh'
[6.431s] Level 1:colcon.colcon_core.environment:checking '/home/su1jun/Capstone/colcon_ws/install/vizanti_demos/lib'
[6.431s] Level 1:colcon.colcon_core.environment:checking '/home/su1jun/Capstone/colcon_ws/install/vizanti_demos/bin'
[6.432s] Level 1:colcon.colcon_core.environment:checking '/home/su1jun/Capstone/colcon_ws/install/vizanti_demos/lib/pkgconfig/vizanti_demos.pc'
[6.432s] Level 1:colcon.colcon_core.environment:checking '/home/su1jun/Capstone/colcon_ws/install/vizanti_demos/lib/python3.10/site-packages'
[6.432s] Level 1:colcon.colcon_core.environment:checking '/home/su1jun/Capstone/colcon_ws/install/vizanti_demos/bin'
[6.439s] INFO:colcon.colcon_core.shell:Creating package script '/home/su1jun/Capstone/colcon_ws/install/vizanti_demos/share/vizanti_demos/package.ps1'
[6.439s] INFO:colcon.colcon_core.shell:Creating package descriptor '/home/su1jun/Capstone/colcon_ws/install/vizanti_demos/share/vizanti_demos/package.dsv'
[6.439s] INFO:colcon.colcon_core.shell:Creating package script '/home/su1jun/Capstone/colcon_ws/install/vizanti_demos/share/vizanti_demos/package.sh'
[6.439s] INFO:colcon.colcon_core.shell:Creating package script '/home/su1jun/Capstone/colcon_ws/install/vizanti_demos/share/vizanti_demos/package.bash'
[6.440s] INFO:colcon.colcon_core.shell:Creating package script '/home/su1jun/Capstone/colcon_ws/install/vizanti_demos/share/vizanti_demos/package.zsh'
[6.440s] Level 1:colcon.colcon_core.environment:create_file_with_runtime_dependencies(/home/su1jun/Capstone/colcon_ws/install/vizanti_demos/share/colcon-core/packages/vizanti_demos)
[6.457s] Level 1:colcon.colcon_core.environment:create_environment_scripts_only(vizanti_demos)
[6.470s] Level 1:colcon.colcon_core.environment:checking '/home/su1jun/Capstone/colcon_ws/install/vizanti_demos' for CMake module files
[6.470s] Level 1:colcon.colcon_core.environment:checking '/home/su1jun/Capstone/colcon_ws/install/vizanti_demos' for CMake config files
[6.470s] Level 1:colcon.colcon_core.shell:create_environment_hook('vizanti_demos', 'cmake_prefix_path')
[6.477s] INFO:colcon.colcon_core.shell:Creating environment hook '/home/su1jun/Capstone/colcon_ws/install/vizanti_demos/share/vizanti_demos/hook/cmake_prefix_path.ps1'
[6.478s] INFO:colcon.colcon_core.shell:Creating environment descriptor '/home/su1jun/Capstone/colcon_ws/install/vizanti_demos/share/vizanti_demos/hook/cmake_prefix_path.dsv'
[6.478s] INFO:colcon.colcon_core.shell:Creating environment hook '/home/su1jun/Capstone/colcon_ws/install/vizanti_demos/share/vizanti_demos/hook/cmake_prefix_path.sh'
[6.478s] Level 1:colcon.colcon_core.environment:checking '/home/su1jun/Capstone/colcon_ws/install/vizanti_demos/lib'
[6.478s] Level 1:colcon.colcon_core.environment:checking '/home/su1jun/Capstone/colcon_ws/install/vizanti_demos/bin'
[6.478s] Level 1:colcon.colcon_core.environment:checking '/home/su1jun/Capstone/colcon_ws/install/vizanti_demos/lib/pkgconfig/vizanti_demos.pc'
[6.478s] Level 1:colcon.colcon_core.environment:checking '/home/su1jun/Capstone/colcon_ws/install/vizanti_demos/lib/python3.10/site-packages'
[6.478s] Level 1:colcon.colcon_core.environment:checking '/home/su1jun/Capstone/colcon_ws/install/vizanti_demos/bin'
[6.486s] INFO:colcon.colcon_core.shell:Creating package script '/home/su1jun/Capstone/colcon_ws/install/vizanti_demos/share/vizanti_demos/package.ps1'
[6.486s] INFO:colcon.colcon_core.shell:Creating package descriptor '/home/su1jun/Capstone/colcon_ws/install/vizanti_demos/share/vizanti_demos/package.dsv'
[6.486s] INFO:colcon.colcon_core.shell:Creating package script '/home/su1jun/Capstone/colcon_ws/install/vizanti_demos/share/vizanti_demos/package.sh'
[6.486s] INFO:colcon.colcon_core.shell:Creating package script '/home/su1jun/Capstone/colcon_ws/install/vizanti_demos/share/vizanti_demos/package.bash'
[6.486s] INFO:colcon.colcon_core.shell:Creating package script '/home/su1jun/Capstone/colcon_ws/install/vizanti_demos/share/vizanti_demos/package.zsh'
[6.486s] Level 1:colcon.colcon_core.environment:create_file_with_runtime_dependencies(/home/su1jun/Capstone/colcon_ws/install/vizanti_demos/share/colcon-core/packages/vizanti_demos)
[7.148s] Level 1:colcon.colcon_core.environment:create_environment_scripts_only(vizanti_server)
[7.148s] DEBUG:colcon.colcon_core.event_handler.log_command:Invoked command in '/home/su1jun/Capstone/colcon_ws/build/vizanti_server' returned '0': AMENT_PREFIX_PATH=/home/su1jun/Capstone/colcon_ws/install/vizanti_msgs:${AMENT_PREFIX_PATH} CMAKE_PREFIX_PATH=/home/su1jun/Capstone/colcon_ws/install/vizanti_msgs:/home/su1jun/ros2_ws/install/robot:/opt/ros/humble:${CMAKE_PREFIX_PATH} LD_LIBRARY_PATH=/home/su1jun/Capstone/colcon_ws/install/vizanti_msgs/lib:/home/su1jun/ros2_ws/install/ros2_control_demo_example_2/lib:/home/su1jun/ros2_ws/install/pigpio/lib:/usr/lib/x86_64-linux-gnu/gazebo-11/plugins:/opt/ros/humble/opt/rviz_ogre_vendor/lib:/opt/ros/humble/lib/x86_64-linux-gnu:/opt/ros/humble/lib:/usr/lib/x86_64-linux-gnu/gazebo-11/plugins PYTHONPATH=/home/su1jun/Capstone/colcon_ws/install/vizanti_msgs/local/lib/python3.10/dist-packages:${PYTHONPATH} /usr/bin/cmake --install /home/su1jun/Capstone/colcon_ws/build/vizanti_server
[7.155s] Level 1:colcon.colcon_core.environment:checking '/home/su1jun/Capstone/colcon_ws/install/vizanti_server' for CMake module files
[7.156s] Level 1:colcon.colcon_core.environment:checking '/home/su1jun/Capstone/colcon_ws/install/vizanti_server' for CMake config files
[7.156s] Level 1:colcon.colcon_core.shell:create_environment_hook('vizanti_server', 'cmake_prefix_path')
[7.163s] INFO:colcon.colcon_core.shell:Creating environment hook '/home/su1jun/Capstone/colcon_ws/install/vizanti_server/share/vizanti_server/hook/cmake_prefix_path.ps1'
[7.164s] INFO:colcon.colcon_core.shell:Creating environment descriptor '/home/su1jun/Capstone/colcon_ws/install/vizanti_server/share/vizanti_server/hook/cmake_prefix_path.dsv'
[7.164s] INFO:colcon.colcon_core.shell:Creating environment hook '/home/su1jun/Capstone/colcon_ws/install/vizanti_server/share/vizanti_server/hook/cmake_prefix_path.sh'
[7.164s] Level 1:colcon.colcon_core.environment:checking '/home/su1jun/Capstone/colcon_ws/install/vizanti_server/lib'
[7.164s] Level 1:colcon.colcon_core.environment:checking '/home/su1jun/Capstone/colcon_ws/install/vizanti_server/bin'
[7.164s] Level 1:colcon.colcon_core.environment:checking '/home/su1jun/Capstone/colcon_ws/install/vizanti_server/lib/pkgconfig/vizanti_server.pc'
[7.164s] Level 1:colcon.colcon_core.environment:checking '/home/su1jun/Capstone/colcon_ws/install/vizanti_server/lib/python3.10/site-packages'
[7.164s] Level 1:colcon.colcon_core.environment:checking '/home/su1jun/Capstone/colcon_ws/install/vizanti_server/bin'
[7.171s] INFO:colcon.colcon_core.shell:Creating package script '/home/su1jun/Capstone/colcon_ws/install/vizanti_server/share/vizanti_server/package.ps1'
[7.171s] INFO:colcon.colcon_core.shell:Creating package descriptor '/home/su1jun/Capstone/colcon_ws/install/vizanti_server/share/vizanti_server/package.dsv'
[7.171s] INFO:colcon.colcon_core.shell:Creating package script '/home/su1jun/Capstone/colcon_ws/install/vizanti_server/share/vizanti_server/package.sh'
[7.171s] INFO:colcon.colcon_core.shell:Creating package script '/home/su1jun/Capstone/colcon_ws/install/vizanti_server/share/vizanti_server/package.bash'
[7.171s] INFO:colcon.colcon_core.shell:Creating package script '/home/su1jun/Capstone/colcon_ws/install/vizanti_server/share/vizanti_server/package.zsh'
[7.172s] Level 1:colcon.colcon_core.environment:create_file_with_runtime_dependencies(/home/su1jun/Capstone/colcon_ws/install/vizanti_server/share/colcon-core/packages/vizanti_server)
[7.188s] Level 1:colcon.colcon_core.environment:create_environment_scripts_only(vizanti_server)
[7.195s] Level 1:colcon.colcon_core.environment:checking '/home/su1jun/Capstone/colcon_ws/install/vizanti_server' for CMake module files
[7.196s] Level 1:colcon.colcon_core.environment:checking '/home/su1jun/Capstone/colcon_ws/install/vizanti_server' for CMake config files
[7.196s] Level 1:colcon.colcon_core.shell:create_environment_hook('vizanti_server', 'cmake_prefix_path')
[7.203s] INFO:colcon.colcon_core.shell:Creating environment hook '/home/su1jun/Capstone/colcon_ws/install/vizanti_server/share/vizanti_server/hook/cmake_prefix_path.ps1'
[7.204s] INFO:colcon.colcon_core.shell:Creating environment descriptor '/home/su1jun/Capstone/colcon_ws/install/vizanti_server/share/vizanti_server/hook/cmake_prefix_path.dsv'
[7.204s] INFO:colcon.colcon_core.shell:Creating environment hook '/home/su1jun/Capstone/colcon_ws/install/vizanti_server/share/vizanti_server/hook/cmake_prefix_path.sh'
[7.204s] Level 1:colcon.colcon_core.environment:checking '/home/su1jun/Capstone/colcon_ws/install/vizanti_server/lib'
[7.204s] Level 1:colcon.colcon_core.environment:checking '/home/su1jun/Capstone/colcon_ws/install/vizanti_server/bin'
[7.204s] Level 1:colcon.colcon_core.environment:checking '/home/su1jun/Capstone/colcon_ws/install/vizanti_server/lib/pkgconfig/vizanti_server.pc'
[7.204s] Level 1:colcon.colcon_core.environment:checking '/home/su1jun/Capstone/colcon_ws/install/vizanti_server/lib/python3.10/site-packages'
[7.204s] Level 1:colcon.colcon_core.environment:checking '/home/su1jun/Capstone/colcon_ws/install/vizanti_server/bin'
[7.211s] INFO:colcon.colcon_core.shell:Creating package script '/home/su1jun/Capstone/colcon_ws/install/vizanti_server/share/vizanti_server/package.ps1'
[7.211s] INFO:colcon.colcon_core.shell:Creating package descriptor '/home/su1jun/Capstone/colcon_ws/install/vizanti_server/share/vizanti_server/package.dsv'
[7.211s] INFO:colcon.colcon_core.shell:Creating package script '/home/su1jun/Capstone/colcon_ws/install/vizanti_server/share/vizanti_server/package.sh'
[7.212s] INFO:colcon.colcon_core.shell:Creating package script '/home/su1jun/Capstone/colcon_ws/install/vizanti_server/share/vizanti_server/package.bash'
[7.212s] INFO:colcon.colcon_core.shell:Creating package script '/home/su1jun/Capstone/colcon_ws/install/vizanti_server/share/vizanti_server/package.zsh'
[7.212s] Level 1:colcon.colcon_core.environment:create_file_with_runtime_dependencies(/home/su1jun/Capstone/colcon_ws/install/vizanti_server/share/colcon-core/packages/vizanti_server)
[7.212s] INFO:colcon.colcon_ros.task.ament_cmake.build:Building ROS package in '/home/su1jun/Capstone/colcon_ws/src/vizanti/vizanti' with build type 'ament_cmake'
[7.212s] INFO:colcon.colcon_cmake.task.cmake.build:Building CMake package in '/home/su1jun/Capstone/colcon_ws/src/vizanti/vizanti'
[7.219s] INFO:colcon.colcon_core.shell:Skip shell extension 'powershell' for command environment: Not usable outside of PowerShell
[7.219s] DEBUG:colcon.colcon_core.shell:Skip shell extension 'dsv' for command environment
[7.256s] DEBUG:colcon.colcon_core.event_handler.log_command:Invoking command in '/home/su1jun/Capstone/colcon_ws/build/vizanti': AMENT_PREFIX_PATH=/home/su1jun/Capstone/colcon_ws/install/vizanti_server:/home/su1jun/Capstone/colcon_ws/install/vizanti_msgs:${AMENT_PREFIX_PATH} CMAKE_PREFIX_PATH=/home/su1jun/Capstone/colcon_ws/install/vizanti_server:/home/su1jun/Capstone/colcon_ws/install/vizanti_msgs:/home/su1jun/ros2_ws/install/robot:/opt/ros/humble:${CMAKE_PREFIX_PATH} LD_LIBRARY_PATH=/home/su1jun/Capstone/colcon_ws/install/vizanti_msgs/lib:/home/su1jun/ros2_ws/install/ros2_control_demo_example_2/lib:/home/su1jun/ros2_ws/install/pigpio/lib:/usr/lib/x86_64-linux-gnu/gazebo-11/plugins:/opt/ros/humble/opt/rviz_ogre_vendor/lib:/opt/ros/humble/lib/x86_64-linux-gnu:/opt/ros/humble/lib:/usr/lib/x86_64-linux-gnu/gazebo-11/plugins PYTHONPATH=/home/su1jun/Capstone/colcon_ws/install/vizanti_msgs/local/lib/python3.10/dist-packages:${PYTHONPATH} /usr/bin/cmake /home/su1jun/Capstone/colcon_ws/src/vizanti/vizanti -DAMENT_CMAKE_SYMLINK_INSTALL=1 -DCMAKE_INSTALL_PREFIX=/home/su1jun/Capstone/colcon_ws/install/vizanti
[7.519s] DEBUG:colcon.colcon_core.event_handler.log_command:Invoked command in '/home/su1jun/Capstone/colcon_ws/build/vizanti' returned '0': AMENT_PREFIX_PATH=/home/su1jun/Capstone/colcon_ws/install/vizanti_server:/home/su1jun/Capstone/colcon_ws/install/vizanti_msgs:${AMENT_PREFIX_PATH} CMAKE_PREFIX_PATH=/home/su1jun/Capstone/colcon_ws/install/vizanti_server:/home/su1jun/Capstone/colcon_ws/install/vizanti_msgs:/home/su1jun/ros2_ws/install/robot:/opt/ros/humble:${CMAKE_PREFIX_PATH} LD_LIBRARY_PATH=/home/su1jun/Capstone/colcon_ws/install/vizanti_msgs/lib:/home/su1jun/ros2_ws/install/ros2_control_demo_example_2/lib:/home/su1jun/ros2_ws/install/pigpio/lib:/usr/lib/x86_64-linux-gnu/gazebo-11/plugins:/opt/ros/humble/opt/rviz_ogre_vendor/lib:/opt/ros/humble/lib/x86_64-linux-gnu:/opt/ros/humble/lib:/usr/lib/x86_64-linux-gnu/gazebo-11/plugins PYTHONPATH=/home/su1jun/Capstone/colcon_ws/install/vizanti_msgs/local/lib/python3.10/dist-packages:${PYTHONPATH} /usr/bin/cmake /home/su1jun/Capstone/colcon_ws/src/vizanti/vizanti -DAMENT_CMAKE_SYMLINK_INSTALL=1 -DCMAKE_INSTALL_PREFIX=/home/su1jun/Capstone/colcon_ws/install/vizanti
[7.520s] DEBUG:colcon.colcon_core.event_handler.log_command:Invoking command in '/home/su1jun/Capstone/colcon_ws/build/vizanti': AMENT_PREFIX_PATH=/home/su1jun/Capstone/colcon_ws/install/vizanti_server:/home/su1jun/Capstone/colcon_ws/install/vizanti_msgs:${AMENT_PREFIX_PATH} CMAKE_PREFIX_PATH=/home/su1jun/Capstone/colcon_ws/install/vizanti_server:/home/su1jun/Capstone/colcon_ws/install/vizanti_msgs:/home/su1jun/ros2_ws/install/robot:/opt/ros/humble:${CMAKE_PREFIX_PATH} LD_LIBRARY_PATH=/home/su1jun/Capstone/colcon_ws/install/vizanti_msgs/lib:/home/su1jun/ros2_ws/install/ros2_control_demo_example_2/lib:/home/su1jun/ros2_ws/install/pigpio/lib:/usr/lib/x86_64-linux-gnu/gazebo-11/plugins:/opt/ros/humble/opt/rviz_ogre_vendor/lib:/opt/ros/humble/lib/x86_64-linux-gnu:/opt/ros/humble/lib:/usr/lib/x86_64-linux-gnu/gazebo-11/plugins PYTHONPATH=/home/su1jun/Capstone/colcon_ws/install/vizanti_msgs/local/lib/python3.10/dist-packages:${PYTHONPATH} /usr/bin/cmake --build /home/su1jun/Capstone/colcon_ws/build/vizanti -- -j20 -l20
[7.539s] DEBUG:colcon.colcon_core.event_handler.log_command:Invoked command in '/home/su1jun/Capstone/colcon_ws/build/vizanti' returned '0': AMENT_PREFIX_PATH=/home/su1jun/Capstone/colcon_ws/install/vizanti_server:/home/su1jun/Capstone/colcon_ws/install/vizanti_msgs:${AMENT_PREFIX_PATH} CMAKE_PREFIX_PATH=/home/su1jun/Capstone/colcon_ws/install/vizanti_server:/home/su1jun/Capstone/colcon_ws/install/vizanti_msgs:/home/su1jun/ros2_ws/install/robot:/opt/ros/humble:${CMAKE_PREFIX_PATH} LD_LIBRARY_PATH=/home/su1jun/Capstone/colcon_ws/install/vizanti_msgs/lib:/home/su1jun/ros2_ws/install/ros2_control_demo_example_2/lib:/home/su1jun/ros2_ws/install/pigpio/lib:/usr/lib/x86_64-linux-gnu/gazebo-11/plugins:/opt/ros/humble/opt/rviz_ogre_vendor/lib:/opt/ros/humble/lib/x86_64-linux-gnu:/opt/ros/humble/lib:/usr/lib/x86_64-linux-gnu/gazebo-11/plugins PYTHONPATH=/home/su1jun/Capstone/colcon_ws/install/vizanti_msgs/local/lib/python3.10/dist-packages:${PYTHONPATH} /usr/bin/cmake --build /home/su1jun/Capstone/colcon_ws/build/vizanti -- -j20 -l20
[7.550s] DEBUG:colcon.colcon_core.event_handler.log_command:Invoking command in '/home/su1jun/Capstone/colcon_ws/build/vizanti': AMENT_PREFIX_PATH=/home/su1jun/Capstone/colcon_ws/install/vizanti_server:/home/su1jun/Capstone/colcon_ws/install/vizanti_msgs:${AMENT_PREFIX_PATH} CMAKE_PREFIX_PATH=/home/su1jun/Capstone/colcon_ws/install/vizanti_server:/home/su1jun/Capstone/colcon_ws/install/vizanti_msgs:/home/su1jun/ros2_ws/install/robot:/opt/ros/humble:${CMAKE_PREFIX_PATH} LD_LIBRARY_PATH=/home/su1jun/Capstone/colcon_ws/install/vizanti_msgs/lib:/home/su1jun/ros2_ws/install/ros2_control_demo_example_2/lib:/home/su1jun/ros2_ws/install/pigpio/lib:/usr/lib/x86_64-linux-gnu/gazebo-11/plugins:/opt/ros/humble/opt/rviz_ogre_vendor/lib:/opt/ros/humble/lib/x86_64-linux-gnu:/opt/ros/humble/lib:/usr/lib/x86_64-linux-gnu/gazebo-11/plugins PYTHONPATH=/home/su1jun/Capstone/colcon_ws/install/vizanti_msgs/local/lib/python3.10/dist-packages:${PYTHONPATH} /usr/bin/cmake --install /home/su1jun/Capstone/colcon_ws/build/vizanti
[7.616s] Level 1:colcon.colcon_core.environment:create_environment_scripts_only(vizanti)
[7.616s] DEBUG:colcon.colcon_core.event_handler.log_command:Invoked command in '/home/su1jun/Capstone/colcon_ws/build/vizanti' returned '0': AMENT_PREFIX_PATH=/home/su1jun/Capstone/colcon_ws/install/vizanti_server:/home/su1jun/Capstone/colcon_ws/install/vizanti_msgs:${AMENT_PREFIX_PATH} CMAKE_PREFIX_PATH=/home/su1jun/Capstone/colcon_ws/install/vizanti_server:/home/su1jun/Capstone/colcon_ws/install/vizanti_msgs:/home/su1jun/ros2_ws/install/robot:/opt/ros/humble:${CMAKE_PREFIX_PATH} LD_LIBRARY_PATH=/home/su1jun/Capstone/colcon_ws/install/vizanti_msgs/lib:/home/su1jun/ros2_ws/install/ros2_control_demo_example_2/lib:/home/su1jun/ros2_ws/install/pigpio/lib:/usr/lib/x86_64-linux-gnu/gazebo-11/plugins:/opt/ros/humble/opt/rviz_ogre_vendor/lib:/opt/ros/humble/lib/x86_64-linux-gnu:/opt/ros/humble/lib:/usr/lib/x86_64-linux-gnu/gazebo-11/plugins PYTHONPATH=/home/su1jun/Capstone/colcon_ws/install/vizanti_msgs/local/lib/python3.10/dist-packages:${PYTHONPATH} /usr/bin/cmake --install /home/su1jun/Capstone/colcon_ws/build/vizanti
[7.626s] Level 1:colcon.colcon_core.environment:checking '/home/su1jun/Capstone/colcon_ws/install/vizanti' for CMake module files
[7.626s] Level 1:colcon.colcon_core.environment:checking '/home/su1jun/Capstone/colcon_ws/install/vizanti' for CMake config files
[7.626s] Level 1:colcon.colcon_core.shell:create_environment_hook('vizanti', 'cmake_prefix_path')
[7.634s] INFO:colcon.colcon_core.shell:Creating environment hook '/home/su1jun/Capstone/colcon_ws/install/vizanti/share/vizanti/hook/cmake_prefix_path.ps1'
[7.634s] INFO:colcon.colcon_core.shell:Creating environment descriptor '/home/su1jun/Capstone/colcon_ws/install/vizanti/share/vizanti/hook/cmake_prefix_path.dsv'
[7.634s] INFO:colcon.colcon_core.shell:Creating environment hook '/home/su1jun/Capstone/colcon_ws/install/vizanti/share/vizanti/hook/cmake_prefix_path.sh'
[7.635s] Level 1:colcon.colcon_core.environment:checking '/home/su1jun/Capstone/colcon_ws/install/vizanti/bin'
[7.635s] Level 1:colcon.colcon_core.environment:checking '/home/su1jun/Capstone/colcon_ws/install/vizanti/lib/pkgconfig/vizanti.pc'
[7.635s] Level 1:colcon.colcon_core.environment:checking '/home/su1jun/Capstone/colcon_ws/install/vizanti/lib/python3.10/site-packages'
[7.635s] Level 1:colcon.colcon_core.environment:checking '/home/su1jun/Capstone/colcon_ws/install/vizanti/bin'
[7.643s] INFO:colcon.colcon_core.shell:Creating package script '/home/su1jun/Capstone/colcon_ws/install/vizanti/share/vizanti/package.ps1'
[7.643s] INFO:colcon.colcon_core.shell:Creating package descriptor '/home/su1jun/Capstone/colcon_ws/install/vizanti/share/vizanti/package.dsv'
[7.643s] INFO:colcon.colcon_core.shell:Creating package script '/home/su1jun/Capstone/colcon_ws/install/vizanti/share/vizanti/package.sh'
[7.643s] INFO:colcon.colcon_core.shell:Creating package script '/home/su1jun/Capstone/colcon_ws/install/vizanti/share/vizanti/package.bash'
[7.643s] INFO:colcon.colcon_core.shell:Creating package script '/home/su1jun/Capstone/colcon_ws/install/vizanti/share/vizanti/package.zsh'
[7.643s] Level 1:colcon.colcon_core.environment:create_file_with_runtime_dependencies(/home/su1jun/Capstone/colcon_ws/install/vizanti/share/colcon-core/packages/vizanti)
[7.660s] Level 1:colcon.colcon_core.environment:create_environment_scripts_only(vizanti)
[7.673s] Level 1:colcon.colcon_core.environment:checking '/home/su1jun/Capstone/colcon_ws/install/vizanti' for CMake module files
[7.673s] Level 1:colcon.colcon_core.environment:checking '/home/su1jun/Capstone/colcon_ws/install/vizanti' for CMake config files
[7.673s] Level 1:colcon.colcon_core.shell:create_environment_hook('vizanti', 'cmake_prefix_path')
[7.680s] INFO:colcon.colcon_core.shell:Creating environment hook '/home/su1jun/Capstone/colcon_ws/install/vizanti/share/vizanti/hook/cmake_prefix_path.ps1'
[7.680s] INFO:colcon.colcon_core.shell:Creating environment descriptor '/home/su1jun/Capstone/colcon_ws/install/vizanti/share/vizanti/hook/cmake_prefix_path.dsv'
[7.680s] INFO:colcon.colcon_core.shell:Creating environment hook '/home/su1jun/Capstone/colcon_ws/install/vizanti/share/vizanti/hook/cmake_prefix_path.sh'
[7.681s] Level 1:colcon.colcon_core.environment:checking '/home/su1jun/Capstone/colcon_ws/install/vizanti/bin'
[7.681s] Level 1:colcon.colcon_core.environment:checking '/home/su1jun/Capstone/colcon_ws/install/vizanti/lib/pkgconfig/vizanti.pc'
[7.681s] Level 1:colcon.colcon_core.environment:checking '/home/su1jun/Capstone/colcon_ws/install/vizanti/lib/python3.10/site-packages'
[7.681s] Level 1:colcon.colcon_core.environment:checking '/home/su1jun/Capstone/colcon_ws/install/vizanti/bin'
[7.688s] INFO:colcon.colcon_core.shell:Creating package script '/home/su1jun/Capstone/colcon_ws/install/vizanti/share/vizanti/package.ps1'
[7.688s] INFO:colcon.colcon_core.shell:Creating package descriptor '/home/su1jun/Capstone/colcon_ws/install/vizanti/share/vizanti/package.dsv'
[7.688s] INFO:colcon.colcon_core.shell:Creating package script '/home/su1jun/Capstone/colcon_ws/install/vizanti/share/vizanti/package.sh'
[7.688s] INFO:colcon.colcon_core.shell:Creating package script '/home/su1jun/Capstone/colcon_ws/install/vizanti/share/vizanti/package.bash'
[7.688s] INFO:colcon.colcon_core.shell:Creating package script '/home/su1jun/Capstone/colcon_ws/install/vizanti/share/vizanti/package.zsh'
[7.688s] Level 1:colcon.colcon_core.environment:create_file_with_runtime_dependencies(/home/su1jun/Capstone/colcon_ws/install/vizanti/share/colcon-core/packages/vizanti)
[7.689s] DEBUG:colcon.colcon_parallel_executor.executor.parallel:closing loop
[7.689s] DEBUG:colcon.colcon_parallel_executor.executor.parallel:loop closed
[7.689s] DEBUG:colcon.colcon_parallel_executor.executor.parallel:run_until_complete finished with '0'
[7.689s] DEBUG:colcon.colcon_core.event_reactor:joining thread
[7.698s] INFO:colcon.colcon_core.plugin_system:Skipping extension 'colcon_notification.desktop_notification.terminal_notifier': Not used on non-Darwin systems
[7.698s] INFO:colcon.colcon_core.plugin_system:Skipping extension 'colcon_notification.desktop_notification.win32': Not used on non-Windows systems
[7.698s] INFO:colcon.colcon_notification.desktop_notification:Sending desktop notification using 'notify2'
[7.704s] DEBUG:colcon.colcon_core.event_reactor:joined thread
[7.718s] INFO:colcon.colcon_core.shell:Creating prefix script '/home/su1jun/Capstone/colcon_ws/install/local_setup.ps1'
[7.719s] INFO:colcon.colcon_core.shell:Creating prefix util module '/home/su1jun/Capstone/colcon_ws/install/_local_setup_util_ps1.py'
[7.719s] INFO:colcon.colcon_core.shell:Creating prefix chain script '/home/su1jun/Capstone/colcon_ws/install/setup.ps1'
[7.729s] INFO:colcon.colcon_core.shell:Creating prefix script '/home/su1jun/Capstone/colcon_ws/install/local_setup.sh'
[7.729s] INFO:colcon.colcon_core.shell:Creating prefix util module '/home/su1jun/Capstone/colcon_ws/install/_local_setup_util_sh.py'
[7.729s] INFO:colcon.colcon_core.shell:Creating prefix chain script '/home/su1jun/Capstone/colcon_ws/install/setup.sh'
[7.737s] INFO:colcon.colcon_core.shell:Creating prefix script '/home/su1jun/Capstone/colcon_ws/install/local_setup.bash'
[7.737s] INFO:colcon.colcon_core.shell:Creating prefix chain script '/home/su1jun/Capstone/colcon_ws/install/setup.bash'
[7.745s] INFO:colcon.colcon_core.shell:Creating prefix script '/home/su1jun/Capstone/colcon_ws/install/local_setup.zsh'
[7.745s] INFO:colcon.colcon_core.shell:Creating prefix chain script '/home/su1jun/Capstone/colcon_ws/install/setup.zsh'
