[0.042s] Invoking command in '/home/su1jun/Capstone/ros2_ws/build/serial_motor_demo_msgs': CMAKE_PREFIX_PATH=${CMAKE_PREFIX_PATH}:/home/su1jun/Capstone/ros2_ws/install/serial_motor_demo:/home/su1jun/Capstone/ros2_ws/install/robot:/opt/ros/humble /usr/bin/cmake --build /home/su1jun/Capstone/ros2_ws/build/serial_motor_demo_msgs -- -j4 -l4
[0.186s] [  2%] Built target serial_motor_demo_msgs__cpp
[0.231s] [ 12%] Built target serial_motor_demo_msgs__rosidl_typesupport_introspection_cpp
[0.244s] [ 23%] Built target serial_motor_demo_msgs__rosidl_generator_c
[0.247s] [ 23%] Built target ament_cmake_python_symlink_serial_motor_demo_msgs
[0.292s] [ 34%] Built target serial_motor_demo_msgs__rosidl_typesupport_introspection_c
[0.292s] [ 44%] Built target serial_motor_demo_msgs__rosidl_typesupport_fastrtps_cpp
[0.297s] [ 55%] Built target serial_motor_demo_msgs__rosidl_typesupport_cpp
[0.344s] [ 65%] Built target serial_motor_demo_msgs__rosidl_typesupport_fastrtps_c
[0.346s] [ 76%] Built target serial_motor_demo_msgs__rosidl_typesupport_c
[0.428s] [ 76%] Built target serial_motor_demo_msgs
[0.486s] [ 78%] Built target serial_motor_demo_msgs__py
[0.540s] [ 87%] Built target serial_motor_demo_msgs__rosidl_generator_py
[0.583s] [ 91%] Built target serial_motor_demo_msgs__rosidl_typesupport_fastrtps_c__pyext
[0.625s] [ 95%] Built target serial_motor_demo_msgs__rosidl_typesupport_c__pyext
[0.672s] [100%] Built target serial_motor_demo_msgs__rosidl_typesupport_introspection_c__pyext
[0.882s] running egg_info
[0.883s] writing serial_motor_demo_msgs.egg-info/PKG-INFO
[0.884s] writing dependency_links to serial_motor_demo_msgs.egg-info/dependency_links.txt
[0.885s] writing top-level names to serial_motor_demo_msgs.egg-info/top_level.txt
[0.890s] reading manifest file 'serial_motor_demo_msgs.egg-info/SOURCES.txt'
[0.891s] writing manifest file 'serial_motor_demo_msgs.egg-info/SOURCES.txt'
[0.948s] [100%] Built target ament_cmake_python_build_serial_motor_demo_msgs_egg
[1.204s] Invoked command in '/home/su1jun/Capstone/ros2_ws/build/serial_motor_demo_msgs' returned '0': CMAKE_PREFIX_PATH=${CMAKE_PREFIX_PATH}:/home/su1jun/Capstone/ros2_ws/install/serial_motor_demo:/home/su1jun/Capstone/ros2_ws/install/robot:/opt/ros/humble /usr/bin/cmake --build /home/su1jun/Capstone/ros2_ws/build/serial_motor_demo_msgs -- -j4 -l4
[2.119s] Invoking command in '/home/su1jun/Capstone/ros2_ws/build/serial_motor_demo_msgs': CMAKE_PREFIX_PATH=${CMAKE_PREFIX_PATH}:/home/su1jun/Capstone/ros2_ws/install/serial_motor_demo:/home/su1jun/Capstone/ros2_ws/install/robot:/opt/ros/humble /usr/bin/cmake --install /home/su1jun/Capstone/ros2_ws/build/serial_motor_demo_msgs
[2.143s] -- Install configuration: ""
[2.144s] -- Execute custom install script
[2.148s] -- Up-to-date symlink: /home/su1jun/Capstone/ros2_ws/install/serial_motor_demo_msgs/share/ament_index/resource_index/rosidl_interfaces/serial_motor_demo_msgs
[2.150s] -- Up-to-date symlink: /home/su1jun/Capstone/ros2_ws/install/serial_motor_demo_msgs/include/serial_motor_demo_msgs/serial_motor_demo_msgs/msg/detail/encoder_vals__functions.h
[2.151s] -- Up-to-date symlink: /home/su1jun/Capstone/ros2_ws/install/serial_motor_demo_msgs/include/serial_motor_demo_msgs/serial_motor_demo_msgs/msg/detail/encoder_vals__struct.h
[2.152s] -- Up-to-date symlink: /home/su1jun/Capstone/ros2_ws/install/serial_motor_demo_msgs/include/serial_motor_demo_msgs/serial_motor_demo_msgs/msg/detail/encoder_vals__type_support.h
[2.156s] -- Up-to-date symlink: /home/su1jun/Capstone/ros2_ws/install/serial_motor_demo_msgs/include/serial_motor_demo_msgs/serial_motor_demo_msgs/msg/detail/motor_command__functions.h
[2.157s] -- Up-to-date symlink: /home/su1jun/Capstone/ros2_ws/install/serial_motor_demo_msgs/include/serial_motor_demo_msgs/serial_motor_demo_msgs/msg/detail/motor_command__struct.h
[2.158s] -- Up-to-date symlink: /home/su1jun/Capstone/ros2_ws/install/serial_motor_demo_msgs/include/serial_motor_demo_msgs/serial_motor_demo_msgs/msg/detail/motor_command__type_support.h
[2.159s] -- Up-to-date symlink: /home/su1jun/Capstone/ros2_ws/install/serial_motor_demo_msgs/include/serial_motor_demo_msgs/serial_motor_demo_msgs/msg/detail/motor_vels__functions.h
[2.160s] -- Up-to-date symlink: /home/su1jun/Capstone/ros2_ws/install/serial_motor_demo_msgs/include/serial_motor_demo_msgs/serial_motor_demo_msgs/msg/detail/motor_vels__struct.h
[2.161s] -- Up-to-date symlink: /home/su1jun/Capstone/ros2_ws/install/serial_motor_demo_msgs/include/serial_motor_demo_msgs/serial_motor_demo_msgs/msg/detail/motor_vels__type_support.h
[2.161s] -- Up-to-date symlink: /home/su1jun/Capstone/ros2_ws/install/serial_motor_demo_msgs/include/serial_motor_demo_msgs/serial_motor_demo_msgs/msg/encoder_vals.h
[2.162s] -- Up-to-date symlink: /home/su1jun/Capstone/ros2_ws/install/serial_motor_demo_msgs/include/serial_motor_demo_msgs/serial_motor_demo_msgs/msg/motor_command.h
[2.163s] -- Up-to-date symlink: /home/su1jun/Capstone/ros2_ws/install/serial_motor_demo_msgs/include/serial_motor_demo_msgs/serial_motor_demo_msgs/msg/motor_vels.h
[2.164s] -- Up-to-date symlink: /home/su1jun/Capstone/ros2_ws/install/serial_motor_demo_msgs/include/serial_motor_demo_msgs/serial_motor_demo_msgs/msg/rosidl_generator_c__visibility_control.h
[2.166s] -- Up-to-date symlink: /home/su1jun/Capstone/ros2_ws/install/serial_motor_demo_msgs/share/serial_motor_demo_msgs/environment/library_path.sh
[2.168s] -- Up-to-date symlink: /home/su1jun/Capstone/ros2_ws/install/serial_motor_demo_msgs/share/serial_motor_demo_msgs/environment/library_path.dsv
[2.169s] -- Up-to-date symlink: /home/su1jun/Capstone/ros2_ws/install/serial_motor_demo_msgs/include/serial_motor_demo_msgs/serial_motor_demo_msgs/msg/detail/encoder_vals__rosidl_typesupport_fastrtps_c.h
[2.171s] -- Up-to-date symlink: /home/su1jun/Capstone/ros2_ws/install/serial_motor_demo_msgs/include/serial_motor_demo_msgs/serial_motor_demo_msgs/msg/detail/motor_command__rosidl_typesupport_fastrtps_c.h
[2.173s] -- Up-to-date symlink: /home/su1jun/Capstone/ros2_ws/install/serial_motor_demo_msgs/include/serial_motor_demo_msgs/serial_motor_demo_msgs/msg/detail/motor_vels__rosidl_typesupport_fastrtps_c.h
[2.174s] -- Up-to-date symlink: /home/su1jun/Capstone/ros2_ws/install/serial_motor_demo_msgs/include/serial_motor_demo_msgs/serial_motor_demo_msgs/msg/rosidl_typesupport_fastrtps_c__visibility_control.h
[2.175s] -- Up-to-date symlink: /home/su1jun/Capstone/ros2_ws/install/serial_motor_demo_msgs/include/serial_motor_demo_msgs/serial_motor_demo_msgs/msg/detail/encoder_vals__rosidl_typesupport_introspection_c.h
[2.176s] -- Up-to-date symlink: /home/su1jun/Capstone/ros2_ws/install/serial_motor_demo_msgs/include/serial_motor_demo_msgs/serial_motor_demo_msgs/msg/detail/motor_command__rosidl_typesupport_introspection_c.h
[2.177s] -- Up-to-date symlink: /home/su1jun/Capstone/ros2_ws/install/serial_motor_demo_msgs/include/serial_motor_demo_msgs/serial_motor_demo_msgs/msg/detail/motor_vels__rosidl_typesupport_introspection_c.h
[2.178s] -- Up-to-date symlink: /home/su1jun/Capstone/ros2_ws/install/serial_motor_demo_msgs/include/serial_motor_demo_msgs/serial_motor_demo_msgs/msg/rosidl_typesupport_introspection_c__visibility_control.h
[2.180s] -- Up-to-date symlink: /home/su1jun/Capstone/ros2_ws/install/serial_motor_demo_msgs/include/serial_motor_demo_msgs/serial_motor_demo_msgs/msg/detail/encoder_vals__builder.hpp
[2.181s] -- Up-to-date symlink: /home/su1jun/Capstone/ros2_ws/install/serial_motor_demo_msgs/include/serial_motor_demo_msgs/serial_motor_demo_msgs/msg/detail/encoder_vals__struct.hpp
[2.182s] -- Up-to-date symlink: /home/su1jun/Capstone/ros2_ws/install/serial_motor_demo_msgs/include/serial_motor_demo_msgs/serial_motor_demo_msgs/msg/detail/encoder_vals__traits.hpp
[2.183s] -- Up-to-date symlink: /home/su1jun/Capstone/ros2_ws/install/serial_motor_demo_msgs/include/serial_motor_demo_msgs/serial_motor_demo_msgs/msg/detail/motor_command__builder.hpp
[2.184s] -- Up-to-date symlink: /home/su1jun/Capstone/ros2_ws/install/serial_motor_demo_msgs/include/serial_motor_demo_msgs/serial_motor_demo_msgs/msg/detail/motor_command__struct.hpp
[2.185s] -- Up-to-date symlink: /home/su1jun/Capstone/ros2_ws/install/serial_motor_demo_msgs/include/serial_motor_demo_msgs/serial_motor_demo_msgs/msg/detail/motor_command__traits.hpp
[2.186s] -- Up-to-date symlink: /home/su1jun/Capstone/ros2_ws/install/serial_motor_demo_msgs/include/serial_motor_demo_msgs/serial_motor_demo_msgs/msg/detail/motor_vels__builder.hpp
[2.189s] -- Up-to-date symlink: /home/su1jun/Capstone/ros2_ws/install/serial_motor_demo_msgs/include/serial_motor_demo_msgs/serial_motor_demo_msgs/msg/detail/motor_vels__struct.hpp
[2.190s] -- Up-to-date symlink: /home/su1jun/Capstone/ros2_ws/install/serial_motor_demo_msgs/include/serial_motor_demo_msgs/serial_motor_demo_msgs/msg/detail/motor_vels__traits.hpp
[2.191s] -- Up-to-date symlink: /home/su1jun/Capstone/ros2_ws/install/serial_motor_demo_msgs/include/serial_motor_demo_msgs/serial_motor_demo_msgs/msg/encoder_vals.hpp
[2.192s] -- Up-to-date symlink: /home/su1jun/Capstone/ros2_ws/install/serial_motor_demo_msgs/include/serial_motor_demo_msgs/serial_motor_demo_msgs/msg/motor_command.hpp
[2.193s] -- Up-to-date symlink: /home/su1jun/Capstone/ros2_ws/install/serial_motor_demo_msgs/include/serial_motor_demo_msgs/serial_motor_demo_msgs/msg/motor_vels.hpp
[2.194s] -- Up-to-date symlink: /home/su1jun/Capstone/ros2_ws/install/serial_motor_demo_msgs/include/serial_motor_demo_msgs/serial_motor_demo_msgs/msg/detail/encoder_vals__rosidl_typesupport_fastrtps_cpp.hpp
[2.195s] -- Up-to-date symlink: /home/su1jun/Capstone/ros2_ws/install/serial_motor_demo_msgs/include/serial_motor_demo_msgs/serial_motor_demo_msgs/msg/detail/motor_command__rosidl_typesupport_fastrtps_cpp.hpp
[2.196s] -- Up-to-date symlink: /home/su1jun/Capstone/ros2_ws/install/serial_motor_demo_msgs/include/serial_motor_demo_msgs/serial_motor_demo_msgs/msg/detail/motor_vels__rosidl_typesupport_fastrtps_cpp.hpp
[2.197s] -- Up-to-date symlink: /home/su1jun/Capstone/ros2_ws/install/serial_motor_demo_msgs/include/serial_motor_demo_msgs/serial_motor_demo_msgs/msg/rosidl_typesupport_fastrtps_cpp__visibility_control.h
[2.198s] -- Up-to-date symlink: /home/su1jun/Capstone/ros2_ws/install/serial_motor_demo_msgs/include/serial_motor_demo_msgs/serial_motor_demo_msgs/msg/detail/encoder_vals__rosidl_typesupport_introspection_cpp.hpp
[2.199s] -- Up-to-date symlink: /home/su1jun/Capstone/ros2_ws/install/serial_motor_demo_msgs/include/serial_motor_demo_msgs/serial_motor_demo_msgs/msg/detail/motor_command__rosidl_typesupport_introspection_cpp.hpp
[2.200s] -- Up-to-date symlink: /home/su1jun/Capstone/ros2_ws/install/serial_motor_demo_msgs/include/serial_motor_demo_msgs/serial_motor_demo_msgs/msg/detail/motor_vels__rosidl_typesupport_introspection_cpp.hpp
[2.200s] -- Up-to-date symlink: /home/su1jun/Capstone/ros2_ws/install/serial_motor_demo_msgs/share/serial_motor_demo_msgs/environment/pythonpath.sh
[2.201s] -- Up-to-date symlink: /home/su1jun/Capstone/ros2_ws/install/serial_motor_demo_msgs/share/serial_motor_demo_msgs/environment/pythonpath.dsv
[2.203s] -- Up-to-date symlink: /home/su1jun/Capstone/ros2_ws/install/serial_motor_demo_msgs/local/lib/python3.10/dist-packages/serial_motor_demo_msgs-0.0.0-py3.10.egg-info/PKG-INFO
[2.206s] -- Up-to-date symlink: /home/su1jun/Capstone/ros2_ws/install/serial_motor_demo_msgs/local/lib/python3.10/dist-packages/serial_motor_demo_msgs-0.0.0-py3.10.egg-info/SOURCES.txt
[2.207s] -- Up-to-date symlink: /home/su1jun/Capstone/ros2_ws/install/serial_motor_demo_msgs/local/lib/python3.10/dist-packages/serial_motor_demo_msgs-0.0.0-py3.10.egg-info/dependency_links.txt
[2.208s] -- Up-to-date symlink: /home/su1jun/Capstone/ros2_ws/install/serial_motor_demo_msgs/local/lib/python3.10/dist-packages/serial_motor_demo_msgs-0.0.0-py3.10.egg-info/top_level.txt
[2.210s] -- Up-to-date symlink: /home/su1jun/Capstone/ros2_ws/install/serial_motor_demo_msgs/local/lib/python3.10/dist-packages/serial_motor_demo_msgs/__init__.py
[2.211s] -- Up-to-date symlink: /home/su1jun/Capstone/ros2_ws/install/serial_motor_demo_msgs/local/lib/python3.10/dist-packages/serial_motor_demo_msgs/_serial_motor_demo_msgs_s.ep.rosidl_typesupport_c.c
[2.212s] -- Up-to-date symlink: /home/su1jun/Capstone/ros2_ws/install/serial_motor_demo_msgs/local/lib/python3.10/dist-packages/serial_motor_demo_msgs/_serial_motor_demo_msgs_s.ep.rosidl_typesupport_fastrtps_c.c
[2.226s] -- Up-to-date symlink: /home/su1jun/Capstone/ros2_ws/install/serial_motor_demo_msgs/local/lib/python3.10/dist-packages/serial_motor_demo_msgs/_serial_motor_demo_msgs_s.ep.rosidl_typesupport_introspection_c.c
[2.226s] -- Up-to-date symlink: /home/su1jun/Capstone/ros2_ws/install/serial_motor_demo_msgs/local/lib/python3.10/dist-packages/serial_motor_demo_msgs/libserial_motor_demo_msgs__rosidl_generator_py.so
[2.226s] -- Up-to-date symlink: /home/su1jun/Capstone/ros2_ws/install/serial_motor_demo_msgs/local/lib/python3.10/dist-packages/serial_motor_demo_msgs/msg/__init__.py
[2.226s] -- Up-to-date symlink: /home/su1jun/Capstone/ros2_ws/install/serial_motor_demo_msgs/local/lib/python3.10/dist-packages/serial_motor_demo_msgs/msg/_encoder_vals.py
[2.226s] -- Up-to-date symlink: /home/su1jun/Capstone/ros2_ws/install/serial_motor_demo_msgs/local/lib/python3.10/dist-packages/serial_motor_demo_msgs/msg/_encoder_vals_s.c
[2.226s] -- Up-to-date symlink: /home/su1jun/Capstone/ros2_ws/install/serial_motor_demo_msgs/local/lib/python3.10/dist-packages/serial_motor_demo_msgs/msg/_motor_command.py
[2.226s] -- Up-to-date symlink: /home/su1jun/Capstone/ros2_ws/install/serial_motor_demo_msgs/local/lib/python3.10/dist-packages/serial_motor_demo_msgs/msg/_motor_command_s.c
[2.226s] -- Up-to-date symlink: /home/su1jun/Capstone/ros2_ws/install/serial_motor_demo_msgs/local/lib/python3.10/dist-packages/serial_motor_demo_msgs/msg/_motor_vels.py
[2.227s] -- Up-to-date symlink: /home/su1jun/Capstone/ros2_ws/install/serial_motor_demo_msgs/local/lib/python3.10/dist-packages/serial_motor_demo_msgs/msg/_motor_vels_s.c
[2.227s] -- Up-to-date symlink: /home/su1jun/Capstone/ros2_ws/install/serial_motor_demo_msgs/local/lib/python3.10/dist-packages/serial_motor_demo_msgs/serial_motor_demo_msgs_s__rosidl_typesupport_c.cpython-310-x86_64-linux-gnu.so
[2.227s] -- Up-to-date symlink: /home/su1jun/Capstone/ros2_ws/install/serial_motor_demo_msgs/local/lib/python3.10/dist-packages/serial_motor_demo_msgs/serial_motor_demo_msgs_s__rosidl_typesupport_fastrtps_c.cpython-310-x86_64-linux-gnu.so
[2.227s] -- Up-to-date symlink: /home/su1jun/Capstone/ros2_ws/install/serial_motor_demo_msgs/local/lib/python3.10/dist-packages/serial_motor_demo_msgs/serial_motor_demo_msgs_s__rosidl_typesupport_introspection_c.cpython-310-x86_64-linux-gnu.so
[2.227s] -- Up-to-date symlink: /home/su1jun/Capstone/ros2_ws/install/serial_motor_demo_msgs/local/lib/python3.10/dist-packages/serial_motor_demo_msgs/serial_motor_demo_msgs_s__rosidl_typesupport_fastrtps_c.cpython-310-x86_64-linux-gnu.so
[2.227s] -- Up-to-date symlink: /home/su1jun/Capstone/ros2_ws/install/serial_motor_demo_msgs/local/lib/python3.10/dist-packages/serial_motor_demo_msgs/serial_motor_demo_msgs_s__rosidl_typesupport_introspection_c.cpython-310-x86_64-linux-gnu.so
[2.227s] -- Up-to-date symlink: /home/su1jun/Capstone/ros2_ws/install/serial_motor_demo_msgs/local/lib/python3.10/dist-packages/serial_motor_demo_msgs/serial_motor_demo_msgs_s__rosidl_typesupport_c.cpython-310-x86_64-linux-gnu.so
[2.227s] -- Up-to-date symlink: /home/su1jun/Capstone/ros2_ws/install/serial_motor_demo_msgs/share/serial_motor_demo_msgs/msg/MotorCommand.idl
[2.227s] -- Up-to-date symlink: /home/su1jun/Capstone/ros2_ws/install/serial_motor_demo_msgs/share/serial_motor_demo_msgs/msg/MotorVels.idl
[2.227s] -- Up-to-date symlink: /home/su1jun/Capstone/ros2_ws/install/serial_motor_demo_msgs/share/serial_motor_demo_msgs/msg/EncoderVals.idl
[2.227s] -- Up-to-date symlink: /home/su1jun/Capstone/ros2_ws/install/serial_motor_demo_msgs/share/serial_motor_demo_msgs/msg/MotorCommand.msg
[2.227s] -- Up-to-date symlink: /home/su1jun/Capstone/ros2_ws/install/serial_motor_demo_msgs/share/serial_motor_demo_msgs/msg/MotorVels.msg
[2.227s] -- Up-to-date symlink: /home/su1jun/Capstone/ros2_ws/install/serial_motor_demo_msgs/share/serial_motor_demo_msgs/msg/EncoderVals.msg
[2.228s] -- Up-to-date symlink: /home/su1jun/Capstone/ros2_ws/install/serial_motor_demo_msgs/share/ament_index/resource_index/package_run_dependencies/serial_motor_demo_msgs
[2.228s] -- Up-to-date symlink: /home/su1jun/Capstone/ros2_ws/install/serial_motor_demo_msgs/share/ament_index/resource_index/parent_prefix_path/serial_motor_demo_msgs
[2.228s] -- Up-to-date symlink: /home/su1jun/Capstone/ros2_ws/install/serial_motor_demo_msgs/share/serial_motor_demo_msgs/environment/ament_prefix_path.sh
[2.228s] -- Up-to-date symlink: /home/su1jun/Capstone/ros2_ws/install/serial_motor_demo_msgs/share/serial_motor_demo_msgs/environment/ament_prefix_path.dsv
[2.228s] -- Up-to-date symlink: /home/su1jun/Capstone/ros2_ws/install/serial_motor_demo_msgs/share/serial_motor_demo_msgs/environment/path.sh
[2.228s] -- Up-to-date symlink: /home/su1jun/Capstone/ros2_ws/install/serial_motor_demo_msgs/share/serial_motor_demo_msgs/environment/path.dsv
[2.228s] -- Up-to-date symlink: /home/su1jun/Capstone/ros2_ws/install/serial_motor_demo_msgs/share/serial_motor_demo_msgs/local_setup.bash
[2.228s] -- Up-to-date symlink: /home/su1jun/Capstone/ros2_ws/install/serial_motor_demo_msgs/share/serial_motor_demo_msgs/local_setup.sh
[2.228s] -- Up-to-date symlink: /home/su1jun/Capstone/ros2_ws/install/serial_motor_demo_msgs/share/serial_motor_demo_msgs/local_setup.zsh
[2.228s] -- Up-to-date symlink: /home/su1jun/Capstone/ros2_ws/install/serial_motor_demo_msgs/share/serial_motor_demo_msgs/local_setup.dsv
[2.228s] -- Symlinking: /home/su1jun/Capstone/ros2_ws/install/serial_motor_demo_msgs/share/serial_motor_demo_msgs/package.dsv
[2.285s] -- Up-to-date symlink: /home/su1jun/Capstone/ros2_ws/install/serial_motor_demo_msgs/share/ament_index/resource_index/packages/serial_motor_demo_msgs
[2.286s] -- Up-to-date symlink: /home/su1jun/Capstone/ros2_ws/install/serial_motor_demo_msgs/share/serial_motor_demo_msgs/cmake/rosidl_cmake-extras.cmake
[2.286s] -- Up-to-date symlink: /home/su1jun/Capstone/ros2_ws/install/serial_motor_demo_msgs/share/serial_motor_demo_msgs/cmake/ament_cmake_export_include_directories-extras.cmake
[2.286s] -- Up-to-date symlink: /home/su1jun/Capstone/ros2_ws/install/serial_motor_demo_msgs/share/serial_motor_demo_msgs/cmake/ament_cmake_export_libraries-extras.cmake
[2.286s] -- Up-to-date symlink: /home/su1jun/Capstone/ros2_ws/install/serial_motor_demo_msgs/share/serial_motor_demo_msgs/cmake/ament_cmake_export_targets-extras.cmake
[2.286s] -- Up-to-date symlink: /home/su1jun/Capstone/ros2_ws/install/serial_motor_demo_msgs/share/serial_motor_demo_msgs/cmake/rosidl_cmake_export_typesupport_targets-extras.cmake
[2.286s] -- Up-to-date symlink: /home/su1jun/Capstone/ros2_ws/install/serial_motor_demo_msgs/share/serial_motor_demo_msgs/cmake/ament_cmake_export_dependencies-extras.cmake
[2.286s] -- Up-to-date symlink: /home/su1jun/Capstone/ros2_ws/install/serial_motor_demo_msgs/share/serial_motor_demo_msgs/cmake/rosidl_cmake_export_typesupport_libraries-extras.cmake
[2.286s] -- Up-to-date symlink: /home/su1jun/Capstone/ros2_ws/install/serial_motor_demo_msgs/share/serial_motor_demo_msgs/cmake/serial_motor_demo_msgsConfig.cmake
[2.286s] -- Up-to-date symlink: /home/su1jun/Capstone/ros2_ws/install/serial_motor_demo_msgs/share/serial_motor_demo_msgs/cmake/serial_motor_demo_msgsConfig-version.cmake
[2.286s] -- Up-to-date symlink: /home/su1jun/Capstone/ros2_ws/install/serial_motor_demo_msgs/share/serial_motor_demo_msgs/package.xml
[2.286s] -- Up-to-date: /home/su1jun/Capstone/ros2_ws/install/serial_motor_demo_msgs/lib/libserial_motor_demo_msgs__rosidl_generator_c.so
[2.287s] -- Up-to-date: /home/su1jun/Capstone/ros2_ws/install/serial_motor_demo_msgs/lib/libserial_motor_demo_msgs__rosidl_typesupport_fastrtps_c.so
[2.287s] -- Up-to-date: /home/su1jun/Capstone/ros2_ws/install/serial_motor_demo_msgs/lib/libserial_motor_demo_msgs__rosidl_typesupport_introspection_c.so
[2.287s] -- Up-to-date: /home/su1jun/Capstone/ros2_ws/install/serial_motor_demo_msgs/lib/libserial_motor_demo_msgs__rosidl_typesupport_c.so
[2.287s] -- Up-to-date: /home/su1jun/Capstone/ros2_ws/install/serial_motor_demo_msgs/lib/libserial_motor_demo_msgs__rosidl_typesupport_fastrtps_cpp.so
[2.287s] -- Up-to-date: /home/su1jun/Capstone/ros2_ws/install/serial_motor_demo_msgs/lib/libserial_motor_demo_msgs__rosidl_typesupport_introspection_cpp.so
[2.287s] -- Up-to-date: /home/su1jun/Capstone/ros2_ws/install/serial_motor_demo_msgs/lib/libserial_motor_demo_msgs__rosidl_typesupport_cpp.so
[2.424s] Listing '/home/su1jun/Capstone/ros2_ws/install/serial_motor_demo_msgs/local/lib/python3.10/dist-packages/serial_motor_demo_msgs'...
[2.425s] Listing '/home/su1jun/Capstone/ros2_ws/install/serial_motor_demo_msgs/local/lib/python3.10/dist-packages/serial_motor_demo_msgs/msg'...
[2.476s] -- Up-to-date: /home/su1jun/Capstone/ros2_ws/install/serial_motor_demo_msgs/lib/libserial_motor_demo_msgs__rosidl_generator_py.so
[2.477s] -- Up-to-date: /home/su1jun/Capstone/ros2_ws/install/serial_motor_demo_msgs/share/serial_motor_demo_msgs/cmake/export_serial_motor_demo_msgs__rosidl_generator_cExport.cmake
[2.477s] -- Up-to-date: /home/su1jun/Capstone/ros2_ws/install/serial_motor_demo_msgs/share/serial_motor_demo_msgs/cmake/export_serial_motor_demo_msgs__rosidl_generator_cExport-noconfig.cmake
[2.478s] -- Up-to-date: /home/su1jun/Capstone/ros2_ws/install/serial_motor_demo_msgs/share/serial_motor_demo_msgs/cmake/export_serial_motor_demo_msgs__rosidl_typesupport_fastrtps_cExport.cmake
[2.478s] -- Up-to-date: /home/su1jun/Capstone/ros2_ws/install/serial_motor_demo_msgs/share/serial_motor_demo_msgs/cmake/export_serial_motor_demo_msgs__rosidl_typesupport_fastrtps_cExport-noconfig.cmake
[2.478s] -- Up-to-date: /home/su1jun/Capstone/ros2_ws/install/serial_motor_demo_msgs/share/serial_motor_demo_msgs/cmake/serial_motor_demo_msgs__rosidl_typesupport_introspection_cExport.cmake
[2.478s] -- Up-to-date: /home/su1jun/Capstone/ros2_ws/install/serial_motor_demo_msgs/share/serial_motor_demo_msgs/cmake/serial_motor_demo_msgs__rosidl_typesupport_introspection_cExport-noconfig.cmake
[2.478s] -- Up-to-date: /home/su1jun/Capstone/ros2_ws/install/serial_motor_demo_msgs/share/serial_motor_demo_msgs/cmake/serial_motor_demo_msgs__rosidl_typesupport_cExport.cmake
[2.478s] -- Up-to-date: /home/su1jun/Capstone/ros2_ws/install/serial_motor_demo_msgs/share/serial_motor_demo_msgs/cmake/serial_motor_demo_msgs__rosidl_typesupport_cExport-noconfig.cmake
[2.478s] -- Up-to-date: /home/su1jun/Capstone/ros2_ws/install/serial_motor_demo_msgs/share/serial_motor_demo_msgs/cmake/export_serial_motor_demo_msgs__rosidl_generator_cppExport.cmake
[2.478s] -- Up-to-date: /home/su1jun/Capstone/ros2_ws/install/serial_motor_demo_msgs/share/serial_motor_demo_msgs/cmake/export_serial_motor_demo_msgs__rosidl_typesupport_fastrtps_cppExport.cmake
[2.478s] -- Up-to-date: /home/su1jun/Capstone/ros2_ws/install/serial_motor_demo_msgs/share/serial_motor_demo_msgs/cmake/export_serial_motor_demo_msgs__rosidl_typesupport_fastrtps_cppExport-noconfig.cmake
[2.478s] -- Up-to-date: /home/su1jun/Capstone/ros2_ws/install/serial_motor_demo_msgs/share/serial_motor_demo_msgs/cmake/serial_motor_demo_msgs__rosidl_typesupport_introspection_cppExport.cmake
[2.479s] -- Up-to-date: /home/su1jun/Capstone/ros2_ws/install/serial_motor_demo_msgs/share/serial_motor_demo_msgs/cmake/serial_motor_demo_msgs__rosidl_typesupport_introspection_cppExport-noconfig.cmake
[2.479s] -- Up-to-date: /home/su1jun/Capstone/ros2_ws/install/serial_motor_demo_msgs/share/serial_motor_demo_msgs/cmake/serial_motor_demo_msgs__rosidl_typesupport_cppExport.cmake
[2.479s] -- Up-to-date: /home/su1jun/Capstone/ros2_ws/install/serial_motor_demo_msgs/share/serial_motor_demo_msgs/cmake/serial_motor_demo_msgs__rosidl_typesupport_cppExport-noconfig.cmake
[2.479s] -- Up-to-date: /home/su1jun/Capstone/ros2_ws/install/serial_motor_demo_msgs/share/serial_motor_demo_msgs/cmake/export_serial_motor_demo_msgs__rosidl_generator_pyExport.cmake
[2.479s] -- Up-to-date: /home/su1jun/Capstone/ros2_ws/install/serial_motor_demo_msgs/share/serial_motor_demo_msgs/cmake/export_serial_motor_demo_msgs__rosidl_generator_pyExport-noconfig.cmake
[2.486s] Invoked command in '/home/su1jun/Capstone/ros2_ws/build/serial_motor_demo_msgs' returned '0': CMAKE_PREFIX_PATH=${CMAKE_PREFIX_PATH}:/home/su1jun/Capstone/ros2_ws/install/serial_motor_demo:/home/su1jun/Capstone/ros2_ws/install/robot:/opt/ros/humble /usr/bin/cmake --install /home/su1jun/Capstone/ros2_ws/build/serial_motor_demo_msgs
