[0.014s] Invoking command in '/home/su1jun/Capstone/colcon_ws/build/vizanti_msgs': CMAKE_PREFIX_PATH=/opt/ros/humble /usr/bin/cmake --build /home/su1jun/Capstone/colcon_ws/build/vizanti_msgs -- -j4 -l4
[0.059s] [35m[1mConsolidate compiler generated dependencies of target vizanti_msgs__rosidl_generator_c[0m
[0.069s] [  1%] Built target vizanti_msgs__cpp
[0.077s] [  1%] Built target ament_cmake_python_symlink_vizanti_msgs
[0.081s] [ 12%] Built target vizanti_msgs__rosidl_generator_c
[0.084s] [35m[1mConsolidate compiler generated dependencies of target vizanti_msgs__rosidl_typesupport_cpp[0m
[0.095s] [35m[1mConsolidate compiler generated dependencies of target vizanti_msgs__rosidl_typesupport_fastrtps_cpp[0m
[0.098s] [35m[1mConsolidate compiler generated dependencies of target vizanti_msgs__rosidl_typesupport_introspection_cpp[0m
[0.103s] [ 24%] Built target vizanti_msgs__rosidl_typesupport_cpp
[0.120s] [ 35%] Built target vizanti_msgs__rosidl_typesupport_fastrtps_cpp
[0.124s] [35m[1mConsolidate compiler generated dependencies of target vizanti_msgs__rosidl_typesupport_fastrtps_c[0m
[0.141s] [ 47%] Built target vizanti_msgs__rosidl_typesupport_introspection_cpp
[0.143s] [35m[1mConsolidate compiler generated dependencies of target vizanti_msgs__rosidl_typesupport_introspection_c[0m
[0.147s] [ 58%] Built target vizanti_msgs__rosidl_typesupport_fastrtps_c
[0.157s] [35m[1mConsolidate compiler generated dependencies of target vizanti_msgs__rosidl_typesupport_c[0m
[0.171s] [ 70%] Built target vizanti_msgs__rosidl_typesupport_introspection_c
[0.172s] [ 81%] Built target vizanti_msgs__rosidl_typesupport_c
[0.193s] [ 81%] Built target vizanti_msgs
[0.218s] [ 82%] Built target vizanti_msgs__py
[0.231s] [35m[1mConsolidate compiler generated dependencies of target vizanti_msgs__rosidl_generator_py[0m
[0.248s] [ 93%] Built target vizanti_msgs__rosidl_generator_py
[0.259s] [35m[1mConsolidate compiler generated dependencies of target vizanti_msgs__rosidl_typesupport_fastrtps_c__pyext[0m
[0.259s] [35m[1mConsolidate compiler generated dependencies of target vizanti_msgs__rosidl_typesupport_introspection_c__pyext[0m
[0.260s] [35m[1mConsolidate compiler generated dependencies of target vizanti_msgs__rosidl_typesupport_c__pyext[0m
[0.274s] [100%] Built target vizanti_msgs__rosidl_typesupport_introspection_c__pyext
[0.274s] [100%] Built target vizanti_msgs__rosidl_typesupport_c__pyext
[0.274s] [100%] Built target vizanti_msgs__rosidl_typesupport_fastrtps_c__pyext
[0.377s] running egg_info
[0.377s] writing vizanti_msgs.egg-info/PKG-INFO
[0.377s] writing dependency_links to vizanti_msgs.egg-info/dependency_links.txt
[0.378s] writing top-level names to vizanti_msgs.egg-info/top_level.txt
[0.380s] reading manifest file 'vizanti_msgs.egg-info/SOURCES.txt'
[0.381s] writing manifest file 'vizanti_msgs.egg-info/SOURCES.txt'
[0.406s] [100%] Built target ament_cmake_python_build_vizanti_msgs_egg
[0.416s] Invoked command in '/home/su1jun/Capstone/colcon_ws/build/vizanti_msgs' returned '0': CMAKE_PREFIX_PATH=/opt/ros/humble /usr/bin/cmake --build /home/su1jun/Capstone/colcon_ws/build/vizanti_msgs -- -j4 -l4
[0.632s] Invoking command in '/home/su1jun/Capstone/colcon_ws/build/vizanti_msgs': CMAKE_PREFIX_PATH=/opt/ros/humble /usr/bin/cmake --install /home/su1jun/Capstone/colcon_ws/build/vizanti_msgs
[0.640s] -- Install configuration: ""
[0.640s] -- Execute custom install script
[0.640s] -- Up-to-date symlink: /home/su1jun/Capstone/colcon_ws/install/vizanti_msgs/share/ament_index/resource_index/rosidl_interfaces/vizanti_msgs
[0.641s] -- Up-to-date symlink: /home/su1jun/Capstone/colcon_ws/install/vizanti_msgs/include/vizanti_msgs/vizanti_msgs/msg/rosidl_generator_c__visibility_control.h
[0.641s] -- Up-to-date symlink: /home/su1jun/Capstone/colcon_ws/install/vizanti_msgs/include/vizanti_msgs/vizanti_msgs/srv/detail/get_node_parameters__functions.h
[0.641s] -- Up-to-date symlink: /home/su1jun/Capstone/colcon_ws/install/vizanti_msgs/include/vizanti_msgs/vizanti_msgs/srv/detail/get_node_parameters__struct.h
[0.641s] -- Up-to-date symlink: /home/su1jun/Capstone/colcon_ws/install/vizanti_msgs/include/vizanti_msgs/vizanti_msgs/srv/detail/get_node_parameters__type_support.h
[0.642s] -- Up-to-date symlink: /home/su1jun/Capstone/colcon_ws/install/vizanti_msgs/include/vizanti_msgs/vizanti_msgs/srv/detail/list_executables__functions.h
[0.642s] -- Up-to-date symlink: /home/su1jun/Capstone/colcon_ws/install/vizanti_msgs/include/vizanti_msgs/vizanti_msgs/srv/detail/list_executables__struct.h
[0.642s] -- Up-to-date symlink: /home/su1jun/Capstone/colcon_ws/install/vizanti_msgs/include/vizanti_msgs/vizanti_msgs/srv/detail/list_executables__type_support.h
[0.642s] -- Up-to-date symlink: /home/su1jun/Capstone/colcon_ws/install/vizanti_msgs/include/vizanti_msgs/vizanti_msgs/srv/detail/list_packages__functions.h
[0.642s] -- Up-to-date symlink: /home/su1jun/Capstone/colcon_ws/install/vizanti_msgs/include/vizanti_msgs/vizanti_msgs/srv/detail/list_packages__struct.h
[0.642s] -- Up-to-date symlink: /home/su1jun/Capstone/colcon_ws/install/vizanti_msgs/include/vizanti_msgs/vizanti_msgs/srv/detail/list_packages__type_support.h
[0.642s] -- Up-to-date symlink: /home/su1jun/Capstone/colcon_ws/install/vizanti_msgs/include/vizanti_msgs/vizanti_msgs/srv/detail/load_map__functions.h
[0.642s] -- Up-to-date symlink: /home/su1jun/Capstone/colcon_ws/install/vizanti_msgs/include/vizanti_msgs/vizanti_msgs/srv/detail/load_map__struct.h
[0.642s] -- Up-to-date symlink: /home/su1jun/Capstone/colcon_ws/install/vizanti_msgs/include/vizanti_msgs/vizanti_msgs/srv/detail/load_map__type_support.h
[0.642s] -- Up-to-date symlink: /home/su1jun/Capstone/colcon_ws/install/vizanti_msgs/include/vizanti_msgs/vizanti_msgs/srv/detail/manage_node__functions.h
[0.643s] -- Up-to-date symlink: /home/su1jun/Capstone/colcon_ws/install/vizanti_msgs/include/vizanti_msgs/vizanti_msgs/srv/detail/manage_node__struct.h
[0.643s] -- Up-to-date symlink: /home/su1jun/Capstone/colcon_ws/install/vizanti_msgs/include/vizanti_msgs/vizanti_msgs/srv/detail/manage_node__type_support.h
[0.643s] -- Up-to-date symlink: /home/su1jun/Capstone/colcon_ws/install/vizanti_msgs/include/vizanti_msgs/vizanti_msgs/srv/detail/record_rosbag__functions.h
[0.643s] -- Up-to-date symlink: /home/su1jun/Capstone/colcon_ws/install/vizanti_msgs/include/vizanti_msgs/vizanti_msgs/srv/detail/record_rosbag__struct.h
[0.643s] -- Up-to-date symlink: /home/su1jun/Capstone/colcon_ws/install/vizanti_msgs/include/vizanti_msgs/vizanti_msgs/srv/detail/record_rosbag__type_support.h
[0.643s] -- Up-to-date symlink: /home/su1jun/Capstone/colcon_ws/install/vizanti_msgs/include/vizanti_msgs/vizanti_msgs/srv/detail/save_map__functions.h
[0.643s] -- Up-to-date symlink: /home/su1jun/Capstone/colcon_ws/install/vizanti_msgs/include/vizanti_msgs/vizanti_msgs/srv/detail/save_map__struct.h
[0.643s] -- Up-to-date symlink: /home/su1jun/Capstone/colcon_ws/install/vizanti_msgs/include/vizanti_msgs/vizanti_msgs/srv/detail/save_map__type_support.h
[0.643s] -- Up-to-date symlink: /home/su1jun/Capstone/colcon_ws/install/vizanti_msgs/include/vizanti_msgs/vizanti_msgs/srv/detail/set_node_parameter__functions.h
[0.643s] -- Up-to-date symlink: /home/su1jun/Capstone/colcon_ws/install/vizanti_msgs/include/vizanti_msgs/vizanti_msgs/srv/detail/set_node_parameter__struct.h
[0.643s] -- Up-to-date symlink: /home/su1jun/Capstone/colcon_ws/install/vizanti_msgs/include/vizanti_msgs/vizanti_msgs/srv/detail/set_node_parameter__type_support.h
[0.644s] -- Up-to-date symlink: /home/su1jun/Capstone/colcon_ws/install/vizanti_msgs/include/vizanti_msgs/vizanti_msgs/srv/get_node_parameters.h
[0.644s] -- Up-to-date symlink: /home/su1jun/Capstone/colcon_ws/install/vizanti_msgs/include/vizanti_msgs/vizanti_msgs/srv/list_executables.h
[0.644s] -- Up-to-date symlink: /home/su1jun/Capstone/colcon_ws/install/vizanti_msgs/include/vizanti_msgs/vizanti_msgs/srv/list_packages.h
[0.644s] -- Up-to-date symlink: /home/su1jun/Capstone/colcon_ws/install/vizanti_msgs/include/vizanti_msgs/vizanti_msgs/srv/load_map.h
[0.644s] -- Up-to-date symlink: /home/su1jun/Capstone/colcon_ws/install/vizanti_msgs/include/vizanti_msgs/vizanti_msgs/srv/manage_node.h
[0.644s] -- Up-to-date symlink: /home/su1jun/Capstone/colcon_ws/install/vizanti_msgs/include/vizanti_msgs/vizanti_msgs/srv/record_rosbag.h
[0.644s] -- Up-to-date symlink: /home/su1jun/Capstone/colcon_ws/install/vizanti_msgs/include/vizanti_msgs/vizanti_msgs/srv/save_map.h
[0.644s] -- Up-to-date symlink: /home/su1jun/Capstone/colcon_ws/install/vizanti_msgs/include/vizanti_msgs/vizanti_msgs/srv/set_node_parameter.h
[0.644s] -- Up-to-date symlink: /home/su1jun/Capstone/colcon_ws/install/vizanti_msgs/share/vizanti_msgs/environment/library_path.sh
[0.645s] -- Up-to-date symlink: /home/su1jun/Capstone/colcon_ws/install/vizanti_msgs/share/vizanti_msgs/environment/library_path.dsv
[0.645s] -- Up-to-date symlink: /home/su1jun/Capstone/colcon_ws/install/vizanti_msgs/include/vizanti_msgs/vizanti_msgs/msg/rosidl_typesupport_fastrtps_c__visibility_control.h
[0.645s] -- Up-to-date symlink: /home/su1jun/Capstone/colcon_ws/install/vizanti_msgs/include/vizanti_msgs/vizanti_msgs/srv/detail/get_node_parameters__rosidl_typesupport_fastrtps_c.h
[0.645s] -- Up-to-date symlink: /home/su1jun/Capstone/colcon_ws/install/vizanti_msgs/include/vizanti_msgs/vizanti_msgs/srv/detail/list_executables__rosidl_typesupport_fastrtps_c.h
[0.645s] -- Up-to-date symlink: /home/su1jun/Capstone/colcon_ws/install/vizanti_msgs/include/vizanti_msgs/vizanti_msgs/srv/detail/list_packages__rosidl_typesupport_fastrtps_c.h
[0.646s] -- Up-to-date symlink: /home/su1jun/Capstone/colcon_ws/install/vizanti_msgs/include/vizanti_msgs/vizanti_msgs/srv/detail/load_map__rosidl_typesupport_fastrtps_c.h
[0.646s] -- Up-to-date symlink: /home/su1jun/Capstone/colcon_ws/install/vizanti_msgs/include/vizanti_msgs/vizanti_msgs/srv/detail/manage_node__rosidl_typesupport_fastrtps_c.h
[0.646s] -- Up-to-date symlink: /home/su1jun/Capstone/colcon_ws/install/vizanti_msgs/include/vizanti_msgs/vizanti_msgs/srv/detail/record_rosbag__rosidl_typesupport_fastrtps_c.h
[0.646s] -- Up-to-date symlink: /home/su1jun/Capstone/colcon_ws/install/vizanti_msgs/include/vizanti_msgs/vizanti_msgs/srv/detail/save_map__rosidl_typesupport_fastrtps_c.h
[0.646s] -- Up-to-date symlink: /home/su1jun/Capstone/colcon_ws/install/vizanti_msgs/include/vizanti_msgs/vizanti_msgs/srv/detail/set_node_parameter__rosidl_typesupport_fastrtps_c.h
[0.646s] -- Up-to-date symlink: /home/su1jun/Capstone/colcon_ws/install/vizanti_msgs/include/vizanti_msgs/vizanti_msgs/msg/rosidl_typesupport_introspection_c__visibility_control.h
[0.647s] -- Up-to-date symlink: /home/su1jun/Capstone/colcon_ws/install/vizanti_msgs/include/vizanti_msgs/vizanti_msgs/srv/detail/get_node_parameters__rosidl_typesupport_introspection_c.h
[0.647s] -- Up-to-date symlink: /home/su1jun/Capstone/colcon_ws/install/vizanti_msgs/include/vizanti_msgs/vizanti_msgs/srv/detail/list_executables__rosidl_typesupport_introspection_c.h
[0.647s] -- Up-to-date symlink: /home/su1jun/Capstone/colcon_ws/install/vizanti_msgs/include/vizanti_msgs/vizanti_msgs/srv/detail/list_packages__rosidl_typesupport_introspection_c.h
[0.647s] -- Up-to-date symlink: /home/su1jun/Capstone/colcon_ws/install/vizanti_msgs/include/vizanti_msgs/vizanti_msgs/srv/detail/load_map__rosidl_typesupport_introspection_c.h
[0.647s] -- Up-to-date symlink: /home/su1jun/Capstone/colcon_ws/install/vizanti_msgs/include/vizanti_msgs/vizanti_msgs/srv/detail/manage_node__rosidl_typesupport_introspection_c.h
[0.647s] -- Up-to-date symlink: /home/su1jun/Capstone/colcon_ws/install/vizanti_msgs/include/vizanti_msgs/vizanti_msgs/srv/detail/record_rosbag__rosidl_typesupport_introspection_c.h
[0.647s] -- Up-to-date symlink: /home/su1jun/Capstone/colcon_ws/install/vizanti_msgs/include/vizanti_msgs/vizanti_msgs/srv/detail/save_map__rosidl_typesupport_introspection_c.h
[0.647s] -- Up-to-date symlink: /home/su1jun/Capstone/colcon_ws/install/vizanti_msgs/include/vizanti_msgs/vizanti_msgs/srv/detail/set_node_parameter__rosidl_typesupport_introspection_c.h
[0.648s] -- Up-to-date symlink: /home/su1jun/Capstone/colcon_ws/install/vizanti_msgs/include/vizanti_msgs/vizanti_msgs/srv/detail/get_node_parameters__builder.hpp
[0.648s] -- Up-to-date symlink: /home/su1jun/Capstone/colcon_ws/install/vizanti_msgs/include/vizanti_msgs/vizanti_msgs/srv/detail/get_node_parameters__struct.hpp
[0.648s] -- Up-to-date symlink: /home/su1jun/Capstone/colcon_ws/install/vizanti_msgs/include/vizanti_msgs/vizanti_msgs/srv/detail/get_node_parameters__traits.hpp
[0.648s] -- Up-to-date symlink: /home/su1jun/Capstone/colcon_ws/install/vizanti_msgs/include/vizanti_msgs/vizanti_msgs/srv/detail/list_executables__builder.hpp
[0.648s] -- Up-to-date symlink: /home/su1jun/Capstone/colcon_ws/install/vizanti_msgs/include/vizanti_msgs/vizanti_msgs/srv/detail/list_executables__struct.hpp
[0.648s] -- Up-to-date symlink: /home/su1jun/Capstone/colcon_ws/install/vizanti_msgs/include/vizanti_msgs/vizanti_msgs/srv/detail/list_executables__traits.hpp
[0.648s] -- Up-to-date symlink: /home/su1jun/Capstone/colcon_ws/install/vizanti_msgs/include/vizanti_msgs/vizanti_msgs/srv/detail/list_packages__builder.hpp
[0.648s] -- Up-to-date symlink: /home/su1jun/Capstone/colcon_ws/install/vizanti_msgs/include/vizanti_msgs/vizanti_msgs/srv/detail/list_packages__struct.hpp
[0.648s] -- Up-to-date symlink: /home/su1jun/Capstone/colcon_ws/install/vizanti_msgs/include/vizanti_msgs/vizanti_msgs/srv/detail/list_packages__traits.hpp
[0.649s] -- Up-to-date symlink: /home/su1jun/Capstone/colcon_ws/install/vizanti_msgs/include/vizanti_msgs/vizanti_msgs/srv/detail/load_map__builder.hpp
[0.649s] -- Up-to-date symlink: /home/su1jun/Capstone/colcon_ws/install/vizanti_msgs/include/vizanti_msgs/vizanti_msgs/srv/detail/load_map__struct.hpp
[0.649s] -- Up-to-date symlink: /home/su1jun/Capstone/colcon_ws/install/vizanti_msgs/include/vizanti_msgs/vizanti_msgs/srv/detail/load_map__traits.hpp
[0.649s] -- Up-to-date symlink: /home/su1jun/Capstone/colcon_ws/install/vizanti_msgs/include/vizanti_msgs/vizanti_msgs/srv/detail/manage_node__builder.hpp
[0.649s] -- Up-to-date symlink: /home/su1jun/Capstone/colcon_ws/install/vizanti_msgs/include/vizanti_msgs/vizanti_msgs/srv/detail/manage_node__struct.hpp
[0.649s] -- Up-to-date symlink: /home/su1jun/Capstone/colcon_ws/install/vizanti_msgs/include/vizanti_msgs/vizanti_msgs/srv/detail/manage_node__traits.hpp
[0.649s] -- Up-to-date symlink: /home/su1jun/Capstone/colcon_ws/install/vizanti_msgs/include/vizanti_msgs/vizanti_msgs/srv/detail/record_rosbag__builder.hpp
[0.649s] -- Up-to-date symlink: /home/su1jun/Capstone/colcon_ws/install/vizanti_msgs/include/vizanti_msgs/vizanti_msgs/srv/detail/record_rosbag__struct.hpp
[0.649s] -- Up-to-date symlink: /home/su1jun/Capstone/colcon_ws/install/vizanti_msgs/include/vizanti_msgs/vizanti_msgs/srv/detail/record_rosbag__traits.hpp
[0.649s] -- Up-to-date symlink: /home/su1jun/Capstone/colcon_ws/install/vizanti_msgs/include/vizanti_msgs/vizanti_msgs/srv/detail/save_map__builder.hpp
[0.650s] -- Up-to-date symlink: /home/su1jun/Capstone/colcon_ws/install/vizanti_msgs/include/vizanti_msgs/vizanti_msgs/srv/detail/save_map__struct.hpp
[0.650s] -- Up-to-date symlink: /home/su1jun/Capstone/colcon_ws/install/vizanti_msgs/include/vizanti_msgs/vizanti_msgs/srv/detail/save_map__traits.hpp
[0.650s] -- Up-to-date symlink: /home/su1jun/Capstone/colcon_ws/install/vizanti_msgs/include/vizanti_msgs/vizanti_msgs/srv/detail/set_node_parameter__builder.hpp
[0.650s] -- Up-to-date symlink: /home/su1jun/Capstone/colcon_ws/install/vizanti_msgs/include/vizanti_msgs/vizanti_msgs/srv/detail/set_node_parameter__struct.hpp
[0.650s] -- Up-to-date symlink: /home/su1jun/Capstone/colcon_ws/install/vizanti_msgs/include/vizanti_msgs/vizanti_msgs/srv/detail/set_node_parameter__traits.hpp
[0.650s] -- Up-to-date symlink: /home/su1jun/Capstone/colcon_ws/install/vizanti_msgs/include/vizanti_msgs/vizanti_msgs/srv/get_node_parameters.hpp
[0.651s] -- Up-to-date symlink: /home/su1jun/Capstone/colcon_ws/install/vizanti_msgs/include/vizanti_msgs/vizanti_msgs/srv/list_executables.hpp
[0.651s] -- Up-to-date symlink: /home/su1jun/Capstone/colcon_ws/install/vizanti_msgs/include/vizanti_msgs/vizanti_msgs/srv/list_packages.hpp
[0.651s] -- Up-to-date symlink: /home/su1jun/Capstone/colcon_ws/install/vizanti_msgs/include/vizanti_msgs/vizanti_msgs/srv/load_map.hpp
[0.651s] -- Up-to-date symlink: /home/su1jun/Capstone/colcon_ws/install/vizanti_msgs/include/vizanti_msgs/vizanti_msgs/srv/manage_node.hpp
[0.651s] -- Up-to-date symlink: /home/su1jun/Capstone/colcon_ws/install/vizanti_msgs/include/vizanti_msgs/vizanti_msgs/srv/record_rosbag.hpp
[0.651s] -- Up-to-date symlink: /home/su1jun/Capstone/colcon_ws/install/vizanti_msgs/include/vizanti_msgs/vizanti_msgs/srv/save_map.hpp
[0.651s] -- Up-to-date symlink: /home/su1jun/Capstone/colcon_ws/install/vizanti_msgs/include/vizanti_msgs/vizanti_msgs/srv/set_node_parameter.hpp
[0.652s] -- Up-to-date symlink: /home/su1jun/Capstone/colcon_ws/install/vizanti_msgs/include/vizanti_msgs/vizanti_msgs/msg/rosidl_typesupport_fastrtps_cpp__visibility_control.h
[0.652s] -- Up-to-date symlink: /home/su1jun/Capstone/colcon_ws/install/vizanti_msgs/include/vizanti_msgs/vizanti_msgs/srv/detail/get_node_parameters__rosidl_typesupport_fastrtps_cpp.hpp
[0.652s] -- Up-to-date symlink: /home/su1jun/Capstone/colcon_ws/install/vizanti_msgs/include/vizanti_msgs/vizanti_msgs/srv/detail/list_executables__rosidl_typesupport_fastrtps_cpp.hpp
[0.652s] -- Up-to-date symlink: /home/su1jun/Capstone/colcon_ws/install/vizanti_msgs/include/vizanti_msgs/vizanti_msgs/srv/detail/list_packages__rosidl_typesupport_fastrtps_cpp.hpp
[0.652s] -- Up-to-date symlink: /home/su1jun/Capstone/colcon_ws/install/vizanti_msgs/include/vizanti_msgs/vizanti_msgs/srv/detail/load_map__rosidl_typesupport_fastrtps_cpp.hpp
[0.652s] -- Up-to-date symlink: /home/su1jun/Capstone/colcon_ws/install/vizanti_msgs/include/vizanti_msgs/vizanti_msgs/srv/detail/manage_node__rosidl_typesupport_fastrtps_cpp.hpp
[0.652s] -- Up-to-date symlink: /home/su1jun/Capstone/colcon_ws/install/vizanti_msgs/include/vizanti_msgs/vizanti_msgs/srv/detail/record_rosbag__rosidl_typesupport_fastrtps_cpp.hpp
[0.652s] -- Up-to-date symlink: /home/su1jun/Capstone/colcon_ws/install/vizanti_msgs/include/vizanti_msgs/vizanti_msgs/srv/detail/save_map__rosidl_typesupport_fastrtps_cpp.hpp
[0.652s] -- Up-to-date symlink: /home/su1jun/Capstone/colcon_ws/install/vizanti_msgs/include/vizanti_msgs/vizanti_msgs/srv/detail/set_node_parameter__rosidl_typesupport_fastrtps_cpp.hpp
[0.653s] -- Up-to-date symlink: /home/su1jun/Capstone/colcon_ws/install/vizanti_msgs/include/vizanti_msgs/vizanti_msgs/srv/detail/get_node_parameters__rosidl_typesupport_introspection_cpp.hpp
[0.653s] -- Up-to-date symlink: /home/su1jun/Capstone/colcon_ws/install/vizanti_msgs/include/vizanti_msgs/vizanti_msgs/srv/detail/list_executables__rosidl_typesupport_introspection_cpp.hpp
[0.653s] -- Up-to-date symlink: /home/su1jun/Capstone/colcon_ws/install/vizanti_msgs/include/vizanti_msgs/vizanti_msgs/srv/detail/list_packages__rosidl_typesupport_introspection_cpp.hpp
[0.653s] -- Up-to-date symlink: /home/su1jun/Capstone/colcon_ws/install/vizanti_msgs/include/vizanti_msgs/vizanti_msgs/srv/detail/load_map__rosidl_typesupport_introspection_cpp.hpp
[0.653s] -- Up-to-date symlink: /home/su1jun/Capstone/colcon_ws/install/vizanti_msgs/include/vizanti_msgs/vizanti_msgs/srv/detail/manage_node__rosidl_typesupport_introspection_cpp.hpp
[0.653s] -- Up-to-date symlink: /home/su1jun/Capstone/colcon_ws/install/vizanti_msgs/include/vizanti_msgs/vizanti_msgs/srv/detail/record_rosbag__rosidl_typesupport_introspection_cpp.hpp
[0.653s] -- Up-to-date symlink: /home/su1jun/Capstone/colcon_ws/install/vizanti_msgs/include/vizanti_msgs/vizanti_msgs/srv/detail/save_map__rosidl_typesupport_introspection_cpp.hpp
[0.654s] -- Up-to-date symlink: /home/su1jun/Capstone/colcon_ws/install/vizanti_msgs/include/vizanti_msgs/vizanti_msgs/srv/detail/set_node_parameter__rosidl_typesupport_introspection_cpp.hpp
[0.654s] -- Up-to-date symlink: /home/su1jun/Capstone/colcon_ws/install/vizanti_msgs/share/vizanti_msgs/environment/pythonpath.sh
[0.654s] -- Up-to-date symlink: /home/su1jun/Capstone/colcon_ws/install/vizanti_msgs/share/vizanti_msgs/environment/pythonpath.dsv
[0.654s] -- Up-to-date symlink: /home/su1jun/Capstone/colcon_ws/install/vizanti_msgs/local/lib/python3.10/dist-packages/vizanti_msgs-0.1.0-py3.10.egg-info/PKG-INFO
[0.654s] -- Up-to-date symlink: /home/su1jun/Capstone/colcon_ws/install/vizanti_msgs/local/lib/python3.10/dist-packages/vizanti_msgs-0.1.0-py3.10.egg-info/SOURCES.txt
[0.654s] -- Up-to-date symlink: /home/su1jun/Capstone/colcon_ws/install/vizanti_msgs/local/lib/python3.10/dist-packages/vizanti_msgs-0.1.0-py3.10.egg-info/dependency_links.txt
[0.654s] -- Up-to-date symlink: /home/su1jun/Capstone/colcon_ws/install/vizanti_msgs/local/lib/python3.10/dist-packages/vizanti_msgs-0.1.0-py3.10.egg-info/top_level.txt
[0.655s] -- Up-to-date symlink: /home/su1jun/Capstone/colcon_ws/install/vizanti_msgs/local/lib/python3.10/dist-packages/vizanti_msgs/__init__.py
[0.655s] -- Up-to-date symlink: /home/su1jun/Capstone/colcon_ws/install/vizanti_msgs/local/lib/python3.10/dist-packages/vizanti_msgs/_vizanti_msgs_s.ep.rosidl_typesupport_c.c
[0.655s] -- Up-to-date symlink: /home/su1jun/Capstone/colcon_ws/install/vizanti_msgs/local/lib/python3.10/dist-packages/vizanti_msgs/_vizanti_msgs_s.ep.rosidl_typesupport_fastrtps_c.c
[0.655s] -- Up-to-date symlink: /home/su1jun/Capstone/colcon_ws/install/vizanti_msgs/local/lib/python3.10/dist-packages/vizanti_msgs/_vizanti_msgs_s.ep.rosidl_typesupport_introspection_c.c
[0.655s] -- Up-to-date symlink: /home/su1jun/Capstone/colcon_ws/install/vizanti_msgs/local/lib/python3.10/dist-packages/vizanti_msgs/libvizanti_msgs__rosidl_generator_py.so
[0.656s] -- Up-to-date symlink: /home/su1jun/Capstone/colcon_ws/install/vizanti_msgs/local/lib/python3.10/dist-packages/vizanti_msgs/srv/__init__.py
[0.656s] -- Up-to-date symlink: /home/su1jun/Capstone/colcon_ws/install/vizanti_msgs/local/lib/python3.10/dist-packages/vizanti_msgs/srv/_get_node_parameters.py
[0.656s] -- Up-to-date symlink: /home/su1jun/Capstone/colcon_ws/install/vizanti_msgs/local/lib/python3.10/dist-packages/vizanti_msgs/srv/_get_node_parameters_s.c
[0.656s] -- Up-to-date symlink: /home/su1jun/Capstone/colcon_ws/install/vizanti_msgs/local/lib/python3.10/dist-packages/vizanti_msgs/srv/_list_executables.py
[0.656s] -- Up-to-date symlink: /home/su1jun/Capstone/colcon_ws/install/vizanti_msgs/local/lib/python3.10/dist-packages/vizanti_msgs/srv/_list_executables_s.c
[0.656s] -- Up-to-date symlink: /home/su1jun/Capstone/colcon_ws/install/vizanti_msgs/local/lib/python3.10/dist-packages/vizanti_msgs/srv/_list_packages.py
[0.656s] -- Up-to-date symlink: /home/su1jun/Capstone/colcon_ws/install/vizanti_msgs/local/lib/python3.10/dist-packages/vizanti_msgs/srv/_list_packages_s.c
[0.656s] -- Up-to-date symlink: /home/su1jun/Capstone/colcon_ws/install/vizanti_msgs/local/lib/python3.10/dist-packages/vizanti_msgs/srv/_load_map.py
[0.656s] -- Up-to-date symlink: /home/su1jun/Capstone/colcon_ws/install/vizanti_msgs/local/lib/python3.10/dist-packages/vizanti_msgs/srv/_load_map_s.c
[0.656s] -- Up-to-date symlink: /home/su1jun/Capstone/colcon_ws/install/vizanti_msgs/local/lib/python3.10/dist-packages/vizanti_msgs/srv/_manage_node.py
[0.656s] -- Up-to-date symlink: /home/su1jun/Capstone/colcon_ws/install/vizanti_msgs/local/lib/python3.10/dist-packages/vizanti_msgs/srv/_manage_node_s.c
[0.657s] -- Up-to-date symlink: /home/su1jun/Capstone/colcon_ws/install/vizanti_msgs/local/lib/python3.10/dist-packages/vizanti_msgs/srv/_record_rosbag.py
[0.657s] -- Up-to-date symlink: /home/su1jun/Capstone/colcon_ws/install/vizanti_msgs/local/lib/python3.10/dist-packages/vizanti_msgs/srv/_record_rosbag_s.c
[0.657s] -- Up-to-date symlink: /home/su1jun/Capstone/colcon_ws/install/vizanti_msgs/local/lib/python3.10/dist-packages/vizanti_msgs/srv/_save_map.py
[0.657s] -- Up-to-date symlink: /home/su1jun/Capstone/colcon_ws/install/vizanti_msgs/local/lib/python3.10/dist-packages/vizanti_msgs/srv/_save_map_s.c
[0.657s] -- Up-to-date symlink: /home/su1jun/Capstone/colcon_ws/install/vizanti_msgs/local/lib/python3.10/dist-packages/vizanti_msgs/srv/_set_node_parameter.py
[0.657s] -- Up-to-date symlink: /home/su1jun/Capstone/colcon_ws/install/vizanti_msgs/local/lib/python3.10/dist-packages/vizanti_msgs/srv/_set_node_parameter_s.c
[0.657s] -- Up-to-date symlink: /home/su1jun/Capstone/colcon_ws/install/vizanti_msgs/local/lib/python3.10/dist-packages/vizanti_msgs/vizanti_msgs_s__rosidl_typesupport_c.cpython-310-x86_64-linux-gnu.so
[0.657s] -- Up-to-date symlink: /home/su1jun/Capstone/colcon_ws/install/vizanti_msgs/local/lib/python3.10/dist-packages/vizanti_msgs/vizanti_msgs_s__rosidl_typesupport_fastrtps_c.cpython-310-x86_64-linux-gnu.so
[0.657s] -- Up-to-date symlink: /home/su1jun/Capstone/colcon_ws/install/vizanti_msgs/local/lib/python3.10/dist-packages/vizanti_msgs/vizanti_msgs_s__rosidl_typesupport_introspection_c.cpython-310-x86_64-linux-gnu.so
[0.658s] -- Up-to-date symlink: /home/su1jun/Capstone/colcon_ws/install/vizanti_msgs/local/lib/python3.10/dist-packages/vizanti_msgs/vizanti_msgs_s__rosidl_typesupport_fastrtps_c.cpython-310-x86_64-linux-gnu.so
[0.658s] -- Up-to-date symlink: /home/su1jun/Capstone/colcon_ws/install/vizanti_msgs/local/lib/python3.10/dist-packages/vizanti_msgs/vizanti_msgs_s__rosidl_typesupport_introspection_c.cpython-310-x86_64-linux-gnu.so
[0.658s] -- Up-to-date symlink: /home/su1jun/Capstone/colcon_ws/install/vizanti_msgs/local/lib/python3.10/dist-packages/vizanti_msgs/vizanti_msgs_s__rosidl_typesupport_c.cpython-310-x86_64-linux-gnu.so
[0.658s] -- Up-to-date symlink: /home/su1jun/Capstone/colcon_ws/install/vizanti_msgs/share/vizanti_msgs/srv/GetNodeParameters.idl
[0.658s] -- Up-to-date symlink: /home/su1jun/Capstone/colcon_ws/install/vizanti_msgs/share/vizanti_msgs/srv/SetNodeParameter.idl
[0.659s] -- Up-to-date symlink: /home/su1jun/Capstone/colcon_ws/install/vizanti_msgs/share/vizanti_msgs/srv/SaveMap.idl
[0.659s] -- Up-to-date symlink: /home/su1jun/Capstone/colcon_ws/install/vizanti_msgs/share/vizanti_msgs/srv/LoadMap.idl
[0.659s] -- Up-to-date symlink: /home/su1jun/Capstone/colcon_ws/install/vizanti_msgs/share/vizanti_msgs/srv/RecordRosbag.idl
[0.659s] -- Up-to-date symlink: /home/su1jun/Capstone/colcon_ws/install/vizanti_msgs/share/vizanti_msgs/srv/ManageNode.idl
[0.659s] -- Up-to-date symlink: /home/su1jun/Capstone/colcon_ws/install/vizanti_msgs/share/vizanti_msgs/srv/ListPackages.idl
[0.659s] -- Up-to-date symlink: /home/su1jun/Capstone/colcon_ws/install/vizanti_msgs/share/vizanti_msgs/srv/ListExecutables.idl
[0.659s] -- Up-to-date symlink: /home/su1jun/Capstone/colcon_ws/install/vizanti_msgs/share/vizanti_msgs/srv/GetNodeParameters.srv
[0.659s] -- Up-to-date symlink: /home/su1jun/Capstone/colcon_ws/install/vizanti_msgs/share/vizanti_msgs/srv/GetNodeParameters_Request.msg
[0.660s] -- Up-to-date symlink: /home/su1jun/Capstone/colcon_ws/install/vizanti_msgs/share/vizanti_msgs/srv/GetNodeParameters_Response.msg
[0.660s] -- Up-to-date symlink: /home/su1jun/Capstone/colcon_ws/install/vizanti_msgs/share/vizanti_msgs/srv/SetNodeParameter.srv
[0.660s] -- Up-to-date symlink: /home/su1jun/Capstone/colcon_ws/install/vizanti_msgs/share/vizanti_msgs/srv/SetNodeParameter_Request.msg
[0.660s] -- Up-to-date symlink: /home/su1jun/Capstone/colcon_ws/install/vizanti_msgs/share/vizanti_msgs/srv/SetNodeParameter_Response.msg
[0.660s] -- Up-to-date symlink: /home/su1jun/Capstone/colcon_ws/install/vizanti_msgs/share/vizanti_msgs/srv/SaveMap.srv
[0.660s] -- Up-to-date symlink: /home/su1jun/Capstone/colcon_ws/install/vizanti_msgs/share/vizanti_msgs/srv/SaveMap_Request.msg
[0.660s] -- Up-to-date symlink: /home/su1jun/Capstone/colcon_ws/install/vizanti_msgs/share/vizanti_msgs/srv/SaveMap_Response.msg
[0.661s] -- Up-to-date symlink: /home/su1jun/Capstone/colcon_ws/install/vizanti_msgs/share/vizanti_msgs/srv/LoadMap.srv
[0.661s] -- Up-to-date symlink: /home/su1jun/Capstone/colcon_ws/install/vizanti_msgs/share/vizanti_msgs/srv/LoadMap_Request.msg
[0.661s] -- Up-to-date symlink: /home/su1jun/Capstone/colcon_ws/install/vizanti_msgs/share/vizanti_msgs/srv/LoadMap_Response.msg
[0.661s] -- Up-to-date symlink: /home/su1jun/Capstone/colcon_ws/install/vizanti_msgs/share/vizanti_msgs/srv/RecordRosbag.srv
[0.661s] -- Up-to-date symlink: /home/su1jun/Capstone/colcon_ws/install/vizanti_msgs/share/vizanti_msgs/srv/RecordRosbag_Request.msg
[0.661s] -- Up-to-date symlink: /home/su1jun/Capstone/colcon_ws/install/vizanti_msgs/share/vizanti_msgs/srv/RecordRosbag_Response.msg
[0.661s] -- Up-to-date symlink: /home/su1jun/Capstone/colcon_ws/install/vizanti_msgs/share/vizanti_msgs/srv/ManageNode.srv
[0.661s] -- Up-to-date symlink: /home/su1jun/Capstone/colcon_ws/install/vizanti_msgs/share/vizanti_msgs/srv/ManageNode_Request.msg
[0.662s] -- Up-to-date symlink: /home/su1jun/Capstone/colcon_ws/install/vizanti_msgs/share/vizanti_msgs/srv/ManageNode_Response.msg
[0.662s] -- Up-to-date symlink: /home/su1jun/Capstone/colcon_ws/install/vizanti_msgs/share/vizanti_msgs/srv/ListPackages.srv
[0.662s] -- Up-to-date symlink: /home/su1jun/Capstone/colcon_ws/install/vizanti_msgs/share/vizanti_msgs/srv/ListPackages_Request.msg
[0.662s] -- Up-to-date symlink: /home/su1jun/Capstone/colcon_ws/install/vizanti_msgs/share/vizanti_msgs/srv/ListPackages_Response.msg
[0.662s] -- Up-to-date symlink: /home/su1jun/Capstone/colcon_ws/install/vizanti_msgs/share/vizanti_msgs/srv/ListExecutables.srv
[0.662s] -- Up-to-date symlink: /home/su1jun/Capstone/colcon_ws/install/vizanti_msgs/share/vizanti_msgs/srv/ListExecutables_Request.msg
[0.662s] -- Up-to-date symlink: /home/su1jun/Capstone/colcon_ws/install/vizanti_msgs/share/vizanti_msgs/srv/ListExecutables_Response.msg
[0.663s] -- Up-to-date symlink: /home/su1jun/Capstone/colcon_ws/install/vizanti_msgs/share/ament_index/resource_index/package_run_dependencies/vizanti_msgs
[0.663s] -- Up-to-date symlink: /home/su1jun/Capstone/colcon_ws/install/vizanti_msgs/share/ament_index/resource_index/parent_prefix_path/vizanti_msgs
[0.663s] -- Up-to-date symlink: /home/su1jun/Capstone/colcon_ws/install/vizanti_msgs/share/vizanti_msgs/environment/ament_prefix_path.sh
[0.663s] -- Up-to-date symlink: /home/su1jun/Capstone/colcon_ws/install/vizanti_msgs/share/vizanti_msgs/environment/ament_prefix_path.dsv
[0.663s] -- Up-to-date symlink: /home/su1jun/Capstone/colcon_ws/install/vizanti_msgs/share/vizanti_msgs/environment/path.sh
[0.663s] -- Up-to-date symlink: /home/su1jun/Capstone/colcon_ws/install/vizanti_msgs/share/vizanti_msgs/environment/path.dsv
[0.663s] -- Up-to-date symlink: /home/su1jun/Capstone/colcon_ws/install/vizanti_msgs/share/vizanti_msgs/local_setup.bash
[0.664s] -- Up-to-date symlink: /home/su1jun/Capstone/colcon_ws/install/vizanti_msgs/share/vizanti_msgs/local_setup.sh
[0.664s] -- Up-to-date symlink: /home/su1jun/Capstone/colcon_ws/install/vizanti_msgs/share/vizanti_msgs/local_setup.zsh
[0.664s] -- Up-to-date symlink: /home/su1jun/Capstone/colcon_ws/install/vizanti_msgs/share/vizanti_msgs/local_setup.dsv
[0.664s] -- Symlinking: /home/su1jun/Capstone/colcon_ws/install/vizanti_msgs/share/vizanti_msgs/package.dsv
[0.673s] -- Up-to-date symlink: /home/su1jun/Capstone/colcon_ws/install/vizanti_msgs/share/ament_index/resource_index/packages/vizanti_msgs
[0.673s] -- Up-to-date symlink: /home/su1jun/Capstone/colcon_ws/install/vizanti_msgs/share/vizanti_msgs/cmake/rosidl_cmake-extras.cmake
[0.673s] -- Up-to-date symlink: /home/su1jun/Capstone/colcon_ws/install/vizanti_msgs/share/vizanti_msgs/cmake/ament_cmake_export_dependencies-extras.cmake
[0.673s] -- Up-to-date symlink: /home/su1jun/Capstone/colcon_ws/install/vizanti_msgs/share/vizanti_msgs/cmake/ament_cmake_export_include_directories-extras.cmake
[0.673s] -- Up-to-date symlink: /home/su1jun/Capstone/colcon_ws/install/vizanti_msgs/share/vizanti_msgs/cmake/ament_cmake_export_libraries-extras.cmake
[0.673s] -- Up-to-date symlink: /home/su1jun/Capstone/colcon_ws/install/vizanti_msgs/share/vizanti_msgs/cmake/ament_cmake_export_targets-extras.cmake
[0.673s] -- Up-to-date symlink: /home/su1jun/Capstone/colcon_ws/install/vizanti_msgs/share/vizanti_msgs/cmake/rosidl_cmake_export_typesupport_targets-extras.cmake
[0.673s] -- Up-to-date symlink: /home/su1jun/Capstone/colcon_ws/install/vizanti_msgs/share/vizanti_msgs/cmake/rosidl_cmake_export_typesupport_libraries-extras.cmake
[0.674s] -- Up-to-date symlink: /home/su1jun/Capstone/colcon_ws/install/vizanti_msgs/share/vizanti_msgs/cmake/vizanti_msgsConfig.cmake
[0.674s] -- Up-to-date symlink: /home/su1jun/Capstone/colcon_ws/install/vizanti_msgs/share/vizanti_msgs/cmake/vizanti_msgsConfig-version.cmake
[0.674s] -- Up-to-date symlink: /home/su1jun/Capstone/colcon_ws/install/vizanti_msgs/share/vizanti_msgs/package.xml
[0.674s] -- Up-to-date: /home/su1jun/Capstone/colcon_ws/install/vizanti_msgs/lib/libvizanti_msgs__rosidl_generator_c.so
[0.674s] -- Up-to-date: /home/su1jun/Capstone/colcon_ws/install/vizanti_msgs/lib/libvizanti_msgs__rosidl_typesupport_fastrtps_c.so
[0.675s] -- Up-to-date: /home/su1jun/Capstone/colcon_ws/install/vizanti_msgs/lib/libvizanti_msgs__rosidl_typesupport_introspection_c.so
[0.675s] -- Up-to-date: /home/su1jun/Capstone/colcon_ws/install/vizanti_msgs/lib/libvizanti_msgs__rosidl_typesupport_c.so
[0.675s] -- Up-to-date: /home/su1jun/Capstone/colcon_ws/install/vizanti_msgs/lib/libvizanti_msgs__rosidl_typesupport_fastrtps_cpp.so
[0.675s] -- Up-to-date: /home/su1jun/Capstone/colcon_ws/install/vizanti_msgs/lib/libvizanti_msgs__rosidl_typesupport_introspection_cpp.so
[0.675s] -- Up-to-date: /home/su1jun/Capstone/colcon_ws/install/vizanti_msgs/lib/libvizanti_msgs__rosidl_typesupport_cpp.so
[0.705s] Listing '/home/su1jun/Capstone/colcon_ws/install/vizanti_msgs/local/lib/python3.10/dist-packages/vizanti_msgs'...
[0.705s] Listing '/home/su1jun/Capstone/colcon_ws/install/vizanti_msgs/local/lib/python3.10/dist-packages/vizanti_msgs/srv'...
[0.709s] -- Up-to-date: /home/su1jun/Capstone/colcon_ws/install/vizanti_msgs/lib/libvizanti_msgs__rosidl_generator_py.so
[0.709s] -- Up-to-date: /home/su1jun/Capstone/colcon_ws/install/vizanti_msgs/share/vizanti_msgs/cmake/export_vizanti_msgs__rosidl_generator_cExport.cmake
[0.709s] -- Up-to-date: /home/su1jun/Capstone/colcon_ws/install/vizanti_msgs/share/vizanti_msgs/cmake/export_vizanti_msgs__rosidl_generator_cExport-noconfig.cmake
[0.710s] -- Up-to-date: /home/su1jun/Capstone/colcon_ws/install/vizanti_msgs/share/vizanti_msgs/cmake/export_vizanti_msgs__rosidl_typesupport_fastrtps_cExport.cmake
[0.710s] -- Up-to-date: /home/su1jun/Capstone/colcon_ws/install/vizanti_msgs/share/vizanti_msgs/cmake/export_vizanti_msgs__rosidl_typesupport_fastrtps_cExport-noconfig.cmake
[0.710s] -- Up-to-date: /home/su1jun/Capstone/colcon_ws/install/vizanti_msgs/share/vizanti_msgs/cmake/vizanti_msgs__rosidl_typesupport_introspection_cExport.cmake
[0.710s] -- Up-to-date: /home/su1jun/Capstone/colcon_ws/install/vizanti_msgs/share/vizanti_msgs/cmake/vizanti_msgs__rosidl_typesupport_introspection_cExport-noconfig.cmake
[0.710s] -- Up-to-date: /home/su1jun/Capstone/colcon_ws/install/vizanti_msgs/share/vizanti_msgs/cmake/vizanti_msgs__rosidl_typesupport_cExport.cmake
[0.710s] -- Up-to-date: /home/su1jun/Capstone/colcon_ws/install/vizanti_msgs/share/vizanti_msgs/cmake/vizanti_msgs__rosidl_typesupport_cExport-noconfig.cmake
[0.710s] -- Up-to-date: /home/su1jun/Capstone/colcon_ws/install/vizanti_msgs/share/vizanti_msgs/cmake/export_vizanti_msgs__rosidl_generator_cppExport.cmake
[0.710s] -- Up-to-date: /home/su1jun/Capstone/colcon_ws/install/vizanti_msgs/share/vizanti_msgs/cmake/export_vizanti_msgs__rosidl_typesupport_fastrtps_cppExport.cmake
[0.710s] -- Up-to-date: /home/su1jun/Capstone/colcon_ws/install/vizanti_msgs/share/vizanti_msgs/cmake/export_vizanti_msgs__rosidl_typesupport_fastrtps_cppExport-noconfig.cmake
[0.710s] -- Up-to-date: /home/su1jun/Capstone/colcon_ws/install/vizanti_msgs/share/vizanti_msgs/cmake/vizanti_msgs__rosidl_typesupport_introspection_cppExport.cmake
[0.710s] -- Up-to-date: /home/su1jun/Capstone/colcon_ws/install/vizanti_msgs/share/vizanti_msgs/cmake/vizanti_msgs__rosidl_typesupport_introspection_cppExport-noconfig.cmake
[0.711s] -- Up-to-date: /home/su1jun/Capstone/colcon_ws/install/vizanti_msgs/share/vizanti_msgs/cmake/vizanti_msgs__rosidl_typesupport_cppExport.cmake
[0.711s] -- Up-to-date: /home/su1jun/Capstone/colcon_ws/install/vizanti_msgs/share/vizanti_msgs/cmake/vizanti_msgs__rosidl_typesupport_cppExport-noconfig.cmake
[0.711s] -- Up-to-date: /home/su1jun/Capstone/colcon_ws/install/vizanti_msgs/share/vizanti_msgs/cmake/export_vizanti_msgs__rosidl_generator_pyExport.cmake
[0.711s] -- Up-to-date: /home/su1jun/Capstone/colcon_ws/install/vizanti_msgs/share/vizanti_msgs/cmake/export_vizanti_msgs__rosidl_generator_pyExport-noconfig.cmake
[0.712s] Invoked command in '/home/su1jun/Capstone/colcon_ws/build/vizanti_msgs' returned '0': CMAKE_PREFIX_PATH=/opt/ros/humble /usr/bin/cmake --install /home/su1jun/Capstone/colcon_ws/build/vizanti_msgs
