[0.088s] Invoking command in '/home/su1jun/Desktop/Capstone/ros2_ws/build/articubot_one': CMAKE_PREFIX_PATH=${CMAKE_PREFIX_PATH}:/opt/ros/humble /usr/bin/cmake /home/su1jun/Desktop/Capstone/ros2_ws/src/articubot_one -DAMENT_CMAKE_SYMLINK_INSTALL=1 -DCMAKE_INSTALL_PREFIX=/home/su1jun/Desktop/Capstone/ros2_ws/install/articubot_one
[0.157s] -- The C compiler identification is GNU 11.4.0
[0.208s] -- The CXX compiler identification is GNU 11.4.0
[0.213s] -- Detecting C compiler ABI info
[0.246s] -- Detecting C compiler ABI info - done
[0.252s] -- Check for working C compiler: /usr/bin/cc - skipped
[0.252s] -- Detecting C compile features
[0.253s] -- Detecting C compile features - done
[0.255s] -- Detecting CXX compiler ABI info
[0.289s] -- Detecting CXX compiler ABI info - done
[0.293s] -- Check for working CXX compiler: /usr/bin/c++ - skipped
[0.293s] -- Detecting CXX compile features
[0.293s] -- Detecting CXX compile features - done
[0.295s] -- Found ament_cmake: 1.3.8 (/opt/ros/humble/share/ament_cmake/cmake)
[0.451s] -- Found Python3: /usr/bin/python3 (found version "3.10.12") found components: Interpreter 
[0.484s] -- Override CMake install command with custom implementation using symlinks instead of copying resources
[0.502s] -- Found ament_lint_auto: 0.12.10 (/opt/ros/humble/share/ament_lint_auto/cmake)
[0.554s] -- Added test 'copyright' to check source files copyright and LICENSE
[0.556s] -- Added test 'flake8' to check Python code syntax and style conventions
[0.557s] -- Added test 'lint_cmake' to check CMake code style
[0.557s] -- Added test 'pep257' to check Python code against some of the docstring style conventions in PEP 257
[0.558s] -- Added test 'xmllint' to check XML markup files
[0.559s] -- Configuring done
[0.560s] -- Generating done
[0.560s] -- Build files have been written to: /home/su1jun/Desktop/Capstone/ros2_ws/build/articubot_one
[0.563s] Invoked command in '/home/su1jun/Desktop/Capstone/ros2_ws/build/articubot_one' returned '0': CMAKE_PREFIX_PATH=${CMAKE_PREFIX_PATH}:/opt/ros/humble /usr/bin/cmake /home/su1jun/Desktop/Capstone/ros2_ws/src/articubot_one -DAMENT_CMAKE_SYMLINK_INSTALL=1 -DCMAKE_INSTALL_PREFIX=/home/su1jun/Desktop/Capstone/ros2_ws/install/articubot_one
[0.564s] Invoking command in '/home/su1jun/Desktop/Capstone/ros2_ws/build/articubot_one': CMAKE_PREFIX_PATH=${CMAKE_PREFIX_PATH}:/opt/ros/humble /usr/bin/cmake --build /home/su1jun/Desktop/Capstone/ros2_ws/build/articubot_one -- -j20 -l20
[0.581s] Invoked command in '/home/su1jun/Desktop/Capstone/ros2_ws/build/articubot_one' returned '0': CMAKE_PREFIX_PATH=${CMAKE_PREFIX_PATH}:/opt/ros/humble /usr/bin/cmake --build /home/su1jun/Desktop/Capstone/ros2_ws/build/articubot_one -- -j20 -l20
[0.593s] Invoking command in '/home/su1jun/Desktop/Capstone/ros2_ws/build/articubot_one': CMAKE_PREFIX_PATH=${CMAKE_PREFIX_PATH}:/opt/ros/humble /usr/bin/cmake --install /home/su1jun/Desktop/Capstone/ros2_ws/build/articubot_one
[0.596s] -- Install configuration: ""
[0.597s] -- Execute custom install script
[0.597s] -- Symlinking: /home/su1jun/Desktop/Capstone/ros2_ws/install/articubot_one/share/articubot_one/config/ball_tracker_params_robot.yaml
[0.601s] -- Symlinking: /home/su1jun/Desktop/Capstone/ros2_ws/install/articubot_one/share/articubot_one/config/ball_tracker_params_sim.yaml
[0.604s] -- Symlinking: /home/su1jun/Desktop/Capstone/ros2_ws/install/articubot_one/share/articubot_one/config/drive_bot.rviz
[0.607s] -- Symlinking: /home/su1jun/Desktop/Capstone/ros2_ws/install/articubot_one/share/articubot_one/config/empty.yaml
[0.611s] -- Symlinking: /home/su1jun/Desktop/Capstone/ros2_ws/install/articubot_one/share/articubot_one/config/gaz_ros2_ctl_use_sim.yaml
[0.614s] -- Symlinking: /home/su1jun/Desktop/Capstone/ros2_ws/install/articubot_one/share/articubot_one/config/gazebo_params.yaml
[0.618s] -- Symlinking: /home/su1jun/Desktop/Capstone/ros2_ws/install/articubot_one/share/articubot_one/config/joystick.yaml
[0.622s] -- Symlinking: /home/su1jun/Desktop/Capstone/ros2_ws/install/articubot_one/share/articubot_one/config/main.rviz
[0.625s] -- Symlinking: /home/su1jun/Desktop/Capstone/ros2_ws/install/articubot_one/share/articubot_one/config/map.rviz
[0.629s] -- Symlinking: /home/su1jun/Desktop/Capstone/ros2_ws/install/articubot_one/share/articubot_one/config/mapper_params_online_async.yaml
[0.632s] -- Symlinking: /home/su1jun/Desktop/Capstone/ros2_ws/install/articubot_one/share/articubot_one/config/my_controllers.yaml
[0.636s] -- Symlinking: /home/su1jun/Desktop/Capstone/ros2_ws/install/articubot_one/share/articubot_one/config/nav2_params.yaml
[0.640s] -- Symlinking: /home/su1jun/Desktop/Capstone/ros2_ws/install/articubot_one/share/articubot_one/config/twist_mux.yaml
[0.643s] -- Symlinking: /home/su1jun/Desktop/Capstone/ros2_ws/install/articubot_one/share/articubot_one/config/view_bot.rviz
[0.647s] -- Symlinking: /home/su1jun/Desktop/Capstone/ros2_ws/install/articubot_one/share/articubot_one/description/camera.xacro
[0.650s] -- Symlinking: /home/su1jun/Desktop/Capstone/ros2_ws/install/articubot_one/share/articubot_one/description/depth_camera.xacro
[0.654s] -- Symlinking: /home/su1jun/Desktop/Capstone/ros2_ws/install/articubot_one/share/articubot_one/description/face.xacro
[0.657s] -- Symlinking: /home/su1jun/Desktop/Capstone/ros2_ws/install/articubot_one/share/articubot_one/description/gazebo_control.xacro
[0.661s] -- Symlinking: /home/su1jun/Desktop/Capstone/ros2_ws/install/articubot_one/share/articubot_one/description/inertial_macros.xacro
[0.665s] -- Symlinking: /home/su1jun/Desktop/Capstone/ros2_ws/install/articubot_one/share/articubot_one/description/lidar.xacro
[0.668s] -- Symlinking: /home/su1jun/Desktop/Capstone/ros2_ws/install/articubot_one/share/articubot_one/description/robot.urdf.xacro
[0.672s] -- Symlinking: /home/su1jun/Desktop/Capstone/ros2_ws/install/articubot_one/share/articubot_one/description/robot_core.xacro
[0.676s] -- Symlinking: /home/su1jun/Desktop/Capstone/ros2_ws/install/articubot_one/share/articubot_one/description/ros2_control.xacro
[0.680s] -- Symlinking: /home/su1jun/Desktop/Capstone/ros2_ws/install/articubot_one/share/articubot_one/launch/ball_tracker.launch.py
[0.683s] -- Symlinking: /home/su1jun/Desktop/Capstone/ros2_ws/install/articubot_one/share/articubot_one/launch/camera.launch.py
[0.687s] -- Symlinking: /home/su1jun/Desktop/Capstone/ros2_ws/install/articubot_one/share/articubot_one/launch/joystick.launch.py
[0.691s] -- Symlinking: /home/su1jun/Desktop/Capstone/ros2_ws/install/articubot_one/share/articubot_one/launch/launch_robot.launch.py
[0.695s] -- Symlinking: /home/su1jun/Desktop/Capstone/ros2_ws/install/articubot_one/share/articubot_one/launch/launch_sim.launch.py
[0.699s] -- Symlinking: /home/su1jun/Desktop/Capstone/ros2_ws/install/articubot_one/share/articubot_one/launch/localization_launch.py
[0.702s] -- Symlinking: /home/su1jun/Desktop/Capstone/ros2_ws/install/articubot_one/share/articubot_one/launch/navigation_launch.py
[0.706s] -- Symlinking: /home/su1jun/Desktop/Capstone/ros2_ws/install/articubot_one/share/articubot_one/launch/online_async_launch.py
[0.710s] -- Symlinking: /home/su1jun/Desktop/Capstone/ros2_ws/install/articubot_one/share/articubot_one/launch/rplidar.launch.py
[0.714s] -- Symlinking: /home/su1jun/Desktop/Capstone/ros2_ws/install/articubot_one/share/articubot_one/launch/rsp.launch.py
[0.717s] -- Symlinking: /home/su1jun/Desktop/Capstone/ros2_ws/install/articubot_one/share/articubot_one/worlds/empty.world
[0.721s] -- Symlinking: /home/su1jun/Desktop/Capstone/ros2_ws/install/articubot_one/share/articubot_one/worlds/obstacles.world
[0.725s] -- Symlinking: /home/su1jun/Desktop/Capstone/ros2_ws/install/articubot_one/share/ament_index/resource_index/package_run_dependencies/articubot_one
[0.729s] -- Symlinking: /home/su1jun/Desktop/Capstone/ros2_ws/install/articubot_one/share/ament_index/resource_index/parent_prefix_path/articubot_one
[0.733s] -- Symlinking: /home/su1jun/Desktop/Capstone/ros2_ws/install/articubot_one/share/articubot_one/environment/ament_prefix_path.sh
[0.737s] -- Symlinking: /home/su1jun/Desktop/Capstone/ros2_ws/install/articubot_one/share/articubot_one/environment/ament_prefix_path.dsv
[0.741s] -- Symlinking: /home/su1jun/Desktop/Capstone/ros2_ws/install/articubot_one/share/articubot_one/environment/path.sh
[0.745s] -- Symlinking: /home/su1jun/Desktop/Capstone/ros2_ws/install/articubot_one/share/articubot_one/environment/path.dsv
[0.749s] -- Symlinking: /home/su1jun/Desktop/Capstone/ros2_ws/install/articubot_one/share/articubot_one/local_setup.bash
[0.753s] -- Symlinking: /home/su1jun/Desktop/Capstone/ros2_ws/install/articubot_one/share/articubot_one/local_setup.sh
[0.757s] -- Symlinking: /home/su1jun/Desktop/Capstone/ros2_ws/install/articubot_one/share/articubot_one/local_setup.zsh
[0.761s] -- Symlinking: /home/su1jun/Desktop/Capstone/ros2_ws/install/articubot_one/share/articubot_one/local_setup.dsv
[0.764s] -- Symlinking: /home/su1jun/Desktop/Capstone/ros2_ws/install/articubot_one/share/articubot_one/package.dsv
[0.768s] -- Symlinking: /home/su1jun/Desktop/Capstone/ros2_ws/install/articubot_one/share/ament_index/resource_index/packages/articubot_one
[0.772s] -- Symlinking: /home/su1jun/Desktop/Capstone/ros2_ws/install/articubot_one/share/articubot_one/cmake/articubot_oneConfig.cmake
[0.776s] -- Symlinking: /home/su1jun/Desktop/Capstone/ros2_ws/install/articubot_one/share/articubot_one/cmake/articubot_oneConfig-version.cmake
[0.780s] -- Symlinking: /home/su1jun/Desktop/Capstone/ros2_ws/install/articubot_one/share/articubot_one/package.xml
[0.810s] Invoked command in '/home/su1jun/Desktop/Capstone/ros2_ws/build/articubot_one' returned '0': CMAKE_PREFIX_PATH=${CMAKE_PREFIX_PATH}:/opt/ros/humble /usr/bin/cmake --install /home/su1jun/Desktop/Capstone/ros2_ws/build/articubot_one
