[0.339s] Invoking command in '/home/su1jun/Capstone/ros2_ws/build/sllidar_ros2': CMAKE_PREFIX_PATH=${CMAKE_PREFIX_PATH}:/home/su1jun/Capstone/ros2_ws/install/serial_motor_demo:/home/su1jun/Capstone/ros2_ws/install/robot:/opt/ros/humble /usr/bin/cmake --build /home/su1jun/Capstone/ros2_ws/build/sllidar_ros2 -- -j4 -l4
[0.444s] [ 10%] Built target sllidar_client
[0.460s] [100%] Built target sllidar_node
[0.475s] Invoked command in '/home/su1jun/Capstone/ros2_ws/build/sllidar_ros2' returned '0': CMAKE_PREFIX_PATH=${CMAKE_PREFIX_PATH}:/home/su1jun/Capstone/ros2_ws/install/serial_motor_demo:/home/su1jun/Capstone/ros2_ws/install/robot:/opt/ros/humble /usr/bin/cmake --build /home/su1jun/Capstone/ros2_ws/build/sllidar_ros2 -- -j4 -l4
[0.646s] Invoking command in '/home/su1jun/Capstone/ros2_ws/build/sllidar_ros2': CMAKE_PREFIX_PATH=${CMAKE_PREFIX_PATH}:/home/su1jun/Capstone/ros2_ws/install/serial_motor_demo:/home/su1jun/Capstone/ros2_ws/install/robot:/opt/ros/humble /usr/bin/cmake --install /home/su1jun/Capstone/ros2_ws/build/sllidar_ros2
[0.657s] -- Install configuration: ""
[0.657s] -- Execute custom install script
[0.657s] -- Up-to-date symlink: /home/su1jun/Capstone/ros2_ws/install/sllidar_ros2/share/sllidar_ros2/launch/sllidar_a1_launch.py
[0.657s] -- Up-to-date symlink: /home/su1jun/Capstone/ros2_ws/install/sllidar_ros2/share/sllidar_ros2/launch/sllidar_a2m12_launch .py
[0.657s] -- Up-to-date symlink: /home/su1jun/Capstone/ros2_ws/install/sllidar_ros2/share/sllidar_ros2/launch/sllidar_a2m7_launch.py
[0.657s] -- Up-to-date symlink: /home/su1jun/Capstone/ros2_ws/install/sllidar_ros2/share/sllidar_ros2/launch/sllidar_a2m8_launch.py
[0.657s] -- Up-to-date symlink: /home/su1jun/Capstone/ros2_ws/install/sllidar_ros2/share/sllidar_ros2/launch/view_sllidar_a1_launch.py
[0.657s] -- Up-to-date symlink: /home/su1jun/Capstone/ros2_ws/install/sllidar_ros2/share/sllidar_ros2/launch/view_sllidar_a2m7_launch.py
[0.658s] -- Up-to-date symlink: /home/su1jun/Capstone/ros2_ws/install/sllidar_ros2/share/sllidar_ros2/launch/view_sllidar_a2m8_launch.py
[0.658s] -- Up-to-date symlink: /home/su1jun/Capstone/ros2_ws/install/sllidar_ros2/share/sllidar_ros2/rviz/sllidar_ros2.rviz
[0.658s] -- Up-to-date symlink: /home/su1jun/Capstone/ros2_ws/install/sllidar_ros2/lib/sllidar_ros2/sllidar_node
[0.658s] -- Up-to-date symlink: /home/su1jun/Capstone/ros2_ws/install/sllidar_ros2/lib/sllidar_ros2/sllidar_client
[0.658s] -- Up-to-date symlink: /home/su1jun/Capstone/ros2_ws/install/sllidar_ros2/share/ament_index/resource_index/package_run_dependencies/sllidar_ros2
[0.658s] -- Up-to-date symlink: /home/su1jun/Capstone/ros2_ws/install/sllidar_ros2/share/ament_index/resource_index/parent_prefix_path/sllidar_ros2
[0.659s] -- Up-to-date symlink: /home/su1jun/Capstone/ros2_ws/install/sllidar_ros2/share/sllidar_ros2/environment/ament_prefix_path.sh
[0.659s] -- Up-to-date symlink: /home/su1jun/Capstone/ros2_ws/install/sllidar_ros2/share/sllidar_ros2/environment/ament_prefix_path.dsv
[0.659s] -- Up-to-date symlink: /home/su1jun/Capstone/ros2_ws/install/sllidar_ros2/share/sllidar_ros2/environment/path.sh
[0.659s] -- Up-to-date symlink: /home/su1jun/Capstone/ros2_ws/install/sllidar_ros2/share/sllidar_ros2/environment/path.dsv
[0.659s] -- Up-to-date symlink: /home/su1jun/Capstone/ros2_ws/install/sllidar_ros2/share/sllidar_ros2/local_setup.bash
[0.659s] -- Up-to-date symlink: /home/su1jun/Capstone/ros2_ws/install/sllidar_ros2/share/sllidar_ros2/local_setup.sh
[0.660s] -- Up-to-date symlink: /home/su1jun/Capstone/ros2_ws/install/sllidar_ros2/share/sllidar_ros2/local_setup.zsh
[0.660s] -- Up-to-date symlink: /home/su1jun/Capstone/ros2_ws/install/sllidar_ros2/share/sllidar_ros2/local_setup.dsv
[0.660s] -- Symlinking: /home/su1jun/Capstone/ros2_ws/install/sllidar_ros2/share/sllidar_ros2/package.dsv
[0.675s] -- Up-to-date symlink: /home/su1jun/Capstone/ros2_ws/install/sllidar_ros2/share/ament_index/resource_index/packages/sllidar_ros2
[0.675s] -- Up-to-date symlink: /home/su1jun/Capstone/ros2_ws/install/sllidar_ros2/share/sllidar_ros2/cmake/ament_cmake_export_dependencies-extras.cmake
[0.675s] -- Up-to-date symlink: /home/su1jun/Capstone/ros2_ws/install/sllidar_ros2/share/sllidar_ros2/cmake/ament_cmake_export_include_directories-extras.cmake
[0.675s] -- Up-to-date symlink: /home/su1jun/Capstone/ros2_ws/install/sllidar_ros2/share/sllidar_ros2/cmake/sllidar_ros2Config.cmake
[0.675s] -- Up-to-date symlink: /home/su1jun/Capstone/ros2_ws/install/sllidar_ros2/share/sllidar_ros2/cmake/sllidar_ros2Config-version.cmake
[0.675s] -- Up-to-date symlink: /home/su1jun/Capstone/ros2_ws/install/sllidar_ros2/share/sllidar_ros2/package.xml
[0.680s] Invoked command in '/home/su1jun/Capstone/ros2_ws/build/sllidar_ros2' returned '0': CMAKE_PREFIX_PATH=${CMAKE_PREFIX_PATH}:/home/su1jun/Capstone/ros2_ws/install/serial_motor_demo:/home/su1jun/Capstone/ros2_ws/install/robot:/opt/ros/humble /usr/bin/cmake --install /home/su1jun/Capstone/ros2_ws/build/sllidar_ros2
