[0.065s] Invoking command in '/home/su1jun/Capstone/ros2_ws/build/capstone': CMAKE_PREFIX_PATH=${CMAKE_PREFIX_PATH}:/opt/ros/humble /usr/bin/cmake /home/su1jun/Capstone/ros2_ws/src/capstone -DCMAKE_INSTALL_PREFIX=/home/su1jun/Capstone/ros2_ws/install/capstone
[0.090s] -- The C compiler identification is GNU 11.4.0
[0.115s] -- The CXX compiler identification is GNU 11.4.0
[0.119s] -- Detecting C compiler ABI info
[0.149s] -- Detecting C compiler ABI info - done
[0.154s] -- Check for working C compiler: /usr/bin/cc - skipped
[0.154s] -- Detecting C compile features
[0.154s] -- Detecting C compile features - done
[0.157s] -- Detecting CXX compiler ABI info
[0.196s] -- Detecting CXX compiler ABI info - done
[0.200s] -- Check for working CXX compiler: /usr/bin/c++ - skipped
[0.200s] -- Detecting CXX compile features
[0.200s] -- Detecting CXX compile features - done
[0.201s] -- Found ament_cmake: 1.3.8 (/opt/ros/humble/share/ament_cmake/cmake)
[0.362s] -- Found Python3: /usr/bin/python3 (found version "3.10.12") found components: Interpreter 
[0.415s] -- Found ament_lint_auto: 0.12.10 (/opt/ros/humble/share/ament_lint_auto/cmake)
[0.469s] -- Added test 'copyright' to check source files copyright and LICENSE
[0.471s] -- Added test 'flake8' to check Python code syntax and style conventions
[0.471s] -- Added test 'lint_cmake' to check CMake code style
[0.472s] -- Added test 'pep257' to check Python code against some of the docstring style conventions in PEP 257
[0.473s] -- Added test 'xmllint' to check XML markup files
[0.473s] -- Configuring done
[0.474s] -- Generating done
[0.475s] -- Build files have been written to: /home/su1jun/Capstone/ros2_ws/build/capstone
[0.477s] Invoked command in '/home/su1jun/Capstone/ros2_ws/build/capstone' returned '0': CMAKE_PREFIX_PATH=${CMAKE_PREFIX_PATH}:/opt/ros/humble /usr/bin/cmake /home/su1jun/Capstone/ros2_ws/src/capstone -DCMAKE_INSTALL_PREFIX=/home/su1jun/Capstone/ros2_ws/install/capstone
[0.478s] Invoking command in '/home/su1jun/Capstone/ros2_ws/build/capstone': CMAKE_PREFIX_PATH=${CMAKE_PREFIX_PATH}:/opt/ros/humble /usr/bin/cmake --build /home/su1jun/Capstone/ros2_ws/build/capstone -- -j20 -l20
[0.497s] Invoked command in '/home/su1jun/Capstone/ros2_ws/build/capstone' returned '0': CMAKE_PREFIX_PATH=${CMAKE_PREFIX_PATH}:/opt/ros/humble /usr/bin/cmake --build /home/su1jun/Capstone/ros2_ws/build/capstone -- -j20 -l20
[0.512s] Invoking command in '/home/su1jun/Capstone/ros2_ws/build/capstone': CMAKE_PREFIX_PATH=${CMAKE_PREFIX_PATH}:/opt/ros/humble /usr/bin/cmake --install /home/su1jun/Capstone/ros2_ws/build/capstone
[0.515s] -- Install configuration: ""
[0.515s] -- Installing: /home/su1jun/Capstone/ros2_ws/install/capstone/share/capstone/config
[0.515s] -- Installing: /home/su1jun/Capstone/ros2_ws/install/capstone/share/capstone/config/gaz_ros2_ctl_use_sim.yaml
[0.515s] -- Installing: /home/su1jun/Capstone/ros2_ws/install/capstone/share/capstone/config/empty.yaml
[0.515s] -- Installing: /home/su1jun/Capstone/ros2_ws/install/capstone/share/capstone/config/gazebo_params.yaml
[0.515s] -- Installing: /home/su1jun/Capstone/ros2_ws/install/capstone/share/capstone/config/view_bot.rviz
[0.515s] -- Installing: /home/su1jun/Capstone/ros2_ws/install/capstone/share/capstone/config/joystick.yaml
[0.515s] -- Installing: /home/su1jun/Capstone/ros2_ws/install/capstone/share/capstone/config/nav2_params.yaml
[0.515s] -- Installing: /home/su1jun/Capstone/ros2_ws/install/capstone/share/capstone/config/mapper_params_online_async.yaml
[0.515s] -- Installing: /home/su1jun/Capstone/ros2_ws/install/capstone/share/capstone/config/map.rviz
[0.515s] -- Installing: /home/su1jun/Capstone/ros2_ws/install/capstone/share/capstone/config/my_controllers.yaml
[0.515s] -- Installing: /home/su1jun/Capstone/ros2_ws/install/capstone/share/capstone/config/main.rviz
[0.515s] -- Installing: /home/su1jun/Capstone/ros2_ws/install/capstone/share/capstone/config/twist_mux.yaml
[0.515s] -- Installing: /home/su1jun/Capstone/ros2_ws/install/capstone/share/capstone/description
[0.515s] -- Installing: /home/su1jun/Capstone/ros2_ws/install/capstone/share/capstone/description/gazebo_control.xacro
[0.515s] -- Installing: /home/su1jun/Capstone/ros2_ws/install/capstone/share/capstone/description/face.xacro
[0.515s] -- Installing: /home/su1jun/Capstone/ros2_ws/install/capstone/share/capstone/description/inertial_macros.xacro
[0.515s] -- Installing: /home/su1jun/Capstone/ros2_ws/install/capstone/share/capstone/description/robot.urdf.xacro
[0.515s] -- Installing: /home/su1jun/Capstone/ros2_ws/install/capstone/share/capstone/description/lidar.xacro
[0.515s] -- Installing: /home/su1jun/Capstone/ros2_ws/install/capstone/share/capstone/description/ros2_control.xacro
[0.516s] -- Installing: /home/su1jun/Capstone/ros2_ws/install/capstone/share/capstone/description/robot_core.xacro
[0.516s] -- Installing: /home/su1jun/Capstone/ros2_ws/install/capstone/share/capstone/launch
[0.516s] -- Installing: /home/su1jun/Capstone/ros2_ws/install/capstone/share/capstone/launch/navigation_launch.py
[0.516s] -- Installing: /home/su1jun/Capstone/ros2_ws/install/capstone/share/capstone/launch/joystick.launch.py
[0.516s] -- Installing: /home/su1jun/Capstone/ros2_ws/install/capstone/share/capstone/launch/launch_sim.launch.py
[0.516s] -- Installing: /home/su1jun/Capstone/ros2_ws/install/capstone/share/capstone/launch/rplidar.launch.py
[0.516s] -- Installing: /home/su1jun/Capstone/ros2_ws/install/capstone/share/capstone/launch/localization_launch.py
[0.516s] -- Installing: /home/su1jun/Capstone/ros2_ws/install/capstone/share/capstone/launch/launch_robot.launch.py
[0.516s] -- Installing: /home/su1jun/Capstone/ros2_ws/install/capstone/share/capstone/launch/rsp.launch.py
[0.516s] -- Installing: /home/su1jun/Capstone/ros2_ws/install/capstone/share/capstone/launch/online_async_launch.py
[0.516s] -- Installing: /home/su1jun/Capstone/ros2_ws/install/capstone/share/capstone/worlds
[0.516s] -- Installing: /home/su1jun/Capstone/ros2_ws/install/capstone/share/capstone/worlds/obstacles.world
[0.516s] -- Installing: /home/su1jun/Capstone/ros2_ws/install/capstone/share/capstone/worlds/test.world
[0.516s] -- Installing: /home/su1jun/Capstone/ros2_ws/install/capstone/share/capstone/worlds/empty.world
[0.516s] -- Installing: /home/su1jun/Capstone/ros2_ws/install/capstone/share/ament_index/resource_index/package_run_dependencies/capstone
[0.517s] -- Installing: /home/su1jun/Capstone/ros2_ws/install/capstone/share/ament_index/resource_index/parent_prefix_path/capstone
[0.517s] -- Installing: /home/su1jun/Capstone/ros2_ws/install/capstone/share/capstone/environment/ament_prefix_path.sh
[0.517s] -- Installing: /home/su1jun/Capstone/ros2_ws/install/capstone/share/capstone/environment/ament_prefix_path.dsv
[0.517s] -- Installing: /home/su1jun/Capstone/ros2_ws/install/capstone/share/capstone/environment/path.sh
[0.517s] -- Installing: /home/su1jun/Capstone/ros2_ws/install/capstone/share/capstone/environment/path.dsv
[0.517s] -- Installing: /home/su1jun/Capstone/ros2_ws/install/capstone/share/capstone/local_setup.bash
[0.517s] -- Installing: /home/su1jun/Capstone/ros2_ws/install/capstone/share/capstone/local_setup.sh
[0.517s] -- Installing: /home/su1jun/Capstone/ros2_ws/install/capstone/share/capstone/local_setup.zsh
[0.517s] -- Installing: /home/su1jun/Capstone/ros2_ws/install/capstone/share/capstone/local_setup.dsv
[0.517s] -- Installing: /home/su1jun/Capstone/ros2_ws/install/capstone/share/capstone/package.dsv
[0.517s] -- Installing: /home/su1jun/Capstone/ros2_ws/install/capstone/share/ament_index/resource_index/packages/capstone
[0.517s] -- Installing: /home/su1jun/Capstone/ros2_ws/install/capstone/share/capstone/cmake/capstoneConfig.cmake
[0.517s] -- Installing: /home/su1jun/Capstone/ros2_ws/install/capstone/share/capstone/cmake/capstoneConfig-version.cmake
[0.517s] -- Installing: /home/su1jun/Capstone/ros2_ws/install/capstone/share/capstone/package.xml
[0.518s] Invoked command in '/home/su1jun/Capstone/ros2_ws/build/capstone' returned '0': CMAKE_PREFIX_PATH=${CMAKE_PREFIX_PATH}:/opt/ros/humble /usr/bin/cmake --install /home/su1jun/Capstone/ros2_ws/build/capstone
