[0.018s] Invoking command in '/home/su1jun/Capstone/colcon_ws/build/vizanti_msgs': CMAKE_PREFIX_PATH=/opt/ros/humble /usr/bin/cmake /home/su1jun/Capstone/colcon_ws/src/vizanti/vizanti_msgs -DAMENT_CMAKE_SYMLINK_INSTALL=1 -DCMAKE_INSTALL_PREFIX=/home/su1jun/Capstone/colcon_ws/install/vizanti_msgs
[0.077s] -- Found ament_cmake: 1.3.9 (/opt/ros/humble/share/ament_cmake/cmake)
[0.211s] -- Override CMake install command with custom implementation using symlinks instead of copying resources
[0.232s] -- Found rosidl_default_generators: 1.2.0 (/opt/ros/humble/share/rosidl_default_generators/cmake)
[0.238s] -- Using all available rosidl_typesupport_c: rosidl_typesupport_fastrtps_c;rosidl_typesupport_introspection_c
[0.243s] -- Found rosidl_adapter: 3.1.5 (/opt/ros/humble/share/rosidl_adapter/cmake)
[0.283s] -- Using all available rosidl_typesupport_cpp: rosidl_typesupport_fastrtps_cpp;rosidl_typesupport_introspection_cpp
[0.313s] -- Found std_msgs: 4.2.4 (/opt/ros/humble/share/std_msgs/cmake)
[0.374s] -- Found nav_msgs: 4.2.4 (/opt/ros/humble/share/nav_msgs/cmake)
[0.511s] -- Found actionlib_msgs: 4.2.4 (/opt/ros/humble/share/actionlib_msgs/cmake)
[0.926s] -- Found ament_cmake_ros: 0.10.0 (/opt/ros/humble/share/ament_cmake_ros/cmake)
[1.207s] -- Using all available rosidl_typesupport_c: rosidl_typesupport_fastrtps_c;rosidl_typesupport_introspection_c
[1.567s] -- Using all available rosidl_typesupport_cpp: rosidl_typesupport_fastrtps_cpp;rosidl_typesupport_introspection_cpp
[1.590s] -- Found python_cmake_module: 0.10.0 (/opt/ros/humble/share/python_cmake_module/cmake)
[1.614s] -- Using PYTHON_EXECUTABLE: /usr/bin/python3
[1.614s] -- Using PYTHON_INCLUDE_DIRS: /usr/include/python3.10
[1.614s] -- Using PYTHON_LIBRARIES: /usr/lib/x86_64-linux-gnu/libpython3.10.so
[1.684s] -- Configuring done
[1.778s] -- Generating done
[1.781s] -- Build files have been written to: /home/su1jun/Capstone/colcon_ws/build/vizanti_msgs
[1.789s] Invoked command in '/home/su1jun/Capstone/colcon_ws/build/vizanti_msgs' returned '0': CMAKE_PREFIX_PATH=/opt/ros/humble /usr/bin/cmake /home/su1jun/Capstone/colcon_ws/src/vizanti/vizanti_msgs -DAMENT_CMAKE_SYMLINK_INSTALL=1 -DCMAKE_INSTALL_PREFIX=/home/su1jun/Capstone/colcon_ws/install/vizanti_msgs
[1.791s] Invoking command in '/home/su1jun/Capstone/colcon_ws/build/vizanti_msgs': CMAKE_PREFIX_PATH=/opt/ros/humble /usr/bin/cmake --build /home/su1jun/Capstone/colcon_ws/build/vizanti_msgs -- -j4 -l4
[1.838s] [35m[1mConsolidate compiler generated dependencies of target vizanti_msgs__rosidl_generator_c[0m
[1.855s] [  1%] Built target vizanti_msgs__cpp
[1.858s] [  2%] [32mBuilding C object CMakeFiles/vizanti_msgs__rosidl_generator_c.dir/rosidl_generator_c/vizanti_msgs/srv/detail/get_node_parameters__functions.c.o[0m
[1.863s] [  3%] [32mBuilding C object CMakeFiles/vizanti_msgs__rosidl_generator_c.dir/rosidl_generator_c/vizanti_msgs/srv/detail/set_node_parameter__functions.c.o[0m
[1.873s] [  3%] Built target ament_cmake_python_symlink_vizanti_msgs
[1.885s] [35m[1mConsolidate compiler generated dependencies of target vizanti_msgs__rosidl_typesupport_cpp[0m
[1.890s] [35m[1mConsolidate compiler generated dependencies of target vizanti_msgs__rosidl_typesupport_fastrtps_cpp[0m
[1.916s] [  4%] [32mBuilding CXX object CMakeFiles/vizanti_msgs__rosidl_typesupport_cpp.dir/rosidl_typesupport_cpp/vizanti_msgs/srv/get_node_parameters__type_support.cpp.o[0m
[1.928s] [  5%] [32mBuilding CXX object CMakeFiles/vizanti_msgs__rosidl_typesupport_fastrtps_cpp.dir/rosidl_typesupport_fastrtps_cpp/vizanti_msgs/srv/detail/dds_fastrtps/get_node_parameters__type_support.cpp.o[0m
[2.089s] [  6%] [32mBuilding C object CMakeFiles/vizanti_msgs__rosidl_generator_c.dir/rosidl_generator_c/vizanti_msgs/srv/detail/save_map__functions.c.o[0m
[2.089s] [  8%] [32mBuilding CXX object CMakeFiles/vizanti_msgs__rosidl_typesupport_fastrtps_cpp.dir/rosidl_typesupport_fastrtps_cpp/vizanti_msgs/srv/detail/dds_fastrtps/set_node_parameter__type_support.cpp.o[0m
[2.277s] [  9%] [32mBuilding C object CMakeFiles/vizanti_msgs__rosidl_generator_c.dir/rosidl_generator_c/vizanti_msgs/srv/detail/load_map__functions.c.o[0m
[2.373s] [ 10%] [32mBuilding CXX object CMakeFiles/vizanti_msgs__rosidl_typesupport_cpp.dir/rosidl_typesupport_cpp/vizanti_msgs/srv/set_node_parameter__type_support.cpp.o[0m
[2.405s] [ 11%] [32mBuilding C object CMakeFiles/vizanti_msgs__rosidl_generator_c.dir/rosidl_generator_c/vizanti_msgs/srv/detail/record_rosbag__functions.c.o[0m
[2.542s] [ 12%] [32mBuilding C object CMakeFiles/vizanti_msgs__rosidl_generator_c.dir/rosidl_generator_c/vizanti_msgs/srv/detail/manage_node__functions.c.o[0m
[2.580s] [ 13%] [32mBuilding CXX object CMakeFiles/vizanti_msgs__rosidl_typesupport_fastrtps_cpp.dir/rosidl_typesupport_fastrtps_cpp/vizanti_msgs/srv/detail/dds_fastrtps/save_map__type_support.cpp.o[0m
[2.721s] [ 14%] [32mBuilding C object CMakeFiles/vizanti_msgs__rosidl_generator_c.dir/rosidl_generator_c/vizanti_msgs/srv/detail/list_packages__functions.c.o[0m
[2.740s] [ 16%] [32mBuilding CXX object CMakeFiles/vizanti_msgs__rosidl_typesupport_fastrtps_cpp.dir/rosidl_typesupport_fastrtps_cpp/vizanti_msgs/srv/detail/dds_fastrtps/load_map__type_support.cpp.o[0m
[2.811s] [ 17%] [32mBuilding CXX object CMakeFiles/vizanti_msgs__rosidl_typesupport_cpp.dir/rosidl_typesupport_cpp/vizanti_msgs/srv/save_map__type_support.cpp.o[0m
[2.825s] [ 18%] [32mBuilding C object CMakeFiles/vizanti_msgs__rosidl_generator_c.dir/rosidl_generator_c/vizanti_msgs/srv/detail/list_executables__functions.c.o[0m
[3.003s] [ 19%] [32m[1mLinking C shared library libvizanti_msgs__rosidl_generator_c.so[0m
[3.149s] [ 20%] Built target vizanti_msgs__rosidl_generator_c
[3.184s] [ 21%] [32mBuilding CXX object CMakeFiles/vizanti_msgs__rosidl_typesupport_fastrtps_cpp.dir/rosidl_typesupport_fastrtps_cpp/vizanti_msgs/srv/detail/dds_fastrtps/record_rosbag__type_support.cpp.o[0m
[3.193s] [35m[1mConsolidate compiler generated dependencies of target vizanti_msgs__rosidl_typesupport_introspection_cpp[0m
[3.198s] [ 22%] [32mBuilding CXX object CMakeFiles/vizanti_msgs__rosidl_typesupport_cpp.dir/rosidl_typesupport_cpp/vizanti_msgs/srv/load_map__type_support.cpp.o[0m
[3.251s] [ 24%] [32mBuilding CXX object CMakeFiles/vizanti_msgs__rosidl_typesupport_introspection_cpp.dir/rosidl_typesupport_introspection_cpp/vizanti_msgs/srv/detail/get_node_parameters__type_support.cpp.o[0m
[3.417s] [ 25%] [32mBuilding CXX object CMakeFiles/vizanti_msgs__rosidl_typesupport_introspection_cpp.dir/rosidl_typesupport_introspection_cpp/vizanti_msgs/srv/detail/set_node_parameter__type_support.cpp.o[0m
[3.605s] [ 26%] [32mBuilding CXX object CMakeFiles/vizanti_msgs__rosidl_typesupport_cpp.dir/rosidl_typesupport_cpp/vizanti_msgs/srv/record_rosbag__type_support.cpp.o[0m
[3.897s] [ 27%] [32mBuilding CXX object CMakeFiles/vizanti_msgs__rosidl_typesupport_cpp.dir/rosidl_typesupport_cpp/vizanti_msgs/srv/manage_node__type_support.cpp.o[0m
[3.946s] [ 28%] [32mBuilding CXX object CMakeFiles/vizanti_msgs__rosidl_typesupport_fastrtps_cpp.dir/rosidl_typesupport_fastrtps_cpp/vizanti_msgs/srv/detail/dds_fastrtps/manage_node__type_support.cpp.o[0m
[4.049s] [ 29%] [32mBuilding CXX object CMakeFiles/vizanti_msgs__rosidl_typesupport_cpp.dir/rosidl_typesupport_cpp/vizanti_msgs/srv/list_packages__type_support.cpp.o[0m
[4.208s] [ 31%] [32mBuilding CXX object CMakeFiles/vizanti_msgs__rosidl_typesupport_introspection_cpp.dir/rosidl_typesupport_introspection_cpp/vizanti_msgs/srv/detail/save_map__type_support.cpp.o[0m
[4.369s] [ 32%] [32mBuilding CXX object CMakeFiles/vizanti_msgs__rosidl_typesupport_cpp.dir/rosidl_typesupport_cpp/vizanti_msgs/srv/list_executables__type_support.cpp.o[0m
[4.501s] [ 33%] [32mBuilding CXX object CMakeFiles/vizanti_msgs__rosidl_typesupport_fastrtps_cpp.dir/rosidl_typesupport_fastrtps_cpp/vizanti_msgs/srv/detail/dds_fastrtps/list_packages__type_support.cpp.o[0m
[4.629s] [ 34%] [32mBuilding CXX object CMakeFiles/vizanti_msgs__rosidl_typesupport_fastrtps_cpp.dir/rosidl_typesupport_fastrtps_cpp/vizanti_msgs/srv/detail/dds_fastrtps/list_executables__type_support.cpp.o[0m
[4.863s] [ 35%] [32m[1mLinking CXX shared library libvizanti_msgs__rosidl_typesupport_cpp.so[0m
[4.883s] [ 36%] [32mBuilding CXX object CMakeFiles/vizanti_msgs__rosidl_typesupport_introspection_cpp.dir/rosidl_typesupport_introspection_cpp/vizanti_msgs/srv/detail/load_map__type_support.cpp.o[0m
[5.014s] [ 37%] Built target vizanti_msgs__rosidl_typesupport_cpp
[5.153s] [ 39%] [32mBuilding CXX object CMakeFiles/vizanti_msgs__rosidl_typesupport_introspection_cpp.dir/rosidl_typesupport_introspection_cpp/vizanti_msgs/srv/detail/record_rosbag__type_support.cpp.o[0m
[5.366s] [ 40%] [32m[1mLinking CXX shared library libvizanti_msgs__rosidl_typesupport_fastrtps_cpp.so[0m
[5.546s] running egg_info
[5.548s] writing vizanti_msgs.egg-info/PKG-INFO
[5.549s] writing dependency_links to vizanti_msgs.egg-info/dependency_links.txt
[5.550s] writing top-level names to vizanti_msgs.egg-info/top_level.txt
[5.561s] [ 41%] [32mBuilding CXX object CMakeFiles/vizanti_msgs__rosidl_typesupport_introspection_cpp.dir/rosidl_typesupport_introspection_cpp/vizanti_msgs/srv/detail/manage_node__type_support.cpp.o[0m
[5.564s] reading manifest file 'vizanti_msgs.egg-info/SOURCES.txt'
[5.566s] writing manifest file 'vizanti_msgs.egg-info/SOURCES.txt'
[5.570s] [ 42%] Built target vizanti_msgs__rosidl_typesupport_fastrtps_cpp
[5.601s] [35m[1mConsolidate compiler generated dependencies of target vizanti_msgs__rosidl_typesupport_fastrtps_c[0m
[5.615s] [ 42%] Built target ament_cmake_python_build_vizanti_msgs_egg
[5.635s] [ 43%] [32mBuilding CXX object CMakeFiles/vizanti_msgs__rosidl_typesupport_fastrtps_c.dir/rosidl_typesupport_fastrtps_c/vizanti_msgs/srv/detail/get_node_parameters__type_support_c.cpp.o[0m
[5.660s] [35m[1mConsolidate compiler generated dependencies of target vizanti_msgs__rosidl_typesupport_introspection_c[0m
[5.706s] [ 44%] [32mBuilding C object CMakeFiles/vizanti_msgs__rosidl_typesupport_introspection_c.dir/rosidl_typesupport_introspection_c/vizanti_msgs/srv/detail/get_node_parameters__type_support.c.o[0m
[5.778s] [ 45%] [32mBuilding CXX object CMakeFiles/vizanti_msgs__rosidl_typesupport_introspection_cpp.dir/rosidl_typesupport_introspection_cpp/vizanti_msgs/srv/detail/list_packages__type_support.cpp.o[0m
[5.796s] [ 47%] [32mBuilding C object CMakeFiles/vizanti_msgs__rosidl_typesupport_introspection_c.dir/rosidl_typesupport_introspection_c/vizanti_msgs/srv/detail/set_node_parameter__type_support.c.o[0m
[5.937s] [ 48%] [32mBuilding C object CMakeFiles/vizanti_msgs__rosidl_typesupport_introspection_c.dir/rosidl_typesupport_introspection_c/vizanti_msgs/srv/detail/save_map__type_support.c.o[0m
[6.065s] [ 49%] [32mBuilding C object CMakeFiles/vizanti_msgs__rosidl_typesupport_introspection_c.dir/rosidl_typesupport_introspection_c/vizanti_msgs/srv/detail/load_map__type_support.c.o[0m
[6.130s] [ 50%] [32mBuilding CXX object CMakeFiles/vizanti_msgs__rosidl_typesupport_introspection_cpp.dir/rosidl_typesupport_introspection_cpp/vizanti_msgs/srv/detail/list_executables__type_support.cpp.o[0m
[6.158s] [ 51%] [32mBuilding C object CMakeFiles/vizanti_msgs__rosidl_typesupport_introspection_c.dir/rosidl_typesupport_introspection_c/vizanti_msgs/srv/detail/record_rosbag__type_support.c.o[0m
[6.266s] [ 52%] [32mBuilding CXX object CMakeFiles/vizanti_msgs__rosidl_typesupport_fastrtps_c.dir/rosidl_typesupport_fastrtps_c/vizanti_msgs/srv/detail/set_node_parameter__type_support_c.cpp.o[0m
[6.272s] [ 54%] [32mBuilding C object CMakeFiles/vizanti_msgs__rosidl_typesupport_introspection_c.dir/rosidl_typesupport_introspection_c/vizanti_msgs/srv/detail/manage_node__type_support.c.o[0m
[6.360s] [ 55%] [32mBuilding C object CMakeFiles/vizanti_msgs__rosidl_typesupport_introspection_c.dir/rosidl_typesupport_introspection_c/vizanti_msgs/srv/detail/list_packages__type_support.c.o[0m
[6.447s] [ 56%] [32mBuilding C object CMakeFiles/vizanti_msgs__rosidl_typesupport_introspection_c.dir/rosidl_typesupport_introspection_c/vizanti_msgs/srv/detail/list_executables__type_support.c.o[0m
[6.456s] [ 57%] [32mBuilding CXX object CMakeFiles/vizanti_msgs__rosidl_typesupport_fastrtps_c.dir/rosidl_typesupport_fastrtps_c/vizanti_msgs/srv/detail/save_map__type_support_c.cpp.o[0m
[6.582s] [ 58%] [32m[1mLinking C shared library libvizanti_msgs__rosidl_typesupport_introspection_c.so[0m
[6.726s] [ 59%] Built target vizanti_msgs__rosidl_typesupport_introspection_c
[6.783s] [35m[1mConsolidate compiler generated dependencies of target vizanti_msgs__rosidl_typesupport_c[0m
[6.797s] [ 60%] [32m[1mLinking CXX shared library libvizanti_msgs__rosidl_typesupport_introspection_cpp.so[0m
[6.817s] [ 62%] [32mBuilding CXX object CMakeFiles/vizanti_msgs__rosidl_typesupport_c.dir/rosidl_typesupport_c/vizanti_msgs/srv/get_node_parameters__type_support.cpp.o[0m
[6.856s] [ 63%] [32mBuilding CXX object CMakeFiles/vizanti_msgs__rosidl_typesupport_fastrtps_c.dir/rosidl_typesupport_fastrtps_c/vizanti_msgs/srv/detail/load_map__type_support_c.cpp.o[0m
[6.865s] [ 64%] [32mBuilding CXX object CMakeFiles/vizanti_msgs__rosidl_typesupport_c.dir/rosidl_typesupport_c/vizanti_msgs/srv/set_node_parameter__type_support.cpp.o[0m
[6.970s] [ 65%] [32mBuilding CXX object CMakeFiles/vizanti_msgs__rosidl_typesupport_c.dir/rosidl_typesupport_c/vizanti_msgs/srv/save_map__type_support.cpp.o[0m
[6.982s] [ 66%] Built target vizanti_msgs__rosidl_typesupport_introspection_cpp
[7.002s] [ 67%] [32mBuilding CXX object CMakeFiles/vizanti_msgs__rosidl_typesupport_c.dir/rosidl_typesupport_c/vizanti_msgs/srv/load_map__type_support.cpp.o[0m
[7.019s] [ 68%] [32mBuilding CXX object CMakeFiles/vizanti_msgs__rosidl_typesupport_c.dir/rosidl_typesupport_c/vizanti_msgs/srv/record_rosbag__type_support.cpp.o[0m
[7.026s] [ 70%] [32mBuilding CXX object CMakeFiles/vizanti_msgs__rosidl_typesupport_fastrtps_c.dir/rosidl_typesupport_fastrtps_c/vizanti_msgs/srv/detail/record_rosbag__type_support_c.cpp.o[0m
[7.048s] [ 71%] [32mBuilding CXX object CMakeFiles/vizanti_msgs__rosidl_typesupport_c.dir/rosidl_typesupport_c/vizanti_msgs/srv/manage_node__type_support.cpp.o[0m
[7.107s] [ 72%] [32mBuilding CXX object CMakeFiles/vizanti_msgs__rosidl_typesupport_c.dir/rosidl_typesupport_c/vizanti_msgs/srv/list_packages__type_support.cpp.o[0m
[7.113s] [ 73%] [32mBuilding CXX object CMakeFiles/vizanti_msgs__rosidl_typesupport_fastrtps_c.dir/rosidl_typesupport_fastrtps_c/vizanti_msgs/srv/detail/manage_node__type_support_c.cpp.o[0m
[7.189s] [ 74%] [32mBuilding CXX object CMakeFiles/vizanti_msgs__rosidl_typesupport_c.dir/rosidl_typesupport_c/vizanti_msgs/srv/list_executables__type_support.cpp.o[0m
[7.316s] [ 75%] [32m[1mLinking CXX shared library libvizanti_msgs__rosidl_typesupport_c.so[0m
[7.395s] [ 77%] [32mBuilding CXX object CMakeFiles/vizanti_msgs__rosidl_typesupport_fastrtps_c.dir/rosidl_typesupport_fastrtps_c/vizanti_msgs/srv/detail/list_packages__type_support_c.cpp.o[0m
[7.455s] [ 78%] Built target vizanti_msgs__rosidl_typesupport_c
[7.505s] [ 79%] [32mBuilding CXX object CMakeFiles/vizanti_msgs__rosidl_typesupport_fastrtps_c.dir/rosidl_typesupport_fastrtps_c/vizanti_msgs/srv/detail/list_executables__type_support_c.cpp.o[0m
[7.937s] [ 80%] [32m[1mLinking CXX shared library libvizanti_msgs__rosidl_typesupport_fastrtps_c.so[0m
[8.030s] [ 81%] Built target vizanti_msgs__rosidl_typesupport_fastrtps_c
[8.052s] [ 81%] Built target vizanti_msgs
[8.073s] [ 82%] Built target vizanti_msgs__py
[8.085s] [35m[1mConsolidate compiler generated dependencies of target vizanti_msgs__rosidl_generator_py[0m
[8.104s] [ 83%] [32mBuilding C object CMakeFiles/vizanti_msgs__rosidl_generator_py.dir/rosidl_generator_py/vizanti_msgs/srv/_set_node_parameter_s.c.o[0m
[8.105s] [ 85%] [32mBuilding C object CMakeFiles/vizanti_msgs__rosidl_generator_py.dir/rosidl_generator_py/vizanti_msgs/srv/_get_node_parameters_s.c.o[0m
[8.106s] [ 86%] [32mBuilding C object CMakeFiles/vizanti_msgs__rosidl_generator_py.dir/rosidl_generator_py/vizanti_msgs/srv/_load_map_s.c.o[0m
[8.112s] [ 87%] [32mBuilding C object CMakeFiles/vizanti_msgs__rosidl_generator_py.dir/rosidl_generator_py/vizanti_msgs/srv/_save_map_s.c.o[0m
[8.273s] [ 88%] [32mBuilding C object CMakeFiles/vizanti_msgs__rosidl_generator_py.dir/rosidl_generator_py/vizanti_msgs/srv/_record_rosbag_s.c.o[0m
[8.278s] [ 89%] [32mBuilding C object CMakeFiles/vizanti_msgs__rosidl_generator_py.dir/rosidl_generator_py/vizanti_msgs/srv/_manage_node_s.c.o[0m
[8.288s] [ 90%] [32mBuilding C object CMakeFiles/vizanti_msgs__rosidl_generator_py.dir/rosidl_generator_py/vizanti_msgs/srv/_list_packages_s.c.o[0m
[8.290s] [ 91%] [32mBuilding C object CMakeFiles/vizanti_msgs__rosidl_generator_py.dir/rosidl_generator_py/vizanti_msgs/srv/_list_executables_s.c.o[0m
[8.477s] [ 93%] [32m[1mLinking C shared library rosidl_generator_py/vizanti_msgs/libvizanti_msgs__rosidl_generator_py.so[0m
[8.525s] [ 93%] Built target vizanti_msgs__rosidl_generator_py
[8.537s] [35m[1mConsolidate compiler generated dependencies of target vizanti_msgs__rosidl_typesupport_introspection_c__pyext[0m
[8.537s] [35m[1mConsolidate compiler generated dependencies of target vizanti_msgs__rosidl_typesupport_fastrtps_c__pyext[0m
[8.538s] [35m[1mConsolidate compiler generated dependencies of target vizanti_msgs__rosidl_typesupport_c__pyext[0m
[8.551s] [ 94%] [32mBuilding C object CMakeFiles/vizanti_msgs__rosidl_typesupport_fastrtps_c__pyext.dir/rosidl_generator_py/vizanti_msgs/_vizanti_msgs_s.ep.rosidl_typesupport_fastrtps_c.c.o[0m
[8.553s] [ 95%] [32mBuilding C object CMakeFiles/vizanti_msgs__rosidl_typesupport_introspection_c__pyext.dir/rosidl_generator_py/vizanti_msgs/_vizanti_msgs_s.ep.rosidl_typesupport_introspection_c.c.o[0m
[8.554s] [ 96%] [32mBuilding C object CMakeFiles/vizanti_msgs__rosidl_typesupport_c__pyext.dir/rosidl_generator_py/vizanti_msgs/_vizanti_msgs_s.ep.rosidl_typesupport_c.c.o[0m
[8.724s] [ 97%] [32m[1mLinking C shared library rosidl_generator_py/vizanti_msgs/vizanti_msgs_s__rosidl_typesupport_fastrtps_c.cpython-310-x86_64-linux-gnu.so[0m
[8.733s] [ 98%] [32m[1mLinking C shared library rosidl_generator_py/vizanti_msgs/vizanti_msgs_s__rosidl_typesupport_introspection_c.cpython-310-x86_64-linux-gnu.so[0m
[8.740s] [100%] [32m[1mLinking C shared library rosidl_generator_py/vizanti_msgs/vizanti_msgs_s__rosidl_typesupport_c.cpython-310-x86_64-linux-gnu.so[0m
[8.793s] [100%] Built target vizanti_msgs__rosidl_typesupport_fastrtps_c__pyext
[8.793s] [100%] Built target vizanti_msgs__rosidl_typesupport_introspection_c__pyext
[8.806s] [100%] Built target vizanti_msgs__rosidl_typesupport_c__pyext
[8.819s] Invoked command in '/home/su1jun/Capstone/colcon_ws/build/vizanti_msgs' returned '0': CMAKE_PREFIX_PATH=/opt/ros/humble /usr/bin/cmake --build /home/su1jun/Capstone/colcon_ws/build/vizanti_msgs -- -j4 -l4
[8.999s] Invoking command in '/home/su1jun/Capstone/colcon_ws/build/vizanti_msgs': CMAKE_PREFIX_PATH=/opt/ros/humble /usr/bin/cmake --install /home/su1jun/Capstone/colcon_ws/build/vizanti_msgs
[9.007s] -- Install configuration: ""
[9.008s] -- Execute custom install script
[9.008s] -- Up-to-date symlink: /home/su1jun/Capstone/colcon_ws/install/vizanti_msgs/share/ament_index/resource_index/rosidl_interfaces/vizanti_msgs
[9.010s] -- Up-to-date symlink: /home/su1jun/Capstone/colcon_ws/install/vizanti_msgs/include/vizanti_msgs/vizanti_msgs/msg/rosidl_generator_c__visibility_control.h
[9.010s] -- Up-to-date symlink: /home/su1jun/Capstone/colcon_ws/install/vizanti_msgs/include/vizanti_msgs/vizanti_msgs/srv/detail/get_node_parameters__functions.h
[9.011s] -- Up-to-date symlink: /home/su1jun/Capstone/colcon_ws/install/vizanti_msgs/include/vizanti_msgs/vizanti_msgs/srv/detail/get_node_parameters__struct.h
[9.011s] -- Up-to-date symlink: /home/su1jun/Capstone/colcon_ws/install/vizanti_msgs/include/vizanti_msgs/vizanti_msgs/srv/detail/get_node_parameters__type_support.h
[9.011s] -- Up-to-date symlink: /home/su1jun/Capstone/colcon_ws/install/vizanti_msgs/include/vizanti_msgs/vizanti_msgs/srv/detail/list_executables__functions.h
[9.011s] -- Up-to-date symlink: /home/su1jun/Capstone/colcon_ws/install/vizanti_msgs/include/vizanti_msgs/vizanti_msgs/srv/detail/list_executables__struct.h
[9.012s] -- Up-to-date symlink: /home/su1jun/Capstone/colcon_ws/install/vizanti_msgs/include/vizanti_msgs/vizanti_msgs/srv/detail/list_executables__type_support.h
[9.012s] -- Up-to-date symlink: /home/su1jun/Capstone/colcon_ws/install/vizanti_msgs/include/vizanti_msgs/vizanti_msgs/srv/detail/list_packages__functions.h
[9.012s] -- Up-to-date symlink: /home/su1jun/Capstone/colcon_ws/install/vizanti_msgs/include/vizanti_msgs/vizanti_msgs/srv/detail/list_packages__struct.h
[9.012s] -- Up-to-date symlink: /home/su1jun/Capstone/colcon_ws/install/vizanti_msgs/include/vizanti_msgs/vizanti_msgs/srv/detail/list_packages__type_support.h
[9.013s] -- Up-to-date symlink: /home/su1jun/Capstone/colcon_ws/install/vizanti_msgs/include/vizanti_msgs/vizanti_msgs/srv/detail/load_map__functions.h
[9.013s] -- Up-to-date symlink: /home/su1jun/Capstone/colcon_ws/install/vizanti_msgs/include/vizanti_msgs/vizanti_msgs/srv/detail/load_map__struct.h
[9.013s] -- Up-to-date symlink: /home/su1jun/Capstone/colcon_ws/install/vizanti_msgs/include/vizanti_msgs/vizanti_msgs/srv/detail/load_map__type_support.h
[9.013s] -- Up-to-date symlink: /home/su1jun/Capstone/colcon_ws/install/vizanti_msgs/include/vizanti_msgs/vizanti_msgs/srv/detail/manage_node__functions.h
[9.014s] -- Up-to-date symlink: /home/su1jun/Capstone/colcon_ws/install/vizanti_msgs/include/vizanti_msgs/vizanti_msgs/srv/detail/manage_node__struct.h
[9.014s] -- Up-to-date symlink: /home/su1jun/Capstone/colcon_ws/install/vizanti_msgs/include/vizanti_msgs/vizanti_msgs/srv/detail/manage_node__type_support.h
[9.014s] -- Up-to-date symlink: /home/su1jun/Capstone/colcon_ws/install/vizanti_msgs/include/vizanti_msgs/vizanti_msgs/srv/detail/record_rosbag__functions.h
[9.014s] -- Up-to-date symlink: /home/su1jun/Capstone/colcon_ws/install/vizanti_msgs/include/vizanti_msgs/vizanti_msgs/srv/detail/record_rosbag__struct.h
[9.015s] -- Up-to-date symlink: /home/su1jun/Capstone/colcon_ws/install/vizanti_msgs/include/vizanti_msgs/vizanti_msgs/srv/detail/record_rosbag__type_support.h
[9.015s] -- Up-to-date symlink: /home/su1jun/Capstone/colcon_ws/install/vizanti_msgs/include/vizanti_msgs/vizanti_msgs/srv/detail/save_map__functions.h
[9.015s] -- Up-to-date symlink: /home/su1jun/Capstone/colcon_ws/install/vizanti_msgs/include/vizanti_msgs/vizanti_msgs/srv/detail/save_map__struct.h
[9.015s] -- Up-to-date symlink: /home/su1jun/Capstone/colcon_ws/install/vizanti_msgs/include/vizanti_msgs/vizanti_msgs/srv/detail/save_map__type_support.h
[9.016s] -- Up-to-date symlink: /home/su1jun/Capstone/colcon_ws/install/vizanti_msgs/include/vizanti_msgs/vizanti_msgs/srv/detail/set_node_parameter__functions.h
[9.016s] -- Up-to-date symlink: /home/su1jun/Capstone/colcon_ws/install/vizanti_msgs/include/vizanti_msgs/vizanti_msgs/srv/detail/set_node_parameter__struct.h
[9.016s] -- Up-to-date symlink: /home/su1jun/Capstone/colcon_ws/install/vizanti_msgs/include/vizanti_msgs/vizanti_msgs/srv/detail/set_node_parameter__type_support.h
[9.016s] -- Up-to-date symlink: /home/su1jun/Capstone/colcon_ws/install/vizanti_msgs/include/vizanti_msgs/vizanti_msgs/srv/get_node_parameters.h
[9.017s] -- Up-to-date symlink: /home/su1jun/Capstone/colcon_ws/install/vizanti_msgs/include/vizanti_msgs/vizanti_msgs/srv/list_executables.h
[9.017s] -- Up-to-date symlink: /home/su1jun/Capstone/colcon_ws/install/vizanti_msgs/include/vizanti_msgs/vizanti_msgs/srv/list_packages.h
[9.017s] -- Up-to-date symlink: /home/su1jun/Capstone/colcon_ws/install/vizanti_msgs/include/vizanti_msgs/vizanti_msgs/srv/load_map.h
[9.018s] -- Up-to-date symlink: /home/su1jun/Capstone/colcon_ws/install/vizanti_msgs/include/vizanti_msgs/vizanti_msgs/srv/manage_node.h
[9.018s] -- Up-to-date symlink: /home/su1jun/Capstone/colcon_ws/install/vizanti_msgs/include/vizanti_msgs/vizanti_msgs/srv/record_rosbag.h
[9.018s] -- Up-to-date symlink: /home/su1jun/Capstone/colcon_ws/install/vizanti_msgs/include/vizanti_msgs/vizanti_msgs/srv/save_map.h
[9.018s] -- Up-to-date symlink: /home/su1jun/Capstone/colcon_ws/install/vizanti_msgs/include/vizanti_msgs/vizanti_msgs/srv/set_node_parameter.h
[9.019s] -- Up-to-date symlink: /home/su1jun/Capstone/colcon_ws/install/vizanti_msgs/share/vizanti_msgs/environment/library_path.sh
[9.019s] -- Up-to-date symlink: /home/su1jun/Capstone/colcon_ws/install/vizanti_msgs/share/vizanti_msgs/environment/library_path.dsv
[9.020s] -- Up-to-date symlink: /home/su1jun/Capstone/colcon_ws/install/vizanti_msgs/include/vizanti_msgs/vizanti_msgs/msg/rosidl_typesupport_fastrtps_c__visibility_control.h
[9.020s] -- Up-to-date symlink: /home/su1jun/Capstone/colcon_ws/install/vizanti_msgs/include/vizanti_msgs/vizanti_msgs/srv/detail/get_node_parameters__rosidl_typesupport_fastrtps_c.h
[9.021s] -- Up-to-date symlink: /home/su1jun/Capstone/colcon_ws/install/vizanti_msgs/include/vizanti_msgs/vizanti_msgs/srv/detail/list_executables__rosidl_typesupport_fastrtps_c.h
[9.021s] -- Up-to-date symlink: /home/su1jun/Capstone/colcon_ws/install/vizanti_msgs/include/vizanti_msgs/vizanti_msgs/srv/detail/list_packages__rosidl_typesupport_fastrtps_c.h
[9.021s] -- Up-to-date symlink: /home/su1jun/Capstone/colcon_ws/install/vizanti_msgs/include/vizanti_msgs/vizanti_msgs/srv/detail/load_map__rosidl_typesupport_fastrtps_c.h
[9.021s] -- Up-to-date symlink: /home/su1jun/Capstone/colcon_ws/install/vizanti_msgs/include/vizanti_msgs/vizanti_msgs/srv/detail/manage_node__rosidl_typesupport_fastrtps_c.h
[9.022s] -- Up-to-date symlink: /home/su1jun/Capstone/colcon_ws/install/vizanti_msgs/include/vizanti_msgs/vizanti_msgs/srv/detail/record_rosbag__rosidl_typesupport_fastrtps_c.h
[9.022s] -- Up-to-date symlink: /home/su1jun/Capstone/colcon_ws/install/vizanti_msgs/include/vizanti_msgs/vizanti_msgs/srv/detail/save_map__rosidl_typesupport_fastrtps_c.h
[9.022s] -- Up-to-date symlink: /home/su1jun/Capstone/colcon_ws/install/vizanti_msgs/include/vizanti_msgs/vizanti_msgs/srv/detail/set_node_parameter__rosidl_typesupport_fastrtps_c.h
[9.023s] -- Up-to-date symlink: /home/su1jun/Capstone/colcon_ws/install/vizanti_msgs/include/vizanti_msgs/vizanti_msgs/msg/rosidl_typesupport_introspection_c__visibility_control.h
[9.023s] -- Up-to-date symlink: /home/su1jun/Capstone/colcon_ws/install/vizanti_msgs/include/vizanti_msgs/vizanti_msgs/srv/detail/get_node_parameters__rosidl_typesupport_introspection_c.h
[9.023s] -- Up-to-date symlink: /home/su1jun/Capstone/colcon_ws/install/vizanti_msgs/include/vizanti_msgs/vizanti_msgs/srv/detail/list_executables__rosidl_typesupport_introspection_c.h
[9.023s] -- Up-to-date symlink: /home/su1jun/Capstone/colcon_ws/install/vizanti_msgs/include/vizanti_msgs/vizanti_msgs/srv/detail/list_packages__rosidl_typesupport_introspection_c.h
[9.024s] -- Up-to-date symlink: /home/su1jun/Capstone/colcon_ws/install/vizanti_msgs/include/vizanti_msgs/vizanti_msgs/srv/detail/load_map__rosidl_typesupport_introspection_c.h
[9.024s] -- Up-to-date symlink: /home/su1jun/Capstone/colcon_ws/install/vizanti_msgs/include/vizanti_msgs/vizanti_msgs/srv/detail/manage_node__rosidl_typesupport_introspection_c.h
[9.024s] -- Up-to-date symlink: /home/su1jun/Capstone/colcon_ws/install/vizanti_msgs/include/vizanti_msgs/vizanti_msgs/srv/detail/record_rosbag__rosidl_typesupport_introspection_c.h
[9.024s] -- Up-to-date symlink: /home/su1jun/Capstone/colcon_ws/install/vizanti_msgs/include/vizanti_msgs/vizanti_msgs/srv/detail/save_map__rosidl_typesupport_introspection_c.h
[9.025s] -- Up-to-date symlink: /home/su1jun/Capstone/colcon_ws/install/vizanti_msgs/include/vizanti_msgs/vizanti_msgs/srv/detail/set_node_parameter__rosidl_typesupport_introspection_c.h
[9.025s] -- Up-to-date symlink: /home/su1jun/Capstone/colcon_ws/install/vizanti_msgs/include/vizanti_msgs/vizanti_msgs/srv/detail/get_node_parameters__builder.hpp
[9.026s] -- Up-to-date symlink: /home/su1jun/Capstone/colcon_ws/install/vizanti_msgs/include/vizanti_msgs/vizanti_msgs/srv/detail/get_node_parameters__struct.hpp
[9.026s] -- Up-to-date symlink: /home/su1jun/Capstone/colcon_ws/install/vizanti_msgs/include/vizanti_msgs/vizanti_msgs/srv/detail/get_node_parameters__traits.hpp
[9.026s] -- Up-to-date symlink: /home/su1jun/Capstone/colcon_ws/install/vizanti_msgs/include/vizanti_msgs/vizanti_msgs/srv/detail/list_executables__builder.hpp
[9.027s] -- Up-to-date symlink: /home/su1jun/Capstone/colcon_ws/install/vizanti_msgs/include/vizanti_msgs/vizanti_msgs/srv/detail/list_executables__struct.hpp
[9.027s] -- Up-to-date symlink: /home/su1jun/Capstone/colcon_ws/install/vizanti_msgs/include/vizanti_msgs/vizanti_msgs/srv/detail/list_executables__traits.hpp
[9.027s] -- Up-to-date symlink: /home/su1jun/Capstone/colcon_ws/install/vizanti_msgs/include/vizanti_msgs/vizanti_msgs/srv/detail/list_packages__builder.hpp
[9.027s] -- Up-to-date symlink: /home/su1jun/Capstone/colcon_ws/install/vizanti_msgs/include/vizanti_msgs/vizanti_msgs/srv/detail/list_packages__struct.hpp
[9.028s] -- Up-to-date symlink: /home/su1jun/Capstone/colcon_ws/install/vizanti_msgs/include/vizanti_msgs/vizanti_msgs/srv/detail/list_packages__traits.hpp
[9.028s] -- Up-to-date symlink: /home/su1jun/Capstone/colcon_ws/install/vizanti_msgs/include/vizanti_msgs/vizanti_msgs/srv/detail/load_map__builder.hpp
[9.028s] -- Up-to-date symlink: /home/su1jun/Capstone/colcon_ws/install/vizanti_msgs/include/vizanti_msgs/vizanti_msgs/srv/detail/load_map__struct.hpp
[9.029s] -- Up-to-date symlink: /home/su1jun/Capstone/colcon_ws/install/vizanti_msgs/include/vizanti_msgs/vizanti_msgs/srv/detail/load_map__traits.hpp
[9.029s] -- Up-to-date symlink: /home/su1jun/Capstone/colcon_ws/install/vizanti_msgs/include/vizanti_msgs/vizanti_msgs/srv/detail/manage_node__builder.hpp
[9.029s] -- Up-to-date symlink: /home/su1jun/Capstone/colcon_ws/install/vizanti_msgs/include/vizanti_msgs/vizanti_msgs/srv/detail/manage_node__struct.hpp
[9.030s] -- Up-to-date symlink: /home/su1jun/Capstone/colcon_ws/install/vizanti_msgs/include/vizanti_msgs/vizanti_msgs/srv/detail/manage_node__traits.hpp
[9.030s] -- Up-to-date symlink: /home/su1jun/Capstone/colcon_ws/install/vizanti_msgs/include/vizanti_msgs/vizanti_msgs/srv/detail/record_rosbag__builder.hpp
[9.030s] -- Up-to-date symlink: /home/su1jun/Capstone/colcon_ws/install/vizanti_msgs/include/vizanti_msgs/vizanti_msgs/srv/detail/record_rosbag__struct.hpp
[9.030s] -- Up-to-date symlink: /home/su1jun/Capstone/colcon_ws/install/vizanti_msgs/include/vizanti_msgs/vizanti_msgs/srv/detail/record_rosbag__traits.hpp
[9.031s] -- Up-to-date symlink: /home/su1jun/Capstone/colcon_ws/install/vizanti_msgs/include/vizanti_msgs/vizanti_msgs/srv/detail/save_map__builder.hpp
[9.031s] -- Up-to-date symlink: /home/su1jun/Capstone/colcon_ws/install/vizanti_msgs/include/vizanti_msgs/vizanti_msgs/srv/detail/save_map__struct.hpp
[9.032s] -- Up-to-date symlink: /home/su1jun/Capstone/colcon_ws/install/vizanti_msgs/include/vizanti_msgs/vizanti_msgs/srv/detail/save_map__traits.hpp
[9.032s] -- Up-to-date symlink: /home/su1jun/Capstone/colcon_ws/install/vizanti_msgs/include/vizanti_msgs/vizanti_msgs/srv/detail/set_node_parameter__builder.hpp
[9.032s] -- Up-to-date symlink: /home/su1jun/Capstone/colcon_ws/install/vizanti_msgs/include/vizanti_msgs/vizanti_msgs/srv/detail/set_node_parameter__struct.hpp
[9.032s] -- Up-to-date symlink: /home/su1jun/Capstone/colcon_ws/install/vizanti_msgs/include/vizanti_msgs/vizanti_msgs/srv/detail/set_node_parameter__traits.hpp
[9.033s] -- Up-to-date symlink: /home/su1jun/Capstone/colcon_ws/install/vizanti_msgs/include/vizanti_msgs/vizanti_msgs/srv/get_node_parameters.hpp
[9.033s] -- Up-to-date symlink: /home/su1jun/Capstone/colcon_ws/install/vizanti_msgs/include/vizanti_msgs/vizanti_msgs/srv/list_executables.hpp
[9.033s] -- Up-to-date symlink: /home/su1jun/Capstone/colcon_ws/install/vizanti_msgs/include/vizanti_msgs/vizanti_msgs/srv/list_packages.hpp
[9.033s] -- Up-to-date symlink: /home/su1jun/Capstone/colcon_ws/install/vizanti_msgs/include/vizanti_msgs/vizanti_msgs/srv/load_map.hpp
[9.034s] -- Up-to-date symlink: /home/su1jun/Capstone/colcon_ws/install/vizanti_msgs/include/vizanti_msgs/vizanti_msgs/srv/manage_node.hpp
[9.034s] -- Up-to-date symlink: /home/su1jun/Capstone/colcon_ws/install/vizanti_msgs/include/vizanti_msgs/vizanti_msgs/srv/record_rosbag.hpp
[9.034s] -- Up-to-date symlink: /home/su1jun/Capstone/colcon_ws/install/vizanti_msgs/include/vizanti_msgs/vizanti_msgs/srv/save_map.hpp
[9.034s] -- Up-to-date symlink: /home/su1jun/Capstone/colcon_ws/install/vizanti_msgs/include/vizanti_msgs/vizanti_msgs/srv/set_node_parameter.hpp
[9.036s] -- Up-to-date symlink: /home/su1jun/Capstone/colcon_ws/install/vizanti_msgs/include/vizanti_msgs/vizanti_msgs/msg/rosidl_typesupport_fastrtps_cpp__visibility_control.h
[9.036s] -- Up-to-date symlink: /home/su1jun/Capstone/colcon_ws/install/vizanti_msgs/include/vizanti_msgs/vizanti_msgs/srv/detail/get_node_parameters__rosidl_typesupport_fastrtps_cpp.hpp
[9.036s] -- Up-to-date symlink: /home/su1jun/Capstone/colcon_ws/install/vizanti_msgs/include/vizanti_msgs/vizanti_msgs/srv/detail/list_executables__rosidl_typesupport_fastrtps_cpp.hpp
[9.036s] -- Up-to-date symlink: /home/su1jun/Capstone/colcon_ws/install/vizanti_msgs/include/vizanti_msgs/vizanti_msgs/srv/detail/list_packages__rosidl_typesupport_fastrtps_cpp.hpp
[9.036s] -- Up-to-date symlink: /home/su1jun/Capstone/colcon_ws/install/vizanti_msgs/include/vizanti_msgs/vizanti_msgs/srv/detail/load_map__rosidl_typesupport_fastrtps_cpp.hpp
[9.036s] -- Up-to-date symlink: /home/su1jun/Capstone/colcon_ws/install/vizanti_msgs/include/vizanti_msgs/vizanti_msgs/srv/detail/manage_node__rosidl_typesupport_fastrtps_cpp.hpp
[9.037s] -- Up-to-date symlink: /home/su1jun/Capstone/colcon_ws/install/vizanti_msgs/include/vizanti_msgs/vizanti_msgs/srv/detail/record_rosbag__rosidl_typesupport_fastrtps_cpp.hpp
[9.037s] -- Up-to-date symlink: /home/su1jun/Capstone/colcon_ws/install/vizanti_msgs/include/vizanti_msgs/vizanti_msgs/srv/detail/save_map__rosidl_typesupport_fastrtps_cpp.hpp
[9.037s] -- Up-to-date symlink: /home/su1jun/Capstone/colcon_ws/install/vizanti_msgs/include/vizanti_msgs/vizanti_msgs/srv/detail/set_node_parameter__rosidl_typesupport_fastrtps_cpp.hpp
[9.038s] -- Up-to-date symlink: /home/su1jun/Capstone/colcon_ws/install/vizanti_msgs/include/vizanti_msgs/vizanti_msgs/srv/detail/get_node_parameters__rosidl_typesupport_introspection_cpp.hpp
[9.038s] -- Up-to-date symlink: /home/su1jun/Capstone/colcon_ws/install/vizanti_msgs/include/vizanti_msgs/vizanti_msgs/srv/detail/list_executables__rosidl_typesupport_introspection_cpp.hpp
[9.038s] -- Up-to-date symlink: /home/su1jun/Capstone/colcon_ws/install/vizanti_msgs/include/vizanti_msgs/vizanti_msgs/srv/detail/list_packages__rosidl_typesupport_introspection_cpp.hpp
[9.039s] -- Up-to-date symlink: /home/su1jun/Capstone/colcon_ws/install/vizanti_msgs/include/vizanti_msgs/vizanti_msgs/srv/detail/load_map__rosidl_typesupport_introspection_cpp.hpp
[9.039s] -- Up-to-date symlink: /home/su1jun/Capstone/colcon_ws/install/vizanti_msgs/include/vizanti_msgs/vizanti_msgs/srv/detail/manage_node__rosidl_typesupport_introspection_cpp.hpp
[9.039s] -- Up-to-date symlink: /home/su1jun/Capstone/colcon_ws/install/vizanti_msgs/include/vizanti_msgs/vizanti_msgs/srv/detail/record_rosbag__rosidl_typesupport_introspection_cpp.hpp
[9.039s] -- Up-to-date symlink: /home/su1jun/Capstone/colcon_ws/install/vizanti_msgs/include/vizanti_msgs/vizanti_msgs/srv/detail/save_map__rosidl_typesupport_introspection_cpp.hpp
[9.040s] -- Up-to-date symlink: /home/su1jun/Capstone/colcon_ws/install/vizanti_msgs/include/vizanti_msgs/vizanti_msgs/srv/detail/set_node_parameter__rosidl_typesupport_introspection_cpp.hpp
[9.040s] -- Up-to-date symlink: /home/su1jun/Capstone/colcon_ws/install/vizanti_msgs/share/vizanti_msgs/environment/pythonpath.sh
[9.040s] -- Up-to-date symlink: /home/su1jun/Capstone/colcon_ws/install/vizanti_msgs/share/vizanti_msgs/environment/pythonpath.dsv
[9.041s] -- Up-to-date symlink: /home/su1jun/Capstone/colcon_ws/install/vizanti_msgs/local/lib/python3.10/dist-packages/vizanti_msgs-0.1.0-py3.10.egg-info/PKG-INFO
[9.041s] -- Up-to-date symlink: /home/su1jun/Capstone/colcon_ws/install/vizanti_msgs/local/lib/python3.10/dist-packages/vizanti_msgs-0.1.0-py3.10.egg-info/SOURCES.txt
[9.041s] -- Up-to-date symlink: /home/su1jun/Capstone/colcon_ws/install/vizanti_msgs/local/lib/python3.10/dist-packages/vizanti_msgs-0.1.0-py3.10.egg-info/dependency_links.txt
[9.042s] -- Up-to-date symlink: /home/su1jun/Capstone/colcon_ws/install/vizanti_msgs/local/lib/python3.10/dist-packages/vizanti_msgs-0.1.0-py3.10.egg-info/top_level.txt
[9.042s] -- Up-to-date symlink: /home/su1jun/Capstone/colcon_ws/install/vizanti_msgs/local/lib/python3.10/dist-packages/vizanti_msgs/__init__.py
[9.043s] -- Up-to-date symlink: /home/su1jun/Capstone/colcon_ws/install/vizanti_msgs/local/lib/python3.10/dist-packages/vizanti_msgs/_vizanti_msgs_s.ep.rosidl_typesupport_c.c
[9.043s] -- Up-to-date symlink: /home/su1jun/Capstone/colcon_ws/install/vizanti_msgs/local/lib/python3.10/dist-packages/vizanti_msgs/_vizanti_msgs_s.ep.rosidl_typesupport_fastrtps_c.c
[9.043s] -- Up-to-date symlink: /home/su1jun/Capstone/colcon_ws/install/vizanti_msgs/local/lib/python3.10/dist-packages/vizanti_msgs/_vizanti_msgs_s.ep.rosidl_typesupport_introspection_c.c
[9.043s] -- Up-to-date symlink: /home/su1jun/Capstone/colcon_ws/install/vizanti_msgs/local/lib/python3.10/dist-packages/vizanti_msgs/libvizanti_msgs__rosidl_generator_py.so
[9.044s] -- Up-to-date symlink: /home/su1jun/Capstone/colcon_ws/install/vizanti_msgs/local/lib/python3.10/dist-packages/vizanti_msgs/srv/__init__.py
[9.044s] -- Up-to-date symlink: /home/su1jun/Capstone/colcon_ws/install/vizanti_msgs/local/lib/python3.10/dist-packages/vizanti_msgs/srv/_get_node_parameters.py
[9.044s] -- Up-to-date symlink: /home/su1jun/Capstone/colcon_ws/install/vizanti_msgs/local/lib/python3.10/dist-packages/vizanti_msgs/srv/_get_node_parameters_s.c
[9.045s] -- Up-to-date symlink: /home/su1jun/Capstone/colcon_ws/install/vizanti_msgs/local/lib/python3.10/dist-packages/vizanti_msgs/srv/_list_executables.py
[9.045s] -- Up-to-date symlink: /home/su1jun/Capstone/colcon_ws/install/vizanti_msgs/local/lib/python3.10/dist-packages/vizanti_msgs/srv/_list_executables_s.c
[9.045s] -- Up-to-date symlink: /home/su1jun/Capstone/colcon_ws/install/vizanti_msgs/local/lib/python3.10/dist-packages/vizanti_msgs/srv/_list_packages.py
[9.045s] -- Up-to-date symlink: /home/su1jun/Capstone/colcon_ws/install/vizanti_msgs/local/lib/python3.10/dist-packages/vizanti_msgs/srv/_list_packages_s.c
[9.045s] -- Up-to-date symlink: /home/su1jun/Capstone/colcon_ws/install/vizanti_msgs/local/lib/python3.10/dist-packages/vizanti_msgs/srv/_load_map.py
[9.045s] -- Up-to-date symlink: /home/su1jun/Capstone/colcon_ws/install/vizanti_msgs/local/lib/python3.10/dist-packages/vizanti_msgs/srv/_load_map_s.c
[9.046s] -- Up-to-date symlink: /home/su1jun/Capstone/colcon_ws/install/vizanti_msgs/local/lib/python3.10/dist-packages/vizanti_msgs/srv/_manage_node.py
[9.046s] -- Up-to-date symlink: /home/su1jun/Capstone/colcon_ws/install/vizanti_msgs/local/lib/python3.10/dist-packages/vizanti_msgs/srv/_manage_node_s.c
[9.046s] -- Up-to-date symlink: /home/su1jun/Capstone/colcon_ws/install/vizanti_msgs/local/lib/python3.10/dist-packages/vizanti_msgs/srv/_record_rosbag.py
[9.046s] -- Up-to-date symlink: /home/su1jun/Capstone/colcon_ws/install/vizanti_msgs/local/lib/python3.10/dist-packages/vizanti_msgs/srv/_record_rosbag_s.c
[9.046s] -- Up-to-date symlink: /home/su1jun/Capstone/colcon_ws/install/vizanti_msgs/local/lib/python3.10/dist-packages/vizanti_msgs/srv/_save_map.py
[9.047s] -- Up-to-date symlink: /home/su1jun/Capstone/colcon_ws/install/vizanti_msgs/local/lib/python3.10/dist-packages/vizanti_msgs/srv/_save_map_s.c
[9.047s] -- Up-to-date symlink: /home/su1jun/Capstone/colcon_ws/install/vizanti_msgs/local/lib/python3.10/dist-packages/vizanti_msgs/srv/_set_node_parameter.py
[9.047s] -- Up-to-date symlink: /home/su1jun/Capstone/colcon_ws/install/vizanti_msgs/local/lib/python3.10/dist-packages/vizanti_msgs/srv/_set_node_parameter_s.c
[9.047s] -- Up-to-date symlink: /home/su1jun/Capstone/colcon_ws/install/vizanti_msgs/local/lib/python3.10/dist-packages/vizanti_msgs/vizanti_msgs_s__rosidl_typesupport_c.cpython-310-x86_64-linux-gnu.so
[9.047s] -- Up-to-date symlink: /home/su1jun/Capstone/colcon_ws/install/vizanti_msgs/local/lib/python3.10/dist-packages/vizanti_msgs/vizanti_msgs_s__rosidl_typesupport_fastrtps_c.cpython-310-x86_64-linux-gnu.so
[9.047s] -- Up-to-date symlink: /home/su1jun/Capstone/colcon_ws/install/vizanti_msgs/local/lib/python3.10/dist-packages/vizanti_msgs/vizanti_msgs_s__rosidl_typesupport_introspection_c.cpython-310-x86_64-linux-gnu.so
[9.048s] -- Up-to-date symlink: /home/su1jun/Capstone/colcon_ws/install/vizanti_msgs/local/lib/python3.10/dist-packages/vizanti_msgs/vizanti_msgs_s__rosidl_typesupport_fastrtps_c.cpython-310-x86_64-linux-gnu.so
[9.048s] -- Up-to-date symlink: /home/su1jun/Capstone/colcon_ws/install/vizanti_msgs/local/lib/python3.10/dist-packages/vizanti_msgs/vizanti_msgs_s__rosidl_typesupport_introspection_c.cpython-310-x86_64-linux-gnu.so
[9.048s] -- Up-to-date symlink: /home/su1jun/Capstone/colcon_ws/install/vizanti_msgs/local/lib/python3.10/dist-packages/vizanti_msgs/vizanti_msgs_s__rosidl_typesupport_c.cpython-310-x86_64-linux-gnu.so
[9.049s] -- Up-to-date symlink: /home/su1jun/Capstone/colcon_ws/install/vizanti_msgs/share/vizanti_msgs/srv/GetNodeParameters.idl
[9.050s] -- Up-to-date symlink: /home/su1jun/Capstone/colcon_ws/install/vizanti_msgs/share/vizanti_msgs/srv/SetNodeParameter.idl
[9.050s] -- Up-to-date symlink: /home/su1jun/Capstone/colcon_ws/install/vizanti_msgs/share/vizanti_msgs/srv/SaveMap.idl
[9.050s] -- Up-to-date symlink: /home/su1jun/Capstone/colcon_ws/install/vizanti_msgs/share/vizanti_msgs/srv/LoadMap.idl
[9.051s] -- Up-to-date symlink: /home/su1jun/Capstone/colcon_ws/install/vizanti_msgs/share/vizanti_msgs/srv/RecordRosbag.idl
[9.051s] -- Up-to-date symlink: /home/su1jun/Capstone/colcon_ws/install/vizanti_msgs/share/vizanti_msgs/srv/ManageNode.idl
[9.053s] -- Up-to-date symlink: /home/su1jun/Capstone/colcon_ws/install/vizanti_msgs/share/vizanti_msgs/srv/ListPackages.idl
[9.053s] -- Up-to-date symlink: /home/su1jun/Capstone/colcon_ws/install/vizanti_msgs/share/vizanti_msgs/srv/ListExecutables.idl
[9.053s] -- Up-to-date symlink: /home/su1jun/Capstone/colcon_ws/install/vizanti_msgs/share/vizanti_msgs/srv/GetNodeParameters.srv
[9.053s] -- Up-to-date symlink: /home/su1jun/Capstone/colcon_ws/install/vizanti_msgs/share/vizanti_msgs/srv/GetNodeParameters_Request.msg
[9.053s] -- Up-to-date symlink: /home/su1jun/Capstone/colcon_ws/install/vizanti_msgs/share/vizanti_msgs/srv/GetNodeParameters_Response.msg
[9.053s] -- Up-to-date symlink: /home/su1jun/Capstone/colcon_ws/install/vizanti_msgs/share/vizanti_msgs/srv/SetNodeParameter.srv
[9.053s] -- Up-to-date symlink: /home/su1jun/Capstone/colcon_ws/install/vizanti_msgs/share/vizanti_msgs/srv/SetNodeParameter_Request.msg
[9.053s] -- Up-to-date symlink: /home/su1jun/Capstone/colcon_ws/install/vizanti_msgs/share/vizanti_msgs/srv/SetNodeParameter_Response.msg
[9.054s] -- Up-to-date symlink: /home/su1jun/Capstone/colcon_ws/install/vizanti_msgs/share/vizanti_msgs/srv/SaveMap.srv
[9.054s] -- Up-to-date symlink: /home/su1jun/Capstone/colcon_ws/install/vizanti_msgs/share/vizanti_msgs/srv/SaveMap_Request.msg
[9.054s] -- Up-to-date symlink: /home/su1jun/Capstone/colcon_ws/install/vizanti_msgs/share/vizanti_msgs/srv/SaveMap_Response.msg
[9.055s] -- Up-to-date symlink: /home/su1jun/Capstone/colcon_ws/install/vizanti_msgs/share/vizanti_msgs/srv/LoadMap.srv
[9.055s] -- Up-to-date symlink: /home/su1jun/Capstone/colcon_ws/install/vizanti_msgs/share/vizanti_msgs/srv/LoadMap_Request.msg
[9.055s] -- Up-to-date symlink: /home/su1jun/Capstone/colcon_ws/install/vizanti_msgs/share/vizanti_msgs/srv/LoadMap_Response.msg
[9.056s] -- Up-to-date symlink: /home/su1jun/Capstone/colcon_ws/install/vizanti_msgs/share/vizanti_msgs/srv/RecordRosbag.srv
[9.056s] -- Up-to-date symlink: /home/su1jun/Capstone/colcon_ws/install/vizanti_msgs/share/vizanti_msgs/srv/RecordRosbag_Request.msg
[9.056s] -- Up-to-date symlink: /home/su1jun/Capstone/colcon_ws/install/vizanti_msgs/share/vizanti_msgs/srv/RecordRosbag_Response.msg
[9.056s] -- Up-to-date symlink: /home/su1jun/Capstone/colcon_ws/install/vizanti_msgs/share/vizanti_msgs/srv/ManageNode.srv
[9.057s] -- Up-to-date symlink: /home/su1jun/Capstone/colcon_ws/install/vizanti_msgs/share/vizanti_msgs/srv/ManageNode_Request.msg
[9.057s] -- Up-to-date symlink: /home/su1jun/Capstone/colcon_ws/install/vizanti_msgs/share/vizanti_msgs/srv/ManageNode_Response.msg
[9.057s] -- Up-to-date symlink: /home/su1jun/Capstone/colcon_ws/install/vizanti_msgs/share/vizanti_msgs/srv/ListPackages.srv
[9.058s] -- Up-to-date symlink: /home/su1jun/Capstone/colcon_ws/install/vizanti_msgs/share/vizanti_msgs/srv/ListPackages_Request.msg
[9.058s] -- Up-to-date symlink: /home/su1jun/Capstone/colcon_ws/install/vizanti_msgs/share/vizanti_msgs/srv/ListPackages_Response.msg
[9.058s] -- Up-to-date symlink: /home/su1jun/Capstone/colcon_ws/install/vizanti_msgs/share/vizanti_msgs/srv/ListExecutables.srv
[9.059s] -- Up-to-date symlink: /home/su1jun/Capstone/colcon_ws/install/vizanti_msgs/share/vizanti_msgs/srv/ListExecutables_Request.msg
[9.059s] -- Up-to-date symlink: /home/su1jun/Capstone/colcon_ws/install/vizanti_msgs/share/vizanti_msgs/srv/ListExecutables_Response.msg
[9.059s] -- Up-to-date symlink: /home/su1jun/Capstone/colcon_ws/install/vizanti_msgs/share/ament_index/resource_index/package_run_dependencies/vizanti_msgs
[9.060s] -- Up-to-date symlink: /home/su1jun/Capstone/colcon_ws/install/vizanti_msgs/share/ament_index/resource_index/parent_prefix_path/vizanti_msgs
[9.060s] -- Up-to-date symlink: /home/su1jun/Capstone/colcon_ws/install/vizanti_msgs/share/vizanti_msgs/environment/ament_prefix_path.sh
[9.061s] -- Up-to-date symlink: /home/su1jun/Capstone/colcon_ws/install/vizanti_msgs/share/vizanti_msgs/environment/ament_prefix_path.dsv
[9.061s] -- Up-to-date symlink: /home/su1jun/Capstone/colcon_ws/install/vizanti_msgs/share/vizanti_msgs/environment/path.sh
[9.061s] -- Up-to-date symlink: /home/su1jun/Capstone/colcon_ws/install/vizanti_msgs/share/vizanti_msgs/environment/path.dsv
[9.061s] -- Up-to-date symlink: /home/su1jun/Capstone/colcon_ws/install/vizanti_msgs/share/vizanti_msgs/local_setup.bash
[9.062s] -- Up-to-date symlink: /home/su1jun/Capstone/colcon_ws/install/vizanti_msgs/share/vizanti_msgs/local_setup.sh
[9.062s] -- Up-to-date symlink: /home/su1jun/Capstone/colcon_ws/install/vizanti_msgs/share/vizanti_msgs/local_setup.zsh
[9.063s] -- Up-to-date symlink: /home/su1jun/Capstone/colcon_ws/install/vizanti_msgs/share/vizanti_msgs/local_setup.dsv
[9.063s] -- Symlinking: /home/su1jun/Capstone/colcon_ws/install/vizanti_msgs/share/vizanti_msgs/package.dsv
[9.072s] -- Up-to-date symlink: /home/su1jun/Capstone/colcon_ws/install/vizanti_msgs/share/ament_index/resource_index/packages/vizanti_msgs
[9.073s] -- Up-to-date symlink: /home/su1jun/Capstone/colcon_ws/install/vizanti_msgs/share/vizanti_msgs/cmake/rosidl_cmake-extras.cmake
[9.073s] -- Up-to-date symlink: /home/su1jun/Capstone/colcon_ws/install/vizanti_msgs/share/vizanti_msgs/cmake/ament_cmake_export_dependencies-extras.cmake
[9.074s] -- Up-to-date symlink: /home/su1jun/Capstone/colcon_ws/install/vizanti_msgs/share/vizanti_msgs/cmake/ament_cmake_export_include_directories-extras.cmake
[9.074s] -- Up-to-date symlink: /home/su1jun/Capstone/colcon_ws/install/vizanti_msgs/share/vizanti_msgs/cmake/ament_cmake_export_libraries-extras.cmake
[9.074s] -- Up-to-date symlink: /home/su1jun/Capstone/colcon_ws/install/vizanti_msgs/share/vizanti_msgs/cmake/ament_cmake_export_targets-extras.cmake
[9.074s] -- Up-to-date symlink: /home/su1jun/Capstone/colcon_ws/install/vizanti_msgs/share/vizanti_msgs/cmake/rosidl_cmake_export_typesupport_targets-extras.cmake
[9.075s] -- Up-to-date symlink: /home/su1jun/Capstone/colcon_ws/install/vizanti_msgs/share/vizanti_msgs/cmake/rosidl_cmake_export_typesupport_libraries-extras.cmake
[9.075s] -- Up-to-date symlink: /home/su1jun/Capstone/colcon_ws/install/vizanti_msgs/share/vizanti_msgs/cmake/vizanti_msgsConfig.cmake
[9.075s] -- Up-to-date symlink: /home/su1jun/Capstone/colcon_ws/install/vizanti_msgs/share/vizanti_msgs/cmake/vizanti_msgsConfig-version.cmake
[9.075s] -- Up-to-date symlink: /home/su1jun/Capstone/colcon_ws/install/vizanti_msgs/share/vizanti_msgs/package.xml
[9.076s] -- Installing: /home/su1jun/Capstone/colcon_ws/install/vizanti_msgs/lib/libvizanti_msgs__rosidl_generator_c.so
[9.077s] -- Set runtime path of "/home/su1jun/Capstone/colcon_ws/install/vizanti_msgs/lib/libvizanti_msgs__rosidl_generator_c.so" to ""
[9.077s] -- Installing: /home/su1jun/Capstone/colcon_ws/install/vizanti_msgs/lib/libvizanti_msgs__rosidl_typesupport_fastrtps_c.so
[9.078s] -- Set runtime path of "/home/su1jun/Capstone/colcon_ws/install/vizanti_msgs/lib/libvizanti_msgs__rosidl_typesupport_fastrtps_c.so" to ""
[9.079s] -- Installing: /home/su1jun/Capstone/colcon_ws/install/vizanti_msgs/lib/libvizanti_msgs__rosidl_typesupport_introspection_c.so
[9.079s] -- Set runtime path of "/home/su1jun/Capstone/colcon_ws/install/vizanti_msgs/lib/libvizanti_msgs__rosidl_typesupport_introspection_c.so" to ""
[9.080s] -- Installing: /home/su1jun/Capstone/colcon_ws/install/vizanti_msgs/lib/libvizanti_msgs__rosidl_typesupport_c.so
[9.080s] -- Set runtime path of "/home/su1jun/Capstone/colcon_ws/install/vizanti_msgs/lib/libvizanti_msgs__rosidl_typesupport_c.so" to ""
[9.081s] -- Installing: /home/su1jun/Capstone/colcon_ws/install/vizanti_msgs/lib/libvizanti_msgs__rosidl_typesupport_fastrtps_cpp.so
[9.081s] -- Set runtime path of "/home/su1jun/Capstone/colcon_ws/install/vizanti_msgs/lib/libvizanti_msgs__rosidl_typesupport_fastrtps_cpp.so" to ""
[9.082s] -- Installing: /home/su1jun/Capstone/colcon_ws/install/vizanti_msgs/lib/libvizanti_msgs__rosidl_typesupport_introspection_cpp.so
[9.082s] -- Set runtime path of "/home/su1jun/Capstone/colcon_ws/install/vizanti_msgs/lib/libvizanti_msgs__rosidl_typesupport_introspection_cpp.so" to ""
[9.083s] -- Installing: /home/su1jun/Capstone/colcon_ws/install/vizanti_msgs/lib/libvizanti_msgs__rosidl_typesupport_cpp.so
[9.083s] -- Set runtime path of "/home/su1jun/Capstone/colcon_ws/install/vizanti_msgs/lib/libvizanti_msgs__rosidl_typesupport_cpp.so" to ""
[9.136s] Listing '/home/su1jun/Capstone/colcon_ws/install/vizanti_msgs/local/lib/python3.10/dist-packages/vizanti_msgs'...
[9.136s] Compiling '/home/su1jun/Capstone/colcon_ws/install/vizanti_msgs/local/lib/python3.10/dist-packages/vizanti_msgs/__init__.py'...
[9.136s] Listing '/home/su1jun/Capstone/colcon_ws/install/vizanti_msgs/local/lib/python3.10/dist-packages/vizanti_msgs/srv'...
[9.137s] Compiling '/home/su1jun/Capstone/colcon_ws/install/vizanti_msgs/local/lib/python3.10/dist-packages/vizanti_msgs/srv/__init__.py'...
[9.137s] Compiling '/home/su1jun/Capstone/colcon_ws/install/vizanti_msgs/local/lib/python3.10/dist-packages/vizanti_msgs/srv/_get_node_parameters.py'...
[9.137s] Compiling '/home/su1jun/Capstone/colcon_ws/install/vizanti_msgs/local/lib/python3.10/dist-packages/vizanti_msgs/srv/_list_executables.py'...
[9.137s] Compiling '/home/su1jun/Capstone/colcon_ws/install/vizanti_msgs/local/lib/python3.10/dist-packages/vizanti_msgs/srv/_list_packages.py'...
[9.137s] Compiling '/home/su1jun/Capstone/colcon_ws/install/vizanti_msgs/local/lib/python3.10/dist-packages/vizanti_msgs/srv/_load_map.py'...
[9.137s] Compiling '/home/su1jun/Capstone/colcon_ws/install/vizanti_msgs/local/lib/python3.10/dist-packages/vizanti_msgs/srv/_manage_node.py'...
[9.137s] Compiling '/home/su1jun/Capstone/colcon_ws/install/vizanti_msgs/local/lib/python3.10/dist-packages/vizanti_msgs/srv/_record_rosbag.py'...
[9.137s] Compiling '/home/su1jun/Capstone/colcon_ws/install/vizanti_msgs/local/lib/python3.10/dist-packages/vizanti_msgs/srv/_save_map.py'...
[9.137s] Compiling '/home/su1jun/Capstone/colcon_ws/install/vizanti_msgs/local/lib/python3.10/dist-packages/vizanti_msgs/srv/_set_node_parameter.py'...
[9.143s] -- Installing: /home/su1jun/Capstone/colcon_ws/install/vizanti_msgs/lib/libvizanti_msgs__rosidl_generator_py.so
[9.143s] -- Set runtime path of "/home/su1jun/Capstone/colcon_ws/install/vizanti_msgs/lib/libvizanti_msgs__rosidl_generator_py.so" to ""
[9.143s] -- Up-to-date: /home/su1jun/Capstone/colcon_ws/install/vizanti_msgs/share/vizanti_msgs/cmake/export_vizanti_msgs__rosidl_generator_cExport.cmake
[9.143s] -- Up-to-date: /home/su1jun/Capstone/colcon_ws/install/vizanti_msgs/share/vizanti_msgs/cmake/export_vizanti_msgs__rosidl_generator_cExport-noconfig.cmake
[9.143s] -- Up-to-date: /home/su1jun/Capstone/colcon_ws/install/vizanti_msgs/share/vizanti_msgs/cmake/export_vizanti_msgs__rosidl_typesupport_fastrtps_cExport.cmake
[9.144s] -- Up-to-date: /home/su1jun/Capstone/colcon_ws/install/vizanti_msgs/share/vizanti_msgs/cmake/export_vizanti_msgs__rosidl_typesupport_fastrtps_cExport-noconfig.cmake
[9.144s] -- Up-to-date: /home/su1jun/Capstone/colcon_ws/install/vizanti_msgs/share/vizanti_msgs/cmake/vizanti_msgs__rosidl_typesupport_introspection_cExport.cmake
[9.144s] -- Up-to-date: /home/su1jun/Capstone/colcon_ws/install/vizanti_msgs/share/vizanti_msgs/cmake/vizanti_msgs__rosidl_typesupport_introspection_cExport-noconfig.cmake
[9.144s] -- Up-to-date: /home/su1jun/Capstone/colcon_ws/install/vizanti_msgs/share/vizanti_msgs/cmake/vizanti_msgs__rosidl_typesupport_cExport.cmake
[9.144s] -- Up-to-date: /home/su1jun/Capstone/colcon_ws/install/vizanti_msgs/share/vizanti_msgs/cmake/vizanti_msgs__rosidl_typesupport_cExport-noconfig.cmake
[9.144s] -- Up-to-date: /home/su1jun/Capstone/colcon_ws/install/vizanti_msgs/share/vizanti_msgs/cmake/export_vizanti_msgs__rosidl_generator_cppExport.cmake
[9.145s] -- Up-to-date: /home/su1jun/Capstone/colcon_ws/install/vizanti_msgs/share/vizanti_msgs/cmake/export_vizanti_msgs__rosidl_typesupport_fastrtps_cppExport.cmake
[9.145s] -- Up-to-date: /home/su1jun/Capstone/colcon_ws/install/vizanti_msgs/share/vizanti_msgs/cmake/export_vizanti_msgs__rosidl_typesupport_fastrtps_cppExport-noconfig.cmake
[9.145s] -- Up-to-date: /home/su1jun/Capstone/colcon_ws/install/vizanti_msgs/share/vizanti_msgs/cmake/vizanti_msgs__rosidl_typesupport_introspection_cppExport.cmake
[9.145s] -- Up-to-date: /home/su1jun/Capstone/colcon_ws/install/vizanti_msgs/share/vizanti_msgs/cmake/vizanti_msgs__rosidl_typesupport_introspection_cppExport-noconfig.cmake
[9.145s] -- Up-to-date: /home/su1jun/Capstone/colcon_ws/install/vizanti_msgs/share/vizanti_msgs/cmake/vizanti_msgs__rosidl_typesupport_cppExport.cmake
[9.145s] -- Up-to-date: /home/su1jun/Capstone/colcon_ws/install/vizanti_msgs/share/vizanti_msgs/cmake/vizanti_msgs__rosidl_typesupport_cppExport-noconfig.cmake
[9.145s] -- Up-to-date: /home/su1jun/Capstone/colcon_ws/install/vizanti_msgs/share/vizanti_msgs/cmake/export_vizanti_msgs__rosidl_generator_pyExport.cmake
[9.146s] -- Up-to-date: /home/su1jun/Capstone/colcon_ws/install/vizanti_msgs/share/vizanti_msgs/cmake/export_vizanti_msgs__rosidl_generator_pyExport-noconfig.cmake
[9.149s] Invoked command in '/home/su1jun/Capstone/colcon_ws/build/vizanti_msgs' returned '0': CMAKE_PREFIX_PATH=/opt/ros/humble /usr/bin/cmake --install /home/su1jun/Capstone/colcon_ws/build/vizanti_msgs
