-- Install configuration: ""
-- Execute custom install script
-- Up-to-date symlink: /home/su1jun/Capstone/colcon_ws/install/vizanti_demos/share/vizanti_demos//launch/test.launch.py
-- Up-to-date symlink: /home/su1jun/Capstone/colcon_ws/install/vizanti_demos/lib/vizanti_demos/particle_cloud_to_pose_array.py
-- Up-to-date symlink: /home/su1jun/Capstone/colcon_ws/install/vizanti_demos/lib/vizanti_demos/path_to_nav2poses.py
-- Up-to-date symlink: /home/su1jun/Capstone/colcon_ws/install/vizanti_demos/lib/vizanti_demos/test_grid_cells.py
-- Up-to-date symlink: /home/su1jun/Capstone/colcon_ws/install/vizanti_demos/lib/vizanti_demos/test_marker_array.py
-- Up-to-date symlink: /home/su1jun/Capstone/colcon_ws/install/vizanti_demos/share/ament_index/resource_index/package_run_dependencies/vizanti_demos
-- Up-to-date symlink: /home/su1jun/Capstone/colcon_ws/install/vizanti_demos/share/ament_index/resource_index/parent_prefix_path/vizanti_demos
-- Up-to-date symlink: /home/su1jun/Capstone/colcon_ws/install/vizanti_demos/share/vizanti_demos/environment/ament_prefix_path.sh
-- Up-to-date symlink: /home/su1jun/Capstone/colcon_ws/install/vizanti_demos/share/vizanti_demos/environment/ament_prefix_path.dsv
-- Up-to-date symlink: /home/su1jun/Capstone/colcon_ws/install/vizanti_demos/share/vizanti_demos/environment/path.sh
-- Up-to-date symlink: /home/su1jun/Capstone/colcon_ws/install/vizanti_demos/share/vizanti_demos/environment/path.dsv
-- Up-to-date symlink: /home/su1jun/Capstone/colcon_ws/install/vizanti_demos/share/vizanti_demos/local_setup.bash
-- Up-to-date symlink: /home/su1jun/Capstone/colcon_ws/install/vizanti_demos/share/vizanti_demos/local_setup.sh
-- Up-to-date symlink: /home/su1jun/Capstone/colcon_ws/install/vizanti_demos/share/vizanti_demos/local_setup.zsh
-- Up-to-date symlink: /home/su1jun/Capstone/colcon_ws/install/vizanti_demos/share/vizanti_demos/local_setup.dsv
-- Symlinking: /home/su1jun/Capstone/colcon_ws/install/vizanti_demos/share/vizanti_demos/package.dsv
-- Up-to-date symlink: /home/su1jun/Capstone/colcon_ws/install/vizanti_demos/share/ament_index/resource_index/packages/vizanti_demos
-- Up-to-date symlink: /home/su1jun/Capstone/colcon_ws/install/vizanti_demos/share/vizanti_demos/cmake/vizanti_demosConfig.cmake
-- Up-to-date symlink: /home/su1jun/Capstone/colcon_ws/install/vizanti_demos/share/vizanti_demos/cmake/vizanti_demosConfig-version.cmake
-- Up-to-date symlink: /home/su1jun/Capstone/colcon_ws/install/vizanti_demos/share/vizanti_demos/package.xml
