[0.014s] Invoking command in '/home/su1jun/Capstone/colcon_ws/build/vizanti_demos': AMENT_PREFIX_PATH=/home/su1jun/Capstone/colcon_ws/install/vizanti_msgs:${AMENT_PREFIX_PATH} CMAKE_PREFIX_PATH=/home/su1jun/Capstone/colcon_ws/install/vizanti_msgs:/opt/ros/humble LD_LIBRARY_PATH=/home/su1jun/Capstone/colcon_ws/install/vizanti_msgs/lib:${LD_LIBRARY_PATH} PYTHONPATH=/home/su1jun/Capstone/colcon_ws/install/vizanti_msgs/local/lib/python3.10/dist-packages:${PYTHONPATH} /usr/bin/cmake --build /home/su1jun/Capstone/colcon_ws/build/vizanti_demos -- -j4 -l4
[0.057s] Invoked command in '/home/su1jun/Capstone/colcon_ws/build/vizanti_demos' returned '0': AMENT_PREFIX_PATH=/home/su1jun/Capstone/colcon_ws/install/vizanti_msgs:${AMENT_PREFIX_PATH} CMAKE_PREFIX_PATH=/home/su1jun/Capstone/colcon_ws/install/vizanti_msgs:/opt/ros/humble LD_LIBRARY_PATH=/home/su1jun/Capstone/colcon_ws/install/vizanti_msgs/lib:${LD_LIBRARY_PATH} PYTHONPATH=/home/su1jun/Capstone/colcon_ws/install/vizanti_msgs/local/lib/python3.10/dist-packages:${PYTHONPATH} /usr/bin/cmake --build /home/su1jun/Capstone/colcon_ws/build/vizanti_demos -- -j4 -l4
[0.076s] Invoking command in '/home/su1jun/Capstone/colcon_ws/build/vizanti_demos': AMENT_PREFIX_PATH=/home/su1jun/Capstone/colcon_ws/install/vizanti_msgs:${AMENT_PREFIX_PATH} CMAKE_PREFIX_PATH=/home/su1jun/Capstone/colcon_ws/install/vizanti_msgs:/opt/ros/humble LD_LIBRARY_PATH=/home/su1jun/Capstone/colcon_ws/install/vizanti_msgs/lib:${LD_LIBRARY_PATH} PYTHONPATH=/home/su1jun/Capstone/colcon_ws/install/vizanti_msgs/local/lib/python3.10/dist-packages:${PYTHONPATH} /usr/bin/cmake --install /home/su1jun/Capstone/colcon_ws/build/vizanti_demos
[0.083s] -- Install configuration: ""
[0.084s] -- Execute custom install script
[0.085s] -- Up-to-date symlink: /home/su1jun/Capstone/colcon_ws/install/vizanti_demos/share/vizanti_demos//launch/test.launch.py
[0.086s] -- Up-to-date symlink: /home/su1jun/Capstone/colcon_ws/install/vizanti_demos/lib/vizanti_demos/particle_cloud_to_pose_array.py
[0.086s] -- Up-to-date symlink: /home/su1jun/Capstone/colcon_ws/install/vizanti_demos/lib/vizanti_demos/path_to_nav2poses.py
[0.087s] -- Up-to-date symlink: /home/su1jun/Capstone/colcon_ws/install/vizanti_demos/lib/vizanti_demos/test_grid_cells.py
[0.087s] -- Up-to-date symlink: /home/su1jun/Capstone/colcon_ws/install/vizanti_demos/lib/vizanti_demos/test_marker_array.py
[0.088s] -- Up-to-date symlink: /home/su1jun/Capstone/colcon_ws/install/vizanti_demos/share/ament_index/resource_index/package_run_dependencies/vizanti_demos
[0.088s] -- Up-to-date symlink: /home/su1jun/Capstone/colcon_ws/install/vizanti_demos/share/ament_index/resource_index/parent_prefix_path/vizanti_demos
[0.089s] -- Up-to-date symlink: /home/su1jun/Capstone/colcon_ws/install/vizanti_demos/share/vizanti_demos/environment/ament_prefix_path.sh
[0.089s] -- Up-to-date symlink: /home/su1jun/Capstone/colcon_ws/install/vizanti_demos/share/vizanti_demos/environment/ament_prefix_path.dsv
[0.090s] -- Up-to-date symlink: /home/su1jun/Capstone/colcon_ws/install/vizanti_demos/share/vizanti_demos/environment/path.sh
[0.090s] -- Up-to-date symlink: /home/su1jun/Capstone/colcon_ws/install/vizanti_demos/share/vizanti_demos/environment/path.dsv
[0.090s] -- Up-to-date symlink: /home/su1jun/Capstone/colcon_ws/install/vizanti_demos/share/vizanti_demos/local_setup.bash
[0.090s] -- Up-to-date symlink: /home/su1jun/Capstone/colcon_ws/install/vizanti_demos/share/vizanti_demos/local_setup.sh
[0.091s] -- Up-to-date symlink: /home/su1jun/Capstone/colcon_ws/install/vizanti_demos/share/vizanti_demos/local_setup.zsh
[0.091s] -- Up-to-date symlink: /home/su1jun/Capstone/colcon_ws/install/vizanti_demos/share/vizanti_demos/local_setup.dsv
[0.091s] -- Symlinking: /home/su1jun/Capstone/colcon_ws/install/vizanti_demos/share/vizanti_demos/package.dsv
[0.101s] -- Up-to-date symlink: /home/su1jun/Capstone/colcon_ws/install/vizanti_demos/share/ament_index/resource_index/packages/vizanti_demos
[0.101s] -- Up-to-date symlink: /home/su1jun/Capstone/colcon_ws/install/vizanti_demos/share/vizanti_demos/cmake/vizanti_demosConfig.cmake
[0.101s] -- Up-to-date symlink: /home/su1jun/Capstone/colcon_ws/install/vizanti_demos/share/vizanti_demos/cmake/vizanti_demosConfig-version.cmake
[0.102s] -- Up-to-date symlink: /home/su1jun/Capstone/colcon_ws/install/vizanti_demos/share/vizanti_demos/package.xml
[0.104s] Invoked command in '/home/su1jun/Capstone/colcon_ws/build/vizanti_demos' returned '0': AMENT_PREFIX_PATH=/home/su1jun/Capstone/colcon_ws/install/vizanti_msgs:${AMENT_PREFIX_PATH} CMAKE_PREFIX_PATH=/home/su1jun/Capstone/colcon_ws/install/vizanti_msgs:/opt/ros/humble LD_LIBRARY_PATH=/home/su1jun/Capstone/colcon_ws/install/vizanti_msgs/lib:${LD_LIBRARY_PATH} PYTHONPATH=/home/su1jun/Capstone/colcon_ws/install/vizanti_msgs/local/lib/python3.10/dist-packages:${PYTHONPATH} /usr/bin/cmake --install /home/su1jun/Capstone/colcon_ws/build/vizanti_demos
