[0.033s] Invoking command in '/home/su1jun/Capstone/ros2_ws/build/serial': CMAKE_PREFIX_PATH=${CMAKE_PREFIX_PATH}:/home/su1jun/Capstone/ros2_ws/install/serial_motor_demo:/home/su1jun/Capstone/ros2_ws/install/robot:/opt/ros/humble /usr/bin/cmake /home/su1jun/Capstone/ros2_ws/src/serial -DCMAKE_INSTALL_PREFIX=/home/su1jun/Capstone/ros2_ws/install/serial
[0.059s] -- Found ament_cmake: 1.3.9 (/opt/ros/humble/share/ament_cmake/cmake)
[0.311s] -- Override CMake install command with custom implementation using symlinks instead of copying resources
[0.328s] -- Found ament_cmake_gtest: 1.3.9 (/opt/ros/humble/share/ament_cmake_gtest/cmake)
[0.343s] -- Found gtest sources under '/opt/ros/humble/src/gtest_vendor': C++ tests using 'Google Test' will be built
[0.472s] -- Configuring done
[0.514s] -- Generating done
[0.524s] -- Build files have been written to: /home/su1jun/Capstone/ros2_ws/build/serial
[0.541s] Invoked command in '/home/su1jun/Capstone/ros2_ws/build/serial' returned '0': CMAKE_PREFIX_PATH=${CMAKE_PREFIX_PATH}:/home/su1jun/Capstone/ros2_ws/install/serial_motor_demo:/home/su1jun/Capstone/ros2_ws/install/robot:/opt/ros/humble /usr/bin/cmake /home/su1jun/Capstone/ros2_ws/src/serial -DCMAKE_INSTALL_PREFIX=/home/su1jun/Capstone/ros2_ws/install/serial
[0.541s] Invoking command in '/home/su1jun/Capstone/ros2_ws/build/serial': CMAKE_PREFIX_PATH=${CMAKE_PREFIX_PATH}:/home/su1jun/Capstone/ros2_ws/install/serial_motor_demo:/home/su1jun/Capstone/ros2_ws/install/robot:/opt/ros/humble /usr/bin/cmake --build /home/su1jun/Capstone/ros2_ws/build/serial -- -j4 -l4
[0.602s] [35m[1mConsolidate compiler generated dependencies of target gtest_main[0m
[0.620s] [ 14%] Built target gtest_main
[0.638s] [35m[1mConsolidate compiler generated dependencies of target serial[0m
[0.638s] [35m[1mConsolidate compiler generated dependencies of target gtest[0m
[0.669s] [ 42%] Built target serial
[0.682s] [35m[1mConsolidate compiler generated dependencies of target serial_example[0m
[0.693s] [ 57%] Built target gtest
[0.697s] [ 71%] Built target serial_example
[0.736s] [35m[1mConsolidate compiler generated dependencies of target serial-test[0m
[0.736s] [35m[1mConsolidate compiler generated dependencies of target serial-test-timer[0m
[0.750s] [ 85%] Built target serial-test-timer
[0.776s] [100%] Built target serial-test
[0.810s] Invoked command in '/home/su1jun/Capstone/ros2_ws/build/serial' returned '0': CMAKE_PREFIX_PATH=${CMAKE_PREFIX_PATH}:/home/su1jun/Capstone/ros2_ws/install/serial_motor_demo:/home/su1jun/Capstone/ros2_ws/install/robot:/opt/ros/humble /usr/bin/cmake --build /home/su1jun/Capstone/ros2_ws/build/serial -- -j4 -l4
[0.876s] Invoking command in '/home/su1jun/Capstone/ros2_ws/build/serial': CMAKE_PREFIX_PATH=${CMAKE_PREFIX_PATH}:/home/su1jun/Capstone/ros2_ws/install/serial_motor_demo:/home/su1jun/Capstone/ros2_ws/install/robot:/opt/ros/humble /usr/bin/cmake --install /home/su1jun/Capstone/ros2_ws/build/serial
[0.892s] -- Install configuration: ""
[0.893s] -- Execute custom install script
[0.893s] -- Up-to-date symlink: /home/su1jun/Capstone/ros2_ws/install/serial/lib/libserial.a
[0.893s] -- Up-to-date symlink: /home/su1jun/Capstone/ros2_ws/install/serial/include/serial/serial.h
[0.893s] -- Up-to-date symlink: /home/su1jun/Capstone/ros2_ws/install/serial/include/serial/v8stdint.h
[0.893s] -- Up-to-date symlink: /home/su1jun/Capstone/ros2_ws/install/serial/share/serial/environment/library_path.sh
[0.893s] -- Up-to-date symlink: /home/su1jun/Capstone/ros2_ws/install/serial/share/serial/environment/library_path.dsv
[0.893s] -- Up-to-date symlink: /home/su1jun/Capstone/ros2_ws/install/serial/share/ament_index/resource_index/package_run_dependencies/serial
[0.893s] -- Up-to-date symlink: /home/su1jun/Capstone/ros2_ws/install/serial/share/ament_index/resource_index/parent_prefix_path/serial
[0.893s] -- Up-to-date symlink: /home/su1jun/Capstone/ros2_ws/install/serial/share/serial/environment/ament_prefix_path.sh
[0.893s] -- Up-to-date symlink: /home/su1jun/Capstone/ros2_ws/install/serial/share/serial/environment/ament_prefix_path.dsv
[0.893s] -- Up-to-date symlink: /home/su1jun/Capstone/ros2_ws/install/serial/share/serial/environment/path.sh
[0.893s] -- Up-to-date symlink: /home/su1jun/Capstone/ros2_ws/install/serial/share/serial/environment/path.dsv
[0.894s] -- Up-to-date symlink: /home/su1jun/Capstone/ros2_ws/install/serial/share/serial/local_setup.bash
[0.894s] -- Up-to-date symlink: /home/su1jun/Capstone/ros2_ws/install/serial/share/serial/local_setup.sh
[0.909s] -- Up-to-date symlink: /home/su1jun/Capstone/ros2_ws/install/serial/share/serial/local_setup.zsh
[0.909s] -- Up-to-date symlink: /home/su1jun/Capstone/ros2_ws/install/serial/share/serial/local_setup.dsv
[0.909s] -- Symlinking: /home/su1jun/Capstone/ros2_ws/install/serial/share/serial/package.dsv
[0.910s] -- Up-to-date symlink: /home/su1jun/Capstone/ros2_ws/install/serial/share/ament_index/resource_index/packages/serial
[0.911s] -- Up-to-date symlink: /home/su1jun/Capstone/ros2_ws/install/serial/share/serial/cmake/ament_cmake_export_include_directories-extras.cmake
[0.911s] -- Up-to-date symlink: /home/su1jun/Capstone/ros2_ws/install/serial/share/serial/cmake/ament_cmake_export_libraries-extras.cmake
[0.911s] -- Up-to-date symlink: /home/su1jun/Capstone/ros2_ws/install/serial/share/serial/cmake/serialConfig.cmake
[0.912s] -- Up-to-date symlink: /home/su1jun/Capstone/ros2_ws/install/serial/share/serial/cmake/serialConfig-version.cmake
[0.914s] -- Up-to-date symlink: /home/su1jun/Capstone/ros2_ws/install/serial/share/serial/package.xml
[0.916s] Invoked command in '/home/su1jun/Capstone/ros2_ws/build/serial' returned '0': CMAKE_PREFIX_PATH=${CMAKE_PREFIX_PATH}:/home/su1jun/Capstone/ros2_ws/install/serial_motor_demo:/home/su1jun/Capstone/ros2_ws/install/robot:/opt/ros/humble /usr/bin/cmake --install /home/su1jun/Capstone/ros2_ws/build/serial
