[0.110s] DEBUG:colcon:Command line arguments: ['/usr/bin/colcon', 'build', '--symlink-install']
[0.111s] DEBUG:colcon:Parsed command line arguments: Namespace(log_base=None, log_level=None, verb_name='build', build_base='build', install_base='install', merge_install=False, symlink_install=True, test_result_base=None, continue_on_error=False, executor='parallel', parallel_workers=4, event_handlers=None, ignore_user_meta=False, metas=['./colcon.meta'], base_paths=['.'], packages_ignore=None, packages_ignore_regex=None, paths=None, packages_up_to=None, packages_up_to_regex=None, packages_above=None, packages_above_and_dependencies=None, packages_above_depth=None, packages_select_by_dep=None, packages_skip_by_dep=None, packages_skip_up_to=None, packages_select_build_failed=False, packages_skip_build_finished=False, packages_select_test_failures=False, packages_skip_test_passed=False, packages_select=None, packages_skip=None, packages_select_regex=None, packages_skip_regex=None, packages_start=None, packages_end=None, allow_overriding=[], cmake_args=None, cmake_target=None, cmake_target_skip_unavailable=False, cmake_clean_cache=False, cmake_clean_first=False, cmake_force_configure=False, ament_cmake_args=None, catkin_cmake_args=None, catkin_skip_building_tests=False, mixin_files=None, mixin=None, verb_parser=<colcon_mixin.mixin.mixin_argument.MixinArgumentDecorator object at 0x761f5f1fab60>, verb_extension=<colcon_core.verb.build.BuildVerb object at 0x761f5f1fa4d0>, main=<bound method BuildVerb.main of <colcon_core.verb.build.BuildVerb object at 0x761f5f1fa4d0>>, mixin_verb=('build',))
[0.280s] Level 1:colcon.colcon_core.package_discovery:discover_packages(colcon_meta) check parameters
[0.280s] Level 1:colcon.colcon_core.package_discovery:discover_packages(recursive) check parameters
[0.280s] Level 1:colcon.colcon_core.package_discovery:discover_packages(ignore) check parameters
[0.280s] Level 1:colcon.colcon_core.package_discovery:discover_packages(path) check parameters
[0.280s] Level 1:colcon.colcon_core.package_discovery:discover_packages(colcon_meta) discover
[0.280s] Level 1:colcon.colcon_core.package_discovery:discover_packages(recursive) discover
[0.280s] INFO:colcon.colcon_core.package_discovery:Crawling recursively for packages in '/home/su1jun/Capstone/ros2_ws'
[0.280s] Level 1:colcon.colcon_core.package_identification:_identify(.) by extensions ['ignore', 'ignore_ament_install']
[0.280s] Level 1:colcon.colcon_core.package_identification:_identify(.) by extension 'ignore'
[0.280s] Level 1:colcon.colcon_core.package_identification:_identify(.) by extension 'ignore_ament_install'
[0.281s] Level 1:colcon.colcon_core.package_identification:_identify(.) by extensions ['colcon_pkg']
[0.281s] Level 1:colcon.colcon_core.package_identification:_identify(.) by extension 'colcon_pkg'
[0.281s] Level 1:colcon.colcon_core.package_identification:_identify(.) by extensions ['colcon_meta']
[0.281s] Level 1:colcon.colcon_core.package_identification:_identify(.) by extension 'colcon_meta'
[0.281s] Level 1:colcon.colcon_core.package_identification:_identify(.) by extensions ['ros']
[0.281s] Level 1:colcon.colcon_core.package_identification:_identify(.) by extension 'ros'
[0.292s] Level 1:colcon.colcon_core.package_identification:_identify(.) by extensions ['cmake', 'python']
[0.292s] Level 1:colcon.colcon_core.package_identification:_identify(.) by extension 'cmake'
[0.292s] Level 1:colcon.colcon_core.package_identification:_identify(.) by extension 'python'
[0.292s] Level 1:colcon.colcon_core.package_identification:_identify(.) by extensions ['python_setup_py']
[0.292s] Level 1:colcon.colcon_core.package_identification:_identify(.) by extension 'python_setup_py'
[0.292s] Level 1:colcon.colcon_core.package_identification:_identify(build) by extensions ['ignore', 'ignore_ament_install']
[0.292s] Level 1:colcon.colcon_core.package_identification:_identify(build) by extension 'ignore'
[0.292s] Level 1:colcon.colcon_core.package_identification:_identify(build) ignored
[0.292s] Level 1:colcon.colcon_core.package_identification:_identify(install) by extensions ['ignore', 'ignore_ament_install']
[0.292s] Level 1:colcon.colcon_core.package_identification:_identify(install) by extension 'ignore'
[0.293s] Level 1:colcon.colcon_core.package_identification:_identify(install) ignored
[0.293s] Level 1:colcon.colcon_core.package_identification:_identify(log) by extensions ['ignore', 'ignore_ament_install']
[0.293s] Level 1:colcon.colcon_core.package_identification:_identify(log) by extension 'ignore'
[0.293s] Level 1:colcon.colcon_core.package_identification:_identify(log) ignored
[0.293s] Level 1:colcon.colcon_core.package_identification:_identify(src) by extensions ['ignore', 'ignore_ament_install']
[0.293s] Level 1:colcon.colcon_core.package_identification:_identify(src) by extension 'ignore'
[0.293s] Level 1:colcon.colcon_core.package_identification:_identify(src) by extension 'ignore_ament_install'
[0.293s] Level 1:colcon.colcon_core.package_identification:_identify(src) by extensions ['colcon_pkg']
[0.293s] Level 1:colcon.colcon_core.package_identification:_identify(src) by extension 'colcon_pkg'
[0.293s] Level 1:colcon.colcon_core.package_identification:_identify(src) by extensions ['colcon_meta']
[0.293s] Level 1:colcon.colcon_core.package_identification:_identify(src) by extension 'colcon_meta'
[0.293s] Level 1:colcon.colcon_core.package_identification:_identify(src) by extensions ['ros']
[0.293s] Level 1:colcon.colcon_core.package_identification:_identify(src) by extension 'ros'
[0.293s] Level 1:colcon.colcon_core.package_identification:_identify(src) by extensions ['cmake', 'python']
[0.293s] Level 1:colcon.colcon_core.package_identification:_identify(src) by extension 'cmake'
[0.293s] Level 1:colcon.colcon_core.package_identification:_identify(src) by extension 'python'
[0.293s] Level 1:colcon.colcon_core.package_identification:_identify(src) by extensions ['python_setup_py']
[0.293s] Level 1:colcon.colcon_core.package_identification:_identify(src) by extension 'python_setup_py'
[0.294s] Level 1:colcon.colcon_core.package_identification:_identify(src/articubot_one) by extensions ['ignore', 'ignore_ament_install']
[0.294s] Level 1:colcon.colcon_core.package_identification:_identify(src/articubot_one) by extension 'ignore'
[0.294s] Level 1:colcon.colcon_core.package_identification:_identify(src/articubot_one) by extension 'ignore_ament_install'
[0.294s] Level 1:colcon.colcon_core.package_identification:_identify(src/articubot_one) by extensions ['colcon_pkg']
[0.294s] Level 1:colcon.colcon_core.package_identification:_identify(src/articubot_one) by extension 'colcon_pkg'
[0.294s] Level 1:colcon.colcon_core.package_identification:_identify(src/articubot_one) by extensions ['colcon_meta']
[0.294s] Level 1:colcon.colcon_core.package_identification:_identify(src/articubot_one) by extension 'colcon_meta'
[0.294s] Level 1:colcon.colcon_core.package_identification:_identify(src/articubot_one) by extensions ['ros']
[0.294s] Level 1:colcon.colcon_core.package_identification:_identify(src/articubot_one) by extension 'ros'
[0.296s] DEBUG:colcon.colcon_core.package_identification:Package 'src/articubot_one' with type 'ros.ament_cmake' and name 'articubot_one'
[0.297s] Level 1:colcon.colcon_core.package_identification:_identify(src/capstone) by extensions ['ignore', 'ignore_ament_install']
[0.297s] Level 1:colcon.colcon_core.package_identification:_identify(src/capstone) by extension 'ignore'
[0.297s] Level 1:colcon.colcon_core.package_identification:_identify(src/capstone) by extension 'ignore_ament_install'
[0.297s] Level 1:colcon.colcon_core.package_identification:_identify(src/capstone) by extensions ['colcon_pkg']
[0.297s] Level 1:colcon.colcon_core.package_identification:_identify(src/capstone) by extension 'colcon_pkg'
[0.297s] Level 1:colcon.colcon_core.package_identification:_identify(src/capstone) by extensions ['colcon_meta']
[0.297s] Level 1:colcon.colcon_core.package_identification:_identify(src/capstone) by extension 'colcon_meta'
[0.297s] Level 1:colcon.colcon_core.package_identification:_identify(src/capstone) by extensions ['ros']
[0.297s] Level 1:colcon.colcon_core.package_identification:_identify(src/capstone) by extension 'ros'
[0.297s] DEBUG:colcon.colcon_core.package_identification:Package 'src/capstone' with type 'ros.ament_cmake' and name 'capstone'
[0.298s] Level 1:colcon.colcon_core.package_identification:_identify(src/robot) by extensions ['ignore', 'ignore_ament_install']
[0.298s] Level 1:colcon.colcon_core.package_identification:_identify(src/robot) by extension 'ignore'
[0.298s] Level 1:colcon.colcon_core.package_identification:_identify(src/robot) by extension 'ignore_ament_install'
[0.298s] Level 1:colcon.colcon_core.package_identification:_identify(src/robot) by extensions ['colcon_pkg']
[0.298s] Level 1:colcon.colcon_core.package_identification:_identify(src/robot) by extension 'colcon_pkg'
[0.298s] Level 1:colcon.colcon_core.package_identification:_identify(src/robot) by extensions ['colcon_meta']
[0.298s] Level 1:colcon.colcon_core.package_identification:_identify(src/robot) by extension 'colcon_meta'
[0.298s] Level 1:colcon.colcon_core.package_identification:_identify(src/robot) by extensions ['ros']
[0.298s] Level 1:colcon.colcon_core.package_identification:_identify(src/robot) by extension 'ros'
[0.299s] DEBUG:colcon.colcon_core.package_identification:Package 'src/robot' with type 'ros.ament_python' and name 'robot'
[0.299s] Level 1:colcon.colcon_core.package_identification:_identify(src/sllidar_ros2) by extensions ['ignore', 'ignore_ament_install']
[0.299s] Level 1:colcon.colcon_core.package_identification:_identify(src/sllidar_ros2) by extension 'ignore'
[0.299s] Level 1:colcon.colcon_core.package_identification:_identify(src/sllidar_ros2) by extension 'ignore_ament_install'
[0.299s] Level 1:colcon.colcon_core.package_identification:_identify(src/sllidar_ros2) by extensions ['colcon_pkg']
[0.299s] Level 1:colcon.colcon_core.package_identification:_identify(src/sllidar_ros2) by extension 'colcon_pkg'
[0.299s] Level 1:colcon.colcon_core.package_identification:_identify(src/sllidar_ros2) by extensions ['colcon_meta']
[0.299s] Level 1:colcon.colcon_core.package_identification:_identify(src/sllidar_ros2) by extension 'colcon_meta'
[0.299s] Level 1:colcon.colcon_core.package_identification:_identify(src/sllidar_ros2) by extensions ['ros']
[0.299s] Level 1:colcon.colcon_core.package_identification:_identify(src/sllidar_ros2) by extension 'ros'
[0.300s] DEBUG:colcon.colcon_core.package_identification:Package 'src/sllidar_ros2' with type 'ros.ament_cmake' and name 'sllidar_ros2'
[0.300s] Level 1:colcon.colcon_core.package_discovery:discover_packages(recursive) using defaults
[0.300s] Level 1:colcon.colcon_core.package_discovery:discover_packages(ignore) discover
[0.300s] Level 1:colcon.colcon_core.package_discovery:discover_packages(ignore) using defaults
[0.300s] Level 1:colcon.colcon_core.package_discovery:discover_packages(path) discover
[0.300s] Level 1:colcon.colcon_core.package_discovery:discover_packages(path) using defaults
[0.331s] Level 1:colcon.colcon_core.package_discovery:discover_packages(prefix_path) check parameters
[0.331s] Level 1:colcon.colcon_core.package_discovery:discover_packages(prefix_path) discover
[0.333s] DEBUG:colcon.colcon_installed_package_information.package_discovery:Found 5 installed packages in /home/su1jun/Capstone/colcon_ws/install
[0.334s] DEBUG:colcon.colcon_installed_package_information.package_discovery:Found 4 installed packages in /home/su1jun/Capstone/ros2_ws/install
[0.335s] DEBUG:colcon.colcon_installed_package_information.package_discovery:Found 370 installed packages in /opt/ros/humble
[0.337s] Level 1:colcon.colcon_core.package_discovery:discover_packages(prefix_path) using defaults
[0.382s] Level 5:colcon.colcon_core.verb:set package 'articubot_one' build argument 'cmake_args' from command line to 'None'
[0.383s] Level 5:colcon.colcon_core.verb:set package 'articubot_one' build argument 'cmake_target' from command line to 'None'
[0.383s] Level 5:colcon.colcon_core.verb:set package 'articubot_one' build argument 'cmake_target_skip_unavailable' from command line to 'False'
[0.383s] Level 5:colcon.colcon_core.verb:set package 'articubot_one' build argument 'cmake_clean_cache' from command line to 'False'
[0.383s] Level 5:colcon.colcon_core.verb:set package 'articubot_one' build argument 'cmake_clean_first' from command line to 'False'
[0.383s] Level 5:colcon.colcon_core.verb:set package 'articubot_one' build argument 'cmake_force_configure' from command line to 'False'
[0.383s] Level 5:colcon.colcon_core.verb:set package 'articubot_one' build argument 'ament_cmake_args' from command line to 'None'
[0.383s] Level 5:colcon.colcon_core.verb:set package 'articubot_one' build argument 'catkin_cmake_args' from command line to 'None'
[0.383s] Level 5:colcon.colcon_core.verb:set package 'articubot_one' build argument 'catkin_skip_building_tests' from command line to 'False'
[0.383s] DEBUG:colcon.colcon_core.verb:Building package 'articubot_one' with the following arguments: {'ament_cmake_args': None, 'build_base': '/home/su1jun/Capstone/ros2_ws/build/articubot_one', 'catkin_cmake_args': None, 'catkin_skip_building_tests': False, 'cmake_args': None, 'cmake_clean_cache': False, 'cmake_clean_first': False, 'cmake_force_configure': False, 'cmake_target': None, 'cmake_target_skip_unavailable': False, 'install_base': '/home/su1jun/Capstone/ros2_ws/install/articubot_one', 'merge_install': False, 'path': '/home/su1jun/Capstone/ros2_ws/src/articubot_one', 'symlink_install': True, 'test_result_base': None}
[0.383s] Level 5:colcon.colcon_core.verb:set package 'capstone' build argument 'cmake_args' from command line to 'None'
[0.383s] Level 5:colcon.colcon_core.verb:set package 'capstone' build argument 'cmake_target' from command line to 'None'
[0.383s] Level 5:colcon.colcon_core.verb:set package 'capstone' build argument 'cmake_target_skip_unavailable' from command line to 'False'
[0.383s] Level 5:colcon.colcon_core.verb:set package 'capstone' build argument 'cmake_clean_cache' from command line to 'False'
[0.383s] Level 5:colcon.colcon_core.verb:set package 'capstone' build argument 'cmake_clean_first' from command line to 'False'
[0.383s] Level 5:colcon.colcon_core.verb:set package 'capstone' build argument 'cmake_force_configure' from command line to 'False'
[0.383s] Level 5:colcon.colcon_core.verb:set package 'capstone' build argument 'ament_cmake_args' from command line to 'None'
[0.383s] Level 5:colcon.colcon_core.verb:set package 'capstone' build argument 'catkin_cmake_args' from command line to 'None'
[0.383s] Level 5:colcon.colcon_core.verb:set package 'capstone' build argument 'catkin_skip_building_tests' from command line to 'False'
[0.383s] DEBUG:colcon.colcon_core.verb:Building package 'capstone' with the following arguments: {'ament_cmake_args': None, 'build_base': '/home/su1jun/Capstone/ros2_ws/build/capstone', 'catkin_cmake_args': None, 'catkin_skip_building_tests': False, 'cmake_args': None, 'cmake_clean_cache': False, 'cmake_clean_first': False, 'cmake_force_configure': False, 'cmake_target': None, 'cmake_target_skip_unavailable': False, 'install_base': '/home/su1jun/Capstone/ros2_ws/install/capstone', 'merge_install': False, 'path': '/home/su1jun/Capstone/ros2_ws/src/capstone', 'symlink_install': True, 'test_result_base': None}
[0.384s] Level 5:colcon.colcon_core.verb:set package 'robot' build argument 'cmake_args' from command line to 'None'
[0.384s] Level 5:colcon.colcon_core.verb:set package 'robot' build argument 'cmake_target' from command line to 'None'
[0.384s] Level 5:colcon.colcon_core.verb:set package 'robot' build argument 'cmake_target_skip_unavailable' from command line to 'False'
[0.384s] Level 5:colcon.colcon_core.verb:set package 'robot' build argument 'cmake_clean_cache' from command line to 'False'
[0.384s] Level 5:colcon.colcon_core.verb:set package 'robot' build argument 'cmake_clean_first' from command line to 'False'
[0.384s] Level 5:colcon.colcon_core.verb:set package 'robot' build argument 'cmake_force_configure' from command line to 'False'
[0.384s] Level 5:colcon.colcon_core.verb:set package 'robot' build argument 'ament_cmake_args' from command line to 'None'
[0.384s] Level 5:colcon.colcon_core.verb:set package 'robot' build argument 'catkin_cmake_args' from command line to 'None'
[0.384s] Level 5:colcon.colcon_core.verb:set package 'robot' build argument 'catkin_skip_building_tests' from command line to 'False'
[0.384s] DEBUG:colcon.colcon_core.verb:Building package 'robot' with the following arguments: {'ament_cmake_args': None, 'build_base': '/home/su1jun/Capstone/ros2_ws/build/robot', 'catkin_cmake_args': None, 'catkin_skip_building_tests': False, 'cmake_args': None, 'cmake_clean_cache': False, 'cmake_clean_first': False, 'cmake_force_configure': False, 'cmake_target': None, 'cmake_target_skip_unavailable': False, 'install_base': '/home/su1jun/Capstone/ros2_ws/install/robot', 'merge_install': False, 'path': '/home/su1jun/Capstone/ros2_ws/src/robot', 'symlink_install': True, 'test_result_base': None}
[0.384s] Level 5:colcon.colcon_core.verb:set package 'sllidar_ros2' build argument 'cmake_args' from command line to 'None'
[0.384s] Level 5:colcon.colcon_core.verb:set package 'sllidar_ros2' build argument 'cmake_target' from command line to 'None'
[0.384s] Level 5:colcon.colcon_core.verb:set package 'sllidar_ros2' build argument 'cmake_target_skip_unavailable' from command line to 'False'
[0.384s] Level 5:colcon.colcon_core.verb:set package 'sllidar_ros2' build argument 'cmake_clean_cache' from command line to 'False'
[0.384s] Level 5:colcon.colcon_core.verb:set package 'sllidar_ros2' build argument 'cmake_clean_first' from command line to 'False'
[0.384s] Level 5:colcon.colcon_core.verb:set package 'sllidar_ros2' build argument 'cmake_force_configure' from command line to 'False'
[0.384s] Level 5:colcon.colcon_core.verb:set package 'sllidar_ros2' build argument 'ament_cmake_args' from command line to 'None'
[0.384s] Level 5:colcon.colcon_core.verb:set package 'sllidar_ros2' build argument 'catkin_cmake_args' from command line to 'None'
[0.385s] Level 5:colcon.colcon_core.verb:set package 'sllidar_ros2' build argument 'catkin_skip_building_tests' from command line to 'False'
[0.385s] DEBUG:colcon.colcon_core.verb:Building package 'sllidar_ros2' with the following arguments: {'ament_cmake_args': None, 'build_base': '/home/su1jun/Capstone/ros2_ws/build/sllidar_ros2', 'catkin_cmake_args': None, 'catkin_skip_building_tests': False, 'cmake_args': None, 'cmake_clean_cache': False, 'cmake_clean_first': False, 'cmake_force_configure': False, 'cmake_target': None, 'cmake_target_skip_unavailable': False, 'install_base': '/home/su1jun/Capstone/ros2_ws/install/sllidar_ros2', 'merge_install': False, 'path': '/home/su1jun/Capstone/ros2_ws/src/sllidar_ros2', 'symlink_install': True, 'test_result_base': None}
[0.385s] INFO:colcon.colcon_core.executor:Executing jobs using 'parallel' executor
[0.386s] DEBUG:colcon.colcon_parallel_executor.executor.parallel:run_until_complete
[0.386s] INFO:colcon.colcon_ros.task.ament_cmake.build:Building ROS package in '/home/su1jun/Capstone/ros2_ws/src/articubot_one' with build type 'ament_cmake'
[0.386s] INFO:colcon.colcon_cmake.task.cmake.build:Building CMake package in '/home/su1jun/Capstone/ros2_ws/src/articubot_one'
[0.391s] INFO:colcon.colcon_core.plugin_system:Skipping extension 'colcon_core.shell.bat': Not used on non-Windows systems
[0.391s] INFO:colcon.colcon_core.shell:Skip shell extension 'powershell' for command environment: Not usable outside of PowerShell
[0.391s] DEBUG:colcon.colcon_core.shell:Skip shell extension 'dsv' for command environment
[0.396s] INFO:colcon.colcon_ros.task.ament_cmake.build:Building ROS package in '/home/su1jun/Capstone/ros2_ws/src/capstone' with build type 'ament_cmake'
[0.396s] INFO:colcon.colcon_cmake.task.cmake.build:Building CMake package in '/home/su1jun/Capstone/ros2_ws/src/capstone'
[0.396s] INFO:colcon.colcon_core.shell:Skip shell extension 'powershell' for command environment: Not usable outside of PowerShell
[0.396s] DEBUG:colcon.colcon_core.shell:Skip shell extension 'dsv' for command environment
[0.401s] INFO:colcon.colcon_ros.task.ament_python.build:Building ROS package in '/home/su1jun/Capstone/ros2_ws/src/robot' with build type 'ament_python'
[0.401s] Level 1:colcon.colcon_core.shell:create_environment_hook('robot', 'ament_prefix_path')
[0.401s] INFO:colcon.colcon_core.shell:Creating environment hook '/home/su1jun/Capstone/ros2_ws/install/robot/share/robot/hook/ament_prefix_path.ps1'
[0.403s] INFO:colcon.colcon_core.shell:Creating environment descriptor '/home/su1jun/Capstone/ros2_ws/install/robot/share/robot/hook/ament_prefix_path.dsv'
[0.404s] INFO:colcon.colcon_core.shell:Creating environment hook '/home/su1jun/Capstone/ros2_ws/install/robot/share/robot/hook/ament_prefix_path.sh'
[0.405s] INFO:colcon.colcon_core.shell:Skip shell extension 'powershell' for command environment: Not usable outside of PowerShell
[0.405s] DEBUG:colcon.colcon_core.shell:Skip shell extension 'dsv' for command environment
[0.409s] INFO:colcon.colcon_ros.task.ament_cmake.build:Building ROS package in '/home/su1jun/Capstone/ros2_ws/src/sllidar_ros2' with build type 'ament_cmake'
[0.409s] INFO:colcon.colcon_cmake.task.cmake.build:Building CMake package in '/home/su1jun/Capstone/ros2_ws/src/sllidar_ros2'
[0.409s] INFO:colcon.colcon_core.shell:Skip shell extension 'powershell' for command environment: Not usable outside of PowerShell
[0.409s] DEBUG:colcon.colcon_core.shell:Skip shell extension 'dsv' for command environment
[0.422s] DEBUG:colcon.colcon_core.event_handler.log_command:Invoking command in '/home/su1jun/Capstone/ros2_ws/build/articubot_one': CMAKE_PREFIX_PATH=${CMAKE_PREFIX_PATH}:/home/su1jun/Capstone/ros2_ws/install/robot:/opt/ros/humble /usr/bin/cmake --build /home/su1jun/Capstone/ros2_ws/build/articubot_one -- -j4 -l4
[0.425s] DEBUG:colcon.colcon_core.event_handler.log_command:Invoking command in '/home/su1jun/Capstone/ros2_ws/build/capstone': CMAKE_PREFIX_PATH=${CMAKE_PREFIX_PATH}:/home/su1jun/Capstone/ros2_ws/install/robot:/opt/ros/humble /usr/bin/cmake --build /home/su1jun/Capstone/ros2_ws/build/capstone -- -j4 -l4
[0.705s] INFO:colcon.colcon_core.task.python.build:Building Python package in '/home/su1jun/Capstone/ros2_ws/src/robot'
[0.705s] INFO:colcon.colcon_core.shell:Skip shell extension 'powershell' for command environment: Not usable outside of PowerShell
[0.705s] DEBUG:colcon.colcon_core.shell:Skip shell extension 'dsv' for command environment
[0.715s] DEBUG:colcon.colcon_core.event_handler.log_command:Invoking command in '/home/su1jun/Capstone/ros2_ws/build/sllidar_ros2': CMAKE_PREFIX_PATH=${CMAKE_PREFIX_PATH}:/home/su1jun/Capstone/ros2_ws/install/robot:/opt/ros/humble /usr/bin/cmake --build /home/su1jun/Capstone/ros2_ws/build/sllidar_ros2 -- -j4 -l4
[0.717s] DEBUG:colcon.colcon_core.event_handler.log_command:Invoked command in '/home/su1jun/Capstone/ros2_ws/build/capstone' returned '0': CMAKE_PREFIX_PATH=${CMAKE_PREFIX_PATH}:/home/su1jun/Capstone/ros2_ws/install/robot:/opt/ros/humble /usr/bin/cmake --build /home/su1jun/Capstone/ros2_ws/build/capstone -- -j4 -l4
[0.721s] DEBUG:colcon.colcon_core.event_handler.log_command:Invoked command in '/home/su1jun/Capstone/ros2_ws/build/articubot_one' returned '0': CMAKE_PREFIX_PATH=${CMAKE_PREFIX_PATH}:/home/su1jun/Capstone/ros2_ws/install/robot:/opt/ros/humble /usr/bin/cmake --build /home/su1jun/Capstone/ros2_ws/build/articubot_one -- -j4 -l4
[0.759s] DEBUG:colcon.colcon_core.event_handler.log_command:Invoking command in '/home/su1jun/Capstone/ros2_ws/build/capstone': CMAKE_PREFIX_PATH=${CMAKE_PREFIX_PATH}:/home/su1jun/Capstone/ros2_ws/install/robot:/opt/ros/humble /usr/bin/cmake --install /home/su1jun/Capstone/ros2_ws/build/capstone
[0.764s] DEBUG:colcon.colcon_core.event_handler.log_command:Invoking command in '/home/su1jun/Capstone/ros2_ws/build/articubot_one': CMAKE_PREFIX_PATH=${CMAKE_PREFIX_PATH}:/home/su1jun/Capstone/ros2_ws/install/robot:/opt/ros/humble /usr/bin/cmake --install /home/su1jun/Capstone/ros2_ws/build/articubot_one
[0.815s] Level 1:colcon.colcon_core.environment:create_environment_scripts_only(capstone)
[0.816s] DEBUG:colcon.colcon_core.event_handler.log_command:Invoked command in '/home/su1jun/Capstone/ros2_ws/build/capstone' returned '0': CMAKE_PREFIX_PATH=${CMAKE_PREFIX_PATH}:/home/su1jun/Capstone/ros2_ws/install/robot:/opt/ros/humble /usr/bin/cmake --install /home/su1jun/Capstone/ros2_ws/build/capstone
[0.822s] Level 1:colcon.colcon_core.environment:checking '/home/su1jun/Capstone/ros2_ws/install/capstone' for CMake module files
[0.823s] Level 1:colcon.colcon_core.environment:checking '/home/su1jun/Capstone/ros2_ws/install/capstone' for CMake config files
[0.826s] Level 1:colcon.colcon_core.shell:create_environment_hook('capstone', 'cmake_prefix_path')
[0.826s] INFO:colcon.colcon_core.shell:Creating environment hook '/home/su1jun/Capstone/ros2_ws/install/capstone/share/capstone/hook/cmake_prefix_path.ps1'
[0.827s] INFO:colcon.colcon_core.shell:Creating environment descriptor '/home/su1jun/Capstone/ros2_ws/install/capstone/share/capstone/hook/cmake_prefix_path.dsv'
[0.827s] INFO:colcon.colcon_core.shell:Creating environment hook '/home/su1jun/Capstone/ros2_ws/install/capstone/share/capstone/hook/cmake_prefix_path.sh'
[0.828s] Level 1:colcon.colcon_core.environment:checking '/home/su1jun/Capstone/ros2_ws/install/capstone/bin'
[0.828s] Level 1:colcon.colcon_core.environment:checking '/home/su1jun/Capstone/ros2_ws/install/capstone/lib/pkgconfig/capstone.pc'
[0.828s] Level 1:colcon.colcon_core.environment:checking '/home/su1jun/Capstone/ros2_ws/install/capstone/lib/python3.10/site-packages'
[0.828s] Level 1:colcon.colcon_core.environment:checking '/home/su1jun/Capstone/ros2_ws/install/capstone/bin'
[0.829s] INFO:colcon.colcon_core.shell:Creating package script '/home/su1jun/Capstone/ros2_ws/install/capstone/share/capstone/package.ps1'
[0.830s] INFO:colcon.colcon_core.shell:Creating package descriptor '/home/su1jun/Capstone/ros2_ws/install/capstone/share/capstone/package.dsv'
[0.832s] INFO:colcon.colcon_core.shell:Creating package script '/home/su1jun/Capstone/ros2_ws/install/capstone/share/capstone/package.sh'
[0.833s] INFO:colcon.colcon_core.shell:Creating package script '/home/su1jun/Capstone/ros2_ws/install/capstone/share/capstone/package.bash'
[0.838s] INFO:colcon.colcon_core.shell:Creating package script '/home/su1jun/Capstone/ros2_ws/install/capstone/share/capstone/package.zsh'
[0.840s] Level 1:colcon.colcon_core.environment:create_file_with_runtime_dependencies(/home/su1jun/Capstone/ros2_ws/install/capstone/share/colcon-core/packages/capstone)
[0.842s] Level 1:colcon.colcon_core.environment:create_environment_scripts_only(articubot_one)
[0.842s] Level 1:colcon.colcon_core.environment:checking '/home/su1jun/Capstone/ros2_ws/install/articubot_one' for CMake module files
[0.843s] Level 1:colcon.colcon_core.environment:checking '/home/su1jun/Capstone/ros2_ws/install/articubot_one' for CMake config files
[0.843s] Level 1:colcon.colcon_core.shell:create_environment_hook('articubot_one', 'cmake_prefix_path')
[0.844s] INFO:colcon.colcon_core.shell:Creating environment hook '/home/su1jun/Capstone/ros2_ws/install/articubot_one/share/articubot_one/hook/cmake_prefix_path.ps1'
[0.844s] INFO:colcon.colcon_core.shell:Creating environment descriptor '/home/su1jun/Capstone/ros2_ws/install/articubot_one/share/articubot_one/hook/cmake_prefix_path.dsv'
[0.845s] INFO:colcon.colcon_core.shell:Creating environment hook '/home/su1jun/Capstone/ros2_ws/install/articubot_one/share/articubot_one/hook/cmake_prefix_path.sh'
[0.845s] DEBUG:colcon.colcon_core.event_handler.log_command:Invoked command in '/home/su1jun/Capstone/ros2_ws/build/articubot_one' returned '0': CMAKE_PREFIX_PATH=${CMAKE_PREFIX_PATH}:/home/su1jun/Capstone/ros2_ws/install/robot:/opt/ros/humble /usr/bin/cmake --install /home/su1jun/Capstone/ros2_ws/build/articubot_one
[0.846s] Level 1:colcon.colcon_core.environment:checking '/home/su1jun/Capstone/ros2_ws/install/articubot_one/bin'
[0.846s] Level 1:colcon.colcon_core.environment:checking '/home/su1jun/Capstone/ros2_ws/install/articubot_one/lib/pkgconfig/articubot_one.pc'
[0.846s] Level 1:colcon.colcon_core.environment:checking '/home/su1jun/Capstone/ros2_ws/install/articubot_one/lib/python3.10/site-packages'
[0.847s] Level 1:colcon.colcon_core.environment:checking '/home/su1jun/Capstone/ros2_ws/install/articubot_one/bin'
[0.847s] INFO:colcon.colcon_core.shell:Creating package script '/home/su1jun/Capstone/ros2_ws/install/articubot_one/share/articubot_one/package.ps1'
[0.848s] INFO:colcon.colcon_core.shell:Creating package descriptor '/home/su1jun/Capstone/ros2_ws/install/articubot_one/share/articubot_one/package.dsv'
[0.849s] INFO:colcon.colcon_core.shell:Creating package script '/home/su1jun/Capstone/ros2_ws/install/articubot_one/share/articubot_one/package.sh'
[0.850s] INFO:colcon.colcon_core.shell:Creating package script '/home/su1jun/Capstone/ros2_ws/install/articubot_one/share/articubot_one/package.bash'
[0.850s] INFO:colcon.colcon_core.shell:Creating package script '/home/su1jun/Capstone/ros2_ws/install/articubot_one/share/articubot_one/package.zsh'
[0.851s] Level 1:colcon.colcon_core.environment:create_file_with_runtime_dependencies(/home/su1jun/Capstone/ros2_ws/install/articubot_one/share/colcon-core/packages/articubot_one)
[0.870s] Level 1:colcon.colcon_core.environment:create_environment_scripts_only(capstone)
[0.871s] Level 1:colcon.colcon_core.environment:checking '/home/su1jun/Capstone/ros2_ws/install/capstone' for CMake module files
[0.871s] Level 1:colcon.colcon_core.environment:checking '/home/su1jun/Capstone/ros2_ws/install/capstone' for CMake config files
[0.872s] Level 1:colcon.colcon_core.shell:create_environment_hook('capstone', 'cmake_prefix_path')
[0.872s] INFO:colcon.colcon_core.shell:Creating environment hook '/home/su1jun/Capstone/ros2_ws/install/capstone/share/capstone/hook/cmake_prefix_path.ps1'
[0.875s] INFO:colcon.colcon_core.shell:Creating environment descriptor '/home/su1jun/Capstone/ros2_ws/install/capstone/share/capstone/hook/cmake_prefix_path.dsv'
[0.877s] INFO:colcon.colcon_core.shell:Creating environment hook '/home/su1jun/Capstone/ros2_ws/install/capstone/share/capstone/hook/cmake_prefix_path.sh'
[0.877s] Level 1:colcon.colcon_core.environment:checking '/home/su1jun/Capstone/ros2_ws/install/capstone/bin'
[0.878s] Level 1:colcon.colcon_core.environment:checking '/home/su1jun/Capstone/ros2_ws/install/capstone/lib/pkgconfig/capstone.pc'
[0.878s] Level 1:colcon.colcon_core.environment:checking '/home/su1jun/Capstone/ros2_ws/install/capstone/lib/python3.10/site-packages'
[0.878s] Level 1:colcon.colcon_core.environment:checking '/home/su1jun/Capstone/ros2_ws/install/capstone/bin'
[0.879s] INFO:colcon.colcon_core.shell:Creating package script '/home/su1jun/Capstone/ros2_ws/install/capstone/share/capstone/package.ps1'
[0.879s] INFO:colcon.colcon_core.shell:Creating package descriptor '/home/su1jun/Capstone/ros2_ws/install/capstone/share/capstone/package.dsv'
[0.880s] INFO:colcon.colcon_core.shell:Creating package script '/home/su1jun/Capstone/ros2_ws/install/capstone/share/capstone/package.sh'
[0.880s] INFO:colcon.colcon_core.shell:Creating package script '/home/su1jun/Capstone/ros2_ws/install/capstone/share/capstone/package.bash'
[0.881s] INFO:colcon.colcon_core.shell:Creating package script '/home/su1jun/Capstone/ros2_ws/install/capstone/share/capstone/package.zsh'
[0.881s] Level 1:colcon.colcon_core.environment:create_file_with_runtime_dependencies(/home/su1jun/Capstone/ros2_ws/install/capstone/share/colcon-core/packages/capstone)
[0.888s] Level 1:colcon.colcon_core.environment:create_environment_scripts_only(articubot_one)
[0.889s] Level 1:colcon.colcon_core.environment:checking '/home/su1jun/Capstone/ros2_ws/install/articubot_one' for CMake module files
[0.890s] Level 1:colcon.colcon_core.environment:checking '/home/su1jun/Capstone/ros2_ws/install/articubot_one' for CMake config files
[0.891s] Level 1:colcon.colcon_core.shell:create_environment_hook('articubot_one', 'cmake_prefix_path')
[0.891s] INFO:colcon.colcon_core.shell:Creating environment hook '/home/su1jun/Capstone/ros2_ws/install/articubot_one/share/articubot_one/hook/cmake_prefix_path.ps1'
[0.892s] INFO:colcon.colcon_core.shell:Creating environment descriptor '/home/su1jun/Capstone/ros2_ws/install/articubot_one/share/articubot_one/hook/cmake_prefix_path.dsv'
[0.892s] INFO:colcon.colcon_core.shell:Creating environment hook '/home/su1jun/Capstone/ros2_ws/install/articubot_one/share/articubot_one/hook/cmake_prefix_path.sh'
[0.893s] Level 1:colcon.colcon_core.environment:checking '/home/su1jun/Capstone/ros2_ws/install/articubot_one/bin'
[0.893s] Level 1:colcon.colcon_core.environment:checking '/home/su1jun/Capstone/ros2_ws/install/articubot_one/lib/pkgconfig/articubot_one.pc'
[0.893s] Level 1:colcon.colcon_core.environment:checking '/home/su1jun/Capstone/ros2_ws/install/articubot_one/lib/python3.10/site-packages'
[0.894s] Level 1:colcon.colcon_core.environment:checking '/home/su1jun/Capstone/ros2_ws/install/articubot_one/bin'
[0.894s] INFO:colcon.colcon_core.shell:Creating package script '/home/su1jun/Capstone/ros2_ws/install/articubot_one/share/articubot_one/package.ps1'
[0.895s] INFO:colcon.colcon_core.shell:Creating package descriptor '/home/su1jun/Capstone/ros2_ws/install/articubot_one/share/articubot_one/package.dsv'
[0.895s] INFO:colcon.colcon_core.shell:Creating package script '/home/su1jun/Capstone/ros2_ws/install/articubot_one/share/articubot_one/package.sh'
[0.896s] INFO:colcon.colcon_core.shell:Creating package script '/home/su1jun/Capstone/ros2_ws/install/articubot_one/share/articubot_one/package.bash'
[0.897s] INFO:colcon.colcon_core.shell:Creating package script '/home/su1jun/Capstone/ros2_ws/install/articubot_one/share/articubot_one/package.zsh'
[0.898s] Level 1:colcon.colcon_core.environment:create_file_with_runtime_dependencies(/home/su1jun/Capstone/ros2_ws/install/articubot_one/share/colcon-core/packages/articubot_one)
[0.904s] DEBUG:colcon.colcon_core.event_handler.log_command:Invoked command in '/home/su1jun/Capstone/ros2_ws/build/sllidar_ros2' returned '0': CMAKE_PREFIX_PATH=${CMAKE_PREFIX_PATH}:/home/su1jun/Capstone/ros2_ws/install/robot:/opt/ros/humble /usr/bin/cmake --build /home/su1jun/Capstone/ros2_ws/build/sllidar_ros2 -- -j4 -l4
[0.970s] DEBUG:colcon.colcon_core.event_handler.log_command:Invoking command in '/home/su1jun/Capstone/ros2_ws/build/sllidar_ros2': CMAKE_PREFIX_PATH=${CMAKE_PREFIX_PATH}:/home/su1jun/Capstone/ros2_ws/install/robot:/opt/ros/humble /usr/bin/cmake --install /home/su1jun/Capstone/ros2_ws/build/sllidar_ros2
[0.997s] Level 1:colcon.colcon_core.environment:create_environment_scripts_only(sllidar_ros2)
[0.997s] Level 1:colcon.colcon_core.environment:checking '/home/su1jun/Capstone/ros2_ws/install/sllidar_ros2' for CMake module files
[0.998s] DEBUG:colcon.colcon_core.event_handler.log_command:Invoked command in '/home/su1jun/Capstone/ros2_ws/build/sllidar_ros2' returned '0': CMAKE_PREFIX_PATH=${CMAKE_PREFIX_PATH}:/home/su1jun/Capstone/ros2_ws/install/robot:/opt/ros/humble /usr/bin/cmake --install /home/su1jun/Capstone/ros2_ws/build/sllidar_ros2
[0.998s] Level 1:colcon.colcon_core.environment:checking '/home/su1jun/Capstone/ros2_ws/install/sllidar_ros2' for CMake config files
[0.999s] Level 1:colcon.colcon_core.shell:create_environment_hook('sllidar_ros2', 'cmake_prefix_path')
[0.999s] INFO:colcon.colcon_core.shell:Creating environment hook '/home/su1jun/Capstone/ros2_ws/install/sllidar_ros2/share/sllidar_ros2/hook/cmake_prefix_path.ps1'
[1.000s] INFO:colcon.colcon_core.shell:Creating environment descriptor '/home/su1jun/Capstone/ros2_ws/install/sllidar_ros2/share/sllidar_ros2/hook/cmake_prefix_path.dsv'
[1.000s] INFO:colcon.colcon_core.shell:Creating environment hook '/home/su1jun/Capstone/ros2_ws/install/sllidar_ros2/share/sllidar_ros2/hook/cmake_prefix_path.sh'
[1.001s] Level 1:colcon.colcon_core.environment:checking '/home/su1jun/Capstone/ros2_ws/install/sllidar_ros2/lib'
[1.001s] Level 1:colcon.colcon_core.environment:checking '/home/su1jun/Capstone/ros2_ws/install/sllidar_ros2/bin'
[1.001s] Level 1:colcon.colcon_core.environment:checking '/home/su1jun/Capstone/ros2_ws/install/sllidar_ros2/lib/pkgconfig/sllidar_ros2.pc'
[1.002s] Level 1:colcon.colcon_core.environment:checking '/home/su1jun/Capstone/ros2_ws/install/sllidar_ros2/lib/python3.10/site-packages'
[1.002s] Level 1:colcon.colcon_core.environment:checking '/home/su1jun/Capstone/ros2_ws/install/sllidar_ros2/bin'
[1.002s] INFO:colcon.colcon_core.shell:Creating package script '/home/su1jun/Capstone/ros2_ws/install/sllidar_ros2/share/sllidar_ros2/package.ps1'
[1.003s] INFO:colcon.colcon_core.shell:Creating package descriptor '/home/su1jun/Capstone/ros2_ws/install/sllidar_ros2/share/sllidar_ros2/package.dsv'
[1.003s] INFO:colcon.colcon_core.shell:Creating package script '/home/su1jun/Capstone/ros2_ws/install/sllidar_ros2/share/sllidar_ros2/package.sh'
[1.004s] INFO:colcon.colcon_core.shell:Creating package script '/home/su1jun/Capstone/ros2_ws/install/sllidar_ros2/share/sllidar_ros2/package.bash'
[1.004s] INFO:colcon.colcon_core.shell:Creating package script '/home/su1jun/Capstone/ros2_ws/install/sllidar_ros2/share/sllidar_ros2/package.zsh'
[1.004s] Level 1:colcon.colcon_core.environment:create_file_with_runtime_dependencies(/home/su1jun/Capstone/ros2_ws/install/sllidar_ros2/share/colcon-core/packages/sllidar_ros2)
[1.071s] Level 1:colcon.colcon_core.environment:create_environment_scripts_only(sllidar_ros2)
[1.072s] Level 1:colcon.colcon_core.environment:checking '/home/su1jun/Capstone/ros2_ws/install/sllidar_ros2' for CMake module files
[1.072s] Level 1:colcon.colcon_core.environment:checking '/home/su1jun/Capstone/ros2_ws/install/sllidar_ros2' for CMake config files
[1.073s] Level 1:colcon.colcon_core.shell:create_environment_hook('sllidar_ros2', 'cmake_prefix_path')
[1.073s] INFO:colcon.colcon_core.shell:Creating environment hook '/home/su1jun/Capstone/ros2_ws/install/sllidar_ros2/share/sllidar_ros2/hook/cmake_prefix_path.ps1'
[1.074s] INFO:colcon.colcon_core.shell:Creating environment descriptor '/home/su1jun/Capstone/ros2_ws/install/sllidar_ros2/share/sllidar_ros2/hook/cmake_prefix_path.dsv'
[1.074s] INFO:colcon.colcon_core.shell:Creating environment hook '/home/su1jun/Capstone/ros2_ws/install/sllidar_ros2/share/sllidar_ros2/hook/cmake_prefix_path.sh'
[1.075s] Level 1:colcon.colcon_core.environment:checking '/home/su1jun/Capstone/ros2_ws/install/sllidar_ros2/lib'
[1.075s] Level 1:colcon.colcon_core.environment:checking '/home/su1jun/Capstone/ros2_ws/install/sllidar_ros2/bin'
[1.075s] Level 1:colcon.colcon_core.environment:checking '/home/su1jun/Capstone/ros2_ws/install/sllidar_ros2/lib/pkgconfig/sllidar_ros2.pc'
[1.075s] Level 1:colcon.colcon_core.environment:checking '/home/su1jun/Capstone/ros2_ws/install/sllidar_ros2/lib/python3.10/site-packages'
[1.075s] Level 1:colcon.colcon_core.environment:checking '/home/su1jun/Capstone/ros2_ws/install/sllidar_ros2/bin'
[1.076s] INFO:colcon.colcon_core.shell:Creating package script '/home/su1jun/Capstone/ros2_ws/install/sllidar_ros2/share/sllidar_ros2/package.ps1'
[1.076s] INFO:colcon.colcon_core.shell:Creating package descriptor '/home/su1jun/Capstone/ros2_ws/install/sllidar_ros2/share/sllidar_ros2/package.dsv'
[1.077s] INFO:colcon.colcon_core.shell:Creating package script '/home/su1jun/Capstone/ros2_ws/install/sllidar_ros2/share/sllidar_ros2/package.sh'
[1.077s] INFO:colcon.colcon_core.shell:Creating package script '/home/su1jun/Capstone/ros2_ws/install/sllidar_ros2/share/sllidar_ros2/package.bash'
[1.078s] INFO:colcon.colcon_core.shell:Creating package script '/home/su1jun/Capstone/ros2_ws/install/sllidar_ros2/share/sllidar_ros2/package.zsh'
[1.078s] Level 1:colcon.colcon_core.environment:create_file_with_runtime_dependencies(/home/su1jun/Capstone/ros2_ws/install/sllidar_ros2/share/colcon-core/packages/sllidar_ros2)
[1.324s] DEBUG:colcon.colcon_core.event_handler.log_command:Invoking command in '/home/su1jun/Capstone/ros2_ws/build/robot': PYTHONPATH=/home/su1jun/Capstone/ros2_ws/build/robot/prefix_override:/usr/lib/python3/dist-packages/colcon_core/task/python/colcon_distutils_commands:/home/su1jun/Capstone/ros2_ws/install/robot/lib/python3.10/site-packages:${PYTHONPATH} /usr/bin/python3 -W ignore:setup.py install is deprecated setup.py develop --editable --build-directory /home/su1jun/Capstone/ros2_ws/build/robot/build --no-deps symlink_data
[1.803s] Level 1:colcon.colcon_core.shell:create_environment_hook('robot', 'pythonpath_develop')
[1.803s] INFO:colcon.colcon_core.shell:Creating environment hook '/home/su1jun/Capstone/ros2_ws/build/robot/share/robot/hook/pythonpath_develop.ps1'
[1.803s] DEBUG:colcon.colcon_core.event_handler.log_command:Invoked command in '/home/su1jun/Capstone/ros2_ws/build/robot' returned '0': PYTHONPATH=/home/su1jun/Capstone/ros2_ws/build/robot/prefix_override:/usr/lib/python3/dist-packages/colcon_core/task/python/colcon_distutils_commands:/home/su1jun/Capstone/ros2_ws/install/robot/lib/python3.10/site-packages:${PYTHONPATH} /usr/bin/python3 -W ignore:setup.py install is deprecated setup.py develop --editable --build-directory /home/su1jun/Capstone/ros2_ws/build/robot/build --no-deps symlink_data
[1.804s] INFO:colcon.colcon_core.shell:Creating environment descriptor '/home/su1jun/Capstone/ros2_ws/build/robot/share/robot/hook/pythonpath_develop.dsv'
[1.804s] INFO:colcon.colcon_core.shell:Creating environment hook '/home/su1jun/Capstone/ros2_ws/build/robot/share/robot/hook/pythonpath_develop.sh'
[1.805s] Level 1:colcon.colcon_core.environment:checking '/home/su1jun/Capstone/ros2_ws/install/robot' for CMake module files
[1.805s] Level 1:colcon.colcon_core.environment:checking '/home/su1jun/Capstone/ros2_ws/install/robot' for CMake config files
[1.806s] Level 1:colcon.colcon_core.environment:checking '/home/su1jun/Capstone/ros2_ws/install/robot/lib'
[1.806s] Level 1:colcon.colcon_core.environment:checking '/home/su1jun/Capstone/ros2_ws/install/robot/bin'
[1.806s] Level 1:colcon.colcon_core.environment:checking '/home/su1jun/Capstone/ros2_ws/install/robot/lib/pkgconfig/robot.pc'
[1.806s] Level 1:colcon.colcon_core.environment:checking '/home/su1jun/Capstone/ros2_ws/install/robot/lib/python3.10/site-packages'
[1.806s] Level 1:colcon.colcon_core.shell:create_environment_hook('robot', 'pythonpath')
[1.806s] INFO:colcon.colcon_core.shell:Creating environment hook '/home/su1jun/Capstone/ros2_ws/install/robot/share/robot/hook/pythonpath.ps1'
[1.807s] INFO:colcon.colcon_core.shell:Creating environment descriptor '/home/su1jun/Capstone/ros2_ws/install/robot/share/robot/hook/pythonpath.dsv'
[1.807s] INFO:colcon.colcon_core.shell:Creating environment hook '/home/su1jun/Capstone/ros2_ws/install/robot/share/robot/hook/pythonpath.sh'
[1.808s] Level 1:colcon.colcon_core.environment:checking '/home/su1jun/Capstone/ros2_ws/install/robot/bin'
[1.808s] Level 1:colcon.colcon_core.environment:create_environment_scripts_only(robot)
[1.808s] INFO:colcon.colcon_core.shell:Creating package script '/home/su1jun/Capstone/ros2_ws/install/robot/share/robot/package.ps1'
[1.809s] INFO:colcon.colcon_core.shell:Creating package descriptor '/home/su1jun/Capstone/ros2_ws/install/robot/share/robot/package.dsv'
[1.809s] INFO:colcon.colcon_core.shell:Creating package script '/home/su1jun/Capstone/ros2_ws/install/robot/share/robot/package.sh'
[1.810s] INFO:colcon.colcon_core.shell:Creating package script '/home/su1jun/Capstone/ros2_ws/install/robot/share/robot/package.bash'
[1.810s] INFO:colcon.colcon_core.shell:Creating package script '/home/su1jun/Capstone/ros2_ws/install/robot/share/robot/package.zsh'
[1.810s] Level 1:colcon.colcon_core.environment:create_file_with_runtime_dependencies(/home/su1jun/Capstone/ros2_ws/install/robot/share/colcon-core/packages/robot)
[1.811s] DEBUG:colcon.colcon_parallel_executor.executor.parallel:closing loop
[1.811s] DEBUG:colcon.colcon_parallel_executor.executor.parallel:loop closed
[1.811s] DEBUG:colcon.colcon_parallel_executor.executor.parallel:run_until_complete finished with '0'
[1.811s] DEBUG:colcon.colcon_core.event_reactor:joining thread
[1.819s] INFO:colcon.colcon_core.plugin_system:Skipping extension 'colcon_notification.desktop_notification.terminal_notifier': Not used on non-Darwin systems
[1.819s] INFO:colcon.colcon_core.plugin_system:Skipping extension 'colcon_notification.desktop_notification.win32': Not used on non-Windows systems
[1.820s] INFO:colcon.colcon_notification.desktop_notification:Sending desktop notification using 'notify2'
[1.835s] DEBUG:colcon.colcon_core.event_reactor:joined thread
[1.835s] INFO:colcon.colcon_core.shell:Creating prefix script '/home/su1jun/Capstone/ros2_ws/install/local_setup.ps1'
[1.836s] INFO:colcon.colcon_core.shell:Creating prefix util module '/home/su1jun/Capstone/ros2_ws/install/_local_setup_util_ps1.py'
[1.838s] INFO:colcon.colcon_core.shell:Creating prefix chain script '/home/su1jun/Capstone/ros2_ws/install/setup.ps1'
[1.840s] INFO:colcon.colcon_core.shell:Creating prefix script '/home/su1jun/Capstone/ros2_ws/install/local_setup.sh'
[1.842s] INFO:colcon.colcon_core.shell:Creating prefix util module '/home/su1jun/Capstone/ros2_ws/install/_local_setup_util_sh.py'
[1.842s] INFO:colcon.colcon_core.shell:Creating prefix chain script '/home/su1jun/Capstone/ros2_ws/install/setup.sh'
[1.844s] INFO:colcon.colcon_core.shell:Creating prefix script '/home/su1jun/Capstone/ros2_ws/install/local_setup.bash'
[1.845s] INFO:colcon.colcon_core.shell:Creating prefix chain script '/home/su1jun/Capstone/ros2_ws/install/setup.bash'
[1.847s] INFO:colcon.colcon_core.shell:Creating prefix script '/home/su1jun/Capstone/ros2_ws/install/local_setup.zsh'
[1.848s] INFO:colcon.colcon_core.shell:Creating prefix chain script '/home/su1jun/Capstone/ros2_ws/install/setup.zsh'
