[0.043s] Invoking command in '/home/su1jun/Capstone/ros2_ws/build/turtlebot3_simulations': AMENT_PREFIX_PATH=/home/su1jun/Capstone/ros2_ws/install/turtlebot3_gazebo:/home/su1jun/Capstone/ros2_ws/install/turtlebot3_fake_node:${AMENT_PREFIX_PATH} CMAKE_PREFIX_PATH=/home/su1jun/Capstone/ros2_ws/install/turtlebot3_gazebo:/home/su1jun/Capstone/ros2_ws/install/turtlebot3_fake_node:/home/su1jun/Capstone/ros2_ws/install/articubot_one:/home/su1jun/Capstone/ros2_ws/install/capstone:/home/su1jun/turtlebot3_ws/install/turtlebot3_simulations:/home/su1jun/turtlebot3_ws/install/turtlebot3_gazebo:/home/su1jun/turtlebot3_ws/install/turtlebot3_fake_node:/home/su1jun/Capstone/ros2_ws/install/robot:/opt/ros/humble /usr/bin/cmake /home/su1jun/Capstone/ros2_ws/src/turtlebot3_simulations/turtlebot3_simulations -DAMENT_CMAKE_SYMLINK_INSTALL=1 -DCMAKE_INSTALL_PREFIX=/home/su1jun/Capstone/ros2_ws/install/turtlebot3_simulations
[0.048s] -- Found ament_cmake: 1.3.8 (/opt/ros/humble/share/ament_cmake/cmake)
[0.109s] -- Override CMake install command with custom implementation using symlinks instead of copying resources
[0.156s] -- Configuring done
[0.157s] -- Generating done
[0.157s] -- Build files have been written to: /home/su1jun/Capstone/ros2_ws/build/turtlebot3_simulations
[0.158s] Invoked command in '/home/su1jun/Capstone/ros2_ws/build/turtlebot3_simulations' returned '0': AMENT_PREFIX_PATH=/home/su1jun/Capstone/ros2_ws/install/turtlebot3_gazebo:/home/su1jun/Capstone/ros2_ws/install/turtlebot3_fake_node:${AMENT_PREFIX_PATH} CMAKE_PREFIX_PATH=/home/su1jun/Capstone/ros2_ws/install/turtlebot3_gazebo:/home/su1jun/Capstone/ros2_ws/install/turtlebot3_fake_node:/home/su1jun/Capstone/ros2_ws/install/articubot_one:/home/su1jun/Capstone/ros2_ws/install/capstone:/home/su1jun/turtlebot3_ws/install/turtlebot3_simulations:/home/su1jun/turtlebot3_ws/install/turtlebot3_gazebo:/home/su1jun/turtlebot3_ws/install/turtlebot3_fake_node:/home/su1jun/Capstone/ros2_ws/install/robot:/opt/ros/humble /usr/bin/cmake /home/su1jun/Capstone/ros2_ws/src/turtlebot3_simulations/turtlebot3_simulations -DAMENT_CMAKE_SYMLINK_INSTALL=1 -DCMAKE_INSTALL_PREFIX=/home/su1jun/Capstone/ros2_ws/install/turtlebot3_simulations
[0.159s] Invoking command in '/home/su1jun/Capstone/ros2_ws/build/turtlebot3_simulations': AMENT_PREFIX_PATH=/home/su1jun/Capstone/ros2_ws/install/turtlebot3_gazebo:/home/su1jun/Capstone/ros2_ws/install/turtlebot3_fake_node:${AMENT_PREFIX_PATH} CMAKE_PREFIX_PATH=/home/su1jun/Capstone/ros2_ws/install/turtlebot3_gazebo:/home/su1jun/Capstone/ros2_ws/install/turtlebot3_fake_node:/home/su1jun/Capstone/ros2_ws/install/articubot_one:/home/su1jun/Capstone/ros2_ws/install/capstone:/home/su1jun/turtlebot3_ws/install/turtlebot3_simulations:/home/su1jun/turtlebot3_ws/install/turtlebot3_gazebo:/home/su1jun/turtlebot3_ws/install/turtlebot3_fake_node:/home/su1jun/Capstone/ros2_ws/install/robot:/opt/ros/humble /usr/bin/cmake --build /home/su1jun/Capstone/ros2_ws/build/turtlebot3_simulations -- -j20 -l20
[0.180s] Invoked command in '/home/su1jun/Capstone/ros2_ws/build/turtlebot3_simulations' returned '0': AMENT_PREFIX_PATH=/home/su1jun/Capstone/ros2_ws/install/turtlebot3_gazebo:/home/su1jun/Capstone/ros2_ws/install/turtlebot3_fake_node:${AMENT_PREFIX_PATH} CMAKE_PREFIX_PATH=/home/su1jun/Capstone/ros2_ws/install/turtlebot3_gazebo:/home/su1jun/Capstone/ros2_ws/install/turtlebot3_fake_node:/home/su1jun/Capstone/ros2_ws/install/articubot_one:/home/su1jun/Capstone/ros2_ws/install/capstone:/home/su1jun/turtlebot3_ws/install/turtlebot3_simulations:/home/su1jun/turtlebot3_ws/install/turtlebot3_gazebo:/home/su1jun/turtlebot3_ws/install/turtlebot3_fake_node:/home/su1jun/Capstone/ros2_ws/install/robot:/opt/ros/humble /usr/bin/cmake --build /home/su1jun/Capstone/ros2_ws/build/turtlebot3_simulations -- -j20 -l20
[0.190s] Invoking command in '/home/su1jun/Capstone/ros2_ws/build/turtlebot3_simulations': AMENT_PREFIX_PATH=/home/su1jun/Capstone/ros2_ws/install/turtlebot3_gazebo:/home/su1jun/Capstone/ros2_ws/install/turtlebot3_fake_node:${AMENT_PREFIX_PATH} CMAKE_PREFIX_PATH=/home/su1jun/Capstone/ros2_ws/install/turtlebot3_gazebo:/home/su1jun/Capstone/ros2_ws/install/turtlebot3_fake_node:/home/su1jun/Capstone/ros2_ws/install/articubot_one:/home/su1jun/Capstone/ros2_ws/install/capstone:/home/su1jun/turtlebot3_ws/install/turtlebot3_simulations:/home/su1jun/turtlebot3_ws/install/turtlebot3_gazebo:/home/su1jun/turtlebot3_ws/install/turtlebot3_fake_node:/home/su1jun/Capstone/ros2_ws/install/robot:/opt/ros/humble /usr/bin/cmake --install /home/su1jun/Capstone/ros2_ws/build/turtlebot3_simulations
[0.194s] -- Install configuration: ""
[0.194s] -- Execute custom install script
[0.194s] -- Symlinking: /home/su1jun/Capstone/ros2_ws/install/turtlebot3_simulations/share/ament_index/resource_index/package_run_dependencies/turtlebot3_simulations
[0.199s] -- Symlinking: /home/su1jun/Capstone/ros2_ws/install/turtlebot3_simulations/share/ament_index/resource_index/parent_prefix_path/turtlebot3_simulations
[0.203s] -- Symlinking: /home/su1jun/Capstone/ros2_ws/install/turtlebot3_simulations/share/turtlebot3_simulations/environment/ament_prefix_path.sh
[0.208s] -- Symlinking: /home/su1jun/Capstone/ros2_ws/install/turtlebot3_simulations/share/turtlebot3_simulations/environment/ament_prefix_path.dsv
[0.213s] -- Symlinking: /home/su1jun/Capstone/ros2_ws/install/turtlebot3_simulations/share/turtlebot3_simulations/environment/path.sh
[0.217s] -- Symlinking: /home/su1jun/Capstone/ros2_ws/install/turtlebot3_simulations/share/turtlebot3_simulations/environment/path.dsv
[0.222s] -- Symlinking: /home/su1jun/Capstone/ros2_ws/install/turtlebot3_simulations/share/turtlebot3_simulations/local_setup.bash
[0.226s] -- Symlinking: /home/su1jun/Capstone/ros2_ws/install/turtlebot3_simulations/share/turtlebot3_simulations/local_setup.sh
[0.231s] -- Symlinking: /home/su1jun/Capstone/ros2_ws/install/turtlebot3_simulations/share/turtlebot3_simulations/local_setup.zsh
[0.235s] -- Symlinking: /home/su1jun/Capstone/ros2_ws/install/turtlebot3_simulations/share/turtlebot3_simulations/local_setup.dsv
[0.240s] -- Symlinking: /home/su1jun/Capstone/ros2_ws/install/turtlebot3_simulations/share/turtlebot3_simulations/package.dsv
[0.245s] -- Symlinking: /home/su1jun/Capstone/ros2_ws/install/turtlebot3_simulations/share/ament_index/resource_index/packages/turtlebot3_simulations
[0.249s] -- Symlinking: /home/su1jun/Capstone/ros2_ws/install/turtlebot3_simulations/share/turtlebot3_simulations/cmake/turtlebot3_simulationsConfig.cmake
[0.254s] -- Symlinking: /home/su1jun/Capstone/ros2_ws/install/turtlebot3_simulations/share/turtlebot3_simulations/cmake/turtlebot3_simulationsConfig-version.cmake
[0.259s] -- Symlinking: /home/su1jun/Capstone/ros2_ws/install/turtlebot3_simulations/share/turtlebot3_simulations/package.xml
[0.265s] Invoked command in '/home/su1jun/Capstone/ros2_ws/build/turtlebot3_simulations' returned '0': AMENT_PREFIX_PATH=/home/su1jun/Capstone/ros2_ws/install/turtlebot3_gazebo:/home/su1jun/Capstone/ros2_ws/install/turtlebot3_fake_node:${AMENT_PREFIX_PATH} CMAKE_PREFIX_PATH=/home/su1jun/Capstone/ros2_ws/install/turtlebot3_gazebo:/home/su1jun/Capstone/ros2_ws/install/turtlebot3_fake_node:/home/su1jun/Capstone/ros2_ws/install/articubot_one:/home/su1jun/Capstone/ros2_ws/install/capstone:/home/su1jun/turtlebot3_ws/install/turtlebot3_simulations:/home/su1jun/turtlebot3_ws/install/turtlebot3_gazebo:/home/su1jun/turtlebot3_ws/install/turtlebot3_fake_node:/home/su1jun/Capstone/ros2_ws/install/robot:/opt/ros/humble /usr/bin/cmake --install /home/su1jun/Capstone/ros2_ws/build/turtlebot3_simulations
