[1.161s] Invoking command in '/home/su1jun/Capstone/ros2_ws/build/serial_motor_demo': AMENT_PREFIX_PATH=/home/su1jun/Capstone/ros2_ws/install/serial_motor_demo_msgs:${AMENT_PREFIX_PATH} CMAKE_PREFIX_PATH=/home/su1jun/Capstone/ros2_ws/install/serial_motor_demo_msgs:${CMAKE_PREFIX_PATH} LD_LIBRARY_PATH=/home/su1jun/Capstone/ros2_ws/install/serial_motor_demo_msgs/lib:/home/su1jun/Capstone/colcon_ws/install/vizanti_msgs/lib:/usr/lib/x86_64-linux-gnu/gazebo-11/plugins:/opt/ros/humble/opt/rviz_ogre_vendor/lib:/opt/ros/humble/lib/x86_64-linux-gnu:/opt/ros/humble/lib:/usr/lib/x86_64-linux-gnu/gazebo-11/plugins PYTHONPATH=/home/su1jun/Capstone/ros2_ws/build/serial_motor_demo/prefix_override:/usr/lib/python3/dist-packages/colcon_core/task/python/colcon_distutils_commands:/home/su1jun/Capstone/ros2_ws/install/serial_motor_demo/lib/python3.10/site-packages:/home/su1jun/Capstone/ros2_ws/install/serial_motor_demo_msgs/local/lib/python3.10/dist-packages:${PYTHONPATH} /usr/bin/python3 -W ignore:setup.py install is deprecated setup.py develop --editable --build-directory /home/su1jun/Capstone/ros2_ws/build/serial_motor_demo/build --no-deps symlink_data
[1.565s] /usr/lib/python3/dist-packages/setuptools/dist.py:723: UserWarning: Usage of dash-separated 'script-dir' will not be supported in future versions. Please use the underscore name 'script_dir' instead
[1.566s]   warnings.warn(
[1.614s] running develop
[1.615s] /usr/lib/python3/dist-packages/setuptools/command/easy_install.py:158: EasyInstallDeprecationWarning: easy_install command is deprecated. Use build and pip and other standards-based tools.
[1.616s]   warnings.warn(
[1.916s] running egg_info
[1.917s] writing serial_motor_demo.egg-info/PKG-INFO
[1.919s] writing dependency_links to serial_motor_demo.egg-info/dependency_links.txt
[1.919s] writing entry points to serial_motor_demo.egg-info/entry_points.txt
[1.920s] writing requirements to serial_motor_demo.egg-info/requires.txt
[1.921s] writing top-level names to serial_motor_demo.egg-info/top_level.txt
[1.926s] reading manifest file 'serial_motor_demo.egg-info/SOURCES.txt'
[1.927s] writing manifest file 'serial_motor_demo.egg-info/SOURCES.txt'
[1.930s] running build_ext
[1.931s] Creating /home/su1jun/Capstone/ros2_ws/install/serial_motor_demo/lib/python3.10/site-packages/serial-motor-demo.egg-link (link to .)
[1.932s] Installing driver script to /home/su1jun/Capstone/ros2_ws/install/serial_motor_demo/lib/serial_motor_demo
[1.933s] Installing gui script to /home/su1jun/Capstone/ros2_ws/install/serial_motor_demo/lib/serial_motor_demo
[1.935s] 
[1.935s] Installed /home/su1jun/Capstone/ros2_ws/build/serial_motor_demo
[1.935s] running symlink_data
[1.989s] Invoked command in '/home/su1jun/Capstone/ros2_ws/build/serial_motor_demo' returned '0': AMENT_PREFIX_PATH=/home/su1jun/Capstone/ros2_ws/install/serial_motor_demo_msgs:${AMENT_PREFIX_PATH} CMAKE_PREFIX_PATH=/home/su1jun/Capstone/ros2_ws/install/serial_motor_demo_msgs:${CMAKE_PREFIX_PATH} LD_LIBRARY_PATH=/home/su1jun/Capstone/ros2_ws/install/serial_motor_demo_msgs/lib:/home/su1jun/Capstone/colcon_ws/install/vizanti_msgs/lib:/usr/lib/x86_64-linux-gnu/gazebo-11/plugins:/opt/ros/humble/opt/rviz_ogre_vendor/lib:/opt/ros/humble/lib/x86_64-linux-gnu:/opt/ros/humble/lib:/usr/lib/x86_64-linux-gnu/gazebo-11/plugins PYTHONPATH=/home/su1jun/Capstone/ros2_ws/build/serial_motor_demo/prefix_override:/usr/lib/python3/dist-packages/colcon_core/task/python/colcon_distutils_commands:/home/su1jun/Capstone/ros2_ws/install/serial_motor_demo/lib/python3.10/site-packages:/home/su1jun/Capstone/ros2_ws/install/serial_motor_demo_msgs/local/lib/python3.10/dist-packages:${PYTHONPATH} /usr/bin/python3 -W ignore:setup.py install is deprecated setup.py develop --editable --build-directory /home/su1jun/Capstone/ros2_ws/build/serial_motor_demo/build --no-deps symlink_data
