[0.013s] Invoking command in '/home/su1jun/Capstone/colcon_ws/build/vizanti_server': AMENT_PREFIX_PATH=/home/su1jun/Capstone/colcon_ws/install/vizanti_msgs:${AMENT_PREFIX_PATH} CMAKE_PREFIX_PATH=/home/su1jun/Capstone/colcon_ws/install/vizanti_msgs:/opt/ros/humble LD_LIBRARY_PATH=/home/su1jun/Capstone/colcon_ws/install/vizanti_msgs/lib:${LD_LIBRARY_PATH} PYTHONPATH=/home/su1jun/Capstone/colcon_ws/install/vizanti_msgs/local/lib/python3.10/dist-packages:${PYTHONPATH} /usr/bin/cmake /home/su1jun/Capstone/colcon_ws/src/vizanti/vizanti_server -DAMENT_CMAKE_SYMLINK_INSTALL=1 -DCMAKE_INSTALL_PREFIX=/home/su1jun/Capstone/colcon_ws/install/vizanti_server
[0.028s] -- Found ament_cmake: 1.3.9 (/opt/ros/humble/share/ament_cmake/cmake)
[0.179s] -- Override CMake install command with custom implementation using symlinks instead of copying resources
[0.187s] -- Found rclcpp: 16.0.9 (/opt/ros/humble/share/rclcpp/cmake)
[0.219s] -- Found rosidl_generator_c: 3.1.5 (/opt/ros/humble/share/rosidl_generator_c/cmake)
[0.222s] -- Found rosidl_adapter: 3.1.5 (/opt/ros/humble/share/rosidl_adapter/cmake)
[0.228s] -- Found rosidl_generator_cpp: 3.1.5 (/opt/ros/humble/share/rosidl_generator_cpp/cmake)
[0.242s] -- Using all available rosidl_typesupport_c: rosidl_typesupport_fastrtps_c;rosidl_typesupport_introspection_c
[0.259s] -- Using all available rosidl_typesupport_cpp: rosidl_typesupport_fastrtps_cpp;rosidl_typesupport_introspection_cpp
[0.324s] -- Found rmw_implementation_cmake: 6.1.2 (/opt/ros/humble/share/rmw_implementation_cmake/cmake)
[0.325s] -- Found rmw_fastrtps_cpp: 6.2.6 (/opt/ros/humble/share/rmw_fastrtps_cpp/cmake)
[0.456s] -- Using RMW implementation 'rmw_fastrtps_cpp' as default
[0.641s] -- Found rclpy: 3.3.13 (/opt/ros/humble/share/rclpy/cmake)
[0.643s] -- Found std_srvs: 4.2.4 (/opt/ros/humble/share/std_srvs/cmake)
[0.665s] -- Found tf2_msgs: 0.25.7 (/opt/ros/humble/share/tf2_msgs/cmake)
[0.889s] -- Found vizanti_msgs: 0.1.0 (/home/su1jun/Capstone/colcon_ws/install/vizanti_msgs/share/vizanti_msgs/cmake)
[1.242s] [31mCMake Error at CMakeLists.txt:23 (find_package):
[1.243s]   By not providing "Findrosbridge_suite.cmake" in CMAKE_MODULE_PATH this
[1.243s]   project has asked CMake to find a package configuration file provided by
[1.243s]   "rosbridge_suite", but CMake did not find one.
[1.243s] 
[1.243s]   Could not find a package configuration file provided by "rosbridge_suite"
[1.244s]   with any of the following names:
[1.244s] 
[1.244s]     rosbridge_suiteConfig.cmake
[1.244s]     rosbridge_suite-config.cmake
[1.244s] 
[1.244s]   Add the installation prefix of "rosbridge_suite" to CMAKE_PREFIX_PATH or
[1.244s]   set "rosbridge_suite_DIR" to a directory containing one of the above files.
[1.245s]   If "rosbridge_suite" provides a separate development package or SDK, be
[1.245s]   sure it has been installed.
[1.245s] 
[1.245s] [0m
[1.245s] -- Configuring incomplete, errors occurred!
[1.246s] See also "/home/su1jun/Capstone/colcon_ws/build/vizanti_server/CMakeFiles/CMakeOutput.log".
[1.256s] Invoked command in '/home/su1jun/Capstone/colcon_ws/build/vizanti_server' returned '1': AMENT_PREFIX_PATH=/home/su1jun/Capstone/colcon_ws/install/vizanti_msgs:${AMENT_PREFIX_PATH} CMAKE_PREFIX_PATH=/home/su1jun/Capstone/colcon_ws/install/vizanti_msgs:/opt/ros/humble LD_LIBRARY_PATH=/home/su1jun/Capstone/colcon_ws/install/vizanti_msgs/lib:${LD_LIBRARY_PATH} PYTHONPATH=/home/su1jun/Capstone/colcon_ws/install/vizanti_msgs/local/lib/python3.10/dist-packages:${PYTHONPATH} /usr/bin/cmake /home/su1jun/Capstone/colcon_ws/src/vizanti/vizanti_server -DAMENT_CMAKE_SYMLINK_INSTALL=1 -DCMAKE_INSTALL_PREFIX=/home/su1jun/Capstone/colcon_ws/install/vizanti_server
