[1.080s] Invoking command in '/home/su1jun/Capstone/ros2_ws/build/robot': PYTHONPATH=/home/su1jun/Capstone/ros2_ws/build/robot/prefix_override:/usr/lib/python3/dist-packages/colcon_core/task/python/colcon_distutils_commands:/home/su1jun/Capstone/ros2_ws/install/robot/lib/python3.10/site-packages:${PYTHONPATH} /usr/bin/python3 -W ignore:setup.py install is deprecated setup.py develop --editable --build-directory /home/su1jun/Capstone/ros2_ws/build/robot/build --no-deps symlink_data
[1.498s] running develop
[1.498s] /usr/lib/python3/dist-packages/setuptools/command/easy_install.py:158: EasyInstallDeprecationWarning: easy_install command is deprecated. Use build and pip and other standards-based tools.
[1.498s]   warnings.warn(
[1.764s] running egg_info
[1.764s] writing robot.egg-info/PKG-INFO
[1.764s] writing dependency_links to robot.egg-info/dependency_links.txt
[1.764s] writing entry points to robot.egg-info/entry_points.txt
[1.765s] writing requirements to robot.egg-info/requires.txt
[1.766s] writing top-level names to robot.egg-info/top_level.txt
[1.768s] reading manifest file 'robot.egg-info/SOURCES.txt'
[1.769s] writing manifest file 'robot.egg-info/SOURCES.txt'
[1.771s] running build_ext
[1.771s] Creating /home/su1jun/Capstone/ros2_ws/install/robot/lib/python3.10/site-packages/robot.egg-link (link to .)
[1.772s] Installing bluetooth script to /home/su1jun/Capstone/ros2_ws/install/robot/lib/robot
[1.774s] Installing map script to /home/su1jun/Capstone/ros2_ws/install/robot/lib/robot
[1.775s] Installing motor script to /home/su1jun/Capstone/ros2_ws/install/robot/lib/robot
[1.775s] Installing motor_btl script to /home/su1jun/Capstone/ros2_ws/install/robot/lib/robot
[1.775s] Installing odom script to /home/su1jun/Capstone/ros2_ws/install/robot/lib/robot
[1.775s] Installing switch script to /home/su1jun/Capstone/ros2_ws/install/robot/lib/robot
[1.775s] 
[1.775s] Installed /home/su1jun/Capstone/ros2_ws/build/robot
[1.775s] running symlink_data
[2.218s] Invoked command in '/home/su1jun/Capstone/ros2_ws/build/robot' returned '0': PYTHONPATH=/home/su1jun/Capstone/ros2_ws/build/robot/prefix_override:/usr/lib/python3/dist-packages/colcon_core/task/python/colcon_distutils_commands:/home/su1jun/Capstone/ros2_ws/install/robot/lib/python3.10/site-packages:${PYTHONPATH} /usr/bin/python3 -W ignore:setup.py install is deprecated setup.py develop --editable --build-directory /home/su1jun/Capstone/ros2_ws/build/robot/build --no-deps symlink_data
