[0.115s] Invoking command in '/home/su1jun/Capstone/ros2_ws/build/capstone': CMAKE_PREFIX_PATH=${CMAKE_PREFIX_PATH}:/home/su1jun/Capstone/ros2_ws/install/robot:/opt/ros/humble /usr/bin/cmake /home/su1jun/Capstone/ros2_ws/src/capstone -DAMENT_CMAKE_SYMLINK_INSTALL=1 -DCMAKE_INSTALL_PREFIX=/home/su1jun/Capstone/ros2_ws/install/capstone
[0.255s] -- Found ament_cmake: 1.3.8 (/opt/ros/humble/share/ament_cmake/cmake)
[0.255s] -- Override CMake install command with custom implementation using symlinks instead of copying resources
[0.255s] -- Found ament_lint_auto: 0.12.10 (/opt/ros/humble/share/ament_lint_auto/cmake)
[0.255s] -- Added test 'copyright' to check source files copyright and LICENSE
[0.255s] -- Added test 'flake8' to check Python code syntax and style conventions
[0.255s] -- Added test 'lint_cmake' to check CMake code style
[0.255s] -- Added test 'pep257' to check Python code against some of the docstring style conventions in PEP 257
[0.255s] -- Added test 'xmllint' to check XML markup files
[0.255s] -- Configuring done
[0.255s] -- Generating done
[0.256s] -- Build files have been written to: /home/su1jun/Capstone/ros2_ws/build/capstone
[0.257s] Invoked command in '/home/su1jun/Capstone/ros2_ws/build/capstone' returned '0': CMAKE_PREFIX_PATH=${CMAKE_PREFIX_PATH}:/home/su1jun/Capstone/ros2_ws/install/robot:/opt/ros/humble /usr/bin/cmake /home/su1jun/Capstone/ros2_ws/src/capstone -DAMENT_CMAKE_SYMLINK_INSTALL=1 -DCMAKE_INSTALL_PREFIX=/home/su1jun/Capstone/ros2_ws/install/capstone
[0.257s] Invoking command in '/home/su1jun/Capstone/ros2_ws/build/capstone': CMAKE_PREFIX_PATH=${CMAKE_PREFIX_PATH}:/home/su1jun/Capstone/ros2_ws/install/robot:/opt/ros/humble /usr/bin/cmake --build /home/su1jun/Capstone/ros2_ws/build/capstone -- -j20 -l20
[0.269s] Invoked command in '/home/su1jun/Capstone/ros2_ws/build/capstone' returned '0': CMAKE_PREFIX_PATH=${CMAKE_PREFIX_PATH}:/home/su1jun/Capstone/ros2_ws/install/robot:/opt/ros/humble /usr/bin/cmake --build /home/su1jun/Capstone/ros2_ws/build/capstone -- -j20 -l20
[0.284s] Invoking command in '/home/su1jun/Capstone/ros2_ws/build/capstone': CMAKE_PREFIX_PATH=${CMAKE_PREFIX_PATH}:/home/su1jun/Capstone/ros2_ws/install/robot:/opt/ros/humble /usr/bin/cmake --install /home/su1jun/Capstone/ros2_ws/build/capstone
[0.287s] -- Install configuration: ""
[0.288s] -- Execute custom install script
[0.288s] -- Symlinking: /home/su1jun/Capstone/ros2_ws/install/capstone/share/capstone/config/empty.yaml
[0.292s] -- Symlinking: /home/su1jun/Capstone/ros2_ws/install/capstone/share/capstone/config/gaz_ros2_ctl_use_sim.yaml
[0.295s] -- Symlinking: /home/su1jun/Capstone/ros2_ws/install/capstone/share/capstone/config/gazebo_params.yaml
[0.300s] -- Symlinking: /home/su1jun/Capstone/ros2_ws/install/capstone/share/capstone/config/joystick.yaml
[0.304s] -- Symlinking: /home/su1jun/Capstone/ros2_ws/install/capstone/share/capstone/config/main.rviz
[0.308s] -- Symlinking: /home/su1jun/Capstone/ros2_ws/install/capstone/share/capstone/config/map.rviz
[0.312s] -- Symlinking: /home/su1jun/Capstone/ros2_ws/install/capstone/share/capstone/config/mapper_params_online_async.yaml
[0.316s] -- Symlinking: /home/su1jun/Capstone/ros2_ws/install/capstone/share/capstone/config/my_controllers.yaml
[0.320s] -- Symlinking: /home/su1jun/Capstone/ros2_ws/install/capstone/share/capstone/config/nav2_params.yaml
[0.324s] -- Symlinking: /home/su1jun/Capstone/ros2_ws/install/capstone/share/capstone/config/twist_mux.yaml
[0.328s] -- Symlinking: /home/su1jun/Capstone/ros2_ws/install/capstone/share/capstone/config/view_bot.rviz
[0.334s] -- Symlinking: /home/su1jun/Capstone/ros2_ws/install/capstone/share/capstone/description/face.xacro
[0.338s] -- Symlinking: /home/su1jun/Capstone/ros2_ws/install/capstone/share/capstone/description/gazebo_control.xacro
[0.342s] -- Symlinking: /home/su1jun/Capstone/ros2_ws/install/capstone/share/capstone/description/inertial_macros.xacro
[0.346s] -- Symlinking: /home/su1jun/Capstone/ros2_ws/install/capstone/share/capstone/description/lidar.xacro
[0.351s] -- Symlinking: /home/su1jun/Capstone/ros2_ws/install/capstone/share/capstone/description/robot.urdf.xacro
[0.356s] -- Symlinking: /home/su1jun/Capstone/ros2_ws/install/capstone/share/capstone/description/robot_core.xacro
[0.359s] -- Symlinking: /home/su1jun/Capstone/ros2_ws/install/capstone/share/capstone/description/ros2_control.xacro
[0.364s] -- Symlinking: /home/su1jun/Capstone/ros2_ws/install/capstone/share/capstone/launch/joystick.launch.py
[0.368s] -- Symlinking: /home/su1jun/Capstone/ros2_ws/install/capstone/share/capstone/launch/launch_robot.launch.py
[0.372s] -- Symlinking: /home/su1jun/Capstone/ros2_ws/install/capstone/share/capstone/launch/launch_sim.launch.py
[0.376s] -- Symlinking: /home/su1jun/Capstone/ros2_ws/install/capstone/share/capstone/launch/localization_launch.py
[0.381s] -- Symlinking: /home/su1jun/Capstone/ros2_ws/install/capstone/share/capstone/launch/navigation_launch.py
[0.385s] -- Symlinking: /home/su1jun/Capstone/ros2_ws/install/capstone/share/capstone/launch/online_async_launch.py
[0.389s] -- Symlinking: /home/su1jun/Capstone/ros2_ws/install/capstone/share/capstone/launch/rplidar.launch.py
[0.393s] -- Symlinking: /home/su1jun/Capstone/ros2_ws/install/capstone/share/capstone/launch/rsp.launch.py
[0.397s] -- Symlinking: /home/su1jun/Capstone/ros2_ws/install/capstone/share/capstone/worlds/empty.world
[0.401s] -- Symlinking: /home/su1jun/Capstone/ros2_ws/install/capstone/share/capstone/worlds/obstacles.world
[0.406s] -- Symlinking: /home/su1jun/Capstone/ros2_ws/install/capstone/share/capstone/worlds/test.world
[0.409s] -- Symlinking: /home/su1jun/Capstone/ros2_ws/install/capstone/share/ament_index/resource_index/package_run_dependencies/capstone
[0.414s] -- Symlinking: /home/su1jun/Capstone/ros2_ws/install/capstone/share/ament_index/resource_index/parent_prefix_path/capstone
[0.418s] -- Symlinking: /home/su1jun/Capstone/ros2_ws/install/capstone/share/capstone/environment/ament_prefix_path.sh
[0.422s] -- Symlinking: /home/su1jun/Capstone/ros2_ws/install/capstone/share/capstone/environment/ament_prefix_path.dsv
[0.426s] -- Symlinking: /home/su1jun/Capstone/ros2_ws/install/capstone/share/capstone/environment/path.sh
[0.430s] -- Symlinking: /home/su1jun/Capstone/ros2_ws/install/capstone/share/capstone/environment/path.dsv
[0.434s] -- Symlinking: /home/su1jun/Capstone/ros2_ws/install/capstone/share/capstone/local_setup.bash
[0.439s] -- Symlinking: /home/su1jun/Capstone/ros2_ws/install/capstone/share/capstone/local_setup.sh
[0.443s] -- Symlinking: /home/su1jun/Capstone/ros2_ws/install/capstone/share/capstone/local_setup.zsh
[0.447s] -- Symlinking: /home/su1jun/Capstone/ros2_ws/install/capstone/share/capstone/local_setup.dsv
[0.451s] -- Symlinking: /home/su1jun/Capstone/ros2_ws/install/capstone/share/capstone/package.dsv
[0.456s] -- Symlinking: /home/su1jun/Capstone/ros2_ws/install/capstone/share/ament_index/resource_index/packages/capstone
[0.460s] -- Symlinking: /home/su1jun/Capstone/ros2_ws/install/capstone/share/capstone/cmake/capstoneConfig.cmake
[0.465s] -- Symlinking: /home/su1jun/Capstone/ros2_ws/install/capstone/share/capstone/cmake/capstoneConfig-version.cmake
[0.469s] -- Symlinking: /home/su1jun/Capstone/ros2_ws/install/capstone/share/capstone/package.xml
[0.474s] Invoked command in '/home/su1jun/Capstone/ros2_ws/build/capstone' returned '0': CMAKE_PREFIX_PATH=${CMAKE_PREFIX_PATH}:/home/su1jun/Capstone/ros2_ws/install/robot:/opt/ros/humble /usr/bin/cmake --install /home/su1jun/Capstone/ros2_ws/build/capstone
