[1.702s] Invoking command in '/home/su1jun/Capstone/ros2_ws/src/robot': PYTHONPATH=/home/su1jun/Capstone/ros2_ws/build/robot/prefix_override:/usr/lib/python3/dist-packages/colcon_core/task/python/colcon_distutils_commands:/home/su1jun/Capstone/ros2_ws/install/robot/lib/python3.10/site-packages:${PYTHONPATH} /usr/bin/python3 -W ignore:setup.py install is deprecated setup.py egg_info --egg-base ../../build/robot build --build-base /home/su1jun/Capstone/ros2_ws/build/robot/build install --record /home/su1jun/Capstone/ros2_ws/build/robot/install.log --single-version-externally-managed install_data
[2.297s] running egg_info
[2.300s] writing ../../build/robot/robot.egg-info/PKG-INFO
[2.301s] writing dependency_links to ../../build/robot/robot.egg-info/dependency_links.txt
[2.302s] writing entry points to ../../build/robot/robot.egg-info/entry_points.txt
[2.303s] writing requirements to ../../build/robot/robot.egg-info/requires.txt
[2.303s] writing top-level names to ../../build/robot/robot.egg-info/top_level.txt
[2.307s] reading manifest file '../../build/robot/robot.egg-info/SOURCES.txt'
[2.309s] writing manifest file '../../build/robot/robot.egg-info/SOURCES.txt'
[2.310s] running build
[2.311s] running build_py
[2.312s] running install
[2.314s] running install_lib
[2.316s] running install_data
[2.317s] running install_egg_info
[2.321s] removing '/home/su1jun/Capstone/ros2_ws/install/robot/lib/python3.10/site-packages/robot-0.0.0-py3.10.egg-info' (and everything under it)
[2.331s] Copying ../../build/robot/robot.egg-info to /home/su1jun/Capstone/ros2_ws/install/robot/lib/python3.10/site-packages/robot-0.0.0-py3.10.egg-info
[2.338s] running install_scripts
[2.371s] Installing bluetooth script to /home/su1jun/Capstone/ros2_ws/install/robot/lib/robot
[2.371s] Installing map script to /home/su1jun/Capstone/ros2_ws/install/robot/lib/robot
[2.371s] Installing motor script to /home/su1jun/Capstone/ros2_ws/install/robot/lib/robot
[2.372s] Installing motor_btl script to /home/su1jun/Capstone/ros2_ws/install/robot/lib/robot
[2.372s] Installing odom script to /home/su1jun/Capstone/ros2_ws/install/robot/lib/robot
[2.372s] Installing switch script to /home/su1jun/Capstone/ros2_ws/install/robot/lib/robot
[2.372s] writing list of installed files to '/home/su1jun/Capstone/ros2_ws/build/robot/install.log'
[2.419s] Invoked command in '/home/su1jun/Capstone/ros2_ws/src/robot' returned '0': PYTHONPATH=/home/su1jun/Capstone/ros2_ws/build/robot/prefix_override:/usr/lib/python3/dist-packages/colcon_core/task/python/colcon_distutils_commands:/home/su1jun/Capstone/ros2_ws/install/robot/lib/python3.10/site-packages:${PYTHONPATH} /usr/bin/python3 -W ignore:setup.py install is deprecated setup.py egg_info --egg-base ../../build/robot build --build-base /home/su1jun/Capstone/ros2_ws/build/robot/build install --record /home/su1jun/Capstone/ros2_ws/build/robot/install.log --single-version-externally-managed install_data
