[0.039s] Invoking command in '/home/su1jun/Capstone/ros2_ws/build/serial': CMAKE_PREFIX_PATH=${CMAKE_PREFIX_PATH}:/home/su1jun/Capstone/ros2_ws/install/robot:/opt/ros/humble /usr/bin/cmake --build /home/su1jun/Capstone/ros2_ws/build/serial -- -j4 -l4
[0.213s] [ 14%] Built target gtest_main
[0.232s] [ 42%] Built target serial
[0.240s] [ 57%] Built target gtest
[0.372s] [ 71%] Built target serial_example
[0.402s] [ 85%] Built target serial-test
[0.420s] [100%] Built target serial-test-timer
[0.447s] Invoked command in '/home/su1jun/Capstone/ros2_ws/build/serial' returned '0': CMAKE_PREFIX_PATH=${CMAKE_PREFIX_PATH}:/home/su1jun/Capstone/ros2_ws/install/robot:/opt/ros/humble /usr/bin/cmake --build /home/su1jun/Capstone/ros2_ws/build/serial -- -j4 -l4
[1.033s] Invoking command in '/home/su1jun/Capstone/ros2_ws/build/serial': CMAKE_PREFIX_PATH=${CMAKE_PREFIX_PATH}:/home/su1jun/Capstone/ros2_ws/install/robot:/opt/ros/humble /usr/bin/cmake --install /home/su1jun/Capstone/ros2_ws/build/serial
[1.045s] -- Install configuration: ""
[1.047s] -- Execute custom install script
[1.048s] -- Up-to-date symlink: /home/su1jun/Capstone/ros2_ws/install/serial/lib/libserial.a
[1.048s] -- Up-to-date symlink: /home/su1jun/Capstone/ros2_ws/install/serial/include/serial/serial.h
[1.049s] -- Up-to-date symlink: /home/su1jun/Capstone/ros2_ws/install/serial/include/serial/v8stdint.h
[1.050s] -- Up-to-date symlink: /home/su1jun/Capstone/ros2_ws/install/serial/share/serial/environment/library_path.sh
[1.051s] -- Up-to-date symlink: /home/su1jun/Capstone/ros2_ws/install/serial/share/serial/environment/library_path.dsv
[1.053s] -- Up-to-date symlink: /home/su1jun/Capstone/ros2_ws/install/serial/share/ament_index/resource_index/package_run_dependencies/serial
[1.054s] -- Up-to-date symlink: /home/su1jun/Capstone/ros2_ws/install/serial/share/ament_index/resource_index/parent_prefix_path/serial
[1.054s] -- Up-to-date symlink: /home/su1jun/Capstone/ros2_ws/install/serial/share/serial/environment/ament_prefix_path.sh
[1.055s] -- Up-to-date symlink: /home/su1jun/Capstone/ros2_ws/install/serial/share/serial/environment/ament_prefix_path.dsv
[1.073s] -- Up-to-date symlink: /home/su1jun/Capstone/ros2_ws/install/serial/share/serial/environment/path.sh
[1.073s] -- Up-to-date symlink: /home/su1jun/Capstone/ros2_ws/install/serial/share/serial/environment/path.dsv
[1.073s] -- Up-to-date symlink: /home/su1jun/Capstone/ros2_ws/install/serial/share/serial/local_setup.bash
[1.073s] -- Up-to-date symlink: /home/su1jun/Capstone/ros2_ws/install/serial/share/serial/local_setup.sh
[1.073s] -- Up-to-date symlink: /home/su1jun/Capstone/ros2_ws/install/serial/share/serial/local_setup.zsh
[1.073s] -- Up-to-date symlink: /home/su1jun/Capstone/ros2_ws/install/serial/share/serial/local_setup.dsv
[1.074s] -- Symlinking: /home/su1jun/Capstone/ros2_ws/install/serial/share/serial/package.dsv
[1.077s] -- Up-to-date symlink: /home/su1jun/Capstone/ros2_ws/install/serial/share/ament_index/resource_index/packages/serial
[1.078s] -- Up-to-date symlink: /home/su1jun/Capstone/ros2_ws/install/serial/share/serial/cmake/ament_cmake_export_include_directories-extras.cmake
[1.078s] -- Up-to-date symlink: /home/su1jun/Capstone/ros2_ws/install/serial/share/serial/cmake/ament_cmake_export_libraries-extras.cmake
[1.078s] -- Up-to-date symlink: /home/su1jun/Capstone/ros2_ws/install/serial/share/serial/cmake/serialConfig.cmake
[1.079s] -- Up-to-date symlink: /home/su1jun/Capstone/ros2_ws/install/serial/share/serial/cmake/serialConfig-version.cmake
[1.079s] -- Up-to-date symlink: /home/su1jun/Capstone/ros2_ws/install/serial/share/serial/package.xml
[1.088s] Invoked command in '/home/su1jun/Capstone/ros2_ws/build/serial' returned '0': CMAKE_PREFIX_PATH=${CMAKE_PREFIX_PATH}:/home/su1jun/Capstone/ros2_ws/install/robot:/opt/ros/humble /usr/bin/cmake --install /home/su1jun/Capstone/ros2_ws/build/serial
