[0.063s] Invoking command in '/home/su1jun/Capstone/ros2_ws/build/sllidar_ros2': CMAKE_PREFIX_PATH=${CMAKE_PREFIX_PATH}:/home/su1jun/Capstone/ros2_ws/install/robot:/opt/ros/humble /usr/bin/cmake --build /home/su1jun/Capstone/ros2_ws/build/sllidar_ros2 -- -j4 -l4
[0.231s] [ 10%] Built target sllidar_client
[0.242s] [100%] Built target sllidar_node
[0.278s] Invoked command in '/home/su1jun/Capstone/ros2_ws/build/sllidar_ros2' returned '0': CMAKE_PREFIX_PATH=${CMAKE_PREFIX_PATH}:/home/su1jun/Capstone/ros2_ws/install/robot:/opt/ros/humble /usr/bin/cmake --build /home/su1jun/Capstone/ros2_ws/build/sllidar_ros2 -- -j4 -l4
[0.751s] Invoking command in '/home/su1jun/Capstone/ros2_ws/build/sllidar_ros2': CMAKE_PREFIX_PATH=${CMAKE_PREFIX_PATH}:/home/su1jun/Capstone/ros2_ws/install/robot:/opt/ros/humble /usr/bin/cmake --install /home/su1jun/Capstone/ros2_ws/build/sllidar_ros2
[0.764s] -- Install configuration: ""
[0.765s] -- Execute custom install script
[0.767s] -- Up-to-date symlink: /home/su1jun/Capstone/ros2_ws/install/sllidar_ros2/share/sllidar_ros2/launch/sllidar_a1_launch.py
[0.768s] -- Up-to-date symlink: /home/su1jun/Capstone/ros2_ws/install/sllidar_ros2/share/sllidar_ros2/launch/sllidar_a2m12_launch .py
[0.769s] -- Up-to-date symlink: /home/su1jun/Capstone/ros2_ws/install/sllidar_ros2/share/sllidar_ros2/launch/sllidar_a2m7_launch.py
[0.770s] -- Up-to-date symlink: /home/su1jun/Capstone/ros2_ws/install/sllidar_ros2/share/sllidar_ros2/launch/sllidar_a2m8_launch.py
[0.771s] -- Up-to-date symlink: /home/su1jun/Capstone/ros2_ws/install/sllidar_ros2/share/sllidar_ros2/launch/view_sllidar_a1_launch.py
[0.772s] -- Up-to-date symlink: /home/su1jun/Capstone/ros2_ws/install/sllidar_ros2/share/sllidar_ros2/launch/view_sllidar_a2m7_launch.py
[0.773s] -- Up-to-date symlink: /home/su1jun/Capstone/ros2_ws/install/sllidar_ros2/share/sllidar_ros2/launch/view_sllidar_a2m8_launch.py
[0.774s] -- Up-to-date symlink: /home/su1jun/Capstone/ros2_ws/install/sllidar_ros2/share/sllidar_ros2/rviz/sllidar_ros2.rviz
[0.775s] -- Up-to-date symlink: /home/su1jun/Capstone/ros2_ws/install/sllidar_ros2/lib/sllidar_ros2/sllidar_node
[0.776s] -- Up-to-date symlink: /home/su1jun/Capstone/ros2_ws/install/sllidar_ros2/lib/sllidar_ros2/sllidar_client
[0.777s] -- Up-to-date symlink: /home/su1jun/Capstone/ros2_ws/install/sllidar_ros2/share/ament_index/resource_index/package_run_dependencies/sllidar_ros2
[0.778s] -- Up-to-date symlink: /home/su1jun/Capstone/ros2_ws/install/sllidar_ros2/share/ament_index/resource_index/parent_prefix_path/sllidar_ros2
[0.780s] -- Up-to-date symlink: /home/su1jun/Capstone/ros2_ws/install/sllidar_ros2/share/sllidar_ros2/environment/ament_prefix_path.sh
[0.781s] -- Up-to-date symlink: /home/su1jun/Capstone/ros2_ws/install/sllidar_ros2/share/sllidar_ros2/environment/ament_prefix_path.dsv
[0.781s] -- Up-to-date symlink: /home/su1jun/Capstone/ros2_ws/install/sllidar_ros2/share/sllidar_ros2/environment/path.sh
[0.782s] -- Up-to-date symlink: /home/su1jun/Capstone/ros2_ws/install/sllidar_ros2/share/sllidar_ros2/environment/path.dsv
[0.783s] -- Up-to-date symlink: /home/su1jun/Capstone/ros2_ws/install/sllidar_ros2/share/sllidar_ros2/local_setup.bash
[0.784s] -- Up-to-date symlink: /home/su1jun/Capstone/ros2_ws/install/sllidar_ros2/share/sllidar_ros2/local_setup.sh
[0.785s] -- Up-to-date symlink: /home/su1jun/Capstone/ros2_ws/install/sllidar_ros2/share/sllidar_ros2/local_setup.zsh
[0.786s] -- Up-to-date symlink: /home/su1jun/Capstone/ros2_ws/install/sllidar_ros2/share/sllidar_ros2/local_setup.dsv
[0.787s] -- Symlinking: /home/su1jun/Capstone/ros2_ws/install/sllidar_ros2/share/sllidar_ros2/package.dsv
[0.800s] -- Up-to-date symlink: /home/su1jun/Capstone/ros2_ws/install/sllidar_ros2/share/ament_index/resource_index/packages/sllidar_ros2
[0.801s] -- Up-to-date symlink: /home/su1jun/Capstone/ros2_ws/install/sllidar_ros2/share/sllidar_ros2/cmake/ament_cmake_export_dependencies-extras.cmake
[0.802s] -- Up-to-date symlink: /home/su1jun/Capstone/ros2_ws/install/sllidar_ros2/share/sllidar_ros2/cmake/ament_cmake_export_include_directories-extras.cmake
[0.803s] -- Up-to-date symlink: /home/su1jun/Capstone/ros2_ws/install/sllidar_ros2/share/sllidar_ros2/cmake/sllidar_ros2Config.cmake
[0.804s] -- Up-to-date symlink: /home/su1jun/Capstone/ros2_ws/install/sllidar_ros2/share/sllidar_ros2/cmake/sllidar_ros2Config-version.cmake
[0.805s] -- Up-to-date symlink: /home/su1jun/Capstone/ros2_ws/install/sllidar_ros2/share/sllidar_ros2/package.xml
[0.813s] Invoked command in '/home/su1jun/Capstone/ros2_ws/build/sllidar_ros2' returned '0': CMAKE_PREFIX_PATH=${CMAKE_PREFIX_PATH}:/home/su1jun/Capstone/ros2_ws/install/robot:/opt/ros/humble /usr/bin/cmake --install /home/su1jun/Capstone/ros2_ws/build/sllidar_ros2
