[0.361s] DEBUG:colcon:Command line arguments: ['/home/su1jun/.local/bin/colcon', 'build', '--symlink-install']
[0.361s] DEBUG:colcon:Parsed command line arguments: Namespace(log_base=None, log_level=None, verb_name='build', build_base='build', install_base='install', merge_install=False, symlink_install=True, test_result_base=None, continue_on_error=False, executor='parallel', parallel_workers=20, event_handlers=None, ignore_user_meta=False, metas=['./colcon.meta'], base_paths=['.'], packages_ignore=None, packages_ignore_regex=None, paths=None, packages_up_to=None, packages_up_to_regex=None, packages_above=None, packages_above_and_dependencies=None, packages_above_depth=None, packages_select_by_dep=None, packages_skip_by_dep=None, packages_skip_up_to=None, packages_select_build_failed=False, packages_skip_build_finished=False, packages_select_test_failures=False, packages_skip_test_passed=False, packages_select=None, packages_skip=None, packages_select_regex=None, packages_skip_regex=None, packages_start=None, packages_end=None, allow_overriding=[], cmake_args=None, cmake_target=None, cmake_target_skip_unavailable=False, cmake_clean_cache=False, cmake_clean_first=False, cmake_force_configure=False, ament_cmake_args=None, catkin_cmake_args=None, catkin_skip_building_tests=False, verb_parser=<colcon_defaults.argument_parser.defaults.DefaultArgumentsDecorator object at 0x7424d0ee9450>, verb_extension=<colcon_core.verb.build.BuildVerb object at 0x7424d0fbe560>, main=<bound method BuildVerb.main of <colcon_core.verb.build.BuildVerb object at 0x7424d0fbe560>>)
[0.390s] Level 1:colcon.colcon_core.package_discovery:discover_packages(colcon_meta) check parameters
[0.390s] Level 1:colcon.colcon_core.package_discovery:discover_packages(recursive) check parameters
[0.390s] Level 1:colcon.colcon_core.package_discovery:discover_packages(ignore) check parameters
[0.390s] Level 1:colcon.colcon_core.package_discovery:discover_packages(path) check parameters
[0.390s] Level 1:colcon.colcon_core.package_discovery:discover_packages(colcon_meta) discover
[0.390s] Level 1:colcon.colcon_core.package_discovery:discover_packages(recursive) discover
[0.390s] INFO:colcon.colcon_core.package_discovery:Crawling recursively for packages in '/home/su1jun/Desktop/Capstone/ros2_ws'
[0.390s] Level 1:colcon.colcon_core.package_identification:_identify(.) by extensions ['ignore', 'ignore_ament_install']
[0.390s] Level 1:colcon.colcon_core.package_identification:_identify(.) by extension 'ignore'
[0.390s] Level 1:colcon.colcon_core.package_identification:_identify(.) by extension 'ignore_ament_install'
[0.390s] Level 1:colcon.colcon_core.package_identification:_identify(.) by extensions ['colcon_pkg']
[0.390s] Level 1:colcon.colcon_core.package_identification:_identify(.) by extension 'colcon_pkg'
[0.390s] Level 1:colcon.colcon_core.package_identification:_identify(.) by extensions ['colcon_meta']
[0.390s] Level 1:colcon.colcon_core.package_identification:_identify(.) by extension 'colcon_meta'
[0.390s] Level 1:colcon.colcon_core.package_identification:_identify(.) by extensions ['ros']
[0.390s] Level 1:colcon.colcon_core.package_identification:_identify(.) by extension 'ros'
[0.402s] Level 1:colcon.colcon_core.package_identification:_identify(.) by extensions ['cmake', 'python']
[0.402s] Level 1:colcon.colcon_core.package_identification:_identify(.) by extension 'cmake'
[0.402s] Level 1:colcon.colcon_core.package_identification:_identify(.) by extension 'python'
[0.402s] Level 1:colcon.colcon_core.package_identification:_identify(.) by extensions ['python_setup_py']
[0.402s] Level 1:colcon.colcon_core.package_identification:_identify(.) by extension 'python_setup_py'
[0.402s] Level 1:colcon.colcon_core.package_identification:_identify(build) by extensions ['ignore', 'ignore_ament_install']
[0.402s] Level 1:colcon.colcon_core.package_identification:_identify(build) by extension 'ignore'
[0.402s] Level 1:colcon.colcon_core.package_identification:_identify(build) ignored
[0.402s] Level 1:colcon.colcon_core.package_identification:_identify(etc) by extensions ['ignore', 'ignore_ament_install']
[0.403s] Level 1:colcon.colcon_core.package_identification:_identify(etc) by extension 'ignore'
[0.403s] Level 1:colcon.colcon_core.package_identification:_identify(etc) by extension 'ignore_ament_install'
[0.403s] Level 1:colcon.colcon_core.package_identification:_identify(etc) by extensions ['colcon_pkg']
[0.403s] Level 1:colcon.colcon_core.package_identification:_identify(etc) by extension 'colcon_pkg'
[0.403s] Level 1:colcon.colcon_core.package_identification:_identify(etc) by extensions ['colcon_meta']
[0.403s] Level 1:colcon.colcon_core.package_identification:_identify(etc) by extension 'colcon_meta'
[0.403s] Level 1:colcon.colcon_core.package_identification:_identify(etc) by extensions ['ros']
[0.403s] Level 1:colcon.colcon_core.package_identification:_identify(etc) by extension 'ros'
[0.403s] Level 1:colcon.colcon_core.package_identification:_identify(etc) by extensions ['cmake', 'python']
[0.403s] Level 1:colcon.colcon_core.package_identification:_identify(etc) by extension 'cmake'
[0.403s] Level 1:colcon.colcon_core.package_identification:_identify(etc) by extension 'python'
[0.403s] Level 1:colcon.colcon_core.package_identification:_identify(etc) by extensions ['python_setup_py']
[0.403s] Level 1:colcon.colcon_core.package_identification:_identify(etc) by extension 'python_setup_py'
[0.403s] Level 1:colcon.colcon_core.package_identification:_identify(etc/AI_CAR_example_code) by extensions ['ignore', 'ignore_ament_install']
[0.403s] Level 1:colcon.colcon_core.package_identification:_identify(etc/AI_CAR_example_code) by extension 'ignore'
[0.403s] Level 1:colcon.colcon_core.package_identification:_identify(etc/AI_CAR_example_code) by extension 'ignore_ament_install'
[0.403s] Level 1:colcon.colcon_core.package_identification:_identify(etc/AI_CAR_example_code) by extensions ['colcon_pkg']
[0.403s] Level 1:colcon.colcon_core.package_identification:_identify(etc/AI_CAR_example_code) by extension 'colcon_pkg'
[0.403s] Level 1:colcon.colcon_core.package_identification:_identify(etc/AI_CAR_example_code) by extensions ['colcon_meta']
[0.403s] Level 1:colcon.colcon_core.package_identification:_identify(etc/AI_CAR_example_code) by extension 'colcon_meta'
[0.403s] Level 1:colcon.colcon_core.package_identification:_identify(etc/AI_CAR_example_code) by extensions ['ros']
[0.403s] Level 1:colcon.colcon_core.package_identification:_identify(etc/AI_CAR_example_code) by extension 'ros'
[0.403s] Level 1:colcon.colcon_core.package_identification:_identify(etc/AI_CAR_example_code) by extensions ['cmake', 'python']
[0.403s] Level 1:colcon.colcon_core.package_identification:_identify(etc/AI_CAR_example_code) by extension 'cmake'
[0.403s] Level 1:colcon.colcon_core.package_identification:_identify(etc/AI_CAR_example_code) by extension 'python'
[0.403s] Level 1:colcon.colcon_core.package_identification:_identify(etc/AI_CAR_example_code) by extensions ['python_setup_py']
[0.403s] Level 1:colcon.colcon_core.package_identification:_identify(etc/AI_CAR_example_code) by extension 'python_setup_py'
[0.403s] Level 1:colcon.colcon_core.package_identification:_identify(install) by extensions ['ignore', 'ignore_ament_install']
[0.403s] Level 1:colcon.colcon_core.package_identification:_identify(install) by extension 'ignore'
[0.403s] Level 1:colcon.colcon_core.package_identification:_identify(install) ignored
[0.403s] Level 1:colcon.colcon_core.package_identification:_identify(log) by extensions ['ignore', 'ignore_ament_install']
[0.403s] Level 1:colcon.colcon_core.package_identification:_identify(log) by extension 'ignore'
[0.403s] Level 1:colcon.colcon_core.package_identification:_identify(log) ignored
[0.403s] Level 1:colcon.colcon_core.package_identification:_identify(src) by extensions ['ignore', 'ignore_ament_install']
[0.403s] Level 1:colcon.colcon_core.package_identification:_identify(src) by extension 'ignore'
[0.403s] Level 1:colcon.colcon_core.package_identification:_identify(src) by extension 'ignore_ament_install'
[0.403s] Level 1:colcon.colcon_core.package_identification:_identify(src) by extensions ['colcon_pkg']
[0.403s] Level 1:colcon.colcon_core.package_identification:_identify(src) by extension 'colcon_pkg'
[0.403s] Level 1:colcon.colcon_core.package_identification:_identify(src) by extensions ['colcon_meta']
[0.403s] Level 1:colcon.colcon_core.package_identification:_identify(src) by extension 'colcon_meta'
[0.403s] Level 1:colcon.colcon_core.package_identification:_identify(src) by extensions ['ros']
[0.403s] Level 1:colcon.colcon_core.package_identification:_identify(src) by extension 'ros'
[0.403s] Level 1:colcon.colcon_core.package_identification:_identify(src) by extensions ['cmake', 'python']
[0.403s] Level 1:colcon.colcon_core.package_identification:_identify(src) by extension 'cmake'
[0.403s] Level 1:colcon.colcon_core.package_identification:_identify(src) by extension 'python'
[0.403s] Level 1:colcon.colcon_core.package_identification:_identify(src) by extensions ['python_setup_py']
[0.403s] Level 1:colcon.colcon_core.package_identification:_identify(src) by extension 'python_setup_py'
[0.404s] Level 1:colcon.colcon_core.package_identification:_identify(src/articubot_one) by extensions ['ignore', 'ignore_ament_install']
[0.404s] Level 1:colcon.colcon_core.package_identification:_identify(src/articubot_one) by extension 'ignore'
[0.404s] Level 1:colcon.colcon_core.package_identification:_identify(src/articubot_one) by extension 'ignore_ament_install'
[0.404s] Level 1:colcon.colcon_core.package_identification:_identify(src/articubot_one) by extensions ['colcon_pkg']
[0.404s] Level 1:colcon.colcon_core.package_identification:_identify(src/articubot_one) by extension 'colcon_pkg'
[0.404s] Level 1:colcon.colcon_core.package_identification:_identify(src/articubot_one) by extensions ['colcon_meta']
[0.404s] Level 1:colcon.colcon_core.package_identification:_identify(src/articubot_one) by extension 'colcon_meta'
[0.404s] Level 1:colcon.colcon_core.package_identification:_identify(src/articubot_one) by extensions ['ros']
[0.404s] Level 1:colcon.colcon_core.package_identification:_identify(src/articubot_one) by extension 'ros'
[0.405s] DEBUG:colcon.colcon_core.package_identification:Package 'src/articubot_one' with type 'ros.ament_cmake' and name 'articubot_one'
[0.405s] Level 1:colcon.colcon_core.package_identification:_identify(src/capstone) by extensions ['ignore', 'ignore_ament_install']
[0.405s] Level 1:colcon.colcon_core.package_identification:_identify(src/capstone) by extension 'ignore'
[0.405s] Level 1:colcon.colcon_core.package_identification:_identify(src/capstone) by extension 'ignore_ament_install'
[0.405s] Level 1:colcon.colcon_core.package_identification:_identify(src/capstone) by extensions ['colcon_pkg']
[0.405s] Level 1:colcon.colcon_core.package_identification:_identify(src/capstone) by extension 'colcon_pkg'
[0.405s] Level 1:colcon.colcon_core.package_identification:_identify(src/capstone) by extensions ['colcon_meta']
[0.405s] Level 1:colcon.colcon_core.package_identification:_identify(src/capstone) by extension 'colcon_meta'
[0.405s] Level 1:colcon.colcon_core.package_identification:_identify(src/capstone) by extensions ['ros']
[0.405s] Level 1:colcon.colcon_core.package_identification:_identify(src/capstone) by extension 'ros'
[0.405s] DEBUG:colcon.colcon_core.package_identification:Package 'src/capstone' with type 'ros.ament_cmake' and name 'capstone'
[0.406s] Level 1:colcon.colcon_core.package_identification:_identify(src/robot) by extensions ['ignore', 'ignore_ament_install']
[0.406s] Level 1:colcon.colcon_core.package_identification:_identify(src/robot) by extension 'ignore'
[0.406s] Level 1:colcon.colcon_core.package_identification:_identify(src/robot) by extension 'ignore_ament_install'
[0.406s] Level 1:colcon.colcon_core.package_identification:_identify(src/robot) by extensions ['colcon_pkg']
[0.406s] Level 1:colcon.colcon_core.package_identification:_identify(src/robot) by extension 'colcon_pkg'
[0.406s] Level 1:colcon.colcon_core.package_identification:_identify(src/robot) by extensions ['colcon_meta']
[0.406s] Level 1:colcon.colcon_core.package_identification:_identify(src/robot) by extension 'colcon_meta'
[0.406s] Level 1:colcon.colcon_core.package_identification:_identify(src/robot) by extensions ['ros']
[0.406s] Level 1:colcon.colcon_core.package_identification:_identify(src/robot) by extension 'ros'
[0.406s] DEBUG:colcon.colcon_core.package_identification:Package 'src/robot' with type 'ros.ament_python' and name 'robot'
[0.406s] Level 1:colcon.colcon_core.package_discovery:discover_packages(recursive) using defaults
[0.406s] Level 1:colcon.colcon_core.package_discovery:discover_packages(ignore) discover
[0.406s] Level 1:colcon.colcon_core.package_discovery:discover_packages(ignore) using defaults
[0.406s] Level 1:colcon.colcon_core.package_discovery:discover_packages(path) discover
[0.406s] Level 1:colcon.colcon_core.package_discovery:discover_packages(path) using defaults
[0.444s] Level 1:colcon.colcon_core.package_discovery:discover_packages(prefix_path) check parameters
[0.445s] Level 1:colcon.colcon_core.package_discovery:discover_packages(prefix_path) discover
[0.458s] DEBUG:colcon.colcon_installed_package_information.package_discovery:Found 3 installed packages in /home/su1jun/turtlebot3_ws/install
[0.464s] DEBUG:colcon.colcon_installed_package_information.package_discovery:Found 394 installed packages in /opt/ros/humble
[0.465s] Level 1:colcon.colcon_core.package_discovery:discover_packages(prefix_path) using defaults
[0.482s] ERROR:colcon.colcon_core.package_augmentation:Exception in package augmentation extension 'python': 
Traceback (most recent call last):
  File "/home/su1jun/.local/lib/python3.10/site-packages/colcon_core/package_augmentation/__init__.py", line 97, in augment_packages
    retval = extension.augment_packages(
  File "/usr/lib/python3/dist-packages/colcon_installed_package_information/package_augmentation/python.py", line 44, in augment_packages
    dist = next(iter(dists))
StopIteration

[0.492s] Level 5:colcon.colcon_core.verb:set package 'articubot_one' build argument 'cmake_args' from command line to 'None'
[0.492s] Level 5:colcon.colcon_core.verb:set package 'articubot_one' build argument 'cmake_target' from command line to 'None'
[0.492s] Level 5:colcon.colcon_core.verb:set package 'articubot_one' build argument 'cmake_target_skip_unavailable' from command line to 'False'
[0.492s] Level 5:colcon.colcon_core.verb:set package 'articubot_one' build argument 'cmake_clean_cache' from command line to 'False'
[0.492s] Level 5:colcon.colcon_core.verb:set package 'articubot_one' build argument 'cmake_clean_first' from command line to 'False'
[0.492s] Level 5:colcon.colcon_core.verb:set package 'articubot_one' build argument 'cmake_force_configure' from command line to 'False'
[0.492s] Level 5:colcon.colcon_core.verb:set package 'articubot_one' build argument 'ament_cmake_args' from command line to 'None'
[0.492s] Level 5:colcon.colcon_core.verb:set package 'articubot_one' build argument 'catkin_cmake_args' from command line to 'None'
[0.492s] Level 5:colcon.colcon_core.verb:set package 'articubot_one' build argument 'catkin_skip_building_tests' from command line to 'False'
[0.492s] DEBUG:colcon.colcon_core.verb:Building package 'articubot_one' with the following arguments: {'ament_cmake_args': None, 'build_base': '/home/su1jun/Desktop/Capstone/ros2_ws/build/articubot_one', 'catkin_cmake_args': None, 'catkin_skip_building_tests': False, 'cmake_args': None, 'cmake_clean_cache': False, 'cmake_clean_first': False, 'cmake_force_configure': False, 'cmake_target': None, 'cmake_target_skip_unavailable': False, 'install_base': '/home/su1jun/Desktop/Capstone/ros2_ws/install/articubot_one', 'merge_install': False, 'path': '/home/su1jun/Desktop/Capstone/ros2_ws/src/articubot_one', 'symlink_install': True, 'test_result_base': None}
[0.498s] Level 5:colcon.colcon_core.verb:set package 'capstone' build argument 'cmake_args' from command line to 'None'
[0.498s] Level 5:colcon.colcon_core.verb:set package 'capstone' build argument 'cmake_target' from command line to 'None'
[0.498s] Level 5:colcon.colcon_core.verb:set package 'capstone' build argument 'cmake_target_skip_unavailable' from command line to 'False'
[0.498s] Level 5:colcon.colcon_core.verb:set package 'capstone' build argument 'cmake_clean_cache' from command line to 'False'
[0.498s] Level 5:colcon.colcon_core.verb:set package 'capstone' build argument 'cmake_clean_first' from command line to 'False'
[0.498s] Level 5:colcon.colcon_core.verb:set package 'capstone' build argument 'cmake_force_configure' from command line to 'False'
[0.498s] Level 5:colcon.colcon_core.verb:set package 'capstone' build argument 'ament_cmake_args' from command line to 'None'
[0.498s] Level 5:colcon.colcon_core.verb:set package 'capstone' build argument 'catkin_cmake_args' from command line to 'None'
[0.498s] Level 5:colcon.colcon_core.verb:set package 'capstone' build argument 'catkin_skip_building_tests' from command line to 'False'
[0.498s] DEBUG:colcon.colcon_core.verb:Building package 'capstone' with the following arguments: {'ament_cmake_args': None, 'build_base': '/home/su1jun/Desktop/Capstone/ros2_ws/build/capstone', 'catkin_cmake_args': None, 'catkin_skip_building_tests': False, 'cmake_args': None, 'cmake_clean_cache': False, 'cmake_clean_first': False, 'cmake_force_configure': False, 'cmake_target': None, 'cmake_target_skip_unavailable': False, 'install_base': '/home/su1jun/Desktop/Capstone/ros2_ws/install/capstone', 'merge_install': False, 'path': '/home/su1jun/Desktop/Capstone/ros2_ws/src/capstone', 'symlink_install': True, 'test_result_base': None}
[0.504s] Level 5:colcon.colcon_core.verb:set package 'robot' build argument 'cmake_args' from command line to 'None'
[0.504s] Level 5:colcon.colcon_core.verb:set package 'robot' build argument 'cmake_target' from command line to 'None'
[0.504s] Level 5:colcon.colcon_core.verb:set package 'robot' build argument 'cmake_target_skip_unavailable' from command line to 'False'
[0.504s] Level 5:colcon.colcon_core.verb:set package 'robot' build argument 'cmake_clean_cache' from command line to 'False'
[0.504s] Level 5:colcon.colcon_core.verb:set package 'robot' build argument 'cmake_clean_first' from command line to 'False'
[0.504s] Level 5:colcon.colcon_core.verb:set package 'robot' build argument 'cmake_force_configure' from command line to 'False'
[0.504s] Level 5:colcon.colcon_core.verb:set package 'robot' build argument 'ament_cmake_args' from command line to 'None'
[0.504s] Level 5:colcon.colcon_core.verb:set package 'robot' build argument 'catkin_cmake_args' from command line to 'None'
[0.504s] Level 5:colcon.colcon_core.verb:set package 'robot' build argument 'catkin_skip_building_tests' from command line to 'False'
[0.504s] DEBUG:colcon.colcon_core.verb:Building package 'robot' with the following arguments: {'ament_cmake_args': None, 'build_base': '/home/su1jun/Desktop/Capstone/ros2_ws/build/robot', 'catkin_cmake_args': None, 'catkin_skip_building_tests': False, 'cmake_args': None, 'cmake_clean_cache': False, 'cmake_clean_first': False, 'cmake_force_configure': False, 'cmake_target': None, 'cmake_target_skip_unavailable': False, 'install_base': '/home/su1jun/Desktop/Capstone/ros2_ws/install/robot', 'merge_install': False, 'path': '/home/su1jun/Desktop/Capstone/ros2_ws/src/robot', 'symlink_install': True, 'test_result_base': None}
[0.510s] INFO:colcon.colcon_core.executor:Executing jobs using 'parallel' executor
[0.521s] DEBUG:colcon.colcon_parallel_executor.executor.parallel:run_until_complete
[0.521s] INFO:colcon.colcon_ros.task.ament_cmake.build:Building ROS package in '/home/su1jun/Desktop/Capstone/ros2_ws/src/articubot_one' with build type 'ament_cmake'
[0.521s] INFO:colcon.colcon_cmake.task.cmake.build:Building CMake package in '/home/su1jun/Desktop/Capstone/ros2_ws/src/articubot_one'
[0.529s] INFO:colcon.colcon_core.plugin_system:Skipping extension 'colcon_core.shell.bat': Not used on non-Windows systems
[0.529s] INFO:colcon.colcon_core.shell:Skip shell extension 'powershell' for command environment: Not usable outside of PowerShell
[0.529s] DEBUG:colcon.colcon_core.shell:Skip shell extension 'dsv' for command environment
[0.549s] INFO:colcon.colcon_ros.task.ament_cmake.build:Building ROS package in '/home/su1jun/Desktop/Capstone/ros2_ws/src/capstone' with build type 'ament_cmake'
[0.549s] INFO:colcon.colcon_cmake.task.cmake.build:Building CMake package in '/home/su1jun/Desktop/Capstone/ros2_ws/src/capstone'
[0.555s] INFO:colcon.colcon_core.shell:Skip shell extension 'powershell' for command environment: Not usable outside of PowerShell
[0.555s] DEBUG:colcon.colcon_core.shell:Skip shell extension 'dsv' for command environment
[0.574s] INFO:colcon.colcon_ros.task.ament_python.build:Building ROS package in '/home/su1jun/Desktop/Capstone/ros2_ws/src/robot' with build type 'ament_python'
[0.574s] Level 1:colcon.colcon_core.shell:create_environment_hook('robot', 'ament_prefix_path')
[0.580s] INFO:colcon.colcon_core.shell:Creating environment hook '/home/su1jun/Desktop/Capstone/ros2_ws/install/robot/share/robot/hook/ament_prefix_path.ps1'
[0.581s] INFO:colcon.colcon_core.shell:Creating environment descriptor '/home/su1jun/Desktop/Capstone/ros2_ws/install/robot/share/robot/hook/ament_prefix_path.dsv'
[0.581s] INFO:colcon.colcon_core.shell:Creating environment hook '/home/su1jun/Desktop/Capstone/ros2_ws/install/robot/share/robot/hook/ament_prefix_path.sh'
[0.587s] INFO:colcon.colcon_core.shell:Skip shell extension 'powershell' for command environment: Not usable outside of PowerShell
[0.587s] DEBUG:colcon.colcon_core.shell:Skip shell extension 'dsv' for command environment
[0.609s] DEBUG:colcon.colcon_core.event_handler.log_command:Invoking command in '/home/su1jun/Desktop/Capstone/ros2_ws/build/articubot_one': CMAKE_PREFIX_PATH=${CMAKE_PREFIX_PATH}:/opt/ros/humble /usr/bin/cmake /home/su1jun/Desktop/Capstone/ros2_ws/src/articubot_one -DAMENT_CMAKE_SYMLINK_INSTALL=1 -DCMAKE_INSTALL_PREFIX=/home/su1jun/Desktop/Capstone/ros2_ws/install/articubot_one
[0.610s] DEBUG:colcon.colcon_core.event_handler.log_command:Invoking command in '/home/su1jun/Desktop/Capstone/ros2_ws/build/capstone': CMAKE_PREFIX_PATH=${CMAKE_PREFIX_PATH}:/opt/ros/humble /usr/bin/cmake /home/su1jun/Desktop/Capstone/ros2_ws/src/capstone -DAMENT_CMAKE_SYMLINK_INSTALL=1 -DCMAKE_INSTALL_PREFIX=/home/su1jun/Desktop/Capstone/ros2_ws/install/capstone
[0.696s] INFO:colcon.colcon_core.task.python.build:Building Python package in '/home/su1jun/Desktop/Capstone/ros2_ws/src/robot'
[0.703s] INFO:colcon.colcon_core.shell:Skip shell extension 'powershell' for command environment: Not usable outside of PowerShell
[0.703s] DEBUG:colcon.colcon_core.shell:Skip shell extension 'dsv' for command environment
[1.045s] DEBUG:colcon.colcon_core.event_handler.log_command:Invoking command in '/home/su1jun/Desktop/Capstone/ros2_ws/build/robot': PYTHONPATH=/home/su1jun/Desktop/Capstone/ros2_ws/build/robot/prefix_override:/home/su1jun/Desktop/Capstone/ros2_ws/install/robot/lib/python3.10/site-packages:${PYTHONPATH} /usr/bin/python3 setup.py develop --editable --build-directory /home/su1jun/Desktop/Capstone/ros2_ws/build/robot/build --no-deps install_data
[1.083s] DEBUG:colcon.colcon_core.event_handler.log_command:Invoked command in '/home/su1jun/Desktop/Capstone/ros2_ws/build/capstone' returned '0': CMAKE_PREFIX_PATH=${CMAKE_PREFIX_PATH}:/opt/ros/humble /usr/bin/cmake /home/su1jun/Desktop/Capstone/ros2_ws/src/capstone -DAMENT_CMAKE_SYMLINK_INSTALL=1 -DCMAKE_INSTALL_PREFIX=/home/su1jun/Desktop/Capstone/ros2_ws/install/capstone
[1.084s] DEBUG:colcon.colcon_core.event_handler.log_command:Invoking command in '/home/su1jun/Desktop/Capstone/ros2_ws/build/capstone': CMAKE_PREFIX_PATH=${CMAKE_PREFIX_PATH}:/opt/ros/humble /usr/bin/cmake --build /home/su1jun/Desktop/Capstone/ros2_ws/build/capstone -- -j20 -l20
[1.085s] DEBUG:colcon.colcon_core.event_handler.log_command:Invoked command in '/home/su1jun/Desktop/Capstone/ros2_ws/build/articubot_one' returned '0': CMAKE_PREFIX_PATH=${CMAKE_PREFIX_PATH}:/opt/ros/humble /usr/bin/cmake /home/su1jun/Desktop/Capstone/ros2_ws/src/articubot_one -DAMENT_CMAKE_SYMLINK_INSTALL=1 -DCMAKE_INSTALL_PREFIX=/home/su1jun/Desktop/Capstone/ros2_ws/install/articubot_one
[1.085s] DEBUG:colcon.colcon_core.event_handler.log_command:Invoking command in '/home/su1jun/Desktop/Capstone/ros2_ws/build/articubot_one': CMAKE_PREFIX_PATH=${CMAKE_PREFIX_PATH}:/opt/ros/humble /usr/bin/cmake --build /home/su1jun/Desktop/Capstone/ros2_ws/build/articubot_one -- -j20 -l20
[1.101s] DEBUG:colcon.colcon_core.event_handler.log_command:Invoked command in '/home/su1jun/Desktop/Capstone/ros2_ws/build/capstone' returned '0': CMAKE_PREFIX_PATH=${CMAKE_PREFIX_PATH}:/opt/ros/humble /usr/bin/cmake --build /home/su1jun/Desktop/Capstone/ros2_ws/build/capstone -- -j20 -l20
[1.102s] DEBUG:colcon.colcon_core.event_handler.log_command:Invoked command in '/home/su1jun/Desktop/Capstone/ros2_ws/build/articubot_one' returned '0': CMAKE_PREFIX_PATH=${CMAKE_PREFIX_PATH}:/opt/ros/humble /usr/bin/cmake --build /home/su1jun/Desktop/Capstone/ros2_ws/build/articubot_one -- -j20 -l20
[1.114s] DEBUG:colcon.colcon_core.event_handler.log_command:Invoking command in '/home/su1jun/Desktop/Capstone/ros2_ws/build/capstone': CMAKE_PREFIX_PATH=${CMAKE_PREFIX_PATH}:/opt/ros/humble /usr/bin/cmake --install /home/su1jun/Desktop/Capstone/ros2_ws/build/capstone
[1.115s] DEBUG:colcon.colcon_core.event_handler.log_command:Invoking command in '/home/su1jun/Desktop/Capstone/ros2_ws/build/articubot_one': CMAKE_PREFIX_PATH=${CMAKE_PREFIX_PATH}:/opt/ros/humble /usr/bin/cmake --install /home/su1jun/Desktop/Capstone/ros2_ws/build/articubot_one
[1.306s] Level 1:colcon.colcon_core.environment:create_environment_scripts_only(capstone)
[1.306s] DEBUG:colcon.colcon_core.event_handler.log_command:Invoked command in '/home/su1jun/Desktop/Capstone/ros2_ws/build/capstone' returned '0': CMAKE_PREFIX_PATH=${CMAKE_PREFIX_PATH}:/opt/ros/humble /usr/bin/cmake --install /home/su1jun/Desktop/Capstone/ros2_ws/build/capstone
[1.314s] Level 1:colcon.colcon_core.environment:checking '/home/su1jun/Desktop/Capstone/ros2_ws/install/capstone' for CMake module files
[1.314s] Level 1:colcon.colcon_core.environment:checking '/home/su1jun/Desktop/Capstone/ros2_ws/install/capstone' for CMake config files
[1.315s] Level 1:colcon.colcon_core.shell:create_environment_hook('capstone', 'cmake_prefix_path')
[1.321s] INFO:colcon.colcon_core.shell:Creating environment hook '/home/su1jun/Desktop/Capstone/ros2_ws/install/capstone/share/capstone/hook/cmake_prefix_path.ps1'
[1.321s] INFO:colcon.colcon_core.shell:Creating environment descriptor '/home/su1jun/Desktop/Capstone/ros2_ws/install/capstone/share/capstone/hook/cmake_prefix_path.dsv'
[1.321s] INFO:colcon.colcon_core.shell:Creating environment hook '/home/su1jun/Desktop/Capstone/ros2_ws/install/capstone/share/capstone/hook/cmake_prefix_path.sh'
[1.322s] Level 1:colcon.colcon_core.environment:checking '/home/su1jun/Desktop/Capstone/ros2_ws/install/capstone/bin'
[1.322s] Level 1:colcon.colcon_core.environment:checking '/home/su1jun/Desktop/Capstone/ros2_ws/install/capstone/lib/pkgconfig/capstone.pc'
[1.322s] Level 1:colcon.colcon_core.environment:checking '/home/su1jun/Desktop/Capstone/ros2_ws/install/capstone/lib/python3.10/site-packages'
[1.322s] Level 1:colcon.colcon_core.environment:checking '/home/su1jun/Desktop/Capstone/ros2_ws/install/capstone/bin'
[1.329s] INFO:colcon.colcon_core.shell:Creating package script '/home/su1jun/Desktop/Capstone/ros2_ws/install/capstone/share/capstone/package.ps1'
[1.329s] INFO:colcon.colcon_core.shell:Creating package descriptor '/home/su1jun/Desktop/Capstone/ros2_ws/install/capstone/share/capstone/package.dsv'
[1.329s] INFO:colcon.colcon_core.shell:Creating package script '/home/su1jun/Desktop/Capstone/ros2_ws/install/capstone/share/capstone/package.sh'
[1.330s] INFO:colcon.colcon_core.shell:Creating package script '/home/su1jun/Desktop/Capstone/ros2_ws/install/capstone/share/capstone/package.bash'
[1.330s] INFO:colcon.colcon_core.shell:Creating package script '/home/su1jun/Desktop/Capstone/ros2_ws/install/capstone/share/capstone/package.zsh'
[1.330s] Level 1:colcon.colcon_core.environment:create_file_with_runtime_dependencies(/home/su1jun/Desktop/Capstone/ros2_ws/install/capstone/share/colcon-core/packages/capstone)
[1.331s] Level 1:colcon.colcon_core.environment:create_environment_scripts_only(articubot_one)
[1.332s] DEBUG:colcon.colcon_core.event_handler.log_command:Invoked command in '/home/su1jun/Desktop/Capstone/ros2_ws/build/articubot_one' returned '0': CMAKE_PREFIX_PATH=${CMAKE_PREFIX_PATH}:/opt/ros/humble /usr/bin/cmake --install /home/su1jun/Desktop/Capstone/ros2_ws/build/articubot_one
[1.338s] Level 1:colcon.colcon_core.environment:checking '/home/su1jun/Desktop/Capstone/ros2_ws/install/articubot_one' for CMake module files
[1.338s] Level 1:colcon.colcon_core.environment:checking '/home/su1jun/Desktop/Capstone/ros2_ws/install/articubot_one' for CMake config files
[1.338s] Level 1:colcon.colcon_core.shell:create_environment_hook('articubot_one', 'cmake_prefix_path')
[1.344s] INFO:colcon.colcon_core.shell:Creating environment hook '/home/su1jun/Desktop/Capstone/ros2_ws/install/articubot_one/share/articubot_one/hook/cmake_prefix_path.ps1'
[1.345s] INFO:colcon.colcon_core.shell:Creating environment descriptor '/home/su1jun/Desktop/Capstone/ros2_ws/install/articubot_one/share/articubot_one/hook/cmake_prefix_path.dsv'
[1.345s] INFO:colcon.colcon_core.shell:Creating environment hook '/home/su1jun/Desktop/Capstone/ros2_ws/install/articubot_one/share/articubot_one/hook/cmake_prefix_path.sh'
[1.345s] Level 1:colcon.colcon_core.environment:checking '/home/su1jun/Desktop/Capstone/ros2_ws/install/articubot_one/bin'
[1.345s] Level 1:colcon.colcon_core.environment:checking '/home/su1jun/Desktop/Capstone/ros2_ws/install/articubot_one/lib/pkgconfig/articubot_one.pc'
[1.345s] Level 1:colcon.colcon_core.environment:checking '/home/su1jun/Desktop/Capstone/ros2_ws/install/articubot_one/lib/python3.10/site-packages'
[1.345s] Level 1:colcon.colcon_core.environment:checking '/home/su1jun/Desktop/Capstone/ros2_ws/install/articubot_one/bin'
[1.351s] INFO:colcon.colcon_core.shell:Creating package script '/home/su1jun/Desktop/Capstone/ros2_ws/install/articubot_one/share/articubot_one/package.ps1'
[1.351s] INFO:colcon.colcon_core.shell:Creating package descriptor '/home/su1jun/Desktop/Capstone/ros2_ws/install/articubot_one/share/articubot_one/package.dsv'
[1.352s] INFO:colcon.colcon_core.shell:Creating package script '/home/su1jun/Desktop/Capstone/ros2_ws/install/articubot_one/share/articubot_one/package.sh'
[1.352s] INFO:colcon.colcon_core.shell:Creating package script '/home/su1jun/Desktop/Capstone/ros2_ws/install/articubot_one/share/articubot_one/package.bash'
[1.352s] INFO:colcon.colcon_core.shell:Creating package script '/home/su1jun/Desktop/Capstone/ros2_ws/install/articubot_one/share/articubot_one/package.zsh'
[1.352s] Level 1:colcon.colcon_core.environment:create_file_with_runtime_dependencies(/home/su1jun/Desktop/Capstone/ros2_ws/install/articubot_one/share/colcon-core/packages/articubot_one)
[1.352s] Level 1:colcon.colcon_core.shell:create_environment_hook('robot', 'pythonpath_develop')
[1.353s] DEBUG:colcon.colcon_core.event_handler.log_command:Invoked command in '/home/su1jun/Desktop/Capstone/ros2_ws/build/robot' returned '0': PYTHONPATH=/home/su1jun/Desktop/Capstone/ros2_ws/build/robot/prefix_override:/home/su1jun/Desktop/Capstone/ros2_ws/install/robot/lib/python3.10/site-packages:${PYTHONPATH} /usr/bin/python3 setup.py develop --editable --build-directory /home/su1jun/Desktop/Capstone/ros2_ws/build/robot/build --no-deps install_data
[1.359s] INFO:colcon.colcon_core.shell:Creating environment hook '/home/su1jun/Desktop/Capstone/ros2_ws/build/robot/share/robot/hook/pythonpath_develop.ps1'
[1.359s] INFO:colcon.colcon_core.shell:Creating environment descriptor '/home/su1jun/Desktop/Capstone/ros2_ws/build/robot/share/robot/hook/pythonpath_develop.dsv'
[1.359s] INFO:colcon.colcon_core.shell:Creating environment hook '/home/su1jun/Desktop/Capstone/ros2_ws/build/robot/share/robot/hook/pythonpath_develop.sh'
[1.366s] Level 1:colcon.colcon_core.environment:checking '/home/su1jun/Desktop/Capstone/ros2_ws/install/robot' for CMake module files
[1.366s] Level 1:colcon.colcon_core.environment:checking '/home/su1jun/Desktop/Capstone/ros2_ws/install/robot' for CMake config files
[1.366s] Level 1:colcon.colcon_core.shell:create_environment_hook('robot', 'cmake_prefix_path')
[1.372s] INFO:colcon.colcon_core.shell:Creating environment hook '/home/su1jun/Desktop/Capstone/ros2_ws/install/robot/share/robot/hook/cmake_prefix_path.ps1'
[1.372s] INFO:colcon.colcon_core.shell:Creating environment descriptor '/home/su1jun/Desktop/Capstone/ros2_ws/install/robot/share/robot/hook/cmake_prefix_path.dsv'
[1.372s] INFO:colcon.colcon_core.shell:Creating environment hook '/home/su1jun/Desktop/Capstone/ros2_ws/install/robot/share/robot/hook/cmake_prefix_path.sh'
[1.372s] Level 1:colcon.colcon_core.environment:checking '/home/su1jun/Desktop/Capstone/ros2_ws/install/robot/lib'
[1.373s] Level 1:colcon.colcon_core.environment:checking '/home/su1jun/Desktop/Capstone/ros2_ws/install/robot/bin'
[1.373s] Level 1:colcon.colcon_core.environment:checking '/home/su1jun/Desktop/Capstone/ros2_ws/install/robot/lib/pkgconfig/robot.pc'
[1.373s] Level 1:colcon.colcon_core.environment:checking '/home/su1jun/Desktop/Capstone/ros2_ws/install/robot/lib/python3.10/site-packages'
[1.373s] Level 1:colcon.colcon_core.shell:create_environment_hook('robot', 'pythonpath')
[1.379s] INFO:colcon.colcon_core.shell:Creating environment hook '/home/su1jun/Desktop/Capstone/ros2_ws/install/robot/share/robot/hook/pythonpath.ps1'
[1.379s] INFO:colcon.colcon_core.shell:Creating environment descriptor '/home/su1jun/Desktop/Capstone/ros2_ws/install/robot/share/robot/hook/pythonpath.dsv'
[1.379s] INFO:colcon.colcon_core.shell:Creating environment hook '/home/su1jun/Desktop/Capstone/ros2_ws/install/robot/share/robot/hook/pythonpath.sh'
[1.379s] Level 1:colcon.colcon_core.environment:checking '/home/su1jun/Desktop/Capstone/ros2_ws/install/robot/bin'
[1.379s] Level 1:colcon.colcon_core.environment:create_environment_scripts_only(robot)
[1.385s] INFO:colcon.colcon_core.shell:Creating package script '/home/su1jun/Desktop/Capstone/ros2_ws/install/robot/share/robot/package.ps1'
[1.386s] INFO:colcon.colcon_core.shell:Creating package descriptor '/home/su1jun/Desktop/Capstone/ros2_ws/install/robot/share/robot/package.dsv'
[1.386s] INFO:colcon.colcon_core.shell:Creating package script '/home/su1jun/Desktop/Capstone/ros2_ws/install/robot/share/robot/package.sh'
[1.386s] INFO:colcon.colcon_core.shell:Creating package script '/home/su1jun/Desktop/Capstone/ros2_ws/install/robot/share/robot/package.bash'
[1.386s] INFO:colcon.colcon_core.shell:Creating package script '/home/su1jun/Desktop/Capstone/ros2_ws/install/robot/share/robot/package.zsh'
[1.386s] Level 1:colcon.colcon_core.environment:create_file_with_runtime_dependencies(/home/su1jun/Desktop/Capstone/ros2_ws/install/robot/share/colcon-core/packages/robot)
[1.393s] Level 1:colcon.colcon_core.environment:create_environment_scripts_only(capstone)
[1.400s] Level 1:colcon.colcon_core.environment:checking '/home/su1jun/Desktop/Capstone/ros2_ws/install/capstone' for CMake module files
[1.401s] Level 1:colcon.colcon_core.environment:checking '/home/su1jun/Desktop/Capstone/ros2_ws/install/capstone' for CMake config files
[1.401s] Level 1:colcon.colcon_core.shell:create_environment_hook('capstone', 'cmake_prefix_path')
[1.407s] INFO:colcon.colcon_core.shell:Creating environment hook '/home/su1jun/Desktop/Capstone/ros2_ws/install/capstone/share/capstone/hook/cmake_prefix_path.ps1'
[1.407s] INFO:colcon.colcon_core.shell:Creating environment descriptor '/home/su1jun/Desktop/Capstone/ros2_ws/install/capstone/share/capstone/hook/cmake_prefix_path.dsv'
[1.407s] INFO:colcon.colcon_core.shell:Creating environment hook '/home/su1jun/Desktop/Capstone/ros2_ws/install/capstone/share/capstone/hook/cmake_prefix_path.sh'
[1.408s] Level 1:colcon.colcon_core.environment:checking '/home/su1jun/Desktop/Capstone/ros2_ws/install/capstone/bin'
[1.408s] Level 1:colcon.colcon_core.environment:checking '/home/su1jun/Desktop/Capstone/ros2_ws/install/capstone/lib/pkgconfig/capstone.pc'
[1.408s] Level 1:colcon.colcon_core.environment:checking '/home/su1jun/Desktop/Capstone/ros2_ws/install/capstone/lib/python3.10/site-packages'
[1.408s] Level 1:colcon.colcon_core.environment:checking '/home/su1jun/Desktop/Capstone/ros2_ws/install/capstone/bin'
[1.414s] INFO:colcon.colcon_core.shell:Creating package script '/home/su1jun/Desktop/Capstone/ros2_ws/install/capstone/share/capstone/package.ps1'
[1.414s] INFO:colcon.colcon_core.shell:Creating package descriptor '/home/su1jun/Desktop/Capstone/ros2_ws/install/capstone/share/capstone/package.dsv'
[1.414s] INFO:colcon.colcon_core.shell:Creating package script '/home/su1jun/Desktop/Capstone/ros2_ws/install/capstone/share/capstone/package.sh'
[1.414s] INFO:colcon.colcon_core.shell:Creating package script '/home/su1jun/Desktop/Capstone/ros2_ws/install/capstone/share/capstone/package.bash'
[1.415s] INFO:colcon.colcon_core.shell:Creating package script '/home/su1jun/Desktop/Capstone/ros2_ws/install/capstone/share/capstone/package.zsh'
[1.415s] Level 1:colcon.colcon_core.environment:create_file_with_runtime_dependencies(/home/su1jun/Desktop/Capstone/ros2_ws/install/capstone/share/colcon-core/packages/capstone)
[1.421s] Level 1:colcon.colcon_core.environment:create_environment_scripts_only(articubot_one)
[1.427s] Level 1:colcon.colcon_core.environment:checking '/home/su1jun/Desktop/Capstone/ros2_ws/install/articubot_one' for CMake module files
[1.427s] Level 1:colcon.colcon_core.environment:checking '/home/su1jun/Desktop/Capstone/ros2_ws/install/articubot_one' for CMake config files
[1.427s] Level 1:colcon.colcon_core.shell:create_environment_hook('articubot_one', 'cmake_prefix_path')
[1.433s] INFO:colcon.colcon_core.shell:Creating environment hook '/home/su1jun/Desktop/Capstone/ros2_ws/install/articubot_one/share/articubot_one/hook/cmake_prefix_path.ps1'
[1.434s] INFO:colcon.colcon_core.shell:Creating environment descriptor '/home/su1jun/Desktop/Capstone/ros2_ws/install/articubot_one/share/articubot_one/hook/cmake_prefix_path.dsv'
[1.434s] INFO:colcon.colcon_core.shell:Creating environment hook '/home/su1jun/Desktop/Capstone/ros2_ws/install/articubot_one/share/articubot_one/hook/cmake_prefix_path.sh'
[1.434s] Level 1:colcon.colcon_core.environment:checking '/home/su1jun/Desktop/Capstone/ros2_ws/install/articubot_one/bin'
[1.434s] Level 1:colcon.colcon_core.environment:checking '/home/su1jun/Desktop/Capstone/ros2_ws/install/articubot_one/lib/pkgconfig/articubot_one.pc'
[1.434s] Level 1:colcon.colcon_core.environment:checking '/home/su1jun/Desktop/Capstone/ros2_ws/install/articubot_one/lib/python3.10/site-packages'
[1.434s] Level 1:colcon.colcon_core.environment:checking '/home/su1jun/Desktop/Capstone/ros2_ws/install/articubot_one/bin'
[1.440s] INFO:colcon.colcon_core.shell:Creating package script '/home/su1jun/Desktop/Capstone/ros2_ws/install/articubot_one/share/articubot_one/package.ps1'
[1.440s] INFO:colcon.colcon_core.shell:Creating package descriptor '/home/su1jun/Desktop/Capstone/ros2_ws/install/articubot_one/share/articubot_one/package.dsv'
[1.441s] INFO:colcon.colcon_core.shell:Creating package script '/home/su1jun/Desktop/Capstone/ros2_ws/install/articubot_one/share/articubot_one/package.sh'
[1.441s] INFO:colcon.colcon_core.shell:Creating package script '/home/su1jun/Desktop/Capstone/ros2_ws/install/articubot_one/share/articubot_one/package.bash'
[1.441s] INFO:colcon.colcon_core.shell:Creating package script '/home/su1jun/Desktop/Capstone/ros2_ws/install/articubot_one/share/articubot_one/package.zsh'
[1.441s] Level 1:colcon.colcon_core.environment:create_file_with_runtime_dependencies(/home/su1jun/Desktop/Capstone/ros2_ws/install/articubot_one/share/colcon-core/packages/articubot_one)
[1.441s] DEBUG:colcon.colcon_parallel_executor.executor.parallel:closing loop
[1.441s] DEBUG:colcon.colcon_parallel_executor.executor.parallel:loop closed
[1.441s] DEBUG:colcon.colcon_parallel_executor.executor.parallel:run_until_complete finished with '0'
[1.441s] DEBUG:colcon.colcon_core.event_reactor:joining thread
[1.450s] INFO:colcon.colcon_core.plugin_system:Skipping extension 'colcon_notification.desktop_notification.terminal_notifier': Not used on non-Darwin systems
[1.450s] INFO:colcon.colcon_core.plugin_system:Skipping extension 'colcon_notification.desktop_notification.win32': Not used on non-Windows systems
[1.450s] INFO:colcon.colcon_notification.desktop_notification:Sending desktop notification using 'notify2'
[1.458s] DEBUG:colcon.colcon_core.event_reactor:joined thread
[1.464s] INFO:colcon.colcon_core.shell:Creating prefix script '/home/su1jun/Desktop/Capstone/ros2_ws/install/local_setup.ps1'
[1.465s] INFO:colcon.colcon_core.shell:Creating prefix util module '/home/su1jun/Desktop/Capstone/ros2_ws/install/_local_setup_util_ps1.py'
[1.466s] INFO:colcon.colcon_core.shell:Creating prefix chain script '/home/su1jun/Desktop/Capstone/ros2_ws/install/setup.ps1'
[1.472s] INFO:colcon.colcon_core.shell:Creating prefix script '/home/su1jun/Desktop/Capstone/ros2_ws/install/local_setup.sh'
[1.473s] INFO:colcon.colcon_core.shell:Creating prefix util module '/home/su1jun/Desktop/Capstone/ros2_ws/install/_local_setup_util_sh.py'
[1.473s] INFO:colcon.colcon_core.shell:Creating prefix chain script '/home/su1jun/Desktop/Capstone/ros2_ws/install/setup.sh'
[1.480s] INFO:colcon.colcon_core.shell:Creating prefix script '/home/su1jun/Desktop/Capstone/ros2_ws/install/local_setup.bash'
[1.480s] INFO:colcon.colcon_core.shell:Creating prefix chain script '/home/su1jun/Desktop/Capstone/ros2_ws/install/setup.bash'
[1.486s] INFO:colcon.colcon_core.shell:Creating prefix script '/home/su1jun/Desktop/Capstone/ros2_ws/install/local_setup.zsh'
[1.487s] INFO:colcon.colcon_core.shell:Creating prefix chain script '/home/su1jun/Desktop/Capstone/ros2_ws/install/setup.zsh'
