running egg_info
writing ../../build/robot/robot.egg-info/PKG-INFO
writing dependency_links to ../../build/robot/robot.egg-info/dependency_links.txt
writing entry points to ../../build/robot/robot.egg-info/entry_points.txt
writing requirements to ../../build/robot/robot.egg-info/requires.txt
writing top-level names to ../../build/robot/robot.egg-info/top_level.txt
reading manifest file '../../build/robot/robot.egg-info/SOURCES.txt'
writing manifest file '../../build/robot/robot.egg-info/SOURCES.txt'
running build
running build_py
running install
running install_lib
running install_data
running install_egg_info
removing '/home/su1jun/Capstone/ros2_ws/install/robot/lib/python3.10/site-packages/robot-0.0.0-py3.10.egg-info' (and everything under it)
Copying ../../build/robot/robot.egg-info to /home/su1jun/Capstone/ros2_ws/install/robot/lib/python3.10/site-packages/robot-0.0.0-py3.10.egg-info
running install_scripts
Installing bluetooth script to /home/su1jun/Capstone/ros2_ws/install/robot/lib/robot
Installing map script to /home/su1jun/Capstone/ros2_ws/install/robot/lib/robot
Installing motor script to /home/su1jun/Capstone/ros2_ws/install/robot/lib/robot
Installing motor_btl script to /home/su1jun/Capstone/ros2_ws/install/robot/lib/robot
Installing odom script to /home/su1jun/Capstone/ros2_ws/install/robot/lib/robot
Installing switch script to /home/su1jun/Capstone/ros2_ws/install/robot/lib/robot
writing list of installed files to '/home/su1jun/Capstone/ros2_ws/build/robot/install.log'
