[1.031s] Invoking command in '/home/su1jun/Capstone/ros2_ws/src/robot': PYTHONPATH=/home/su1jun/Capstone/ros2_ws/build/robot/prefix_override:/usr/lib/python3/dist-packages/colcon_core/task/python/colcon_distutils_commands:/home/su1jun/Capstone/ros2_ws/install/robot/lib/python3.10/site-packages:${PYTHONPATH} /usr/bin/python3 -W ignore:setup.py install is deprecated setup.py egg_info --egg-base ../../build/robot build --build-base /home/su1jun/Capstone/ros2_ws/build/robot/build install --record /home/su1jun/Capstone/ros2_ws/build/robot/install.log --single-version-externally-managed install_data
[1.357s] running egg_info
[1.359s] writing ../../build/robot/robot.egg-info/PKG-INFO
[1.359s] writing dependency_links to ../../build/robot/robot.egg-info/dependency_links.txt
[1.360s] writing entry points to ../../build/robot/robot.egg-info/entry_points.txt
[1.361s] writing requirements to ../../build/robot/robot.egg-info/requires.txt
[1.361s] writing top-level names to ../../build/robot/robot.egg-info/top_level.txt
[1.364s] reading manifest file '../../build/robot/robot.egg-info/SOURCES.txt'
[1.366s] writing manifest file '../../build/robot/robot.egg-info/SOURCES.txt'
[1.367s] running build
[1.367s] running build_py
[1.368s] running install
[1.369s] running install_lib
[1.371s] running install_data
[1.371s] running install_egg_info
[1.374s] removing '/home/su1jun/Capstone/ros2_ws/install/robot/lib/python3.10/site-packages/robot-0.0.0-py3.10.egg-info' (and everything under it)
[1.376s] Copying ../../build/robot/robot.egg-info to /home/su1jun/Capstone/ros2_ws/install/robot/lib/python3.10/site-packages/robot-0.0.0-py3.10.egg-info
[1.383s] running install_scripts
[1.408s] Installing bluetooth script to /home/su1jun/Capstone/ros2_ws/install/robot/lib/robot
[1.408s] Installing map script to /home/su1jun/Capstone/ros2_ws/install/robot/lib/robot
[1.409s] Installing motor script to /home/su1jun/Capstone/ros2_ws/install/robot/lib/robot
[1.410s] Installing motor_btl script to /home/su1jun/Capstone/ros2_ws/install/robot/lib/robot
[1.410s] Installing odom script to /home/su1jun/Capstone/ros2_ws/install/robot/lib/robot
[1.411s] Installing switch script to /home/su1jun/Capstone/ros2_ws/install/robot/lib/robot
[1.413s] writing list of installed files to '/home/su1jun/Capstone/ros2_ws/build/robot/install.log'
[1.459s] Invoked command in '/home/su1jun/Capstone/ros2_ws/src/robot' returned '0': PYTHONPATH=/home/su1jun/Capstone/ros2_ws/build/robot/prefix_override:/usr/lib/python3/dist-packages/colcon_core/task/python/colcon_distutils_commands:/home/su1jun/Capstone/ros2_ws/install/robot/lib/python3.10/site-packages:${PYTHONPATH} /usr/bin/python3 -W ignore:setup.py install is deprecated setup.py egg_info --egg-base ../../build/robot build --build-base /home/su1jun/Capstone/ros2_ws/build/robot/build install --record /home/su1jun/Capstone/ros2_ws/build/robot/install.log --single-version-externally-managed install_data
