[0.043s] Invoking command in '/home/su1jun/Capstone/colcon_ws/build/vizanti': AMENT_PREFIX_PATH=/home/su1jun/Capstone/colcon_ws/install/vizanti_server:/home/su1jun/Capstone/colcon_ws/install/vizanti_msgs:${AMENT_PREFIX_PATH} CMAKE_PREFIX_PATH=/home/su1jun/Capstone/colcon_ws/install/vizanti_server:/home/su1jun/Capstone/colcon_ws/install/vizanti_msgs:/home/su1jun/ros2_ws/install/robot:/opt/ros/humble:${CMAKE_PREFIX_PATH} LD_LIBRARY_PATH=/home/su1jun/Capstone/colcon_ws/install/vizanti_msgs/lib:/home/su1jun/ros2_ws/install/ros2_control_demo_example_2/lib:/home/su1jun/ros2_ws/install/pigpio/lib:/usr/lib/x86_64-linux-gnu/gazebo-11/plugins:/opt/ros/humble/opt/rviz_ogre_vendor/lib:/opt/ros/humble/lib/x86_64-linux-gnu:/opt/ros/humble/lib:/usr/lib/x86_64-linux-gnu/gazebo-11/plugins PYTHONPATH=/home/su1jun/Capstone/colcon_ws/install/vizanti_msgs/local/lib/python3.10/dist-packages:${PYTHONPATH} /usr/bin/cmake /home/su1jun/Capstone/colcon_ws/src/vizanti/vizanti -DAMENT_CMAKE_SYMLINK_INSTALL=1 -DCMAKE_INSTALL_PREFIX=/home/su1jun/Capstone/colcon_ws/install/vizanti
[0.052s] -- Found ament_cmake_core: 1.3.8 (/opt/ros/humble/share/ament_cmake_core/cmake)
[0.232s] -- Found Python3: /usr/bin/python3 (found version "3.10.12") found components: Interpreter 
[0.263s] -- Override CMake install command with custom implementation using symlinks instead of copying resources
[0.304s] -- Configuring done
[0.305s] -- Generating done
[0.305s] -- Build files have been written to: /home/su1jun/Capstone/colcon_ws/build/vizanti
[0.307s] Invoked command in '/home/su1jun/Capstone/colcon_ws/build/vizanti' returned '0': AMENT_PREFIX_PATH=/home/su1jun/Capstone/colcon_ws/install/vizanti_server:/home/su1jun/Capstone/colcon_ws/install/vizanti_msgs:${AMENT_PREFIX_PATH} CMAKE_PREFIX_PATH=/home/su1jun/Capstone/colcon_ws/install/vizanti_server:/home/su1jun/Capstone/colcon_ws/install/vizanti_msgs:/home/su1jun/ros2_ws/install/robot:/opt/ros/humble:${CMAKE_PREFIX_PATH} LD_LIBRARY_PATH=/home/su1jun/Capstone/colcon_ws/install/vizanti_msgs/lib:/home/su1jun/ros2_ws/install/ros2_control_demo_example_2/lib:/home/su1jun/ros2_ws/install/pigpio/lib:/usr/lib/x86_64-linux-gnu/gazebo-11/plugins:/opt/ros/humble/opt/rviz_ogre_vendor/lib:/opt/ros/humble/lib/x86_64-linux-gnu:/opt/ros/humble/lib:/usr/lib/x86_64-linux-gnu/gazebo-11/plugins PYTHONPATH=/home/su1jun/Capstone/colcon_ws/install/vizanti_msgs/local/lib/python3.10/dist-packages:${PYTHONPATH} /usr/bin/cmake /home/su1jun/Capstone/colcon_ws/src/vizanti/vizanti -DAMENT_CMAKE_SYMLINK_INSTALL=1 -DCMAKE_INSTALL_PREFIX=/home/su1jun/Capstone/colcon_ws/install/vizanti
[0.307s] Invoking command in '/home/su1jun/Capstone/colcon_ws/build/vizanti': AMENT_PREFIX_PATH=/home/su1jun/Capstone/colcon_ws/install/vizanti_server:/home/su1jun/Capstone/colcon_ws/install/vizanti_msgs:${AMENT_PREFIX_PATH} CMAKE_PREFIX_PATH=/home/su1jun/Capstone/colcon_ws/install/vizanti_server:/home/su1jun/Capstone/colcon_ws/install/vizanti_msgs:/home/su1jun/ros2_ws/install/robot:/opt/ros/humble:${CMAKE_PREFIX_PATH} LD_LIBRARY_PATH=/home/su1jun/Capstone/colcon_ws/install/vizanti_msgs/lib:/home/su1jun/ros2_ws/install/ros2_control_demo_example_2/lib:/home/su1jun/ros2_ws/install/pigpio/lib:/usr/lib/x86_64-linux-gnu/gazebo-11/plugins:/opt/ros/humble/opt/rviz_ogre_vendor/lib:/opt/ros/humble/lib/x86_64-linux-gnu:/opt/ros/humble/lib:/usr/lib/x86_64-linux-gnu/gazebo-11/plugins PYTHONPATH=/home/su1jun/Capstone/colcon_ws/install/vizanti_msgs/local/lib/python3.10/dist-packages:${PYTHONPATH} /usr/bin/cmake --build /home/su1jun/Capstone/colcon_ws/build/vizanti -- -j20 -l20
[0.326s] Invoked command in '/home/su1jun/Capstone/colcon_ws/build/vizanti' returned '0': AMENT_PREFIX_PATH=/home/su1jun/Capstone/colcon_ws/install/vizanti_server:/home/su1jun/Capstone/colcon_ws/install/vizanti_msgs:${AMENT_PREFIX_PATH} CMAKE_PREFIX_PATH=/home/su1jun/Capstone/colcon_ws/install/vizanti_server:/home/su1jun/Capstone/colcon_ws/install/vizanti_msgs:/home/su1jun/ros2_ws/install/robot:/opt/ros/humble:${CMAKE_PREFIX_PATH} LD_LIBRARY_PATH=/home/su1jun/Capstone/colcon_ws/install/vizanti_msgs/lib:/home/su1jun/ros2_ws/install/ros2_control_demo_example_2/lib:/home/su1jun/ros2_ws/install/pigpio/lib:/usr/lib/x86_64-linux-gnu/gazebo-11/plugins:/opt/ros/humble/opt/rviz_ogre_vendor/lib:/opt/ros/humble/lib/x86_64-linux-gnu:/opt/ros/humble/lib:/usr/lib/x86_64-linux-gnu/gazebo-11/plugins PYTHONPATH=/home/su1jun/Capstone/colcon_ws/install/vizanti_msgs/local/lib/python3.10/dist-packages:${PYTHONPATH} /usr/bin/cmake --build /home/su1jun/Capstone/colcon_ws/build/vizanti -- -j20 -l20
[0.338s] Invoking command in '/home/su1jun/Capstone/colcon_ws/build/vizanti': AMENT_PREFIX_PATH=/home/su1jun/Capstone/colcon_ws/install/vizanti_server:/home/su1jun/Capstone/colcon_ws/install/vizanti_msgs:${AMENT_PREFIX_PATH} CMAKE_PREFIX_PATH=/home/su1jun/Capstone/colcon_ws/install/vizanti_server:/home/su1jun/Capstone/colcon_ws/install/vizanti_msgs:/home/su1jun/ros2_ws/install/robot:/opt/ros/humble:${CMAKE_PREFIX_PATH} LD_LIBRARY_PATH=/home/su1jun/Capstone/colcon_ws/install/vizanti_msgs/lib:/home/su1jun/ros2_ws/install/ros2_control_demo_example_2/lib:/home/su1jun/ros2_ws/install/pigpio/lib:/usr/lib/x86_64-linux-gnu/gazebo-11/plugins:/opt/ros/humble/opt/rviz_ogre_vendor/lib:/opt/ros/humble/lib/x86_64-linux-gnu:/opt/ros/humble/lib:/usr/lib/x86_64-linux-gnu/gazebo-11/plugins PYTHONPATH=/home/su1jun/Capstone/colcon_ws/install/vizanti_msgs/local/lib/python3.10/dist-packages:${PYTHONPATH} /usr/bin/cmake --install /home/su1jun/Capstone/colcon_ws/build/vizanti
[0.344s] -- Install configuration: ""
[0.344s] -- Execute custom install script
[0.344s] -- Symlinking: /home/su1jun/Capstone/colcon_ws/install/vizanti/share/ament_index/resource_index/package_run_dependencies/vizanti
[0.350s] -- Symlinking: /home/su1jun/Capstone/colcon_ws/install/vizanti/share/ament_index/resource_index/parent_prefix_path/vizanti
[0.355s] -- Symlinking: /home/su1jun/Capstone/colcon_ws/install/vizanti/share/vizanti/environment/ament_prefix_path.sh
[0.359s] -- Symlinking: /home/su1jun/Capstone/colcon_ws/install/vizanti/share/vizanti/environment/ament_prefix_path.dsv
[0.362s] -- Symlinking: /home/su1jun/Capstone/colcon_ws/install/vizanti/share/vizanti/environment/path.sh
[0.366s] -- Symlinking: /home/su1jun/Capstone/colcon_ws/install/vizanti/share/vizanti/environment/path.dsv
[0.370s] -- Symlinking: /home/su1jun/Capstone/colcon_ws/install/vizanti/share/vizanti/local_setup.bash
[0.374s] -- Symlinking: /home/su1jun/Capstone/colcon_ws/install/vizanti/share/vizanti/local_setup.sh
[0.377s] -- Symlinking: /home/su1jun/Capstone/colcon_ws/install/vizanti/share/vizanti/local_setup.zsh
[0.381s] -- Symlinking: /home/su1jun/Capstone/colcon_ws/install/vizanti/share/vizanti/local_setup.dsv
[0.385s] -- Symlinking: /home/su1jun/Capstone/colcon_ws/install/vizanti/share/vizanti/package.dsv
[0.388s] -- Symlinking: /home/su1jun/Capstone/colcon_ws/install/vizanti/share/ament_index/resource_index/packages/vizanti
[0.392s] -- Symlinking: /home/su1jun/Capstone/colcon_ws/install/vizanti/share/vizanti/cmake/vizantiConfig.cmake
[0.396s] -- Symlinking: /home/su1jun/Capstone/colcon_ws/install/vizanti/share/vizanti/cmake/vizantiConfig-version.cmake
[0.399s] -- Symlinking: /home/su1jun/Capstone/colcon_ws/install/vizanti/share/vizanti/package.xml
[0.404s] Invoked command in '/home/su1jun/Capstone/colcon_ws/build/vizanti' returned '0': AMENT_PREFIX_PATH=/home/su1jun/Capstone/colcon_ws/install/vizanti_server:/home/su1jun/Capstone/colcon_ws/install/vizanti_msgs:${AMENT_PREFIX_PATH} CMAKE_PREFIX_PATH=/home/su1jun/Capstone/colcon_ws/install/vizanti_server:/home/su1jun/Capstone/colcon_ws/install/vizanti_msgs:/home/su1jun/ros2_ws/install/robot:/opt/ros/humble:${CMAKE_PREFIX_PATH} LD_LIBRARY_PATH=/home/su1jun/Capstone/colcon_ws/install/vizanti_msgs/lib:/home/su1jun/ros2_ws/install/ros2_control_demo_example_2/lib:/home/su1jun/ros2_ws/install/pigpio/lib:/usr/lib/x86_64-linux-gnu/gazebo-11/plugins:/opt/ros/humble/opt/rviz_ogre_vendor/lib:/opt/ros/humble/lib/x86_64-linux-gnu:/opt/ros/humble/lib:/usr/lib/x86_64-linux-gnu/gazebo-11/plugins PYTHONPATH=/home/su1jun/Capstone/colcon_ws/install/vizanti_msgs/local/lib/python3.10/dist-packages:${PYTHONPATH} /usr/bin/cmake --install /home/su1jun/Capstone/colcon_ws/build/vizanti
