-- The C compiler identification is GNU 11.4.0
-- The CXX compiler identification is GNU 11.4.0
-- Detecting C compiler ABI info
-- Detecting C compiler ABI info - done
-- Check for working C compiler: /usr/bin/cc - skipped
-- Detecting C compile features
-- Detecting C compile features - done
-- Detecting CXX compiler ABI info
-- Detecting CXX compiler ABI info - done
-- Check for working CXX compiler: /usr/bin/c++ - skipped
-- Detecting CXX compile features
-- Detecting CXX compile features - done
-- Found ament_cmake: 1.3.8 (/opt/ros/humble/share/ament_cmake/cmake)
-- Found Python3: /usr/bin/python3 (found version "3.10.12") found components: Interpreter 
-- Found rclcpp: 16.0.8 (/opt/ros/humble/share/rclcpp/cmake)
-- Found rosidl_generator_c: 3.1.5 (/opt/ros/humble/share/rosidl_generator_c/cmake)
-- Found rosidl_adapter: 3.1.5 (/opt/ros/humble/share/rosidl_adapter/cmake)
-- Found rosidl_generator_cpp: 3.1.5 (/opt/ros/humble/share/rosidl_generator_cpp/cmake)
-- Using all available rosidl_typesupport_c: rosidl_typesupport_fastrtps_c;rosidl_typesupport_introspection_c
-- Using all available rosidl_typesupport_cpp: rosidl_typesupport_fastrtps_cpp;rosidl_typesupport_introspection_cpp
-- Found rmw_implementation_cmake: 6.1.1 (/opt/ros/humble/share/rmw_implementation_cmake/cmake)
-- Found rmw_fastrtps_cpp: 6.2.6 (/opt/ros/humble/share/rmw_fastrtps_cpp/cmake)
-- Found OpenSSL: /usr/lib/x86_64-linux-gnu/libcrypto.so (found version "3.0.2")  
-- Found FastRTPS: /opt/ros/humble/include  
-- Using RMW implementation 'rmw_fastrtps_cpp' as default
-- Looking for pthread.h
-- Looking for pthread.h - found
-- Performing Test CMAKE_HAVE_LIBC_PTHREAD
-- Performing Test CMAKE_HAVE_LIBC_PTHREAD - Success
-- Found Threads: TRUE  
-- Found rclpy: 3.3.12 (/opt/ros/humble/share/rclpy/cmake)
-- Found std_srvs: 4.2.3 (/opt/ros/humble/share/std_srvs/cmake)
-- Found tf2_msgs: 0.25.6 (/opt/ros/humble/share/tf2_msgs/cmake)
-- Found vizanti_msgs: 0.1.0 (/home/su1jun/Capstone/colcon_ws/install/vizanti_msgs/share/vizanti_msgs/cmake)
-- Found visualization_msgs: 4.2.3 (/opt/ros/humble/share/visualization_msgs/cmake)
-- Configuring done
-- Generating done
-- Build files have been written to: /home/su1jun/Capstone/colcon_ws/build/vizanti_demos
-- Install configuration: ""
-- Installing: /home/su1jun/Capstone/colcon_ws/install/vizanti_demos/share/vizanti_demos//launch
-- Installing: /home/su1jun/Capstone/colcon_ws/install/vizanti_demos/share/vizanti_demos//launch/test.launch.py
-- Installing: /home/su1jun/Capstone/colcon_ws/install/vizanti_demos/lib/vizanti_demos/particle_cloud_to_pose_array.py
-- Installing: /home/su1jun/Capstone/colcon_ws/install/vizanti_demos/lib/vizanti_demos/path_to_nav2poses.py
-- Installing: /home/su1jun/Capstone/colcon_ws/install/vizanti_demos/lib/vizanti_demos/test_grid_cells.py
-- Installing: /home/su1jun/Capstone/colcon_ws/install/vizanti_demos/lib/vizanti_demos/test_marker_array.py
-- Installing: /home/su1jun/Capstone/colcon_ws/install/vizanti_demos/share/ament_index/resource_index/package_run_dependencies/vizanti_demos
-- Installing: /home/su1jun/Capstone/colcon_ws/install/vizanti_demos/share/ament_index/resource_index/parent_prefix_path/vizanti_demos
-- Installing: /home/su1jun/Capstone/colcon_ws/install/vizanti_demos/share/vizanti_demos/environment/ament_prefix_path.sh
-- Installing: /home/su1jun/Capstone/colcon_ws/install/vizanti_demos/share/vizanti_demos/environment/ament_prefix_path.dsv
-- Installing: /home/su1jun/Capstone/colcon_ws/install/vizanti_demos/share/vizanti_demos/environment/path.sh
-- Installing: /home/su1jun/Capstone/colcon_ws/install/vizanti_demos/share/vizanti_demos/environment/path.dsv
-- Installing: /home/su1jun/Capstone/colcon_ws/install/vizanti_demos/share/vizanti_demos/local_setup.bash
-- Installing: /home/su1jun/Capstone/colcon_ws/install/vizanti_demos/share/vizanti_demos/local_setup.sh
-- Installing: /home/su1jun/Capstone/colcon_ws/install/vizanti_demos/share/vizanti_demos/local_setup.zsh
-- Installing: /home/su1jun/Capstone/colcon_ws/install/vizanti_demos/share/vizanti_demos/local_setup.dsv
-- Installing: /home/su1jun/Capstone/colcon_ws/install/vizanti_demos/share/vizanti_demos/package.dsv
-- Installing: /home/su1jun/Capstone/colcon_ws/install/vizanti_demos/share/ament_index/resource_index/packages/vizanti_demos
-- Installing: /home/su1jun/Capstone/colcon_ws/install/vizanti_demos/share/vizanti_demos/cmake/vizanti_demosConfig.cmake
-- Installing: /home/su1jun/Capstone/colcon_ws/install/vizanti_demos/share/vizanti_demos/cmake/vizanti_demosConfig-version.cmake
-- Installing: /home/su1jun/Capstone/colcon_ws/install/vizanti_demos/share/vizanti_demos/package.xml
