[35m[1mConsolidate compiler generated dependencies of target dynamixel_hardware[0m
[100%] Built target dynamixel_hardware
-- Install configuration: ""
-- Execute custom install script
-- Symlinking: /home/su1jun/Capstone/ros2_ws/install/dynamixel_hardware/share/dynamixel_hardware//dynamixel_hardware.xml
-- Symlinking: /home/su1jun/Capstone/ros2_ws/install/dynamixel_hardware/lib/libdynamixel_hardware.so
-- Symlinking: /home/su1jun/Capstone/ros2_ws/install/dynamixel_hardware/include/dynamixel_hardware/dynamixel_hardware.hpp
-- Symlinking: /home/su1jun/Capstone/ros2_ws/install/dynamixel_hardware/include/dynamixel_hardware/visiblity_control.h
-- Symlinking: /home/su1jun/Capstone/ros2_ws/install/dynamixel_hardware/share/dynamixel_hardware/environment/library_path.sh
-- Symlinking: /home/su1jun/Capstone/ros2_ws/install/dynamixel_hardware/share/dynamixel_hardware/environment/library_path.dsv
-- Symlinking: /home/su1jun/Capstone/ros2_ws/install/dynamixel_hardware/share/ament_index/resource_index/package_run_dependencies/dynamixel_hardware
-- Symlinking: /home/su1jun/Capstone/ros2_ws/install/dynamixel_hardware/share/ament_index/resource_index/parent_prefix_path/dynamixel_hardware
-- Symlinking: /home/su1jun/Capstone/ros2_ws/install/dynamixel_hardware/share/dynamixel_hardware/environment/ament_prefix_path.sh
-- Symlinking: /home/su1jun/Capstone/ros2_ws/install/dynamixel_hardware/share/dynamixel_hardware/environment/ament_prefix_path.dsv
-- Symlinking: /home/su1jun/Capstone/ros2_ws/install/dynamixel_hardware/share/dynamixel_hardware/environment/path.sh
-- Symlinking: /home/su1jun/Capstone/ros2_ws/install/dynamixel_hardware/share/dynamixel_hardware/environment/path.dsv
-- Symlinking: /home/su1jun/Capstone/ros2_ws/install/dynamixel_hardware/share/dynamixel_hardware/local_setup.bash
-- Symlinking: /home/su1jun/Capstone/ros2_ws/install/dynamixel_hardware/share/dynamixel_hardware/local_setup.sh
-- Symlinking: /home/su1jun/Capstone/ros2_ws/install/dynamixel_hardware/share/dynamixel_hardware/local_setup.zsh
-- Symlinking: /home/su1jun/Capstone/ros2_ws/install/dynamixel_hardware/share/dynamixel_hardware/local_setup.dsv
-- Symlinking: /home/su1jun/Capstone/ros2_ws/install/dynamixel_hardware/share/dynamixel_hardware/package.dsv
-- Symlinking: /home/su1jun/Capstone/ros2_ws/install/dynamixel_hardware/share/ament_index/resource_index/packages/dynamixel_hardware
-- Symlinking: /home/su1jun/Capstone/ros2_ws/install/dynamixel_hardware/share/ament_index/resource_index/hardware_interface__pluginlib__plugin/dynamixel_hardware
-- Symlinking: /home/su1jun/Capstone/ros2_ws/install/dynamixel_hardware/share/dynamixel_hardware/cmake/ament_cmake_export_include_directories-extras.cmake
-- Symlinking: /home/su1jun/Capstone/ros2_ws/install/dynamixel_hardware/share/dynamixel_hardware/cmake/ament_cmake_export_libraries-extras.cmake
-- Symlinking: /home/su1jun/Capstone/ros2_ws/install/dynamixel_hardware/share/dynamixel_hardware/cmake/ament_cmake_export_dependencies-extras.cmake
-- Symlinking: /home/su1jun/Capstone/ros2_ws/install/dynamixel_hardware/share/dynamixel_hardware/cmake/dynamixel_hardwareConfig.cmake
-- Symlinking: /home/su1jun/Capstone/ros2_ws/install/dynamixel_hardware/share/dynamixel_hardware/cmake/dynamixel_hardwareConfig-version.cmake
-- Symlinking: /home/su1jun/Capstone/ros2_ws/install/dynamixel_hardware/share/dynamixel_hardware/package.xml
