[1.135s] Invoking command in '/home/su1jun/Capstone/ros2_ws/build/robot': PYTHONPATH=/home/su1jun/Capstone/ros2_ws/build/robot/prefix_override:/usr/lib/python3/dist-packages/colcon_core/task/python/colcon_distutils_commands:/home/su1jun/Capstone/ros2_ws/install/robot/lib/python3.10/site-packages:${PYTHONPATH} /usr/bin/python3 -W ignore:setup.py install is deprecated setup.py develop --editable --build-directory /home/su1jun/Capstone/ros2_ws/build/robot/build --no-deps symlink_data --force
[1.587s] running develop
[1.590s] /usr/lib/python3/dist-packages/setuptools/command/easy_install.py:158: EasyInstallDeprecationWarning: easy_install command is deprecated. Use build and pip and other standards-based tools.
[1.590s]   warnings.warn(
[1.897s] running egg_info
[1.900s] writing robot.egg-info/PKG-INFO
[1.900s] writing dependency_links to robot.egg-info/dependency_links.txt
[1.900s] writing entry points to robot.egg-info/entry_points.txt
[1.900s] writing requirements to robot.egg-info/requires.txt
[1.902s] writing top-level names to robot.egg-info/top_level.txt
[1.905s] reading manifest file 'robot.egg-info/SOURCES.txt'
[1.907s] writing manifest file 'robot.egg-info/SOURCES.txt'
[1.909s] running build_ext
[1.909s] Creating /home/su1jun/Capstone/ros2_ws/install/robot/lib/python3.10/site-packages/robot.egg-link (link to .)
[1.910s] Installing bluetooth script to /home/su1jun/Capstone/ros2_ws/install/robot/lib/robot
[1.910s] Installing map script to /home/su1jun/Capstone/ros2_ws/install/robot/lib/robot
[1.911s] Installing motor script to /home/su1jun/Capstone/ros2_ws/install/robot/lib/robot
[1.911s] Installing motor_btl script to /home/su1jun/Capstone/ros2_ws/install/robot/lib/robot
[1.911s] Installing odom script to /home/su1jun/Capstone/ros2_ws/install/robot/lib/robot
[1.911s] Installing switch script to /home/su1jun/Capstone/ros2_ws/install/robot/lib/robot
[1.912s] 
[1.914s] Installed /home/su1jun/Capstone/ros2_ws/build/robot
[1.915s] running symlink_data
[1.915s] symbolically linking /home/su1jun/Capstone/ros2_ws/build/robot/resource/robot -> /home/su1jun/Capstone/ros2_ws/install/robot/share/ament_index/resource_index/packages
[1.915s] symbolically linking /home/su1jun/Capstone/ros2_ws/build/robot/package.xml -> /home/su1jun/Capstone/ros2_ws/install/robot/share/robot
[1.967s] Invoked command in '/home/su1jun/Capstone/ros2_ws/build/robot' returned '0': PYTHONPATH=/home/su1jun/Capstone/ros2_ws/build/robot/prefix_override:/usr/lib/python3/dist-packages/colcon_core/task/python/colcon_distutils_commands:/home/su1jun/Capstone/ros2_ws/install/robot/lib/python3.10/site-packages:${PYTHONPATH} /usr/bin/python3 -W ignore:setup.py install is deprecated setup.py develop --editable --build-directory /home/su1jun/Capstone/ros2_ws/build/robot/build --no-deps symlink_data --force
