[0.071s] Invoking command in '/home/su1jun/Capstone/colcon_ws/build/vizanti_msgs': CMAKE_PREFIX_PATH=/home/su1jun/ros2_ws/install/robot:/opt/ros/humble:${CMAKE_PREFIX_PATH} /usr/bin/cmake /home/su1jun/Capstone/colcon_ws/src/vizanti/vizanti_msgs -DCMAKE_INSTALL_PREFIX=/home/su1jun/Capstone/colcon_ws/install/vizanti_msgs
[0.127s] -- The C compiler identification is GNU 11.4.0
[0.175s] -- The CXX compiler identification is GNU 11.4.0
[0.180s] -- Detecting C compiler ABI info
[0.218s] -- Detecting C compiler ABI info - done
[0.222s] -- Check for working C compiler: /usr/bin/cc - skipped
[0.222s] -- Detecting C compile features
[0.222s] -- Detecting C compile features - done
[0.224s] -- Detecting CXX compiler ABI info
[0.260s] -- Detecting CXX compiler ABI info - done
[0.264s] -- Check for working CXX compiler: /usr/bin/c++ - skipped
[0.264s] -- Detecting CXX compile features
[0.264s] -- Detecting CXX compile features - done
[0.267s] -- Found ament_cmake: 1.3.8 (/opt/ros/humble/share/ament_cmake/cmake)
[0.430s] -- Found Python3: /usr/bin/python3 (found version "3.10.12") found components: Interpreter 
[0.517s] -- Found rosidl_default_generators: 1.2.0 (/opt/ros/humble/share/rosidl_default_generators/cmake)
[0.520s] -- Using all available rosidl_typesupport_c: rosidl_typesupport_fastrtps_c;rosidl_typesupport_introspection_c
[0.524s] -- Found rosidl_adapter: 3.1.5 (/opt/ros/humble/share/rosidl_adapter/cmake)
[0.552s] -- Using all available rosidl_typesupport_cpp: rosidl_typesupport_fastrtps_cpp;rosidl_typesupport_introspection_cpp
[0.571s] -- Found std_msgs: 4.2.3 (/opt/ros/humble/share/std_msgs/cmake)
[0.602s] -- Found nav_msgs: 4.2.3 (/opt/ros/humble/share/nav_msgs/cmake)
[0.665s] -- Found actionlib_msgs: 4.2.3 (/opt/ros/humble/share/actionlib_msgs/cmake)
[0.868s] -- Found ament_cmake_ros: 0.10.0 (/opt/ros/humble/share/ament_cmake_ros/cmake)
[1.014s] -- Using all available rosidl_typesupport_c: rosidl_typesupport_fastrtps_c;rosidl_typesupport_introspection_c
[1.181s] -- Using all available rosidl_typesupport_cpp: rosidl_typesupport_fastrtps_cpp;rosidl_typesupport_introspection_cpp
[1.193s] -- Found PythonInterp: /usr/bin/python3 (found suitable version "3.10.12", minimum required is "3.6") 
[1.194s] -- Found python_cmake_module: 0.10.0 (/opt/ros/humble/share/python_cmake_module/cmake)
[1.208s] -- Found PythonLibs: /usr/lib/x86_64-linux-gnu/libpython3.10.so (found suitable version "3.10.12", minimum required is "3.5") 
[1.208s] -- Using PYTHON_EXECUTABLE: /usr/bin/python3
[1.208s] -- Using PYTHON_INCLUDE_DIRS: /usr/include/python3.10
[1.208s] -- Using PYTHON_LIBRARIES: /usr/lib/x86_64-linux-gnu/libpython3.10.so
[1.218s] -- Found PythonExtra: .so  
[1.256s] -- Configuring done
[1.277s] -- Generating done
[1.278s] -- Build files have been written to: /home/su1jun/Capstone/colcon_ws/build/vizanti_msgs
[1.283s] Invoked command in '/home/su1jun/Capstone/colcon_ws/build/vizanti_msgs' returned '0': CMAKE_PREFIX_PATH=/home/su1jun/ros2_ws/install/robot:/opt/ros/humble:${CMAKE_PREFIX_PATH} /usr/bin/cmake /home/su1jun/Capstone/colcon_ws/src/vizanti/vizanti_msgs -DCMAKE_INSTALL_PREFIX=/home/su1jun/Capstone/colcon_ws/install/vizanti_msgs
[1.283s] Invoking command in '/home/su1jun/Capstone/colcon_ws/build/vizanti_msgs': CMAKE_PREFIX_PATH=/home/su1jun/ros2_ws/install/robot:/opt/ros/humble:${CMAKE_PREFIX_PATH} /usr/bin/cmake --build /home/su1jun/Capstone/colcon_ws/build/vizanti_msgs -- -j20 -l20
[1.303s] [  1%] [34m[1mGenerating C code for ROS interfaces[0m
[1.308s] [  2%] [34m[1mGenerating C++ code for ROS interfaces[0m
[1.310s] [  2%] Built target ament_cmake_python_copy_vizanti_msgs
[1.410s] running egg_info
[1.410s] creating vizanti_msgs.egg-info
[1.417s] writing vizanti_msgs.egg-info/PKG-INFO
[1.417s] writing dependency_links to vizanti_msgs.egg-info/dependency_links.txt
[1.417s] writing top-level names to vizanti_msgs.egg-info/top_level.txt
[1.417s] writing manifest file 'vizanti_msgs.egg-info/SOURCES.txt'
[1.440s] reading manifest file 'vizanti_msgs.egg-info/SOURCES.txt'
[1.440s] writing manifest file 'vizanti_msgs.egg-info/SOURCES.txt'
[1.452s] [  2%] Built target ament_cmake_python_build_vizanti_msgs_egg
[1.622s] [  2%] Built target vizanti_msgs__cpp
[1.628s] [  3%] [34m[1mGenerating C++ type support dispatch for ROS interfaces[0m
[1.628s] [  4%] [34m[1mGenerating C++ introspection for ROS interfaces[0m
[1.628s] [  5%] [34m[1mGenerating C++ type support for eProsima Fast-RTPS[0m
[1.638s] [  6%] [32mBuilding C object CMakeFiles/vizanti_msgs__rosidl_generator_c.dir/rosidl_generator_c/vizanti_msgs/srv/detail/save_map__functions.c.o[0m
[1.638s] [  8%] [32mBuilding C object CMakeFiles/vizanti_msgs__rosidl_generator_c.dir/rosidl_generator_c/vizanti_msgs/srv/detail/set_node_parameter__functions.c.o[0m
[1.639s] [  9%] [32mBuilding C object CMakeFiles/vizanti_msgs__rosidl_generator_c.dir/rosidl_generator_c/vizanti_msgs/srv/detail/get_node_parameters__functions.c.o[0m
[1.640s] [ 10%] [32mBuilding C object CMakeFiles/vizanti_msgs__rosidl_generator_c.dir/rosidl_generator_c/vizanti_msgs/srv/detail/load_map__functions.c.o[0m
[1.640s] [ 11%] [32mBuilding C object CMakeFiles/vizanti_msgs__rosidl_generator_c.dir/rosidl_generator_c/vizanti_msgs/srv/detail/record_rosbag__functions.c.o[0m
[1.640s] [ 12%] [32mBuilding C object CMakeFiles/vizanti_msgs__rosidl_generator_c.dir/rosidl_generator_c/vizanti_msgs/srv/detail/manage_node__functions.c.o[0m
[1.640s] [ 13%] [32mBuilding C object CMakeFiles/vizanti_msgs__rosidl_generator_c.dir/rosidl_generator_c/vizanti_msgs/srv/detail/list_packages__functions.c.o[0m
[1.641s] [ 14%] [32mBuilding C object CMakeFiles/vizanti_msgs__rosidl_generator_c.dir/rosidl_generator_c/vizanti_msgs/srv/detail/list_executables__functions.c.o[0m
[1.681s] [ 16%] [32m[1mLinking C shared library libvizanti_msgs__rosidl_generator_c.so[0m
[1.702s] [ 16%] Built target vizanti_msgs__rosidl_generator_c
[1.707s] [ 17%] [34m[1mGenerating C introspection for ROS interfaces[0m
[1.707s] [ 18%] [34m[1mGenerating C type support dispatch for ROS interfaces[0m
[1.707s] [ 19%] [34m[1mGenerating C type support for eProsima Fast-RTPS[0m
[1.832s] [ 20%] [32mBuilding CXX object CMakeFiles/vizanti_msgs__rosidl_typesupport_cpp.dir/rosidl_typesupport_cpp/vizanti_msgs/srv/list_packages__type_support.cpp.o[0m
[1.832s] [ 22%] [32mBuilding CXX object CMakeFiles/vizanti_msgs__rosidl_typesupport_cpp.dir/rosidl_typesupport_cpp/vizanti_msgs/srv/save_map__type_support.cpp.o[0m
[1.833s] [ 22%] [32mBuilding CXX object CMakeFiles/vizanti_msgs__rosidl_typesupport_cpp.dir/rosidl_typesupport_cpp/vizanti_msgs/srv/record_rosbag__type_support.cpp.o[0m
[1.833s] [ 25%] [32mBuilding CXX object CMakeFiles/vizanti_msgs__rosidl_typesupport_cpp.dir/rosidl_typesupport_cpp/vizanti_msgs/srv/set_node_parameter__type_support.cpp.o[0m
[1.833s] [ 25%] [32mBuilding CXX object CMakeFiles/vizanti_msgs__rosidl_typesupport_cpp.dir/rosidl_typesupport_cpp/vizanti_msgs/srv/get_node_parameters__type_support.cpp.o[0m
[1.833s] [ 26%] [32mBuilding CXX object CMakeFiles/vizanti_msgs__rosidl_typesupport_cpp.dir/rosidl_typesupport_cpp/vizanti_msgs/srv/load_map__type_support.cpp.o[0m
[1.833s] [ 27%] [32mBuilding CXX object CMakeFiles/vizanti_msgs__rosidl_typesupport_cpp.dir/rosidl_typesupport_cpp/vizanti_msgs/srv/manage_node__type_support.cpp.o[0m
[1.833s] [ 28%] [32mBuilding CXX object CMakeFiles/vizanti_msgs__rosidl_typesupport_cpp.dir/rosidl_typesupport_cpp/vizanti_msgs/srv/list_executables__type_support.cpp.o[0m
[1.954s] [ 33%] [32mBuilding CXX object CMakeFiles/vizanti_msgs__rosidl_typesupport_c.dir/rosidl_typesupport_c/vizanti_msgs/srv/set_node_parameter__type_support.cpp.o[0m
[1.954s] [ 34%] [32mBuilding CXX object CMakeFiles/vizanti_msgs__rosidl_typesupport_c.dir/rosidl_typesupport_c/vizanti_msgs/srv/list_packages__type_support.cpp.o[0m
[1.954s] [ 34%] [32mBuilding CXX object CMakeFiles/vizanti_msgs__rosidl_typesupport_c.dir/rosidl_typesupport_c/vizanti_msgs/srv/save_map__type_support.cpp.o[0m
[1.954s] [ 33%] [32mBuilding CXX object CMakeFiles/vizanti_msgs__rosidl_typesupport_c.dir/rosidl_typesupport_c/vizanti_msgs/srv/load_map__type_support.cpp.o[0m
[1.954s] [ 33%] [32mBuilding CXX object CMakeFiles/vizanti_msgs__rosidl_typesupport_c.dir/rosidl_typesupport_c/vizanti_msgs/srv/get_node_parameters__type_support.cpp.o[0m
[1.955s] [ 36%] [32mBuilding CXX object CMakeFiles/vizanti_msgs__rosidl_typesupport_c.dir/rosidl_typesupport_c/vizanti_msgs/srv/record_rosbag__type_support.cpp.o[0m
[1.955s] [ 36%] [32mBuilding CXX object CMakeFiles/vizanti_msgs__rosidl_typesupport_c.dir/rosidl_typesupport_c/vizanti_msgs/srv/list_executables__type_support.cpp.o[0m
[1.959s] [ 37%] [32mBuilding CXX object CMakeFiles/vizanti_msgs__rosidl_typesupport_c.dir/rosidl_typesupport_c/vizanti_msgs/srv/manage_node__type_support.cpp.o[0m
[1.988s] [ 39%] [32m[1mLinking CXX shared library libvizanti_msgs__rosidl_typesupport_c.so[0m
[1.996s] [ 40%] [32mBuilding C object CMakeFiles/vizanti_msgs__rosidl_typesupport_introspection_c.dir/rosidl_typesupport_introspection_c/vizanti_msgs/srv/detail/get_node_parameters__type_support.c.o[0m
[1.996s] [ 41%] [32mBuilding C object CMakeFiles/vizanti_msgs__rosidl_typesupport_introspection_c.dir/rosidl_typesupport_introspection_c/vizanti_msgs/srv/detail/save_map__type_support.c.o[0m
[1.997s] [ 43%] [32mBuilding C object CMakeFiles/vizanti_msgs__rosidl_typesupport_introspection_c.dir/rosidl_typesupport_introspection_c/vizanti_msgs/srv/detail/set_node_parameter__type_support.c.o[0m
[1.997s] [ 43%] [32mBuilding C object CMakeFiles/vizanti_msgs__rosidl_typesupport_introspection_c.dir/rosidl_typesupport_introspection_c/vizanti_msgs/srv/detail/load_map__type_support.c.o[0m
[1.997s] [ 44%] [32mBuilding C object CMakeFiles/vizanti_msgs__rosidl_typesupport_introspection_c.dir/rosidl_typesupport_introspection_c/vizanti_msgs/srv/detail/record_rosbag__type_support.c.o[0m
[2.001s] [ 45%] [32mBuilding C object CMakeFiles/vizanti_msgs__rosidl_typesupport_introspection_c.dir/rosidl_typesupport_introspection_c/vizanti_msgs/srv/detail/manage_node__type_support.c.o[0m
[2.002s] [ 47%] [32mBuilding C object CMakeFiles/vizanti_msgs__rosidl_typesupport_introspection_c.dir/rosidl_typesupport_introspection_c/vizanti_msgs/srv/detail/list_executables__type_support.c.o[0m
[2.003s] [ 48%] [32mBuilding C object CMakeFiles/vizanti_msgs__rosidl_typesupport_introspection_c.dir/rosidl_typesupport_introspection_c/vizanti_msgs/srv/detail/list_packages__type_support.c.o[0m
[2.014s] [ 49%] [32mBuilding CXX object CMakeFiles/vizanti_msgs__rosidl_typesupport_introspection_cpp.dir/rosidl_typesupport_introspection_cpp/vizanti_msgs/srv/detail/get_node_parameters__type_support.cpp.o[0m
[2.023s] [ 50%] [32mBuilding CXX object CMakeFiles/vizanti_msgs__rosidl_typesupport_introspection_cpp.dir/rosidl_typesupport_introspection_cpp/vizanti_msgs/srv/detail/set_node_parameter__type_support.cpp.o[0m
[2.024s] [ 51%] [32mBuilding CXX object CMakeFiles/vizanti_msgs__rosidl_typesupport_introspection_cpp.dir/rosidl_typesupport_introspection_cpp/vizanti_msgs/srv/detail/save_map__type_support.cpp.o[0m
[2.024s] [ 52%] [32mBuilding CXX object CMakeFiles/vizanti_msgs__rosidl_typesupport_introspection_cpp.dir/rosidl_typesupport_introspection_cpp/vizanti_msgs/srv/detail/load_map__type_support.cpp.o[0m
[2.026s] [ 54%] [32mBuilding CXX object CMakeFiles/vizanti_msgs__rosidl_typesupport_introspection_cpp.dir/rosidl_typesupport_introspection_cpp/vizanti_msgs/srv/detail/record_rosbag__type_support.cpp.o[0m
[2.027s] [ 54%] Built target vizanti_msgs__rosidl_typesupport_c
[2.028s] [ 55%] [32mBuilding CXX object CMakeFiles/vizanti_msgs__rosidl_typesupport_introspection_cpp.dir/rosidl_typesupport_introspection_cpp/vizanti_msgs/srv/detail/manage_node__type_support.cpp.o[0m
[2.028s] [ 56%] [32mBuilding CXX object CMakeFiles/vizanti_msgs__rosidl_typesupport_introspection_cpp.dir/rosidl_typesupport_introspection_cpp/vizanti_msgs/srv/detail/list_packages__type_support.cpp.o[0m
[2.030s] [ 57%] [32mBuilding CXX object CMakeFiles/vizanti_msgs__rosidl_typesupport_introspection_cpp.dir/rosidl_typesupport_introspection_cpp/vizanti_msgs/srv/detail/list_executables__type_support.cpp.o[0m
[2.032s] [ 58%] [32m[1mLinking C shared library libvizanti_msgs__rosidl_typesupport_introspection_c.so[0m
[2.036s] [ 60%] [32mBuilding CXX object CMakeFiles/vizanti_msgs__rosidl_typesupport_fastrtps_cpp.dir/rosidl_typesupport_fastrtps_cpp/vizanti_msgs/srv/detail/dds_fastrtps/get_node_parameters__type_support.cpp.o[0m
[2.036s] [ 60%] [32mBuilding CXX object CMakeFiles/vizanti_msgs__rosidl_typesupport_fastrtps_cpp.dir/rosidl_typesupport_fastrtps_cpp/vizanti_msgs/srv/detail/dds_fastrtps/set_node_parameter__type_support.cpp.o[0m
[2.037s] [ 62%] [32mBuilding CXX object CMakeFiles/vizanti_msgs__rosidl_typesupport_fastrtps_cpp.dir/rosidl_typesupport_fastrtps_cpp/vizanti_msgs/srv/detail/dds_fastrtps/save_map__type_support.cpp.o[0m
[2.037s] [ 63%] [32mBuilding CXX object CMakeFiles/vizanti_msgs__rosidl_typesupport_fastrtps_cpp.dir/rosidl_typesupport_fastrtps_cpp/vizanti_msgs/srv/detail/dds_fastrtps/load_map__type_support.cpp.o[0m
[2.038s] [ 64%] [32mBuilding CXX object CMakeFiles/vizanti_msgs__rosidl_typesupport_fastrtps_cpp.dir/rosidl_typesupport_fastrtps_cpp/vizanti_msgs/srv/detail/dds_fastrtps/manage_node__type_support.cpp.o[0m
[2.038s] [ 65%] [32mBuilding CXX object CMakeFiles/vizanti_msgs__rosidl_typesupport_fastrtps_cpp.dir/rosidl_typesupport_fastrtps_cpp/vizanti_msgs/srv/detail/dds_fastrtps/list_executables__type_support.cpp.o[0m
[2.039s] [ 66%] [32mBuilding CXX object CMakeFiles/vizanti_msgs__rosidl_typesupport_fastrtps_cpp.dir/rosidl_typesupport_fastrtps_cpp/vizanti_msgs/srv/detail/dds_fastrtps/record_rosbag__type_support.cpp.o[0m
[2.047s] [ 67%] [32m[1mLinking CXX shared library libvizanti_msgs__rosidl_typesupport_cpp.so[0m
[2.050s] [ 68%] [32mBuilding CXX object CMakeFiles/vizanti_msgs__rosidl_typesupport_fastrtps_c.dir/rosidl_typesupport_fastrtps_c/vizanti_msgs/srv/detail/get_node_parameters__type_support_c.cpp.o[0m
[2.051s] [ 70%] [32mBuilding CXX object CMakeFiles/vizanti_msgs__rosidl_typesupport_fastrtps_c.dir/rosidl_typesupport_fastrtps_c/vizanti_msgs/srv/detail/set_node_parameter__type_support_c.cpp.o[0m
[2.054s] [ 71%] [32mBuilding CXX object CMakeFiles/vizanti_msgs__rosidl_typesupport_fastrtps_cpp.dir/rosidl_typesupport_fastrtps_cpp/vizanti_msgs/srv/detail/dds_fastrtps/list_packages__type_support.cpp.o[0m
[2.073s] [ 71%] Built target vizanti_msgs__rosidl_typesupport_introspection_c
[2.079s] [ 72%] [32mBuilding CXX object CMakeFiles/vizanti_msgs__rosidl_typesupport_fastrtps_c.dir/rosidl_typesupport_fastrtps_c/vizanti_msgs/srv/detail/save_map__type_support_c.cpp.o[0m
[2.145s] [ 72%] Built target vizanti_msgs__rosidl_typesupport_cpp
[2.188s] [ 73%] [32mBuilding CXX object CMakeFiles/vizanti_msgs__rosidl_typesupport_fastrtps_c.dir/rosidl_typesupport_fastrtps_c/vizanti_msgs/srv/detail/load_map__type_support_c.cpp.o[0m
[2.292s] [ 74%] [32mBuilding CXX object CMakeFiles/vizanti_msgs__rosidl_typesupport_fastrtps_c.dir/rosidl_typesupport_fastrtps_c/vizanti_msgs/srv/detail/record_rosbag__type_support_c.cpp.o[0m
[2.295s] [ 77%] [32mBuilding CXX object CMakeFiles/vizanti_msgs__rosidl_typesupport_fastrtps_c.dir/rosidl_typesupport_fastrtps_c/vizanti_msgs/srv/detail/manage_node__type_support_c.cpp.o[0m
[2.295s] [ 77%] [32mBuilding CXX object CMakeFiles/vizanti_msgs__rosidl_typesupport_fastrtps_c.dir/rosidl_typesupport_fastrtps_c/vizanti_msgs/srv/detail/list_packages__type_support_c.cpp.o[0m
[2.314s] [ 78%] [32mBuilding CXX object CMakeFiles/vizanti_msgs__rosidl_typesupport_fastrtps_c.dir/rosidl_typesupport_fastrtps_c/vizanti_msgs/srv/detail/list_executables__type_support_c.cpp.o[0m
[2.366s] [ 79%] [32m[1mLinking CXX shared library libvizanti_msgs__rosidl_typesupport_introspection_cpp.so[0m
[2.408s] [ 79%] Built target vizanti_msgs__rosidl_typesupport_introspection_cpp
[2.413s] [ 80%] [32m[1mLinking CXX shared library libvizanti_msgs__rosidl_typesupport_fastrtps_cpp.so[0m
[2.453s] [ 80%] Built target vizanti_msgs__rosidl_typesupport_fastrtps_cpp
[2.504s] [ 81%] [32m[1mLinking CXX shared library libvizanti_msgs__rosidl_typesupport_fastrtps_c.so[0m
[2.541s] [ 81%] Built target vizanti_msgs__rosidl_typesupport_fastrtps_c
[2.551s] [ 81%] Built target vizanti_msgs
[2.561s] [ 82%] [34m[1mGenerating Python code for ROS interfaces[0m
[3.101s] [ 82%] Built target vizanti_msgs__py
[3.111s] [ 86%] [32mBuilding C object CMakeFiles/vizanti_msgs__rosidl_generator_py.dir/rosidl_generator_py/vizanti_msgs/srv/_save_map_s.c.o[0m
[3.111s] [ 86%] [32mBuilding C object CMakeFiles/vizanti_msgs__rosidl_generator_py.dir/rosidl_generator_py/vizanti_msgs/srv/_set_node_parameter_s.c.o[0m
[3.111s] [ 87%] [32mBuilding C object CMakeFiles/vizanti_msgs__rosidl_generator_py.dir/rosidl_generator_py/vizanti_msgs/srv/_load_map_s.c.o[0m
[3.111s] [ 87%] [32mBuilding C object CMakeFiles/vizanti_msgs__rosidl_generator_py.dir/rosidl_generator_py/vizanti_msgs/srv/_get_node_parameters_s.c.o[0m
[3.111s] [ 88%] [32mBuilding C object CMakeFiles/vizanti_msgs__rosidl_generator_py.dir/rosidl_generator_py/vizanti_msgs/srv/_record_rosbag_s.c.o[0m
[3.113s] [ 90%] [32mBuilding C object CMakeFiles/vizanti_msgs__rosidl_generator_py.dir/rosidl_generator_py/vizanti_msgs/srv/_list_packages_s.c.o[0m
[3.113s] [ 90%] [32mBuilding C object CMakeFiles/vizanti_msgs__rosidl_generator_py.dir/rosidl_generator_py/vizanti_msgs/srv/_manage_node_s.c.o[0m
[3.113s] [ 91%] [32mBuilding C object CMakeFiles/vizanti_msgs__rosidl_generator_py.dir/rosidl_generator_py/vizanti_msgs/srv/_list_executables_s.c.o[0m
[3.185s] [ 93%] [32m[1mLinking C shared library rosidl_generator_py/vizanti_msgs/libvizanti_msgs__rosidl_generator_py.so[0m
[3.207s] [ 93%] Built target vizanti_msgs__rosidl_generator_py
[3.217s] [ 96%] [32mBuilding C object CMakeFiles/vizanti_msgs__rosidl_typesupport_introspection_c__pyext.dir/rosidl_generator_py/vizanti_msgs/_vizanti_msgs_s.ep.rosidl_typesupport_introspection_c.c.o[0m
[3.217s] [ 96%] [32mBuilding C object CMakeFiles/vizanti_msgs__rosidl_typesupport_c__pyext.dir/rosidl_generator_py/vizanti_msgs/_vizanti_msgs_s.ep.rosidl_typesupport_c.c.o[0m
[3.217s] [ 96%] [32mBuilding C object CMakeFiles/vizanti_msgs__rosidl_typesupport_fastrtps_c__pyext.dir/rosidl_generator_py/vizanti_msgs/_vizanti_msgs_s.ep.rosidl_typesupport_fastrtps_c.c.o[0m
[3.281s] [100%] [32m[1mLinking C shared library rosidl_generator_py/vizanti_msgs/vizanti_msgs_s__rosidl_typesupport_c.cpython-310-x86_64-linux-gnu.so[0m
[3.281s] [100%] [32m[1mLinking C shared library rosidl_generator_py/vizanti_msgs/vizanti_msgs_s__rosidl_typesupport_fastrtps_c.cpython-310-x86_64-linux-gnu.so[0m
[3.282s] [100%] [32m[1mLinking C shared library rosidl_generator_py/vizanti_msgs/vizanti_msgs_s__rosidl_typesupport_introspection_c.cpython-310-x86_64-linux-gnu.so[0m
[3.302s] [100%] Built target vizanti_msgs__rosidl_typesupport_introspection_c__pyext
[3.302s] [100%] Built target vizanti_msgs__rosidl_typesupport_c__pyext
[3.303s] [100%] Built target vizanti_msgs__rosidl_typesupport_fastrtps_c__pyext
[3.308s] Invoked command in '/home/su1jun/Capstone/colcon_ws/build/vizanti_msgs' returned '0': CMAKE_PREFIX_PATH=/home/su1jun/ros2_ws/install/robot:/opt/ros/humble:${CMAKE_PREFIX_PATH} /usr/bin/cmake --build /home/su1jun/Capstone/colcon_ws/build/vizanti_msgs -- -j20 -l20
[3.382s] Invoking command in '/home/su1jun/Capstone/colcon_ws/build/vizanti_msgs': CMAKE_PREFIX_PATH=/home/su1jun/ros2_ws/install/robot:/opt/ros/humble:${CMAKE_PREFIX_PATH} /usr/bin/cmake --install /home/su1jun/Capstone/colcon_ws/build/vizanti_msgs
[3.386s] -- Install configuration: ""
[3.386s] -- Installing: /home/su1jun/Capstone/colcon_ws/install/vizanti_msgs/share/ament_index/resource_index/rosidl_interfaces/vizanti_msgs
[3.386s] -- Installing: /home/su1jun/Capstone/colcon_ws/install/vizanti_msgs/include/vizanti_msgs/vizanti_msgs
[3.387s] -- Installing: /home/su1jun/Capstone/colcon_ws/install/vizanti_msgs/include/vizanti_msgs/vizanti_msgs/srv
[3.387s] -- Installing: /home/su1jun/Capstone/colcon_ws/install/vizanti_msgs/include/vizanti_msgs/vizanti_msgs/srv/get_node_parameters.h
[3.387s] -- Installing: /home/su1jun/Capstone/colcon_ws/install/vizanti_msgs/include/vizanti_msgs/vizanti_msgs/srv/save_map.h
[3.387s] -- Installing: /home/su1jun/Capstone/colcon_ws/install/vizanti_msgs/include/vizanti_msgs/vizanti_msgs/srv/detail
[3.387s] -- Installing: /home/su1jun/Capstone/colcon_ws/install/vizanti_msgs/include/vizanti_msgs/vizanti_msgs/srv/detail/list_executables__functions.h
[3.387s] -- Installing: /home/su1jun/Capstone/colcon_ws/install/vizanti_msgs/include/vizanti_msgs/vizanti_msgs/srv/detail/load_map__functions.c
[3.387s] -- Installing: /home/su1jun/Capstone/colcon_ws/install/vizanti_msgs/include/vizanti_msgs/vizanti_msgs/srv/detail/record_rosbag__struct.h
[3.387s] -- Installing: /home/su1jun/Capstone/colcon_ws/install/vizanti_msgs/include/vizanti_msgs/vizanti_msgs/srv/detail/list_packages__functions.c
[3.387s] -- Installing: /home/su1jun/Capstone/colcon_ws/install/vizanti_msgs/include/vizanti_msgs/vizanti_msgs/srv/detail/load_map__type_support.h
[3.387s] -- Installing: /home/su1jun/Capstone/colcon_ws/install/vizanti_msgs/include/vizanti_msgs/vizanti_msgs/srv/detail/list_packages__functions.h
[3.387s] -- Installing: /home/su1jun/Capstone/colcon_ws/install/vizanti_msgs/include/vizanti_msgs/vizanti_msgs/srv/detail/get_node_parameters__type_support.h
[3.387s] -- Installing: /home/su1jun/Capstone/colcon_ws/install/vizanti_msgs/include/vizanti_msgs/vizanti_msgs/srv/detail/record_rosbag__functions.c
[3.387s] -- Installing: /home/su1jun/Capstone/colcon_ws/install/vizanti_msgs/include/vizanti_msgs/vizanti_msgs/srv/detail/save_map__functions.h
[3.387s] -- Installing: /home/su1jun/Capstone/colcon_ws/install/vizanti_msgs/include/vizanti_msgs/vizanti_msgs/srv/detail/record_rosbag__functions.h
[3.387s] -- Installing: /home/su1jun/Capstone/colcon_ws/install/vizanti_msgs/include/vizanti_msgs/vizanti_msgs/srv/detail/save_map__type_support.h
[3.387s] -- Installing: /home/su1jun/Capstone/colcon_ws/install/vizanti_msgs/include/vizanti_msgs/vizanti_msgs/srv/detail/record_rosbag__type_support.h
[3.388s] -- Installing: /home/su1jun/Capstone/colcon_ws/install/vizanti_msgs/include/vizanti_msgs/vizanti_msgs/srv/detail/list_executables__struct.h
[3.388s] -- Installing: /home/su1jun/Capstone/colcon_ws/install/vizanti_msgs/include/vizanti_msgs/vizanti_msgs/srv/detail/manage_node__struct.h
[3.388s] -- Installing: /home/su1jun/Capstone/colcon_ws/install/vizanti_msgs/include/vizanti_msgs/vizanti_msgs/srv/detail/get_node_parameters__functions.c
[3.388s] -- Installing: /home/su1jun/Capstone/colcon_ws/install/vizanti_msgs/include/vizanti_msgs/vizanti_msgs/srv/detail/manage_node__functions.c
[3.388s] -- Installing: /home/su1jun/Capstone/colcon_ws/install/vizanti_msgs/include/vizanti_msgs/vizanti_msgs/srv/detail/list_executables__type_support.h
[3.388s] -- Installing: /home/su1jun/Capstone/colcon_ws/install/vizanti_msgs/include/vizanti_msgs/vizanti_msgs/srv/detail/load_map__functions.h
[3.388s] -- Installing: /home/su1jun/Capstone/colcon_ws/install/vizanti_msgs/include/vizanti_msgs/vizanti_msgs/srv/detail/manage_node__type_support.h
[3.388s] -- Installing: /home/su1jun/Capstone/colcon_ws/install/vizanti_msgs/include/vizanti_msgs/vizanti_msgs/srv/detail/list_packages__struct.h
[3.388s] -- Installing: /home/su1jun/Capstone/colcon_ws/install/vizanti_msgs/include/vizanti_msgs/vizanti_msgs/srv/detail/set_node_parameter__functions.h
[3.388s] -- Installing: /home/su1jun/Capstone/colcon_ws/install/vizanti_msgs/include/vizanti_msgs/vizanti_msgs/srv/detail/load_map__struct.h
[3.388s] -- Installing: /home/su1jun/Capstone/colcon_ws/install/vizanti_msgs/include/vizanti_msgs/vizanti_msgs/srv/detail/list_executables__functions.c
[3.388s] -- Installing: /home/su1jun/Capstone/colcon_ws/install/vizanti_msgs/include/vizanti_msgs/vizanti_msgs/srv/detail/manage_node__functions.h
[3.388s] -- Installing: /home/su1jun/Capstone/colcon_ws/install/vizanti_msgs/include/vizanti_msgs/vizanti_msgs/srv/detail/set_node_parameter__functions.c
[3.388s] -- Installing: /home/su1jun/Capstone/colcon_ws/install/vizanti_msgs/include/vizanti_msgs/vizanti_msgs/srv/detail/list_packages__type_support.h
[3.388s] -- Installing: /home/su1jun/Capstone/colcon_ws/install/vizanti_msgs/include/vizanti_msgs/vizanti_msgs/srv/detail/save_map__struct.h
[3.388s] -- Installing: /home/su1jun/Capstone/colcon_ws/install/vizanti_msgs/include/vizanti_msgs/vizanti_msgs/srv/detail/get_node_parameters__struct.h
[3.388s] -- Installing: /home/su1jun/Capstone/colcon_ws/install/vizanti_msgs/include/vizanti_msgs/vizanti_msgs/srv/detail/set_node_parameter__struct.h
[3.389s] -- Installing: /home/su1jun/Capstone/colcon_ws/install/vizanti_msgs/include/vizanti_msgs/vizanti_msgs/srv/detail/get_node_parameters__functions.h
[3.389s] -- Installing: /home/su1jun/Capstone/colcon_ws/install/vizanti_msgs/include/vizanti_msgs/vizanti_msgs/srv/detail/set_node_parameter__type_support.h
[3.389s] -- Installing: /home/su1jun/Capstone/colcon_ws/install/vizanti_msgs/include/vizanti_msgs/vizanti_msgs/srv/detail/save_map__functions.c
[3.389s] -- Installing: /home/su1jun/Capstone/colcon_ws/install/vizanti_msgs/include/vizanti_msgs/vizanti_msgs/srv/list_packages.h
[3.389s] -- Installing: /home/su1jun/Capstone/colcon_ws/install/vizanti_msgs/include/vizanti_msgs/vizanti_msgs/srv/list_executables.h
[3.389s] -- Installing: /home/su1jun/Capstone/colcon_ws/install/vizanti_msgs/include/vizanti_msgs/vizanti_msgs/srv/set_node_parameter.h
[3.389s] -- Installing: /home/su1jun/Capstone/colcon_ws/install/vizanti_msgs/include/vizanti_msgs/vizanti_msgs/srv/load_map.h
[3.389s] -- Installing: /home/su1jun/Capstone/colcon_ws/install/vizanti_msgs/include/vizanti_msgs/vizanti_msgs/srv/manage_node.h
[3.389s] -- Installing: /home/su1jun/Capstone/colcon_ws/install/vizanti_msgs/include/vizanti_msgs/vizanti_msgs/srv/record_rosbag.h
[3.389s] -- Installing: /home/su1jun/Capstone/colcon_ws/install/vizanti_msgs/include/vizanti_msgs/vizanti_msgs/msg
[3.389s] -- Installing: /home/su1jun/Capstone/colcon_ws/install/vizanti_msgs/include/vizanti_msgs/vizanti_msgs/msg/rosidl_generator_c__visibility_control.h
[3.389s] -- Installing: /home/su1jun/Capstone/colcon_ws/install/vizanti_msgs/share/vizanti_msgs/environment/library_path.sh
[3.389s] -- Installing: /home/su1jun/Capstone/colcon_ws/install/vizanti_msgs/share/vizanti_msgs/environment/library_path.dsv
[3.389s] -- Installing: /home/su1jun/Capstone/colcon_ws/install/vizanti_msgs/lib/libvizanti_msgs__rosidl_generator_c.so
[3.389s] -- Set runtime path of "/home/su1jun/Capstone/colcon_ws/install/vizanti_msgs/lib/libvizanti_msgs__rosidl_generator_c.so" to ""
[3.389s] -- Up-to-date: /home/su1jun/Capstone/colcon_ws/install/vizanti_msgs/include/vizanti_msgs/vizanti_msgs
[3.390s] -- Up-to-date: /home/su1jun/Capstone/colcon_ws/install/vizanti_msgs/include/vizanti_msgs/vizanti_msgs/srv
[3.390s] -- Up-to-date: /home/su1jun/Capstone/colcon_ws/install/vizanti_msgs/include/vizanti_msgs/vizanti_msgs/srv/detail
[3.390s] -- Installing: /home/su1jun/Capstone/colcon_ws/install/vizanti_msgs/include/vizanti_msgs/vizanti_msgs/srv/detail/get_node_parameters__rosidl_typesupport_fastrtps_c.h
[3.390s] -- Installing: /home/su1jun/Capstone/colcon_ws/install/vizanti_msgs/include/vizanti_msgs/vizanti_msgs/srv/detail/list_executables__rosidl_typesupport_fastrtps_c.h
[3.390s] -- Installing: /home/su1jun/Capstone/colcon_ws/install/vizanti_msgs/include/vizanti_msgs/vizanti_msgs/srv/detail/set_node_parameter__rosidl_typesupport_fastrtps_c.h
[3.390s] -- Installing: /home/su1jun/Capstone/colcon_ws/install/vizanti_msgs/include/vizanti_msgs/vizanti_msgs/srv/detail/load_map__rosidl_typesupport_fastrtps_c.h
[3.390s] -- Installing: /home/su1jun/Capstone/colcon_ws/install/vizanti_msgs/include/vizanti_msgs/vizanti_msgs/srv/detail/save_map__rosidl_typesupport_fastrtps_c.h
[3.390s] -- Installing: /home/su1jun/Capstone/colcon_ws/install/vizanti_msgs/include/vizanti_msgs/vizanti_msgs/srv/detail/record_rosbag__rosidl_typesupport_fastrtps_c.h
[3.390s] -- Installing: /home/su1jun/Capstone/colcon_ws/install/vizanti_msgs/include/vizanti_msgs/vizanti_msgs/srv/detail/list_packages__rosidl_typesupport_fastrtps_c.h
[3.390s] -- Installing: /home/su1jun/Capstone/colcon_ws/install/vizanti_msgs/include/vizanti_msgs/vizanti_msgs/srv/detail/manage_node__rosidl_typesupport_fastrtps_c.h
[3.390s] -- Up-to-date: /home/su1jun/Capstone/colcon_ws/install/vizanti_msgs/include/vizanti_msgs/vizanti_msgs/msg
[3.390s] -- Installing: /home/su1jun/Capstone/colcon_ws/install/vizanti_msgs/include/vizanti_msgs/vizanti_msgs/msg/rosidl_typesupport_fastrtps_c__visibility_control.h
[3.390s] -- Installing: /home/su1jun/Capstone/colcon_ws/install/vizanti_msgs/lib/libvizanti_msgs__rosidl_typesupport_fastrtps_c.so
[3.390s] -- Set runtime path of "/home/su1jun/Capstone/colcon_ws/install/vizanti_msgs/lib/libvizanti_msgs__rosidl_typesupport_fastrtps_c.so" to ""
[3.390s] -- Up-to-date: /home/su1jun/Capstone/colcon_ws/install/vizanti_msgs/include/vizanti_msgs/vizanti_msgs
[3.390s] -- Up-to-date: /home/su1jun/Capstone/colcon_ws/install/vizanti_msgs/include/vizanti_msgs/vizanti_msgs/srv
[3.391s] -- Up-to-date: /home/su1jun/Capstone/colcon_ws/install/vizanti_msgs/include/vizanti_msgs/vizanti_msgs/srv/detail
[3.391s] -- Installing: /home/su1jun/Capstone/colcon_ws/install/vizanti_msgs/include/vizanti_msgs/vizanti_msgs/srv/detail/set_node_parameter__rosidl_typesupport_introspection_c.h
[3.391s] -- Installing: /home/su1jun/Capstone/colcon_ws/install/vizanti_msgs/include/vizanti_msgs/vizanti_msgs/srv/detail/record_rosbag__rosidl_typesupport_introspection_c.h
[3.391s] -- Installing: /home/su1jun/Capstone/colcon_ws/install/vizanti_msgs/include/vizanti_msgs/vizanti_msgs/srv/detail/list_executables__rosidl_typesupport_introspection_c.h
[3.391s] -- Installing: /home/su1jun/Capstone/colcon_ws/install/vizanti_msgs/include/vizanti_msgs/vizanti_msgs/srv/detail/manage_node__rosidl_typesupport_introspection_c.h
[3.391s] -- Installing: /home/su1jun/Capstone/colcon_ws/install/vizanti_msgs/include/vizanti_msgs/vizanti_msgs/srv/detail/set_node_parameter__type_support.c
[3.391s] -- Installing: /home/su1jun/Capstone/colcon_ws/install/vizanti_msgs/include/vizanti_msgs/vizanti_msgs/srv/detail/load_map__type_support.c
[3.391s] -- Installing: /home/su1jun/Capstone/colcon_ws/install/vizanti_msgs/include/vizanti_msgs/vizanti_msgs/srv/detail/save_map__type_support.c
[3.391s] -- Installing: /home/su1jun/Capstone/colcon_ws/install/vizanti_msgs/include/vizanti_msgs/vizanti_msgs/srv/detail/record_rosbag__type_support.c
[3.391s] -- Installing: /home/su1jun/Capstone/colcon_ws/install/vizanti_msgs/include/vizanti_msgs/vizanti_msgs/srv/detail/get_node_parameters__type_support.c
[3.391s] -- Installing: /home/su1jun/Capstone/colcon_ws/install/vizanti_msgs/include/vizanti_msgs/vizanti_msgs/srv/detail/manage_node__type_support.c
[3.391s] -- Installing: /home/su1jun/Capstone/colcon_ws/install/vizanti_msgs/include/vizanti_msgs/vizanti_msgs/srv/detail/list_packages__type_support.c
[3.391s] -- Installing: /home/su1jun/Capstone/colcon_ws/install/vizanti_msgs/include/vizanti_msgs/vizanti_msgs/srv/detail/save_map__rosidl_typesupport_introspection_c.h
[3.391s] -- Installing: /home/su1jun/Capstone/colcon_ws/install/vizanti_msgs/include/vizanti_msgs/vizanti_msgs/srv/detail/get_node_parameters__rosidl_typesupport_introspection_c.h
[3.391s] -- Installing: /home/su1jun/Capstone/colcon_ws/install/vizanti_msgs/include/vizanti_msgs/vizanti_msgs/srv/detail/load_map__rosidl_typesupport_introspection_c.h
[3.391s] -- Installing: /home/su1jun/Capstone/colcon_ws/install/vizanti_msgs/include/vizanti_msgs/vizanti_msgs/srv/detail/list_packages__rosidl_typesupport_introspection_c.h
[3.392s] -- Installing: /home/su1jun/Capstone/colcon_ws/install/vizanti_msgs/include/vizanti_msgs/vizanti_msgs/srv/detail/list_executables__type_support.c
[3.392s] -- Up-to-date: /home/su1jun/Capstone/colcon_ws/install/vizanti_msgs/include/vizanti_msgs/vizanti_msgs/msg
[3.392s] -- Installing: /home/su1jun/Capstone/colcon_ws/install/vizanti_msgs/include/vizanti_msgs/vizanti_msgs/msg/rosidl_typesupport_introspection_c__visibility_control.h
[3.392s] -- Installing: /home/su1jun/Capstone/colcon_ws/install/vizanti_msgs/lib/libvizanti_msgs__rosidl_typesupport_introspection_c.so
[3.392s] -- Set runtime path of "/home/su1jun/Capstone/colcon_ws/install/vizanti_msgs/lib/libvizanti_msgs__rosidl_typesupport_introspection_c.so" to ""
[3.392s] -- Installing: /home/su1jun/Capstone/colcon_ws/install/vizanti_msgs/lib/libvizanti_msgs__rosidl_typesupport_c.so
[3.392s] -- Set runtime path of "/home/su1jun/Capstone/colcon_ws/install/vizanti_msgs/lib/libvizanti_msgs__rosidl_typesupport_c.so" to ""
[3.392s] -- Up-to-date: /home/su1jun/Capstone/colcon_ws/install/vizanti_msgs/include/vizanti_msgs/vizanti_msgs
[3.392s] -- Up-to-date: /home/su1jun/Capstone/colcon_ws/install/vizanti_msgs/include/vizanti_msgs/vizanti_msgs/srv
[3.392s] -- Installing: /home/su1jun/Capstone/colcon_ws/install/vizanti_msgs/include/vizanti_msgs/vizanti_msgs/srv/load_map.hpp
[3.392s] -- Up-to-date: /home/su1jun/Capstone/colcon_ws/install/vizanti_msgs/include/vizanti_msgs/vizanti_msgs/srv/detail
[3.392s] -- Installing: /home/su1jun/Capstone/colcon_ws/install/vizanti_msgs/include/vizanti_msgs/vizanti_msgs/srv/detail/record_rosbag__traits.hpp
[3.392s] -- Installing: /home/su1jun/Capstone/colcon_ws/install/vizanti_msgs/include/vizanti_msgs/vizanti_msgs/srv/detail/list_executables__builder.hpp
[3.392s] -- Installing: /home/su1jun/Capstone/colcon_ws/install/vizanti_msgs/include/vizanti_msgs/vizanti_msgs/srv/detail/manage_node__traits.hpp
[3.392s] -- Installing: /home/su1jun/Capstone/colcon_ws/install/vizanti_msgs/include/vizanti_msgs/vizanti_msgs/srv/detail/get_node_parameters__struct.hpp
[3.392s] -- Installing: /home/su1jun/Capstone/colcon_ws/install/vizanti_msgs/include/vizanti_msgs/vizanti_msgs/srv/detail/manage_node__builder.hpp
[3.392s] -- Installing: /home/su1jun/Capstone/colcon_ws/install/vizanti_msgs/include/vizanti_msgs/vizanti_msgs/srv/detail/save_map__traits.hpp
[3.393s] -- Installing: /home/su1jun/Capstone/colcon_ws/install/vizanti_msgs/include/vizanti_msgs/vizanti_msgs/srv/detail/get_node_parameters__traits.hpp
[3.393s] -- Installing: /home/su1jun/Capstone/colcon_ws/install/vizanti_msgs/include/vizanti_msgs/vizanti_msgs/srv/detail/save_map__builder.hpp
[3.393s] -- Installing: /home/su1jun/Capstone/colcon_ws/install/vizanti_msgs/include/vizanti_msgs/vizanti_msgs/srv/detail/load_map__traits.hpp
[3.393s] -- Installing: /home/su1jun/Capstone/colcon_ws/install/vizanti_msgs/include/vizanti_msgs/vizanti_msgs/srv/detail/record_rosbag__builder.hpp
[3.393s] -- Installing: /home/su1jun/Capstone/colcon_ws/install/vizanti_msgs/include/vizanti_msgs/vizanti_msgs/srv/detail/get_node_parameters__builder.hpp
[3.393s] -- Installing: /home/su1jun/Capstone/colcon_ws/install/vizanti_msgs/include/vizanti_msgs/vizanti_msgs/srv/detail/set_node_parameter__builder.hpp
[3.393s] -- Installing: /home/su1jun/Capstone/colcon_ws/install/vizanti_msgs/include/vizanti_msgs/vizanti_msgs/srv/detail/load_map__struct.hpp
[3.393s] -- Installing: /home/su1jun/Capstone/colcon_ws/install/vizanti_msgs/include/vizanti_msgs/vizanti_msgs/srv/detail/list_packages__struct.hpp
[3.393s] -- Installing: /home/su1jun/Capstone/colcon_ws/install/vizanti_msgs/include/vizanti_msgs/vizanti_msgs/srv/detail/set_node_parameter__struct.hpp
[3.393s] -- Installing: /home/su1jun/Capstone/colcon_ws/install/vizanti_msgs/include/vizanti_msgs/vizanti_msgs/srv/detail/list_packages__traits.hpp
[3.393s] -- Installing: /home/su1jun/Capstone/colcon_ws/install/vizanti_msgs/include/vizanti_msgs/vizanti_msgs/srv/detail/list_executables__traits.hpp
[3.393s] -- Installing: /home/su1jun/Capstone/colcon_ws/install/vizanti_msgs/include/vizanti_msgs/vizanti_msgs/srv/detail/load_map__builder.hpp
[3.394s] -- Installing: /home/su1jun/Capstone/colcon_ws/install/vizanti_msgs/include/vizanti_msgs/vizanti_msgs/srv/detail/save_map__struct.hpp
[3.394s] -- Installing: /home/su1jun/Capstone/colcon_ws/install/vizanti_msgs/include/vizanti_msgs/vizanti_msgs/srv/detail/set_node_parameter__traits.hpp
[3.394s] -- Installing: /home/su1jun/Capstone/colcon_ws/install/vizanti_msgs/include/vizanti_msgs/vizanti_msgs/srv/detail/record_rosbag__struct.hpp
[3.394s] -- Installing: /home/su1jun/Capstone/colcon_ws/install/vizanti_msgs/include/vizanti_msgs/vizanti_msgs/srv/detail/list_packages__builder.hpp
[3.394s] -- Installing: /home/su1jun/Capstone/colcon_ws/install/vizanti_msgs/include/vizanti_msgs/vizanti_msgs/srv/detail/list_executables__struct.hpp
[3.394s] -- Installing: /home/su1jun/Capstone/colcon_ws/install/vizanti_msgs/include/vizanti_msgs/vizanti_msgs/srv/detail/manage_node__struct.hpp
[3.394s] -- Installing: /home/su1jun/Capstone/colcon_ws/install/vizanti_msgs/include/vizanti_msgs/vizanti_msgs/srv/record_rosbag.hpp
[3.394s] -- Installing: /home/su1jun/Capstone/colcon_ws/install/vizanti_msgs/include/vizanti_msgs/vizanti_msgs/srv/set_node_parameter.hpp
[3.394s] -- Installing: /home/su1jun/Capstone/colcon_ws/install/vizanti_msgs/include/vizanti_msgs/vizanti_msgs/srv/list_packages.hpp
[3.394s] -- Installing: /home/su1jun/Capstone/colcon_ws/install/vizanti_msgs/include/vizanti_msgs/vizanti_msgs/srv/save_map.hpp
[3.394s] -- Installing: /home/su1jun/Capstone/colcon_ws/install/vizanti_msgs/include/vizanti_msgs/vizanti_msgs/srv/manage_node.hpp
[3.394s] -- Installing: /home/su1jun/Capstone/colcon_ws/install/vizanti_msgs/include/vizanti_msgs/vizanti_msgs/srv/get_node_parameters.hpp
[3.394s] -- Installing: /home/su1jun/Capstone/colcon_ws/install/vizanti_msgs/include/vizanti_msgs/vizanti_msgs/srv/list_executables.hpp
[3.394s] -- Up-to-date: /home/su1jun/Capstone/colcon_ws/install/vizanti_msgs/include/vizanti_msgs/vizanti_msgs
[3.394s] -- Up-to-date: /home/su1jun/Capstone/colcon_ws/install/vizanti_msgs/include/vizanti_msgs/vizanti_msgs/srv
[3.394s] -- Up-to-date: /home/su1jun/Capstone/colcon_ws/install/vizanti_msgs/include/vizanti_msgs/vizanti_msgs/srv/detail
[3.394s] -- Installing: /home/su1jun/Capstone/colcon_ws/install/vizanti_msgs/include/vizanti_msgs/vizanti_msgs/srv/detail/set_node_parameter__rosidl_typesupport_fastrtps_cpp.hpp
[3.394s] -- Installing: /home/su1jun/Capstone/colcon_ws/install/vizanti_msgs/include/vizanti_msgs/vizanti_msgs/srv/detail/record_rosbag__rosidl_typesupport_fastrtps_cpp.hpp
[3.394s] -- Installing: /home/su1jun/Capstone/colcon_ws/install/vizanti_msgs/include/vizanti_msgs/vizanti_msgs/srv/detail/save_map__rosidl_typesupport_fastrtps_cpp.hpp
[3.394s] -- Installing: /home/su1jun/Capstone/colcon_ws/install/vizanti_msgs/include/vizanti_msgs/vizanti_msgs/srv/detail/load_map__rosidl_typesupport_fastrtps_cpp.hpp
[3.394s] -- Installing: /home/su1jun/Capstone/colcon_ws/install/vizanti_msgs/include/vizanti_msgs/vizanti_msgs/srv/detail/manage_node__rosidl_typesupport_fastrtps_cpp.hpp
[3.394s] -- Installing: /home/su1jun/Capstone/colcon_ws/install/vizanti_msgs/include/vizanti_msgs/vizanti_msgs/srv/detail/list_packages__rosidl_typesupport_fastrtps_cpp.hpp
[3.394s] -- Installing: /home/su1jun/Capstone/colcon_ws/install/vizanti_msgs/include/vizanti_msgs/vizanti_msgs/srv/detail/list_executables__rosidl_typesupport_fastrtps_cpp.hpp
[3.394s] -- Installing: /home/su1jun/Capstone/colcon_ws/install/vizanti_msgs/include/vizanti_msgs/vizanti_msgs/srv/detail/get_node_parameters__rosidl_typesupport_fastrtps_cpp.hpp
[3.394s] -- Installing: /home/su1jun/Capstone/colcon_ws/install/vizanti_msgs/include/vizanti_msgs/vizanti_msgs/srv/detail/dds_fastrtps
[3.394s] -- Up-to-date: /home/su1jun/Capstone/colcon_ws/install/vizanti_msgs/include/vizanti_msgs/vizanti_msgs/msg
[3.394s] -- Installing: /home/su1jun/Capstone/colcon_ws/install/vizanti_msgs/include/vizanti_msgs/vizanti_msgs/msg/rosidl_typesupport_fastrtps_cpp__visibility_control.h
[3.394s] -- Installing: /home/su1jun/Capstone/colcon_ws/install/vizanti_msgs/lib/libvizanti_msgs__rosidl_typesupport_fastrtps_cpp.so
[3.394s] -- Set runtime path of "/home/su1jun/Capstone/colcon_ws/install/vizanti_msgs/lib/libvizanti_msgs__rosidl_typesupport_fastrtps_cpp.so" to ""
[3.394s] -- Up-to-date: /home/su1jun/Capstone/colcon_ws/install/vizanti_msgs/include/vizanti_msgs/vizanti_msgs
[3.394s] -- Up-to-date: /home/su1jun/Capstone/colcon_ws/install/vizanti_msgs/include/vizanti_msgs/vizanti_msgs/srv
[3.394s] -- Up-to-date: /home/su1jun/Capstone/colcon_ws/install/vizanti_msgs/include/vizanti_msgs/vizanti_msgs/srv/detail
[3.394s] -- Installing: /home/su1jun/Capstone/colcon_ws/install/vizanti_msgs/include/vizanti_msgs/vizanti_msgs/srv/detail/load_map__rosidl_typesupport_introspection_cpp.hpp
[3.394s] -- Installing: /home/su1jun/Capstone/colcon_ws/install/vizanti_msgs/include/vizanti_msgs/vizanti_msgs/srv/detail/manage_node__rosidl_typesupport_introspection_cpp.hpp
[3.394s] -- Installing: /home/su1jun/Capstone/colcon_ws/install/vizanti_msgs/include/vizanti_msgs/vizanti_msgs/srv/detail/get_node_parameters__type_support.cpp
[3.394s] -- Installing: /home/su1jun/Capstone/colcon_ws/install/vizanti_msgs/include/vizanti_msgs/vizanti_msgs/srv/detail/save_map__type_support.cpp
[3.394s] -- Installing: /home/su1jun/Capstone/colcon_ws/install/vizanti_msgs/include/vizanti_msgs/vizanti_msgs/srv/detail/set_node_parameter__type_support.cpp
[3.394s] -- Installing: /home/su1jun/Capstone/colcon_ws/install/vizanti_msgs/include/vizanti_msgs/vizanti_msgs/srv/detail/save_map__rosidl_typesupport_introspection_cpp.hpp
[3.394s] -- Installing: /home/su1jun/Capstone/colcon_ws/install/vizanti_msgs/include/vizanti_msgs/vizanti_msgs/srv/detail/list_packages__type_support.cpp
[3.394s] -- Installing: /home/su1jun/Capstone/colcon_ws/install/vizanti_msgs/include/vizanti_msgs/vizanti_msgs/srv/detail/get_node_parameters__rosidl_typesupport_introspection_cpp.hpp
[3.394s] -- Installing: /home/su1jun/Capstone/colcon_ws/install/vizanti_msgs/include/vizanti_msgs/vizanti_msgs/srv/detail/list_executables__rosidl_typesupport_introspection_cpp.hpp
[3.394s] -- Installing: /home/su1jun/Capstone/colcon_ws/install/vizanti_msgs/include/vizanti_msgs/vizanti_msgs/srv/detail/record_rosbag__type_support.cpp
[3.394s] -- Installing: /home/su1jun/Capstone/colcon_ws/install/vizanti_msgs/include/vizanti_msgs/vizanti_msgs/srv/detail/record_rosbag__rosidl_typesupport_introspection_cpp.hpp
[3.394s] -- Installing: /home/su1jun/Capstone/colcon_ws/install/vizanti_msgs/include/vizanti_msgs/vizanti_msgs/srv/detail/list_executables__type_support.cpp
[3.395s] -- Installing: /home/su1jun/Capstone/colcon_ws/install/vizanti_msgs/include/vizanti_msgs/vizanti_msgs/srv/detail/manage_node__type_support.cpp
[3.395s] -- Installing: /home/su1jun/Capstone/colcon_ws/install/vizanti_msgs/include/vizanti_msgs/vizanti_msgs/srv/detail/load_map__type_support.cpp
[3.395s] -- Installing: /home/su1jun/Capstone/colcon_ws/install/vizanti_msgs/include/vizanti_msgs/vizanti_msgs/srv/detail/set_node_parameter__rosidl_typesupport_introspection_cpp.hpp
[3.395s] -- Installing: /home/su1jun/Capstone/colcon_ws/install/vizanti_msgs/include/vizanti_msgs/vizanti_msgs/srv/detail/list_packages__rosidl_typesupport_introspection_cpp.hpp
[3.395s] -- Installing: /home/su1jun/Capstone/colcon_ws/install/vizanti_msgs/lib/libvizanti_msgs__rosidl_typesupport_introspection_cpp.so
[3.395s] -- Set runtime path of "/home/su1jun/Capstone/colcon_ws/install/vizanti_msgs/lib/libvizanti_msgs__rosidl_typesupport_introspection_cpp.so" to ""
[3.395s] -- Installing: /home/su1jun/Capstone/colcon_ws/install/vizanti_msgs/lib/libvizanti_msgs__rosidl_typesupport_cpp.so
[3.395s] -- Set runtime path of "/home/su1jun/Capstone/colcon_ws/install/vizanti_msgs/lib/libvizanti_msgs__rosidl_typesupport_cpp.so" to ""
[3.395s] -- Installing: /home/su1jun/Capstone/colcon_ws/install/vizanti_msgs/share/vizanti_msgs/environment/pythonpath.sh
[3.395s] -- Installing: /home/su1jun/Capstone/colcon_ws/install/vizanti_msgs/share/vizanti_msgs/environment/pythonpath.dsv
[3.395s] -- Installing: /home/su1jun/Capstone/colcon_ws/install/vizanti_msgs/local/lib/python3.10/dist-packages/vizanti_msgs-0.1.0-py3.10.egg-info
[3.395s] -- Installing: /home/su1jun/Capstone/colcon_ws/install/vizanti_msgs/local/lib/python3.10/dist-packages/vizanti_msgs-0.1.0-py3.10.egg-info/top_level.txt
[3.395s] -- Installing: /home/su1jun/Capstone/colcon_ws/install/vizanti_msgs/local/lib/python3.10/dist-packages/vizanti_msgs-0.1.0-py3.10.egg-info/SOURCES.txt
[3.395s] -- Installing: /home/su1jun/Capstone/colcon_ws/install/vizanti_msgs/local/lib/python3.10/dist-packages/vizanti_msgs-0.1.0-py3.10.egg-info/dependency_links.txt
[3.395s] -- Installing: /home/su1jun/Capstone/colcon_ws/install/vizanti_msgs/local/lib/python3.10/dist-packages/vizanti_msgs-0.1.0-py3.10.egg-info/PKG-INFO
[3.395s] -- Installing: /home/su1jun/Capstone/colcon_ws/install/vizanti_msgs/local/lib/python3.10/dist-packages/vizanti_msgs
[3.395s] -- Installing: /home/su1jun/Capstone/colcon_ws/install/vizanti_msgs/local/lib/python3.10/dist-packages/vizanti_msgs/libvizanti_msgs__rosidl_generator_py.so
[3.395s] -- Installing: /home/su1jun/Capstone/colcon_ws/install/vizanti_msgs/local/lib/python3.10/dist-packages/vizanti_msgs/_vizanti_msgs_s.ep.rosidl_typesupport_introspection_c.c
[3.395s] -- Installing: /home/su1jun/Capstone/colcon_ws/install/vizanti_msgs/local/lib/python3.10/dist-packages/vizanti_msgs/__init__.py
[3.395s] -- Installing: /home/su1jun/Capstone/colcon_ws/install/vizanti_msgs/local/lib/python3.10/dist-packages/vizanti_msgs/vizanti_msgs_s__rosidl_typesupport_introspection_c.cpython-310-x86_64-linux-gnu.so
[3.395s] -- Installing: /home/su1jun/Capstone/colcon_ws/install/vizanti_msgs/local/lib/python3.10/dist-packages/vizanti_msgs/_vizanti_msgs_s.ep.rosidl_typesupport_fastrtps_c.c
[3.395s] -- Installing: /home/su1jun/Capstone/colcon_ws/install/vizanti_msgs/local/lib/python3.10/dist-packages/vizanti_msgs/vizanti_msgs_s__rosidl_typesupport_c.cpython-310-x86_64-linux-gnu.so
[3.395s] -- Installing: /home/su1jun/Capstone/colcon_ws/install/vizanti_msgs/local/lib/python3.10/dist-packages/vizanti_msgs/srv
[3.395s] -- Installing: /home/su1jun/Capstone/colcon_ws/install/vizanti_msgs/local/lib/python3.10/dist-packages/vizanti_msgs/srv/_record_rosbag_s.c
[3.395s] -- Installing: /home/su1jun/Capstone/colcon_ws/install/vizanti_msgs/local/lib/python3.10/dist-packages/vizanti_msgs/srv/_manage_node.py
[3.395s] -- Installing: /home/su1jun/Capstone/colcon_ws/install/vizanti_msgs/local/lib/python3.10/dist-packages/vizanti_msgs/srv/_get_node_parameters.py
[3.395s] -- Installing: /home/su1jun/Capstone/colcon_ws/install/vizanti_msgs/local/lib/python3.10/dist-packages/vizanti_msgs/srv/_manage_node_s.c
[3.395s] -- Installing: /home/su1jun/Capstone/colcon_ws/install/vizanti_msgs/local/lib/python3.10/dist-packages/vizanti_msgs/srv/__init__.py
[3.395s] -- Installing: /home/su1jun/Capstone/colcon_ws/install/vizanti_msgs/local/lib/python3.10/dist-packages/vizanti_msgs/srv/_list_packages.py
[3.395s] -- Installing: /home/su1jun/Capstone/colcon_ws/install/vizanti_msgs/local/lib/python3.10/dist-packages/vizanti_msgs/srv/_save_map_s.c
[3.395s] -- Installing: /home/su1jun/Capstone/colcon_ws/install/vizanti_msgs/local/lib/python3.10/dist-packages/vizanti_msgs/srv/_load_map_s.c
[3.395s] -- Installing: /home/su1jun/Capstone/colcon_ws/install/vizanti_msgs/local/lib/python3.10/dist-packages/vizanti_msgs/srv/_save_map.py
[3.395s] -- Installing: /home/su1jun/Capstone/colcon_ws/install/vizanti_msgs/local/lib/python3.10/dist-packages/vizanti_msgs/srv/_list_packages_s.c
[3.395s] -- Installing: /home/su1jun/Capstone/colcon_ws/install/vizanti_msgs/local/lib/python3.10/dist-packages/vizanti_msgs/srv/_list_executables.py
[3.395s] -- Installing: /home/su1jun/Capstone/colcon_ws/install/vizanti_msgs/local/lib/python3.10/dist-packages/vizanti_msgs/srv/_list_executables_s.c
[3.395s] -- Installing: /home/su1jun/Capstone/colcon_ws/install/vizanti_msgs/local/lib/python3.10/dist-packages/vizanti_msgs/srv/_set_node_parameter.py
[3.395s] -- Installing: /home/su1jun/Capstone/colcon_ws/install/vizanti_msgs/local/lib/python3.10/dist-packages/vizanti_msgs/srv/_set_node_parameter_s.c
[3.395s] -- Installing: /home/su1jun/Capstone/colcon_ws/install/vizanti_msgs/local/lib/python3.10/dist-packages/vizanti_msgs/srv/_load_map.py
[3.395s] -- Installing: /home/su1jun/Capstone/colcon_ws/install/vizanti_msgs/local/lib/python3.10/dist-packages/vizanti_msgs/srv/_record_rosbag.py
[3.395s] -- Installing: /home/su1jun/Capstone/colcon_ws/install/vizanti_msgs/local/lib/python3.10/dist-packages/vizanti_msgs/srv/_get_node_parameters_s.c
[3.395s] -- Installing: /home/su1jun/Capstone/colcon_ws/install/vizanti_msgs/local/lib/python3.10/dist-packages/vizanti_msgs/vizanti_msgs_s__rosidl_typesupport_fastrtps_c.cpython-310-x86_64-linux-gnu.so
[3.395s] -- Installing: /home/su1jun/Capstone/colcon_ws/install/vizanti_msgs/local/lib/python3.10/dist-packages/vizanti_msgs/_vizanti_msgs_s.ep.rosidl_typesupport_c.c
[3.415s] Listing '/home/su1jun/Capstone/colcon_ws/install/vizanti_msgs/local/lib/python3.10/dist-packages/vizanti_msgs'...
[3.415s] Compiling '/home/su1jun/Capstone/colcon_ws/install/vizanti_msgs/local/lib/python3.10/dist-packages/vizanti_msgs/__init__.py'...
[3.415s] Listing '/home/su1jun/Capstone/colcon_ws/install/vizanti_msgs/local/lib/python3.10/dist-packages/vizanti_msgs/srv'...
[3.415s] Compiling '/home/su1jun/Capstone/colcon_ws/install/vizanti_msgs/local/lib/python3.10/dist-packages/vizanti_msgs/srv/__init__.py'...
[3.415s] Compiling '/home/su1jun/Capstone/colcon_ws/install/vizanti_msgs/local/lib/python3.10/dist-packages/vizanti_msgs/srv/_get_node_parameters.py'...
[3.415s] Compiling '/home/su1jun/Capstone/colcon_ws/install/vizanti_msgs/local/lib/python3.10/dist-packages/vizanti_msgs/srv/_list_executables.py'...
[3.415s] Compiling '/home/su1jun/Capstone/colcon_ws/install/vizanti_msgs/local/lib/python3.10/dist-packages/vizanti_msgs/srv/_list_packages.py'...
[3.415s] Compiling '/home/su1jun/Capstone/colcon_ws/install/vizanti_msgs/local/lib/python3.10/dist-packages/vizanti_msgs/srv/_load_map.py'...
[3.415s] Compiling '/home/su1jun/Capstone/colcon_ws/install/vizanti_msgs/local/lib/python3.10/dist-packages/vizanti_msgs/srv/_manage_node.py'...
[3.415s] Compiling '/home/su1jun/Capstone/colcon_ws/install/vizanti_msgs/local/lib/python3.10/dist-packages/vizanti_msgs/srv/_record_rosbag.py'...
[3.415s] Compiling '/home/su1jun/Capstone/colcon_ws/install/vizanti_msgs/local/lib/python3.10/dist-packages/vizanti_msgs/srv/_save_map.py'...
[3.415s] Compiling '/home/su1jun/Capstone/colcon_ws/install/vizanti_msgs/local/lib/python3.10/dist-packages/vizanti_msgs/srv/_set_node_parameter.py'...
[3.417s] -- Installing: /home/su1jun/Capstone/colcon_ws/install/vizanti_msgs/local/lib/python3.10/dist-packages/vizanti_msgs/vizanti_msgs_s__rosidl_typesupport_fastrtps_c.cpython-310-x86_64-linux-gnu.so
[3.417s] -- Set runtime path of "/home/su1jun/Capstone/colcon_ws/install/vizanti_msgs/local/lib/python3.10/dist-packages/vizanti_msgs/vizanti_msgs_s__rosidl_typesupport_fastrtps_c.cpython-310-x86_64-linux-gnu.so" to ""
[3.417s] -- Installing: /home/su1jun/Capstone/colcon_ws/install/vizanti_msgs/local/lib/python3.10/dist-packages/vizanti_msgs/vizanti_msgs_s__rosidl_typesupport_introspection_c.cpython-310-x86_64-linux-gnu.so
[3.417s] -- Set runtime path of "/home/su1jun/Capstone/colcon_ws/install/vizanti_msgs/local/lib/python3.10/dist-packages/vizanti_msgs/vizanti_msgs_s__rosidl_typesupport_introspection_c.cpython-310-x86_64-linux-gnu.so" to ""
[3.417s] -- Installing: /home/su1jun/Capstone/colcon_ws/install/vizanti_msgs/local/lib/python3.10/dist-packages/vizanti_msgs/vizanti_msgs_s__rosidl_typesupport_c.cpython-310-x86_64-linux-gnu.so
[3.417s] -- Set runtime path of "/home/su1jun/Capstone/colcon_ws/install/vizanti_msgs/local/lib/python3.10/dist-packages/vizanti_msgs/vizanti_msgs_s__rosidl_typesupport_c.cpython-310-x86_64-linux-gnu.so" to ""
[3.418s] -- Installing: /home/su1jun/Capstone/colcon_ws/install/vizanti_msgs/lib/libvizanti_msgs__rosidl_generator_py.so
[3.418s] -- Set runtime path of "/home/su1jun/Capstone/colcon_ws/install/vizanti_msgs/lib/libvizanti_msgs__rosidl_generator_py.so" to ""
[3.418s] -- Installing: /home/su1jun/Capstone/colcon_ws/install/vizanti_msgs/share/vizanti_msgs/srv/GetNodeParameters.idl
[3.418s] -- Installing: /home/su1jun/Capstone/colcon_ws/install/vizanti_msgs/share/vizanti_msgs/srv/SetNodeParameter.idl
[3.418s] -- Installing: /home/su1jun/Capstone/colcon_ws/install/vizanti_msgs/share/vizanti_msgs/srv/SaveMap.idl
[3.418s] -- Installing: /home/su1jun/Capstone/colcon_ws/install/vizanti_msgs/share/vizanti_msgs/srv/LoadMap.idl
[3.418s] -- Installing: /home/su1jun/Capstone/colcon_ws/install/vizanti_msgs/share/vizanti_msgs/srv/RecordRosbag.idl
[3.418s] -- Installing: /home/su1jun/Capstone/colcon_ws/install/vizanti_msgs/share/vizanti_msgs/srv/ManageNode.idl
[3.418s] -- Installing: /home/su1jun/Capstone/colcon_ws/install/vizanti_msgs/share/vizanti_msgs/srv/ListPackages.idl
[3.418s] -- Installing: /home/su1jun/Capstone/colcon_ws/install/vizanti_msgs/share/vizanti_msgs/srv/ListExecutables.idl
[3.418s] -- Installing: /home/su1jun/Capstone/colcon_ws/install/vizanti_msgs/share/vizanti_msgs/srv/GetNodeParameters.srv
[3.418s] -- Installing: /home/su1jun/Capstone/colcon_ws/install/vizanti_msgs/share/vizanti_msgs/srv/GetNodeParameters_Request.msg
[3.418s] -- Installing: /home/su1jun/Capstone/colcon_ws/install/vizanti_msgs/share/vizanti_msgs/srv/GetNodeParameters_Response.msg
[3.418s] -- Installing: /home/su1jun/Capstone/colcon_ws/install/vizanti_msgs/share/vizanti_msgs/srv/SetNodeParameter.srv
[3.418s] -- Installing: /home/su1jun/Capstone/colcon_ws/install/vizanti_msgs/share/vizanti_msgs/srv/SetNodeParameter_Request.msg
[3.419s] -- Installing: /home/su1jun/Capstone/colcon_ws/install/vizanti_msgs/share/vizanti_msgs/srv/SetNodeParameter_Response.msg
[3.419s] -- Installing: /home/su1jun/Capstone/colcon_ws/install/vizanti_msgs/share/vizanti_msgs/srv/SaveMap.srv
[3.419s] -- Installing: /home/su1jun/Capstone/colcon_ws/install/vizanti_msgs/share/vizanti_msgs/srv/SaveMap_Request.msg
[3.419s] -- Installing: /home/su1jun/Capstone/colcon_ws/install/vizanti_msgs/share/vizanti_msgs/srv/SaveMap_Response.msg
[3.419s] -- Installing: /home/su1jun/Capstone/colcon_ws/install/vizanti_msgs/share/vizanti_msgs/srv/LoadMap.srv
[3.419s] -- Installing: /home/su1jun/Capstone/colcon_ws/install/vizanti_msgs/share/vizanti_msgs/srv/LoadMap_Request.msg
[3.419s] -- Installing: /home/su1jun/Capstone/colcon_ws/install/vizanti_msgs/share/vizanti_msgs/srv/LoadMap_Response.msg
[3.419s] -- Installing: /home/su1jun/Capstone/colcon_ws/install/vizanti_msgs/share/vizanti_msgs/srv/RecordRosbag.srv
[3.419s] -- Installing: /home/su1jun/Capstone/colcon_ws/install/vizanti_msgs/share/vizanti_msgs/srv/RecordRosbag_Request.msg
[3.419s] -- Installing: /home/su1jun/Capstone/colcon_ws/install/vizanti_msgs/share/vizanti_msgs/srv/RecordRosbag_Response.msg
[3.419s] -- Installing: /home/su1jun/Capstone/colcon_ws/install/vizanti_msgs/share/vizanti_msgs/srv/ManageNode.srv
[3.419s] -- Installing: /home/su1jun/Capstone/colcon_ws/install/vizanti_msgs/share/vizanti_msgs/srv/ManageNode_Request.msg
[3.419s] -- Installing: /home/su1jun/Capstone/colcon_ws/install/vizanti_msgs/share/vizanti_msgs/srv/ManageNode_Response.msg
[3.419s] -- Installing: /home/su1jun/Capstone/colcon_ws/install/vizanti_msgs/share/vizanti_msgs/srv/ListPackages.srv
[3.419s] -- Installing: /home/su1jun/Capstone/colcon_ws/install/vizanti_msgs/share/vizanti_msgs/srv/ListPackages_Request.msg
[3.419s] -- Installing: /home/su1jun/Capstone/colcon_ws/install/vizanti_msgs/share/vizanti_msgs/srv/ListPackages_Response.msg
[3.420s] -- Installing: /home/su1jun/Capstone/colcon_ws/install/vizanti_msgs/share/vizanti_msgs/srv/ListExecutables.srv
[3.420s] -- Installing: /home/su1jun/Capstone/colcon_ws/install/vizanti_msgs/share/vizanti_msgs/srv/ListExecutables_Request.msg
[3.420s] -- Installing: /home/su1jun/Capstone/colcon_ws/install/vizanti_msgs/share/vizanti_msgs/srv/ListExecutables_Response.msg
[3.420s] -- Installing: /home/su1jun/Capstone/colcon_ws/install/vizanti_msgs/share/ament_index/resource_index/package_run_dependencies/vizanti_msgs
[3.420s] -- Installing: /home/su1jun/Capstone/colcon_ws/install/vizanti_msgs/share/ament_index/resource_index/parent_prefix_path/vizanti_msgs
[3.420s] -- Installing: /home/su1jun/Capstone/colcon_ws/install/vizanti_msgs/share/vizanti_msgs/environment/ament_prefix_path.sh
[3.420s] -- Installing: /home/su1jun/Capstone/colcon_ws/install/vizanti_msgs/share/vizanti_msgs/environment/ament_prefix_path.dsv
[3.420s] -- Installing: /home/su1jun/Capstone/colcon_ws/install/vizanti_msgs/share/vizanti_msgs/environment/path.sh
[3.420s] -- Installing: /home/su1jun/Capstone/colcon_ws/install/vizanti_msgs/share/vizanti_msgs/environment/path.dsv
[3.420s] -- Installing: /home/su1jun/Capstone/colcon_ws/install/vizanti_msgs/share/vizanti_msgs/local_setup.bash
[3.420s] -- Installing: /home/su1jun/Capstone/colcon_ws/install/vizanti_msgs/share/vizanti_msgs/local_setup.sh
[3.420s] -- Installing: /home/su1jun/Capstone/colcon_ws/install/vizanti_msgs/share/vizanti_msgs/local_setup.zsh
[3.420s] -- Installing: /home/su1jun/Capstone/colcon_ws/install/vizanti_msgs/share/vizanti_msgs/local_setup.dsv
[3.420s] -- Installing: /home/su1jun/Capstone/colcon_ws/install/vizanti_msgs/share/vizanti_msgs/package.dsv
[3.420s] -- Installing: /home/su1jun/Capstone/colcon_ws/install/vizanti_msgs/share/ament_index/resource_index/packages/vizanti_msgs
[3.420s] -- Installing: /home/su1jun/Capstone/colcon_ws/install/vizanti_msgs/share/vizanti_msgs/cmake/export_vizanti_msgs__rosidl_generator_cExport.cmake
[3.420s] -- Installing: /home/su1jun/Capstone/colcon_ws/install/vizanti_msgs/share/vizanti_msgs/cmake/export_vizanti_msgs__rosidl_generator_cExport-noconfig.cmake
[3.420s] -- Installing: /home/su1jun/Capstone/colcon_ws/install/vizanti_msgs/share/vizanti_msgs/cmake/export_vizanti_msgs__rosidl_typesupport_fastrtps_cExport.cmake
[3.421s] -- Installing: /home/su1jun/Capstone/colcon_ws/install/vizanti_msgs/share/vizanti_msgs/cmake/export_vizanti_msgs__rosidl_typesupport_fastrtps_cExport-noconfig.cmake
[3.421s] -- Installing: /home/su1jun/Capstone/colcon_ws/install/vizanti_msgs/share/vizanti_msgs/cmake/vizanti_msgs__rosidl_typesupport_introspection_cExport.cmake
[3.421s] -- Installing: /home/su1jun/Capstone/colcon_ws/install/vizanti_msgs/share/vizanti_msgs/cmake/vizanti_msgs__rosidl_typesupport_introspection_cExport-noconfig.cmake
[3.421s] -- Installing: /home/su1jun/Capstone/colcon_ws/install/vizanti_msgs/share/vizanti_msgs/cmake/vizanti_msgs__rosidl_typesupport_cExport.cmake
[3.421s] -- Installing: /home/su1jun/Capstone/colcon_ws/install/vizanti_msgs/share/vizanti_msgs/cmake/vizanti_msgs__rosidl_typesupport_cExport-noconfig.cmake
[3.421s] -- Installing: /home/su1jun/Capstone/colcon_ws/install/vizanti_msgs/share/vizanti_msgs/cmake/export_vizanti_msgs__rosidl_generator_cppExport.cmake
[3.421s] -- Installing: /home/su1jun/Capstone/colcon_ws/install/vizanti_msgs/share/vizanti_msgs/cmake/export_vizanti_msgs__rosidl_typesupport_fastrtps_cppExport.cmake
[3.421s] -- Installing: /home/su1jun/Capstone/colcon_ws/install/vizanti_msgs/share/vizanti_msgs/cmake/export_vizanti_msgs__rosidl_typesupport_fastrtps_cppExport-noconfig.cmake
[3.421s] -- Installing: /home/su1jun/Capstone/colcon_ws/install/vizanti_msgs/share/vizanti_msgs/cmake/vizanti_msgs__rosidl_typesupport_introspection_cppExport.cmake
[3.421s] -- Installing: /home/su1jun/Capstone/colcon_ws/install/vizanti_msgs/share/vizanti_msgs/cmake/vizanti_msgs__rosidl_typesupport_introspection_cppExport-noconfig.cmake
[3.421s] -- Installing: /home/su1jun/Capstone/colcon_ws/install/vizanti_msgs/share/vizanti_msgs/cmake/vizanti_msgs__rosidl_typesupport_cppExport.cmake
[3.422s] -- Installing: /home/su1jun/Capstone/colcon_ws/install/vizanti_msgs/share/vizanti_msgs/cmake/vizanti_msgs__rosidl_typesupport_cppExport-noconfig.cmake
[3.422s] -- Installing: /home/su1jun/Capstone/colcon_ws/install/vizanti_msgs/share/vizanti_msgs/cmake/export_vizanti_msgs__rosidl_generator_pyExport.cmake
[3.422s] -- Installing: /home/su1jun/Capstone/colcon_ws/install/vizanti_msgs/share/vizanti_msgs/cmake/export_vizanti_msgs__rosidl_generator_pyExport-noconfig.cmake
[3.422s] -- Installing: /home/su1jun/Capstone/colcon_ws/install/vizanti_msgs/share/vizanti_msgs/cmake/rosidl_cmake-extras.cmake
[3.422s] -- Installing: /home/su1jun/Capstone/colcon_ws/install/vizanti_msgs/share/vizanti_msgs/cmake/ament_cmake_export_dependencies-extras.cmake
[3.422s] -- Installing: /home/su1jun/Capstone/colcon_ws/install/vizanti_msgs/share/vizanti_msgs/cmake/ament_cmake_export_include_directories-extras.cmake
[3.422s] -- Installing: /home/su1jun/Capstone/colcon_ws/install/vizanti_msgs/share/vizanti_msgs/cmake/ament_cmake_export_libraries-extras.cmake
[3.422s] -- Installing: /home/su1jun/Capstone/colcon_ws/install/vizanti_msgs/share/vizanti_msgs/cmake/ament_cmake_export_targets-extras.cmake
[3.422s] -- Installing: /home/su1jun/Capstone/colcon_ws/install/vizanti_msgs/share/vizanti_msgs/cmake/rosidl_cmake_export_typesupport_targets-extras.cmake
[3.422s] -- Installing: /home/su1jun/Capstone/colcon_ws/install/vizanti_msgs/share/vizanti_msgs/cmake/rosidl_cmake_export_typesupport_libraries-extras.cmake
[3.422s] -- Installing: /home/su1jun/Capstone/colcon_ws/install/vizanti_msgs/share/vizanti_msgs/cmake/vizanti_msgsConfig.cmake
[3.422s] -- Installing: /home/su1jun/Capstone/colcon_ws/install/vizanti_msgs/share/vizanti_msgs/cmake/vizanti_msgsConfig-version.cmake
[3.422s] -- Installing: /home/su1jun/Capstone/colcon_ws/install/vizanti_msgs/share/vizanti_msgs/package.xml
[3.422s] Invoked command in '/home/su1jun/Capstone/colcon_ws/build/vizanti_msgs' returned '0': CMAKE_PREFIX_PATH=/home/su1jun/ros2_ws/install/robot:/opt/ros/humble:${CMAKE_PREFIX_PATH} /usr/bin/cmake --install /home/su1jun/Capstone/colcon_ws/build/vizanti_msgs
