running egg_info
writing ../../build/robot/robot.egg-info/PKG-INFO
writing dependency_links to ../../build/robot/robot.egg-info/dependency_links.txt
writing entry points to ../../build/robot/robot.egg-info/entry_points.txt
writing requirements to ../../build/robot/robot.egg-info/requires.txt
writing top-level names to ../../build/robot/robot.egg-info/top_level.txt
reading manifest file '../../build/robot/robot.egg-info/SOURCES.txt'
writing manifest file '../../build/robot/robot.egg-info/SOURCES.txt'
running build
running build_py
copying robot/__init__.py -> /home/su1jun/Capstone/ros2_ws/build/robot/build/lib/robot
copying robot/switch_node.py -> /home/su1jun/Capstone/ros2_ws/build/robot/build/lib/robot
copying robot/gps_test.py -> /home/su1jun/Capstone/ros2_ws/build/robot/build/lib/robot
copying robot/const.py -> /home/su1jun/Capstone/ros2_ws/build/robot/build/lib/robot
copying robot/motor_node.py -> /home/su1jun/Capstone/ros2_ws/build/robot/build/lib/robot
copying robot/bluetooth_node.py -> /home/su1jun/Capstone/ros2_ws/build/robot/build/lib/robot
copying robot/bluetooth_test.py -> /home/su1jun/Capstone/ros2_ws/build/robot/build/lib/robot
running install
/home/su1jun/.local/lib/python3.10/site-packages/setuptools/_distutils/cmd.py:66: SetuptoolsDeprecationWarning: setup.py install is deprecated.
!!

        ********************************************************************************
        Please avoid running ``setup.py`` directly.
        Instead, use pypa/build, pypa/installer or other
        standards-based tools.

        See https://blog.ganssle.io/articles/2021/10/setup-py-deprecated.html for details.
        ********************************************************************************

!!
  self.initialize_options()
running install_lib
running install_data
copying resource/robot -> /home/su1jun/Capstone/ros2_ws/install/robot/share/ament_index/resource_index/packages
copying package.xml -> /home/su1jun/Capstone/ros2_ws/install/robot/share/robot
running install_egg_info
removing '/home/su1jun/Capstone/ros2_ws/install/robot/lib/python3.10/site-packages/robot-0.0.0-py3.10.egg-info' (and everything under it)
Copying ../../build/robot/robot.egg-info to /home/su1jun/Capstone/ros2_ws/install/robot/lib/python3.10/site-packages/robot-0.0.0-py3.10.egg-info
running install_scripts
Installing bluetooth script to /home/su1jun/Capstone/ros2_ws/install/robot/lib/robot
Installing motor script to /home/su1jun/Capstone/ros2_ws/install/robot/lib/robot
Installing switch script to /home/su1jun/Capstone/ros2_ws/install/robot/lib/robot
writing list of installed files to '/home/su1jun/Capstone/ros2_ws/build/robot/install.log'
