[0.429s] Invoking command in '/home/su1jun/Capstone/ros2_ws/src/robot': PYTHONPATH=/home/su1jun/Capstone/ros2_ws/build/robot/prefix_override:/home/su1jun/Capstone/ros2_ws/install/robot/lib/python3.10/site-packages:${PYTHONPATH} /usr/bin/python3 setup.py egg_info --egg-base ../../build/robot build --build-base /home/su1jun/Capstone/ros2_ws/build/robot/build install --record /home/su1jun/Capstone/ros2_ws/build/robot/install.log --single-version-externally-managed
[0.536s] running egg_info
[0.542s] writing ../../build/robot/robot.egg-info/PKG-INFO
[0.542s] writing dependency_links to ../../build/robot/robot.egg-info/dependency_links.txt
[0.542s] writing entry points to ../../build/robot/robot.egg-info/entry_points.txt
[0.542s] writing requirements to ../../build/robot/robot.egg-info/requires.txt
[0.542s] writing top-level names to ../../build/robot/robot.egg-info/top_level.txt
[0.556s] reading manifest file '../../build/robot/robot.egg-info/SOURCES.txt'
[0.556s] writing manifest file '../../build/robot/robot.egg-info/SOURCES.txt'
[0.556s] running build
[0.556s] running build_py
[0.556s] copying robot/__init__.py -> /home/su1jun/Capstone/ros2_ws/build/robot/build/lib/robot
[0.556s] copying robot/switch_node.py -> /home/su1jun/Capstone/ros2_ws/build/robot/build/lib/robot
[0.556s] copying robot/gps_test.py -> /home/su1jun/Capstone/ros2_ws/build/robot/build/lib/robot
[0.556s] copying robot/const.py -> /home/su1jun/Capstone/ros2_ws/build/robot/build/lib/robot
[0.556s] copying robot/motor_node.py -> /home/su1jun/Capstone/ros2_ws/build/robot/build/lib/robot
[0.556s] copying robot/bluetooth_node.py -> /home/su1jun/Capstone/ros2_ws/build/robot/build/lib/robot
[0.557s] copying robot/bluetooth_test.py -> /home/su1jun/Capstone/ros2_ws/build/robot/build/lib/robot
[0.557s] running install
[0.557s] /home/su1jun/.local/lib/python3.10/site-packages/setuptools/_distutils/cmd.py:66: SetuptoolsDeprecationWarning: setup.py install is deprecated.
[0.557s] !!
[0.557s] 
[0.557s]         ********************************************************************************
[0.557s]         Please avoid running ``setup.py`` directly.
[0.557s]         Instead, use pypa/build, pypa/installer or other
[0.557s]         standards-based tools.
[0.557s] 
[0.557s]         See https://blog.ganssle.io/articles/2021/10/setup-py-deprecated.html for details.
[0.557s]         ********************************************************************************
[0.557s] 
[0.557s] !!
[0.557s]   self.initialize_options()
[0.559s] running install_lib
[0.566s] running install_data
[0.573s] copying resource/robot -> /home/su1jun/Capstone/ros2_ws/install/robot/share/ament_index/resource_index/packages
[0.573s] copying package.xml -> /home/su1jun/Capstone/ros2_ws/install/robot/share/robot
[0.573s] running install_egg_info
[0.580s] removing '/home/su1jun/Capstone/ros2_ws/install/robot/lib/python3.10/site-packages/robot-0.0.0-py3.10.egg-info' (and everything under it)
[0.580s] Copying ../../build/robot/robot.egg-info to /home/su1jun/Capstone/ros2_ws/install/robot/lib/python3.10/site-packages/robot-0.0.0-py3.10.egg-info
[0.581s] running install_scripts
[0.645s] Installing bluetooth script to /home/su1jun/Capstone/ros2_ws/install/robot/lib/robot
[0.646s] Installing motor script to /home/su1jun/Capstone/ros2_ws/install/robot/lib/robot
[0.646s] Installing switch script to /home/su1jun/Capstone/ros2_ws/install/robot/lib/robot
[0.646s] writing list of installed files to '/home/su1jun/Capstone/ros2_ws/build/robot/install.log'
[0.658s] Invoked command in '/home/su1jun/Capstone/ros2_ws/src/robot' returned '0': PYTHONPATH=/home/su1jun/Capstone/ros2_ws/build/robot/prefix_override:/home/su1jun/Capstone/ros2_ws/install/robot/lib/python3.10/site-packages:${PYTHONPATH} /usr/bin/python3 setup.py egg_info --egg-base ../../build/robot build --build-base /home/su1jun/Capstone/ros2_ws/build/robot/build install --record /home/su1jun/Capstone/ros2_ws/build/robot/install.log --single-version-externally-managed
