[0.179s] Invoking command in '/home/su1jun/Capstone/ros2_ws/build/turtlebot3_gazebo': CMAKE_PREFIX_PATH=${CMAKE_PREFIX_PATH}:/opt/ros/humble /usr/bin/cmake /home/su1jun/Capstone/ros2_ws/src/turtlebot3_simulations/turtlebot3_gazebo -DCMAKE_INSTALL_PREFIX=/home/su1jun/Capstone/ros2_ws/install/turtlebot3_gazebo
[0.310s] -- The C compiler identification is GNU 11.4.0
[0.310s] -- The CXX compiler identification is GNU 11.4.0
[0.310s] -- Detecting C compiler ABI info
[0.310s] -- Detecting C compiler ABI info - done
[0.310s] -- Check for working C compiler: /usr/bin/cc - skipped
[0.310s] -- Detecting C compile features
[0.310s] -- Detecting C compile features - done
[0.310s] -- Detecting CXX compiler ABI info
[0.314s] -- Detecting CXX compiler ABI info - done
[0.320s] -- Check for working CXX compiler: /usr/bin/c++ - skipped
[0.320s] -- Detecting CXX compile features
[0.320s] -- Detecting CXX compile features - done
[0.322s] -- Found ament_cmake: 1.3.8 (/opt/ros/humble/share/ament_cmake/cmake)
[0.496s] -- Found Python3: /usr/bin/python3 (found version "3.10.12") found components: Interpreter 
[0.544s] [33mCMake Warning (dev) at /usr/share/cmake-3.22/Modules/FindPackageHandleStandardArgs.cmake:438 (message):
[0.544s]   The package name passed to `find_package_handle_standard_args` (PkgConfig)
[0.544s]   does not match the name of the calling package (gazebo).  This can lead to
[0.544s]   problems in calling code that expects `find_package` result variables
[0.544s]   (e.g., `_FOUND`) to follow a certain pattern.
[0.544s] Call Stack (most recent call first):
[0.544s]   /usr/share/cmake-3.22/Modules/FindPkgConfig.cmake:99 (find_package_handle_standard_args)
[0.544s]   /usr/lib/x86_64-linux-gnu/cmake/gazebo/gazebo-config.cmake:72 (include)
[0.545s]   CMakeLists.txt:23 (find_package)
[0.545s] This warning is for project developers.  Use -Wno-dev to suppress it.
[0.545s] [0m
[0.545s] -- Found PkgConfig: /usr/bin/pkg-config (found version "0.29.2") 
[0.546s] -- Checking for module 'bullet>=2.82'
[0.553s] --   Found bullet, version 3.05
[0.607s] -- Found fcl: /usr/include (found suitable version "0.7.0", minimum required is "0.5.0") 
[0.628s] -- Found assimp: /usr/include (found version "5.2.0") 
[0.643s] -- Found DART: /usr/include (Required is at least version "6.6") found components: dart 
[0.729s] -- Found Boost: /usr/lib/x86_64-linux-gnu/cmake/Boost-1.74.0/BoostConfig.cmake (found suitable version "1.74.0", minimum required is "1.40.0") found components: thread system filesystem program_options regex iostreams date_time 
[0.740s] -- Found Protobuf: /usr/lib/x86_64-linux-gnu/libprotobuf.so (found version "3.12.4") 
[0.743s] -- Looking for ignition-math6 -- found version 6.15.1
[0.748s] -- Searching for dependencies of ignition-math6
[0.749s] -- Looking for OGRE...
[0.750s] -- OGRE_PREFIX_WATCH changed.
[0.752s] -- Checking for module 'OGRE'
[0.757s] --   Found OGRE, version 1.9.0
[0.772s] -- Found Ogre Ghadamon (1.9.0)
[0.780s] -- Found OGRE: optimized;/usr/lib/x86_64-linux-gnu/libOgreMain.so;debug;/usr/lib/x86_64-linux-gnu/libOgreMain.so
[0.786s] -- Looking for OGRE_Paging...
[0.788s] -- Found OGRE_Paging: optimized;/usr/lib/x86_64-linux-gnu/libOgrePaging.so;debug;/usr/lib/x86_64-linux-gnu/libOgrePaging.so
[0.788s] -- Looking for OGRE_Terrain...
[0.791s] -- Found OGRE_Terrain: optimized;/usr/lib/x86_64-linux-gnu/libOgreTerrain.so;debug;/usr/lib/x86_64-linux-gnu/libOgreTerrain.so
[0.791s] -- Looking for OGRE_Property...
[0.793s] -- Found OGRE_Property: optimized;/usr/lib/x86_64-linux-gnu/libOgreProperty.so;debug;/usr/lib/x86_64-linux-gnu/libOgreProperty.so
[0.793s] -- Looking for OGRE_RTShaderSystem...
[0.795s] -- Found OGRE_RTShaderSystem: optimized;/usr/lib/x86_64-linux-gnu/libOgreRTShaderSystem.so;debug;/usr/lib/x86_64-linux-gnu/libOgreRTShaderSystem.so
[0.795s] -- Looking for OGRE_Volume...
[0.797s] -- Found OGRE_Volume: optimized;/usr/lib/x86_64-linux-gnu/libOgreVolume.so;debug;/usr/lib/x86_64-linux-gnu/libOgreVolume.so
[0.797s] -- Looking for OGRE_Overlay...
[0.800s] -- Found OGRE_Overlay: optimized;/usr/lib/x86_64-linux-gnu/libOgreOverlay.so;debug;/usr/lib/x86_64-linux-gnu/libOgreOverlay.so
[0.848s] -- Looking for ignition-math6 -- found version 6.15.1
[0.849s] -- Looking for ignition-transport8 -- found version 8.2.1
[0.849s] -- Searching for dependencies of ignition-transport8
[0.858s] -- Found Protobuf: /usr/lib/x86_64-linux-gnu/libprotobuf.so (found suitable version "3.12.4", minimum required is "3") 
[0.863s] -- Config-file not installed for ZeroMQ -- checking for pkg-config
[0.866s] -- Checking for module 'libzmq >= 4'
[0.873s] --   Found libzmq , version 4.3.4
[0.888s] -- Found ZeroMQ: TRUE (Required is at least version "4") 
[0.890s] -- Checking for module 'uuid'
[0.896s] --   Found uuid, version 2.37.2
[0.913s] -- Found UUID: TRUE  
[0.916s] -- Looking for ignition-msgs5 -- found version 5.8.1
[0.916s] -- Searching for dependencies of ignition-msgs5
[0.925s] -- Looking for ignition-math6 -- found version 6.15.1
[0.929s] -- Checking for module 'tinyxml2'
[0.936s] --   Found tinyxml2, version 9.0.0
[0.955s] -- Looking for ignition-msgs5 -- found version 5.8.1
[0.958s] -- Looking for ignition-common3 -- found version 3.14.0
[0.958s] -- Searching for dependencies of ignition-common3
[0.958s] -- Looking for dlfcn.h - found
[0.959s] -- Looking for libdl - found
[0.959s] -- Found DL: TRUE  
[0.966s] -- Found tinyobjloader: /usr/lib/x86_64-linux-gnu/cmake/tinyobjloader/tinyobjloader-config.cmake (found version "2.0.0") 
[0.966s] -- Searching for <ignition-common3> component [graphics]
[0.967s] -- Looking for ignition-common3-graphics -- found version 3.14.0
[0.968s] -- Searching for dependencies of ignition-common3-graphics
[0.968s] -- Looking for ignition-math6 -- found version 6.15.1
[0.970s] -- Looking for ignition-fuel_tools4 -- found version 4.4.0
[0.971s] -- Searching for dependencies of ignition-fuel_tools4
[1.007s] -- Found CURL: /usr/lib/x86_64-linux-gnu/libcurl.so (found version "7.81.0")  
[1.011s] -- Checking for module 'jsoncpp'
[1.017s] --   Found jsoncpp, version 1.9.5
[1.031s] -- Found JSONCPP: TRUE  
[1.034s] -- Checking for module 'libzip'
[1.040s] --   Found libzip, version 1.7.3
[1.054s] -- Found ZIP: TRUE  
[1.054s] -- Looking for ignition-common3 -- found version 3.14.0
[1.054s] -- Looking for ignition-math6 -- found version 6.15.1
[1.054s] -- Looking for ignition-msgs5 -- found version 5.8.1
[1.057s] -- Found gazebo_ros_pkgs: 3.7.0 (/opt/ros/humble/share/gazebo_ros_pkgs/cmake)
[1.058s] -- Found geometry_msgs: 4.2.3 (/opt/ros/humble/share/geometry_msgs/cmake)
[1.074s] -- Found rosidl_generator_c: 3.1.5 (/opt/ros/humble/share/rosidl_generator_c/cmake)
[1.076s] -- Found rosidl_adapter: 3.1.5 (/opt/ros/humble/share/rosidl_adapter/cmake)
[1.080s] -- Found rosidl_generator_cpp: 3.1.5 (/opt/ros/humble/share/rosidl_generator_cpp/cmake)
[1.089s] -- Using all available rosidl_typesupport_c: rosidl_typesupport_fastrtps_c;rosidl_typesupport_introspection_c
[1.098s] -- Using all available rosidl_typesupport_cpp: rosidl_typesupport_fastrtps_cpp;rosidl_typesupport_introspection_cpp
[1.155s] -- Found nav_msgs: 4.2.3 (/opt/ros/humble/share/nav_msgs/cmake)
[1.196s] -- Found rclcpp: 16.0.8 (/opt/ros/humble/share/rclcpp/cmake)
[1.225s] -- Found rmw_implementation_cmake: 6.1.1 (/opt/ros/humble/share/rmw_implementation_cmake/cmake)
[1.227s] -- Found rmw_fastrtps_cpp: 6.2.6 (/opt/ros/humble/share/rmw_fastrtps_cpp/cmake)
[1.273s] -- Found OpenSSL: /usr/lib/x86_64-linux-gnu/libcrypto.so (found version "3.0.2")  
[1.289s] -- Found FastRTPS: /opt/ros/humble/include  
[1.313s] -- Using RMW implementation 'rmw_fastrtps_cpp' as default
[1.318s] -- Found Threads: TRUE  
[1.379s] -- Found sensor_msgs: 4.2.3 (/opt/ros/humble/share/sensor_msgs/cmake)
[1.419s] -- Found tf2: 0.25.6 (/opt/ros/humble/share/tf2/cmake)
[1.468s] -- Configuring done
[1.481s] -- Generating done
[1.483s] -- Build files have been written to: /home/su1jun/Capstone/ros2_ws/build/turtlebot3_gazebo
