[0.048s] Invoking command in '/home/su1jun/Capstone/ros2_ws/build/rosbridge_library': AMENT_PREFIX_PATH=/home/su1jun/Capstone/ros2_ws/install/rosbridge_test_msgs:${AMENT_PREFIX_PATH} CMAKE_PREFIX_PATH=/home/su1jun/Capstone/ros2_ws/install/rosbridge_test_msgs:/home/su1jun/Capstone/ros2_ws/install/turtlebot3_simulations:/home/su1jun/Capstone/ros2_ws/install/turtlebot3_gazebo:/home/su1jun/Capstone/ros2_ws/install/turtlebot3_fake_node:/home/su1jun/Capstone/ros2_ws/install/rosbridge_server:/home/su1jun/Capstone/ros2_ws/install/capstone:/home/su1jun/Capstone/ros2_ws/install/articubot_one:/home/su1jun/turtlebot3_ws/install/turtlebot3_simulations:/home/su1jun/turtlebot3_ws/install/turtlebot3_gazebo:/home/su1jun/turtlebot3_ws/install/turtlebot3_fake_node:/home/su1jun/Capstone/ros2_ws/install/robot:/opt/ros/humble LD_LIBRARY_PATH=/home/su1jun/Capstone/ros2_ws/install/rosbridge_test_msgs/lib:/usr/lib/x86_64-linux-gnu/gazebo-11/plugins:/opt/ros/humble/opt/rviz_ogre_vendor/lib:/opt/ros/humble/lib/x86_64-linux-gnu:/opt/ros/humble/lib:/usr/lib/x86_64-linux-gnu/gazebo-11/plugins PYTHONPATH=/home/su1jun/Capstone/ros2_ws/install/rosbridge_test_msgs/local/lib/python3.10/dist-packages:${PYTHONPATH} /usr/bin/cmake /home/su1jun/Capstone/ros2_ws/src/rosbridge_suite/rosbridge_library -DCMAKE_INSTALL_PREFIX=/home/su1jun/Capstone/ros2_ws/install/rosbridge_library
[0.084s] -- The C compiler identification is GNU 11.4.0
[0.120s] -- The CXX compiler identification is GNU 11.4.0
[0.126s] -- Detecting C compiler ABI info
[0.166s] -- Detecting C compiler ABI info - done
[0.170s] -- Check for working C compiler: /usr/bin/cc - skipped
[0.170s] -- Detecting C compile features
[0.170s] -- Detecting C compile features - done
[0.173s] -- Detecting CXX compiler ABI info
[0.225s] -- Detecting CXX compiler ABI info - done
[0.230s] -- Check for working CXX compiler: /usr/bin/c++ - skipped
[0.230s] -- Detecting CXX compile features
[0.230s] -- Detecting CXX compile features - done
[0.231s] -- Found ament_cmake_ros: 0.10.0 (/opt/ros/humble/share/ament_cmake_ros/cmake)
[0.445s] -- Found Python3: /usr/bin/python3 (found version "3.10.12") found components: Interpreter 
[0.998s] -- Configuring done
[0.999s] -- Generating done
[1.000s] -- Build files have been written to: /home/su1jun/Capstone/ros2_ws/build/rosbridge_library
[1.005s] Invoked command in '/home/su1jun/Capstone/ros2_ws/build/rosbridge_library' returned '0': AMENT_PREFIX_PATH=/home/su1jun/Capstone/ros2_ws/install/rosbridge_test_msgs:${AMENT_PREFIX_PATH} CMAKE_PREFIX_PATH=/home/su1jun/Capstone/ros2_ws/install/rosbridge_test_msgs:/home/su1jun/Capstone/ros2_ws/install/turtlebot3_simulations:/home/su1jun/Capstone/ros2_ws/install/turtlebot3_gazebo:/home/su1jun/Capstone/ros2_ws/install/turtlebot3_fake_node:/home/su1jun/Capstone/ros2_ws/install/rosbridge_server:/home/su1jun/Capstone/ros2_ws/install/capstone:/home/su1jun/Capstone/ros2_ws/install/articubot_one:/home/su1jun/turtlebot3_ws/install/turtlebot3_simulations:/home/su1jun/turtlebot3_ws/install/turtlebot3_gazebo:/home/su1jun/turtlebot3_ws/install/turtlebot3_fake_node:/home/su1jun/Capstone/ros2_ws/install/robot:/opt/ros/humble LD_LIBRARY_PATH=/home/su1jun/Capstone/ros2_ws/install/rosbridge_test_msgs/lib:/usr/lib/x86_64-linux-gnu/gazebo-11/plugins:/opt/ros/humble/opt/rviz_ogre_vendor/lib:/opt/ros/humble/lib/x86_64-linux-gnu:/opt/ros/humble/lib:/usr/lib/x86_64-linux-gnu/gazebo-11/plugins PYTHONPATH=/home/su1jun/Capstone/ros2_ws/install/rosbridge_test_msgs/local/lib/python3.10/dist-packages:${PYTHONPATH} /usr/bin/cmake /home/su1jun/Capstone/ros2_ws/src/rosbridge_suite/rosbridge_library -DCMAKE_INSTALL_PREFIX=/home/su1jun/Capstone/ros2_ws/install/rosbridge_library
[1.006s] Invoking command in '/home/su1jun/Capstone/ros2_ws/build/rosbridge_library': AMENT_PREFIX_PATH=/home/su1jun/Capstone/ros2_ws/install/rosbridge_test_msgs:${AMENT_PREFIX_PATH} CMAKE_PREFIX_PATH=/home/su1jun/Capstone/ros2_ws/install/rosbridge_test_msgs:/home/su1jun/Capstone/ros2_ws/install/turtlebot3_simulations:/home/su1jun/Capstone/ros2_ws/install/turtlebot3_gazebo:/home/su1jun/Capstone/ros2_ws/install/turtlebot3_fake_node:/home/su1jun/Capstone/ros2_ws/install/rosbridge_server:/home/su1jun/Capstone/ros2_ws/install/capstone:/home/su1jun/Capstone/ros2_ws/install/articubot_one:/home/su1jun/turtlebot3_ws/install/turtlebot3_simulations:/home/su1jun/turtlebot3_ws/install/turtlebot3_gazebo:/home/su1jun/turtlebot3_ws/install/turtlebot3_fake_node:/home/su1jun/Capstone/ros2_ws/install/robot:/opt/ros/humble LD_LIBRARY_PATH=/home/su1jun/Capstone/ros2_ws/install/rosbridge_test_msgs/lib:/usr/lib/x86_64-linux-gnu/gazebo-11/plugins:/opt/ros/humble/opt/rviz_ogre_vendor/lib:/opt/ros/humble/lib/x86_64-linux-gnu:/opt/ros/humble/lib:/usr/lib/x86_64-linux-gnu/gazebo-11/plugins PYTHONPATH=/home/su1jun/Capstone/ros2_ws/install/rosbridge_test_msgs/local/lib/python3.10/dist-packages:${PYTHONPATH} /usr/bin/cmake --build /home/su1jun/Capstone/ros2_ws/build/rosbridge_library -- -j20 -l20
[1.043s] Built target ament_cmake_python_copy_rosbridge_library
[1.154s] running egg_info
[1.154s] creating rosbridge_library.egg-info
[1.162s] writing rosbridge_library.egg-info/PKG-INFO
[1.162s] writing dependency_links to rosbridge_library.egg-info/dependency_links.txt
[1.162s] writing top-level names to rosbridge_library.egg-info/top_level.txt
[1.163s] writing manifest file 'rosbridge_library.egg-info/SOURCES.txt'
[1.187s] reading manifest file 'rosbridge_library.egg-info/SOURCES.txt'
[1.187s] writing manifest file 'rosbridge_library.egg-info/SOURCES.txt'
[1.202s] Built target ament_cmake_python_build_rosbridge_library_egg
[1.209s] Invoked command in '/home/su1jun/Capstone/ros2_ws/build/rosbridge_library' returned '0': AMENT_PREFIX_PATH=/home/su1jun/Capstone/ros2_ws/install/rosbridge_test_msgs:${AMENT_PREFIX_PATH} CMAKE_PREFIX_PATH=/home/su1jun/Capstone/ros2_ws/install/rosbridge_test_msgs:/home/su1jun/Capstone/ros2_ws/install/turtlebot3_simulations:/home/su1jun/Capstone/ros2_ws/install/turtlebot3_gazebo:/home/su1jun/Capstone/ros2_ws/install/turtlebot3_fake_node:/home/su1jun/Capstone/ros2_ws/install/rosbridge_server:/home/su1jun/Capstone/ros2_ws/install/capstone:/home/su1jun/Capstone/ros2_ws/install/articubot_one:/home/su1jun/turtlebot3_ws/install/turtlebot3_simulations:/home/su1jun/turtlebot3_ws/install/turtlebot3_gazebo:/home/su1jun/turtlebot3_ws/install/turtlebot3_fake_node:/home/su1jun/Capstone/ros2_ws/install/robot:/opt/ros/humble LD_LIBRARY_PATH=/home/su1jun/Capstone/ros2_ws/install/rosbridge_test_msgs/lib:/usr/lib/x86_64-linux-gnu/gazebo-11/plugins:/opt/ros/humble/opt/rviz_ogre_vendor/lib:/opt/ros/humble/lib/x86_64-linux-gnu:/opt/ros/humble/lib:/usr/lib/x86_64-linux-gnu/gazebo-11/plugins PYTHONPATH=/home/su1jun/Capstone/ros2_ws/install/rosbridge_test_msgs/local/lib/python3.10/dist-packages:${PYTHONPATH} /usr/bin/cmake --build /home/su1jun/Capstone/ros2_ws/build/rosbridge_library -- -j20 -l20
[1.228s] Invoking command in '/home/su1jun/Capstone/ros2_ws/build/rosbridge_library': AMENT_PREFIX_PATH=/home/su1jun/Capstone/ros2_ws/install/rosbridge_test_msgs:${AMENT_PREFIX_PATH} CMAKE_PREFIX_PATH=/home/su1jun/Capstone/ros2_ws/install/rosbridge_test_msgs:/home/su1jun/Capstone/ros2_ws/install/turtlebot3_simulations:/home/su1jun/Capstone/ros2_ws/install/turtlebot3_gazebo:/home/su1jun/Capstone/ros2_ws/install/turtlebot3_fake_node:/home/su1jun/Capstone/ros2_ws/install/rosbridge_server:/home/su1jun/Capstone/ros2_ws/install/capstone:/home/su1jun/Capstone/ros2_ws/install/articubot_one:/home/su1jun/turtlebot3_ws/install/turtlebot3_simulations:/home/su1jun/turtlebot3_ws/install/turtlebot3_gazebo:/home/su1jun/turtlebot3_ws/install/turtlebot3_fake_node:/home/su1jun/Capstone/ros2_ws/install/robot:/opt/ros/humble LD_LIBRARY_PATH=/home/su1jun/Capstone/ros2_ws/install/rosbridge_test_msgs/lib:/usr/lib/x86_64-linux-gnu/gazebo-11/plugins:/opt/ros/humble/opt/rviz_ogre_vendor/lib:/opt/ros/humble/lib/x86_64-linux-gnu:/opt/ros/humble/lib:/usr/lib/x86_64-linux-gnu/gazebo-11/plugins PYTHONPATH=/home/su1jun/Capstone/ros2_ws/install/rosbridge_test_msgs/local/lib/python3.10/dist-packages:${PYTHONPATH} /usr/bin/cmake --install /home/su1jun/Capstone/ros2_ws/build/rosbridge_library
[1.232s] -- Install configuration: ""
[1.232s] -- Installing: /home/su1jun/Capstone/ros2_ws/install/rosbridge_library/share/rosbridge_library/environment/pythonpath.sh
[1.232s] -- Installing: /home/su1jun/Capstone/ros2_ws/install/rosbridge_library/share/rosbridge_library/environment/pythonpath.dsv
[1.232s] -- Installing: /home/su1jun/Capstone/ros2_ws/install/rosbridge_library/local/lib/python3.10/dist-packages/rosbridge_library-1.3.2-py3.10.egg-info
[1.232s] -- Installing: /home/su1jun/Capstone/ros2_ws/install/rosbridge_library/local/lib/python3.10/dist-packages/rosbridge_library-1.3.2-py3.10.egg-info/top_level.txt
[1.232s] -- Installing: /home/su1jun/Capstone/ros2_ws/install/rosbridge_library/local/lib/python3.10/dist-packages/rosbridge_library-1.3.2-py3.10.egg-info/SOURCES.txt
[1.233s] -- Installing: /home/su1jun/Capstone/ros2_ws/install/rosbridge_library/local/lib/python3.10/dist-packages/rosbridge_library-1.3.2-py3.10.egg-info/dependency_links.txt
[1.233s] -- Installing: /home/su1jun/Capstone/ros2_ws/install/rosbridge_library/local/lib/python3.10/dist-packages/rosbridge_library-1.3.2-py3.10.egg-info/PKG-INFO
[1.233s] -- Installing: /home/su1jun/Capstone/ros2_ws/install/rosbridge_library/local/lib/python3.10/dist-packages/rosbridge_library
[1.233s] -- Installing: /home/su1jun/Capstone/ros2_ws/install/rosbridge_library/local/lib/python3.10/dist-packages/rosbridge_library/capability.py
[1.233s] -- Installing: /home/su1jun/Capstone/ros2_ws/install/rosbridge_library/local/lib/python3.10/dist-packages/rosbridge_library/__init__.py
[1.233s] -- Installing: /home/su1jun/Capstone/ros2_ws/install/rosbridge_library/local/lib/python3.10/dist-packages/rosbridge_library/util
[1.233s] -- Installing: /home/su1jun/Capstone/ros2_ws/install/rosbridge_library/local/lib/python3.10/dist-packages/rosbridge_library/util/__init__.py
[1.233s] -- Installing: /home/su1jun/Capstone/ros2_ws/install/rosbridge_library/local/lib/python3.10/dist-packages/rosbridge_library/util/cbor.py
[1.233s] -- Installing: /home/su1jun/Capstone/ros2_ws/install/rosbridge_library/local/lib/python3.10/dist-packages/rosbridge_library/util/ros.py
[1.233s] -- Installing: /home/su1jun/Capstone/ros2_ws/install/rosbridge_library/local/lib/python3.10/dist-packages/rosbridge_library/capabilities
[1.233s] -- Installing: /home/su1jun/Capstone/ros2_ws/install/rosbridge_library/local/lib/python3.10/dist-packages/rosbridge_library/capabilities/subscribe.py
[1.233s] -- Installing: /home/su1jun/Capstone/ros2_ws/install/rosbridge_library/local/lib/python3.10/dist-packages/rosbridge_library/capabilities/send_action_goal.py
[1.233s] -- Installing: /home/su1jun/Capstone/ros2_ws/install/rosbridge_library/local/lib/python3.10/dist-packages/rosbridge_library/capabilities/advertise_service.py
[1.233s] -- Installing: /home/su1jun/Capstone/ros2_ws/install/rosbridge_library/local/lib/python3.10/dist-packages/rosbridge_library/capabilities/defragmentation.py
[1.234s] -- Installing: /home/su1jun/Capstone/ros2_ws/install/rosbridge_library/local/lib/python3.10/dist-packages/rosbridge_library/capabilities/__init__.py
[1.234s] -- Installing: /home/su1jun/Capstone/ros2_ws/install/rosbridge_library/local/lib/python3.10/dist-packages/rosbridge_library/capabilities/unadvertise_service.py
[1.234s] -- Installing: /home/su1jun/Capstone/ros2_ws/install/rosbridge_library/local/lib/python3.10/dist-packages/rosbridge_library/capabilities/fragmentation.py
[1.234s] -- Installing: /home/su1jun/Capstone/ros2_ws/install/rosbridge_library/local/lib/python3.10/dist-packages/rosbridge_library/capabilities/unadvertise_action.py
[1.234s] -- Installing: /home/su1jun/Capstone/ros2_ws/install/rosbridge_library/local/lib/python3.10/dist-packages/rosbridge_library/capabilities/call_service.py
[1.234s] -- Installing: /home/su1jun/Capstone/ros2_ws/install/rosbridge_library/local/lib/python3.10/dist-packages/rosbridge_library/capabilities/advertise_action.py
[1.234s] -- Installing: /home/su1jun/Capstone/ros2_ws/install/rosbridge_library/local/lib/python3.10/dist-packages/rosbridge_library/capabilities/publish.py
[1.234s] -- Installing: /home/su1jun/Capstone/ros2_ws/install/rosbridge_library/local/lib/python3.10/dist-packages/rosbridge_library/capabilities/action_result.py
[1.234s] -- Installing: /home/su1jun/Capstone/ros2_ws/install/rosbridge_library/local/lib/python3.10/dist-packages/rosbridge_library/capabilities/advertise.py
[1.234s] -- Installing: /home/su1jun/Capstone/ros2_ws/install/rosbridge_library/local/lib/python3.10/dist-packages/rosbridge_library/capabilities/action_feedback.py
[1.234s] -- Installing: /home/su1jun/Capstone/ros2_ws/install/rosbridge_library/local/lib/python3.10/dist-packages/rosbridge_library/capabilities/service_response.py
[1.234s] -- Installing: /home/su1jun/Capstone/ros2_ws/install/rosbridge_library/local/lib/python3.10/dist-packages/rosbridge_library/internal
[1.234s] -- Installing: /home/su1jun/Capstone/ros2_ws/install/rosbridge_library/local/lib/python3.10/dist-packages/rosbridge_library/internal/exceptions.py
[1.234s] -- Installing: /home/su1jun/Capstone/ros2_ws/install/rosbridge_library/local/lib/python3.10/dist-packages/rosbridge_library/internal/topics.py
[1.234s] -- Installing: /home/su1jun/Capstone/ros2_ws/install/rosbridge_library/local/lib/python3.10/dist-packages/rosbridge_library/internal/outgoing_message.py
[1.234s] -- Installing: /home/su1jun/Capstone/ros2_ws/install/rosbridge_library/local/lib/python3.10/dist-packages/rosbridge_library/internal/__init__.py
[1.234s] -- Installing: /home/su1jun/Capstone/ros2_ws/install/rosbridge_library/local/lib/python3.10/dist-packages/rosbridge_library/internal/ros_loader.py
[1.235s] -- Installing: /home/su1jun/Capstone/ros2_ws/install/rosbridge_library/local/lib/python3.10/dist-packages/rosbridge_library/internal/cbor_conversion.py
[1.235s] -- Installing: /home/su1jun/Capstone/ros2_ws/install/rosbridge_library/local/lib/python3.10/dist-packages/rosbridge_library/internal/services.py
[1.235s] -- Installing: /home/su1jun/Capstone/ros2_ws/install/rosbridge_library/local/lib/python3.10/dist-packages/rosbridge_library/internal/actions.py
[1.235s] -- Installing: /home/su1jun/Capstone/ros2_ws/install/rosbridge_library/local/lib/python3.10/dist-packages/rosbridge_library/internal/publishers.py
[1.235s] -- Installing: /home/su1jun/Capstone/ros2_ws/install/rosbridge_library/local/lib/python3.10/dist-packages/rosbridge_library/internal/pngcompression.py
[1.235s] -- Installing: /home/su1jun/Capstone/ros2_ws/install/rosbridge_library/local/lib/python3.10/dist-packages/rosbridge_library/internal/message_conversion.py
[1.235s] -- Installing: /home/su1jun/Capstone/ros2_ws/install/rosbridge_library/local/lib/python3.10/dist-packages/rosbridge_library/internal/subscription_modifiers.py
[1.235s] -- Installing: /home/su1jun/Capstone/ros2_ws/install/rosbridge_library/local/lib/python3.10/dist-packages/rosbridge_library/internal/subscribers.py
[1.235s] -- Installing: /home/su1jun/Capstone/ros2_ws/install/rosbridge_library/local/lib/python3.10/dist-packages/rosbridge_library/rosbridge_protocol.py
[1.235s] -- Installing: /home/su1jun/Capstone/ros2_ws/install/rosbridge_library/local/lib/python3.10/dist-packages/rosbridge_library/protocol.py
[1.267s] Listing '/home/su1jun/Capstone/ros2_ws/install/rosbridge_library/local/lib/python3.10/dist-packages/rosbridge_library'...
[1.267s] Compiling '/home/su1jun/Capstone/ros2_ws/install/rosbridge_library/local/lib/python3.10/dist-packages/rosbridge_library/__init__.py'...
[1.267s] Listing '/home/su1jun/Capstone/ros2_ws/install/rosbridge_library/local/lib/python3.10/dist-packages/rosbridge_library/capabilities'...
[1.267s] Compiling '/home/su1jun/Capstone/ros2_ws/install/rosbridge_library/local/lib/python3.10/dist-packages/rosbridge_library/capabilities/__init__.py'...
[1.267s] Compiling '/home/su1jun/Capstone/ros2_ws/install/rosbridge_library/local/lib/python3.10/dist-packages/rosbridge_library/capabilities/action_feedback.py'...
[1.267s] Compiling '/home/su1jun/Capstone/ros2_ws/install/rosbridge_library/local/lib/python3.10/dist-packages/rosbridge_library/capabilities/action_result.py'...
[1.267s] Compiling '/home/su1jun/Capstone/ros2_ws/install/rosbridge_library/local/lib/python3.10/dist-packages/rosbridge_library/capabilities/advertise.py'...
[1.267s] Compiling '/home/su1jun/Capstone/ros2_ws/install/rosbridge_library/local/lib/python3.10/dist-packages/rosbridge_library/capabilities/advertise_action.py'...
[1.267s] Compiling '/home/su1jun/Capstone/ros2_ws/install/rosbridge_library/local/lib/python3.10/dist-packages/rosbridge_library/capabilities/advertise_service.py'...
[1.267s] Compiling '/home/su1jun/Capstone/ros2_ws/install/rosbridge_library/local/lib/python3.10/dist-packages/rosbridge_library/capabilities/call_service.py'...
[1.267s] Compiling '/home/su1jun/Capstone/ros2_ws/install/rosbridge_library/local/lib/python3.10/dist-packages/rosbridge_library/capabilities/defragmentation.py'...
[1.267s] Compiling '/home/su1jun/Capstone/ros2_ws/install/rosbridge_library/local/lib/python3.10/dist-packages/rosbridge_library/capabilities/fragmentation.py'...
[1.268s] Compiling '/home/su1jun/Capstone/ros2_ws/install/rosbridge_library/local/lib/python3.10/dist-packages/rosbridge_library/capabilities/publish.py'...
[1.268s] Compiling '/home/su1jun/Capstone/ros2_ws/install/rosbridge_library/local/lib/python3.10/dist-packages/rosbridge_library/capabilities/send_action_goal.py'...
[1.268s] Compiling '/home/su1jun/Capstone/ros2_ws/install/rosbridge_library/local/lib/python3.10/dist-packages/rosbridge_library/capabilities/service_response.py'...
[1.268s] Compiling '/home/su1jun/Capstone/ros2_ws/install/rosbridge_library/local/lib/python3.10/dist-packages/rosbridge_library/capabilities/subscribe.py'...
[1.268s] Compiling '/home/su1jun/Capstone/ros2_ws/install/rosbridge_library/local/lib/python3.10/dist-packages/rosbridge_library/capabilities/unadvertise_action.py'...
[1.268s] Compiling '/home/su1jun/Capstone/ros2_ws/install/rosbridge_library/local/lib/python3.10/dist-packages/rosbridge_library/capabilities/unadvertise_service.py'...
[1.268s] Compiling '/home/su1jun/Capstone/ros2_ws/install/rosbridge_library/local/lib/python3.10/dist-packages/rosbridge_library/capability.py'...
[1.268s] Listing '/home/su1jun/Capstone/ros2_ws/install/rosbridge_library/local/lib/python3.10/dist-packages/rosbridge_library/internal'...
[1.268s] Compiling '/home/su1jun/Capstone/ros2_ws/install/rosbridge_library/local/lib/python3.10/dist-packages/rosbridge_library/internal/__init__.py'...
[1.268s] Compiling '/home/su1jun/Capstone/ros2_ws/install/rosbridge_library/local/lib/python3.10/dist-packages/rosbridge_library/internal/actions.py'...
[1.268s] Compiling '/home/su1jun/Capstone/ros2_ws/install/rosbridge_library/local/lib/python3.10/dist-packages/rosbridge_library/internal/cbor_conversion.py'...
[1.268s] Compiling '/home/su1jun/Capstone/ros2_ws/install/rosbridge_library/local/lib/python3.10/dist-packages/rosbridge_library/internal/exceptions.py'...
[1.268s] Compiling '/home/su1jun/Capstone/ros2_ws/install/rosbridge_library/local/lib/python3.10/dist-packages/rosbridge_library/internal/message_conversion.py'...
[1.268s] Compiling '/home/su1jun/Capstone/ros2_ws/install/rosbridge_library/local/lib/python3.10/dist-packages/rosbridge_library/internal/outgoing_message.py'...
[1.268s] Compiling '/home/su1jun/Capstone/ros2_ws/install/rosbridge_library/local/lib/python3.10/dist-packages/rosbridge_library/internal/pngcompression.py'...
[1.268s] Compiling '/home/su1jun/Capstone/ros2_ws/install/rosbridge_library/local/lib/python3.10/dist-packages/rosbridge_library/internal/publishers.py'...
[1.268s] Compiling '/home/su1jun/Capstone/ros2_ws/install/rosbridge_library/local/lib/python3.10/dist-packages/rosbridge_library/internal/ros_loader.py'...
[1.268s] Compiling '/home/su1jun/Capstone/ros2_ws/install/rosbridge_library/local/lib/python3.10/dist-packages/rosbridge_library/internal/services.py'...
[1.268s] Compiling '/home/su1jun/Capstone/ros2_ws/install/rosbridge_library/local/lib/python3.10/dist-packages/rosbridge_library/internal/subscribers.py'...
[1.268s] Compiling '/home/su1jun/Capstone/ros2_ws/install/rosbridge_library/local/lib/python3.10/dist-packages/rosbridge_library/internal/subscription_modifiers.py'...
[1.268s] Compiling '/home/su1jun/Capstone/ros2_ws/install/rosbridge_library/local/lib/python3.10/dist-packages/rosbridge_library/internal/topics.py'...
[1.268s] Compiling '/home/su1jun/Capstone/ros2_ws/install/rosbridge_library/local/lib/python3.10/dist-packages/rosbridge_library/protocol.py'...
[1.268s] Compiling '/home/su1jun/Capstone/ros2_ws/install/rosbridge_library/local/lib/python3.10/dist-packages/rosbridge_library/rosbridge_protocol.py'...
[1.268s] Listing '/home/su1jun/Capstone/ros2_ws/install/rosbridge_library/local/lib/python3.10/dist-packages/rosbridge_library/util'...
[1.268s] Compiling '/home/su1jun/Capstone/ros2_ws/install/rosbridge_library/local/lib/python3.10/dist-packages/rosbridge_library/util/__init__.py'...
[1.268s] Compiling '/home/su1jun/Capstone/ros2_ws/install/rosbridge_library/local/lib/python3.10/dist-packages/rosbridge_library/util/cbor.py'...
[1.268s] Compiling '/home/su1jun/Capstone/ros2_ws/install/rosbridge_library/local/lib/python3.10/dist-packages/rosbridge_library/util/ros.py'...
[1.270s] -- Installing: /home/su1jun/Capstone/ros2_ws/install/rosbridge_library/share/ament_index/resource_index/package_run_dependencies/rosbridge_library
[1.271s] -- Installing: /home/su1jun/Capstone/ros2_ws/install/rosbridge_library/share/ament_index/resource_index/parent_prefix_path/rosbridge_library
[1.271s] -- Installing: /home/su1jun/Capstone/ros2_ws/install/rosbridge_library/share/rosbridge_library/environment/ament_prefix_path.sh
[1.271s] -- Installing: /home/su1jun/Capstone/ros2_ws/install/rosbridge_library/share/rosbridge_library/environment/ament_prefix_path.dsv
[1.271s] -- Installing: /home/su1jun/Capstone/ros2_ws/install/rosbridge_library/share/rosbridge_library/environment/path.sh
[1.271s] -- Installing: /home/su1jun/Capstone/ros2_ws/install/rosbridge_library/share/rosbridge_library/environment/path.dsv
[1.271s] -- Installing: /home/su1jun/Capstone/ros2_ws/install/rosbridge_library/share/rosbridge_library/local_setup.bash
[1.271s] -- Installing: /home/su1jun/Capstone/ros2_ws/install/rosbridge_library/share/rosbridge_library/local_setup.sh
[1.271s] -- Installing: /home/su1jun/Capstone/ros2_ws/install/rosbridge_library/share/rosbridge_library/local_setup.zsh
[1.271s] -- Installing: /home/su1jun/Capstone/ros2_ws/install/rosbridge_library/share/rosbridge_library/local_setup.dsv
[1.272s] -- Installing: /home/su1jun/Capstone/ros2_ws/install/rosbridge_library/share/rosbridge_library/package.dsv
[1.272s] -- Installing: /home/su1jun/Capstone/ros2_ws/install/rosbridge_library/share/ament_index/resource_index/packages/rosbridge_library
[1.272s] -- Installing: /home/su1jun/Capstone/ros2_ws/install/rosbridge_library/share/rosbridge_library/cmake/rosbridge_libraryConfig.cmake
[1.272s] -- Installing: /home/su1jun/Capstone/ros2_ws/install/rosbridge_library/share/rosbridge_library/cmake/rosbridge_libraryConfig-version.cmake
[1.272s] -- Installing: /home/su1jun/Capstone/ros2_ws/install/rosbridge_library/share/rosbridge_library/package.xml
[1.274s] Invoked command in '/home/su1jun/Capstone/ros2_ws/build/rosbridge_library' returned '0': AMENT_PREFIX_PATH=/home/su1jun/Capstone/ros2_ws/install/rosbridge_test_msgs:${AMENT_PREFIX_PATH} CMAKE_PREFIX_PATH=/home/su1jun/Capstone/ros2_ws/install/rosbridge_test_msgs:/home/su1jun/Capstone/ros2_ws/install/turtlebot3_simulations:/home/su1jun/Capstone/ros2_ws/install/turtlebot3_gazebo:/home/su1jun/Capstone/ros2_ws/install/turtlebot3_fake_node:/home/su1jun/Capstone/ros2_ws/install/rosbridge_server:/home/su1jun/Capstone/ros2_ws/install/capstone:/home/su1jun/Capstone/ros2_ws/install/articubot_one:/home/su1jun/turtlebot3_ws/install/turtlebot3_simulations:/home/su1jun/turtlebot3_ws/install/turtlebot3_gazebo:/home/su1jun/turtlebot3_ws/install/turtlebot3_fake_node:/home/su1jun/Capstone/ros2_ws/install/robot:/opt/ros/humble LD_LIBRARY_PATH=/home/su1jun/Capstone/ros2_ws/install/rosbridge_test_msgs/lib:/usr/lib/x86_64-linux-gnu/gazebo-11/plugins:/opt/ros/humble/opt/rviz_ogre_vendor/lib:/opt/ros/humble/lib/x86_64-linux-gnu:/opt/ros/humble/lib:/usr/lib/x86_64-linux-gnu/gazebo-11/plugins PYTHONPATH=/home/su1jun/Capstone/ros2_ws/install/rosbridge_test_msgs/local/lib/python3.10/dist-packages:${PYTHONPATH} /usr/bin/cmake --install /home/su1jun/Capstone/ros2_ws/build/rosbridge_library
