[0.038s] Invoking command in '/home/su1jun/Capstone/colcon_ws/build/vizanti_cpp': CMAKE_PREFIX_PATH=/home/su1jun/ros2_ws/install/robot:/opt/ros/humble:${CMAKE_PREFIX_PATH} /usr/bin/cmake /home/su1jun/Capstone/colcon_ws/src/vizanti/vizanti_cpp -DAMENT_CMAKE_SYMLINK_INSTALL=1 -DCMAKE_INSTALL_PREFIX=/home/su1jun/Capstone/colcon_ws/install/vizanti_cpp
[0.066s] -- The C compiler identification is GNU 11.4.0
[0.093s] -- The CXX compiler identification is GNU 11.4.0
[0.099s] -- Detecting C compiler ABI info
[0.132s] -- Detecting C compiler ABI info - done
[0.135s] -- Check for working C compiler: /usr/bin/cc - skipped
[0.135s] -- Detecting C compile features
[0.135s] -- Detecting C compile features - done
[0.137s] -- Detecting CXX compiler ABI info
[0.174s] -- Detecting CXX compiler ABI info - done
[0.178s] -- Check for working CXX compiler: /usr/bin/c++ - skipped
[0.178s] -- Detecting CXX compile features
[0.178s] -- Detecting CXX compile features - done
[0.180s] -- Found ament_cmake: 1.3.8 (/opt/ros/humble/share/ament_cmake/cmake)
[0.355s] -- Found Python3: /usr/bin/python3 (found version "3.10.12") found components: Interpreter 
[0.387s] -- Override CMake install command with custom implementation using symlinks instead of copying resources
[0.405s] -- Found rclcpp: 16.0.8 (/opt/ros/humble/share/rclcpp/cmake)
[0.430s] -- Found rosidl_generator_c: 3.1.5 (/opt/ros/humble/share/rosidl_generator_c/cmake)
[0.432s] -- Found rosidl_adapter: 3.1.5 (/opt/ros/humble/share/rosidl_adapter/cmake)
[0.437s] -- Found rosidl_generator_cpp: 3.1.5 (/opt/ros/humble/share/rosidl_generator_cpp/cmake)
[0.444s] -- Using all available rosidl_typesupport_c: rosidl_typesupport_fastrtps_c;rosidl_typesupport_introspection_c
[0.454s] -- Using all available rosidl_typesupport_cpp: rosidl_typesupport_fastrtps_cpp;rosidl_typesupport_introspection_cpp
[0.488s] -- Found rmw_implementation_cmake: 6.1.1 (/opt/ros/humble/share/rmw_implementation_cmake/cmake)
[0.489s] -- Found rmw_fastrtps_cpp: 6.2.6 (/opt/ros/humble/share/rmw_fastrtps_cpp/cmake)
[0.538s] -- Found OpenSSL: /usr/lib/x86_64-linux-gnu/libcrypto.so (found version "3.0.2")  
[0.553s] -- Found FastRTPS: /opt/ros/humble/include  
[0.582s] -- Using RMW implementation 'rmw_fastrtps_cpp' as default
[0.587s] -- Looking for pthread.h
[0.620s] -- Looking for pthread.h - found
[0.620s] -- Performing Test CMAKE_HAVE_LIBC_PTHREAD
[0.656s] -- Performing Test CMAKE_HAVE_LIBC_PTHREAD - Success
[0.656s] -- Found Threads: TRUE  
[0.742s] -- Found tf2_msgs: 0.25.6 (/opt/ros/humble/share/tf2_msgs/cmake)
[0.880s] -- Configuring done
[0.884s] -- Generating done
[0.885s] -- Build files have been written to: /home/su1jun/Capstone/colcon_ws/build/vizanti_cpp
[0.889s] Invoked command in '/home/su1jun/Capstone/colcon_ws/build/vizanti_cpp' returned '0': CMAKE_PREFIX_PATH=/home/su1jun/ros2_ws/install/robot:/opt/ros/humble:${CMAKE_PREFIX_PATH} /usr/bin/cmake /home/su1jun/Capstone/colcon_ws/src/vizanti/vizanti_cpp -DAMENT_CMAKE_SYMLINK_INSTALL=1 -DCMAKE_INSTALL_PREFIX=/home/su1jun/Capstone/colcon_ws/install/vizanti_cpp
[0.890s] Invoking command in '/home/su1jun/Capstone/colcon_ws/build/vizanti_cpp': CMAKE_PREFIX_PATH=/home/su1jun/ros2_ws/install/robot:/opt/ros/humble:${CMAKE_PREFIX_PATH} /usr/bin/cmake --build /home/su1jun/Capstone/colcon_ws/build/vizanti_cpp -- -j20 -l20
[0.915s] [ 50%] [32mBuilding CXX object CMakeFiles/tf_consolidator.dir/src/tf_consolidator.cpp.o[0m
[5.106s] [100%] [32m[1mLinking CXX executable tf_consolidator[0m
[5.301s] [100%] Built target tf_consolidator
[5.306s] Invoked command in '/home/su1jun/Capstone/colcon_ws/build/vizanti_cpp' returned '0': CMAKE_PREFIX_PATH=/home/su1jun/ros2_ws/install/robot:/opt/ros/humble:${CMAKE_PREFIX_PATH} /usr/bin/cmake --build /home/su1jun/Capstone/colcon_ws/build/vizanti_cpp -- -j20 -l20
[5.317s] Invoking command in '/home/su1jun/Capstone/colcon_ws/build/vizanti_cpp': CMAKE_PREFIX_PATH=/home/su1jun/ros2_ws/install/robot:/opt/ros/humble:${CMAKE_PREFIX_PATH} /usr/bin/cmake --install /home/su1jun/Capstone/colcon_ws/build/vizanti_cpp
[5.320s] -- Install configuration: ""
[5.320s] -- Execute custom install script
[5.320s] -- Symlinking: /home/su1jun/Capstone/colcon_ws/install/vizanti_cpp/lib/vizanti_cpp/tf_consolidator
[5.324s] -- Symlinking: /home/su1jun/Capstone/colcon_ws/install/vizanti_cpp/share/ament_index/resource_index/package_run_dependencies/vizanti_cpp
[5.328s] -- Symlinking: /home/su1jun/Capstone/colcon_ws/install/vizanti_cpp/share/ament_index/resource_index/parent_prefix_path/vizanti_cpp
[5.334s] -- Symlinking: /home/su1jun/Capstone/colcon_ws/install/vizanti_cpp/share/vizanti_cpp/environment/ament_prefix_path.sh
[5.338s] -- Symlinking: /home/su1jun/Capstone/colcon_ws/install/vizanti_cpp/share/vizanti_cpp/environment/ament_prefix_path.dsv
[5.342s] -- Symlinking: /home/su1jun/Capstone/colcon_ws/install/vizanti_cpp/share/vizanti_cpp/environment/path.sh
[5.345s] -- Symlinking: /home/su1jun/Capstone/colcon_ws/install/vizanti_cpp/share/vizanti_cpp/environment/path.dsv
[5.349s] -- Symlinking: /home/su1jun/Capstone/colcon_ws/install/vizanti_cpp/share/vizanti_cpp/local_setup.bash
[5.353s] -- Symlinking: /home/su1jun/Capstone/colcon_ws/install/vizanti_cpp/share/vizanti_cpp/local_setup.sh
[5.357s] -- Symlinking: /home/su1jun/Capstone/colcon_ws/install/vizanti_cpp/share/vizanti_cpp/local_setup.zsh
[5.362s] -- Symlinking: /home/su1jun/Capstone/colcon_ws/install/vizanti_cpp/share/vizanti_cpp/local_setup.dsv
[5.366s] -- Symlinking: /home/su1jun/Capstone/colcon_ws/install/vizanti_cpp/share/vizanti_cpp/package.dsv
[5.370s] -- Symlinking: /home/su1jun/Capstone/colcon_ws/install/vizanti_cpp/share/ament_index/resource_index/packages/vizanti_cpp
[5.374s] -- Symlinking: /home/su1jun/Capstone/colcon_ws/install/vizanti_cpp/share/vizanti_cpp/cmake/vizanti_cppConfig.cmake
[5.378s] -- Symlinking: /home/su1jun/Capstone/colcon_ws/install/vizanti_cpp/share/vizanti_cpp/cmake/vizanti_cppConfig-version.cmake
[5.382s] -- Symlinking: /home/su1jun/Capstone/colcon_ws/install/vizanti_cpp/share/vizanti_cpp/package.xml
[5.387s] Invoked command in '/home/su1jun/Capstone/colcon_ws/build/vizanti_cpp' returned '0': CMAKE_PREFIX_PATH=/home/su1jun/ros2_ws/install/robot:/opt/ros/humble:${CMAKE_PREFIX_PATH} /usr/bin/cmake --install /home/su1jun/Capstone/colcon_ws/build/vizanti_cpp
