[0.048s] Invoking command in '/home/su1jun/Capstone/ros2_ws/build/dynamixel_hardware': CMAKE_PREFIX_PATH=${CMAKE_PREFIX_PATH}:/home/su1jun/Capstone/ros2_ws/install/serial_motor_demo:/home/su1jun/Capstone/ros2_ws/install/robot:/opt/ros/humble /usr/bin/cmake --build /home/su1jun/Capstone/ros2_ws/build/dynamixel_hardware -- -j4 -l4
[0.156s] [100%] Built target dynamixel_hardware
[0.178s] Invoked command in '/home/su1jun/Capstone/ros2_ws/build/dynamixel_hardware' returned '0': CMAKE_PREFIX_PATH=${CMAKE_PREFIX_PATH}:/home/su1jun/Capstone/ros2_ws/install/serial_motor_demo:/home/su1jun/Capstone/ros2_ws/install/robot:/opt/ros/humble /usr/bin/cmake --build /home/su1jun/Capstone/ros2_ws/build/dynamixel_hardware -- -j4 -l4
[0.303s] Invoking command in '/home/su1jun/Capstone/ros2_ws/build/dynamixel_hardware': CMAKE_PREFIX_PATH=${CMAKE_PREFIX_PATH}:/home/su1jun/Capstone/ros2_ws/install/serial_motor_demo:/home/su1jun/Capstone/ros2_ws/install/robot:/opt/ros/humble /usr/bin/cmake --install /home/su1jun/Capstone/ros2_ws/build/dynamixel_hardware
[0.342s] -- Install configuration: ""
[0.347s] -- Execute custom install script
[0.349s] -- Up-to-date symlink: /home/su1jun/Capstone/ros2_ws/install/dynamixel_hardware/share/dynamixel_hardware//dynamixel_hardware.xml
[0.352s] -- Up-to-date symlink: /home/su1jun/Capstone/ros2_ws/install/dynamixel_hardware/lib/libdynamixel_hardware.so
[0.353s] -- Up-to-date symlink: /home/su1jun/Capstone/ros2_ws/install/dynamixel_hardware/include/dynamixel_hardware/dynamixel_hardware.hpp
[0.354s] -- Up-to-date symlink: /home/su1jun/Capstone/ros2_ws/install/dynamixel_hardware/include/dynamixel_hardware/visiblity_control.h
[0.355s] -- Up-to-date symlink: /home/su1jun/Capstone/ros2_ws/install/dynamixel_hardware/share/dynamixel_hardware/environment/library_path.sh
[0.374s] -- Up-to-date symlink: /home/su1jun/Capstone/ros2_ws/install/dynamixel_hardware/share/dynamixel_hardware/environment/library_path.dsv
[0.375s] -- Up-to-date symlink: /home/su1jun/Capstone/ros2_ws/install/dynamixel_hardware/share/ament_index/resource_index/package_run_dependencies/dynamixel_hardware
[0.376s] -- Up-to-date symlink: /home/su1jun/Capstone/ros2_ws/install/dynamixel_hardware/share/ament_index/resource_index/parent_prefix_path/dynamixel_hardware
[0.376s] -- Up-to-date symlink: /home/su1jun/Capstone/ros2_ws/install/dynamixel_hardware/share/dynamixel_hardware/environment/ament_prefix_path.sh
[0.376s] -- Up-to-date symlink: /home/su1jun/Capstone/ros2_ws/install/dynamixel_hardware/share/dynamixel_hardware/environment/ament_prefix_path.dsv
[0.376s] -- Up-to-date symlink: /home/su1jun/Capstone/ros2_ws/install/dynamixel_hardware/share/dynamixel_hardware/environment/path.sh
[0.376s] -- Up-to-date symlink: /home/su1jun/Capstone/ros2_ws/install/dynamixel_hardware/share/dynamixel_hardware/environment/path.dsv
[0.376s] -- Up-to-date symlink: /home/su1jun/Capstone/ros2_ws/install/dynamixel_hardware/share/dynamixel_hardware/local_setup.bash
[0.376s] -- Up-to-date symlink: /home/su1jun/Capstone/ros2_ws/install/dynamixel_hardware/share/dynamixel_hardware/local_setup.sh
[0.376s] -- Up-to-date symlink: /home/su1jun/Capstone/ros2_ws/install/dynamixel_hardware/share/dynamixel_hardware/local_setup.zsh
[0.376s] -- Up-to-date symlink: /home/su1jun/Capstone/ros2_ws/install/dynamixel_hardware/share/dynamixel_hardware/local_setup.dsv
[0.376s] -- Symlinking: /home/su1jun/Capstone/ros2_ws/install/dynamixel_hardware/share/dynamixel_hardware/package.dsv
[0.376s] -- Up-to-date symlink: /home/su1jun/Capstone/ros2_ws/install/dynamixel_hardware/share/ament_index/resource_index/packages/dynamixel_hardware
[0.377s] -- Up-to-date symlink: /home/su1jun/Capstone/ros2_ws/install/dynamixel_hardware/share/ament_index/resource_index/hardware_interface__pluginlib__plugin/dynamixel_hardware
[0.377s] -- Up-to-date symlink: /home/su1jun/Capstone/ros2_ws/install/dynamixel_hardware/share/dynamixel_hardware/cmake/ament_cmake_export_include_directories-extras.cmake
[0.377s] -- Up-to-date symlink: /home/su1jun/Capstone/ros2_ws/install/dynamixel_hardware/share/dynamixel_hardware/cmake/ament_cmake_export_libraries-extras.cmake
[0.377s] -- Up-to-date symlink: /home/su1jun/Capstone/ros2_ws/install/dynamixel_hardware/share/dynamixel_hardware/cmake/ament_cmake_export_dependencies-extras.cmake
[0.377s] -- Up-to-date symlink: /home/su1jun/Capstone/ros2_ws/install/dynamixel_hardware/share/dynamixel_hardware/cmake/dynamixel_hardwareConfig.cmake
[0.377s] -- Up-to-date symlink: /home/su1jun/Capstone/ros2_ws/install/dynamixel_hardware/share/dynamixel_hardware/cmake/dynamixel_hardwareConfig-version.cmake
[0.377s] -- Up-to-date symlink: /home/su1jun/Capstone/ros2_ws/install/dynamixel_hardware/share/dynamixel_hardware/package.xml
[0.407s] Invoked command in '/home/su1jun/Capstone/ros2_ws/build/dynamixel_hardware' returned '0': CMAKE_PREFIX_PATH=${CMAKE_PREFIX_PATH}:/home/su1jun/Capstone/ros2_ws/install/serial_motor_demo:/home/su1jun/Capstone/ros2_ws/install/robot:/opt/ros/humble /usr/bin/cmake --install /home/su1jun/Capstone/ros2_ws/build/dynamixel_hardware
