[0.157s] Invoking command in '/home/su1jun/Capstone/ros2_ws/build/web_video_server': /usr/bin/cmake /home/su1jun/Capstone/ros2_ws/src/web_video_server -DCATKIN_INSTALL_INTO_PREFIX_ROOT=0 -DCMAKE_INSTALL_PREFIX=/home/su1jun/Capstone/ros2_ws/install/web_video_server
[0.163s] [0mCMake Deprecation Warning at CMakeLists.txt:1 (cmake_minimum_required):
[0.163s]   Compatibility with CMake < 2.8.12 will be removed from a future version of
[0.163s]   CMake.
[0.163s] 
[0.163s]   Update the VERSION argument <min> value or use a ...<max> suffix to tell
[0.163s]   CMake that the project does not need compatibility with older versions.
[0.163s] 
[0.163s] [0m
[0.175s] [31mCMake Error at CMakeLists.txt:7 (find_package):
[0.175s]   By not providing "Findcatkin.cmake" in CMAKE_MODULE_PATH this project has
[0.175s]   asked CMake to find a package configuration file provided by "catkin", but
[0.175s]   CMake did not find one.
[0.175s] 
[0.175s]   Could not find a package configuration file provided by "catkin" with any
[0.175s]   of the following names:
[0.175s] 
[0.176s]     catkinConfig.cmake
[0.176s]     catkin-config.cmake
[0.176s] 
[0.176s]   Add the installation prefix of "catkin" to CMAKE_PREFIX_PATH or set
[0.176s]   "catkin_DIR" to a directory containing one of the above files.  If "catkin"
[0.176s]   provides a separate development package or SDK, be sure it has been
[0.176s]   installed.
[0.177s] 
[0.177s] [0m
[0.178s] -- Configuring incomplete, errors occurred!
[0.178s] See also "/home/su1jun/Capstone/ros2_ws/build/web_video_server/CMakeFiles/CMakeOutput.log".
[0.187s] Invoked command in '/home/su1jun/Capstone/ros2_ws/build/web_video_server' returned '1': /usr/bin/cmake /home/su1jun/Capstone/ros2_ws/src/web_video_server -DCATKIN_INSTALL_INTO_PREFIX_ROOT=0 -DCMAKE_INSTALL_PREFIX=/home/su1jun/Capstone/ros2_ws/install/web_video_server
