running egg_info
writing ../../build/robot/robot.egg-info/PKG-INFO
writing dependency_links to ../../build/robot/robot.egg-info/dependency_links.txt
writing entry points to ../../build/robot/robot.egg-info/entry_points.txt
writing requirements to ../../build/robot/robot.egg-info/requires.txt
writing top-level names to ../../build/robot/robot.egg-info/top_level.txt
reading manifest file '../../build/robot/robot.egg-info/SOURCES.txt'
writing manifest file '../../build/robot/robot.egg-info/SOURCES.txt'
running build
running build_py
copying robot/motor_node.py -> /home/ros2_ws/build/robot/build/lib/robot
running install
/usr/local/lib/python3.10/dist-packages/setuptools/_distutils/cmd.py:66: SetuptoolsDeprecationWarning: setup.py install is deprecated.
!!

        ********************************************************************************
        Please avoid running ``setup.py`` directly.
        Instead, use pypa/build, pypa/installer or other
        standards-based tools.

        See https://blog.ganssle.io/articles/2021/10/setup-py-deprecated.html for details.
        ********************************************************************************

!!
  self.initialize_options()
running install_lib
copying /home/ros2_ws/build/robot/build/lib/robot/motor_node.py -> /home/ros2_ws/install/robot/lib/python3.10/site-packages/robot
byte-compiling /home/ros2_ws/install/robot/lib/python3.10/site-packages/robot/motor_node.py to motor_node.cpython-310.pyc
running install_data
running install_egg_info
removing '/home/ros2_ws/install/robot/lib/python3.10/site-packages/robot-0.0.0-py3.10.egg-info' (and everything under it)
Copying ../../build/robot/robot.egg-info to /home/ros2_ws/install/robot/lib/python3.10/site-packages/robot-0.0.0-py3.10.egg-info
running install_scripts
Installing bluetooth script to /home/ros2_ws/install/robot/lib/robot
Installing motor script to /home/ros2_ws/install/robot/lib/robot
Installing switch script to /home/ros2_ws/install/robot/lib/robot
writing list of installed files to '/home/ros2_ws/build/robot/install.log'
