[0.020s] Invoking command in '/home/su1jun/Capstone/ros2_ws/build/diffdrive_arduino': CMAKE_PREFIX_PATH=/home/su1jun/Capstone/ros2_ws/install/serial:/home/su1jun/Capstone/ros2_ws/install/sllidar_ros2:/home/su1jun/Capstone/ros2_ws/install/serial_motor_demo_msgs:/home/su1jun/Capstone/ros2_ws/install/dynamixel_hardware:/home/su1jun/Capstone/ros2_ws/install/capstone:/home/su1jun/Capstone/ros2_ws/install/articubot_one:/home/su1jun/Capstone/colcon_ws/install/vizanti:/home/su1jun/Capstone/colcon_ws/install/vizanti_server:/home/su1jun/Capstone/colcon_ws/install/vizanti_demos:/home/su1jun/Capstone/colcon_ws/install/vizanti_msgs:/home/su1jun/Capstone/colcon_ws/install/vizanti_cpp:/home/su1jun/Capstone/ros2_ws/install/serial_motor_demo:/home/su1jun/Capstone/ros2_ws/install/robot:/opt/ros/humble /usr/bin/cmake --build /home/su1jun/Capstone/ros2_ws/build/diffdrive_arduino -- -j4 -l4
[0.101s] [35m[1mConsolidate compiler generated dependencies of target fake_robot[0m
[0.104s] [35m[1mConsolidate compiler generated dependencies of target diffdrive_arduino[0m
[0.161s] [ 42%] Built target fake_robot
[0.174s] [100%] Built target diffdrive_arduino
[0.197s] Invoked command in '/home/su1jun/Capstone/ros2_ws/build/diffdrive_arduino' returned '0': CMAKE_PREFIX_PATH=/home/su1jun/Capstone/ros2_ws/install/serial:/home/su1jun/Capstone/ros2_ws/install/sllidar_ros2:/home/su1jun/Capstone/ros2_ws/install/serial_motor_demo_msgs:/home/su1jun/Capstone/ros2_ws/install/dynamixel_hardware:/home/su1jun/Capstone/ros2_ws/install/capstone:/home/su1jun/Capstone/ros2_ws/install/articubot_one:/home/su1jun/Capstone/colcon_ws/install/vizanti:/home/su1jun/Capstone/colcon_ws/install/vizanti_server:/home/su1jun/Capstone/colcon_ws/install/vizanti_demos:/home/su1jun/Capstone/colcon_ws/install/vizanti_msgs:/home/su1jun/Capstone/colcon_ws/install/vizanti_cpp:/home/su1jun/Capstone/ros2_ws/install/serial_motor_demo:/home/su1jun/Capstone/ros2_ws/install/robot:/opt/ros/humble /usr/bin/cmake --build /home/su1jun/Capstone/ros2_ws/build/diffdrive_arduino -- -j4 -l4
[0.265s] Invoking command in '/home/su1jun/Capstone/ros2_ws/build/diffdrive_arduino': CMAKE_PREFIX_PATH=/home/su1jun/Capstone/ros2_ws/install/serial:/home/su1jun/Capstone/ros2_ws/install/sllidar_ros2:/home/su1jun/Capstone/ros2_ws/install/serial_motor_demo_msgs:/home/su1jun/Capstone/ros2_ws/install/dynamixel_hardware:/home/su1jun/Capstone/ros2_ws/install/capstone:/home/su1jun/Capstone/ros2_ws/install/articubot_one:/home/su1jun/Capstone/colcon_ws/install/vizanti:/home/su1jun/Capstone/colcon_ws/install/vizanti_server:/home/su1jun/Capstone/colcon_ws/install/vizanti_demos:/home/su1jun/Capstone/colcon_ws/install/vizanti_msgs:/home/su1jun/Capstone/colcon_ws/install/vizanti_cpp:/home/su1jun/Capstone/ros2_ws/install/serial_motor_demo:/home/su1jun/Capstone/ros2_ws/install/robot:/opt/ros/humble /usr/bin/cmake --install /home/su1jun/Capstone/ros2_ws/build/diffdrive_arduino
[0.276s] -- Install configuration: ""
[0.277s] -- Execute custom install script
[0.279s] -- Up-to-date symlink: /home/su1jun/Capstone/ros2_ws/install/diffdrive_arduino/share/diffdrive_arduino//robot_hardware.xml
[0.281s] -- Up-to-date symlink: /home/su1jun/Capstone/ros2_ws/install/diffdrive_arduino/share/diffdrive_arduino//fake_robot_hardware.xml
[0.283s] -- Up-to-date symlink: /home/su1jun/Capstone/ros2_ws/install/diffdrive_arduino/lib/libdiffdrive_arduino.so
[0.284s] -- Up-to-date symlink: /home/su1jun/Capstone/ros2_ws/install/diffdrive_arduino/lib/libfake_robot.so
[0.285s] -- Up-to-date symlink: /home/su1jun/Capstone/ros2_ws/install/diffdrive_arduino/share/diffdrive_arduino/controllers/robot_controller_example.yaml
[0.286s] -- Up-to-date symlink: /home/su1jun/Capstone/ros2_ws/install/diffdrive_arduino/share/diffdrive_arduino/__pycache__/test_robot.launch.cpython-310.pyc
[0.288s] -- Up-to-date symlink: /home/su1jun/Capstone/ros2_ws/install/diffdrive_arduino/share/diffdrive_arduino/fake_robot.launch.py
[0.289s] -- Up-to-date symlink: /home/su1jun/Capstone/ros2_ws/install/diffdrive_arduino/share/diffdrive_arduino/test_robot.launch.py
[0.290s] -- Up-to-date symlink: /home/su1jun/Capstone/ros2_ws/install/diffdrive_arduino/share/diffdrive_arduino/environment/library_path.sh
[0.291s] -- Up-to-date symlink: /home/su1jun/Capstone/ros2_ws/install/diffdrive_arduino/share/diffdrive_arduino/environment/library_path.dsv
[0.292s] -- Up-to-date symlink: /home/su1jun/Capstone/ros2_ws/install/diffdrive_arduino/share/ament_index/resource_index/package_run_dependencies/diffdrive_arduino
[0.293s] -- Up-to-date symlink: /home/su1jun/Capstone/ros2_ws/install/diffdrive_arduino/share/ament_index/resource_index/parent_prefix_path/diffdrive_arduino
[0.294s] -- Up-to-date symlink: /home/su1jun/Capstone/ros2_ws/install/diffdrive_arduino/share/diffdrive_arduino/environment/ament_prefix_path.sh
[0.295s] -- Up-to-date symlink: /home/su1jun/Capstone/ros2_ws/install/diffdrive_arduino/share/diffdrive_arduino/environment/ament_prefix_path.dsv
[0.296s] -- Up-to-date symlink: /home/su1jun/Capstone/ros2_ws/install/diffdrive_arduino/share/diffdrive_arduino/environment/path.sh
[0.296s] -- Up-to-date symlink: /home/su1jun/Capstone/ros2_ws/install/diffdrive_arduino/share/diffdrive_arduino/environment/path.dsv
[0.297s] -- Up-to-date symlink: /home/su1jun/Capstone/ros2_ws/install/diffdrive_arduino/share/diffdrive_arduino/local_setup.bash
[0.300s] -- Up-to-date symlink: /home/su1jun/Capstone/ros2_ws/install/diffdrive_arduino/share/diffdrive_arduino/local_setup.sh
[0.301s] -- Up-to-date symlink: /home/su1jun/Capstone/ros2_ws/install/diffdrive_arduino/share/diffdrive_arduino/local_setup.zsh
[0.302s] -- Up-to-date symlink: /home/su1jun/Capstone/ros2_ws/install/diffdrive_arduino/share/diffdrive_arduino/local_setup.dsv
[0.303s] -- Symlinking: /home/su1jun/Capstone/ros2_ws/install/diffdrive_arduino/share/diffdrive_arduino/package.dsv
[0.317s] -- Up-to-date symlink: /home/su1jun/Capstone/ros2_ws/install/diffdrive_arduino/share/ament_index/resource_index/packages/diffdrive_arduino
[0.318s] -- Up-to-date symlink: /home/su1jun/Capstone/ros2_ws/install/diffdrive_arduino/share/ament_index/resource_index/hardware_interface__pluginlib__plugin/diffdrive_arduino
[0.319s] -- Up-to-date symlink: /home/su1jun/Capstone/ros2_ws/install/diffdrive_arduino/share/diffdrive_arduino/cmake/ament_cmake_export_libraries-extras.cmake
[0.320s] -- Up-to-date symlink: /home/su1jun/Capstone/ros2_ws/install/diffdrive_arduino/share/diffdrive_arduino/cmake/ament_cmake_export_dependencies-extras.cmake
[0.321s] -- Up-to-date symlink: /home/su1jun/Capstone/ros2_ws/install/diffdrive_arduino/share/diffdrive_arduino/cmake/diffdrive_arduinoConfig.cmake
[0.322s] -- Up-to-date symlink: /home/su1jun/Capstone/ros2_ws/install/diffdrive_arduino/share/diffdrive_arduino/cmake/diffdrive_arduinoConfig-version.cmake
[0.323s] -- Up-to-date symlink: /home/su1jun/Capstone/ros2_ws/install/diffdrive_arduino/share/diffdrive_arduino/package.xml
[0.333s] Invoked command in '/home/su1jun/Capstone/ros2_ws/build/diffdrive_arduino' returned '0': CMAKE_PREFIX_PATH=/home/su1jun/Capstone/ros2_ws/install/serial:/home/su1jun/Capstone/ros2_ws/install/sllidar_ros2:/home/su1jun/Capstone/ros2_ws/install/serial_motor_demo_msgs:/home/su1jun/Capstone/ros2_ws/install/dynamixel_hardware:/home/su1jun/Capstone/ros2_ws/install/capstone:/home/su1jun/Capstone/ros2_ws/install/articubot_one:/home/su1jun/Capstone/colcon_ws/install/vizanti:/home/su1jun/Capstone/colcon_ws/install/vizanti_server:/home/su1jun/Capstone/colcon_ws/install/vizanti_demos:/home/su1jun/Capstone/colcon_ws/install/vizanti_msgs:/home/su1jun/Capstone/colcon_ws/install/vizanti_cpp:/home/su1jun/Capstone/ros2_ws/install/serial_motor_demo:/home/su1jun/Capstone/ros2_ws/install/robot:/opt/ros/humble /usr/bin/cmake --install /home/su1jun/Capstone/ros2_ws/build/diffdrive_arduino
