[0.042s] Invoking command in '/home/su1jun/Capstone/ros2_ws/build/robot': CMAKE_PREFIX_PATH=/opt/ros/humble /usr/bin/cmake --build /home/su1jun/Capstone/ros2_ws/build/robot -- -j12 -l12
[0.073s] Invoked command in '/home/su1jun/Capstone/ros2_ws/build/robot' returned '0': CMAKE_PREFIX_PATH=/opt/ros/humble /usr/bin/cmake --build /home/su1jun/Capstone/ros2_ws/build/robot -- -j12 -l12
[0.095s] Invoking command in '/home/su1jun/Capstone/ros2_ws/build/robot': CMAKE_PREFIX_PATH=/opt/ros/humble /usr/bin/cmake --install /home/su1jun/Capstone/ros2_ws/build/robot
[0.098s] -- Install configuration: ""
[0.098s] -- Up-to-date: /home/su1jun/Capstone/ros2_ws/install/robot/share/ament_index/resource_index/package_run_dependencies/robot
[0.098s] -- Up-to-date: /home/su1jun/Capstone/ros2_ws/install/robot/share/ament_index/resource_index/parent_prefix_path/robot
[0.099s] -- Up-to-date: /home/su1jun/Capstone/ros2_ws/install/robot/share/robot/environment/ament_prefix_path.sh
[0.099s] -- Up-to-date: /home/su1jun/Capstone/ros2_ws/install/robot/share/robot/environment/ament_prefix_path.dsv
[0.099s] -- Up-to-date: /home/su1jun/Capstone/ros2_ws/install/robot/share/robot/environment/path.sh
[0.099s] -- Up-to-date: /home/su1jun/Capstone/ros2_ws/install/robot/share/robot/environment/path.dsv
[0.099s] -- Up-to-date: /home/su1jun/Capstone/ros2_ws/install/robot/share/robot/local_setup.bash
[0.099s] -- Up-to-date: /home/su1jun/Capstone/ros2_ws/install/robot/share/robot/local_setup.sh
[0.099s] -- Up-to-date: /home/su1jun/Capstone/ros2_ws/install/robot/share/robot/local_setup.zsh
[0.099s] -- Up-to-date: /home/su1jun/Capstone/ros2_ws/install/robot/share/robot/local_setup.dsv
[0.099s] -- Up-to-date: /home/su1jun/Capstone/ros2_ws/install/robot/share/robot/package.dsv
[0.099s] -- Up-to-date: /home/su1jun/Capstone/ros2_ws/install/robot/share/ament_index/resource_index/packages/robot
[0.099s] -- Up-to-date: /home/su1jun/Capstone/ros2_ws/install/robot/share/robot/cmake/robotConfig.cmake
[0.099s] -- Up-to-date: /home/su1jun/Capstone/ros2_ws/install/robot/share/robot/cmake/robotConfig-version.cmake
[0.099s] -- Up-to-date: /home/su1jun/Capstone/ros2_ws/install/robot/share/robot/package.xml
[0.100s] Invoked command in '/home/su1jun/Capstone/ros2_ws/build/robot' returned '0': CMAKE_PREFIX_PATH=/opt/ros/humble /usr/bin/cmake --install /home/su1jun/Capstone/ros2_ws/build/robot
