[0.508s] DEBUG:colcon:Command line arguments: ['/home/su1jun/.local/bin/colcon', 'build']
[0.508s] DEBUG:colcon:Parsed command line arguments: Namespace(log_base=None, log_level=None, verb_name='build', build_base='build', install_base='install', merge_install=False, symlink_install=False, test_result_base=None, continue_on_error=False, executor='parallel', parallel_workers=20, event_handlers=None, ignore_user_meta=False, metas=['./colcon.meta'], base_paths=['.'], packages_ignore=None, packages_ignore_regex=None, paths=None, packages_up_to=None, packages_up_to_regex=None, packages_above=None, packages_above_and_dependencies=None, packages_above_depth=None, packages_select_by_dep=None, packages_skip_by_dep=None, packages_skip_up_to=None, packages_select_build_failed=False, packages_skip_build_finished=False, packages_select_test_failures=False, packages_skip_test_passed=False, packages_select=None, packages_skip=None, packages_select_regex=None, packages_skip_regex=None, packages_start=None, packages_end=None, allow_overriding=[], cmake_args=None, cmake_target=None, cmake_target_skip_unavailable=False, cmake_clean_cache=False, cmake_clean_first=False, cmake_force_configure=False, ament_cmake_args=None, catkin_cmake_args=None, catkin_skip_building_tests=False, mixin_files=None, mixin=None, verb_parser=<colcon_mixin.mixin.mixin_argument.MixinArgumentDecorator object at 0x795ee2a86b30>, verb_extension=<colcon_core.verb.build.BuildVerb object at 0x795ee2bd1f00>, main=<bound method BuildVerb.main of <colcon_core.verb.build.BuildVerb object at 0x795ee2bd1f00>>, mixin_verb=('build',))
[0.538s] Level 1:colcon.colcon_core.package_discovery:discover_packages(colcon_meta) check parameters
[0.539s] Level 1:colcon.colcon_core.package_discovery:discover_packages(recursive) check parameters
[0.539s] Level 1:colcon.colcon_core.package_discovery:discover_packages(ignore) check parameters
[0.539s] Level 1:colcon.colcon_core.package_discovery:discover_packages(path) check parameters
[0.539s] Level 1:colcon.colcon_core.package_discovery:discover_packages(colcon_meta) discover
[0.539s] Level 1:colcon.colcon_core.package_discovery:discover_packages(recursive) discover
[0.539s] INFO:colcon.colcon_core.package_discovery:Crawling recursively for packages in '/home/su1jun/Capstone/colcon_ws'
[0.539s] Level 1:colcon.colcon_core.package_identification:_identify(.) by extensions ['ignore', 'ignore_ament_install']
[0.539s] Level 1:colcon.colcon_core.package_identification:_identify(.) by extension 'ignore'
[0.539s] Level 1:colcon.colcon_core.package_identification:_identify(.) by extension 'ignore_ament_install'
[0.539s] Level 1:colcon.colcon_core.package_identification:_identify(.) by extensions ['colcon_pkg']
[0.539s] Level 1:colcon.colcon_core.package_identification:_identify(.) by extension 'colcon_pkg'
[0.539s] Level 1:colcon.colcon_core.package_identification:_identify(.) by extensions ['colcon_meta']
[0.539s] Level 1:colcon.colcon_core.package_identification:_identify(.) by extension 'colcon_meta'
[0.539s] Level 1:colcon.colcon_core.package_identification:_identify(.) by extensions ['ros']
[0.539s] Level 1:colcon.colcon_core.package_identification:_identify(.) by extension 'ros'
[0.550s] Level 1:colcon.colcon_core.package_identification:_identify(.) by extensions ['cmake', 'python']
[0.550s] Level 1:colcon.colcon_core.package_identification:_identify(.) by extension 'cmake'
[0.550s] Level 1:colcon.colcon_core.package_identification:_identify(.) by extension 'python'
[0.550s] Level 1:colcon.colcon_core.package_identification:_identify(.) by extensions ['python_setup_py']
[0.550s] Level 1:colcon.colcon_core.package_identification:_identify(.) by extension 'python_setup_py'
[0.550s] Level 1:colcon.colcon_core.package_identification:_identify(build) by extensions ['ignore', 'ignore_ament_install']
[0.551s] Level 1:colcon.colcon_core.package_identification:_identify(build) by extension 'ignore'
[0.551s] Level 1:colcon.colcon_core.package_identification:_identify(build) ignored
[0.551s] Level 1:colcon.colcon_core.package_identification:_identify(install) by extensions ['ignore', 'ignore_ament_install']
[0.551s] Level 1:colcon.colcon_core.package_identification:_identify(install) by extension 'ignore'
[0.551s] Level 1:colcon.colcon_core.package_identification:_identify(install) ignored
[0.551s] Level 1:colcon.colcon_core.package_identification:_identify(log) by extensions ['ignore', 'ignore_ament_install']
[0.551s] Level 1:colcon.colcon_core.package_identification:_identify(log) by extension 'ignore'
[0.551s] Level 1:colcon.colcon_core.package_identification:_identify(log) ignored
[0.551s] Level 1:colcon.colcon_core.package_identification:_identify(src) by extensions ['ignore', 'ignore_ament_install']
[0.551s] Level 1:colcon.colcon_core.package_identification:_identify(src) by extension 'ignore'
[0.551s] Level 1:colcon.colcon_core.package_identification:_identify(src) by extension 'ignore_ament_install'
[0.551s] Level 1:colcon.colcon_core.package_identification:_identify(src) by extensions ['colcon_pkg']
[0.551s] Level 1:colcon.colcon_core.package_identification:_identify(src) by extension 'colcon_pkg'
[0.551s] Level 1:colcon.colcon_core.package_identification:_identify(src) by extensions ['colcon_meta']
[0.551s] Level 1:colcon.colcon_core.package_identification:_identify(src) by extension 'colcon_meta'
[0.551s] Level 1:colcon.colcon_core.package_identification:_identify(src) by extensions ['ros']
[0.551s] Level 1:colcon.colcon_core.package_identification:_identify(src) by extension 'ros'
[0.551s] Level 1:colcon.colcon_core.package_identification:_identify(src) by extensions ['cmake', 'python']
[0.551s] Level 1:colcon.colcon_core.package_identification:_identify(src) by extension 'cmake'
[0.551s] Level 1:colcon.colcon_core.package_identification:_identify(src) by extension 'python'
[0.551s] Level 1:colcon.colcon_core.package_identification:_identify(src) by extensions ['python_setup_py']
[0.551s] Level 1:colcon.colcon_core.package_identification:_identify(src) by extension 'python_setup_py'
[0.551s] Level 1:colcon.colcon_core.package_identification:_identify(src/vizanti) by extensions ['ignore', 'ignore_ament_install']
[0.551s] Level 1:colcon.colcon_core.package_identification:_identify(src/vizanti) by extension 'ignore'
[0.551s] Level 1:colcon.colcon_core.package_identification:_identify(src/vizanti) by extension 'ignore_ament_install'
[0.551s] Level 1:colcon.colcon_core.package_identification:_identify(src/vizanti) by extensions ['colcon_pkg']
[0.551s] Level 1:colcon.colcon_core.package_identification:_identify(src/vizanti) by extension 'colcon_pkg'
[0.551s] Level 1:colcon.colcon_core.package_identification:_identify(src/vizanti) by extensions ['colcon_meta']
[0.551s] Level 1:colcon.colcon_core.package_identification:_identify(src/vizanti) by extension 'colcon_meta'
[0.551s] Level 1:colcon.colcon_core.package_identification:_identify(src/vizanti) by extensions ['ros']
[0.551s] Level 1:colcon.colcon_core.package_identification:_identify(src/vizanti) by extension 'ros'
[0.551s] Level 1:colcon.colcon_core.package_identification:_identify(src/vizanti) by extensions ['cmake', 'python']
[0.551s] Level 1:colcon.colcon_core.package_identification:_identify(src/vizanti) by extension 'cmake'
[0.551s] Level 1:colcon.colcon_core.package_identification:_identify(src/vizanti) by extension 'python'
[0.551s] Level 1:colcon.colcon_core.package_identification:_identify(src/vizanti) by extensions ['python_setup_py']
[0.551s] Level 1:colcon.colcon_core.package_identification:_identify(src/vizanti) by extension 'python_setup_py'
[0.551s] Level 1:colcon.colcon_core.package_identification:_identify(src/vizanti/vizanti) by extensions ['ignore', 'ignore_ament_install']
[0.551s] Level 1:colcon.colcon_core.package_identification:_identify(src/vizanti/vizanti) by extension 'ignore'
[0.551s] Level 1:colcon.colcon_core.package_identification:_identify(src/vizanti/vizanti) by extension 'ignore_ament_install'
[0.551s] Level 1:colcon.colcon_core.package_identification:_identify(src/vizanti/vizanti) by extensions ['colcon_pkg']
[0.551s] Level 1:colcon.colcon_core.package_identification:_identify(src/vizanti/vizanti) by extension 'colcon_pkg'
[0.551s] Level 1:colcon.colcon_core.package_identification:_identify(src/vizanti/vizanti) by extensions ['colcon_meta']
[0.551s] Level 1:colcon.colcon_core.package_identification:_identify(src/vizanti/vizanti) by extension 'colcon_meta'
[0.551s] Level 1:colcon.colcon_core.package_identification:_identify(src/vizanti/vizanti) by extensions ['ros']
[0.551s] Level 1:colcon.colcon_core.package_identification:_identify(src/vizanti/vizanti) by extension 'ros'
[0.552s] DEBUG:colcon.colcon_core.package_identification:Package 'src/vizanti/vizanti' with type 'ros.ament_cmake' and name 'vizanti'
[0.553s] Level 1:colcon.colcon_core.package_identification:_identify(src/vizanti/vizanti_cpp) by extensions ['ignore', 'ignore_ament_install']
[0.553s] Level 1:colcon.colcon_core.package_identification:_identify(src/vizanti/vizanti_cpp) by extension 'ignore'
[0.553s] Level 1:colcon.colcon_core.package_identification:_identify(src/vizanti/vizanti_cpp) by extension 'ignore_ament_install'
[0.553s] Level 1:colcon.colcon_core.package_identification:_identify(src/vizanti/vizanti_cpp) by extensions ['colcon_pkg']
[0.553s] Level 1:colcon.colcon_core.package_identification:_identify(src/vizanti/vizanti_cpp) by extension 'colcon_pkg'
[0.553s] Level 1:colcon.colcon_core.package_identification:_identify(src/vizanti/vizanti_cpp) by extensions ['colcon_meta']
[0.553s] Level 1:colcon.colcon_core.package_identification:_identify(src/vizanti/vizanti_cpp) by extension 'colcon_meta'
[0.553s] Level 1:colcon.colcon_core.package_identification:_identify(src/vizanti/vizanti_cpp) by extensions ['ros']
[0.553s] Level 1:colcon.colcon_core.package_identification:_identify(src/vizanti/vizanti_cpp) by extension 'ros'
[0.553s] DEBUG:colcon.colcon_core.package_identification:Package 'src/vizanti/vizanti_cpp' with type 'ros.ament_cmake' and name 'vizanti_cpp'
[0.553s] Level 1:colcon.colcon_core.package_identification:_identify(src/vizanti/vizanti_demos) by extensions ['ignore', 'ignore_ament_install']
[0.553s] Level 1:colcon.colcon_core.package_identification:_identify(src/vizanti/vizanti_demos) by extension 'ignore'
[0.553s] Level 1:colcon.colcon_core.package_identification:_identify(src/vizanti/vizanti_demos) by extension 'ignore_ament_install'
[0.553s] Level 1:colcon.colcon_core.package_identification:_identify(src/vizanti/vizanti_demos) by extensions ['colcon_pkg']
[0.553s] Level 1:colcon.colcon_core.package_identification:_identify(src/vizanti/vizanti_demos) by extension 'colcon_pkg'
[0.553s] Level 1:colcon.colcon_core.package_identification:_identify(src/vizanti/vizanti_demos) by extensions ['colcon_meta']
[0.553s] Level 1:colcon.colcon_core.package_identification:_identify(src/vizanti/vizanti_demos) by extension 'colcon_meta'
[0.553s] Level 1:colcon.colcon_core.package_identification:_identify(src/vizanti/vizanti_demos) by extensions ['ros']
[0.553s] Level 1:colcon.colcon_core.package_identification:_identify(src/vizanti/vizanti_demos) by extension 'ros'
[0.554s] DEBUG:colcon.colcon_core.package_identification:Package 'src/vizanti/vizanti_demos' with type 'ros.ament_cmake' and name 'vizanti_demos'
[0.554s] Level 1:colcon.colcon_core.package_identification:_identify(src/vizanti/vizanti_msgs) by extensions ['ignore', 'ignore_ament_install']
[0.554s] Level 1:colcon.colcon_core.package_identification:_identify(src/vizanti/vizanti_msgs) by extension 'ignore'
[0.554s] Level 1:colcon.colcon_core.package_identification:_identify(src/vizanti/vizanti_msgs) by extension 'ignore_ament_install'
[0.554s] Level 1:colcon.colcon_core.package_identification:_identify(src/vizanti/vizanti_msgs) by extensions ['colcon_pkg']
[0.554s] Level 1:colcon.colcon_core.package_identification:_identify(src/vizanti/vizanti_msgs) by extension 'colcon_pkg'
[0.554s] Level 1:colcon.colcon_core.package_identification:_identify(src/vizanti/vizanti_msgs) by extensions ['colcon_meta']
[0.554s] Level 1:colcon.colcon_core.package_identification:_identify(src/vizanti/vizanti_msgs) by extension 'colcon_meta'
[0.554s] Level 1:colcon.colcon_core.package_identification:_identify(src/vizanti/vizanti_msgs) by extensions ['ros']
[0.554s] Level 1:colcon.colcon_core.package_identification:_identify(src/vizanti/vizanti_msgs) by extension 'ros'
[0.554s] DEBUG:colcon.colcon_core.package_identification:Package 'src/vizanti/vizanti_msgs' with type 'ros.ament_cmake' and name 'vizanti_msgs'
[0.554s] Level 1:colcon.colcon_core.package_identification:_identify(src/vizanti/vizanti_server) by extensions ['ignore', 'ignore_ament_install']
[0.554s] Level 1:colcon.colcon_core.package_identification:_identify(src/vizanti/vizanti_server) by extension 'ignore'
[0.554s] Level 1:colcon.colcon_core.package_identification:_identify(src/vizanti/vizanti_server) by extension 'ignore_ament_install'
[0.554s] Level 1:colcon.colcon_core.package_identification:_identify(src/vizanti/vizanti_server) by extensions ['colcon_pkg']
[0.554s] Level 1:colcon.colcon_core.package_identification:_identify(src/vizanti/vizanti_server) by extension 'colcon_pkg'
[0.554s] Level 1:colcon.colcon_core.package_identification:_identify(src/vizanti/vizanti_server) by extensions ['colcon_meta']
[0.554s] Level 1:colcon.colcon_core.package_identification:_identify(src/vizanti/vizanti_server) by extension 'colcon_meta'
[0.554s] Level 1:colcon.colcon_core.package_identification:_identify(src/vizanti/vizanti_server) by extensions ['ros']
[0.554s] Level 1:colcon.colcon_core.package_identification:_identify(src/vizanti/vizanti_server) by extension 'ros'
[0.555s] DEBUG:colcon.colcon_core.package_identification:Package 'src/vizanti/vizanti_server' with type 'ros.ament_cmake' and name 'vizanti_server'
[0.555s] Level 1:colcon.colcon_core.package_discovery:discover_packages(recursive) using defaults
[0.555s] Level 1:colcon.colcon_core.package_discovery:discover_packages(ignore) discover
[0.555s] Level 1:colcon.colcon_core.package_discovery:discover_packages(ignore) using defaults
[0.555s] Level 1:colcon.colcon_core.package_discovery:discover_packages(path) discover
[0.555s] Level 1:colcon.colcon_core.package_discovery:discover_packages(path) using defaults
[0.601s] Level 1:colcon.colcon_core.package_discovery:discover_packages(prefix_path) check parameters
[0.601s] Level 1:colcon.colcon_core.package_discovery:discover_packages(prefix_path) discover
[0.615s] DEBUG:colcon.colcon_installed_package_information.package_discovery:Found 13 installed packages in /home/su1jun/ros2_ws/install
[0.622s] DEBUG:colcon.colcon_installed_package_information.package_discovery:Found 3 installed packages in /home/su1jun/turtlebot3_ws/install
[0.629s] DEBUG:colcon.colcon_installed_package_information.package_discovery:Found 403 installed packages in /opt/ros/humble
[0.630s] Level 1:colcon.colcon_core.package_discovery:discover_packages(prefix_path) using defaults
[0.663s] Level 5:colcon.colcon_core.verb:set package 'vizanti_cpp' build argument 'cmake_args' from command line to 'None'
[0.663s] Level 5:colcon.colcon_core.verb:set package 'vizanti_cpp' build argument 'cmake_target' from command line to 'None'
[0.663s] Level 5:colcon.colcon_core.verb:set package 'vizanti_cpp' build argument 'cmake_target_skip_unavailable' from command line to 'False'
[0.663s] Level 5:colcon.colcon_core.verb:set package 'vizanti_cpp' build argument 'cmake_clean_cache' from command line to 'False'
[0.663s] Level 5:colcon.colcon_core.verb:set package 'vizanti_cpp' build argument 'cmake_clean_first' from command line to 'False'
[0.663s] Level 5:colcon.colcon_core.verb:set package 'vizanti_cpp' build argument 'cmake_force_configure' from command line to 'False'
[0.663s] Level 5:colcon.colcon_core.verb:set package 'vizanti_cpp' build argument 'ament_cmake_args' from command line to 'None'
[0.663s] Level 5:colcon.colcon_core.verb:set package 'vizanti_cpp' build argument 'catkin_cmake_args' from command line to 'None'
[0.663s] Level 5:colcon.colcon_core.verb:set package 'vizanti_cpp' build argument 'catkin_skip_building_tests' from command line to 'False'
[0.663s] DEBUG:colcon.colcon_core.verb:Building package 'vizanti_cpp' with the following arguments: {'ament_cmake_args': None, 'build_base': '/home/su1jun/Capstone/colcon_ws/build/vizanti_cpp', 'catkin_cmake_args': None, 'catkin_skip_building_tests': False, 'cmake_args': None, 'cmake_clean_cache': False, 'cmake_clean_first': False, 'cmake_force_configure': False, 'cmake_target': None, 'cmake_target_skip_unavailable': False, 'install_base': '/home/su1jun/Capstone/colcon_ws/install/vizanti_cpp', 'merge_install': False, 'path': '/home/su1jun/Capstone/colcon_ws/src/vizanti/vizanti_cpp', 'symlink_install': False, 'test_result_base': None}
[0.670s] Level 5:colcon.colcon_core.verb:set package 'vizanti_msgs' build argument 'cmake_args' from command line to 'None'
[0.670s] Level 5:colcon.colcon_core.verb:set package 'vizanti_msgs' build argument 'cmake_target' from command line to 'None'
[0.670s] Level 5:colcon.colcon_core.verb:set package 'vizanti_msgs' build argument 'cmake_target_skip_unavailable' from command line to 'False'
[0.670s] Level 5:colcon.colcon_core.verb:set package 'vizanti_msgs' build argument 'cmake_clean_cache' from command line to 'False'
[0.670s] Level 5:colcon.colcon_core.verb:set package 'vizanti_msgs' build argument 'cmake_clean_first' from command line to 'False'
[0.670s] Level 5:colcon.colcon_core.verb:set package 'vizanti_msgs' build argument 'cmake_force_configure' from command line to 'False'
[0.670s] Level 5:colcon.colcon_core.verb:set package 'vizanti_msgs' build argument 'ament_cmake_args' from command line to 'None'
[0.670s] Level 5:colcon.colcon_core.verb:set package 'vizanti_msgs' build argument 'catkin_cmake_args' from command line to 'None'
[0.670s] Level 5:colcon.colcon_core.verb:set package 'vizanti_msgs' build argument 'catkin_skip_building_tests' from command line to 'False'
[0.670s] DEBUG:colcon.colcon_core.verb:Building package 'vizanti_msgs' with the following arguments: {'ament_cmake_args': None, 'build_base': '/home/su1jun/Capstone/colcon_ws/build/vizanti_msgs', 'catkin_cmake_args': None, 'catkin_skip_building_tests': False, 'cmake_args': None, 'cmake_clean_cache': False, 'cmake_clean_first': False, 'cmake_force_configure': False, 'cmake_target': None, 'cmake_target_skip_unavailable': False, 'install_base': '/home/su1jun/Capstone/colcon_ws/install/vizanti_msgs', 'merge_install': False, 'path': '/home/su1jun/Capstone/colcon_ws/src/vizanti/vizanti_msgs', 'symlink_install': False, 'test_result_base': None}
[0.677s] Level 5:colcon.colcon_core.verb:set package 'vizanti_demos' build argument 'cmake_args' from command line to 'None'
[0.677s] Level 5:colcon.colcon_core.verb:set package 'vizanti_demos' build argument 'cmake_target' from command line to 'None'
[0.677s] Level 5:colcon.colcon_core.verb:set package 'vizanti_demos' build argument 'cmake_target_skip_unavailable' from command line to 'False'
[0.677s] Level 5:colcon.colcon_core.verb:set package 'vizanti_demos' build argument 'cmake_clean_cache' from command line to 'False'
[0.677s] Level 5:colcon.colcon_core.verb:set package 'vizanti_demos' build argument 'cmake_clean_first' from command line to 'False'
[0.677s] Level 5:colcon.colcon_core.verb:set package 'vizanti_demos' build argument 'cmake_force_configure' from command line to 'False'
[0.677s] Level 5:colcon.colcon_core.verb:set package 'vizanti_demos' build argument 'ament_cmake_args' from command line to 'None'
[0.677s] Level 5:colcon.colcon_core.verb:set package 'vizanti_demos' build argument 'catkin_cmake_args' from command line to 'None'
[0.677s] Level 5:colcon.colcon_core.verb:set package 'vizanti_demos' build argument 'catkin_skip_building_tests' from command line to 'False'
[0.677s] DEBUG:colcon.colcon_core.verb:Building package 'vizanti_demos' with the following arguments: {'ament_cmake_args': None, 'build_base': '/home/su1jun/Capstone/colcon_ws/build/vizanti_demos', 'catkin_cmake_args': None, 'catkin_skip_building_tests': False, 'cmake_args': None, 'cmake_clean_cache': False, 'cmake_clean_first': False, 'cmake_force_configure': False, 'cmake_target': None, 'cmake_target_skip_unavailable': False, 'install_base': '/home/su1jun/Capstone/colcon_ws/install/vizanti_demos', 'merge_install': False, 'path': '/home/su1jun/Capstone/colcon_ws/src/vizanti/vizanti_demos', 'symlink_install': False, 'test_result_base': None}
[0.683s] Level 5:colcon.colcon_core.verb:set package 'vizanti_server' build argument 'cmake_args' from command line to 'None'
[0.683s] Level 5:colcon.colcon_core.verb:set package 'vizanti_server' build argument 'cmake_target' from command line to 'None'
[0.683s] Level 5:colcon.colcon_core.verb:set package 'vizanti_server' build argument 'cmake_target_skip_unavailable' from command line to 'False'
[0.683s] Level 5:colcon.colcon_core.verb:set package 'vizanti_server' build argument 'cmake_clean_cache' from command line to 'False'
[0.683s] Level 5:colcon.colcon_core.verb:set package 'vizanti_server' build argument 'cmake_clean_first' from command line to 'False'
[0.683s] Level 5:colcon.colcon_core.verb:set package 'vizanti_server' build argument 'cmake_force_configure' from command line to 'False'
[0.683s] Level 5:colcon.colcon_core.verb:set package 'vizanti_server' build argument 'ament_cmake_args' from command line to 'None'
[0.683s] Level 5:colcon.colcon_core.verb:set package 'vizanti_server' build argument 'catkin_cmake_args' from command line to 'None'
[0.683s] Level 5:colcon.colcon_core.verb:set package 'vizanti_server' build argument 'catkin_skip_building_tests' from command line to 'False'
[0.683s] DEBUG:colcon.colcon_core.verb:Building package 'vizanti_server' with the following arguments: {'ament_cmake_args': None, 'build_base': '/home/su1jun/Capstone/colcon_ws/build/vizanti_server', 'catkin_cmake_args': None, 'catkin_skip_building_tests': False, 'cmake_args': None, 'cmake_clean_cache': False, 'cmake_clean_first': False, 'cmake_force_configure': False, 'cmake_target': None, 'cmake_target_skip_unavailable': False, 'install_base': '/home/su1jun/Capstone/colcon_ws/install/vizanti_server', 'merge_install': False, 'path': '/home/su1jun/Capstone/colcon_ws/src/vizanti/vizanti_server', 'symlink_install': False, 'test_result_base': None}
[0.690s] Level 5:colcon.colcon_core.verb:set package 'vizanti' build argument 'cmake_args' from command line to 'None'
[0.690s] Level 5:colcon.colcon_core.verb:set package 'vizanti' build argument 'cmake_target' from command line to 'None'
[0.690s] Level 5:colcon.colcon_core.verb:set package 'vizanti' build argument 'cmake_target_skip_unavailable' from command line to 'False'
[0.690s] Level 5:colcon.colcon_core.verb:set package 'vizanti' build argument 'cmake_clean_cache' from command line to 'False'
[0.690s] Level 5:colcon.colcon_core.verb:set package 'vizanti' build argument 'cmake_clean_first' from command line to 'False'
[0.690s] Level 5:colcon.colcon_core.verb:set package 'vizanti' build argument 'cmake_force_configure' from command line to 'False'
[0.690s] Level 5:colcon.colcon_core.verb:set package 'vizanti' build argument 'ament_cmake_args' from command line to 'None'
[0.690s] Level 5:colcon.colcon_core.verb:set package 'vizanti' build argument 'catkin_cmake_args' from command line to 'None'
[0.690s] Level 5:colcon.colcon_core.verb:set package 'vizanti' build argument 'catkin_skip_building_tests' from command line to 'False'
[0.690s] DEBUG:colcon.colcon_core.verb:Building package 'vizanti' with the following arguments: {'ament_cmake_args': None, 'build_base': '/home/su1jun/Capstone/colcon_ws/build/vizanti', 'catkin_cmake_args': None, 'catkin_skip_building_tests': False, 'cmake_args': None, 'cmake_clean_cache': False, 'cmake_clean_first': False, 'cmake_force_configure': False, 'cmake_target': None, 'cmake_target_skip_unavailable': False, 'install_base': '/home/su1jun/Capstone/colcon_ws/install/vizanti', 'merge_install': False, 'path': '/home/su1jun/Capstone/colcon_ws/src/vizanti/vizanti', 'symlink_install': False, 'test_result_base': None}
[0.696s] INFO:colcon.colcon_core.executor:Executing jobs using 'parallel' executor
[0.703s] DEBUG:colcon.colcon_parallel_executor.executor.parallel:run_until_complete
[0.703s] INFO:colcon.colcon_ros.task.ament_cmake.build:Building ROS package in '/home/su1jun/Capstone/colcon_ws/src/vizanti/vizanti_msgs' with build type 'ament_cmake'
[0.703s] INFO:colcon.colcon_cmake.task.cmake.build:Building CMake package in '/home/su1jun/Capstone/colcon_ws/src/vizanti/vizanti_msgs'
[0.711s] INFO:colcon.colcon_core.plugin_system:Skipping extension 'colcon_core.shell.bat': Not used on non-Windows systems
[0.711s] INFO:colcon.colcon_core.shell:Skip shell extension 'powershell' for command environment: Not usable outside of PowerShell
[0.711s] DEBUG:colcon.colcon_core.shell:Skip shell extension 'dsv' for command environment
[0.739s] INFO:colcon.colcon_ros.task.ament_cmake.build:Building ROS package in '/home/su1jun/Capstone/colcon_ws/src/vizanti/vizanti_cpp' with build type 'ament_cmake'
[0.739s] INFO:colcon.colcon_cmake.task.cmake.build:Building CMake package in '/home/su1jun/Capstone/colcon_ws/src/vizanti/vizanti_cpp'
[0.746s] INFO:colcon.colcon_core.shell:Skip shell extension 'powershell' for command environment: Not usable outside of PowerShell
[0.746s] DEBUG:colcon.colcon_core.shell:Skip shell extension 'dsv' for command environment
[0.775s] DEBUG:colcon.colcon_core.event_handler.log_command:Invoking command in '/home/su1jun/Capstone/colcon_ws/build/vizanti_msgs': CMAKE_PREFIX_PATH=/home/su1jun/ros2_ws/install/robot:/opt/ros/humble:${CMAKE_PREFIX_PATH} /usr/bin/cmake /home/su1jun/Capstone/colcon_ws/src/vizanti/vizanti_msgs -DCMAKE_INSTALL_PREFIX=/home/su1jun/Capstone/colcon_ws/install/vizanti_msgs
[0.776s] DEBUG:colcon.colcon_core.event_handler.log_command:Invoking command in '/home/su1jun/Capstone/colcon_ws/build/vizanti_cpp': CMAKE_PREFIX_PATH=/home/su1jun/ros2_ws/install/robot:/opt/ros/humble:${CMAKE_PREFIX_PATH} /usr/bin/cmake /home/su1jun/Capstone/colcon_ws/src/vizanti/vizanti_cpp -DCMAKE_INSTALL_PREFIX=/home/su1jun/Capstone/colcon_ws/install/vizanti_cpp
[1.715s] DEBUG:colcon.colcon_core.event_handler.log_command:Invoked command in '/home/su1jun/Capstone/colcon_ws/build/vizanti_cpp' returned '0': CMAKE_PREFIX_PATH=/home/su1jun/ros2_ws/install/robot:/opt/ros/humble:${CMAKE_PREFIX_PATH} /usr/bin/cmake /home/su1jun/Capstone/colcon_ws/src/vizanti/vizanti_cpp -DCMAKE_INSTALL_PREFIX=/home/su1jun/Capstone/colcon_ws/install/vizanti_cpp
[1.716s] DEBUG:colcon.colcon_core.event_handler.log_command:Invoking command in '/home/su1jun/Capstone/colcon_ws/build/vizanti_cpp': CMAKE_PREFIX_PATH=/home/su1jun/ros2_ws/install/robot:/opt/ros/humble:${CMAKE_PREFIX_PATH} /usr/bin/cmake --build /home/su1jun/Capstone/colcon_ws/build/vizanti_cpp -- -j20 -l20
[1.987s] DEBUG:colcon.colcon_core.event_handler.log_command:Invoked command in '/home/su1jun/Capstone/colcon_ws/build/vizanti_msgs' returned '0': CMAKE_PREFIX_PATH=/home/su1jun/ros2_ws/install/robot:/opt/ros/humble:${CMAKE_PREFIX_PATH} /usr/bin/cmake /home/su1jun/Capstone/colcon_ws/src/vizanti/vizanti_msgs -DCMAKE_INSTALL_PREFIX=/home/su1jun/Capstone/colcon_ws/install/vizanti_msgs
[1.987s] DEBUG:colcon.colcon_core.event_handler.log_command:Invoking command in '/home/su1jun/Capstone/colcon_ws/build/vizanti_msgs': CMAKE_PREFIX_PATH=/home/su1jun/ros2_ws/install/robot:/opt/ros/humble:${CMAKE_PREFIX_PATH} /usr/bin/cmake --build /home/su1jun/Capstone/colcon_ws/build/vizanti_msgs -- -j20 -l20
[4.012s] DEBUG:colcon.colcon_core.event_handler.log_command:Invoked command in '/home/su1jun/Capstone/colcon_ws/build/vizanti_msgs' returned '0': CMAKE_PREFIX_PATH=/home/su1jun/ros2_ws/install/robot:/opt/ros/humble:${CMAKE_PREFIX_PATH} /usr/bin/cmake --build /home/su1jun/Capstone/colcon_ws/build/vizanti_msgs -- -j20 -l20
[4.086s] DEBUG:colcon.colcon_core.event_handler.log_command:Invoking command in '/home/su1jun/Capstone/colcon_ws/build/vizanti_msgs': CMAKE_PREFIX_PATH=/home/su1jun/ros2_ws/install/robot:/opt/ros/humble:${CMAKE_PREFIX_PATH} /usr/bin/cmake --install /home/su1jun/Capstone/colcon_ws/build/vizanti_msgs
[4.125s] Level 1:colcon.colcon_core.environment:create_environment_scripts_only(vizanti_msgs)
[4.126s] DEBUG:colcon.colcon_core.event_handler.log_command:Invoked command in '/home/su1jun/Capstone/colcon_ws/build/vizanti_msgs' returned '0': CMAKE_PREFIX_PATH=/home/su1jun/ros2_ws/install/robot:/opt/ros/humble:${CMAKE_PREFIX_PATH} /usr/bin/cmake --install /home/su1jun/Capstone/colcon_ws/build/vizanti_msgs
[4.133s] Level 1:colcon.colcon_core.environment:checking '/home/su1jun/Capstone/colcon_ws/install/vizanti_msgs' for CMake module files
[4.134s] Level 1:colcon.colcon_core.environment:checking '/home/su1jun/Capstone/colcon_ws/install/vizanti_msgs' for CMake config files
[4.134s] Level 1:colcon.colcon_core.shell:create_environment_hook('vizanti_msgs', 'cmake_prefix_path')
[4.141s] INFO:colcon.colcon_core.shell:Creating environment hook '/home/su1jun/Capstone/colcon_ws/install/vizanti_msgs/share/vizanti_msgs/hook/cmake_prefix_path.ps1'
[4.141s] INFO:colcon.colcon_core.shell:Creating environment descriptor '/home/su1jun/Capstone/colcon_ws/install/vizanti_msgs/share/vizanti_msgs/hook/cmake_prefix_path.dsv'
[4.141s] INFO:colcon.colcon_core.shell:Creating environment hook '/home/su1jun/Capstone/colcon_ws/install/vizanti_msgs/share/vizanti_msgs/hook/cmake_prefix_path.sh'
[4.141s] Level 1:colcon.colcon_core.environment:checking '/home/su1jun/Capstone/colcon_ws/install/vizanti_msgs/lib'
[4.142s] Level 1:colcon.colcon_core.shell:create_environment_hook('vizanti_msgs', 'ld_library_path_lib')
[4.148s] INFO:colcon.colcon_core.shell:Creating environment hook '/home/su1jun/Capstone/colcon_ws/install/vizanti_msgs/share/vizanti_msgs/hook/ld_library_path_lib.ps1'
[4.148s] INFO:colcon.colcon_core.shell:Creating environment descriptor '/home/su1jun/Capstone/colcon_ws/install/vizanti_msgs/share/vizanti_msgs/hook/ld_library_path_lib.dsv'
[4.148s] INFO:colcon.colcon_core.shell:Creating environment hook '/home/su1jun/Capstone/colcon_ws/install/vizanti_msgs/share/vizanti_msgs/hook/ld_library_path_lib.sh'
[4.149s] Level 1:colcon.colcon_core.environment:checking '/home/su1jun/Capstone/colcon_ws/install/vizanti_msgs/bin'
[4.149s] Level 1:colcon.colcon_core.environment:checking '/home/su1jun/Capstone/colcon_ws/install/vizanti_msgs/lib/pkgconfig/vizanti_msgs.pc'
[4.149s] Level 1:colcon.colcon_core.environment:checking '/home/su1jun/Capstone/colcon_ws/install/vizanti_msgs/lib/python3.10/site-packages'
[4.149s] Level 1:colcon.colcon_core.environment:checking '/home/su1jun/Capstone/colcon_ws/install/vizanti_msgs/bin'
[4.155s] INFO:colcon.colcon_core.shell:Creating package script '/home/su1jun/Capstone/colcon_ws/install/vizanti_msgs/share/vizanti_msgs/package.ps1'
[4.156s] INFO:colcon.colcon_core.shell:Creating package descriptor '/home/su1jun/Capstone/colcon_ws/install/vizanti_msgs/share/vizanti_msgs/package.dsv'
[4.156s] INFO:colcon.colcon_core.shell:Creating package script '/home/su1jun/Capstone/colcon_ws/install/vizanti_msgs/share/vizanti_msgs/package.sh'
[4.156s] INFO:colcon.colcon_core.shell:Creating package script '/home/su1jun/Capstone/colcon_ws/install/vizanti_msgs/share/vizanti_msgs/package.bash'
[4.156s] INFO:colcon.colcon_core.shell:Creating package script '/home/su1jun/Capstone/colcon_ws/install/vizanti_msgs/share/vizanti_msgs/package.zsh'
[4.157s] Level 1:colcon.colcon_core.environment:create_file_with_runtime_dependencies(/home/su1jun/Capstone/colcon_ws/install/vizanti_msgs/share/colcon-core/packages/vizanti_msgs)
[4.232s] Level 1:colcon.colcon_core.environment:create_environment_scripts_only(vizanti_msgs)
[4.239s] Level 1:colcon.colcon_core.environment:checking '/home/su1jun/Capstone/colcon_ws/install/vizanti_msgs' for CMake module files
[4.239s] Level 1:colcon.colcon_core.environment:checking '/home/su1jun/Capstone/colcon_ws/install/vizanti_msgs' for CMake config files
[4.240s] Level 1:colcon.colcon_core.shell:create_environment_hook('vizanti_msgs', 'cmake_prefix_path')
[4.247s] INFO:colcon.colcon_core.shell:Creating environment hook '/home/su1jun/Capstone/colcon_ws/install/vizanti_msgs/share/vizanti_msgs/hook/cmake_prefix_path.ps1'
[4.247s] INFO:colcon.colcon_core.shell:Creating environment descriptor '/home/su1jun/Capstone/colcon_ws/install/vizanti_msgs/share/vizanti_msgs/hook/cmake_prefix_path.dsv'
[4.247s] INFO:colcon.colcon_core.shell:Creating environment hook '/home/su1jun/Capstone/colcon_ws/install/vizanti_msgs/share/vizanti_msgs/hook/cmake_prefix_path.sh'
[4.247s] Level 1:colcon.colcon_core.environment:checking '/home/su1jun/Capstone/colcon_ws/install/vizanti_msgs/lib'
[4.248s] Level 1:colcon.colcon_core.shell:create_environment_hook('vizanti_msgs', 'ld_library_path_lib')
[4.254s] INFO:colcon.colcon_core.shell:Creating environment hook '/home/su1jun/Capstone/colcon_ws/install/vizanti_msgs/share/vizanti_msgs/hook/ld_library_path_lib.ps1'
[4.255s] INFO:colcon.colcon_core.shell:Creating environment descriptor '/home/su1jun/Capstone/colcon_ws/install/vizanti_msgs/share/vizanti_msgs/hook/ld_library_path_lib.dsv'
[4.255s] INFO:colcon.colcon_core.shell:Creating environment hook '/home/su1jun/Capstone/colcon_ws/install/vizanti_msgs/share/vizanti_msgs/hook/ld_library_path_lib.sh'
[4.255s] Level 1:colcon.colcon_core.environment:checking '/home/su1jun/Capstone/colcon_ws/install/vizanti_msgs/bin'
[4.255s] Level 1:colcon.colcon_core.environment:checking '/home/su1jun/Capstone/colcon_ws/install/vizanti_msgs/lib/pkgconfig/vizanti_msgs.pc'
[4.255s] Level 1:colcon.colcon_core.environment:checking '/home/su1jun/Capstone/colcon_ws/install/vizanti_msgs/lib/python3.10/site-packages'
[4.255s] Level 1:colcon.colcon_core.environment:checking '/home/su1jun/Capstone/colcon_ws/install/vizanti_msgs/bin'
[4.262s] INFO:colcon.colcon_core.shell:Creating package script '/home/su1jun/Capstone/colcon_ws/install/vizanti_msgs/share/vizanti_msgs/package.ps1'
[4.262s] INFO:colcon.colcon_core.shell:Creating package descriptor '/home/su1jun/Capstone/colcon_ws/install/vizanti_msgs/share/vizanti_msgs/package.dsv'
[4.262s] INFO:colcon.colcon_core.shell:Creating package script '/home/su1jun/Capstone/colcon_ws/install/vizanti_msgs/share/vizanti_msgs/package.sh'
[4.263s] INFO:colcon.colcon_core.shell:Creating package script '/home/su1jun/Capstone/colcon_ws/install/vizanti_msgs/share/vizanti_msgs/package.bash'
[4.263s] INFO:colcon.colcon_core.shell:Creating package script '/home/su1jun/Capstone/colcon_ws/install/vizanti_msgs/share/vizanti_msgs/package.zsh'
[4.263s] Level 1:colcon.colcon_core.environment:create_file_with_runtime_dependencies(/home/su1jun/Capstone/colcon_ws/install/vizanti_msgs/share/colcon-core/packages/vizanti_msgs)
[4.263s] INFO:colcon.colcon_ros.task.ament_cmake.build:Building ROS package in '/home/su1jun/Capstone/colcon_ws/src/vizanti/vizanti_server' with build type 'ament_cmake'
[4.263s] INFO:colcon.colcon_cmake.task.cmake.build:Building CMake package in '/home/su1jun/Capstone/colcon_ws/src/vizanti/vizanti_server'
[4.270s] INFO:colcon.colcon_core.shell:Skip shell extension 'powershell' for command environment: Not usable outside of PowerShell
[4.270s] DEBUG:colcon.colcon_core.shell:Skip shell extension 'dsv' for command environment
[4.299s] INFO:colcon.colcon_ros.task.ament_cmake.build:Building ROS package in '/home/su1jun/Capstone/colcon_ws/src/vizanti/vizanti_demos' with build type 'ament_cmake'
[4.299s] INFO:colcon.colcon_cmake.task.cmake.build:Building CMake package in '/home/su1jun/Capstone/colcon_ws/src/vizanti/vizanti_demos'
[4.306s] INFO:colcon.colcon_core.shell:Skip shell extension 'powershell' for command environment: Not usable outside of PowerShell
[4.306s] DEBUG:colcon.colcon_core.shell:Skip shell extension 'dsv' for command environment
[4.336s] DEBUG:colcon.colcon_core.event_handler.log_command:Invoking command in '/home/su1jun/Capstone/colcon_ws/build/vizanti_server': AMENT_PREFIX_PATH=/home/su1jun/Capstone/colcon_ws/install/vizanti_msgs:${AMENT_PREFIX_PATH} CMAKE_PREFIX_PATH=/home/su1jun/Capstone/colcon_ws/install/vizanti_msgs:/home/su1jun/ros2_ws/install/robot:/opt/ros/humble:${CMAKE_PREFIX_PATH} LD_LIBRARY_PATH=/home/su1jun/Capstone/colcon_ws/install/vizanti_msgs/lib:/home/su1jun/ros2_ws/install/ros2_control_demo_example_2/lib:/home/su1jun/ros2_ws/install/pigpio/lib:/usr/lib/x86_64-linux-gnu/gazebo-11/plugins:/opt/ros/humble/opt/rviz_ogre_vendor/lib:/opt/ros/humble/lib/x86_64-linux-gnu:/opt/ros/humble/lib:/usr/lib/x86_64-linux-gnu/gazebo-11/plugins PYTHONPATH=/home/su1jun/Capstone/colcon_ws/install/vizanti_msgs/local/lib/python3.10/dist-packages:${PYTHONPATH} /usr/bin/cmake /home/su1jun/Capstone/colcon_ws/src/vizanti/vizanti_server -DCMAKE_INSTALL_PREFIX=/home/su1jun/Capstone/colcon_ws/install/vizanti_server
[4.337s] DEBUG:colcon.colcon_core.event_handler.log_command:Invoking command in '/home/su1jun/Capstone/colcon_ws/build/vizanti_demos': AMENT_PREFIX_PATH=/home/su1jun/Capstone/colcon_ws/install/vizanti_msgs:${AMENT_PREFIX_PATH} CMAKE_PREFIX_PATH=/home/su1jun/Capstone/colcon_ws/install/vizanti_msgs:/home/su1jun/ros2_ws/install/robot:/opt/ros/humble:${CMAKE_PREFIX_PATH} LD_LIBRARY_PATH=/home/su1jun/Capstone/colcon_ws/install/vizanti_msgs/lib:/home/su1jun/ros2_ws/install/ros2_control_demo_example_2/lib:/home/su1jun/ros2_ws/install/pigpio/lib:/usr/lib/x86_64-linux-gnu/gazebo-11/plugins:/opt/ros/humble/opt/rviz_ogre_vendor/lib:/opt/ros/humble/lib/x86_64-linux-gnu:/opt/ros/humble/lib:/usr/lib/x86_64-linux-gnu/gazebo-11/plugins PYTHONPATH=/home/su1jun/Capstone/colcon_ws/install/vizanti_msgs/local/lib/python3.10/dist-packages:${PYTHONPATH} /usr/bin/cmake /home/su1jun/Capstone/colcon_ws/src/vizanti/vizanti_demos -DCMAKE_INSTALL_PREFIX=/home/su1jun/Capstone/colcon_ws/install/vizanti_demos
[5.257s] DEBUG:colcon.colcon_core.event_handler.log_command:Invoked command in '/home/su1jun/Capstone/colcon_ws/build/vizanti_server' returned '0': AMENT_PREFIX_PATH=/home/su1jun/Capstone/colcon_ws/install/vizanti_msgs:${AMENT_PREFIX_PATH} CMAKE_PREFIX_PATH=/home/su1jun/Capstone/colcon_ws/install/vizanti_msgs:/home/su1jun/ros2_ws/install/robot:/opt/ros/humble:${CMAKE_PREFIX_PATH} LD_LIBRARY_PATH=/home/su1jun/Capstone/colcon_ws/install/vizanti_msgs/lib:/home/su1jun/ros2_ws/install/ros2_control_demo_example_2/lib:/home/su1jun/ros2_ws/install/pigpio/lib:/usr/lib/x86_64-linux-gnu/gazebo-11/plugins:/opt/ros/humble/opt/rviz_ogre_vendor/lib:/opt/ros/humble/lib/x86_64-linux-gnu:/opt/ros/humble/lib:/usr/lib/x86_64-linux-gnu/gazebo-11/plugins PYTHONPATH=/home/su1jun/Capstone/colcon_ws/install/vizanti_msgs/local/lib/python3.10/dist-packages:${PYTHONPATH} /usr/bin/cmake /home/su1jun/Capstone/colcon_ws/src/vizanti/vizanti_server -DCMAKE_INSTALL_PREFIX=/home/su1jun/Capstone/colcon_ws/install/vizanti_server
[5.257s] DEBUG:colcon.colcon_core.event_handler.log_command:Invoking command in '/home/su1jun/Capstone/colcon_ws/build/vizanti_server': AMENT_PREFIX_PATH=/home/su1jun/Capstone/colcon_ws/install/vizanti_msgs:${AMENT_PREFIX_PATH} CMAKE_PREFIX_PATH=/home/su1jun/Capstone/colcon_ws/install/vizanti_msgs:/home/su1jun/ros2_ws/install/robot:/opt/ros/humble:${CMAKE_PREFIX_PATH} LD_LIBRARY_PATH=/home/su1jun/Capstone/colcon_ws/install/vizanti_msgs/lib:/home/su1jun/ros2_ws/install/ros2_control_demo_example_2/lib:/home/su1jun/ros2_ws/install/pigpio/lib:/usr/lib/x86_64-linux-gnu/gazebo-11/plugins:/opt/ros/humble/opt/rviz_ogre_vendor/lib:/opt/ros/humble/lib/x86_64-linux-gnu:/opt/ros/humble/lib:/usr/lib/x86_64-linux-gnu/gazebo-11/plugins PYTHONPATH=/home/su1jun/Capstone/colcon_ws/install/vizanti_msgs/local/lib/python3.10/dist-packages:${PYTHONPATH} /usr/bin/cmake --build /home/su1jun/Capstone/colcon_ws/build/vizanti_server -- -j20 -l20
[5.276s] DEBUG:colcon.colcon_core.event_handler.log_command:Invoked command in '/home/su1jun/Capstone/colcon_ws/build/vizanti_server' returned '0': AMENT_PREFIX_PATH=/home/su1jun/Capstone/colcon_ws/install/vizanti_msgs:${AMENT_PREFIX_PATH} CMAKE_PREFIX_PATH=/home/su1jun/Capstone/colcon_ws/install/vizanti_msgs:/home/su1jun/ros2_ws/install/robot:/opt/ros/humble:${CMAKE_PREFIX_PATH} LD_LIBRARY_PATH=/home/su1jun/Capstone/colcon_ws/install/vizanti_msgs/lib:/home/su1jun/ros2_ws/install/ros2_control_demo_example_2/lib:/home/su1jun/ros2_ws/install/pigpio/lib:/usr/lib/x86_64-linux-gnu/gazebo-11/plugins:/opt/ros/humble/opt/rviz_ogre_vendor/lib:/opt/ros/humble/lib/x86_64-linux-gnu:/opt/ros/humble/lib:/usr/lib/x86_64-linux-gnu/gazebo-11/plugins PYTHONPATH=/home/su1jun/Capstone/colcon_ws/install/vizanti_msgs/local/lib/python3.10/dist-packages:${PYTHONPATH} /usr/bin/cmake --build /home/su1jun/Capstone/colcon_ws/build/vizanti_server -- -j20 -l20
[5.285s] DEBUG:colcon.colcon_core.event_handler.log_command:Invoking command in '/home/su1jun/Capstone/colcon_ws/build/vizanti_server': AMENT_PREFIX_PATH=/home/su1jun/Capstone/colcon_ws/install/vizanti_msgs:${AMENT_PREFIX_PATH} CMAKE_PREFIX_PATH=/home/su1jun/Capstone/colcon_ws/install/vizanti_msgs:/home/su1jun/ros2_ws/install/robot:/opt/ros/humble:${CMAKE_PREFIX_PATH} LD_LIBRARY_PATH=/home/su1jun/Capstone/colcon_ws/install/vizanti_msgs/lib:/home/su1jun/ros2_ws/install/ros2_control_demo_example_2/lib:/home/su1jun/ros2_ws/install/pigpio/lib:/usr/lib/x86_64-linux-gnu/gazebo-11/plugins:/opt/ros/humble/opt/rviz_ogre_vendor/lib:/opt/ros/humble/lib/x86_64-linux-gnu:/opt/ros/humble/lib:/usr/lib/x86_64-linux-gnu/gazebo-11/plugins PYTHONPATH=/home/su1jun/Capstone/colcon_ws/install/vizanti_msgs/local/lib/python3.10/dist-packages:${PYTHONPATH} /usr/bin/cmake --install /home/su1jun/Capstone/colcon_ws/build/vizanti_server
[5.321s] Level 1:colcon.colcon_core.environment:create_environment_scripts_only(vizanti_server)
[5.322s] DEBUG:colcon.colcon_core.event_handler.log_command:Invoked command in '/home/su1jun/Capstone/colcon_ws/build/vizanti_server' returned '0': AMENT_PREFIX_PATH=/home/su1jun/Capstone/colcon_ws/install/vizanti_msgs:${AMENT_PREFIX_PATH} CMAKE_PREFIX_PATH=/home/su1jun/Capstone/colcon_ws/install/vizanti_msgs:/home/su1jun/ros2_ws/install/robot:/opt/ros/humble:${CMAKE_PREFIX_PATH} LD_LIBRARY_PATH=/home/su1jun/Capstone/colcon_ws/install/vizanti_msgs/lib:/home/su1jun/ros2_ws/install/ros2_control_demo_example_2/lib:/home/su1jun/ros2_ws/install/pigpio/lib:/usr/lib/x86_64-linux-gnu/gazebo-11/plugins:/opt/ros/humble/opt/rviz_ogre_vendor/lib:/opt/ros/humble/lib/x86_64-linux-gnu:/opt/ros/humble/lib:/usr/lib/x86_64-linux-gnu/gazebo-11/plugins PYTHONPATH=/home/su1jun/Capstone/colcon_ws/install/vizanti_msgs/local/lib/python3.10/dist-packages:${PYTHONPATH} /usr/bin/cmake --install /home/su1jun/Capstone/colcon_ws/build/vizanti_server
[5.330s] Level 1:colcon.colcon_core.environment:checking '/home/su1jun/Capstone/colcon_ws/install/vizanti_server' for CMake module files
[5.331s] Level 1:colcon.colcon_core.environment:checking '/home/su1jun/Capstone/colcon_ws/install/vizanti_server' for CMake config files
[5.331s] Level 1:colcon.colcon_core.shell:create_environment_hook('vizanti_server', 'cmake_prefix_path')
[5.338s] INFO:colcon.colcon_core.shell:Creating environment hook '/home/su1jun/Capstone/colcon_ws/install/vizanti_server/share/vizanti_server/hook/cmake_prefix_path.ps1'
[5.338s] INFO:colcon.colcon_core.shell:Creating environment descriptor '/home/su1jun/Capstone/colcon_ws/install/vizanti_server/share/vizanti_server/hook/cmake_prefix_path.dsv'
[5.338s] INFO:colcon.colcon_core.shell:Creating environment hook '/home/su1jun/Capstone/colcon_ws/install/vizanti_server/share/vizanti_server/hook/cmake_prefix_path.sh'
[5.338s] Level 1:colcon.colcon_core.environment:checking '/home/su1jun/Capstone/colcon_ws/install/vizanti_server/lib'
[5.338s] Level 1:colcon.colcon_core.environment:checking '/home/su1jun/Capstone/colcon_ws/install/vizanti_server/bin'
[5.338s] Level 1:colcon.colcon_core.environment:checking '/home/su1jun/Capstone/colcon_ws/install/vizanti_server/lib/pkgconfig/vizanti_server.pc'
[5.338s] Level 1:colcon.colcon_core.environment:checking '/home/su1jun/Capstone/colcon_ws/install/vizanti_server/lib/python3.10/site-packages'
[5.339s] Level 1:colcon.colcon_core.environment:checking '/home/su1jun/Capstone/colcon_ws/install/vizanti_server/bin'
[5.345s] INFO:colcon.colcon_core.shell:Creating package script '/home/su1jun/Capstone/colcon_ws/install/vizanti_server/share/vizanti_server/package.ps1'
[5.345s] INFO:colcon.colcon_core.shell:Creating package descriptor '/home/su1jun/Capstone/colcon_ws/install/vizanti_server/share/vizanti_server/package.dsv'
[5.346s] INFO:colcon.colcon_core.shell:Creating package script '/home/su1jun/Capstone/colcon_ws/install/vizanti_server/share/vizanti_server/package.sh'
[5.346s] INFO:colcon.colcon_core.shell:Creating package script '/home/su1jun/Capstone/colcon_ws/install/vizanti_server/share/vizanti_server/package.bash'
[5.346s] INFO:colcon.colcon_core.shell:Creating package script '/home/su1jun/Capstone/colcon_ws/install/vizanti_server/share/vizanti_server/package.zsh'
[5.346s] Level 1:colcon.colcon_core.environment:create_file_with_runtime_dependencies(/home/su1jun/Capstone/colcon_ws/install/vizanti_server/share/colcon-core/packages/vizanti_server)
[5.364s] Level 1:colcon.colcon_core.environment:create_environment_scripts_only(vizanti_server)
[5.371s] Level 1:colcon.colcon_core.environment:checking '/home/su1jun/Capstone/colcon_ws/install/vizanti_server' for CMake module files
[5.371s] Level 1:colcon.colcon_core.environment:checking '/home/su1jun/Capstone/colcon_ws/install/vizanti_server' for CMake config files
[5.371s] Level 1:colcon.colcon_core.shell:create_environment_hook('vizanti_server', 'cmake_prefix_path')
[5.378s] INFO:colcon.colcon_core.shell:Creating environment hook '/home/su1jun/Capstone/colcon_ws/install/vizanti_server/share/vizanti_server/hook/cmake_prefix_path.ps1'
[5.378s] INFO:colcon.colcon_core.shell:Creating environment descriptor '/home/su1jun/Capstone/colcon_ws/install/vizanti_server/share/vizanti_server/hook/cmake_prefix_path.dsv'
[5.378s] INFO:colcon.colcon_core.shell:Creating environment hook '/home/su1jun/Capstone/colcon_ws/install/vizanti_server/share/vizanti_server/hook/cmake_prefix_path.sh'
[5.379s] Level 1:colcon.colcon_core.environment:checking '/home/su1jun/Capstone/colcon_ws/install/vizanti_server/lib'
[5.379s] Level 1:colcon.colcon_core.environment:checking '/home/su1jun/Capstone/colcon_ws/install/vizanti_server/bin'
[5.379s] Level 1:colcon.colcon_core.environment:checking '/home/su1jun/Capstone/colcon_ws/install/vizanti_server/lib/pkgconfig/vizanti_server.pc'
[5.379s] Level 1:colcon.colcon_core.environment:checking '/home/su1jun/Capstone/colcon_ws/install/vizanti_server/lib/python3.10/site-packages'
[5.379s] Level 1:colcon.colcon_core.environment:checking '/home/su1jun/Capstone/colcon_ws/install/vizanti_server/bin'
[5.386s] INFO:colcon.colcon_core.shell:Creating package script '/home/su1jun/Capstone/colcon_ws/install/vizanti_server/share/vizanti_server/package.ps1'
[5.386s] INFO:colcon.colcon_core.shell:Creating package descriptor '/home/su1jun/Capstone/colcon_ws/install/vizanti_server/share/vizanti_server/package.dsv'
[5.386s] INFO:colcon.colcon_core.shell:Creating package script '/home/su1jun/Capstone/colcon_ws/install/vizanti_server/share/vizanti_server/package.sh'
[5.386s] INFO:colcon.colcon_core.shell:Creating package script '/home/su1jun/Capstone/colcon_ws/install/vizanti_server/share/vizanti_server/package.bash'
[5.386s] INFO:colcon.colcon_core.shell:Creating package script '/home/su1jun/Capstone/colcon_ws/install/vizanti_server/share/vizanti_server/package.zsh'
[5.386s] Level 1:colcon.colcon_core.environment:create_file_with_runtime_dependencies(/home/su1jun/Capstone/colcon_ws/install/vizanti_server/share/colcon-core/packages/vizanti_server)
[5.386s] INFO:colcon.colcon_ros.task.ament_cmake.build:Building ROS package in '/home/su1jun/Capstone/colcon_ws/src/vizanti/vizanti' with build type 'ament_cmake'
[5.387s] INFO:colcon.colcon_cmake.task.cmake.build:Building CMake package in '/home/su1jun/Capstone/colcon_ws/src/vizanti/vizanti'
[5.393s] INFO:colcon.colcon_core.shell:Skip shell extension 'powershell' for command environment: Not usable outside of PowerShell
[5.393s] DEBUG:colcon.colcon_core.shell:Skip shell extension 'dsv' for command environment
[5.428s] DEBUG:colcon.colcon_core.event_handler.log_command:Invoked command in '/home/su1jun/Capstone/colcon_ws/build/vizanti_demos' returned '0': AMENT_PREFIX_PATH=/home/su1jun/Capstone/colcon_ws/install/vizanti_msgs:${AMENT_PREFIX_PATH} CMAKE_PREFIX_PATH=/home/su1jun/Capstone/colcon_ws/install/vizanti_msgs:/home/su1jun/ros2_ws/install/robot:/opt/ros/humble:${CMAKE_PREFIX_PATH} LD_LIBRARY_PATH=/home/su1jun/Capstone/colcon_ws/install/vizanti_msgs/lib:/home/su1jun/ros2_ws/install/ros2_control_demo_example_2/lib:/home/su1jun/ros2_ws/install/pigpio/lib:/usr/lib/x86_64-linux-gnu/gazebo-11/plugins:/opt/ros/humble/opt/rviz_ogre_vendor/lib:/opt/ros/humble/lib/x86_64-linux-gnu:/opt/ros/humble/lib:/usr/lib/x86_64-linux-gnu/gazebo-11/plugins PYTHONPATH=/home/su1jun/Capstone/colcon_ws/install/vizanti_msgs/local/lib/python3.10/dist-packages:${PYTHONPATH} /usr/bin/cmake /home/su1jun/Capstone/colcon_ws/src/vizanti/vizanti_demos -DCMAKE_INSTALL_PREFIX=/home/su1jun/Capstone/colcon_ws/install/vizanti_demos
[5.428s] DEBUG:colcon.colcon_core.event_handler.log_command:Invoking command in '/home/su1jun/Capstone/colcon_ws/build/vizanti_demos': AMENT_PREFIX_PATH=/home/su1jun/Capstone/colcon_ws/install/vizanti_msgs:${AMENT_PREFIX_PATH} CMAKE_PREFIX_PATH=/home/su1jun/Capstone/colcon_ws/install/vizanti_msgs:/home/su1jun/ros2_ws/install/robot:/opt/ros/humble:${CMAKE_PREFIX_PATH} LD_LIBRARY_PATH=/home/su1jun/Capstone/colcon_ws/install/vizanti_msgs/lib:/home/su1jun/ros2_ws/install/ros2_control_demo_example_2/lib:/home/su1jun/ros2_ws/install/pigpio/lib:/usr/lib/x86_64-linux-gnu/gazebo-11/plugins:/opt/ros/humble/opt/rviz_ogre_vendor/lib:/opt/ros/humble/lib/x86_64-linux-gnu:/opt/ros/humble/lib:/usr/lib/x86_64-linux-gnu/gazebo-11/plugins PYTHONPATH=/home/su1jun/Capstone/colcon_ws/install/vizanti_msgs/local/lib/python3.10/dist-packages:${PYTHONPATH} /usr/bin/cmake --build /home/su1jun/Capstone/colcon_ws/build/vizanti_demos -- -j20 -l20
[5.430s] DEBUG:colcon.colcon_core.event_handler.log_command:Invoking command in '/home/su1jun/Capstone/colcon_ws/build/vizanti': AMENT_PREFIX_PATH=/home/su1jun/Capstone/colcon_ws/install/vizanti_server:/home/su1jun/Capstone/colcon_ws/install/vizanti_msgs:${AMENT_PREFIX_PATH} CMAKE_PREFIX_PATH=/home/su1jun/Capstone/colcon_ws/install/vizanti_server:/home/su1jun/Capstone/colcon_ws/install/vizanti_msgs:/home/su1jun/ros2_ws/install/robot:/opt/ros/humble:${CMAKE_PREFIX_PATH} LD_LIBRARY_PATH=/home/su1jun/Capstone/colcon_ws/install/vizanti_msgs/lib:/home/su1jun/ros2_ws/install/ros2_control_demo_example_2/lib:/home/su1jun/ros2_ws/install/pigpio/lib:/usr/lib/x86_64-linux-gnu/gazebo-11/plugins:/opt/ros/humble/opt/rviz_ogre_vendor/lib:/opt/ros/humble/lib/x86_64-linux-gnu:/opt/ros/humble/lib:/usr/lib/x86_64-linux-gnu/gazebo-11/plugins PYTHONPATH=/home/su1jun/Capstone/colcon_ws/install/vizanti_msgs/local/lib/python3.10/dist-packages:${PYTHONPATH} /usr/bin/cmake /home/su1jun/Capstone/colcon_ws/src/vizanti/vizanti -DCMAKE_INSTALL_PREFIX=/home/su1jun/Capstone/colcon_ws/install/vizanti
[5.445s] DEBUG:colcon.colcon_core.event_handler.log_command:Invoked command in '/home/su1jun/Capstone/colcon_ws/build/vizanti_demos' returned '0': AMENT_PREFIX_PATH=/home/su1jun/Capstone/colcon_ws/install/vizanti_msgs:${AMENT_PREFIX_PATH} CMAKE_PREFIX_PATH=/home/su1jun/Capstone/colcon_ws/install/vizanti_msgs:/home/su1jun/ros2_ws/install/robot:/opt/ros/humble:${CMAKE_PREFIX_PATH} LD_LIBRARY_PATH=/home/su1jun/Capstone/colcon_ws/install/vizanti_msgs/lib:/home/su1jun/ros2_ws/install/ros2_control_demo_example_2/lib:/home/su1jun/ros2_ws/install/pigpio/lib:/usr/lib/x86_64-linux-gnu/gazebo-11/plugins:/opt/ros/humble/opt/rviz_ogre_vendor/lib:/opt/ros/humble/lib/x86_64-linux-gnu:/opt/ros/humble/lib:/usr/lib/x86_64-linux-gnu/gazebo-11/plugins PYTHONPATH=/home/su1jun/Capstone/colcon_ws/install/vizanti_msgs/local/lib/python3.10/dist-packages:${PYTHONPATH} /usr/bin/cmake --build /home/su1jun/Capstone/colcon_ws/build/vizanti_demos -- -j20 -l20
[5.454s] DEBUG:colcon.colcon_core.event_handler.log_command:Invoking command in '/home/su1jun/Capstone/colcon_ws/build/vizanti_demos': AMENT_PREFIX_PATH=/home/su1jun/Capstone/colcon_ws/install/vizanti_msgs:${AMENT_PREFIX_PATH} CMAKE_PREFIX_PATH=/home/su1jun/Capstone/colcon_ws/install/vizanti_msgs:/home/su1jun/ros2_ws/install/robot:/opt/ros/humble:${CMAKE_PREFIX_PATH} LD_LIBRARY_PATH=/home/su1jun/Capstone/colcon_ws/install/vizanti_msgs/lib:/home/su1jun/ros2_ws/install/ros2_control_demo_example_2/lib:/home/su1jun/ros2_ws/install/pigpio/lib:/usr/lib/x86_64-linux-gnu/gazebo-11/plugins:/opt/ros/humble/opt/rviz_ogre_vendor/lib:/opt/ros/humble/lib/x86_64-linux-gnu:/opt/ros/humble/lib:/usr/lib/x86_64-linux-gnu/gazebo-11/plugins PYTHONPATH=/home/su1jun/Capstone/colcon_ws/install/vizanti_msgs/local/lib/python3.10/dist-packages:${PYTHONPATH} /usr/bin/cmake --install /home/su1jun/Capstone/colcon_ws/build/vizanti_demos
[5.459s] Level 1:colcon.colcon_core.environment:create_environment_scripts_only(vizanti_demos)
[5.459s] DEBUG:colcon.colcon_core.event_handler.log_command:Invoked command in '/home/su1jun/Capstone/colcon_ws/build/vizanti_demos' returned '0': AMENT_PREFIX_PATH=/home/su1jun/Capstone/colcon_ws/install/vizanti_msgs:${AMENT_PREFIX_PATH} CMAKE_PREFIX_PATH=/home/su1jun/Capstone/colcon_ws/install/vizanti_msgs:/home/su1jun/ros2_ws/install/robot:/opt/ros/humble:${CMAKE_PREFIX_PATH} LD_LIBRARY_PATH=/home/su1jun/Capstone/colcon_ws/install/vizanti_msgs/lib:/home/su1jun/ros2_ws/install/ros2_control_demo_example_2/lib:/home/su1jun/ros2_ws/install/pigpio/lib:/usr/lib/x86_64-linux-gnu/gazebo-11/plugins:/opt/ros/humble/opt/rviz_ogre_vendor/lib:/opt/ros/humble/lib/x86_64-linux-gnu:/opt/ros/humble/lib:/usr/lib/x86_64-linux-gnu/gazebo-11/plugins PYTHONPATH=/home/su1jun/Capstone/colcon_ws/install/vizanti_msgs/local/lib/python3.10/dist-packages:${PYTHONPATH} /usr/bin/cmake --install /home/su1jun/Capstone/colcon_ws/build/vizanti_demos
[5.466s] Level 1:colcon.colcon_core.environment:checking '/home/su1jun/Capstone/colcon_ws/install/vizanti_demos' for CMake module files
[5.466s] Level 1:colcon.colcon_core.environment:checking '/home/su1jun/Capstone/colcon_ws/install/vizanti_demos' for CMake config files
[5.466s] Level 1:colcon.colcon_core.shell:create_environment_hook('vizanti_demos', 'cmake_prefix_path')
[5.473s] INFO:colcon.colcon_core.shell:Creating environment hook '/home/su1jun/Capstone/colcon_ws/install/vizanti_demos/share/vizanti_demos/hook/cmake_prefix_path.ps1'
[5.473s] INFO:colcon.colcon_core.shell:Creating environment descriptor '/home/su1jun/Capstone/colcon_ws/install/vizanti_demos/share/vizanti_demos/hook/cmake_prefix_path.dsv'
[5.473s] INFO:colcon.colcon_core.shell:Creating environment hook '/home/su1jun/Capstone/colcon_ws/install/vizanti_demos/share/vizanti_demos/hook/cmake_prefix_path.sh'
[5.473s] Level 1:colcon.colcon_core.environment:checking '/home/su1jun/Capstone/colcon_ws/install/vizanti_demos/lib'
[5.473s] Level 1:colcon.colcon_core.environment:checking '/home/su1jun/Capstone/colcon_ws/install/vizanti_demos/bin'
[5.473s] Level 1:colcon.colcon_core.environment:checking '/home/su1jun/Capstone/colcon_ws/install/vizanti_demos/lib/pkgconfig/vizanti_demos.pc'
[5.473s] Level 1:colcon.colcon_core.environment:checking '/home/su1jun/Capstone/colcon_ws/install/vizanti_demos/lib/python3.10/site-packages'
[5.473s] Level 1:colcon.colcon_core.environment:checking '/home/su1jun/Capstone/colcon_ws/install/vizanti_demos/bin'
[5.480s] INFO:colcon.colcon_core.shell:Creating package script '/home/su1jun/Capstone/colcon_ws/install/vizanti_demos/share/vizanti_demos/package.ps1'
[5.480s] INFO:colcon.colcon_core.shell:Creating package descriptor '/home/su1jun/Capstone/colcon_ws/install/vizanti_demos/share/vizanti_demos/package.dsv'
[5.480s] INFO:colcon.colcon_core.shell:Creating package script '/home/su1jun/Capstone/colcon_ws/install/vizanti_demos/share/vizanti_demos/package.sh'
[5.481s] INFO:colcon.colcon_core.shell:Creating package script '/home/su1jun/Capstone/colcon_ws/install/vizanti_demos/share/vizanti_demos/package.bash'
[5.481s] INFO:colcon.colcon_core.shell:Creating package script '/home/su1jun/Capstone/colcon_ws/install/vizanti_demos/share/vizanti_demos/package.zsh'
[5.481s] Level 1:colcon.colcon_core.environment:create_file_with_runtime_dependencies(/home/su1jun/Capstone/colcon_ws/install/vizanti_demos/share/colcon-core/packages/vizanti_demos)
[5.497s] Level 1:colcon.colcon_core.environment:create_environment_scripts_only(vizanti_demos)
[5.504s] Level 1:colcon.colcon_core.environment:checking '/home/su1jun/Capstone/colcon_ws/install/vizanti_demos' for CMake module files
[5.504s] Level 1:colcon.colcon_core.environment:checking '/home/su1jun/Capstone/colcon_ws/install/vizanti_demos' for CMake config files
[5.504s] Level 1:colcon.colcon_core.shell:create_environment_hook('vizanti_demos', 'cmake_prefix_path')
[5.513s] INFO:colcon.colcon_core.shell:Creating environment hook '/home/su1jun/Capstone/colcon_ws/install/vizanti_demos/share/vizanti_demos/hook/cmake_prefix_path.ps1'
[5.513s] INFO:colcon.colcon_core.shell:Creating environment descriptor '/home/su1jun/Capstone/colcon_ws/install/vizanti_demos/share/vizanti_demos/hook/cmake_prefix_path.dsv'
[5.514s] INFO:colcon.colcon_core.shell:Creating environment hook '/home/su1jun/Capstone/colcon_ws/install/vizanti_demos/share/vizanti_demos/hook/cmake_prefix_path.sh'
[5.514s] Level 1:colcon.colcon_core.environment:checking '/home/su1jun/Capstone/colcon_ws/install/vizanti_demos/lib'
[5.514s] Level 1:colcon.colcon_core.environment:checking '/home/su1jun/Capstone/colcon_ws/install/vizanti_demos/bin'
[5.514s] Level 1:colcon.colcon_core.environment:checking '/home/su1jun/Capstone/colcon_ws/install/vizanti_demos/lib/pkgconfig/vizanti_demos.pc'
[5.514s] Level 1:colcon.colcon_core.environment:checking '/home/su1jun/Capstone/colcon_ws/install/vizanti_demos/lib/python3.10/site-packages'
[5.515s] Level 1:colcon.colcon_core.environment:checking '/home/su1jun/Capstone/colcon_ws/install/vizanti_demos/bin'
[5.523s] INFO:colcon.colcon_core.shell:Creating package script '/home/su1jun/Capstone/colcon_ws/install/vizanti_demos/share/vizanti_demos/package.ps1'
[5.523s] INFO:colcon.colcon_core.shell:Creating package descriptor '/home/su1jun/Capstone/colcon_ws/install/vizanti_demos/share/vizanti_demos/package.dsv'
[5.523s] INFO:colcon.colcon_core.shell:Creating package script '/home/su1jun/Capstone/colcon_ws/install/vizanti_demos/share/vizanti_demos/package.sh'
[5.523s] INFO:colcon.colcon_core.shell:Creating package script '/home/su1jun/Capstone/colcon_ws/install/vizanti_demos/share/vizanti_demos/package.bash'
[5.523s] INFO:colcon.colcon_core.shell:Creating package script '/home/su1jun/Capstone/colcon_ws/install/vizanti_demos/share/vizanti_demos/package.zsh'
[5.524s] Level 1:colcon.colcon_core.environment:create_file_with_runtime_dependencies(/home/su1jun/Capstone/colcon_ws/install/vizanti_demos/share/colcon-core/packages/vizanti_demos)
[5.673s] DEBUG:colcon.colcon_core.event_handler.log_command:Invoked command in '/home/su1jun/Capstone/colcon_ws/build/vizanti' returned '0': AMENT_PREFIX_PATH=/home/su1jun/Capstone/colcon_ws/install/vizanti_server:/home/su1jun/Capstone/colcon_ws/install/vizanti_msgs:${AMENT_PREFIX_PATH} CMAKE_PREFIX_PATH=/home/su1jun/Capstone/colcon_ws/install/vizanti_server:/home/su1jun/Capstone/colcon_ws/install/vizanti_msgs:/home/su1jun/ros2_ws/install/robot:/opt/ros/humble:${CMAKE_PREFIX_PATH} LD_LIBRARY_PATH=/home/su1jun/Capstone/colcon_ws/install/vizanti_msgs/lib:/home/su1jun/ros2_ws/install/ros2_control_demo_example_2/lib:/home/su1jun/ros2_ws/install/pigpio/lib:/usr/lib/x86_64-linux-gnu/gazebo-11/plugins:/opt/ros/humble/opt/rviz_ogre_vendor/lib:/opt/ros/humble/lib/x86_64-linux-gnu:/opt/ros/humble/lib:/usr/lib/x86_64-linux-gnu/gazebo-11/plugins PYTHONPATH=/home/su1jun/Capstone/colcon_ws/install/vizanti_msgs/local/lib/python3.10/dist-packages:${PYTHONPATH} /usr/bin/cmake /home/su1jun/Capstone/colcon_ws/src/vizanti/vizanti -DCMAKE_INSTALL_PREFIX=/home/su1jun/Capstone/colcon_ws/install/vizanti
[5.674s] DEBUG:colcon.colcon_core.event_handler.log_command:Invoking command in '/home/su1jun/Capstone/colcon_ws/build/vizanti': AMENT_PREFIX_PATH=/home/su1jun/Capstone/colcon_ws/install/vizanti_server:/home/su1jun/Capstone/colcon_ws/install/vizanti_msgs:${AMENT_PREFIX_PATH} CMAKE_PREFIX_PATH=/home/su1jun/Capstone/colcon_ws/install/vizanti_server:/home/su1jun/Capstone/colcon_ws/install/vizanti_msgs:/home/su1jun/ros2_ws/install/robot:/opt/ros/humble:${CMAKE_PREFIX_PATH} LD_LIBRARY_PATH=/home/su1jun/Capstone/colcon_ws/install/vizanti_msgs/lib:/home/su1jun/ros2_ws/install/ros2_control_demo_example_2/lib:/home/su1jun/ros2_ws/install/pigpio/lib:/usr/lib/x86_64-linux-gnu/gazebo-11/plugins:/opt/ros/humble/opt/rviz_ogre_vendor/lib:/opt/ros/humble/lib/x86_64-linux-gnu:/opt/ros/humble/lib:/usr/lib/x86_64-linux-gnu/gazebo-11/plugins PYTHONPATH=/home/su1jun/Capstone/colcon_ws/install/vizanti_msgs/local/lib/python3.10/dist-packages:${PYTHONPATH} /usr/bin/cmake --build /home/su1jun/Capstone/colcon_ws/build/vizanti -- -j20 -l20
[5.690s] DEBUG:colcon.colcon_core.event_handler.log_command:Invoked command in '/home/su1jun/Capstone/colcon_ws/build/vizanti' returned '0': AMENT_PREFIX_PATH=/home/su1jun/Capstone/colcon_ws/install/vizanti_server:/home/su1jun/Capstone/colcon_ws/install/vizanti_msgs:${AMENT_PREFIX_PATH} CMAKE_PREFIX_PATH=/home/su1jun/Capstone/colcon_ws/install/vizanti_server:/home/su1jun/Capstone/colcon_ws/install/vizanti_msgs:/home/su1jun/ros2_ws/install/robot:/opt/ros/humble:${CMAKE_PREFIX_PATH} LD_LIBRARY_PATH=/home/su1jun/Capstone/colcon_ws/install/vizanti_msgs/lib:/home/su1jun/ros2_ws/install/ros2_control_demo_example_2/lib:/home/su1jun/ros2_ws/install/pigpio/lib:/usr/lib/x86_64-linux-gnu/gazebo-11/plugins:/opt/ros/humble/opt/rviz_ogre_vendor/lib:/opt/ros/humble/lib/x86_64-linux-gnu:/opt/ros/humble/lib:/usr/lib/x86_64-linux-gnu/gazebo-11/plugins PYTHONPATH=/home/su1jun/Capstone/colcon_ws/install/vizanti_msgs/local/lib/python3.10/dist-packages:${PYTHONPATH} /usr/bin/cmake --build /home/su1jun/Capstone/colcon_ws/build/vizanti -- -j20 -l20
[5.700s] DEBUG:colcon.colcon_core.event_handler.log_command:Invoking command in '/home/su1jun/Capstone/colcon_ws/build/vizanti': AMENT_PREFIX_PATH=/home/su1jun/Capstone/colcon_ws/install/vizanti_server:/home/su1jun/Capstone/colcon_ws/install/vizanti_msgs:${AMENT_PREFIX_PATH} CMAKE_PREFIX_PATH=/home/su1jun/Capstone/colcon_ws/install/vizanti_server:/home/su1jun/Capstone/colcon_ws/install/vizanti_msgs:/home/su1jun/ros2_ws/install/robot:/opt/ros/humble:${CMAKE_PREFIX_PATH} LD_LIBRARY_PATH=/home/su1jun/Capstone/colcon_ws/install/vizanti_msgs/lib:/home/su1jun/ros2_ws/install/ros2_control_demo_example_2/lib:/home/su1jun/ros2_ws/install/pigpio/lib:/usr/lib/x86_64-linux-gnu/gazebo-11/plugins:/opt/ros/humble/opt/rviz_ogre_vendor/lib:/opt/ros/humble/lib/x86_64-linux-gnu:/opt/ros/humble/lib:/usr/lib/x86_64-linux-gnu/gazebo-11/plugins PYTHONPATH=/home/su1jun/Capstone/colcon_ws/install/vizanti_msgs/local/lib/python3.10/dist-packages:${PYTHONPATH} /usr/bin/cmake --install /home/su1jun/Capstone/colcon_ws/build/vizanti
[5.706s] Level 1:colcon.colcon_core.environment:create_environment_scripts_only(vizanti)
[5.706s] DEBUG:colcon.colcon_core.event_handler.log_command:Invoked command in '/home/su1jun/Capstone/colcon_ws/build/vizanti' returned '0': AMENT_PREFIX_PATH=/home/su1jun/Capstone/colcon_ws/install/vizanti_server:/home/su1jun/Capstone/colcon_ws/install/vizanti_msgs:${AMENT_PREFIX_PATH} CMAKE_PREFIX_PATH=/home/su1jun/Capstone/colcon_ws/install/vizanti_server:/home/su1jun/Capstone/colcon_ws/install/vizanti_msgs:/home/su1jun/ros2_ws/install/robot:/opt/ros/humble:${CMAKE_PREFIX_PATH} LD_LIBRARY_PATH=/home/su1jun/Capstone/colcon_ws/install/vizanti_msgs/lib:/home/su1jun/ros2_ws/install/ros2_control_demo_example_2/lib:/home/su1jun/ros2_ws/install/pigpio/lib:/usr/lib/x86_64-linux-gnu/gazebo-11/plugins:/opt/ros/humble/opt/rviz_ogre_vendor/lib:/opt/ros/humble/lib/x86_64-linux-gnu:/opt/ros/humble/lib:/usr/lib/x86_64-linux-gnu/gazebo-11/plugins PYTHONPATH=/home/su1jun/Capstone/colcon_ws/install/vizanti_msgs/local/lib/python3.10/dist-packages:${PYTHONPATH} /usr/bin/cmake --install /home/su1jun/Capstone/colcon_ws/build/vizanti
[5.714s] Level 1:colcon.colcon_core.environment:checking '/home/su1jun/Capstone/colcon_ws/install/vizanti' for CMake module files
[5.714s] Level 1:colcon.colcon_core.environment:checking '/home/su1jun/Capstone/colcon_ws/install/vizanti' for CMake config files
[5.714s] Level 1:colcon.colcon_core.shell:create_environment_hook('vizanti', 'cmake_prefix_path')
[5.721s] INFO:colcon.colcon_core.shell:Creating environment hook '/home/su1jun/Capstone/colcon_ws/install/vizanti/share/vizanti/hook/cmake_prefix_path.ps1'
[5.721s] INFO:colcon.colcon_core.shell:Creating environment descriptor '/home/su1jun/Capstone/colcon_ws/install/vizanti/share/vizanti/hook/cmake_prefix_path.dsv'
[5.721s] INFO:colcon.colcon_core.shell:Creating environment hook '/home/su1jun/Capstone/colcon_ws/install/vizanti/share/vizanti/hook/cmake_prefix_path.sh'
[5.721s] Level 1:colcon.colcon_core.environment:checking '/home/su1jun/Capstone/colcon_ws/install/vizanti/bin'
[5.721s] Level 1:colcon.colcon_core.environment:checking '/home/su1jun/Capstone/colcon_ws/install/vizanti/lib/pkgconfig/vizanti.pc'
[5.722s] Level 1:colcon.colcon_core.environment:checking '/home/su1jun/Capstone/colcon_ws/install/vizanti/lib/python3.10/site-packages'
[5.722s] Level 1:colcon.colcon_core.environment:checking '/home/su1jun/Capstone/colcon_ws/install/vizanti/bin'
[5.728s] INFO:colcon.colcon_core.shell:Creating package script '/home/su1jun/Capstone/colcon_ws/install/vizanti/share/vizanti/package.ps1'
[5.728s] INFO:colcon.colcon_core.shell:Creating package descriptor '/home/su1jun/Capstone/colcon_ws/install/vizanti/share/vizanti/package.dsv'
[5.729s] INFO:colcon.colcon_core.shell:Creating package script '/home/su1jun/Capstone/colcon_ws/install/vizanti/share/vizanti/package.sh'
[5.729s] INFO:colcon.colcon_core.shell:Creating package script '/home/su1jun/Capstone/colcon_ws/install/vizanti/share/vizanti/package.bash'
[5.729s] INFO:colcon.colcon_core.shell:Creating package script '/home/su1jun/Capstone/colcon_ws/install/vizanti/share/vizanti/package.zsh'
[5.729s] Level 1:colcon.colcon_core.environment:create_file_with_runtime_dependencies(/home/su1jun/Capstone/colcon_ws/install/vizanti/share/colcon-core/packages/vizanti)
[5.751s] Level 1:colcon.colcon_core.environment:create_environment_scripts_only(vizanti)
[5.758s] Level 1:colcon.colcon_core.environment:checking '/home/su1jun/Capstone/colcon_ws/install/vizanti' for CMake module files
[5.758s] Level 1:colcon.colcon_core.environment:checking '/home/su1jun/Capstone/colcon_ws/install/vizanti' for CMake config files
[5.758s] Level 1:colcon.colcon_core.shell:create_environment_hook('vizanti', 'cmake_prefix_path')
[5.765s] INFO:colcon.colcon_core.shell:Creating environment hook '/home/su1jun/Capstone/colcon_ws/install/vizanti/share/vizanti/hook/cmake_prefix_path.ps1'
[5.766s] INFO:colcon.colcon_core.shell:Creating environment descriptor '/home/su1jun/Capstone/colcon_ws/install/vizanti/share/vizanti/hook/cmake_prefix_path.dsv'
[5.766s] INFO:colcon.colcon_core.shell:Creating environment hook '/home/su1jun/Capstone/colcon_ws/install/vizanti/share/vizanti/hook/cmake_prefix_path.sh'
[5.766s] Level 1:colcon.colcon_core.environment:checking '/home/su1jun/Capstone/colcon_ws/install/vizanti/bin'
[5.766s] Level 1:colcon.colcon_core.environment:checking '/home/su1jun/Capstone/colcon_ws/install/vizanti/lib/pkgconfig/vizanti.pc'
[5.766s] Level 1:colcon.colcon_core.environment:checking '/home/su1jun/Capstone/colcon_ws/install/vizanti/lib/python3.10/site-packages'
[5.766s] Level 1:colcon.colcon_core.environment:checking '/home/su1jun/Capstone/colcon_ws/install/vizanti/bin'
[5.773s] INFO:colcon.colcon_core.shell:Creating package script '/home/su1jun/Capstone/colcon_ws/install/vizanti/share/vizanti/package.ps1'
[5.773s] INFO:colcon.colcon_core.shell:Creating package descriptor '/home/su1jun/Capstone/colcon_ws/install/vizanti/share/vizanti/package.dsv'
[5.774s] INFO:colcon.colcon_core.shell:Creating package script '/home/su1jun/Capstone/colcon_ws/install/vizanti/share/vizanti/package.sh'
[5.774s] INFO:colcon.colcon_core.shell:Creating package script '/home/su1jun/Capstone/colcon_ws/install/vizanti/share/vizanti/package.bash'
[5.774s] INFO:colcon.colcon_core.shell:Creating package script '/home/su1jun/Capstone/colcon_ws/install/vizanti/share/vizanti/package.zsh'
[5.774s] Level 1:colcon.colcon_core.environment:create_file_with_runtime_dependencies(/home/su1jun/Capstone/colcon_ws/install/vizanti/share/colcon-core/packages/vizanti)
[6.008s] DEBUG:colcon.colcon_core.event_handler.log_command:Invoked command in '/home/su1jun/Capstone/colcon_ws/build/vizanti_cpp' returned '0': CMAKE_PREFIX_PATH=/home/su1jun/ros2_ws/install/robot:/opt/ros/humble:${CMAKE_PREFIX_PATH} /usr/bin/cmake --build /home/su1jun/Capstone/colcon_ws/build/vizanti_cpp -- -j20 -l20
[6.019s] DEBUG:colcon.colcon_core.event_handler.log_command:Invoking command in '/home/su1jun/Capstone/colcon_ws/build/vizanti_cpp': CMAKE_PREFIX_PATH=/home/su1jun/ros2_ws/install/robot:/opt/ros/humble:${CMAKE_PREFIX_PATH} /usr/bin/cmake --install /home/su1jun/Capstone/colcon_ws/build/vizanti_cpp
[6.030s] Level 1:colcon.colcon_core.environment:create_environment_scripts_only(vizanti_cpp)
[6.031s] DEBUG:colcon.colcon_core.event_handler.log_command:Invoked command in '/home/su1jun/Capstone/colcon_ws/build/vizanti_cpp' returned '0': CMAKE_PREFIX_PATH=/home/su1jun/ros2_ws/install/robot:/opt/ros/humble:${CMAKE_PREFIX_PATH} /usr/bin/cmake --install /home/su1jun/Capstone/colcon_ws/build/vizanti_cpp
[6.045s] Level 1:colcon.colcon_core.environment:checking '/home/su1jun/Capstone/colcon_ws/install/vizanti_cpp' for CMake module files
[6.045s] Level 1:colcon.colcon_core.environment:checking '/home/su1jun/Capstone/colcon_ws/install/vizanti_cpp' for CMake config files
[6.045s] Level 1:colcon.colcon_core.shell:create_environment_hook('vizanti_cpp', 'cmake_prefix_path')
[6.052s] INFO:colcon.colcon_core.shell:Creating environment hook '/home/su1jun/Capstone/colcon_ws/install/vizanti_cpp/share/vizanti_cpp/hook/cmake_prefix_path.ps1'
[6.052s] INFO:colcon.colcon_core.shell:Creating environment descriptor '/home/su1jun/Capstone/colcon_ws/install/vizanti_cpp/share/vizanti_cpp/hook/cmake_prefix_path.dsv'
[6.052s] INFO:colcon.colcon_core.shell:Creating environment hook '/home/su1jun/Capstone/colcon_ws/install/vizanti_cpp/share/vizanti_cpp/hook/cmake_prefix_path.sh'
[6.052s] Level 1:colcon.colcon_core.environment:checking '/home/su1jun/Capstone/colcon_ws/install/vizanti_cpp/lib'
[6.053s] Level 1:colcon.colcon_core.environment:checking '/home/su1jun/Capstone/colcon_ws/install/vizanti_cpp/bin'
[6.053s] Level 1:colcon.colcon_core.environment:checking '/home/su1jun/Capstone/colcon_ws/install/vizanti_cpp/lib/pkgconfig/vizanti_cpp.pc'
[6.053s] Level 1:colcon.colcon_core.environment:checking '/home/su1jun/Capstone/colcon_ws/install/vizanti_cpp/lib/python3.10/site-packages'
[6.053s] Level 1:colcon.colcon_core.environment:checking '/home/su1jun/Capstone/colcon_ws/install/vizanti_cpp/bin'
[6.059s] INFO:colcon.colcon_core.shell:Creating package script '/home/su1jun/Capstone/colcon_ws/install/vizanti_cpp/share/vizanti_cpp/package.ps1'
[6.060s] INFO:colcon.colcon_core.shell:Creating package descriptor '/home/su1jun/Capstone/colcon_ws/install/vizanti_cpp/share/vizanti_cpp/package.dsv'
[6.060s] INFO:colcon.colcon_core.shell:Creating package script '/home/su1jun/Capstone/colcon_ws/install/vizanti_cpp/share/vizanti_cpp/package.sh'
[6.060s] INFO:colcon.colcon_core.shell:Creating package script '/home/su1jun/Capstone/colcon_ws/install/vizanti_cpp/share/vizanti_cpp/package.bash'
[6.060s] INFO:colcon.colcon_core.shell:Creating package script '/home/su1jun/Capstone/colcon_ws/install/vizanti_cpp/share/vizanti_cpp/package.zsh'
[6.060s] Level 1:colcon.colcon_core.environment:create_file_with_runtime_dependencies(/home/su1jun/Capstone/colcon_ws/install/vizanti_cpp/share/colcon-core/packages/vizanti_cpp)
[6.084s] Level 1:colcon.colcon_core.environment:create_environment_scripts_only(vizanti_cpp)
[6.090s] Level 1:colcon.colcon_core.environment:checking '/home/su1jun/Capstone/colcon_ws/install/vizanti_cpp' for CMake module files
[6.091s] Level 1:colcon.colcon_core.environment:checking '/home/su1jun/Capstone/colcon_ws/install/vizanti_cpp' for CMake config files
[6.091s] Level 1:colcon.colcon_core.shell:create_environment_hook('vizanti_cpp', 'cmake_prefix_path')
[6.097s] INFO:colcon.colcon_core.shell:Creating environment hook '/home/su1jun/Capstone/colcon_ws/install/vizanti_cpp/share/vizanti_cpp/hook/cmake_prefix_path.ps1'
[6.097s] INFO:colcon.colcon_core.shell:Creating environment descriptor '/home/su1jun/Capstone/colcon_ws/install/vizanti_cpp/share/vizanti_cpp/hook/cmake_prefix_path.dsv'
[6.098s] INFO:colcon.colcon_core.shell:Creating environment hook '/home/su1jun/Capstone/colcon_ws/install/vizanti_cpp/share/vizanti_cpp/hook/cmake_prefix_path.sh'
[6.098s] Level 1:colcon.colcon_core.environment:checking '/home/su1jun/Capstone/colcon_ws/install/vizanti_cpp/lib'
[6.098s] Level 1:colcon.colcon_core.environment:checking '/home/su1jun/Capstone/colcon_ws/install/vizanti_cpp/bin'
[6.098s] Level 1:colcon.colcon_core.environment:checking '/home/su1jun/Capstone/colcon_ws/install/vizanti_cpp/lib/pkgconfig/vizanti_cpp.pc'
[6.098s] Level 1:colcon.colcon_core.environment:checking '/home/su1jun/Capstone/colcon_ws/install/vizanti_cpp/lib/python3.10/site-packages'
[6.098s] Level 1:colcon.colcon_core.environment:checking '/home/su1jun/Capstone/colcon_ws/install/vizanti_cpp/bin'
[6.104s] INFO:colcon.colcon_core.shell:Creating package script '/home/su1jun/Capstone/colcon_ws/install/vizanti_cpp/share/vizanti_cpp/package.ps1'
[6.105s] INFO:colcon.colcon_core.shell:Creating package descriptor '/home/su1jun/Capstone/colcon_ws/install/vizanti_cpp/share/vizanti_cpp/package.dsv'
[6.105s] INFO:colcon.colcon_core.shell:Creating package script '/home/su1jun/Capstone/colcon_ws/install/vizanti_cpp/share/vizanti_cpp/package.sh'
[6.105s] INFO:colcon.colcon_core.shell:Creating package script '/home/su1jun/Capstone/colcon_ws/install/vizanti_cpp/share/vizanti_cpp/package.bash'
[6.105s] INFO:colcon.colcon_core.shell:Creating package script '/home/su1jun/Capstone/colcon_ws/install/vizanti_cpp/share/vizanti_cpp/package.zsh'
[6.105s] Level 1:colcon.colcon_core.environment:create_file_with_runtime_dependencies(/home/su1jun/Capstone/colcon_ws/install/vizanti_cpp/share/colcon-core/packages/vizanti_cpp)
[6.105s] DEBUG:colcon.colcon_parallel_executor.executor.parallel:closing loop
[6.106s] DEBUG:colcon.colcon_parallel_executor.executor.parallel:loop closed
[6.106s] DEBUG:colcon.colcon_parallel_executor.executor.parallel:run_until_complete finished with '0'
[6.106s] DEBUG:colcon.colcon_core.event_reactor:joining thread
[6.115s] INFO:colcon.colcon_core.plugin_system:Skipping extension 'colcon_notification.desktop_notification.terminal_notifier': Not used on non-Darwin systems
[6.115s] INFO:colcon.colcon_core.plugin_system:Skipping extension 'colcon_notification.desktop_notification.win32': Not used on non-Windows systems
[6.115s] INFO:colcon.colcon_notification.desktop_notification:Sending desktop notification using 'notify2'
[6.121s] DEBUG:colcon.colcon_core.event_reactor:joined thread
[6.129s] INFO:colcon.colcon_core.shell:Creating prefix script '/home/su1jun/Capstone/colcon_ws/install/local_setup.ps1'
[6.129s] INFO:colcon.colcon_core.shell:Creating prefix util module '/home/su1jun/Capstone/colcon_ws/install/_local_setup_util_ps1.py'
[6.130s] INFO:colcon.colcon_core.shell:Creating prefix chain script '/home/su1jun/Capstone/colcon_ws/install/setup.ps1'
[6.137s] INFO:colcon.colcon_core.shell:Creating prefix script '/home/su1jun/Capstone/colcon_ws/install/local_setup.sh'
[6.137s] INFO:colcon.colcon_core.shell:Creating prefix util module '/home/su1jun/Capstone/colcon_ws/install/_local_setup_util_sh.py'
[6.137s] INFO:colcon.colcon_core.shell:Creating prefix chain script '/home/su1jun/Capstone/colcon_ws/install/setup.sh'
[6.144s] INFO:colcon.colcon_core.shell:Creating prefix script '/home/su1jun/Capstone/colcon_ws/install/local_setup.bash'
[6.144s] INFO:colcon.colcon_core.shell:Creating prefix chain script '/home/su1jun/Capstone/colcon_ws/install/setup.bash'
[6.151s] INFO:colcon.colcon_core.shell:Creating prefix script '/home/su1jun/Capstone/colcon_ws/install/local_setup.zsh'
[6.151s] INFO:colcon.colcon_core.shell:Creating prefix chain script '/home/su1jun/Capstone/colcon_ws/install/setup.zsh'
