running egg_info
creating ../../build/robot/robot.egg-info
writing ../../build/robot/robot.egg-info/PKG-INFO
writing dependency_links to ../../build/robot/robot.egg-info/dependency_links.txt
writing entry points to ../../build/robot/robot.egg-info/entry_points.txt
writing requirements to ../../build/robot/robot.egg-info/requires.txt
writing top-level names to ../../build/robot/robot.egg-info/top_level.txt
writing manifest file '../../build/robot/robot.egg-info/SOURCES.txt'
reading manifest file '../../build/robot/robot.egg-info/SOURCES.txt'
writing manifest file '../../build/robot/robot.egg-info/SOURCES.txt'
running build
running build_py
creating /root/Capstone/ros2_ws/build/robot/build
creating /root/Capstone/ros2_ws/build/robot/build/lib
creating /root/Capstone/ros2_ws/build/robot/build/lib/robot
copying robot/__init__.py -> /root/Capstone/ros2_ws/build/robot/build/lib/robot
copying robot/switch_node.py -> /root/Capstone/ros2_ws/build/robot/build/lib/robot
copying robot/gps_test.py -> /root/Capstone/ros2_ws/build/robot/build/lib/robot
copying robot/const.py -> /root/Capstone/ros2_ws/build/robot/build/lib/robot
copying robot/motor_node.py -> /root/Capstone/ros2_ws/build/robot/build/lib/robot
copying robot/bluetooth_node.py -> /root/Capstone/ros2_ws/build/robot/build/lib/robot
copying robot/bluetooth_test.py -> /root/Capstone/ros2_ws/build/robot/build/lib/robot
running install
running install_lib
creating /root/Capstone/ros2_ws/install/robot/lib/python3.10/site-packages/robot
copying /root/Capstone/ros2_ws/build/robot/build/lib/robot/__init__.py -> /root/Capstone/ros2_ws/install/robot/lib/python3.10/site-packages/robot
copying /root/Capstone/ros2_ws/build/robot/build/lib/robot/switch_node.py -> /root/Capstone/ros2_ws/install/robot/lib/python3.10/site-packages/robot
copying /root/Capstone/ros2_ws/build/robot/build/lib/robot/gps_test.py -> /root/Capstone/ros2_ws/install/robot/lib/python3.10/site-packages/robot
copying /root/Capstone/ros2_ws/build/robot/build/lib/robot/const.py -> /root/Capstone/ros2_ws/install/robot/lib/python3.10/site-packages/robot
copying /root/Capstone/ros2_ws/build/robot/build/lib/robot/motor_node.py -> /root/Capstone/ros2_ws/install/robot/lib/python3.10/site-packages/robot
copying /root/Capstone/ros2_ws/build/robot/build/lib/robot/bluetooth_node.py -> /root/Capstone/ros2_ws/install/robot/lib/python3.10/site-packages/robot
copying /root/Capstone/ros2_ws/build/robot/build/lib/robot/bluetooth_test.py -> /root/Capstone/ros2_ws/install/robot/lib/python3.10/site-packages/robot
byte-compiling /root/Capstone/ros2_ws/install/robot/lib/python3.10/site-packages/robot/__init__.py to __init__.cpython-310.pyc
byte-compiling /root/Capstone/ros2_ws/install/robot/lib/python3.10/site-packages/robot/switch_node.py to switch_node.cpython-310.pyc
byte-compiling /root/Capstone/ros2_ws/install/robot/lib/python3.10/site-packages/robot/gps_test.py to gps_test.cpython-310.pyc
byte-compiling /root/Capstone/ros2_ws/install/robot/lib/python3.10/site-packages/robot/const.py to const.cpython-310.pyc
byte-compiling /root/Capstone/ros2_ws/install/robot/lib/python3.10/site-packages/robot/motor_node.py to motor_node.cpython-310.pyc
byte-compiling /root/Capstone/ros2_ws/install/robot/lib/python3.10/site-packages/robot/bluetooth_node.py to bluetooth_node.cpython-310.pyc
byte-compiling /root/Capstone/ros2_ws/install/robot/lib/python3.10/site-packages/robot/bluetooth_test.py to bluetooth_test.cpython-310.pyc
running install_data
creating /root/Capstone/ros2_ws/install/robot/share/ament_index
creating /root/Capstone/ros2_ws/install/robot/share/ament_index/resource_index
creating /root/Capstone/ros2_ws/install/robot/share/ament_index/resource_index/packages
copying resource/robot -> /root/Capstone/ros2_ws/install/robot/share/ament_index/resource_index/packages
copying package.xml -> /root/Capstone/ros2_ws/install/robot/share/robot
running install_egg_info
Copying ../../build/robot/robot.egg-info to /root/Capstone/ros2_ws/install/robot/lib/python3.10/site-packages/robot-0.0.0-py3.10.egg-info
running install_scripts
Installing bluetooth script to /root/Capstone/ros2_ws/install/robot/lib/robot
Installing motor script to /root/Capstone/ros2_ws/install/robot/lib/robot
Installing switch script to /root/Capstone/ros2_ws/install/robot/lib/robot
writing list of installed files to '/root/Capstone/ros2_ws/build/robot/install.log'
