[0.030s] Invoking command in '/home/su1jun/Capstone/ros2_ws/build/diffdrive_arduino': CMAKE_PREFIX_PATH=${CMAKE_PREFIX_PATH}:/home/su1jun/Capstone/ros2_ws/install/robot:/opt/ros/humble /usr/bin/cmake /home/su1jun/Capstone/ros2_ws/src/diffdrive_arduino -DAMENT_CMAKE_SYMLINK_INSTALL=1 -DCMAKE_INSTALL_PREFIX=/home/su1jun/Capstone/ros2_ws/install/diffdrive_arduino
[0.218s] -- The C compiler identification is GNU 11.4.0
[0.331s] -- The CXX compiler identification is GNU 11.4.0
[0.342s] -- Detecting C compiler ABI info
[0.440s] -- Detecting C compiler ABI info - done
[0.441s] -- Check for working C compiler: /usr/bin/cc - skipped
[0.442s] -- Detecting C compile features
[0.442s] -- Detecting C compile features - done
[0.447s] -- Detecting CXX compiler ABI info
[0.542s] -- Detecting CXX compiler ABI info - done
[0.551s] -- Check for working CXX compiler: /usr/bin/c++ - skipped
[0.551s] -- Detecting CXX compile features
[0.552s] -- Detecting CXX compile features - done
[0.557s] -- Found ament_cmake: 1.3.9 (/opt/ros/humble/share/ament_cmake/cmake)
[0.754s] -- Found Python3: /usr/bin/python3 (found version "3.10.12") found components: Interpreter 
[0.841s] -- Override CMake install command with custom implementation using symlinks instead of copying resources
[0.918s] [31mCMake Error at CMakeLists.txt:15 (find_package):
[0.918s]   By not providing "Findserial.cmake" in CMAKE_MODULE_PATH this project has
[0.919s]   asked CMake to find a package configuration file provided by "serial", but
[0.919s]   CMake did not find one.
[0.919s] 
[0.919s]   Could not find a package configuration file provided by "serial" with any
[0.919s]   of the following names:
[0.919s] 
[0.919s]     serialConfig.cmake
[0.919s]     serial-config.cmake
[0.919s] 
[0.919s]   Add the installation prefix of "serial" to CMAKE_PREFIX_PATH or set
[0.920s]   "serial_DIR" to a directory containing one of the above files.  If "serial"
[0.920s]   provides a separate development package or SDK, be sure it has been
[0.920s]   installed.
[0.920s] 
[0.920s] [0m
[0.920s] -- Configuring incomplete, errors occurred!
[0.920s] See also "/home/su1jun/Capstone/ros2_ws/build/diffdrive_arduino/CMakeFiles/CMakeOutput.log".
[0.924s] Invoked command in '/home/su1jun/Capstone/ros2_ws/build/diffdrive_arduino' returned '1': CMAKE_PREFIX_PATH=${CMAKE_PREFIX_PATH}:/home/su1jun/Capstone/ros2_ws/install/robot:/opt/ros/humble /usr/bin/cmake /home/su1jun/Capstone/ros2_ws/src/diffdrive_arduino -DAMENT_CMAKE_SYMLINK_INSTALL=1 -DCMAKE_INSTALL_PREFIX=/home/su1jun/Capstone/ros2_ws/install/diffdrive_arduino
