[0.026s] Invoking command in '/home/su1jun/Capstone/ros2_ws/build/dynamixel_hardware': CMAKE_PREFIX_PATH=${CMAKE_PREFIX_PATH}:/home/su1jun/Capstone/ros2_ws/install/robot:/opt/ros/humble /usr/bin/cmake /home/su1jun/Capstone/ros2_ws/src/dynamixel_hardware -DAMENT_CMAKE_SYMLINK_INSTALL=1 -DCMAKE_INSTALL_PREFIX=/home/su1jun/Capstone/ros2_ws/install/dynamixel_hardware
[0.100s] -- The C compiler identification is GNU 11.4.0
[0.156s] -- The CXX compiler identification is GNU 11.4.0
[0.163s] -- Detecting C compiler ABI info
[0.234s] -- Detecting C compiler ABI info - done
[0.239s] -- Check for working C compiler: /usr/bin/cc - skipped
[0.240s] -- Detecting C compile features
[0.240s] -- Detecting C compile features - done
[0.243s] -- Detecting CXX compiler ABI info
[0.334s] -- Detecting CXX compiler ABI info - done
[0.348s] -- Check for working CXX compiler: /usr/bin/c++ - skipped
[0.348s] -- Detecting CXX compile features
[0.349s] -- Detecting CXX compile features - done
[0.355s] -- Found ament_cmake: 1.3.9 (/opt/ros/humble/share/ament_cmake/cmake)
[0.576s] -- Found Python3: /usr/bin/python3 (found version "3.10.12") found components: Interpreter 
[0.659s] -- Override CMake install command with custom implementation using symlinks instead of copying resources
[0.705s] -- Found rclcpp: 16.0.9 (/opt/ros/humble/share/rclcpp/cmake)
[0.777s] -- Found rosidl_generator_c: 3.1.5 (/opt/ros/humble/share/rosidl_generator_c/cmake)
[0.784s] -- Found rosidl_adapter: 3.1.5 (/opt/ros/humble/share/rosidl_adapter/cmake)
[0.797s] -- Found rosidl_generator_cpp: 3.1.5 (/opt/ros/humble/share/rosidl_generator_cpp/cmake)
[0.816s] -- Using all available rosidl_typesupport_c: rosidl_typesupport_fastrtps_c;rosidl_typesupport_introspection_c
[0.842s] -- Using all available rosidl_typesupport_cpp: rosidl_typesupport_fastrtps_cpp;rosidl_typesupport_introspection_cpp
[0.935s] -- Found rmw_implementation_cmake: 6.1.2 (/opt/ros/humble/share/rmw_implementation_cmake/cmake)
[0.939s] -- Found rmw_fastrtps_cpp: 6.2.6 (/opt/ros/humble/share/rmw_fastrtps_cpp/cmake)
[1.045s] -- Found OpenSSL: /usr/lib/x86_64-linux-gnu/libcrypto.so (found version "3.0.2")  
[1.075s] -- Found FastRTPS: /opt/ros/humble/include  
[1.135s] -- Using RMW implementation 'rmw_fastrtps_cpp' as default
[1.151s] -- Looking for pthread.h
[1.231s] -- Looking for pthread.h - found
[1.231s] -- Performing Test CMAKE_HAVE_LIBC_PTHREAD
[1.302s] -- Performing Test CMAKE_HAVE_LIBC_PTHREAD - Success
[1.303s] -- Found Threads: TRUE  
[1.479s] -- Found rclcpp_lifecycle: 16.0.9 (/opt/ros/humble/share/rclcpp_lifecycle/cmake)
[1.522s] -- Found hardware_interface: 2.41.0 (/opt/ros/humble/share/hardware_interface/cmake)
[2.072s] [31mCMake Error at CMakeLists.txt:25 (find_package):
[2.072s]   By not providing "Finddynamixel_workbench_toolbox.cmake" in
[2.073s]   CMAKE_MODULE_PATH this project has asked CMake to find a package
[2.073s]   configuration file provided by "dynamixel_workbench_toolbox", but CMake did
[2.073s]   not find one.
[2.073s] 
[2.073s]   Could not find a package configuration file provided by
[2.073s]   "dynamixel_workbench_toolbox" with any of the following names:
[2.073s] 
[2.073s]     dynamixel_workbench_toolboxConfig.cmake
[2.073s]     dynamixel_workbench_toolbox-config.cmake
[2.073s] 
[2.073s]   Add the installation prefix of "dynamixel_workbench_toolbox" to
[2.073s]   CMAKE_PREFIX_PATH or set "dynamixel_workbench_toolbox_DIR" to a directory
[2.074s]   containing one of the above files.  If "dynamixel_workbench_toolbox"
[2.074s]   provides a separate development package or SDK, be sure it has been
[2.074s]   installed.
[2.074s] 
[2.074s] [0m
[2.074s] -- Configuring incomplete, errors occurred!
[2.074s] See also "/home/su1jun/Capstone/ros2_ws/build/dynamixel_hardware/CMakeFiles/CMakeOutput.log".
[2.082s] Invoked command in '/home/su1jun/Capstone/ros2_ws/build/dynamixel_hardware' returned '1': CMAKE_PREFIX_PATH=${CMAKE_PREFIX_PATH}:/home/su1jun/Capstone/ros2_ws/install/robot:/opt/ros/humble /usr/bin/cmake /home/su1jun/Capstone/ros2_ws/src/dynamixel_hardware -DAMENT_CMAKE_SYMLINK_INSTALL=1 -DCMAKE_INSTALL_PREFIX=/home/su1jun/Capstone/ros2_ws/install/dynamixel_hardware
