[0.945s] DEBUG:colcon:Command line arguments: ['/usr/bin/colcon', 'build']
[0.945s] DEBUG:colcon:Parsed command line arguments: Namespace(log_base=None, log_level=None, verb_name='build', build_base='build', install_base='install', merge_install=False, symlink_install=False, test_result_base=None, continue_on_error=False, executor='parallel', parallel_workers=16, event_handlers=None, ignore_user_meta=False, metas=['./colcon.meta'], base_paths=['.'], packages_ignore=None, packages_ignore_regex=None, paths=None, packages_up_to=None, packages_up_to_regex=None, packages_above=None, packages_above_and_dependencies=None, packages_above_depth=None, packages_select_by_dep=None, packages_skip_by_dep=None, packages_skip_up_to=None, packages_select_build_failed=False, packages_skip_build_finished=False, packages_select_test_failures=False, packages_skip_test_passed=False, packages_select=None, packages_skip=None, packages_select_regex=None, packages_skip_regex=None, packages_start=None, packages_end=None, allow_overriding=[], cmake_args=None, cmake_target=None, cmake_target_skip_unavailable=False, cmake_clean_cache=False, cmake_clean_first=False, cmake_force_configure=False, ament_cmake_args=None, catkin_cmake_args=None, catkin_skip_building_tests=False, verb_parser=<colcon_defaults.argument_parser.defaults.DefaultArgumentsDecorator object at 0x7f2a5591e6e0>, verb_extension=<colcon_core.verb.build.BuildVerb object at 0x7f2a55e17130>, main=<bound method BuildVerb.main of <colcon_core.verb.build.BuildVerb object at 0x7f2a55e17130>>)
[1.013s] Level 1:colcon.colcon_core.package_discovery:discover_packages(colcon_meta) check parameters
[1.013s] Level 1:colcon.colcon_core.package_discovery:discover_packages(recursive) check parameters
[1.013s] Level 1:colcon.colcon_core.package_discovery:discover_packages(ignore) check parameters
[1.013s] Level 1:colcon.colcon_core.package_discovery:discover_packages(path) check parameters
[1.013s] Level 1:colcon.colcon_core.package_discovery:discover_packages(colcon_meta) discover
[1.013s] Level 1:colcon.colcon_core.package_discovery:discover_packages(recursive) discover
[1.013s] INFO:colcon.colcon_core.package_discovery:Crawling recursively for packages in '/home/ros2_ws'
[1.013s] Level 1:colcon.colcon_core.package_identification:_identify(.) by extensions ['ignore', 'ignore_ament_install']
[1.013s] Level 1:colcon.colcon_core.package_identification:_identify(.) by extension 'ignore'
[1.013s] Level 1:colcon.colcon_core.package_identification:_identify(.) by extension 'ignore_ament_install'
[1.013s] Level 1:colcon.colcon_core.package_identification:_identify(.) by extensions ['colcon_pkg']
[1.013s] Level 1:colcon.colcon_core.package_identification:_identify(.) by extension 'colcon_pkg'
[1.013s] Level 1:colcon.colcon_core.package_identification:_identify(.) by extensions ['colcon_meta']
[1.013s] Level 1:colcon.colcon_core.package_identification:_identify(.) by extension 'colcon_meta'
[1.013s] Level 1:colcon.colcon_core.package_identification:_identify(.) by extensions ['ros']
[1.013s] Level 1:colcon.colcon_core.package_identification:_identify(.) by extension 'ros'
[1.050s] Level 1:colcon.colcon_core.package_identification:_identify(.) by extensions ['cmake', 'python']
[1.050s] Level 1:colcon.colcon_core.package_identification:_identify(.) by extension 'cmake'
[1.050s] Level 1:colcon.colcon_core.package_identification:_identify(.) by extension 'python'
[1.050s] Level 1:colcon.colcon_core.package_identification:_identify(.) by extensions ['python_setup_py']
[1.050s] Level 1:colcon.colcon_core.package_identification:_identify(.) by extension 'python_setup_py'
[1.051s] Level 1:colcon.colcon_core.package_identification:_identify(build) by extensions ['ignore', 'ignore_ament_install']
[1.051s] Level 1:colcon.colcon_core.package_identification:_identify(build) by extension 'ignore'
[1.051s] Level 1:colcon.colcon_core.package_identification:_identify(build) ignored
[1.051s] Level 1:colcon.colcon_core.package_identification:_identify(etc) by extensions ['ignore', 'ignore_ament_install']
[1.051s] Level 1:colcon.colcon_core.package_identification:_identify(etc) by extension 'ignore'
[1.051s] Level 1:colcon.colcon_core.package_identification:_identify(etc) by extension 'ignore_ament_install'
[1.051s] Level 1:colcon.colcon_core.package_identification:_identify(etc) by extensions ['colcon_pkg']
[1.051s] Level 1:colcon.colcon_core.package_identification:_identify(etc) by extension 'colcon_pkg'
[1.051s] Level 1:colcon.colcon_core.package_identification:_identify(etc) by extensions ['colcon_meta']
[1.051s] Level 1:colcon.colcon_core.package_identification:_identify(etc) by extension 'colcon_meta'
[1.051s] Level 1:colcon.colcon_core.package_identification:_identify(etc) by extensions ['ros']
[1.051s] Level 1:colcon.colcon_core.package_identification:_identify(etc) by extension 'ros'
[1.051s] Level 1:colcon.colcon_core.package_identification:_identify(etc) by extensions ['cmake', 'python']
[1.051s] Level 1:colcon.colcon_core.package_identification:_identify(etc) by extension 'cmake'
[1.051s] Level 1:colcon.colcon_core.package_identification:_identify(etc) by extension 'python'
[1.051s] Level 1:colcon.colcon_core.package_identification:_identify(etc) by extensions ['python_setup_py']
[1.051s] Level 1:colcon.colcon_core.package_identification:_identify(etc) by extension 'python_setup_py'
[1.052s] Level 1:colcon.colcon_core.package_identification:_identify(etc/AI_CAR_example_code) by extensions ['ignore', 'ignore_ament_install']
[1.052s] Level 1:colcon.colcon_core.package_identification:_identify(etc/AI_CAR_example_code) by extension 'ignore'
[1.052s] Level 1:colcon.colcon_core.package_identification:_identify(etc/AI_CAR_example_code) by extension 'ignore_ament_install'
[1.052s] Level 1:colcon.colcon_core.package_identification:_identify(etc/AI_CAR_example_code) by extensions ['colcon_pkg']
[1.052s] Level 1:colcon.colcon_core.package_identification:_identify(etc/AI_CAR_example_code) by extension 'colcon_pkg'
[1.052s] Level 1:colcon.colcon_core.package_identification:_identify(etc/AI_CAR_example_code) by extensions ['colcon_meta']
[1.052s] Level 1:colcon.colcon_core.package_identification:_identify(etc/AI_CAR_example_code) by extension 'colcon_meta'
[1.052s] Level 1:colcon.colcon_core.package_identification:_identify(etc/AI_CAR_example_code) by extensions ['ros']
[1.052s] Level 1:colcon.colcon_core.package_identification:_identify(etc/AI_CAR_example_code) by extension 'ros'
[1.052s] Level 1:colcon.colcon_core.package_identification:_identify(etc/AI_CAR_example_code) by extensions ['cmake', 'python']
[1.052s] Level 1:colcon.colcon_core.package_identification:_identify(etc/AI_CAR_example_code) by extension 'cmake'
[1.052s] Level 1:colcon.colcon_core.package_identification:_identify(etc/AI_CAR_example_code) by extension 'python'
[1.052s] Level 1:colcon.colcon_core.package_identification:_identify(etc/AI_CAR_example_code) by extensions ['python_setup_py']
[1.052s] Level 1:colcon.colcon_core.package_identification:_identify(etc/AI_CAR_example_code) by extension 'python_setup_py'
[1.052s] Level 1:colcon.colcon_core.package_identification:_identify(home) by extensions ['ignore', 'ignore_ament_install']
[1.052s] Level 1:colcon.colcon_core.package_identification:_identify(home) by extension 'ignore'
[1.052s] Level 1:colcon.colcon_core.package_identification:_identify(home) by extension 'ignore_ament_install'
[1.052s] Level 1:colcon.colcon_core.package_identification:_identify(home) by extensions ['colcon_pkg']
[1.052s] Level 1:colcon.colcon_core.package_identification:_identify(home) by extension 'colcon_pkg'
[1.052s] Level 1:colcon.colcon_core.package_identification:_identify(home) by extensions ['colcon_meta']
[1.052s] Level 1:colcon.colcon_core.package_identification:_identify(home) by extension 'colcon_meta'
[1.053s] Level 1:colcon.colcon_core.package_identification:_identify(home) by extensions ['ros']
[1.053s] Level 1:colcon.colcon_core.package_identification:_identify(home) by extension 'ros'
[1.053s] Level 1:colcon.colcon_core.package_identification:_identify(home) by extensions ['cmake', 'python']
[1.053s] Level 1:colcon.colcon_core.package_identification:_identify(home) by extension 'cmake'
[1.053s] Level 1:colcon.colcon_core.package_identification:_identify(home) by extension 'python'
[1.053s] Level 1:colcon.colcon_core.package_identification:_identify(home) by extensions ['python_setup_py']
[1.053s] Level 1:colcon.colcon_core.package_identification:_identify(home) by extension 'python_setup_py'
[1.053s] Level 1:colcon.colcon_core.package_identification:_identify(home/ros2_ws) by extensions ['ignore', 'ignore_ament_install']
[1.053s] Level 1:colcon.colcon_core.package_identification:_identify(home/ros2_ws) by extension 'ignore'
[1.053s] Level 1:colcon.colcon_core.package_identification:_identify(home/ros2_ws) by extension 'ignore_ament_install'
[1.053s] Level 1:colcon.colcon_core.package_identification:_identify(home/ros2_ws) by extensions ['colcon_pkg']
[1.053s] Level 1:colcon.colcon_core.package_identification:_identify(home/ros2_ws) by extension 'colcon_pkg'
[1.053s] Level 1:colcon.colcon_core.package_identification:_identify(home/ros2_ws) by extensions ['colcon_meta']
[1.053s] Level 1:colcon.colcon_core.package_identification:_identify(home/ros2_ws) by extension 'colcon_meta'
[1.053s] Level 1:colcon.colcon_core.package_identification:_identify(home/ros2_ws) by extensions ['ros']
[1.053s] Level 1:colcon.colcon_core.package_identification:_identify(home/ros2_ws) by extension 'ros'
[1.054s] Level 1:colcon.colcon_core.package_identification:_identify(home/ros2_ws) by extensions ['cmake', 'python']
[1.054s] Level 1:colcon.colcon_core.package_identification:_identify(home/ros2_ws) by extension 'cmake'
[1.054s] Level 1:colcon.colcon_core.package_identification:_identify(home/ros2_ws) by extension 'python'
[1.054s] Level 1:colcon.colcon_core.package_identification:_identify(home/ros2_ws) by extensions ['python_setup_py']
[1.054s] Level 1:colcon.colcon_core.package_identification:_identify(home/ros2_ws) by extension 'python_setup_py'
[1.054s] Level 1:colcon.colcon_core.package_identification:_identify(home/ros2_ws/build) by extensions ['ignore', 'ignore_ament_install']
[1.054s] Level 1:colcon.colcon_core.package_identification:_identify(home/ros2_ws/build) by extension 'ignore'
[1.054s] Level 1:colcon.colcon_core.package_identification:_identify(home/ros2_ws/build) ignored
[1.054s] Level 1:colcon.colcon_core.package_identification:_identify(home/ros2_ws/etc) by extensions ['ignore', 'ignore_ament_install']
[1.054s] Level 1:colcon.colcon_core.package_identification:_identify(home/ros2_ws/etc) by extension 'ignore'
[1.054s] Level 1:colcon.colcon_core.package_identification:_identify(home/ros2_ws/etc) by extension 'ignore_ament_install'
[1.054s] Level 1:colcon.colcon_core.package_identification:_identify(home/ros2_ws/etc) by extensions ['colcon_pkg']
[1.054s] Level 1:colcon.colcon_core.package_identification:_identify(home/ros2_ws/etc) by extension 'colcon_pkg'
[1.054s] Level 1:colcon.colcon_core.package_identification:_identify(home/ros2_ws/etc) by extensions ['colcon_meta']
[1.054s] Level 1:colcon.colcon_core.package_identification:_identify(home/ros2_ws/etc) by extension 'colcon_meta'
[1.054s] Level 1:colcon.colcon_core.package_identification:_identify(home/ros2_ws/etc) by extensions ['ros']
[1.054s] Level 1:colcon.colcon_core.package_identification:_identify(home/ros2_ws/etc) by extension 'ros'
[1.055s] Level 1:colcon.colcon_core.package_identification:_identify(home/ros2_ws/etc) by extensions ['cmake', 'python']
[1.055s] Level 1:colcon.colcon_core.package_identification:_identify(home/ros2_ws/etc) by extension 'cmake'
[1.055s] Level 1:colcon.colcon_core.package_identification:_identify(home/ros2_ws/etc) by extension 'python'
[1.055s] Level 1:colcon.colcon_core.package_identification:_identify(home/ros2_ws/etc) by extensions ['python_setup_py']
[1.055s] Level 1:colcon.colcon_core.package_identification:_identify(home/ros2_ws/etc) by extension 'python_setup_py'
[1.055s] Level 1:colcon.colcon_core.package_identification:_identify(home/ros2_ws/etc/AI_CAR_example_code) by extensions ['ignore', 'ignore_ament_install']
[1.055s] Level 1:colcon.colcon_core.package_identification:_identify(home/ros2_ws/etc/AI_CAR_example_code) by extension 'ignore'
[1.055s] Level 1:colcon.colcon_core.package_identification:_identify(home/ros2_ws/etc/AI_CAR_example_code) by extension 'ignore_ament_install'
[1.055s] Level 1:colcon.colcon_core.package_identification:_identify(home/ros2_ws/etc/AI_CAR_example_code) by extensions ['colcon_pkg']
[1.055s] Level 1:colcon.colcon_core.package_identification:_identify(home/ros2_ws/etc/AI_CAR_example_code) by extension 'colcon_pkg'
[1.055s] Level 1:colcon.colcon_core.package_identification:_identify(home/ros2_ws/etc/AI_CAR_example_code) by extensions ['colcon_meta']
[1.055s] Level 1:colcon.colcon_core.package_identification:_identify(home/ros2_ws/etc/AI_CAR_example_code) by extension 'colcon_meta'
[1.055s] Level 1:colcon.colcon_core.package_identification:_identify(home/ros2_ws/etc/AI_CAR_example_code) by extensions ['ros']
[1.055s] Level 1:colcon.colcon_core.package_identification:_identify(home/ros2_ws/etc/AI_CAR_example_code) by extension 'ros'
[1.055s] Level 1:colcon.colcon_core.package_identification:_identify(home/ros2_ws/etc/AI_CAR_example_code) by extensions ['cmake', 'python']
[1.055s] Level 1:colcon.colcon_core.package_identification:_identify(home/ros2_ws/etc/AI_CAR_example_code) by extension 'cmake'
[1.055s] Level 1:colcon.colcon_core.package_identification:_identify(home/ros2_ws/etc/AI_CAR_example_code) by extension 'python'
[1.056s] Level 1:colcon.colcon_core.package_identification:_identify(home/ros2_ws/etc/AI_CAR_example_code) by extensions ['python_setup_py']
[1.056s] Level 1:colcon.colcon_core.package_identification:_identify(home/ros2_ws/etc/AI_CAR_example_code) by extension 'python_setup_py'
[1.056s] Level 1:colcon.colcon_core.package_identification:_identify(home/ros2_ws/install) by extensions ['ignore', 'ignore_ament_install']
[1.056s] Level 1:colcon.colcon_core.package_identification:_identify(home/ros2_ws/install) by extension 'ignore'
[1.056s] Level 1:colcon.colcon_core.package_identification:_identify(home/ros2_ws/install) ignored
[1.056s] Level 1:colcon.colcon_core.package_identification:_identify(home/ros2_ws/log) by extensions ['ignore', 'ignore_ament_install']
[1.056s] Level 1:colcon.colcon_core.package_identification:_identify(home/ros2_ws/log) by extension 'ignore'
[1.056s] Level 1:colcon.colcon_core.package_identification:_identify(home/ros2_ws/log) ignored
[1.056s] Level 1:colcon.colcon_core.package_identification:_identify(home/ros2_ws/src) by extensions ['ignore', 'ignore_ament_install']
[1.056s] Level 1:colcon.colcon_core.package_identification:_identify(home/ros2_ws/src) by extension 'ignore'
[1.056s] Level 1:colcon.colcon_core.package_identification:_identify(home/ros2_ws/src) by extension 'ignore_ament_install'
[1.056s] Level 1:colcon.colcon_core.package_identification:_identify(home/ros2_ws/src) by extensions ['colcon_pkg']
[1.056s] Level 1:colcon.colcon_core.package_identification:_identify(home/ros2_ws/src) by extension 'colcon_pkg'
[1.056s] Level 1:colcon.colcon_core.package_identification:_identify(home/ros2_ws/src) by extensions ['colcon_meta']
[1.056s] Level 1:colcon.colcon_core.package_identification:_identify(home/ros2_ws/src) by extension 'colcon_meta'
[1.056s] Level 1:colcon.colcon_core.package_identification:_identify(home/ros2_ws/src) by extensions ['ros']
[1.056s] Level 1:colcon.colcon_core.package_identification:_identify(home/ros2_ws/src) by extension 'ros'
[1.056s] Level 1:colcon.colcon_core.package_identification:_identify(home/ros2_ws/src) by extensions ['cmake', 'python']
[1.057s] Level 1:colcon.colcon_core.package_identification:_identify(home/ros2_ws/src) by extension 'cmake'
[1.057s] Level 1:colcon.colcon_core.package_identification:_identify(home/ros2_ws/src) by extension 'python'
[1.057s] Level 1:colcon.colcon_core.package_identification:_identify(home/ros2_ws/src) by extensions ['python_setup_py']
[1.057s] Level 1:colcon.colcon_core.package_identification:_identify(home/ros2_ws/src) by extension 'python_setup_py'
[1.057s] Level 1:colcon.colcon_core.package_identification:_identify(home/ros2_ws/src/robot) by extensions ['ignore', 'ignore_ament_install']
[1.057s] Level 1:colcon.colcon_core.package_identification:_identify(home/ros2_ws/src/robot) by extension 'ignore'
[1.057s] Level 1:colcon.colcon_core.package_identification:_identify(home/ros2_ws/src/robot) by extension 'ignore_ament_install'
[1.057s] Level 1:colcon.colcon_core.package_identification:_identify(home/ros2_ws/src/robot) by extensions ['colcon_pkg']
[1.057s] Level 1:colcon.colcon_core.package_identification:_identify(home/ros2_ws/src/robot) by extension 'colcon_pkg'
[1.057s] Level 1:colcon.colcon_core.package_identification:_identify(home/ros2_ws/src/robot) by extensions ['colcon_meta']
[1.057s] Level 1:colcon.colcon_core.package_identification:_identify(home/ros2_ws/src/robot) by extension 'colcon_meta'
[1.057s] Level 1:colcon.colcon_core.package_identification:_identify(home/ros2_ws/src/robot) by extensions ['ros']
[1.057s] Level 1:colcon.colcon_core.package_identification:_identify(home/ros2_ws/src/robot) by extension 'ros'
[1.060s] DEBUG:colcon.colcon_core.package_identification:Package 'home/ros2_ws/src/robot' with type 'ros.ament_python' and name 'robot'
[1.060s] Level 1:colcon.colcon_core.package_identification:_identify(install) by extensions ['ignore', 'ignore_ament_install']
[1.060s] Level 1:colcon.colcon_core.package_identification:_identify(install) by extension 'ignore'
[1.060s] Level 1:colcon.colcon_core.package_identification:_identify(install) ignored
[1.060s] Level 1:colcon.colcon_core.package_identification:_identify(log) by extensions ['ignore', 'ignore_ament_install']
[1.060s] Level 1:colcon.colcon_core.package_identification:_identify(log) by extension 'ignore'
[1.060s] Level 1:colcon.colcon_core.package_identification:_identify(log) ignored
[1.060s] Level 1:colcon.colcon_core.package_identification:_identify(src) by extensions ['ignore', 'ignore_ament_install']
[1.061s] Level 1:colcon.colcon_core.package_identification:_identify(src) by extension 'ignore'
[1.061s] Level 1:colcon.colcon_core.package_identification:_identify(src) by extension 'ignore_ament_install'
[1.061s] Level 1:colcon.colcon_core.package_identification:_identify(src) by extensions ['colcon_pkg']
[1.061s] Level 1:colcon.colcon_core.package_identification:_identify(src) by extension 'colcon_pkg'
[1.061s] Level 1:colcon.colcon_core.package_identification:_identify(src) by extensions ['colcon_meta']
[1.061s] Level 1:colcon.colcon_core.package_identification:_identify(src) by extension 'colcon_meta'
[1.061s] Level 1:colcon.colcon_core.package_identification:_identify(src) by extensions ['ros']
[1.061s] Level 1:colcon.colcon_core.package_identification:_identify(src) by extension 'ros'
[1.061s] Level 1:colcon.colcon_core.package_identification:_identify(src) by extensions ['cmake', 'python']
[1.061s] Level 1:colcon.colcon_core.package_identification:_identify(src) by extension 'cmake'
[1.061s] Level 1:colcon.colcon_core.package_identification:_identify(src) by extension 'python'
[1.061s] Level 1:colcon.colcon_core.package_identification:_identify(src) by extensions ['python_setup_py']
[1.061s] Level 1:colcon.colcon_core.package_identification:_identify(src) by extension 'python_setup_py'
[1.061s] Level 1:colcon.colcon_core.package_identification:_identify(src/robot) by extensions ['ignore', 'ignore_ament_install']
[1.061s] Level 1:colcon.colcon_core.package_identification:_identify(src/robot) by extension 'ignore'
[1.061s] Level 1:colcon.colcon_core.package_identification:_identify(src/robot) by extension 'ignore_ament_install'
[1.061s] Level 1:colcon.colcon_core.package_identification:_identify(src/robot) by extensions ['colcon_pkg']
[1.061s] Level 1:colcon.colcon_core.package_identification:_identify(src/robot) by extension 'colcon_pkg'
[1.061s] Level 1:colcon.colcon_core.package_identification:_identify(src/robot) by extensions ['colcon_meta']
[1.061s] Level 1:colcon.colcon_core.package_identification:_identify(src/robot) by extension 'colcon_meta'
[1.061s] Level 1:colcon.colcon_core.package_identification:_identify(src/robot) by extensions ['ros']
[1.061s] Level 1:colcon.colcon_core.package_identification:_identify(src/robot) by extension 'ros'
[1.062s] DEBUG:colcon.colcon_core.package_identification:Package 'src/robot' with type 'ros.ament_python' and name 'robot'
[1.062s] Level 1:colcon.colcon_core.package_discovery:discover_packages(recursive) using defaults
[1.062s] Level 1:colcon.colcon_core.package_discovery:discover_packages(ignore) discover
[1.062s] Level 1:colcon.colcon_core.package_discovery:discover_packages(ignore) using defaults
[1.062s] Level 1:colcon.colcon_core.package_discovery:discover_packages(path) discover
[1.062s] Level 1:colcon.colcon_core.package_discovery:discover_packages(path) using defaults
[1.147s] Level 1:colcon.colcon_core.package_discovery:discover_packages(prefix_path) check parameters
[1.147s] Level 1:colcon.colcon_core.package_discovery:discover_packages(prefix_path) discover
[1.175s] DEBUG:colcon.colcon_installed_package_information.package_discovery:Found 1 installed packages in /home/ros2_ws/install
[1.189s] DEBUG:colcon.colcon_installed_package_information.package_discovery:Found 456 installed packages in /opt/ros/humble
[1.192s] Level 1:colcon.colcon_core.package_discovery:discover_packages(prefix_path) using defaults
[1.276s] ERROR:colcon:colcon build: Duplicate package names not supported:
- robot:
  - home/ros2_ws/src/robot
  - src/robot
