[0.010s] Invoking command in '/home/su1jun/Capstone/colcon_ws/build/vizanti': AMENT_PREFIX_PATH=/home/su1jun/Capstone/colcon_ws/install/vizanti_server:/home/su1jun/Capstone/colcon_ws/install/vizanti_msgs:${AMENT_PREFIX_PATH} CMAKE_PREFIX_PATH=/home/su1jun/Capstone/colcon_ws/install/vizanti_server:/home/su1jun/Capstone/colcon_ws/install/vizanti_msgs:/opt/ros/humble LD_LIBRARY_PATH=/home/su1jun/Capstone/colcon_ws/install/vizanti_msgs/lib:${LD_LIBRARY_PATH} PYTHONPATH=/home/su1jun/Capstone/colcon_ws/install/vizanti_msgs/local/lib/python3.10/dist-packages:${PYTHONPATH} /usr/bin/cmake /home/su1jun/Capstone/colcon_ws/src/vizanti/vizanti -DAMENT_CMAKE_SYMLINK_INSTALL=1 -DCMAKE_INSTALL_PREFIX=/home/su1jun/Capstone/colcon_ws/install/vizanti
[0.020s] -- Found ament_cmake_core: 1.3.9 (/opt/ros/humble/share/ament_cmake_core/cmake)
[0.135s] -- Override CMake install command with custom implementation using symlinks instead of copying resources
[0.200s] -- Configuring done
[0.206s] -- Generating done
[0.207s] -- Build files have been written to: /home/su1jun/Capstone/colcon_ws/build/vizanti
[0.209s] Invoked command in '/home/su1jun/Capstone/colcon_ws/build/vizanti' returned '0': AMENT_PREFIX_PATH=/home/su1jun/Capstone/colcon_ws/install/vizanti_server:/home/su1jun/Capstone/colcon_ws/install/vizanti_msgs:${AMENT_PREFIX_PATH} CMAKE_PREFIX_PATH=/home/su1jun/Capstone/colcon_ws/install/vizanti_server:/home/su1jun/Capstone/colcon_ws/install/vizanti_msgs:/opt/ros/humble LD_LIBRARY_PATH=/home/su1jun/Capstone/colcon_ws/install/vizanti_msgs/lib:${LD_LIBRARY_PATH} PYTHONPATH=/home/su1jun/Capstone/colcon_ws/install/vizanti_msgs/local/lib/python3.10/dist-packages:${PYTHONPATH} /usr/bin/cmake /home/su1jun/Capstone/colcon_ws/src/vizanti/vizanti -DAMENT_CMAKE_SYMLINK_INSTALL=1 -DCMAKE_INSTALL_PREFIX=/home/su1jun/Capstone/colcon_ws/install/vizanti
[0.210s] Invoking command in '/home/su1jun/Capstone/colcon_ws/build/vizanti': AMENT_PREFIX_PATH=/home/su1jun/Capstone/colcon_ws/install/vizanti_server:/home/su1jun/Capstone/colcon_ws/install/vizanti_msgs:${AMENT_PREFIX_PATH} CMAKE_PREFIX_PATH=/home/su1jun/Capstone/colcon_ws/install/vizanti_server:/home/su1jun/Capstone/colcon_ws/install/vizanti_msgs:/opt/ros/humble LD_LIBRARY_PATH=/home/su1jun/Capstone/colcon_ws/install/vizanti_msgs/lib:${LD_LIBRARY_PATH} PYTHONPATH=/home/su1jun/Capstone/colcon_ws/install/vizanti_msgs/local/lib/python3.10/dist-packages:${PYTHONPATH} /usr/bin/cmake --build /home/su1jun/Capstone/colcon_ws/build/vizanti -- -j4 -l4
[0.246s] Invoked command in '/home/su1jun/Capstone/colcon_ws/build/vizanti' returned '0': AMENT_PREFIX_PATH=/home/su1jun/Capstone/colcon_ws/install/vizanti_server:/home/su1jun/Capstone/colcon_ws/install/vizanti_msgs:${AMENT_PREFIX_PATH} CMAKE_PREFIX_PATH=/home/su1jun/Capstone/colcon_ws/install/vizanti_server:/home/su1jun/Capstone/colcon_ws/install/vizanti_msgs:/opt/ros/humble LD_LIBRARY_PATH=/home/su1jun/Capstone/colcon_ws/install/vizanti_msgs/lib:${LD_LIBRARY_PATH} PYTHONPATH=/home/su1jun/Capstone/colcon_ws/install/vizanti_msgs/local/lib/python3.10/dist-packages:${PYTHONPATH} /usr/bin/cmake --build /home/su1jun/Capstone/colcon_ws/build/vizanti -- -j4 -l4
[0.264s] Invoking command in '/home/su1jun/Capstone/colcon_ws/build/vizanti': AMENT_PREFIX_PATH=/home/su1jun/Capstone/colcon_ws/install/vizanti_server:/home/su1jun/Capstone/colcon_ws/install/vizanti_msgs:${AMENT_PREFIX_PATH} CMAKE_PREFIX_PATH=/home/su1jun/Capstone/colcon_ws/install/vizanti_server:/home/su1jun/Capstone/colcon_ws/install/vizanti_msgs:/opt/ros/humble LD_LIBRARY_PATH=/home/su1jun/Capstone/colcon_ws/install/vizanti_msgs/lib:${LD_LIBRARY_PATH} PYTHONPATH=/home/su1jun/Capstone/colcon_ws/install/vizanti_msgs/local/lib/python3.10/dist-packages:${PYTHONPATH} /usr/bin/cmake --install /home/su1jun/Capstone/colcon_ws/build/vizanti
[0.275s] -- Install configuration: ""
[0.275s] -- Execute custom install script
[0.276s] -- Up-to-date symlink: /home/su1jun/Capstone/colcon_ws/install/vizanti/share/ament_index/resource_index/package_run_dependencies/vizanti
[0.277s] -- Up-to-date symlink: /home/su1jun/Capstone/colcon_ws/install/vizanti/share/ament_index/resource_index/parent_prefix_path/vizanti
[0.278s] -- Up-to-date symlink: /home/su1jun/Capstone/colcon_ws/install/vizanti/share/vizanti/environment/ament_prefix_path.sh
[0.278s] -- Up-to-date symlink: /home/su1jun/Capstone/colcon_ws/install/vizanti/share/vizanti/environment/ament_prefix_path.dsv
[0.278s] -- Up-to-date symlink: /home/su1jun/Capstone/colcon_ws/install/vizanti/share/vizanti/environment/path.sh
[0.278s] -- Up-to-date symlink: /home/su1jun/Capstone/colcon_ws/install/vizanti/share/vizanti/environment/path.dsv
[0.279s] -- Up-to-date symlink: /home/su1jun/Capstone/colcon_ws/install/vizanti/share/vizanti/local_setup.bash
[0.279s] -- Up-to-date symlink: /home/su1jun/Capstone/colcon_ws/install/vizanti/share/vizanti/local_setup.sh
[0.279s] -- Up-to-date symlink: /home/su1jun/Capstone/colcon_ws/install/vizanti/share/vizanti/local_setup.zsh
[0.280s] -- Up-to-date symlink: /home/su1jun/Capstone/colcon_ws/install/vizanti/share/vizanti/local_setup.dsv
[0.280s] -- Symlinking: /home/su1jun/Capstone/colcon_ws/install/vizanti/share/vizanti/package.dsv
[0.291s] -- Up-to-date symlink: /home/su1jun/Capstone/colcon_ws/install/vizanti/share/ament_index/resource_index/packages/vizanti
[0.292s] -- Up-to-date symlink: /home/su1jun/Capstone/colcon_ws/install/vizanti/share/vizanti/cmake/vizantiConfig.cmake
[0.292s] -- Up-to-date symlink: /home/su1jun/Capstone/colcon_ws/install/vizanti/share/vizanti/cmake/vizantiConfig-version.cmake
[0.292s] -- Up-to-date symlink: /home/su1jun/Capstone/colcon_ws/install/vizanti/share/vizanti/package.xml
[0.296s] Invoked command in '/home/su1jun/Capstone/colcon_ws/build/vizanti' returned '0': AMENT_PREFIX_PATH=/home/su1jun/Capstone/colcon_ws/install/vizanti_server:/home/su1jun/Capstone/colcon_ws/install/vizanti_msgs:${AMENT_PREFIX_PATH} CMAKE_PREFIX_PATH=/home/su1jun/Capstone/colcon_ws/install/vizanti_server:/home/su1jun/Capstone/colcon_ws/install/vizanti_msgs:/opt/ros/humble LD_LIBRARY_PATH=/home/su1jun/Capstone/colcon_ws/install/vizanti_msgs/lib:${LD_LIBRARY_PATH} PYTHONPATH=/home/su1jun/Capstone/colcon_ws/install/vizanti_msgs/local/lib/python3.10/dist-packages:${PYTHONPATH} /usr/bin/cmake --install /home/su1jun/Capstone/colcon_ws/build/vizanti
