[0.103s] DEBUG:colcon:Command line arguments: ['/usr/bin/colcon', 'build', '--symlink-install']
[0.103s] DEBUG:colcon:Parsed command line arguments: Namespace(log_base=None, log_level=None, verb_name='build', build_base='build', install_base='install', merge_install=False, symlink_install=True, test_result_base=None, continue_on_error=False, executor='parallel', parallel_workers=4, event_handlers=None, ignore_user_meta=False, metas=['./colcon.meta'], base_paths=['.'], packages_ignore=None, packages_ignore_regex=None, paths=None, packages_up_to=None, packages_up_to_regex=None, packages_above=None, packages_above_and_dependencies=None, packages_above_depth=None, packages_select_by_dep=None, packages_skip_by_dep=None, packages_skip_up_to=None, packages_select_build_failed=False, packages_skip_build_finished=False, packages_select_test_failures=False, packages_skip_test_passed=False, packages_select=None, packages_skip=None, packages_select_regex=None, packages_skip_regex=None, packages_start=None, packages_end=None, allow_overriding=[], cmake_args=None, cmake_target=None, cmake_target_skip_unavailable=False, cmake_clean_cache=False, cmake_clean_first=False, cmake_force_configure=False, ament_cmake_args=None, catkin_cmake_args=None, catkin_skip_building_tests=False, mixin_files=None, mixin=None, verb_parser=<colcon_mixin.mixin.mixin_argument.MixinArgumentDecorator object at 0x78bea7736a70>, verb_extension=<colcon_core.verb.build.BuildVerb object at 0x78bea77364a0>, main=<bound method BuildVerb.main of <colcon_core.verb.build.BuildVerb object at 0x78bea77364a0>>, mixin_verb=('build',))
[0.273s] Level 1:colcon.colcon_core.package_discovery:discover_packages(colcon_meta) check parameters
[0.273s] Level 1:colcon.colcon_core.package_discovery:discover_packages(recursive) check parameters
[0.273s] Level 1:colcon.colcon_core.package_discovery:discover_packages(ignore) check parameters
[0.273s] Level 1:colcon.colcon_core.package_discovery:discover_packages(path) check parameters
[0.273s] Level 1:colcon.colcon_core.package_discovery:discover_packages(colcon_meta) discover
[0.273s] Level 1:colcon.colcon_core.package_discovery:discover_packages(recursive) discover
[0.273s] INFO:colcon.colcon_core.package_discovery:Crawling recursively for packages in '/home/su1jun/Capstone/colcon_ws'
[0.273s] Level 1:colcon.colcon_core.package_identification:_identify(.) by extensions ['ignore', 'ignore_ament_install']
[0.273s] Level 1:colcon.colcon_core.package_identification:_identify(.) by extension 'ignore'
[0.273s] Level 1:colcon.colcon_core.package_identification:_identify(.) by extension 'ignore_ament_install'
[0.273s] Level 1:colcon.colcon_core.package_identification:_identify(.) by extensions ['colcon_pkg']
[0.273s] Level 1:colcon.colcon_core.package_identification:_identify(.) by extension 'colcon_pkg'
[0.273s] Level 1:colcon.colcon_core.package_identification:_identify(.) by extensions ['colcon_meta']
[0.273s] Level 1:colcon.colcon_core.package_identification:_identify(.) by extension 'colcon_meta'
[0.273s] Level 1:colcon.colcon_core.package_identification:_identify(.) by extensions ['ros']
[0.273s] Level 1:colcon.colcon_core.package_identification:_identify(.) by extension 'ros'
[0.284s] Level 1:colcon.colcon_core.package_identification:_identify(.) by extensions ['cmake', 'python']
[0.284s] Level 1:colcon.colcon_core.package_identification:_identify(.) by extension 'cmake'
[0.284s] Level 1:colcon.colcon_core.package_identification:_identify(.) by extension 'python'
[0.284s] Level 1:colcon.colcon_core.package_identification:_identify(.) by extensions ['python_setup_py']
[0.284s] Level 1:colcon.colcon_core.package_identification:_identify(.) by extension 'python_setup_py'
[0.284s] Level 1:colcon.colcon_core.package_identification:_identify(build) by extensions ['ignore', 'ignore_ament_install']
[0.284s] Level 1:colcon.colcon_core.package_identification:_identify(build) by extension 'ignore'
[0.284s] Level 1:colcon.colcon_core.package_identification:_identify(build) ignored
[0.284s] Level 1:colcon.colcon_core.package_identification:_identify(install) by extensions ['ignore', 'ignore_ament_install']
[0.284s] Level 1:colcon.colcon_core.package_identification:_identify(install) by extension 'ignore'
[0.284s] Level 1:colcon.colcon_core.package_identification:_identify(install) ignored
[0.285s] Level 1:colcon.colcon_core.package_identification:_identify(log) by extensions ['ignore', 'ignore_ament_install']
[0.285s] Level 1:colcon.colcon_core.package_identification:_identify(log) by extension 'ignore'
[0.285s] Level 1:colcon.colcon_core.package_identification:_identify(log) ignored
[0.285s] Level 1:colcon.colcon_core.package_identification:_identify(src) by extensions ['ignore', 'ignore_ament_install']
[0.285s] Level 1:colcon.colcon_core.package_identification:_identify(src) by extension 'ignore'
[0.285s] Level 1:colcon.colcon_core.package_identification:_identify(src) by extension 'ignore_ament_install'
[0.285s] Level 1:colcon.colcon_core.package_identification:_identify(src) by extensions ['colcon_pkg']
[0.285s] Level 1:colcon.colcon_core.package_identification:_identify(src) by extension 'colcon_pkg'
[0.285s] Level 1:colcon.colcon_core.package_identification:_identify(src) by extensions ['colcon_meta']
[0.285s] Level 1:colcon.colcon_core.package_identification:_identify(src) by extension 'colcon_meta'
[0.285s] Level 1:colcon.colcon_core.package_identification:_identify(src) by extensions ['ros']
[0.285s] Level 1:colcon.colcon_core.package_identification:_identify(src) by extension 'ros'
[0.285s] Level 1:colcon.colcon_core.package_identification:_identify(src) by extensions ['cmake', 'python']
[0.285s] Level 1:colcon.colcon_core.package_identification:_identify(src) by extension 'cmake'
[0.285s] Level 1:colcon.colcon_core.package_identification:_identify(src) by extension 'python'
[0.285s] Level 1:colcon.colcon_core.package_identification:_identify(src) by extensions ['python_setup_py']
[0.285s] Level 1:colcon.colcon_core.package_identification:_identify(src) by extension 'python_setup_py'
[0.285s] Level 1:colcon.colcon_core.package_identification:_identify(src/vizanti) by extensions ['ignore', 'ignore_ament_install']
[0.285s] Level 1:colcon.colcon_core.package_identification:_identify(src/vizanti) by extension 'ignore'
[0.285s] Level 1:colcon.colcon_core.package_identification:_identify(src/vizanti) by extension 'ignore_ament_install'
[0.286s] Level 1:colcon.colcon_core.package_identification:_identify(src/vizanti) by extensions ['colcon_pkg']
[0.286s] Level 1:colcon.colcon_core.package_identification:_identify(src/vizanti) by extension 'colcon_pkg'
[0.286s] Level 1:colcon.colcon_core.package_identification:_identify(src/vizanti) by extensions ['colcon_meta']
[0.286s] Level 1:colcon.colcon_core.package_identification:_identify(src/vizanti) by extension 'colcon_meta'
[0.286s] Level 1:colcon.colcon_core.package_identification:_identify(src/vizanti) by extensions ['ros']
[0.286s] Level 1:colcon.colcon_core.package_identification:_identify(src/vizanti) by extension 'ros'
[0.286s] Level 1:colcon.colcon_core.package_identification:_identify(src/vizanti) by extensions ['cmake', 'python']
[0.286s] Level 1:colcon.colcon_core.package_identification:_identify(src/vizanti) by extension 'cmake'
[0.286s] Level 1:colcon.colcon_core.package_identification:_identify(src/vizanti) by extension 'python'
[0.286s] Level 1:colcon.colcon_core.package_identification:_identify(src/vizanti) by extensions ['python_setup_py']
[0.286s] Level 1:colcon.colcon_core.package_identification:_identify(src/vizanti) by extension 'python_setup_py'
[0.286s] Level 1:colcon.colcon_core.package_identification:_identify(src/vizanti/vizanti) by extensions ['ignore', 'ignore_ament_install']
[0.286s] Level 1:colcon.colcon_core.package_identification:_identify(src/vizanti/vizanti) by extension 'ignore'
[0.286s] Level 1:colcon.colcon_core.package_identification:_identify(src/vizanti/vizanti) by extension 'ignore_ament_install'
[0.286s] Level 1:colcon.colcon_core.package_identification:_identify(src/vizanti/vizanti) by extensions ['colcon_pkg']
[0.286s] Level 1:colcon.colcon_core.package_identification:_identify(src/vizanti/vizanti) by extension 'colcon_pkg'
[0.286s] Level 1:colcon.colcon_core.package_identification:_identify(src/vizanti/vizanti) by extensions ['colcon_meta']
[0.286s] Level 1:colcon.colcon_core.package_identification:_identify(src/vizanti/vizanti) by extension 'colcon_meta'
[0.286s] Level 1:colcon.colcon_core.package_identification:_identify(src/vizanti/vizanti) by extensions ['ros']
[0.286s] Level 1:colcon.colcon_core.package_identification:_identify(src/vizanti/vizanti) by extension 'ros'
[0.289s] DEBUG:colcon.colcon_core.package_identification:Package 'src/vizanti/vizanti' with type 'ros.ament_cmake' and name 'vizanti'
[0.289s] Level 1:colcon.colcon_core.package_identification:_identify(src/vizanti/vizanti_cpp) by extensions ['ignore', 'ignore_ament_install']
[0.289s] Level 1:colcon.colcon_core.package_identification:_identify(src/vizanti/vizanti_cpp) by extension 'ignore'
[0.289s] Level 1:colcon.colcon_core.package_identification:_identify(src/vizanti/vizanti_cpp) by extension 'ignore_ament_install'
[0.289s] Level 1:colcon.colcon_core.package_identification:_identify(src/vizanti/vizanti_cpp) by extensions ['colcon_pkg']
[0.289s] Level 1:colcon.colcon_core.package_identification:_identify(src/vizanti/vizanti_cpp) by extension 'colcon_pkg'
[0.289s] Level 1:colcon.colcon_core.package_identification:_identify(src/vizanti/vizanti_cpp) by extensions ['colcon_meta']
[0.289s] Level 1:colcon.colcon_core.package_identification:_identify(src/vizanti/vizanti_cpp) by extension 'colcon_meta'
[0.289s] Level 1:colcon.colcon_core.package_identification:_identify(src/vizanti/vizanti_cpp) by extensions ['ros']
[0.289s] Level 1:colcon.colcon_core.package_identification:_identify(src/vizanti/vizanti_cpp) by extension 'ros'
[0.290s] DEBUG:colcon.colcon_core.package_identification:Package 'src/vizanti/vizanti_cpp' with type 'ros.ament_cmake' and name 'vizanti_cpp'
[0.290s] Level 1:colcon.colcon_core.package_identification:_identify(src/vizanti/vizanti_demos) by extensions ['ignore', 'ignore_ament_install']
[0.290s] Level 1:colcon.colcon_core.package_identification:_identify(src/vizanti/vizanti_demos) by extension 'ignore'
[0.290s] Level 1:colcon.colcon_core.package_identification:_identify(src/vizanti/vizanti_demos) by extension 'ignore_ament_install'
[0.290s] Level 1:colcon.colcon_core.package_identification:_identify(src/vizanti/vizanti_demos) by extensions ['colcon_pkg']
[0.290s] Level 1:colcon.colcon_core.package_identification:_identify(src/vizanti/vizanti_demos) by extension 'colcon_pkg'
[0.290s] Level 1:colcon.colcon_core.package_identification:_identify(src/vizanti/vizanti_demos) by extensions ['colcon_meta']
[0.290s] Level 1:colcon.colcon_core.package_identification:_identify(src/vizanti/vizanti_demos) by extension 'colcon_meta'
[0.290s] Level 1:colcon.colcon_core.package_identification:_identify(src/vizanti/vizanti_demos) by extensions ['ros']
[0.290s] Level 1:colcon.colcon_core.package_identification:_identify(src/vizanti/vizanti_demos) by extension 'ros'
[0.291s] DEBUG:colcon.colcon_core.package_identification:Package 'src/vizanti/vizanti_demos' with type 'ros.ament_cmake' and name 'vizanti_demos'
[0.291s] Level 1:colcon.colcon_core.package_identification:_identify(src/vizanti/vizanti_msgs) by extensions ['ignore', 'ignore_ament_install']
[0.292s] Level 1:colcon.colcon_core.package_identification:_identify(src/vizanti/vizanti_msgs) by extension 'ignore'
[0.292s] Level 1:colcon.colcon_core.package_identification:_identify(src/vizanti/vizanti_msgs) by extension 'ignore_ament_install'
[0.292s] Level 1:colcon.colcon_core.package_identification:_identify(src/vizanti/vizanti_msgs) by extensions ['colcon_pkg']
[0.292s] Level 1:colcon.colcon_core.package_identification:_identify(src/vizanti/vizanti_msgs) by extension 'colcon_pkg'
[0.292s] Level 1:colcon.colcon_core.package_identification:_identify(src/vizanti/vizanti_msgs) by extensions ['colcon_meta']
[0.292s] Level 1:colcon.colcon_core.package_identification:_identify(src/vizanti/vizanti_msgs) by extension 'colcon_meta'
[0.292s] Level 1:colcon.colcon_core.package_identification:_identify(src/vizanti/vizanti_msgs) by extensions ['ros']
[0.292s] Level 1:colcon.colcon_core.package_identification:_identify(src/vizanti/vizanti_msgs) by extension 'ros'
[0.293s] DEBUG:colcon.colcon_core.package_identification:Package 'src/vizanti/vizanti_msgs' with type 'ros.ament_cmake' and name 'vizanti_msgs'
[0.293s] Level 1:colcon.colcon_core.package_identification:_identify(src/vizanti/vizanti_server) by extensions ['ignore', 'ignore_ament_install']
[0.293s] Level 1:colcon.colcon_core.package_identification:_identify(src/vizanti/vizanti_server) by extension 'ignore'
[0.293s] Level 1:colcon.colcon_core.package_identification:_identify(src/vizanti/vizanti_server) by extension 'ignore_ament_install'
[0.293s] Level 1:colcon.colcon_core.package_identification:_identify(src/vizanti/vizanti_server) by extensions ['colcon_pkg']
[0.293s] Level 1:colcon.colcon_core.package_identification:_identify(src/vizanti/vizanti_server) by extension 'colcon_pkg'
[0.293s] Level 1:colcon.colcon_core.package_identification:_identify(src/vizanti/vizanti_server) by extensions ['colcon_meta']
[0.293s] Level 1:colcon.colcon_core.package_identification:_identify(src/vizanti/vizanti_server) by extension 'colcon_meta'
[0.293s] Level 1:colcon.colcon_core.package_identification:_identify(src/vizanti/vizanti_server) by extensions ['ros']
[0.293s] Level 1:colcon.colcon_core.package_identification:_identify(src/vizanti/vizanti_server) by extension 'ros'
[0.294s] DEBUG:colcon.colcon_core.package_identification:Package 'src/vizanti/vizanti_server' with type 'ros.ament_cmake' and name 'vizanti_server'
[0.294s] Level 1:colcon.colcon_core.package_discovery:discover_packages(recursive) using defaults
[0.294s] Level 1:colcon.colcon_core.package_discovery:discover_packages(ignore) discover
[0.294s] Level 1:colcon.colcon_core.package_discovery:discover_packages(ignore) using defaults
[0.294s] Level 1:colcon.colcon_core.package_discovery:discover_packages(path) discover
[0.294s] Level 1:colcon.colcon_core.package_discovery:discover_packages(path) using defaults
[0.325s] Level 1:colcon.colcon_core.package_discovery:discover_packages(prefix_path) check parameters
[0.325s] Level 1:colcon.colcon_core.package_discovery:discover_packages(prefix_path) discover
[0.328s] DEBUG:colcon.colcon_installed_package_information.package_discovery:Found 368 installed packages in /opt/ros/humble
[0.330s] Level 1:colcon.colcon_core.package_discovery:discover_packages(prefix_path) using defaults
[0.374s] Level 5:colcon.colcon_core.verb:set package 'vizanti_cpp' build argument 'cmake_args' from command line to 'None'
[0.374s] Level 5:colcon.colcon_core.verb:set package 'vizanti_cpp' build argument 'cmake_target' from command line to 'None'
[0.374s] Level 5:colcon.colcon_core.verb:set package 'vizanti_cpp' build argument 'cmake_target_skip_unavailable' from command line to 'False'
[0.374s] Level 5:colcon.colcon_core.verb:set package 'vizanti_cpp' build argument 'cmake_clean_cache' from command line to 'False'
[0.374s] Level 5:colcon.colcon_core.verb:set package 'vizanti_cpp' build argument 'cmake_clean_first' from command line to 'False'
[0.374s] Level 5:colcon.colcon_core.verb:set package 'vizanti_cpp' build argument 'cmake_force_configure' from command line to 'False'
[0.374s] Level 5:colcon.colcon_core.verb:set package 'vizanti_cpp' build argument 'ament_cmake_args' from command line to 'None'
[0.374s] Level 5:colcon.colcon_core.verb:set package 'vizanti_cpp' build argument 'catkin_cmake_args' from command line to 'None'
[0.374s] Level 5:colcon.colcon_core.verb:set package 'vizanti_cpp' build argument 'catkin_skip_building_tests' from command line to 'False'
[0.374s] DEBUG:colcon.colcon_core.verb:Building package 'vizanti_cpp' with the following arguments: {'ament_cmake_args': None, 'build_base': '/home/su1jun/Capstone/colcon_ws/build/vizanti_cpp', 'catkin_cmake_args': None, 'catkin_skip_building_tests': False, 'cmake_args': None, 'cmake_clean_cache': False, 'cmake_clean_first': False, 'cmake_force_configure': False, 'cmake_target': None, 'cmake_target_skip_unavailable': False, 'install_base': '/home/su1jun/Capstone/colcon_ws/install/vizanti_cpp', 'merge_install': False, 'path': '/home/su1jun/Capstone/colcon_ws/src/vizanti/vizanti_cpp', 'symlink_install': True, 'test_result_base': None}
[0.374s] Level 5:colcon.colcon_core.verb:set package 'vizanti_msgs' build argument 'cmake_args' from command line to 'None'
[0.374s] Level 5:colcon.colcon_core.verb:set package 'vizanti_msgs' build argument 'cmake_target' from command line to 'None'
[0.374s] Level 5:colcon.colcon_core.verb:set package 'vizanti_msgs' build argument 'cmake_target_skip_unavailable' from command line to 'False'
[0.375s] Level 5:colcon.colcon_core.verb:set package 'vizanti_msgs' build argument 'cmake_clean_cache' from command line to 'False'
[0.375s] Level 5:colcon.colcon_core.verb:set package 'vizanti_msgs' build argument 'cmake_clean_first' from command line to 'False'
[0.375s] Level 5:colcon.colcon_core.verb:set package 'vizanti_msgs' build argument 'cmake_force_configure' from command line to 'False'
[0.375s] Level 5:colcon.colcon_core.verb:set package 'vizanti_msgs' build argument 'ament_cmake_args' from command line to 'None'
[0.375s] Level 5:colcon.colcon_core.verb:set package 'vizanti_msgs' build argument 'catkin_cmake_args' from command line to 'None'
[0.375s] Level 5:colcon.colcon_core.verb:set package 'vizanti_msgs' build argument 'catkin_skip_building_tests' from command line to 'False'
[0.375s] DEBUG:colcon.colcon_core.verb:Building package 'vizanti_msgs' with the following arguments: {'ament_cmake_args': None, 'build_base': '/home/su1jun/Capstone/colcon_ws/build/vizanti_msgs', 'catkin_cmake_args': None, 'catkin_skip_building_tests': False, 'cmake_args': None, 'cmake_clean_cache': False, 'cmake_clean_first': False, 'cmake_force_configure': False, 'cmake_target': None, 'cmake_target_skip_unavailable': False, 'install_base': '/home/su1jun/Capstone/colcon_ws/install/vizanti_msgs', 'merge_install': False, 'path': '/home/su1jun/Capstone/colcon_ws/src/vizanti/vizanti_msgs', 'symlink_install': True, 'test_result_base': None}
[0.375s] Level 5:colcon.colcon_core.verb:set package 'vizanti_demos' build argument 'cmake_args' from command line to 'None'
[0.375s] Level 5:colcon.colcon_core.verb:set package 'vizanti_demos' build argument 'cmake_target' from command line to 'None'
[0.375s] Level 5:colcon.colcon_core.verb:set package 'vizanti_demos' build argument 'cmake_target_skip_unavailable' from command line to 'False'
[0.375s] Level 5:colcon.colcon_core.verb:set package 'vizanti_demos' build argument 'cmake_clean_cache' from command line to 'False'
[0.375s] Level 5:colcon.colcon_core.verb:set package 'vizanti_demos' build argument 'cmake_clean_first' from command line to 'False'
[0.375s] Level 5:colcon.colcon_core.verb:set package 'vizanti_demos' build argument 'cmake_force_configure' from command line to 'False'
[0.375s] Level 5:colcon.colcon_core.verb:set package 'vizanti_demos' build argument 'ament_cmake_args' from command line to 'None'
[0.375s] Level 5:colcon.colcon_core.verb:set package 'vizanti_demos' build argument 'catkin_cmake_args' from command line to 'None'
[0.375s] Level 5:colcon.colcon_core.verb:set package 'vizanti_demos' build argument 'catkin_skip_building_tests' from command line to 'False'
[0.375s] DEBUG:colcon.colcon_core.verb:Building package 'vizanti_demos' with the following arguments: {'ament_cmake_args': None, 'build_base': '/home/su1jun/Capstone/colcon_ws/build/vizanti_demos', 'catkin_cmake_args': None, 'catkin_skip_building_tests': False, 'cmake_args': None, 'cmake_clean_cache': False, 'cmake_clean_first': False, 'cmake_force_configure': False, 'cmake_target': None, 'cmake_target_skip_unavailable': False, 'install_base': '/home/su1jun/Capstone/colcon_ws/install/vizanti_demos', 'merge_install': False, 'path': '/home/su1jun/Capstone/colcon_ws/src/vizanti/vizanti_demos', 'symlink_install': True, 'test_result_base': None}
[0.376s] Level 5:colcon.colcon_core.verb:set package 'vizanti_server' build argument 'cmake_args' from command line to 'None'
[0.376s] Level 5:colcon.colcon_core.verb:set package 'vizanti_server' build argument 'cmake_target' from command line to 'None'
[0.376s] Level 5:colcon.colcon_core.verb:set package 'vizanti_server' build argument 'cmake_target_skip_unavailable' from command line to 'False'
[0.376s] Level 5:colcon.colcon_core.verb:set package 'vizanti_server' build argument 'cmake_clean_cache' from command line to 'False'
[0.376s] Level 5:colcon.colcon_core.verb:set package 'vizanti_server' build argument 'cmake_clean_first' from command line to 'False'
[0.376s] Level 5:colcon.colcon_core.verb:set package 'vizanti_server' build argument 'cmake_force_configure' from command line to 'False'
[0.376s] Level 5:colcon.colcon_core.verb:set package 'vizanti_server' build argument 'ament_cmake_args' from command line to 'None'
[0.376s] Level 5:colcon.colcon_core.verb:set package 'vizanti_server' build argument 'catkin_cmake_args' from command line to 'None'
[0.376s] Level 5:colcon.colcon_core.verb:set package 'vizanti_server' build argument 'catkin_skip_building_tests' from command line to 'False'
[0.376s] DEBUG:colcon.colcon_core.verb:Building package 'vizanti_server' with the following arguments: {'ament_cmake_args': None, 'build_base': '/home/su1jun/Capstone/colcon_ws/build/vizanti_server', 'catkin_cmake_args': None, 'catkin_skip_building_tests': False, 'cmake_args': None, 'cmake_clean_cache': False, 'cmake_clean_first': False, 'cmake_force_configure': False, 'cmake_target': None, 'cmake_target_skip_unavailable': False, 'install_base': '/home/su1jun/Capstone/colcon_ws/install/vizanti_server', 'merge_install': False, 'path': '/home/su1jun/Capstone/colcon_ws/src/vizanti/vizanti_server', 'symlink_install': True, 'test_result_base': None}
[0.376s] Level 5:colcon.colcon_core.verb:set package 'vizanti' build argument 'cmake_args' from command line to 'None'
[0.376s] Level 5:colcon.colcon_core.verb:set package 'vizanti' build argument 'cmake_target' from command line to 'None'
[0.376s] Level 5:colcon.colcon_core.verb:set package 'vizanti' build argument 'cmake_target_skip_unavailable' from command line to 'False'
[0.376s] Level 5:colcon.colcon_core.verb:set package 'vizanti' build argument 'cmake_clean_cache' from command line to 'False'
[0.376s] Level 5:colcon.colcon_core.verb:set package 'vizanti' build argument 'cmake_clean_first' from command line to 'False'
[0.376s] Level 5:colcon.colcon_core.verb:set package 'vizanti' build argument 'cmake_force_configure' from command line to 'False'
[0.376s] Level 5:colcon.colcon_core.verb:set package 'vizanti' build argument 'ament_cmake_args' from command line to 'None'
[0.376s] Level 5:colcon.colcon_core.verb:set package 'vizanti' build argument 'catkin_cmake_args' from command line to 'None'
[0.376s] Level 5:colcon.colcon_core.verb:set package 'vizanti' build argument 'catkin_skip_building_tests' from command line to 'False'
[0.376s] DEBUG:colcon.colcon_core.verb:Building package 'vizanti' with the following arguments: {'ament_cmake_args': None, 'build_base': '/home/su1jun/Capstone/colcon_ws/build/vizanti', 'catkin_cmake_args': None, 'catkin_skip_building_tests': False, 'cmake_args': None, 'cmake_clean_cache': False, 'cmake_clean_first': False, 'cmake_force_configure': False, 'cmake_target': None, 'cmake_target_skip_unavailable': False, 'install_base': '/home/su1jun/Capstone/colcon_ws/install/vizanti', 'merge_install': False, 'path': '/home/su1jun/Capstone/colcon_ws/src/vizanti/vizanti', 'symlink_install': True, 'test_result_base': None}
[0.377s] INFO:colcon.colcon_core.executor:Executing jobs using 'parallel' executor
[0.377s] DEBUG:colcon.colcon_parallel_executor.executor.parallel:run_until_complete
[0.378s] INFO:colcon.colcon_ros.task.ament_cmake.build:Building ROS package in '/home/su1jun/Capstone/colcon_ws/src/vizanti/vizanti_msgs' with build type 'ament_cmake'
[0.378s] INFO:colcon.colcon_cmake.task.cmake.build:Building CMake package in '/home/su1jun/Capstone/colcon_ws/src/vizanti/vizanti_msgs'
[0.380s] INFO:colcon.colcon_core.plugin_system:Skipping extension 'colcon_core.shell.bat': Not used on non-Windows systems
[0.380s] INFO:colcon.colcon_core.shell:Skip shell extension 'powershell' for command environment: Not usable outside of PowerShell
[0.380s] DEBUG:colcon.colcon_core.shell:Skip shell extension 'dsv' for command environment
[0.383s] INFO:colcon.colcon_ros.task.ament_cmake.build:Building ROS package in '/home/su1jun/Capstone/colcon_ws/src/vizanti/vizanti_cpp' with build type 'ament_cmake'
[0.383s] INFO:colcon.colcon_cmake.task.cmake.build:Building CMake package in '/home/su1jun/Capstone/colcon_ws/src/vizanti/vizanti_cpp'
[0.383s] INFO:colcon.colcon_core.shell:Skip shell extension 'powershell' for command environment: Not usable outside of PowerShell
[0.383s] DEBUG:colcon.colcon_core.shell:Skip shell extension 'dsv' for command environment
[0.392s] DEBUG:colcon.colcon_core.event_handler.log_command:Invoking command in '/home/su1jun/Capstone/colcon_ws/build/vizanti_msgs': CMAKE_PREFIX_PATH=/opt/ros/humble /usr/bin/cmake --build /home/su1jun/Capstone/colcon_ws/build/vizanti_msgs -- -j4 -l4
[0.395s] DEBUG:colcon.colcon_core.event_handler.log_command:Invoking command in '/home/su1jun/Capstone/colcon_ws/build/vizanti_cpp': CMAKE_PREFIX_PATH=/opt/ros/humble /usr/bin/cmake --build /home/su1jun/Capstone/colcon_ws/build/vizanti_cpp -- -j4 -l4
[0.473s] DEBUG:colcon.colcon_core.event_handler.log_command:Invoked command in '/home/su1jun/Capstone/colcon_ws/build/vizanti_cpp' returned '0': CMAKE_PREFIX_PATH=/opt/ros/humble /usr/bin/cmake --build /home/su1jun/Capstone/colcon_ws/build/vizanti_cpp -- -j4 -l4
[0.511s] DEBUG:colcon.colcon_core.event_handler.log_command:Invoking command in '/home/su1jun/Capstone/colcon_ws/build/vizanti_cpp': CMAKE_PREFIX_PATH=/opt/ros/humble /usr/bin/cmake --install /home/su1jun/Capstone/colcon_ws/build/vizanti_cpp
[0.544s] Level 1:colcon.colcon_core.environment:create_environment_scripts_only(vizanti_cpp)
[0.547s] Level 1:colcon.colcon_core.environment:checking '/home/su1jun/Capstone/colcon_ws/install/vizanti_cpp' for CMake module files
[0.548s] Level 1:colcon.colcon_core.environment:checking '/home/su1jun/Capstone/colcon_ws/install/vizanti_cpp' for CMake config files
[0.548s] DEBUG:colcon.colcon_core.event_handler.log_command:Invoked command in '/home/su1jun/Capstone/colcon_ws/build/vizanti_cpp' returned '0': CMAKE_PREFIX_PATH=/opt/ros/humble /usr/bin/cmake --install /home/su1jun/Capstone/colcon_ws/build/vizanti_cpp
[0.549s] Level 1:colcon.colcon_core.shell:create_environment_hook('vizanti_cpp', 'cmake_prefix_path')
[0.549s] INFO:colcon.colcon_core.shell:Creating environment hook '/home/su1jun/Capstone/colcon_ws/install/vizanti_cpp/share/vizanti_cpp/hook/cmake_prefix_path.ps1'
[0.550s] INFO:colcon.colcon_core.shell:Creating environment descriptor '/home/su1jun/Capstone/colcon_ws/install/vizanti_cpp/share/vizanti_cpp/hook/cmake_prefix_path.dsv'
[0.551s] INFO:colcon.colcon_core.shell:Creating environment hook '/home/su1jun/Capstone/colcon_ws/install/vizanti_cpp/share/vizanti_cpp/hook/cmake_prefix_path.sh'
[0.552s] Level 1:colcon.colcon_core.environment:checking '/home/su1jun/Capstone/colcon_ws/install/vizanti_cpp/lib'
[0.552s] Level 1:colcon.colcon_core.environment:checking '/home/su1jun/Capstone/colcon_ws/install/vizanti_cpp/bin'
[0.553s] Level 1:colcon.colcon_core.environment:checking '/home/su1jun/Capstone/colcon_ws/install/vizanti_cpp/lib/pkgconfig/vizanti_cpp.pc'
[0.553s] Level 1:colcon.colcon_core.environment:checking '/home/su1jun/Capstone/colcon_ws/install/vizanti_cpp/lib/python3.10/site-packages'
[0.553s] Level 1:colcon.colcon_core.environment:checking '/home/su1jun/Capstone/colcon_ws/install/vizanti_cpp/bin'
[0.553s] INFO:colcon.colcon_core.shell:Creating package script '/home/su1jun/Capstone/colcon_ws/install/vizanti_cpp/share/vizanti_cpp/package.ps1'
[0.554s] INFO:colcon.colcon_core.shell:Creating package descriptor '/home/su1jun/Capstone/colcon_ws/install/vizanti_cpp/share/vizanti_cpp/package.dsv'
[0.555s] INFO:colcon.colcon_core.shell:Creating package script '/home/su1jun/Capstone/colcon_ws/install/vizanti_cpp/share/vizanti_cpp/package.sh'
[0.556s] INFO:colcon.colcon_core.shell:Creating package script '/home/su1jun/Capstone/colcon_ws/install/vizanti_cpp/share/vizanti_cpp/package.bash'
[0.558s] INFO:colcon.colcon_core.shell:Creating package script '/home/su1jun/Capstone/colcon_ws/install/vizanti_cpp/share/vizanti_cpp/package.zsh'
[0.558s] Level 1:colcon.colcon_core.environment:create_file_with_runtime_dependencies(/home/su1jun/Capstone/colcon_ws/install/vizanti_cpp/share/colcon-core/packages/vizanti_cpp)
[0.584s] Level 1:colcon.colcon_core.environment:create_environment_scripts_only(vizanti_cpp)
[0.585s] Level 1:colcon.colcon_core.environment:checking '/home/su1jun/Capstone/colcon_ws/install/vizanti_cpp' for CMake module files
[0.585s] Level 1:colcon.colcon_core.environment:checking '/home/su1jun/Capstone/colcon_ws/install/vizanti_cpp' for CMake config files
[0.586s] Level 1:colcon.colcon_core.shell:create_environment_hook('vizanti_cpp', 'cmake_prefix_path')
[0.586s] INFO:colcon.colcon_core.shell:Creating environment hook '/home/su1jun/Capstone/colcon_ws/install/vizanti_cpp/share/vizanti_cpp/hook/cmake_prefix_path.ps1'
[0.587s] INFO:colcon.colcon_core.shell:Creating environment descriptor '/home/su1jun/Capstone/colcon_ws/install/vizanti_cpp/share/vizanti_cpp/hook/cmake_prefix_path.dsv'
[0.587s] INFO:colcon.colcon_core.shell:Creating environment hook '/home/su1jun/Capstone/colcon_ws/install/vizanti_cpp/share/vizanti_cpp/hook/cmake_prefix_path.sh'
[0.588s] Level 1:colcon.colcon_core.environment:checking '/home/su1jun/Capstone/colcon_ws/install/vizanti_cpp/lib'
[0.588s] Level 1:colcon.colcon_core.environment:checking '/home/su1jun/Capstone/colcon_ws/install/vizanti_cpp/bin'
[0.588s] Level 1:colcon.colcon_core.environment:checking '/home/su1jun/Capstone/colcon_ws/install/vizanti_cpp/lib/pkgconfig/vizanti_cpp.pc'
[0.588s] Level 1:colcon.colcon_core.environment:checking '/home/su1jun/Capstone/colcon_ws/install/vizanti_cpp/lib/python3.10/site-packages'
[0.588s] Level 1:colcon.colcon_core.environment:checking '/home/su1jun/Capstone/colcon_ws/install/vizanti_cpp/bin'
[0.589s] INFO:colcon.colcon_core.shell:Creating package script '/home/su1jun/Capstone/colcon_ws/install/vizanti_cpp/share/vizanti_cpp/package.ps1'
[0.589s] INFO:colcon.colcon_core.shell:Creating package descriptor '/home/su1jun/Capstone/colcon_ws/install/vizanti_cpp/share/vizanti_cpp/package.dsv'
[0.590s] INFO:colcon.colcon_core.shell:Creating package script '/home/su1jun/Capstone/colcon_ws/install/vizanti_cpp/share/vizanti_cpp/package.sh'
[0.590s] INFO:colcon.colcon_core.shell:Creating package script '/home/su1jun/Capstone/colcon_ws/install/vizanti_cpp/share/vizanti_cpp/package.bash'
[0.591s] INFO:colcon.colcon_core.shell:Creating package script '/home/su1jun/Capstone/colcon_ws/install/vizanti_cpp/share/vizanti_cpp/package.zsh'
[0.591s] Level 1:colcon.colcon_core.environment:create_file_with_runtime_dependencies(/home/su1jun/Capstone/colcon_ws/install/vizanti_cpp/share/colcon-core/packages/vizanti_cpp)
[0.795s] DEBUG:colcon.colcon_core.event_handler.log_command:Invoked command in '/home/su1jun/Capstone/colcon_ws/build/vizanti_msgs' returned '0': CMAKE_PREFIX_PATH=/opt/ros/humble /usr/bin/cmake --build /home/su1jun/Capstone/colcon_ws/build/vizanti_msgs -- -j4 -l4
[1.010s] DEBUG:colcon.colcon_core.event_handler.log_command:Invoking command in '/home/su1jun/Capstone/colcon_ws/build/vizanti_msgs': CMAKE_PREFIX_PATH=/opt/ros/humble /usr/bin/cmake --install /home/su1jun/Capstone/colcon_ws/build/vizanti_msgs
[1.090s] Level 1:colcon.colcon_core.environment:create_environment_scripts_only(vizanti_msgs)
[1.090s] Level 1:colcon.colcon_core.environment:checking '/home/su1jun/Capstone/colcon_ws/install/vizanti_msgs' for CMake module files
[1.091s] DEBUG:colcon.colcon_core.event_handler.log_command:Invoked command in '/home/su1jun/Capstone/colcon_ws/build/vizanti_msgs' returned '0': CMAKE_PREFIX_PATH=/opt/ros/humble /usr/bin/cmake --install /home/su1jun/Capstone/colcon_ws/build/vizanti_msgs
[1.092s] Level 1:colcon.colcon_core.environment:checking '/home/su1jun/Capstone/colcon_ws/install/vizanti_msgs' for CMake config files
[1.093s] Level 1:colcon.colcon_core.shell:create_environment_hook('vizanti_msgs', 'cmake_prefix_path')
[1.093s] INFO:colcon.colcon_core.shell:Creating environment hook '/home/su1jun/Capstone/colcon_ws/install/vizanti_msgs/share/vizanti_msgs/hook/cmake_prefix_path.ps1'
[1.094s] INFO:colcon.colcon_core.shell:Creating environment descriptor '/home/su1jun/Capstone/colcon_ws/install/vizanti_msgs/share/vizanti_msgs/hook/cmake_prefix_path.dsv'
[1.094s] INFO:colcon.colcon_core.shell:Creating environment hook '/home/su1jun/Capstone/colcon_ws/install/vizanti_msgs/share/vizanti_msgs/hook/cmake_prefix_path.sh'
[1.094s] Level 1:colcon.colcon_core.environment:checking '/home/su1jun/Capstone/colcon_ws/install/vizanti_msgs/lib'
[1.094s] Level 1:colcon.colcon_core.shell:create_environment_hook('vizanti_msgs', 'ld_library_path_lib')
[1.095s] INFO:colcon.colcon_core.shell:Creating environment hook '/home/su1jun/Capstone/colcon_ws/install/vizanti_msgs/share/vizanti_msgs/hook/ld_library_path_lib.ps1'
[1.095s] INFO:colcon.colcon_core.shell:Creating environment descriptor '/home/su1jun/Capstone/colcon_ws/install/vizanti_msgs/share/vizanti_msgs/hook/ld_library_path_lib.dsv'
[1.095s] INFO:colcon.colcon_core.shell:Creating environment hook '/home/su1jun/Capstone/colcon_ws/install/vizanti_msgs/share/vizanti_msgs/hook/ld_library_path_lib.sh'
[1.096s] Level 1:colcon.colcon_core.environment:checking '/home/su1jun/Capstone/colcon_ws/install/vizanti_msgs/bin'
[1.096s] Level 1:colcon.colcon_core.environment:checking '/home/su1jun/Capstone/colcon_ws/install/vizanti_msgs/lib/pkgconfig/vizanti_msgs.pc'
[1.096s] Level 1:colcon.colcon_core.environment:checking '/home/su1jun/Capstone/colcon_ws/install/vizanti_msgs/lib/python3.10/site-packages'
[1.096s] Level 1:colcon.colcon_core.environment:checking '/home/su1jun/Capstone/colcon_ws/install/vizanti_msgs/bin'
[1.097s] INFO:colcon.colcon_core.shell:Creating package script '/home/su1jun/Capstone/colcon_ws/install/vizanti_msgs/share/vizanti_msgs/package.ps1'
[1.097s] INFO:colcon.colcon_core.shell:Creating package descriptor '/home/su1jun/Capstone/colcon_ws/install/vizanti_msgs/share/vizanti_msgs/package.dsv'
[1.097s] INFO:colcon.colcon_core.shell:Creating package script '/home/su1jun/Capstone/colcon_ws/install/vizanti_msgs/share/vizanti_msgs/package.sh'
[1.098s] INFO:colcon.colcon_core.shell:Creating package script '/home/su1jun/Capstone/colcon_ws/install/vizanti_msgs/share/vizanti_msgs/package.bash'
[1.098s] INFO:colcon.colcon_core.shell:Creating package script '/home/su1jun/Capstone/colcon_ws/install/vizanti_msgs/share/vizanti_msgs/package.zsh'
[1.098s] Level 1:colcon.colcon_core.environment:create_file_with_runtime_dependencies(/home/su1jun/Capstone/colcon_ws/install/vizanti_msgs/share/colcon-core/packages/vizanti_msgs)
[1.255s] Level 1:colcon.colcon_core.environment:create_environment_scripts_only(vizanti_msgs)
[1.256s] Level 1:colcon.colcon_core.environment:checking '/home/su1jun/Capstone/colcon_ws/install/vizanti_msgs' for CMake module files
[1.257s] Level 1:colcon.colcon_core.environment:checking '/home/su1jun/Capstone/colcon_ws/install/vizanti_msgs' for CMake config files
[1.258s] Level 1:colcon.colcon_core.shell:create_environment_hook('vizanti_msgs', 'cmake_prefix_path')
[1.259s] INFO:colcon.colcon_core.shell:Creating environment hook '/home/su1jun/Capstone/colcon_ws/install/vizanti_msgs/share/vizanti_msgs/hook/cmake_prefix_path.ps1'
[1.259s] INFO:colcon.colcon_core.shell:Creating environment descriptor '/home/su1jun/Capstone/colcon_ws/install/vizanti_msgs/share/vizanti_msgs/hook/cmake_prefix_path.dsv'
[1.260s] INFO:colcon.colcon_core.shell:Creating environment hook '/home/su1jun/Capstone/colcon_ws/install/vizanti_msgs/share/vizanti_msgs/hook/cmake_prefix_path.sh'
[1.260s] Level 1:colcon.colcon_core.environment:checking '/home/su1jun/Capstone/colcon_ws/install/vizanti_msgs/lib'
[1.260s] Level 1:colcon.colcon_core.shell:create_environment_hook('vizanti_msgs', 'ld_library_path_lib')
[1.260s] INFO:colcon.colcon_core.shell:Creating environment hook '/home/su1jun/Capstone/colcon_ws/install/vizanti_msgs/share/vizanti_msgs/hook/ld_library_path_lib.ps1'
[1.261s] INFO:colcon.colcon_core.shell:Creating environment descriptor '/home/su1jun/Capstone/colcon_ws/install/vizanti_msgs/share/vizanti_msgs/hook/ld_library_path_lib.dsv'
[1.261s] INFO:colcon.colcon_core.shell:Creating environment hook '/home/su1jun/Capstone/colcon_ws/install/vizanti_msgs/share/vizanti_msgs/hook/ld_library_path_lib.sh'
[1.261s] Level 1:colcon.colcon_core.environment:checking '/home/su1jun/Capstone/colcon_ws/install/vizanti_msgs/bin'
[1.261s] Level 1:colcon.colcon_core.environment:checking '/home/su1jun/Capstone/colcon_ws/install/vizanti_msgs/lib/pkgconfig/vizanti_msgs.pc'
[1.262s] Level 1:colcon.colcon_core.environment:checking '/home/su1jun/Capstone/colcon_ws/install/vizanti_msgs/lib/python3.10/site-packages'
[1.262s] Level 1:colcon.colcon_core.environment:checking '/home/su1jun/Capstone/colcon_ws/install/vizanti_msgs/bin'
[1.262s] INFO:colcon.colcon_core.shell:Creating package script '/home/su1jun/Capstone/colcon_ws/install/vizanti_msgs/share/vizanti_msgs/package.ps1'
[1.263s] INFO:colcon.colcon_core.shell:Creating package descriptor '/home/su1jun/Capstone/colcon_ws/install/vizanti_msgs/share/vizanti_msgs/package.dsv'
[1.263s] INFO:colcon.colcon_core.shell:Creating package script '/home/su1jun/Capstone/colcon_ws/install/vizanti_msgs/share/vizanti_msgs/package.sh'
[1.263s] INFO:colcon.colcon_core.shell:Creating package script '/home/su1jun/Capstone/colcon_ws/install/vizanti_msgs/share/vizanti_msgs/package.bash'
[1.264s] INFO:colcon.colcon_core.shell:Creating package script '/home/su1jun/Capstone/colcon_ws/install/vizanti_msgs/share/vizanti_msgs/package.zsh'
[1.264s] Level 1:colcon.colcon_core.environment:create_file_with_runtime_dependencies(/home/su1jun/Capstone/colcon_ws/install/vizanti_msgs/share/colcon-core/packages/vizanti_msgs)
[1.264s] INFO:colcon.colcon_ros.task.ament_cmake.build:Building ROS package in '/home/su1jun/Capstone/colcon_ws/src/vizanti/vizanti_server' with build type 'ament_cmake'
[1.265s] INFO:colcon.colcon_cmake.task.cmake.build:Building CMake package in '/home/su1jun/Capstone/colcon_ws/src/vizanti/vizanti_server'
[1.265s] INFO:colcon.colcon_core.shell:Skip shell extension 'powershell' for command environment: Not usable outside of PowerShell
[1.265s] DEBUG:colcon.colcon_core.shell:Skip shell extension 'dsv' for command environment
[1.268s] INFO:colcon.colcon_ros.task.ament_cmake.build:Building ROS package in '/home/su1jun/Capstone/colcon_ws/src/vizanti/vizanti_demos' with build type 'ament_cmake'
[1.268s] INFO:colcon.colcon_cmake.task.cmake.build:Building CMake package in '/home/su1jun/Capstone/colcon_ws/src/vizanti/vizanti_demos'
[1.268s] INFO:colcon.colcon_core.shell:Skip shell extension 'powershell' for command environment: Not usable outside of PowerShell
[1.268s] DEBUG:colcon.colcon_core.shell:Skip shell extension 'dsv' for command environment
[1.276s] DEBUG:colcon.colcon_core.event_handler.log_command:Invoking command in '/home/su1jun/Capstone/colcon_ws/build/vizanti_server': AMENT_PREFIX_PATH=/home/su1jun/Capstone/colcon_ws/install/vizanti_msgs:${AMENT_PREFIX_PATH} CMAKE_PREFIX_PATH=/home/su1jun/Capstone/colcon_ws/install/vizanti_msgs:/opt/ros/humble LD_LIBRARY_PATH=/home/su1jun/Capstone/colcon_ws/install/vizanti_msgs/lib:${LD_LIBRARY_PATH} PYTHONPATH=/home/su1jun/Capstone/colcon_ws/install/vizanti_msgs/local/lib/python3.10/dist-packages:${PYTHONPATH} /usr/bin/cmake /home/su1jun/Capstone/colcon_ws/src/vizanti/vizanti_server -DAMENT_CMAKE_SYMLINK_INSTALL=1 -DCMAKE_INSTALL_PREFIX=/home/su1jun/Capstone/colcon_ws/install/vizanti_server
[1.283s] DEBUG:colcon.colcon_core.event_handler.log_command:Invoking command in '/home/su1jun/Capstone/colcon_ws/build/vizanti_demos': AMENT_PREFIX_PATH=/home/su1jun/Capstone/colcon_ws/install/vizanti_msgs:${AMENT_PREFIX_PATH} CMAKE_PREFIX_PATH=/home/su1jun/Capstone/colcon_ws/install/vizanti_msgs:/opt/ros/humble LD_LIBRARY_PATH=/home/su1jun/Capstone/colcon_ws/install/vizanti_msgs/lib:${LD_LIBRARY_PATH} PYTHONPATH=/home/su1jun/Capstone/colcon_ws/install/vizanti_msgs/local/lib/python3.10/dist-packages:${PYTHONPATH} /usr/bin/cmake --build /home/su1jun/Capstone/colcon_ws/build/vizanti_demos -- -j4 -l4
[1.325s] DEBUG:colcon.colcon_core.event_handler.log_command:Invoked command in '/home/su1jun/Capstone/colcon_ws/build/vizanti_demos' returned '0': AMENT_PREFIX_PATH=/home/su1jun/Capstone/colcon_ws/install/vizanti_msgs:${AMENT_PREFIX_PATH} CMAKE_PREFIX_PATH=/home/su1jun/Capstone/colcon_ws/install/vizanti_msgs:/opt/ros/humble LD_LIBRARY_PATH=/home/su1jun/Capstone/colcon_ws/install/vizanti_msgs/lib:${LD_LIBRARY_PATH} PYTHONPATH=/home/su1jun/Capstone/colcon_ws/install/vizanti_msgs/local/lib/python3.10/dist-packages:${PYTHONPATH} /usr/bin/cmake --build /home/su1jun/Capstone/colcon_ws/build/vizanti_demos -- -j4 -l4
[1.345s] DEBUG:colcon.colcon_core.event_handler.log_command:Invoking command in '/home/su1jun/Capstone/colcon_ws/build/vizanti_demos': AMENT_PREFIX_PATH=/home/su1jun/Capstone/colcon_ws/install/vizanti_msgs:${AMENT_PREFIX_PATH} CMAKE_PREFIX_PATH=/home/su1jun/Capstone/colcon_ws/install/vizanti_msgs:/opt/ros/humble LD_LIBRARY_PATH=/home/su1jun/Capstone/colcon_ws/install/vizanti_msgs/lib:${LD_LIBRARY_PATH} PYTHONPATH=/home/su1jun/Capstone/colcon_ws/install/vizanti_msgs/local/lib/python3.10/dist-packages:${PYTHONPATH} /usr/bin/cmake --install /home/su1jun/Capstone/colcon_ws/build/vizanti_demos
[1.372s] Level 1:colcon.colcon_core.environment:create_environment_scripts_only(vizanti_demos)
[1.372s] Level 1:colcon.colcon_core.environment:checking '/home/su1jun/Capstone/colcon_ws/install/vizanti_demos' for CMake module files
[1.373s] DEBUG:colcon.colcon_core.event_handler.log_command:Invoked command in '/home/su1jun/Capstone/colcon_ws/build/vizanti_demos' returned '0': AMENT_PREFIX_PATH=/home/su1jun/Capstone/colcon_ws/install/vizanti_msgs:${AMENT_PREFIX_PATH} CMAKE_PREFIX_PATH=/home/su1jun/Capstone/colcon_ws/install/vizanti_msgs:/opt/ros/humble LD_LIBRARY_PATH=/home/su1jun/Capstone/colcon_ws/install/vizanti_msgs/lib:${LD_LIBRARY_PATH} PYTHONPATH=/home/su1jun/Capstone/colcon_ws/install/vizanti_msgs/local/lib/python3.10/dist-packages:${PYTHONPATH} /usr/bin/cmake --install /home/su1jun/Capstone/colcon_ws/build/vizanti_demos
[1.373s] Level 1:colcon.colcon_core.environment:checking '/home/su1jun/Capstone/colcon_ws/install/vizanti_demos' for CMake config files
[1.375s] Level 1:colcon.colcon_core.shell:create_environment_hook('vizanti_demos', 'cmake_prefix_path')
[1.375s] INFO:colcon.colcon_core.shell:Creating environment hook '/home/su1jun/Capstone/colcon_ws/install/vizanti_demos/share/vizanti_demos/hook/cmake_prefix_path.ps1'
[1.375s] INFO:colcon.colcon_core.shell:Creating environment descriptor '/home/su1jun/Capstone/colcon_ws/install/vizanti_demos/share/vizanti_demos/hook/cmake_prefix_path.dsv'
[1.376s] INFO:colcon.colcon_core.shell:Creating environment hook '/home/su1jun/Capstone/colcon_ws/install/vizanti_demos/share/vizanti_demos/hook/cmake_prefix_path.sh'
[1.376s] Level 1:colcon.colcon_core.environment:checking '/home/su1jun/Capstone/colcon_ws/install/vizanti_demos/lib'
[1.376s] Level 1:colcon.colcon_core.environment:checking '/home/su1jun/Capstone/colcon_ws/install/vizanti_demos/bin'
[1.376s] Level 1:colcon.colcon_core.environment:checking '/home/su1jun/Capstone/colcon_ws/install/vizanti_demos/lib/pkgconfig/vizanti_demos.pc'
[1.377s] Level 1:colcon.colcon_core.environment:checking '/home/su1jun/Capstone/colcon_ws/install/vizanti_demos/lib/python3.10/site-packages'
[1.377s] Level 1:colcon.colcon_core.environment:checking '/home/su1jun/Capstone/colcon_ws/install/vizanti_demos/bin'
[1.377s] INFO:colcon.colcon_core.shell:Creating package script '/home/su1jun/Capstone/colcon_ws/install/vizanti_demos/share/vizanti_demos/package.ps1'
[1.378s] INFO:colcon.colcon_core.shell:Creating package descriptor '/home/su1jun/Capstone/colcon_ws/install/vizanti_demos/share/vizanti_demos/package.dsv'
[1.378s] INFO:colcon.colcon_core.shell:Creating package script '/home/su1jun/Capstone/colcon_ws/install/vizanti_demos/share/vizanti_demos/package.sh'
[1.378s] INFO:colcon.colcon_core.shell:Creating package script '/home/su1jun/Capstone/colcon_ws/install/vizanti_demos/share/vizanti_demos/package.bash'
[1.379s] INFO:colcon.colcon_core.shell:Creating package script '/home/su1jun/Capstone/colcon_ws/install/vizanti_demos/share/vizanti_demos/package.zsh'
[1.379s] Level 1:colcon.colcon_core.environment:create_file_with_runtime_dependencies(/home/su1jun/Capstone/colcon_ws/install/vizanti_demos/share/colcon-core/packages/vizanti_demos)
[1.399s] Level 1:colcon.colcon_core.environment:create_environment_scripts_only(vizanti_demos)
[1.399s] Level 1:colcon.colcon_core.environment:checking '/home/su1jun/Capstone/colcon_ws/install/vizanti_demos' for CMake module files
[1.400s] Level 1:colcon.colcon_core.environment:checking '/home/su1jun/Capstone/colcon_ws/install/vizanti_demos' for CMake config files
[1.400s] Level 1:colcon.colcon_core.shell:create_environment_hook('vizanti_demos', 'cmake_prefix_path')
[1.401s] INFO:colcon.colcon_core.shell:Creating environment hook '/home/su1jun/Capstone/colcon_ws/install/vizanti_demos/share/vizanti_demos/hook/cmake_prefix_path.ps1'
[1.401s] INFO:colcon.colcon_core.shell:Creating environment descriptor '/home/su1jun/Capstone/colcon_ws/install/vizanti_demos/share/vizanti_demos/hook/cmake_prefix_path.dsv'
[1.401s] INFO:colcon.colcon_core.shell:Creating environment hook '/home/su1jun/Capstone/colcon_ws/install/vizanti_demos/share/vizanti_demos/hook/cmake_prefix_path.sh'
[1.402s] Level 1:colcon.colcon_core.environment:checking '/home/su1jun/Capstone/colcon_ws/install/vizanti_demos/lib'
[1.402s] Level 1:colcon.colcon_core.environment:checking '/home/su1jun/Capstone/colcon_ws/install/vizanti_demos/bin'
[1.402s] Level 1:colcon.colcon_core.environment:checking '/home/su1jun/Capstone/colcon_ws/install/vizanti_demos/lib/pkgconfig/vizanti_demos.pc'
[1.402s] Level 1:colcon.colcon_core.environment:checking '/home/su1jun/Capstone/colcon_ws/install/vizanti_demos/lib/python3.10/site-packages'
[1.403s] Level 1:colcon.colcon_core.environment:checking '/home/su1jun/Capstone/colcon_ws/install/vizanti_demos/bin'
[1.403s] INFO:colcon.colcon_core.shell:Creating package script '/home/su1jun/Capstone/colcon_ws/install/vizanti_demos/share/vizanti_demos/package.ps1'
[1.403s] INFO:colcon.colcon_core.shell:Creating package descriptor '/home/su1jun/Capstone/colcon_ws/install/vizanti_demos/share/vizanti_demos/package.dsv'
[1.404s] INFO:colcon.colcon_core.shell:Creating package script '/home/su1jun/Capstone/colcon_ws/install/vizanti_demos/share/vizanti_demos/package.sh'
[1.404s] INFO:colcon.colcon_core.shell:Creating package script '/home/su1jun/Capstone/colcon_ws/install/vizanti_demos/share/vizanti_demos/package.bash'
[1.405s] INFO:colcon.colcon_core.shell:Creating package script '/home/su1jun/Capstone/colcon_ws/install/vizanti_demos/share/vizanti_demos/package.zsh'
[1.405s] Level 1:colcon.colcon_core.environment:create_file_with_runtime_dependencies(/home/su1jun/Capstone/colcon_ws/install/vizanti_demos/share/colcon-core/packages/vizanti_demos)
[2.346s] DEBUG:colcon.colcon_core.event_handler.log_command:Invoked command in '/home/su1jun/Capstone/colcon_ws/build/vizanti_server' returned '0': AMENT_PREFIX_PATH=/home/su1jun/Capstone/colcon_ws/install/vizanti_msgs:${AMENT_PREFIX_PATH} CMAKE_PREFIX_PATH=/home/su1jun/Capstone/colcon_ws/install/vizanti_msgs:/opt/ros/humble LD_LIBRARY_PATH=/home/su1jun/Capstone/colcon_ws/install/vizanti_msgs/lib:${LD_LIBRARY_PATH} PYTHONPATH=/home/su1jun/Capstone/colcon_ws/install/vizanti_msgs/local/lib/python3.10/dist-packages:${PYTHONPATH} /usr/bin/cmake /home/su1jun/Capstone/colcon_ws/src/vizanti/vizanti_server -DAMENT_CMAKE_SYMLINK_INSTALL=1 -DCMAKE_INSTALL_PREFIX=/home/su1jun/Capstone/colcon_ws/install/vizanti_server
[2.347s] DEBUG:colcon.colcon_core.event_handler.log_command:Invoking command in '/home/su1jun/Capstone/colcon_ws/build/vizanti_server': AMENT_PREFIX_PATH=/home/su1jun/Capstone/colcon_ws/install/vizanti_msgs:${AMENT_PREFIX_PATH} CMAKE_PREFIX_PATH=/home/su1jun/Capstone/colcon_ws/install/vizanti_msgs:/opt/ros/humble LD_LIBRARY_PATH=/home/su1jun/Capstone/colcon_ws/install/vizanti_msgs/lib:${LD_LIBRARY_PATH} PYTHONPATH=/home/su1jun/Capstone/colcon_ws/install/vizanti_msgs/local/lib/python3.10/dist-packages:${PYTHONPATH} /usr/bin/cmake --build /home/su1jun/Capstone/colcon_ws/build/vizanti_server -- -j4 -l4
[2.392s] DEBUG:colcon.colcon_core.event_handler.log_command:Invoked command in '/home/su1jun/Capstone/colcon_ws/build/vizanti_server' returned '0': AMENT_PREFIX_PATH=/home/su1jun/Capstone/colcon_ws/install/vizanti_msgs:${AMENT_PREFIX_PATH} CMAKE_PREFIX_PATH=/home/su1jun/Capstone/colcon_ws/install/vizanti_msgs:/opt/ros/humble LD_LIBRARY_PATH=/home/su1jun/Capstone/colcon_ws/install/vizanti_msgs/lib:${LD_LIBRARY_PATH} PYTHONPATH=/home/su1jun/Capstone/colcon_ws/install/vizanti_msgs/local/lib/python3.10/dist-packages:${PYTHONPATH} /usr/bin/cmake --build /home/su1jun/Capstone/colcon_ws/build/vizanti_server -- -j4 -l4
[2.421s] DEBUG:colcon.colcon_core.event_handler.log_command:Invoking command in '/home/su1jun/Capstone/colcon_ws/build/vizanti_server': AMENT_PREFIX_PATH=/home/su1jun/Capstone/colcon_ws/install/vizanti_msgs:${AMENT_PREFIX_PATH} CMAKE_PREFIX_PATH=/home/su1jun/Capstone/colcon_ws/install/vizanti_msgs:/opt/ros/humble LD_LIBRARY_PATH=/home/su1jun/Capstone/colcon_ws/install/vizanti_msgs/lib:${LD_LIBRARY_PATH} PYTHONPATH=/home/su1jun/Capstone/colcon_ws/install/vizanti_msgs/local/lib/python3.10/dist-packages:${PYTHONPATH} /usr/bin/cmake --install /home/su1jun/Capstone/colcon_ws/build/vizanti_server
[2.466s] Level 1:colcon.colcon_core.environment:create_environment_scripts_only(vizanti_server)
[2.467s] Level 1:colcon.colcon_core.environment:checking '/home/su1jun/Capstone/colcon_ws/install/vizanti_server' for CMake module files
[2.467s] DEBUG:colcon.colcon_core.event_handler.log_command:Invoked command in '/home/su1jun/Capstone/colcon_ws/build/vizanti_server' returned '0': AMENT_PREFIX_PATH=/home/su1jun/Capstone/colcon_ws/install/vizanti_msgs:${AMENT_PREFIX_PATH} CMAKE_PREFIX_PATH=/home/su1jun/Capstone/colcon_ws/install/vizanti_msgs:/opt/ros/humble LD_LIBRARY_PATH=/home/su1jun/Capstone/colcon_ws/install/vizanti_msgs/lib:${LD_LIBRARY_PATH} PYTHONPATH=/home/su1jun/Capstone/colcon_ws/install/vizanti_msgs/local/lib/python3.10/dist-packages:${PYTHONPATH} /usr/bin/cmake --install /home/su1jun/Capstone/colcon_ws/build/vizanti_server
[2.468s] Level 1:colcon.colcon_core.environment:checking '/home/su1jun/Capstone/colcon_ws/install/vizanti_server' for CMake config files
[2.470s] Level 1:colcon.colcon_core.shell:create_environment_hook('vizanti_server', 'cmake_prefix_path')
[2.470s] INFO:colcon.colcon_core.shell:Creating environment hook '/home/su1jun/Capstone/colcon_ws/install/vizanti_server/share/vizanti_server/hook/cmake_prefix_path.ps1'
[2.470s] INFO:colcon.colcon_core.shell:Creating environment descriptor '/home/su1jun/Capstone/colcon_ws/install/vizanti_server/share/vizanti_server/hook/cmake_prefix_path.dsv'
[2.471s] INFO:colcon.colcon_core.shell:Creating environment hook '/home/su1jun/Capstone/colcon_ws/install/vizanti_server/share/vizanti_server/hook/cmake_prefix_path.sh'
[2.471s] Level 1:colcon.colcon_core.environment:checking '/home/su1jun/Capstone/colcon_ws/install/vizanti_server/lib'
[2.471s] Level 1:colcon.colcon_core.environment:checking '/home/su1jun/Capstone/colcon_ws/install/vizanti_server/bin'
[2.471s] Level 1:colcon.colcon_core.environment:checking '/home/su1jun/Capstone/colcon_ws/install/vizanti_server/lib/pkgconfig/vizanti_server.pc'
[2.471s] Level 1:colcon.colcon_core.environment:checking '/home/su1jun/Capstone/colcon_ws/install/vizanti_server/lib/python3.10/site-packages'
[2.472s] Level 1:colcon.colcon_core.environment:checking '/home/su1jun/Capstone/colcon_ws/install/vizanti_server/bin'
[2.472s] INFO:colcon.colcon_core.shell:Creating package script '/home/su1jun/Capstone/colcon_ws/install/vizanti_server/share/vizanti_server/package.ps1'
[2.473s] INFO:colcon.colcon_core.shell:Creating package descriptor '/home/su1jun/Capstone/colcon_ws/install/vizanti_server/share/vizanti_server/package.dsv'
[2.473s] INFO:colcon.colcon_core.shell:Creating package script '/home/su1jun/Capstone/colcon_ws/install/vizanti_server/share/vizanti_server/package.sh'
[2.473s] INFO:colcon.colcon_core.shell:Creating package script '/home/su1jun/Capstone/colcon_ws/install/vizanti_server/share/vizanti_server/package.bash'
[2.474s] INFO:colcon.colcon_core.shell:Creating package script '/home/su1jun/Capstone/colcon_ws/install/vizanti_server/share/vizanti_server/package.zsh'
[2.474s] Level 1:colcon.colcon_core.environment:create_file_with_runtime_dependencies(/home/su1jun/Capstone/colcon_ws/install/vizanti_server/share/colcon-core/packages/vizanti_server)
[2.494s] Level 1:colcon.colcon_core.environment:create_environment_scripts_only(vizanti_server)
[2.495s] Level 1:colcon.colcon_core.environment:checking '/home/su1jun/Capstone/colcon_ws/install/vizanti_server' for CMake module files
[2.495s] Level 1:colcon.colcon_core.environment:checking '/home/su1jun/Capstone/colcon_ws/install/vizanti_server' for CMake config files
[2.498s] Level 1:colcon.colcon_core.shell:create_environment_hook('vizanti_server', 'cmake_prefix_path')
[2.499s] INFO:colcon.colcon_core.shell:Creating environment hook '/home/su1jun/Capstone/colcon_ws/install/vizanti_server/share/vizanti_server/hook/cmake_prefix_path.ps1'
[2.499s] INFO:colcon.colcon_core.shell:Creating environment descriptor '/home/su1jun/Capstone/colcon_ws/install/vizanti_server/share/vizanti_server/hook/cmake_prefix_path.dsv'
[2.500s] INFO:colcon.colcon_core.shell:Creating environment hook '/home/su1jun/Capstone/colcon_ws/install/vizanti_server/share/vizanti_server/hook/cmake_prefix_path.sh'
[2.501s] Level 1:colcon.colcon_core.environment:checking '/home/su1jun/Capstone/colcon_ws/install/vizanti_server/lib'
[2.501s] Level 1:colcon.colcon_core.environment:checking '/home/su1jun/Capstone/colcon_ws/install/vizanti_server/bin'
[2.501s] Level 1:colcon.colcon_core.environment:checking '/home/su1jun/Capstone/colcon_ws/install/vizanti_server/lib/pkgconfig/vizanti_server.pc'
[2.501s] Level 1:colcon.colcon_core.environment:checking '/home/su1jun/Capstone/colcon_ws/install/vizanti_server/lib/python3.10/site-packages'
[2.502s] Level 1:colcon.colcon_core.environment:checking '/home/su1jun/Capstone/colcon_ws/install/vizanti_server/bin'
[2.502s] INFO:colcon.colcon_core.shell:Creating package script '/home/su1jun/Capstone/colcon_ws/install/vizanti_server/share/vizanti_server/package.ps1'
[2.503s] INFO:colcon.colcon_core.shell:Creating package descriptor '/home/su1jun/Capstone/colcon_ws/install/vizanti_server/share/vizanti_server/package.dsv'
[2.503s] INFO:colcon.colcon_core.shell:Creating package script '/home/su1jun/Capstone/colcon_ws/install/vizanti_server/share/vizanti_server/package.sh'
[2.504s] INFO:colcon.colcon_core.shell:Creating package script '/home/su1jun/Capstone/colcon_ws/install/vizanti_server/share/vizanti_server/package.bash'
[2.505s] INFO:colcon.colcon_core.shell:Creating package script '/home/su1jun/Capstone/colcon_ws/install/vizanti_server/share/vizanti_server/package.zsh'
[2.505s] Level 1:colcon.colcon_core.environment:create_file_with_runtime_dependencies(/home/su1jun/Capstone/colcon_ws/install/vizanti_server/share/colcon-core/packages/vizanti_server)
[2.505s] INFO:colcon.colcon_ros.task.ament_cmake.build:Building ROS package in '/home/su1jun/Capstone/colcon_ws/src/vizanti/vizanti' with build type 'ament_cmake'
[2.506s] INFO:colcon.colcon_cmake.task.cmake.build:Building CMake package in '/home/su1jun/Capstone/colcon_ws/src/vizanti/vizanti'
[2.506s] INFO:colcon.colcon_core.shell:Skip shell extension 'powershell' for command environment: Not usable outside of PowerShell
[2.506s] DEBUG:colcon.colcon_core.shell:Skip shell extension 'dsv' for command environment
[2.517s] DEBUG:colcon.colcon_core.event_handler.log_command:Invoking command in '/home/su1jun/Capstone/colcon_ws/build/vizanti': AMENT_PREFIX_PATH=/home/su1jun/Capstone/colcon_ws/install/vizanti_server:/home/su1jun/Capstone/colcon_ws/install/vizanti_msgs:${AMENT_PREFIX_PATH} CMAKE_PREFIX_PATH=/home/su1jun/Capstone/colcon_ws/install/vizanti_server:/home/su1jun/Capstone/colcon_ws/install/vizanti_msgs:/opt/ros/humble LD_LIBRARY_PATH=/home/su1jun/Capstone/colcon_ws/install/vizanti_msgs/lib:${LD_LIBRARY_PATH} PYTHONPATH=/home/su1jun/Capstone/colcon_ws/install/vizanti_msgs/local/lib/python3.10/dist-packages:${PYTHONPATH} /usr/bin/cmake /home/su1jun/Capstone/colcon_ws/src/vizanti/vizanti -DAMENT_CMAKE_SYMLINK_INSTALL=1 -DCMAKE_INSTALL_PREFIX=/home/su1jun/Capstone/colcon_ws/install/vizanti
[2.716s] DEBUG:colcon.colcon_core.event_handler.log_command:Invoked command in '/home/su1jun/Capstone/colcon_ws/build/vizanti' returned '0': AMENT_PREFIX_PATH=/home/su1jun/Capstone/colcon_ws/install/vizanti_server:/home/su1jun/Capstone/colcon_ws/install/vizanti_msgs:${AMENT_PREFIX_PATH} CMAKE_PREFIX_PATH=/home/su1jun/Capstone/colcon_ws/install/vizanti_server:/home/su1jun/Capstone/colcon_ws/install/vizanti_msgs:/opt/ros/humble LD_LIBRARY_PATH=/home/su1jun/Capstone/colcon_ws/install/vizanti_msgs/lib:${LD_LIBRARY_PATH} PYTHONPATH=/home/su1jun/Capstone/colcon_ws/install/vizanti_msgs/local/lib/python3.10/dist-packages:${PYTHONPATH} /usr/bin/cmake /home/su1jun/Capstone/colcon_ws/src/vizanti/vizanti -DAMENT_CMAKE_SYMLINK_INSTALL=1 -DCMAKE_INSTALL_PREFIX=/home/su1jun/Capstone/colcon_ws/install/vizanti
[2.717s] DEBUG:colcon.colcon_core.event_handler.log_command:Invoking command in '/home/su1jun/Capstone/colcon_ws/build/vizanti': AMENT_PREFIX_PATH=/home/su1jun/Capstone/colcon_ws/install/vizanti_server:/home/su1jun/Capstone/colcon_ws/install/vizanti_msgs:${AMENT_PREFIX_PATH} CMAKE_PREFIX_PATH=/home/su1jun/Capstone/colcon_ws/install/vizanti_server:/home/su1jun/Capstone/colcon_ws/install/vizanti_msgs:/opt/ros/humble LD_LIBRARY_PATH=/home/su1jun/Capstone/colcon_ws/install/vizanti_msgs/lib:${LD_LIBRARY_PATH} PYTHONPATH=/home/su1jun/Capstone/colcon_ws/install/vizanti_msgs/local/lib/python3.10/dist-packages:${PYTHONPATH} /usr/bin/cmake --build /home/su1jun/Capstone/colcon_ws/build/vizanti -- -j4 -l4
[2.753s] DEBUG:colcon.colcon_core.event_handler.log_command:Invoked command in '/home/su1jun/Capstone/colcon_ws/build/vizanti' returned '0': AMENT_PREFIX_PATH=/home/su1jun/Capstone/colcon_ws/install/vizanti_server:/home/su1jun/Capstone/colcon_ws/install/vizanti_msgs:${AMENT_PREFIX_PATH} CMAKE_PREFIX_PATH=/home/su1jun/Capstone/colcon_ws/install/vizanti_server:/home/su1jun/Capstone/colcon_ws/install/vizanti_msgs:/opt/ros/humble LD_LIBRARY_PATH=/home/su1jun/Capstone/colcon_ws/install/vizanti_msgs/lib:${LD_LIBRARY_PATH} PYTHONPATH=/home/su1jun/Capstone/colcon_ws/install/vizanti_msgs/local/lib/python3.10/dist-packages:${PYTHONPATH} /usr/bin/cmake --build /home/su1jun/Capstone/colcon_ws/build/vizanti -- -j4 -l4
[2.771s] DEBUG:colcon.colcon_core.event_handler.log_command:Invoking command in '/home/su1jun/Capstone/colcon_ws/build/vizanti': AMENT_PREFIX_PATH=/home/su1jun/Capstone/colcon_ws/install/vizanti_server:/home/su1jun/Capstone/colcon_ws/install/vizanti_msgs:${AMENT_PREFIX_PATH} CMAKE_PREFIX_PATH=/home/su1jun/Capstone/colcon_ws/install/vizanti_server:/home/su1jun/Capstone/colcon_ws/install/vizanti_msgs:/opt/ros/humble LD_LIBRARY_PATH=/home/su1jun/Capstone/colcon_ws/install/vizanti_msgs/lib:${LD_LIBRARY_PATH} PYTHONPATH=/home/su1jun/Capstone/colcon_ws/install/vizanti_msgs/local/lib/python3.10/dist-packages:${PYTHONPATH} /usr/bin/cmake --install /home/su1jun/Capstone/colcon_ws/build/vizanti
[2.802s] Level 1:colcon.colcon_core.environment:create_environment_scripts_only(vizanti)
[2.802s] Level 1:colcon.colcon_core.environment:checking '/home/su1jun/Capstone/colcon_ws/install/vizanti' for CMake module files
[2.803s] DEBUG:colcon.colcon_core.event_handler.log_command:Invoked command in '/home/su1jun/Capstone/colcon_ws/build/vizanti' returned '0': AMENT_PREFIX_PATH=/home/su1jun/Capstone/colcon_ws/install/vizanti_server:/home/su1jun/Capstone/colcon_ws/install/vizanti_msgs:${AMENT_PREFIX_PATH} CMAKE_PREFIX_PATH=/home/su1jun/Capstone/colcon_ws/install/vizanti_server:/home/su1jun/Capstone/colcon_ws/install/vizanti_msgs:/opt/ros/humble LD_LIBRARY_PATH=/home/su1jun/Capstone/colcon_ws/install/vizanti_msgs/lib:${LD_LIBRARY_PATH} PYTHONPATH=/home/su1jun/Capstone/colcon_ws/install/vizanti_msgs/local/lib/python3.10/dist-packages:${PYTHONPATH} /usr/bin/cmake --install /home/su1jun/Capstone/colcon_ws/build/vizanti
[2.804s] Level 1:colcon.colcon_core.environment:checking '/home/su1jun/Capstone/colcon_ws/install/vizanti' for CMake config files
[2.805s] Level 1:colcon.colcon_core.shell:create_environment_hook('vizanti', 'cmake_prefix_path')
[2.805s] INFO:colcon.colcon_core.shell:Creating environment hook '/home/su1jun/Capstone/colcon_ws/install/vizanti/share/vizanti/hook/cmake_prefix_path.ps1'
[2.806s] INFO:colcon.colcon_core.shell:Creating environment descriptor '/home/su1jun/Capstone/colcon_ws/install/vizanti/share/vizanti/hook/cmake_prefix_path.dsv'
[2.807s] INFO:colcon.colcon_core.shell:Creating environment hook '/home/su1jun/Capstone/colcon_ws/install/vizanti/share/vizanti/hook/cmake_prefix_path.sh'
[2.808s] Level 1:colcon.colcon_core.environment:checking '/home/su1jun/Capstone/colcon_ws/install/vizanti/bin'
[2.808s] Level 1:colcon.colcon_core.environment:checking '/home/su1jun/Capstone/colcon_ws/install/vizanti/lib/pkgconfig/vizanti.pc'
[2.809s] Level 1:colcon.colcon_core.environment:checking '/home/su1jun/Capstone/colcon_ws/install/vizanti/lib/python3.10/site-packages'
[2.809s] Level 1:colcon.colcon_core.environment:checking '/home/su1jun/Capstone/colcon_ws/install/vizanti/bin'
[2.810s] INFO:colcon.colcon_core.shell:Creating package script '/home/su1jun/Capstone/colcon_ws/install/vizanti/share/vizanti/package.ps1'
[2.811s] INFO:colcon.colcon_core.shell:Creating package descriptor '/home/su1jun/Capstone/colcon_ws/install/vizanti/share/vizanti/package.dsv'
[2.812s] INFO:colcon.colcon_core.shell:Creating package script '/home/su1jun/Capstone/colcon_ws/install/vizanti/share/vizanti/package.sh'
[2.813s] INFO:colcon.colcon_core.shell:Creating package script '/home/su1jun/Capstone/colcon_ws/install/vizanti/share/vizanti/package.bash'
[2.813s] INFO:colcon.colcon_core.shell:Creating package script '/home/su1jun/Capstone/colcon_ws/install/vizanti/share/vizanti/package.zsh'
[2.814s] Level 1:colcon.colcon_core.environment:create_file_with_runtime_dependencies(/home/su1jun/Capstone/colcon_ws/install/vizanti/share/colcon-core/packages/vizanti)
[2.841s] Level 1:colcon.colcon_core.environment:create_environment_scripts_only(vizanti)
[2.842s] Level 1:colcon.colcon_core.environment:checking '/home/su1jun/Capstone/colcon_ws/install/vizanti' for CMake module files
[2.843s] Level 1:colcon.colcon_core.environment:checking '/home/su1jun/Capstone/colcon_ws/install/vizanti' for CMake config files
[2.843s] Level 1:colcon.colcon_core.shell:create_environment_hook('vizanti', 'cmake_prefix_path')
[2.844s] INFO:colcon.colcon_core.shell:Creating environment hook '/home/su1jun/Capstone/colcon_ws/install/vizanti/share/vizanti/hook/cmake_prefix_path.ps1'
[2.844s] INFO:colcon.colcon_core.shell:Creating environment descriptor '/home/su1jun/Capstone/colcon_ws/install/vizanti/share/vizanti/hook/cmake_prefix_path.dsv'
[2.845s] INFO:colcon.colcon_core.shell:Creating environment hook '/home/su1jun/Capstone/colcon_ws/install/vizanti/share/vizanti/hook/cmake_prefix_path.sh'
[2.846s] Level 1:colcon.colcon_core.environment:checking '/home/su1jun/Capstone/colcon_ws/install/vizanti/bin'
[2.846s] Level 1:colcon.colcon_core.environment:checking '/home/su1jun/Capstone/colcon_ws/install/vizanti/lib/pkgconfig/vizanti.pc'
[2.846s] Level 1:colcon.colcon_core.environment:checking '/home/su1jun/Capstone/colcon_ws/install/vizanti/lib/python3.10/site-packages'
[2.847s] Level 1:colcon.colcon_core.environment:checking '/home/su1jun/Capstone/colcon_ws/install/vizanti/bin'
[2.847s] INFO:colcon.colcon_core.shell:Creating package script '/home/su1jun/Capstone/colcon_ws/install/vizanti/share/vizanti/package.ps1'
[2.848s] INFO:colcon.colcon_core.shell:Creating package descriptor '/home/su1jun/Capstone/colcon_ws/install/vizanti/share/vizanti/package.dsv'
[2.849s] INFO:colcon.colcon_core.shell:Creating package script '/home/su1jun/Capstone/colcon_ws/install/vizanti/share/vizanti/package.sh'
[2.849s] INFO:colcon.colcon_core.shell:Creating package script '/home/su1jun/Capstone/colcon_ws/install/vizanti/share/vizanti/package.bash'
[2.850s] INFO:colcon.colcon_core.shell:Creating package script '/home/su1jun/Capstone/colcon_ws/install/vizanti/share/vizanti/package.zsh'
[2.850s] Level 1:colcon.colcon_core.environment:create_file_with_runtime_dependencies(/home/su1jun/Capstone/colcon_ws/install/vizanti/share/colcon-core/packages/vizanti)
[2.851s] DEBUG:colcon.colcon_parallel_executor.executor.parallel:closing loop
[2.851s] DEBUG:colcon.colcon_parallel_executor.executor.parallel:loop closed
[2.851s] DEBUG:colcon.colcon_parallel_executor.executor.parallel:run_until_complete finished with '0'
[2.851s] DEBUG:colcon.colcon_core.event_reactor:joining thread
[2.858s] INFO:colcon.colcon_core.plugin_system:Skipping extension 'colcon_notification.desktop_notification.terminal_notifier': Not used on non-Darwin systems
[2.859s] INFO:colcon.colcon_core.plugin_system:Skipping extension 'colcon_notification.desktop_notification.win32': Not used on non-Windows systems
[2.859s] INFO:colcon.colcon_notification.desktop_notification:Sending desktop notification using 'notify2'
[2.879s] DEBUG:colcon.colcon_core.event_reactor:joined thread
[2.880s] INFO:colcon.colcon_core.shell:Creating prefix script '/home/su1jun/Capstone/colcon_ws/install/local_setup.ps1'
[2.881s] INFO:colcon.colcon_core.shell:Creating prefix util module '/home/su1jun/Capstone/colcon_ws/install/_local_setup_util_ps1.py'
[2.882s] INFO:colcon.colcon_core.shell:Creating prefix chain script '/home/su1jun/Capstone/colcon_ws/install/setup.ps1'
[2.885s] INFO:colcon.colcon_core.shell:Creating prefix script '/home/su1jun/Capstone/colcon_ws/install/local_setup.sh'
[2.886s] INFO:colcon.colcon_core.shell:Creating prefix util module '/home/su1jun/Capstone/colcon_ws/install/_local_setup_util_sh.py'
[2.886s] INFO:colcon.colcon_core.shell:Creating prefix chain script '/home/su1jun/Capstone/colcon_ws/install/setup.sh'
[2.887s] INFO:colcon.colcon_core.shell:Creating prefix script '/home/su1jun/Capstone/colcon_ws/install/local_setup.bash'
[2.888s] INFO:colcon.colcon_core.shell:Creating prefix chain script '/home/su1jun/Capstone/colcon_ws/install/setup.bash'
[2.889s] INFO:colcon.colcon_core.shell:Creating prefix script '/home/su1jun/Capstone/colcon_ws/install/local_setup.zsh'
[2.889s] INFO:colcon.colcon_core.shell:Creating prefix chain script '/home/su1jun/Capstone/colcon_ws/install/setup.zsh'
