running egg_info
writing ../../build/robot/robot.egg-info/PKG-INFO
writing dependency_links to ../../build/robot/robot.egg-info/dependency_links.txt
writing entry points to ../../build/robot/robot.egg-info/entry_points.txt
writing requirements to ../../build/robot/robot.egg-info/requires.txt
writing top-level names to ../../build/robot/robot.egg-info/top_level.txt
reading manifest file '../../build/robot/robot.egg-info/SOURCES.txt'
writing manifest file '../../build/robot/robot.egg-info/SOURCES.txt'
running build
running build_py
copying robot/bluetooth_node.py -> /home/ros2_ws/build/robot/build/lib/robot
running install
running install_lib
copying /home/ros2_ws/build/robot/build/lib/robot/bluetooth_node.py -> /home/ros2_ws/install/robot/lib/python3.10/site-packages/robot
byte-compiling /home/ros2_ws/install/robot/lib/python3.10/site-packages/robot/bluetooth_node.py to bluetooth_node.cpython-310.pyc
running install_data
running install_egg_info
removing '/home/ros2_ws/install/robot/lib/python3.10/site-packages/robot-0.0.0-py3.10.egg-info' (and everything under it)
Copying ../../build/robot/robot.egg-info to /home/ros2_ws/install/robot/lib/python3.10/site-packages/robot-0.0.0-py3.10.egg-info
running install_scripts
Installing bluetooth script to /home/ros2_ws/install/robot/lib/robot
Installing motor script to /home/ros2_ws/install/robot/lib/robot
Installing switch script to /home/ros2_ws/install/robot/lib/robot
writing list of installed files to '/home/ros2_ws/build/robot/install.log'
