[0.876s] Invoking command in '/home/ros2_ws/src/robot': PYTHONPATH=/home/ros2_ws/build/robot/prefix_override:/home/ros2_ws/install/robot/lib/python3.10/site-packages:${PYTHONPATH} /usr/bin/python3 setup.py egg_info --egg-base ../../build/robot build --build-base /home/ros2_ws/build/robot/build install --record /home/ros2_ws/build/robot/install.log --single-version-externally-managed
[1.046s] running egg_info
[1.058s] writing ../../build/robot/robot.egg-info/PKG-INFO
[1.059s] writing dependency_links to ../../build/robot/robot.egg-info/dependency_links.txt
[1.059s] writing entry points to ../../build/robot/robot.egg-info/entry_points.txt
[1.059s] writing requirements to ../../build/robot/robot.egg-info/requires.txt
[1.059s] writing top-level names to ../../build/robot/robot.egg-info/top_level.txt
[1.085s] reading manifest file '../../build/robot/robot.egg-info/SOURCES.txt'
[1.085s] writing manifest file '../../build/robot/robot.egg-info/SOURCES.txt'
[1.086s] running build
[1.086s] running build_py
[1.086s] copying robot/bluetooth_node.py -> /home/ros2_ws/build/robot/build/lib/robot
[1.086s] running install
[1.087s] /usr/local/lib/python3.10/dist-packages/setuptools/_distutils/cmd.py:66: SetuptoolsDeprecationWarning: setup.py install is deprecated.
[1.087s] !!
[1.087s] 
[1.087s]         ********************************************************************************
[1.087s]         Please avoid running ``setup.py`` directly.
[1.087s]         Instead, use pypa/build, pypa/installer or other
[1.087s]         standards-based tools.
[1.087s] 
[1.088s]         See https://blog.ganssle.io/articles/2021/10/setup-py-deprecated.html for details.
[1.088s]         ********************************************************************************
[1.088s] 
[1.088s] !!
[1.088s]   self.initialize_options()
[1.092s] running install_lib
[1.107s] copying /home/ros2_ws/build/robot/build/lib/robot/bluetooth_node.py -> /home/ros2_ws/install/robot/lib/python3.10/site-packages/robot
[1.107s] byte-compiling /home/ros2_ws/install/robot/lib/python3.10/site-packages/robot/bluetooth_node.py to bluetooth_node.cpython-310.pyc
[1.108s] running install_data
[1.120s] running install_egg_info
[1.134s] removing '/home/ros2_ws/install/robot/lib/python3.10/site-packages/robot-0.0.0-py3.10.egg-info' (and everything under it)
[1.134s] Copying ../../build/robot/robot.egg-info to /home/ros2_ws/install/robot/lib/python3.10/site-packages/robot-0.0.0-py3.10.egg-info
[1.135s] running install_scripts
[1.246s] Installing bluetooth script to /home/ros2_ws/install/robot/lib/robot
[1.246s] Installing motor script to /home/ros2_ws/install/robot/lib/robot
[1.246s] Installing switch script to /home/ros2_ws/install/robot/lib/robot
[1.247s] writing list of installed files to '/home/ros2_ws/build/robot/install.log'
[1.267s] Invoked command in '/home/ros2_ws/src/robot' returned '0': PYTHONPATH=/home/ros2_ws/build/robot/prefix_override:/home/ros2_ws/install/robot/lib/python3.10/site-packages:${PYTHONPATH} /usr/bin/python3 setup.py egg_info --egg-base ../../build/robot build --build-base /home/ros2_ws/build/robot/build install --record /home/ros2_ws/build/robot/install.log --single-version-externally-managed
