[0.712s] Invoking command in '/home/su1jun/Capstone/ros2_ws/src/robot': PYTHONPATH=/home/su1jun/Capstone/ros2_ws/build/robot/prefix_override:/home/su1jun/Capstone/ros2_ws/install/robot/lib/python3.10/site-packages:${PYTHONPATH} /usr/bin/python3 setup.py egg_info --egg-base ../../build/robot build --build-base /home/su1jun/Capstone/ros2_ws/build/robot/build install --record /home/su1jun/Capstone/ros2_ws/build/robot/install.log --single-version-externally-managed
[0.886s] running egg_info
[0.896s] writing ../../build/robot/robot.egg-info/PKG-INFO
[0.897s] writing dependency_links to ../../build/robot/robot.egg-info/dependency_links.txt
[0.897s] writing entry points to ../../build/robot/robot.egg-info/entry_points.txt
[0.897s] writing requirements to ../../build/robot/robot.egg-info/requires.txt
[0.897s] writing top-level names to ../../build/robot/robot.egg-info/top_level.txt
[0.920s] reading manifest file '../../build/robot/robot.egg-info/SOURCES.txt'
[0.920s] writing manifest file '../../build/robot/robot.egg-info/SOURCES.txt'
[0.920s] running build
[0.921s] running build_py
[0.921s] copying robot/__init__.py -> /home/su1jun/Capstone/ros2_ws/build/robot/build/lib/robot
[0.921s] copying robot/motor_node.py -> /home/su1jun/Capstone/ros2_ws/build/robot/build/lib/robot
[0.921s] copying robot/switch_node.py -> /home/su1jun/Capstone/ros2_ws/build/robot/build/lib/robot
[0.921s] copying robot/const.py -> /home/su1jun/Capstone/ros2_ws/build/robot/build/lib/robot
[0.921s] running install
[0.921s] /home/su1jun/.local/lib/python3.10/site-packages/setuptools/_distutils/cmd.py:66: SetuptoolsDeprecationWarning: setup.py install is deprecated.
[0.922s] !!
[0.922s] 
[0.922s]         ********************************************************************************
[0.922s]         Please avoid running ``setup.py`` directly.
[0.922s]         Instead, use pypa/build, pypa/installer or other
[0.922s]         standards-based tools.
[0.922s] 
[0.922s]         See https://blog.ganssle.io/articles/2021/10/setup-py-deprecated.html for details.
[0.922s]         ********************************************************************************
[0.922s] 
[0.922s] !!
[0.922s]   self.initialize_options()
[0.925s] running install_lib
[0.937s] copying /home/su1jun/Capstone/ros2_ws/build/robot/build/lib/robot/motor_node.py -> /home/su1jun/Capstone/ros2_ws/install/robot/lib/python3.10/site-packages/robot
[0.937s] copying /home/su1jun/Capstone/ros2_ws/build/robot/build/lib/robot/switch_node.py -> /home/su1jun/Capstone/ros2_ws/install/robot/lib/python3.10/site-packages/robot
[0.937s] copying /home/su1jun/Capstone/ros2_ws/build/robot/build/lib/robot/const.py -> /home/su1jun/Capstone/ros2_ws/install/robot/lib/python3.10/site-packages/robot
[0.937s] byte-compiling /home/su1jun/Capstone/ros2_ws/install/robot/lib/python3.10/site-packages/robot/motor_node.py to motor_node.cpython-310.pyc
[0.938s] byte-compiling /home/su1jun/Capstone/ros2_ws/install/robot/lib/python3.10/site-packages/robot/switch_node.py to switch_node.cpython-310.pyc
[0.939s] byte-compiling /home/su1jun/Capstone/ros2_ws/install/robot/lib/python3.10/site-packages/robot/const.py to const.cpython-310.pyc
[0.939s] running install_data
[0.951s] copying resource/robot -> /home/su1jun/Capstone/ros2_ws/install/robot/share/ament_index/resource_index/packages
[0.951s] copying package.xml -> /home/su1jun/Capstone/ros2_ws/install/robot/share/robot
[0.951s] running install_egg_info
[0.963s] removing '/home/su1jun/Capstone/ros2_ws/install/robot/lib/python3.10/site-packages/robot-0.0.0-py3.10.egg-info' (and everything under it)
[0.963s] Copying ../../build/robot/robot.egg-info to /home/su1jun/Capstone/ros2_ws/install/robot/lib/python3.10/site-packages/robot-0.0.0-py3.10.egg-info
[0.964s] running install_scripts
[1.074s] Installing motor script to /home/su1jun/Capstone/ros2_ws/install/robot/lib/robot
[1.074s] Installing switch script to /home/su1jun/Capstone/ros2_ws/install/robot/lib/robot
[1.074s] writing list of installed files to '/home/su1jun/Capstone/ros2_ws/build/robot/install.log'
[1.108s] Invoked command in '/home/su1jun/Capstone/ros2_ws/src/robot' returned '0': PYTHONPATH=/home/su1jun/Capstone/ros2_ws/build/robot/prefix_override:/home/su1jun/Capstone/ros2_ws/install/robot/lib/python3.10/site-packages:${PYTHONPATH} /usr/bin/python3 setup.py egg_info --egg-base ../../build/robot build --build-base /home/su1jun/Capstone/ros2_ws/build/robot/build install --record /home/su1jun/Capstone/ros2_ws/build/robot/install.log --single-version-externally-managed
