[0.055s] DEBUG:colcon:Command line arguments: ['/usr/bin/colcon', 'build']
[0.055s] DEBUG:colcon:Parsed command line arguments: Namespace(log_base=None, log_level=None, verb_name='build', build_base='build', install_base='install', merge_install=False, symlink_install=False, test_result_base=None, continue_on_error=False, executor='parallel', parallel_workers=20, event_handlers=None, ignore_user_meta=False, metas=['./colcon.meta'], base_paths=['.'], packages_ignore=None, packages_ignore_regex=None, paths=None, packages_up_to=None, packages_up_to_regex=None, packages_above=None, packages_above_and_dependencies=None, packages_above_depth=None, packages_select_by_dep=None, packages_skip_by_dep=None, packages_skip_up_to=None, packages_select_build_failed=False, packages_skip_build_finished=False, packages_select_test_failures=False, packages_skip_test_passed=False, packages_select=None, packages_skip=None, packages_select_regex=None, packages_skip_regex=None, packages_start=None, packages_end=None, cmake_args=None, cmake_target=None, cmake_target_skip_unavailable=False, cmake_clean_cache=False, cmake_clean_first=False, cmake_force_configure=False, ament_cmake_args=None, catkin_cmake_args=None, catkin_skip_building_tests=False, mixin_files=None, mixin=None, verb_parser=<colcon_mixin.mixin.mixin_argument.MixinArgumentDecorator object at 0x7a44f78ae1d0>, verb_extension=<colcon_core.verb.build.BuildVerb object at 0x7a44f78ad750>, main=<bound method BuildVerb.main of <colcon_core.verb.build.BuildVerb object at 0x7a44f78ad750>>, mixin_verb=('build',))
[0.072s] Level 1:colcon.colcon_core.package_discovery:discover_packages(colcon_meta) check parameters
[0.073s] INFO:colcon.colcon_metadata.package_discovery.colcon_meta:Using configuration from '/root/.colcon/metadata/default/Gazebo.meta'
[0.073s] INFO:colcon.colcon_metadata.package_discovery.colcon_meta:Using configuration from '/root/.colcon/metadata/default/fastrtps.meta'
[0.073s] Level 1:colcon.colcon_core.package_discovery:discover_packages(recursive) check parameters
[0.073s] Level 1:colcon.colcon_core.package_discovery:discover_packages(ignore) check parameters
[0.073s] Level 1:colcon.colcon_core.package_discovery:discover_packages(path) check parameters
[0.073s] Level 1:colcon.colcon_core.package_discovery:discover_packages(colcon_meta) discover
[0.073s] Level 1:colcon.colcon_core.package_discovery:discover_packages(recursive) discover
[0.073s] INFO:colcon.colcon_core.package_discovery:Crawling recursively for packages in '/root/Capstone/ros2_ws'
[0.073s] Level 1:colcon.colcon_core.package_identification:_identify(.) by extensions ['ignore', 'ignore_ament_install']
[0.073s] Level 1:colcon.colcon_core.package_identification:_identify(.) by extension 'ignore'
[0.073s] Level 1:colcon.colcon_core.package_identification:_identify(.) by extension 'ignore_ament_install'
[0.073s] Level 1:colcon.colcon_core.package_identification:_identify(.) by extensions ['colcon_pkg']
[0.073s] Level 1:colcon.colcon_core.package_identification:_identify(.) by extension 'colcon_pkg'
[0.073s] Level 1:colcon.colcon_core.package_identification:_identify(.) by extensions ['colcon_meta']
[0.073s] Level 1:colcon.colcon_core.package_identification:_identify(.) by extension 'colcon_meta'
[0.073s] Level 1:colcon.colcon_core.package_identification:_identify(.) by extensions ['ros']
[0.073s] Level 1:colcon.colcon_core.package_identification:_identify(.) by extension 'ros'
[0.085s] Level 1:colcon.colcon_core.package_identification:_identify(.) by extensions ['cmake', 'python']
[0.085s] Level 1:colcon.colcon_core.package_identification:_identify(.) by extension 'cmake'
[0.085s] Level 1:colcon.colcon_core.package_identification:_identify(.) by extension 'python'
[0.085s] Level 1:colcon.colcon_core.package_identification:_identify(.) by extensions ['python_setup_py']
[0.085s] Level 1:colcon.colcon_core.package_identification:_identify(.) by extension 'python_setup_py'
[0.086s] Level 1:colcon.colcon_core.package_identification:_identify(build) by extensions ['ignore', 'ignore_ament_install']
[0.086s] Level 1:colcon.colcon_core.package_identification:_identify(build) by extension 'ignore'
[0.086s] Level 1:colcon.colcon_core.package_identification:_identify(build) ignored
[0.086s] Level 1:colcon.colcon_core.package_identification:_identify(install) by extensions ['ignore', 'ignore_ament_install']
[0.086s] Level 1:colcon.colcon_core.package_identification:_identify(install) by extension 'ignore'
[0.086s] Level 1:colcon.colcon_core.package_identification:_identify(install) ignored
[0.086s] Level 1:colcon.colcon_core.package_identification:_identify(log) by extensions ['ignore', 'ignore_ament_install']
[0.086s] Level 1:colcon.colcon_core.package_identification:_identify(log) by extension 'ignore'
[0.086s] Level 1:colcon.colcon_core.package_identification:_identify(log) ignored
[0.086s] Level 1:colcon.colcon_core.package_identification:_identify(src) by extensions ['ignore', 'ignore_ament_install']
[0.086s] Level 1:colcon.colcon_core.package_identification:_identify(src) by extension 'ignore'
[0.086s] Level 1:colcon.colcon_core.package_identification:_identify(src) by extension 'ignore_ament_install'
[0.086s] Level 1:colcon.colcon_core.package_identification:_identify(src) by extensions ['colcon_pkg']
[0.086s] Level 1:colcon.colcon_core.package_identification:_identify(src) by extension 'colcon_pkg'
[0.086s] Level 1:colcon.colcon_core.package_identification:_identify(src) by extensions ['colcon_meta']
[0.086s] Level 1:colcon.colcon_core.package_identification:_identify(src) by extension 'colcon_meta'
[0.086s] Level 1:colcon.colcon_core.package_identification:_identify(src) by extensions ['ros']
[0.086s] Level 1:colcon.colcon_core.package_identification:_identify(src) by extension 'ros'
[0.086s] Level 1:colcon.colcon_core.package_identification:_identify(src) by extensions ['cmake', 'python']
[0.086s] Level 1:colcon.colcon_core.package_identification:_identify(src) by extension 'cmake'
[0.086s] Level 1:colcon.colcon_core.package_identification:_identify(src) by extension 'python'
[0.086s] Level 1:colcon.colcon_core.package_identification:_identify(src) by extensions ['python_setup_py']
[0.086s] Level 1:colcon.colcon_core.package_identification:_identify(src) by extension 'python_setup_py'
[0.086s] Level 1:colcon.colcon_core.package_identification:_identify(src/articubot_one) by extensions ['ignore', 'ignore_ament_install']
[0.086s] Level 1:colcon.colcon_core.package_identification:_identify(src/articubot_one) by extension 'ignore'
[0.086s] Level 1:colcon.colcon_core.package_identification:_identify(src/articubot_one) by extension 'ignore_ament_install'
[0.086s] Level 1:colcon.colcon_core.package_identification:_identify(src/articubot_one) by extensions ['colcon_pkg']
[0.086s] Level 1:colcon.colcon_core.package_identification:_identify(src/articubot_one) by extension 'colcon_pkg'
[0.086s] Level 1:colcon.colcon_core.package_identification:_identify(src/articubot_one) by extensions ['colcon_meta']
[0.086s] Level 1:colcon.colcon_core.package_identification:_identify(src/articubot_one) by extension 'colcon_meta'
[0.086s] Level 1:colcon.colcon_core.package_identification:_identify(src/articubot_one) by extensions ['ros']
[0.086s] Level 1:colcon.colcon_core.package_identification:_identify(src/articubot_one) by extension 'ros'
[0.086s] Level 1:colcon.colcon_core.package_identification:_identify(src/articubot_one) by extensions ['cmake', 'python']
[0.086s] Level 1:colcon.colcon_core.package_identification:_identify(src/articubot_one) by extension 'cmake'
[0.086s] Level 1:colcon.colcon_core.package_identification:_identify(src/articubot_one) by extension 'python'
[0.086s] Level 1:colcon.colcon_core.package_identification:_identify(src/articubot_one) by extensions ['python_setup_py']
[0.086s] Level 1:colcon.colcon_core.package_identification:_identify(src/articubot_one) by extension 'python_setup_py'
[0.086s] Level 1:colcon.colcon_core.package_identification:_identify(src/capstone) by extensions ['ignore', 'ignore_ament_install']
[0.086s] Level 1:colcon.colcon_core.package_identification:_identify(src/capstone) by extension 'ignore'
[0.086s] Level 1:colcon.colcon_core.package_identification:_identify(src/capstone) by extension 'ignore_ament_install'
[0.086s] Level 1:colcon.colcon_core.package_identification:_identify(src/capstone) by extensions ['colcon_pkg']
[0.086s] Level 1:colcon.colcon_core.package_identification:_identify(src/capstone) by extension 'colcon_pkg'
[0.087s] Level 1:colcon.colcon_core.package_identification:_identify(src/capstone) by extensions ['colcon_meta']
[0.087s] Level 1:colcon.colcon_core.package_identification:_identify(src/capstone) by extension 'colcon_meta'
[0.087s] Level 1:colcon.colcon_core.package_identification:_identify(src/capstone) by extensions ['ros']
[0.087s] Level 1:colcon.colcon_core.package_identification:_identify(src/capstone) by extension 'ros'
[0.088s] DEBUG:colcon.colcon_core.package_identification:Package 'src/capstone' with type 'ros.ament_cmake' and name 'capstone'
[0.088s] Level 1:colcon.colcon_core.package_identification:_identify(src/robot) by extensions ['ignore', 'ignore_ament_install']
[0.088s] Level 1:colcon.colcon_core.package_identification:_identify(src/robot) by extension 'ignore'
[0.088s] Level 1:colcon.colcon_core.package_identification:_identify(src/robot) by extension 'ignore_ament_install'
[0.088s] Level 1:colcon.colcon_core.package_identification:_identify(src/robot) by extensions ['colcon_pkg']
[0.088s] Level 1:colcon.colcon_core.package_identification:_identify(src/robot) by extension 'colcon_pkg'
[0.088s] Level 1:colcon.colcon_core.package_identification:_identify(src/robot) by extensions ['colcon_meta']
[0.088s] Level 1:colcon.colcon_core.package_identification:_identify(src/robot) by extension 'colcon_meta'
[0.088s] Level 1:colcon.colcon_core.package_identification:_identify(src/robot) by extensions ['ros']
[0.088s] Level 1:colcon.colcon_core.package_identification:_identify(src/robot) by extension 'ros'
[0.088s] DEBUG:colcon.colcon_core.package_identification:Package 'src/robot' with type 'ros.ament_python' and name 'robot'
[0.088s] Level 1:colcon.colcon_core.package_discovery:discover_packages(recursive) using defaults
[0.088s] Level 1:colcon.colcon_core.package_discovery:discover_packages(ignore) discover
[0.088s] Level 1:colcon.colcon_core.package_discovery:discover_packages(ignore) using defaults
[0.088s] Level 1:colcon.colcon_core.package_discovery:discover_packages(path) discover
[0.088s] Level 1:colcon.colcon_core.package_discovery:discover_packages(path) using defaults
[0.097s] Level 5:colcon.colcon_core.verb:set package 'capstone' build argument 'cmake_args' from command line to 'None'
[0.097s] Level 5:colcon.colcon_core.verb:set package 'capstone' build argument 'cmake_target' from command line to 'None'
[0.097s] Level 5:colcon.colcon_core.verb:set package 'capstone' build argument 'cmake_target_skip_unavailable' from command line to 'False'
[0.097s] Level 5:colcon.colcon_core.verb:set package 'capstone' build argument 'cmake_clean_cache' from command line to 'False'
[0.097s] Level 5:colcon.colcon_core.verb:set package 'capstone' build argument 'cmake_clean_first' from command line to 'False'
[0.097s] Level 5:colcon.colcon_core.verb:set package 'capstone' build argument 'cmake_force_configure' from command line to 'False'
[0.097s] Level 5:colcon.colcon_core.verb:set package 'capstone' build argument 'ament_cmake_args' from command line to 'None'
[0.097s] Level 5:colcon.colcon_core.verb:set package 'capstone' build argument 'catkin_cmake_args' from command line to 'None'
[0.097s] Level 5:colcon.colcon_core.verb:set package 'capstone' build argument 'catkin_skip_building_tests' from command line to 'False'
[0.097s] DEBUG:colcon.colcon_core.verb:Building package 'capstone' with the following arguments: {'ament_cmake_args': None, 'build_base': '/root/Capstone/ros2_ws/build/capstone', 'catkin_cmake_args': None, 'catkin_skip_building_tests': False, 'cmake_args': None, 'cmake_clean_cache': False, 'cmake_clean_first': False, 'cmake_force_configure': False, 'cmake_target': None, 'cmake_target_skip_unavailable': False, 'install_base': '/root/Capstone/ros2_ws/install/capstone', 'merge_install': False, 'path': '/root/Capstone/ros2_ws/src/capstone', 'symlink_install': False, 'test_result_base': None}
[0.097s] Level 5:colcon.colcon_core.verb:set package 'robot' build argument 'cmake_args' from command line to 'None'
[0.097s] Level 5:colcon.colcon_core.verb:set package 'robot' build argument 'cmake_target' from command line to 'None'
[0.097s] Level 5:colcon.colcon_core.verb:set package 'robot' build argument 'cmake_target_skip_unavailable' from command line to 'False'
[0.097s] Level 5:colcon.colcon_core.verb:set package 'robot' build argument 'cmake_clean_cache' from command line to 'False'
[0.097s] Level 5:colcon.colcon_core.verb:set package 'robot' build argument 'cmake_clean_first' from command line to 'False'
[0.097s] Level 5:colcon.colcon_core.verb:set package 'robot' build argument 'cmake_force_configure' from command line to 'False'
[0.097s] Level 5:colcon.colcon_core.verb:set package 'robot' build argument 'ament_cmake_args' from command line to 'None'
[0.097s] Level 5:colcon.colcon_core.verb:set package 'robot' build argument 'catkin_cmake_args' from command line to 'None'
[0.097s] Level 5:colcon.colcon_core.verb:set package 'robot' build argument 'catkin_skip_building_tests' from command line to 'False'
[0.098s] DEBUG:colcon.colcon_core.verb:Building package 'robot' with the following arguments: {'ament_cmake_args': None, 'build_base': '/root/Capstone/ros2_ws/build/robot', 'catkin_cmake_args': None, 'catkin_skip_building_tests': False, 'cmake_args': None, 'cmake_clean_cache': False, 'cmake_clean_first': False, 'cmake_force_configure': False, 'cmake_target': None, 'cmake_target_skip_unavailable': False, 'install_base': '/root/Capstone/ros2_ws/install/robot', 'merge_install': False, 'path': '/root/Capstone/ros2_ws/src/robot', 'symlink_install': False, 'test_result_base': None}
[0.098s] INFO:colcon.colcon_core.executor:Executing jobs using 'parallel' executor
[0.098s] DEBUG:colcon.colcon_parallel_executor.executor.parallel:run_until_complete
[0.098s] INFO:colcon.colcon_ros.task.ament_cmake.build:Building ROS package in '/root/Capstone/ros2_ws/src/capstone' with build type 'ament_cmake'
[0.098s] INFO:colcon.colcon_cmake.task.cmake.build:Building CMake package in '/root/Capstone/ros2_ws/src/capstone'
[0.099s] INFO:colcon.colcon_core.plugin_system:Skipping extension 'colcon_core.shell.bat': Not used on non-Windows systems
[0.099s] INFO:colcon.colcon_core.shell:Skip shell extension 'powershell' for command environment: Not usable outside of PowerShell
[0.099s] DEBUG:colcon.colcon_core.shell:Skip shell extension 'dsv' for command environment
[0.103s] INFO:colcon.colcon_ros.task.ament_python.build:Building ROS package in '/root/Capstone/ros2_ws/src/robot' with build type 'ament_python'
[0.103s] Level 1:colcon.colcon_core.shell:create_environment_hook('robot', 'ament_prefix_path')
[0.103s] INFO:colcon.colcon_core.shell:Creating environment hook '/root/Capstone/ros2_ws/install/robot/share/robot/hook/ament_prefix_path.ps1'
[0.103s] INFO:colcon.colcon_core.shell:Creating environment descriptor '/root/Capstone/ros2_ws/install/robot/share/robot/hook/ament_prefix_path.dsv'
[0.103s] INFO:colcon.colcon_core.shell:Creating environment hook '/root/Capstone/ros2_ws/install/robot/share/robot/hook/ament_prefix_path.sh'
[0.104s] INFO:colcon.colcon_core.shell:Skip shell extension 'powershell' for command environment: Not usable outside of PowerShell
[0.104s] DEBUG:colcon.colcon_core.shell:Skip shell extension 'dsv' for command environment
[0.108s] DEBUG:colcon.colcon_core.event_handler.log_command:Invoking command in '/root/Capstone/ros2_ws/build/capstone': CMAKE_PREFIX_PATH=${CMAKE_PREFIX_PATH}:/root/Capstone/ros2_ws/install/robot:/root/turtlebot3_ws/install/turtlebot3_teleop:/root/turtlebot3_ws/install/turtlebot3_example:/opt/ros/humble /usr/bin/cmake --build /root/Capstone/ros2_ws/build/capstone -- -j20 -l20
[0.195s] INFO:colcon.colcon_core.task.python.build:Building Python package in '/root/Capstone/ros2_ws/src/robot'
[0.195s] INFO:colcon.colcon_core.shell:Skip shell extension 'powershell' for command environment: Not usable outside of PowerShell
[0.195s] DEBUG:colcon.colcon_core.shell:Skip shell extension 'dsv' for command environment
[0.199s] DEBUG:colcon.colcon_core.event_handler.log_command:Invoked command in '/root/Capstone/ros2_ws/build/capstone' returned '0': CMAKE_PREFIX_PATH=${CMAKE_PREFIX_PATH}:/root/Capstone/ros2_ws/install/robot:/root/turtlebot3_ws/install/turtlebot3_teleop:/root/turtlebot3_ws/install/turtlebot3_example:/opt/ros/humble /usr/bin/cmake --build /root/Capstone/ros2_ws/build/capstone -- -j20 -l20
[0.213s] DEBUG:colcon.colcon_core.event_handler.log_command:Invoking command in '/root/Capstone/ros2_ws/build/capstone': CMAKE_PREFIX_PATH=${CMAKE_PREFIX_PATH}:/root/Capstone/ros2_ws/install/robot:/root/turtlebot3_ws/install/turtlebot3_teleop:/root/turtlebot3_ws/install/turtlebot3_example:/opt/ros/humble /usr/bin/cmake --install /root/Capstone/ros2_ws/build/capstone
[0.219s] Level 1:colcon.colcon_core.environment:create_environment_scripts_only(capstone)
[0.219s] DEBUG:colcon.colcon_core.event_handler.log_command:Invoked command in '/root/Capstone/ros2_ws/build/capstone' returned '0': CMAKE_PREFIX_PATH=${CMAKE_PREFIX_PATH}:/root/Capstone/ros2_ws/install/robot:/root/turtlebot3_ws/install/turtlebot3_teleop:/root/turtlebot3_ws/install/turtlebot3_example:/opt/ros/humble /usr/bin/cmake --install /root/Capstone/ros2_ws/build/capstone
[0.220s] Level 1:colcon.colcon_core.environment:checking '/root/Capstone/ros2_ws/install/capstone' for CMake module files
[0.220s] Level 1:colcon.colcon_core.environment:checking '/root/Capstone/ros2_ws/install/capstone' for CMake config files
[0.220s] Level 1:colcon.colcon_core.shell:create_environment_hook('capstone', 'cmake_prefix_path')
[0.221s] INFO:colcon.colcon_core.shell:Creating environment hook '/root/Capstone/ros2_ws/install/capstone/share/capstone/hook/cmake_prefix_path.ps1'
[0.221s] INFO:colcon.colcon_core.shell:Creating environment descriptor '/root/Capstone/ros2_ws/install/capstone/share/capstone/hook/cmake_prefix_path.dsv'
[0.221s] INFO:colcon.colcon_core.shell:Creating environment hook '/root/Capstone/ros2_ws/install/capstone/share/capstone/hook/cmake_prefix_path.sh'
[0.221s] Level 1:colcon.colcon_core.environment:checking '/root/Capstone/ros2_ws/install/capstone/bin'
[0.221s] Level 1:colcon.colcon_core.environment:checking '/root/Capstone/ros2_ws/install/capstone/lib/pkgconfig/capstone.pc'
[0.221s] Level 1:colcon.colcon_core.environment:checking '/root/Capstone/ros2_ws/install/capstone/lib/python3.10/site-packages'
[0.221s] Level 1:colcon.colcon_core.environment:checking '/root/Capstone/ros2_ws/install/capstone/bin'
[0.221s] INFO:colcon.colcon_core.shell:Creating package script '/root/Capstone/ros2_ws/install/capstone/share/capstone/package.ps1'
[0.222s] INFO:colcon.colcon_core.shell:Creating package descriptor '/root/Capstone/ros2_ws/install/capstone/share/capstone/package.dsv'
[0.222s] INFO:colcon.colcon_core.shell:Creating package script '/root/Capstone/ros2_ws/install/capstone/share/capstone/package.sh'
[0.222s] INFO:colcon.colcon_core.shell:Creating package script '/root/Capstone/ros2_ws/install/capstone/share/capstone/package.bash'
[0.223s] INFO:colcon.colcon_core.shell:Creating package script '/root/Capstone/ros2_ws/install/capstone/share/capstone/package.zsh'
[0.223s] Level 1:colcon.colcon_core.environment:create_file_with_runtime_dependencies(/root/Capstone/ros2_ws/install/capstone/share/colcon-core/packages/capstone)
[0.233s] Level 1:colcon.colcon_core.environment:create_environment_scripts_only(capstone)
[0.233s] Level 1:colcon.colcon_core.environment:checking '/root/Capstone/ros2_ws/install/capstone' for CMake module files
[0.233s] Level 1:colcon.colcon_core.environment:checking '/root/Capstone/ros2_ws/install/capstone' for CMake config files
[0.233s] Level 1:colcon.colcon_core.shell:create_environment_hook('capstone', 'cmake_prefix_path')
[0.233s] INFO:colcon.colcon_core.shell:Creating environment hook '/root/Capstone/ros2_ws/install/capstone/share/capstone/hook/cmake_prefix_path.ps1'
[0.233s] INFO:colcon.colcon_core.shell:Creating environment descriptor '/root/Capstone/ros2_ws/install/capstone/share/capstone/hook/cmake_prefix_path.dsv'
[0.233s] INFO:colcon.colcon_core.shell:Creating environment hook '/root/Capstone/ros2_ws/install/capstone/share/capstone/hook/cmake_prefix_path.sh'
[0.234s] Level 1:colcon.colcon_core.environment:checking '/root/Capstone/ros2_ws/install/capstone/bin'
[0.234s] Level 1:colcon.colcon_core.environment:checking '/root/Capstone/ros2_ws/install/capstone/lib/pkgconfig/capstone.pc'
[0.234s] Level 1:colcon.colcon_core.environment:checking '/root/Capstone/ros2_ws/install/capstone/lib/python3.10/site-packages'
[0.234s] Level 1:colcon.colcon_core.environment:checking '/root/Capstone/ros2_ws/install/capstone/bin'
[0.234s] INFO:colcon.colcon_core.shell:Creating package script '/root/Capstone/ros2_ws/install/capstone/share/capstone/package.ps1'
[0.234s] INFO:colcon.colcon_core.shell:Creating package descriptor '/root/Capstone/ros2_ws/install/capstone/share/capstone/package.dsv'
[0.234s] INFO:colcon.colcon_core.shell:Creating package script '/root/Capstone/ros2_ws/install/capstone/share/capstone/package.sh'
[0.235s] INFO:colcon.colcon_core.shell:Creating package script '/root/Capstone/ros2_ws/install/capstone/share/capstone/package.bash'
[0.235s] INFO:colcon.colcon_core.shell:Creating package script '/root/Capstone/ros2_ws/install/capstone/share/capstone/package.zsh'
[0.235s] Level 1:colcon.colcon_core.environment:create_file_with_runtime_dependencies(/root/Capstone/ros2_ws/install/capstone/share/colcon-core/packages/capstone)
[0.427s] DEBUG:colcon.colcon_core.event_handler.log_command:Invoking command in '/root/Capstone/ros2_ws/src/robot': PYTHONPATH=/root/Capstone/ros2_ws/build/robot/prefix_override:/root/Capstone/ros2_ws/install/robot/lib/python3.10/site-packages:${PYTHONPATH} /usr/bin/python3 -W ignore:setup.py install is deprecated setup.py egg_info --egg-base ../../build/robot build --build-base /root/Capstone/ros2_ws/build/robot/build install --record /root/Capstone/ros2_ws/build/robot/install.log --single-version-externally-managed install_data
[0.624s] Level 1:colcon.colcon_core.environment:checking '/root/Capstone/ros2_ws/install/robot' for CMake module files
[0.624s] DEBUG:colcon.colcon_core.event_handler.log_command:Invoked command in '/root/Capstone/ros2_ws/src/robot' returned '0': PYTHONPATH=/root/Capstone/ros2_ws/build/robot/prefix_override:/root/Capstone/ros2_ws/install/robot/lib/python3.10/site-packages:${PYTHONPATH} /usr/bin/python3 -W ignore:setup.py install is deprecated setup.py egg_info --egg-base ../../build/robot build --build-base /root/Capstone/ros2_ws/build/robot/build install --record /root/Capstone/ros2_ws/build/robot/install.log --single-version-externally-managed install_data
[0.624s] Level 1:colcon.colcon_core.environment:checking '/root/Capstone/ros2_ws/install/robot' for CMake config files
[0.625s] Level 1:colcon.colcon_core.environment:checking '/root/Capstone/ros2_ws/install/robot/lib'
[0.625s] Level 1:colcon.colcon_core.environment:checking '/root/Capstone/ros2_ws/install/robot/bin'
[0.625s] Level 1:colcon.colcon_core.environment:checking '/root/Capstone/ros2_ws/install/robot/lib/pkgconfig/robot.pc'
[0.625s] Level 1:colcon.colcon_core.environment:checking '/root/Capstone/ros2_ws/install/robot/lib/python3.10/site-packages'
[0.625s] Level 1:colcon.colcon_core.shell:create_environment_hook('robot', 'pythonpath')
[0.625s] INFO:colcon.colcon_core.shell:Creating environment hook '/root/Capstone/ros2_ws/install/robot/share/robot/hook/pythonpath.ps1'
[0.625s] INFO:colcon.colcon_core.shell:Creating environment descriptor '/root/Capstone/ros2_ws/install/robot/share/robot/hook/pythonpath.dsv'
[0.625s] INFO:colcon.colcon_core.shell:Creating environment hook '/root/Capstone/ros2_ws/install/robot/share/robot/hook/pythonpath.sh'
[0.625s] Level 1:colcon.colcon_core.environment:checking '/root/Capstone/ros2_ws/install/robot/bin'
[0.625s] Level 1:colcon.colcon_core.environment:create_environment_scripts_only(robot)
[0.626s] INFO:colcon.colcon_core.shell:Creating package script '/root/Capstone/ros2_ws/install/robot/share/robot/package.ps1'
[0.626s] INFO:colcon.colcon_core.shell:Creating package descriptor '/root/Capstone/ros2_ws/install/robot/share/robot/package.dsv'
[0.626s] INFO:colcon.colcon_core.shell:Creating package script '/root/Capstone/ros2_ws/install/robot/share/robot/package.sh'
[0.626s] INFO:colcon.colcon_core.shell:Creating package script '/root/Capstone/ros2_ws/install/robot/share/robot/package.bash'
[0.626s] INFO:colcon.colcon_core.shell:Creating package script '/root/Capstone/ros2_ws/install/robot/share/robot/package.zsh'
[0.626s] Level 1:colcon.colcon_core.environment:create_file_with_runtime_dependencies(/root/Capstone/ros2_ws/install/robot/share/colcon-core/packages/robot)
[0.626s] DEBUG:colcon.colcon_parallel_executor.executor.parallel:closing loop
[0.627s] DEBUG:colcon.colcon_parallel_executor.executor.parallel:loop closed
[0.627s] DEBUG:colcon.colcon_parallel_executor.executor.parallel:run_until_complete finished with '0'
[0.627s] DEBUG:colcon.colcon_core.event_reactor:joining thread
[0.631s] INFO:colcon.colcon_core.plugin_system:Skipping extension 'colcon_notification.desktop_notification.notify_send': Could not find 'notify-send'
[0.631s] INFO:colcon.colcon_core.plugin_system:Skipping extension 'colcon_notification.desktop_notification.terminal_notifier': Not used on non-Darwin systems
[0.631s] INFO:colcon.colcon_core.plugin_system:Skipping extension 'colcon_notification.desktop_notification.win32': Not used on non-Windows systems
[0.631s] INFO:colcon.colcon_notification.desktop_notification:Sending desktop notification using 'notify2'
[0.633s] DEBUG:colcon.colcon_notification.desktop_notification.notify2:Failed to initialize notify2: org.freedesktop.DBus.Error.ServiceUnknown: The name org.freedesktop.Notifications was not provided by any .service files
[0.634s] DEBUG:colcon.colcon_core.event_reactor:joined thread
[0.634s] INFO:colcon.colcon_core.shell:Creating prefix script '/root/Capstone/ros2_ws/install/local_setup.ps1'
[0.634s] INFO:colcon.colcon_core.shell:Creating prefix util module '/root/Capstone/ros2_ws/install/_local_setup_util_ps1.py'
[0.635s] INFO:colcon.colcon_core.shell:Creating prefix chain script '/root/Capstone/ros2_ws/install/setup.ps1'
[0.636s] INFO:colcon.colcon_core.shell:Creating prefix script '/root/Capstone/ros2_ws/install/local_setup.sh'
[0.636s] INFO:colcon.colcon_core.shell:Creating prefix util module '/root/Capstone/ros2_ws/install/_local_setup_util_sh.py'
[0.636s] INFO:colcon.colcon_core.shell:Creating prefix chain script '/root/Capstone/ros2_ws/install/setup.sh'
[0.637s] INFO:colcon.colcon_core.shell:Creating prefix script '/root/Capstone/ros2_ws/install/local_setup.bash'
[0.637s] INFO:colcon.colcon_core.shell:Creating prefix chain script '/root/Capstone/ros2_ws/install/setup.bash'
[0.638s] INFO:colcon.colcon_core.shell:Creating prefix script '/root/Capstone/ros2_ws/install/local_setup.zsh'
[0.638s] INFO:colcon.colcon_core.shell:Creating prefix chain script '/root/Capstone/ros2_ws/install/setup.zsh'
