[0.018s] Invoking command in '/home/su1jun/Capstone/ros2_ws/build/dynamixel_hardware': CMAKE_PREFIX_PATH=${CMAKE_PREFIX_PATH}:/home/su1jun/Capstone/ros2_ws/install/serial_motor_demo:/home/su1jun/Capstone/ros2_ws/install/robot:/opt/ros/humble /usr/bin/cmake /home/su1jun/Capstone/ros2_ws/src/dynamixel_hardware -DCMAKE_INSTALL_PREFIX=/home/su1jun/Capstone/ros2_ws/install/dynamixel_hardware
[0.042s] -- Found ament_cmake: 1.3.9 (/opt/ros/humble/share/ament_cmake/cmake)
[0.240s] -- Override CMake install command with custom implementation using symlinks instead of copying resources
[0.249s] -- Found rclcpp: 16.0.9 (/opt/ros/humble/share/rclcpp/cmake)
[0.298s] -- Found rosidl_generator_c: 3.1.5 (/opt/ros/humble/share/rosidl_generator_c/cmake)
[0.301s] -- Found rosidl_adapter: 3.1.5 (/opt/ros/humble/share/rosidl_adapter/cmake)
[0.313s] -- Found rosidl_generator_cpp: 3.1.5 (/opt/ros/humble/share/rosidl_generator_cpp/cmake)
[0.332s] -- Using all available rosidl_typesupport_c: rosidl_typesupport_fastrtps_c;rosidl_typesupport_introspection_c
[0.355s] -- Using all available rosidl_typesupport_cpp: rosidl_typesupport_fastrtps_cpp;rosidl_typesupport_introspection_cpp
[0.444s] -- Found rmw_implementation_cmake: 6.1.2 (/opt/ros/humble/share/rmw_implementation_cmake/cmake)
[0.447s] -- Found rmw_fastrtps_cpp: 6.2.6 (/opt/ros/humble/share/rmw_fastrtps_cpp/cmake)
[0.675s] -- Using RMW implementation 'rmw_fastrtps_cpp' as default
[1.040s] -- Found rclcpp_lifecycle: 16.0.9 (/opt/ros/humble/share/rclcpp_lifecycle/cmake)
[1.125s] -- Found hardware_interface: 2.41.0 (/opt/ros/humble/share/hardware_interface/cmake)
[2.092s] -- Found dynamixel_workbench_toolbox: 2.2.3 (/opt/ros/humble/share/dynamixel_workbench_toolbox/cmake)
[2.227s] -- Found ament_lint_auto: 0.12.11 (/opt/ros/humble/share/ament_lint_auto/cmake)
[2.414s] -- Added test 'copyright' to check source files copyright and LICENSE
[2.420s] -- Added test 'cppcheck' to perform static code analysis on C / C++ code
[2.447s] -- Configured cppcheck include dirs: /home/su1jun/Capstone/ros2_ws/src/dynamixel_hardware/include
[2.447s] -- Configured cppcheck exclude dirs and/or files: 
[2.451s] -- Added test 'cpplint' to check C / C++ code against the Google style
[2.451s] -- Configured cpplint exclude dirs and/or files: 
[2.464s] -- Added test 'lint_cmake' to check CMake code style
[2.465s] -- Added test 'uncrustify' to check C / C++ code style
[2.465s] -- Configured uncrustify additional arguments: 
[2.470s] -- Added test 'xmllint' to check XML markup files
[2.478s] -- Configuring done
[2.547s] -- Generating done
[2.547s] -- Build files have been written to: /home/su1jun/Capstone/ros2_ws/build/dynamixel_hardware
[2.574s] Invoked command in '/home/su1jun/Capstone/ros2_ws/build/dynamixel_hardware' returned '0': CMAKE_PREFIX_PATH=${CMAKE_PREFIX_PATH}:/home/su1jun/Capstone/ros2_ws/install/serial_motor_demo:/home/su1jun/Capstone/ros2_ws/install/robot:/opt/ros/humble /usr/bin/cmake /home/su1jun/Capstone/ros2_ws/src/dynamixel_hardware -DCMAKE_INSTALL_PREFIX=/home/su1jun/Capstone/ros2_ws/install/dynamixel_hardware
[2.575s] Invoking command in '/home/su1jun/Capstone/ros2_ws/build/dynamixel_hardware': CMAKE_PREFIX_PATH=${CMAKE_PREFIX_PATH}:/home/su1jun/Capstone/ros2_ws/install/serial_motor_demo:/home/su1jun/Capstone/ros2_ws/install/robot:/opt/ros/humble /usr/bin/cmake --build /home/su1jun/Capstone/ros2_ws/build/dynamixel_hardware -- -j4 -l4
[2.638s] [35m[1mConsolidate compiler generated dependencies of target dynamixel_hardware[0m
[2.665s] [100%] Built target dynamixel_hardware
[2.682s] Invoked command in '/home/su1jun/Capstone/ros2_ws/build/dynamixel_hardware' returned '0': CMAKE_PREFIX_PATH=${CMAKE_PREFIX_PATH}:/home/su1jun/Capstone/ros2_ws/install/serial_motor_demo:/home/su1jun/Capstone/ros2_ws/install/robot:/opt/ros/humble /usr/bin/cmake --build /home/su1jun/Capstone/ros2_ws/build/dynamixel_hardware -- -j4 -l4
[2.722s] Invoking command in '/home/su1jun/Capstone/ros2_ws/build/dynamixel_hardware': CMAKE_PREFIX_PATH=${CMAKE_PREFIX_PATH}:/home/su1jun/Capstone/ros2_ws/install/serial_motor_demo:/home/su1jun/Capstone/ros2_ws/install/robot:/opt/ros/humble /usr/bin/cmake --install /home/su1jun/Capstone/ros2_ws/build/dynamixel_hardware
[2.743s] -- Install configuration: ""
[2.751s] -- Execute custom install script
[2.752s] -- Up-to-date symlink: /home/su1jun/Capstone/ros2_ws/install/dynamixel_hardware/share/dynamixel_hardware//dynamixel_hardware.xml
[2.754s] -- Up-to-date symlink: /home/su1jun/Capstone/ros2_ws/install/dynamixel_hardware/lib/libdynamixel_hardware.so
[2.760s] -- Up-to-date symlink: /home/su1jun/Capstone/ros2_ws/install/dynamixel_hardware/include/dynamixel_hardware/dynamixel_hardware.hpp
[2.761s] -- Up-to-date symlink: /home/su1jun/Capstone/ros2_ws/install/dynamixel_hardware/include/dynamixel_hardware/visiblity_control.h
[2.762s] -- Up-to-date symlink: /home/su1jun/Capstone/ros2_ws/install/dynamixel_hardware/share/dynamixel_hardware/environment/library_path.sh
[2.763s] -- Up-to-date symlink: /home/su1jun/Capstone/ros2_ws/install/dynamixel_hardware/share/dynamixel_hardware/environment/library_path.dsv
[2.764s] -- Up-to-date symlink: /home/su1jun/Capstone/ros2_ws/install/dynamixel_hardware/share/ament_index/resource_index/package_run_dependencies/dynamixel_hardware
[2.765s] -- Up-to-date symlink: /home/su1jun/Capstone/ros2_ws/install/dynamixel_hardware/share/ament_index/resource_index/parent_prefix_path/dynamixel_hardware
[2.767s] -- Up-to-date symlink: /home/su1jun/Capstone/ros2_ws/install/dynamixel_hardware/share/dynamixel_hardware/environment/ament_prefix_path.sh
[2.768s] -- Up-to-date symlink: /home/su1jun/Capstone/ros2_ws/install/dynamixel_hardware/share/dynamixel_hardware/environment/ament_prefix_path.dsv
[2.769s] -- Up-to-date symlink: /home/su1jun/Capstone/ros2_ws/install/dynamixel_hardware/share/dynamixel_hardware/environment/path.sh
[2.770s] -- Up-to-date symlink: /home/su1jun/Capstone/ros2_ws/install/dynamixel_hardware/share/dynamixel_hardware/environment/path.dsv
[2.771s] -- Up-to-date symlink: /home/su1jun/Capstone/ros2_ws/install/dynamixel_hardware/share/dynamixel_hardware/local_setup.bash
[2.772s] -- Up-to-date symlink: /home/su1jun/Capstone/ros2_ws/install/dynamixel_hardware/share/dynamixel_hardware/local_setup.sh
[2.773s] -- Up-to-date symlink: /home/su1jun/Capstone/ros2_ws/install/dynamixel_hardware/share/dynamixel_hardware/local_setup.zsh
[2.774s] -- Up-to-date symlink: /home/su1jun/Capstone/ros2_ws/install/dynamixel_hardware/share/dynamixel_hardware/local_setup.dsv
[2.776s] -- Symlinking: /home/su1jun/Capstone/ros2_ws/install/dynamixel_hardware/share/dynamixel_hardware/package.dsv
[2.792s] -- Up-to-date symlink: /home/su1jun/Capstone/ros2_ws/install/dynamixel_hardware/share/ament_index/resource_index/packages/dynamixel_hardware
[2.793s] -- Up-to-date symlink: /home/su1jun/Capstone/ros2_ws/install/dynamixel_hardware/share/ament_index/resource_index/hardware_interface__pluginlib__plugin/dynamixel_hardware
[2.794s] -- Up-to-date symlink: /home/su1jun/Capstone/ros2_ws/install/dynamixel_hardware/share/dynamixel_hardware/cmake/ament_cmake_export_include_directories-extras.cmake
[2.795s] -- Up-to-date symlink: /home/su1jun/Capstone/ros2_ws/install/dynamixel_hardware/share/dynamixel_hardware/cmake/ament_cmake_export_libraries-extras.cmake
[2.796s] -- Up-to-date symlink: /home/su1jun/Capstone/ros2_ws/install/dynamixel_hardware/share/dynamixel_hardware/cmake/ament_cmake_export_dependencies-extras.cmake
[2.797s] -- Up-to-date symlink: /home/su1jun/Capstone/ros2_ws/install/dynamixel_hardware/share/dynamixel_hardware/cmake/dynamixel_hardwareConfig.cmake
[2.798s] -- Up-to-date symlink: /home/su1jun/Capstone/ros2_ws/install/dynamixel_hardware/share/dynamixel_hardware/cmake/dynamixel_hardwareConfig-version.cmake
[2.799s] -- Up-to-date symlink: /home/su1jun/Capstone/ros2_ws/install/dynamixel_hardware/share/dynamixel_hardware/package.xml
[2.816s] Invoked command in '/home/su1jun/Capstone/ros2_ws/build/dynamixel_hardware' returned '0': CMAKE_PREFIX_PATH=${CMAKE_PREFIX_PATH}:/home/su1jun/Capstone/ros2_ws/install/serial_motor_demo:/home/su1jun/Capstone/ros2_ws/install/robot:/opt/ros/humble /usr/bin/cmake --install /home/su1jun/Capstone/ros2_ws/build/dynamixel_hardware
