[0.188s] Invoking command in '/home/su1jun/Capstone/ros2_ws/build/turtlebot3_navigation': /usr/bin/cmake /home/su1jun/Capstone/ros2_ws/src/turtlebot3_navigation -DCATKIN_INSTALL_INTO_PREFIX_ROOT=0 -DCMAKE_INSTALL_PREFIX=/home/su1jun/Capstone/ros2_ws/install/turtlebot3_navigation
[0.217s] -- The C compiler identification is GNU 11.4.0
[0.245s] -- The CXX compiler identification is GNU 11.4.0
[0.251s] -- Detecting C compiler ABI info
[0.287s] -- Detecting C compiler ABI info - done
[0.291s] -- Check for working C compiler: /usr/bin/cc - skipped
[0.291s] -- Detecting C compile features
[0.291s] -- Detecting C compile features - done
[0.293s] -- Detecting CXX compiler ABI info
[0.332s] -- Detecting CXX compiler ABI info - done
[0.339s] -- Check for working CXX compiler: /usr/bin/c++ - skipped
[0.339s] -- Detecting CXX compile features
[0.339s] -- Detecting CXX compile features - done
[0.346s] [31mCMake Error at CMakeLists.txt:10 (find_package):
[0.346s]   By not providing "Findcatkin.cmake" in CMAKE_MODULE_PATH this project has
[0.347s]   asked CMake to find a package configuration file provided by "catkin", but
[0.347s]   CMake did not find one.
[0.347s] 
[0.347s]   Could not find a package configuration file provided by "catkin" with any
[0.347s]   of the following names:
[0.348s] 
[0.348s]     catkinConfig.cmake
[0.348s]     catkin-config.cmake
[0.348s] 
[0.348s]   Add the installation prefix of "catkin" to CMAKE_PREFIX_PATH or set
[0.348s]   "catkin_DIR" to a directory containing one of the above files.  If "catkin"
[0.348s]   provides a separate development package or SDK, be sure it has been
[0.349s]   installed.
[0.349s] 
[0.349s] [0m
[0.349s] -- Configuring incomplete, errors occurred!
[0.349s] See also "/home/su1jun/Capstone/ros2_ws/build/turtlebot3_navigation/CMakeFiles/CMakeOutput.log".
[0.373s] Invoked command in '/home/su1jun/Capstone/ros2_ws/build/turtlebot3_navigation' returned '1': /usr/bin/cmake /home/su1jun/Capstone/ros2_ws/src/turtlebot3_navigation -DCATKIN_INSTALL_INTO_PREFIX_ROOT=0 -DCMAKE_INSTALL_PREFIX=/home/su1jun/Capstone/ros2_ws/install/turtlebot3_navigation
