[0.055s] Invoking command in '/home/su1jun/Capstone/ros2_ws/build/turtlebot3_simulations': CMAKE_PREFIX_PATH=/home/su1jun/Capstone/ros2_ws/install/turtlebot3_gazebo:/home/su1jun/Capstone/ros2_ws/install/turtlebot3_fake_node:/home/su1jun/Capstone/ros2_ws/install/turtlebot3_simulations:/home/su1jun/Capstone/ros2_ws/install/rosbridge_server:/home/su1jun/Capstone/ros2_ws/install/capstone:/home/su1jun/Capstone/ros2_ws/install/articubot_one:/home/su1jun/turtlebot3_ws/install/turtlebot3_simulations:/home/su1jun/turtlebot3_ws/install/turtlebot3_gazebo:/home/su1jun/turtlebot3_ws/install/turtlebot3_fake_node:/home/su1jun/Capstone/ros2_ws/install/robot:/opt/ros/humble /usr/bin/cmake --build /home/su1jun/Capstone/ros2_ws/build/turtlebot3_simulations -- -j20 -l20
[0.089s] Invoked command in '/home/su1jun/Capstone/ros2_ws/build/turtlebot3_simulations' returned '0': CMAKE_PREFIX_PATH=/home/su1jun/Capstone/ros2_ws/install/turtlebot3_gazebo:/home/su1jun/Capstone/ros2_ws/install/turtlebot3_fake_node:/home/su1jun/Capstone/ros2_ws/install/turtlebot3_simulations:/home/su1jun/Capstone/ros2_ws/install/rosbridge_server:/home/su1jun/Capstone/ros2_ws/install/capstone:/home/su1jun/Capstone/ros2_ws/install/articubot_one:/home/su1jun/turtlebot3_ws/install/turtlebot3_simulations:/home/su1jun/turtlebot3_ws/install/turtlebot3_gazebo:/home/su1jun/turtlebot3_ws/install/turtlebot3_fake_node:/home/su1jun/Capstone/ros2_ws/install/robot:/opt/ros/humble /usr/bin/cmake --build /home/su1jun/Capstone/ros2_ws/build/turtlebot3_simulations -- -j20 -l20
[0.107s] Invoking command in '/home/su1jun/Capstone/ros2_ws/build/turtlebot3_simulations': CMAKE_PREFIX_PATH=/home/su1jun/Capstone/ros2_ws/install/turtlebot3_gazebo:/home/su1jun/Capstone/ros2_ws/install/turtlebot3_fake_node:/home/su1jun/Capstone/ros2_ws/install/turtlebot3_simulations:/home/su1jun/Capstone/ros2_ws/install/rosbridge_server:/home/su1jun/Capstone/ros2_ws/install/capstone:/home/su1jun/Capstone/ros2_ws/install/articubot_one:/home/su1jun/turtlebot3_ws/install/turtlebot3_simulations:/home/su1jun/turtlebot3_ws/install/turtlebot3_gazebo:/home/su1jun/turtlebot3_ws/install/turtlebot3_fake_node:/home/su1jun/Capstone/ros2_ws/install/robot:/opt/ros/humble /usr/bin/cmake --install /home/su1jun/Capstone/ros2_ws/build/turtlebot3_simulations
[0.111s] -- Install configuration: ""
[0.111s] -- Up-to-date: /home/su1jun/Capstone/ros2_ws/install/turtlebot3_simulations/share/ament_index/resource_index/package_run_dependencies/turtlebot3_simulations
[0.111s] -- Up-to-date: /home/su1jun/Capstone/ros2_ws/install/turtlebot3_simulations/share/ament_index/resource_index/parent_prefix_path/turtlebot3_simulations
[0.111s] -- Up-to-date: /home/su1jun/Capstone/ros2_ws/install/turtlebot3_simulations/share/turtlebot3_simulations/environment/ament_prefix_path.sh
[0.111s] -- Up-to-date: /home/su1jun/Capstone/ros2_ws/install/turtlebot3_simulations/share/turtlebot3_simulations/environment/ament_prefix_path.dsv
[0.111s] -- Up-to-date: /home/su1jun/Capstone/ros2_ws/install/turtlebot3_simulations/share/turtlebot3_simulations/environment/path.sh
[0.111s] -- Up-to-date: /home/su1jun/Capstone/ros2_ws/install/turtlebot3_simulations/share/turtlebot3_simulations/environment/path.dsv
[0.111s] -- Up-to-date: /home/su1jun/Capstone/ros2_ws/install/turtlebot3_simulations/share/turtlebot3_simulations/local_setup.bash
[0.111s] -- Up-to-date: /home/su1jun/Capstone/ros2_ws/install/turtlebot3_simulations/share/turtlebot3_simulations/local_setup.sh
[0.111s] -- Up-to-date: /home/su1jun/Capstone/ros2_ws/install/turtlebot3_simulations/share/turtlebot3_simulations/local_setup.zsh
[0.111s] -- Up-to-date: /home/su1jun/Capstone/ros2_ws/install/turtlebot3_simulations/share/turtlebot3_simulations/local_setup.dsv
[0.111s] -- Up-to-date: /home/su1jun/Capstone/ros2_ws/install/turtlebot3_simulations/share/turtlebot3_simulations/package.dsv
[0.111s] -- Up-to-date: /home/su1jun/Capstone/ros2_ws/install/turtlebot3_simulations/share/ament_index/resource_index/packages/turtlebot3_simulations
[0.111s] -- Up-to-date: /home/su1jun/Capstone/ros2_ws/install/turtlebot3_simulations/share/turtlebot3_simulations/cmake/turtlebot3_simulationsConfig.cmake
[0.111s] -- Up-to-date: /home/su1jun/Capstone/ros2_ws/install/turtlebot3_simulations/share/turtlebot3_simulations/cmake/turtlebot3_simulationsConfig-version.cmake
[0.111s] -- Up-to-date: /home/su1jun/Capstone/ros2_ws/install/turtlebot3_simulations/share/turtlebot3_simulations/package.xml
[0.112s] Invoked command in '/home/su1jun/Capstone/ros2_ws/build/turtlebot3_simulations' returned '0': CMAKE_PREFIX_PATH=/home/su1jun/Capstone/ros2_ws/install/turtlebot3_gazebo:/home/su1jun/Capstone/ros2_ws/install/turtlebot3_fake_node:/home/su1jun/Capstone/ros2_ws/install/turtlebot3_simulations:/home/su1jun/Capstone/ros2_ws/install/rosbridge_server:/home/su1jun/Capstone/ros2_ws/install/capstone:/home/su1jun/Capstone/ros2_ws/install/articubot_one:/home/su1jun/turtlebot3_ws/install/turtlebot3_simulations:/home/su1jun/turtlebot3_ws/install/turtlebot3_gazebo:/home/su1jun/turtlebot3_ws/install/turtlebot3_fake_node:/home/su1jun/Capstone/ros2_ws/install/robot:/opt/ros/humble /usr/bin/cmake --install /home/su1jun/Capstone/ros2_ws/build/turtlebot3_simulations
