[0.110s] DEBUG:colcon:Command line arguments: ['/usr/bin/colcon', 'build']
[0.110s] DEBUG:colcon:Parsed command line arguments: Namespace(log_base=None, log_level=None, verb_name='build', build_base='build', install_base='install', merge_install=False, symlink_install=False, test_result_base=None, continue_on_error=False, executor='parallel', parallel_workers=4, event_handlers=None, ignore_user_meta=False, metas=['./colcon.meta'], base_paths=['.'], packages_ignore=None, packages_ignore_regex=None, paths=None, packages_up_to=None, packages_up_to_regex=None, packages_above=None, packages_above_and_dependencies=None, packages_above_depth=None, packages_select_by_dep=None, packages_skip_by_dep=None, packages_skip_up_to=None, packages_select_build_failed=False, packages_skip_build_finished=False, packages_select_test_failures=False, packages_skip_test_passed=False, packages_select=None, packages_skip=None, packages_select_regex=None, packages_skip_regex=None, packages_start=None, packages_end=None, allow_overriding=[], cmake_args=None, cmake_target=None, cmake_target_skip_unavailable=False, cmake_clean_cache=False, cmake_clean_first=False, cmake_force_configure=False, ament_cmake_args=None, catkin_cmake_args=None, catkin_skip_building_tests=False, mixin_files=None, mixin=None, verb_parser=<colcon_mixin.mixin.mixin_argument.MixinArgumentDecorator object at 0x70ec0ea2eef0>, verb_extension=<colcon_core.verb.build.BuildVerb object at 0x70ec0ea2e860>, main=<bound method BuildVerb.main of <colcon_core.verb.build.BuildVerb object at 0x70ec0ea2e860>>, mixin_verb=('build',))
[0.287s] Level 1:colcon.colcon_core.package_discovery:discover_packages(colcon_meta) check parameters
[0.287s] Level 1:colcon.colcon_core.package_discovery:discover_packages(recursive) check parameters
[0.287s] Level 1:colcon.colcon_core.package_discovery:discover_packages(ignore) check parameters
[0.287s] Level 1:colcon.colcon_core.package_discovery:discover_packages(path) check parameters
[0.287s] Level 1:colcon.colcon_core.package_discovery:discover_packages(colcon_meta) discover
[0.287s] Level 1:colcon.colcon_core.package_discovery:discover_packages(recursive) discover
[0.287s] INFO:colcon.colcon_core.package_discovery:Crawling recursively for packages in '/home/su1jun/Capstone/ros2_ws'
[0.287s] Level 1:colcon.colcon_core.package_identification:_identify(.) by extensions ['ignore', 'ignore_ament_install']
[0.287s] Level 1:colcon.colcon_core.package_identification:_identify(.) by extension 'ignore'
[0.287s] Level 1:colcon.colcon_core.package_identification:_identify(.) by extension 'ignore_ament_install'
[0.287s] Level 1:colcon.colcon_core.package_identification:_identify(.) by extensions ['colcon_pkg']
[0.288s] Level 1:colcon.colcon_core.package_identification:_identify(.) by extension 'colcon_pkg'
[0.288s] Level 1:colcon.colcon_core.package_identification:_identify(.) by extensions ['colcon_meta']
[0.288s] Level 1:colcon.colcon_core.package_identification:_identify(.) by extension 'colcon_meta'
[0.288s] Level 1:colcon.colcon_core.package_identification:_identify(.) by extensions ['ros']
[0.288s] Level 1:colcon.colcon_core.package_identification:_identify(.) by extension 'ros'
[0.301s] Level 1:colcon.colcon_core.package_identification:_identify(.) by extensions ['cmake', 'python']
[0.301s] Level 1:colcon.colcon_core.package_identification:_identify(.) by extension 'cmake'
[0.301s] Level 1:colcon.colcon_core.package_identification:_identify(.) by extension 'python'
[0.301s] Level 1:colcon.colcon_core.package_identification:_identify(.) by extensions ['python_setup_py']
[0.301s] Level 1:colcon.colcon_core.package_identification:_identify(.) by extension 'python_setup_py'
[0.301s] Level 1:colcon.colcon_core.package_identification:_identify(build) by extensions ['ignore', 'ignore_ament_install']
[0.301s] Level 1:colcon.colcon_core.package_identification:_identify(build) by extension 'ignore'
[0.301s] Level 1:colcon.colcon_core.package_identification:_identify(build) ignored
[0.302s] Level 1:colcon.colcon_core.package_identification:_identify(install) by extensions ['ignore', 'ignore_ament_install']
[0.302s] Level 1:colcon.colcon_core.package_identification:_identify(install) by extension 'ignore'
[0.302s] Level 1:colcon.colcon_core.package_identification:_identify(install) ignored
[0.302s] Level 1:colcon.colcon_core.package_identification:_identify(log) by extensions ['ignore', 'ignore_ament_install']
[0.302s] Level 1:colcon.colcon_core.package_identification:_identify(log) by extension 'ignore'
[0.302s] Level 1:colcon.colcon_core.package_identification:_identify(log) ignored
[0.302s] Level 1:colcon.colcon_core.package_identification:_identify(src) by extensions ['ignore', 'ignore_ament_install']
[0.302s] Level 1:colcon.colcon_core.package_identification:_identify(src) by extension 'ignore'
[0.302s] Level 1:colcon.colcon_core.package_identification:_identify(src) by extension 'ignore_ament_install'
[0.302s] Level 1:colcon.colcon_core.package_identification:_identify(src) by extensions ['colcon_pkg']
[0.302s] Level 1:colcon.colcon_core.package_identification:_identify(src) by extension 'colcon_pkg'
[0.303s] Level 1:colcon.colcon_core.package_identification:_identify(src) by extensions ['colcon_meta']
[0.303s] Level 1:colcon.colcon_core.package_identification:_identify(src) by extension 'colcon_meta'
[0.303s] Level 1:colcon.colcon_core.package_identification:_identify(src) by extensions ['ros']
[0.303s] Level 1:colcon.colcon_core.package_identification:_identify(src) by extension 'ros'
[0.303s] Level 1:colcon.colcon_core.package_identification:_identify(src) by extensions ['cmake', 'python']
[0.303s] Level 1:colcon.colcon_core.package_identification:_identify(src) by extension 'cmake'
[0.303s] Level 1:colcon.colcon_core.package_identification:_identify(src) by extension 'python'
[0.303s] Level 1:colcon.colcon_core.package_identification:_identify(src) by extensions ['python_setup_py']
[0.303s] Level 1:colcon.colcon_core.package_identification:_identify(src) by extension 'python_setup_py'
[0.303s] Level 1:colcon.colcon_core.package_identification:_identify(src/articubot_one) by extensions ['ignore', 'ignore_ament_install']
[0.303s] Level 1:colcon.colcon_core.package_identification:_identify(src/articubot_one) by extension 'ignore'
[0.303s] Level 1:colcon.colcon_core.package_identification:_identify(src/articubot_one) by extension 'ignore_ament_install'
[0.303s] Level 1:colcon.colcon_core.package_identification:_identify(src/articubot_one) by extensions ['colcon_pkg']
[0.303s] Level 1:colcon.colcon_core.package_identification:_identify(src/articubot_one) by extension 'colcon_pkg'
[0.303s] Level 1:colcon.colcon_core.package_identification:_identify(src/articubot_one) by extensions ['colcon_meta']
[0.303s] Level 1:colcon.colcon_core.package_identification:_identify(src/articubot_one) by extension 'colcon_meta'
[0.303s] Level 1:colcon.colcon_core.package_identification:_identify(src/articubot_one) by extensions ['ros']
[0.303s] Level 1:colcon.colcon_core.package_identification:_identify(src/articubot_one) by extension 'ros'
[0.306s] DEBUG:colcon.colcon_core.package_identification:Package 'src/articubot_one' with type 'ros.ament_cmake' and name 'articubot_one'
[0.307s] Level 1:colcon.colcon_core.package_identification:_identify(src/capstone) by extensions ['ignore', 'ignore_ament_install']
[0.307s] Level 1:colcon.colcon_core.package_identification:_identify(src/capstone) by extension 'ignore'
[0.307s] Level 1:colcon.colcon_core.package_identification:_identify(src/capstone) by extension 'ignore_ament_install'
[0.307s] Level 1:colcon.colcon_core.package_identification:_identify(src/capstone) by extensions ['colcon_pkg']
[0.307s] Level 1:colcon.colcon_core.package_identification:_identify(src/capstone) by extension 'colcon_pkg'
[0.307s] Level 1:colcon.colcon_core.package_identification:_identify(src/capstone) by extensions ['colcon_meta']
[0.307s] Level 1:colcon.colcon_core.package_identification:_identify(src/capstone) by extension 'colcon_meta'
[0.307s] Level 1:colcon.colcon_core.package_identification:_identify(src/capstone) by extensions ['ros']
[0.307s] Level 1:colcon.colcon_core.package_identification:_identify(src/capstone) by extension 'ros'
[0.308s] DEBUG:colcon.colcon_core.package_identification:Package 'src/capstone' with type 'ros.ament_cmake' and name 'capstone'
[0.308s] Level 1:colcon.colcon_core.package_identification:_identify(src/diffdrive_arduino) by extensions ['ignore', 'ignore_ament_install']
[0.308s] Level 1:colcon.colcon_core.package_identification:_identify(src/diffdrive_arduino) by extension 'ignore'
[0.308s] Level 1:colcon.colcon_core.package_identification:_identify(src/diffdrive_arduino) by extension 'ignore_ament_install'
[0.308s] Level 1:colcon.colcon_core.package_identification:_identify(src/diffdrive_arduino) by extensions ['colcon_pkg']
[0.308s] Level 1:colcon.colcon_core.package_identification:_identify(src/diffdrive_arduino) by extension 'colcon_pkg'
[0.308s] Level 1:colcon.colcon_core.package_identification:_identify(src/diffdrive_arduino) by extensions ['colcon_meta']
[0.308s] Level 1:colcon.colcon_core.package_identification:_identify(src/diffdrive_arduino) by extension 'colcon_meta'
[0.308s] Level 1:colcon.colcon_core.package_identification:_identify(src/diffdrive_arduino) by extensions ['ros']
[0.308s] Level 1:colcon.colcon_core.package_identification:_identify(src/diffdrive_arduino) by extension 'ros'
[0.309s] DEBUG:colcon.colcon_core.package_identification:Package 'src/diffdrive_arduino' with type 'ros.ament_cmake' and name 'diffdrive_arduino'
[0.310s] Level 1:colcon.colcon_core.package_identification:_identify(src/robot) by extensions ['ignore', 'ignore_ament_install']
[0.310s] Level 1:colcon.colcon_core.package_identification:_identify(src/robot) by extension 'ignore'
[0.310s] Level 1:colcon.colcon_core.package_identification:_identify(src/robot) by extension 'ignore_ament_install'
[0.310s] Level 1:colcon.colcon_core.package_identification:_identify(src/robot) by extensions ['colcon_pkg']
[0.310s] Level 1:colcon.colcon_core.package_identification:_identify(src/robot) by extension 'colcon_pkg'
[0.310s] Level 1:colcon.colcon_core.package_identification:_identify(src/robot) by extensions ['colcon_meta']
[0.310s] Level 1:colcon.colcon_core.package_identification:_identify(src/robot) by extension 'colcon_meta'
[0.310s] Level 1:colcon.colcon_core.package_identification:_identify(src/robot) by extensions ['ros']
[0.310s] Level 1:colcon.colcon_core.package_identification:_identify(src/robot) by extension 'ros'
[0.311s] DEBUG:colcon.colcon_core.package_identification:Package 'src/robot' with type 'ros.ament_python' and name 'robot'
[0.312s] Level 1:colcon.colcon_core.package_identification:_identify(src/serial) by extensions ['ignore', 'ignore_ament_install']
[0.312s] Level 1:colcon.colcon_core.package_identification:_identify(src/serial) by extension 'ignore'
[0.312s] Level 1:colcon.colcon_core.package_identification:_identify(src/serial) by extension 'ignore_ament_install'
[0.312s] Level 1:colcon.colcon_core.package_identification:_identify(src/serial) by extensions ['colcon_pkg']
[0.312s] Level 1:colcon.colcon_core.package_identification:_identify(src/serial) by extension 'colcon_pkg'
[0.312s] Level 1:colcon.colcon_core.package_identification:_identify(src/serial) by extensions ['colcon_meta']
[0.312s] Level 1:colcon.colcon_core.package_identification:_identify(src/serial) by extension 'colcon_meta'
[0.312s] Level 1:colcon.colcon_core.package_identification:_identify(src/serial) by extensions ['ros']
[0.312s] Level 1:colcon.colcon_core.package_identification:_identify(src/serial) by extension 'ros'
[0.313s] DEBUG:colcon.colcon_core.package_identification:Package 'src/serial' with type 'ros.ament_cmake' and name 'serial'
[0.313s] Level 1:colcon.colcon_core.package_identification:_identify(src/serial_motor_demo) by extensions ['ignore', 'ignore_ament_install']
[0.313s] Level 1:colcon.colcon_core.package_identification:_identify(src/serial_motor_demo) by extension 'ignore'
[0.313s] Level 1:colcon.colcon_core.package_identification:_identify(src/serial_motor_demo) by extension 'ignore_ament_install'
[0.313s] Level 1:colcon.colcon_core.package_identification:_identify(src/serial_motor_demo) by extensions ['colcon_pkg']
[0.313s] Level 1:colcon.colcon_core.package_identification:_identify(src/serial_motor_demo) by extension 'colcon_pkg'
[0.313s] Level 1:colcon.colcon_core.package_identification:_identify(src/serial_motor_demo) by extensions ['colcon_meta']
[0.313s] Level 1:colcon.colcon_core.package_identification:_identify(src/serial_motor_demo) by extension 'colcon_meta'
[0.313s] Level 1:colcon.colcon_core.package_identification:_identify(src/serial_motor_demo) by extensions ['ros']
[0.313s] Level 1:colcon.colcon_core.package_identification:_identify(src/serial_motor_demo) by extension 'ros'
[0.314s] Level 1:colcon.colcon_core.package_identification:_identify(src/serial_motor_demo) by extensions ['cmake', 'python']
[0.314s] Level 1:colcon.colcon_core.package_identification:_identify(src/serial_motor_demo) by extension 'cmake'
[0.314s] Level 1:colcon.colcon_core.package_identification:_identify(src/serial_motor_demo) by extension 'python'
[0.314s] Level 1:colcon.colcon_core.package_identification:_identify(src/serial_motor_demo) by extensions ['python_setup_py']
[0.314s] Level 1:colcon.colcon_core.package_identification:_identify(src/serial_motor_demo) by extension 'python_setup_py'
[0.314s] Level 1:colcon.colcon_core.package_identification:_identify(src/serial_motor_demo/serial_motor_demo) by extensions ['ignore', 'ignore_ament_install']
[0.314s] Level 1:colcon.colcon_core.package_identification:_identify(src/serial_motor_demo/serial_motor_demo) by extension 'ignore'
[0.314s] Level 1:colcon.colcon_core.package_identification:_identify(src/serial_motor_demo/serial_motor_demo) by extension 'ignore_ament_install'
[0.314s] Level 1:colcon.colcon_core.package_identification:_identify(src/serial_motor_demo/serial_motor_demo) by extensions ['colcon_pkg']
[0.314s] Level 1:colcon.colcon_core.package_identification:_identify(src/serial_motor_demo/serial_motor_demo) by extension 'colcon_pkg'
[0.314s] Level 1:colcon.colcon_core.package_identification:_identify(src/serial_motor_demo/serial_motor_demo) by extensions ['colcon_meta']
[0.314s] Level 1:colcon.colcon_core.package_identification:_identify(src/serial_motor_demo/serial_motor_demo) by extension 'colcon_meta'
[0.314s] Level 1:colcon.colcon_core.package_identification:_identify(src/serial_motor_demo/serial_motor_demo) by extensions ['ros']
[0.314s] Level 1:colcon.colcon_core.package_identification:_identify(src/serial_motor_demo/serial_motor_demo) by extension 'ros'
[0.315s] DEBUG:colcon.colcon_core.package_identification:Package 'src/serial_motor_demo/serial_motor_demo' with type 'ros.ament_python' and name 'serial_motor_demo'
[0.315s] Level 1:colcon.colcon_core.package_identification:_identify(src/serial_motor_demo/serial_motor_demo_msgs) by extensions ['ignore', 'ignore_ament_install']
[0.315s] Level 1:colcon.colcon_core.package_identification:_identify(src/serial_motor_demo/serial_motor_demo_msgs) by extension 'ignore'
[0.315s] Level 1:colcon.colcon_core.package_identification:_identify(src/serial_motor_demo/serial_motor_demo_msgs) by extension 'ignore_ament_install'
[0.315s] Level 1:colcon.colcon_core.package_identification:_identify(src/serial_motor_demo/serial_motor_demo_msgs) by extensions ['colcon_pkg']
[0.315s] Level 1:colcon.colcon_core.package_identification:_identify(src/serial_motor_demo/serial_motor_demo_msgs) by extension 'colcon_pkg'
[0.316s] Level 1:colcon.colcon_core.package_identification:_identify(src/serial_motor_demo/serial_motor_demo_msgs) by extensions ['colcon_meta']
[0.316s] Level 1:colcon.colcon_core.package_identification:_identify(src/serial_motor_demo/serial_motor_demo_msgs) by extension 'colcon_meta'
[0.316s] Level 1:colcon.colcon_core.package_identification:_identify(src/serial_motor_demo/serial_motor_demo_msgs) by extensions ['ros']
[0.316s] Level 1:colcon.colcon_core.package_identification:_identify(src/serial_motor_demo/serial_motor_demo_msgs) by extension 'ros'
[0.316s] DEBUG:colcon.colcon_core.package_identification:Package 'src/serial_motor_demo/serial_motor_demo_msgs' with type 'ros.ament_cmake' and name 'serial_motor_demo_msgs'
[0.316s] Level 1:colcon.colcon_core.package_identification:_identify(src/sllidar_ros2) by extensions ['ignore', 'ignore_ament_install']
[0.317s] Level 1:colcon.colcon_core.package_identification:_identify(src/sllidar_ros2) by extension 'ignore'
[0.317s] Level 1:colcon.colcon_core.package_identification:_identify(src/sllidar_ros2) by extension 'ignore_ament_install'
[0.317s] Level 1:colcon.colcon_core.package_identification:_identify(src/sllidar_ros2) by extensions ['colcon_pkg']
[0.317s] Level 1:colcon.colcon_core.package_identification:_identify(src/sllidar_ros2) by extension 'colcon_pkg'
[0.317s] Level 1:colcon.colcon_core.package_identification:_identify(src/sllidar_ros2) by extensions ['colcon_meta']
[0.317s] Level 1:colcon.colcon_core.package_identification:_identify(src/sllidar_ros2) by extension 'colcon_meta'
[0.317s] Level 1:colcon.colcon_core.package_identification:_identify(src/sllidar_ros2) by extensions ['ros']
[0.317s] Level 1:colcon.colcon_core.package_identification:_identify(src/sllidar_ros2) by extension 'ros'
[0.318s] DEBUG:colcon.colcon_core.package_identification:Package 'src/sllidar_ros2' with type 'ros.ament_cmake' and name 'sllidar_ros2'
[0.318s] Level 1:colcon.colcon_core.package_discovery:discover_packages(recursive) using defaults
[0.318s] Level 1:colcon.colcon_core.package_discovery:discover_packages(ignore) discover
[0.318s] Level 1:colcon.colcon_core.package_discovery:discover_packages(ignore) using defaults
[0.318s] Level 1:colcon.colcon_core.package_discovery:discover_packages(path) discover
[0.318s] Level 1:colcon.colcon_core.package_discovery:discover_packages(path) using defaults
[0.351s] Level 1:colcon.colcon_core.package_discovery:discover_packages(prefix_path) check parameters
[0.351s] Level 1:colcon.colcon_core.package_discovery:discover_packages(prefix_path) discover
[0.354s] DEBUG:colcon.colcon_installed_package_information.package_discovery:Found 5 installed packages in /home/su1jun/Capstone/colcon_ws/install
[0.354s] DEBUG:colcon.colcon_installed_package_information.package_discovery:Found 9 installed packages in /home/su1jun/Capstone/ros2_ws/install
[0.356s] DEBUG:colcon.colcon_installed_package_information.package_discovery:Found 372 installed packages in /opt/ros/humble
[0.358s] Level 1:colcon.colcon_core.package_discovery:discover_packages(prefix_path) using defaults
[0.404s] Level 5:colcon.colcon_core.verb:set package 'articubot_one' build argument 'cmake_args' from command line to 'None'
[0.404s] Level 5:colcon.colcon_core.verb:set package 'articubot_one' build argument 'cmake_target' from command line to 'None'
[0.404s] Level 5:colcon.colcon_core.verb:set package 'articubot_one' build argument 'cmake_target_skip_unavailable' from command line to 'False'
[0.404s] Level 5:colcon.colcon_core.verb:set package 'articubot_one' build argument 'cmake_clean_cache' from command line to 'False'
[0.404s] Level 5:colcon.colcon_core.verb:set package 'articubot_one' build argument 'cmake_clean_first' from command line to 'False'
[0.404s] Level 5:colcon.colcon_core.verb:set package 'articubot_one' build argument 'cmake_force_configure' from command line to 'False'
[0.404s] Level 5:colcon.colcon_core.verb:set package 'articubot_one' build argument 'ament_cmake_args' from command line to 'None'
[0.404s] Level 5:colcon.colcon_core.verb:set package 'articubot_one' build argument 'catkin_cmake_args' from command line to 'None'
[0.404s] Level 5:colcon.colcon_core.verb:set package 'articubot_one' build argument 'catkin_skip_building_tests' from command line to 'False'
[0.404s] DEBUG:colcon.colcon_core.verb:Building package 'articubot_one' with the following arguments: {'ament_cmake_args': None, 'build_base': '/home/su1jun/Capstone/ros2_ws/build/articubot_one', 'catkin_cmake_args': None, 'catkin_skip_building_tests': False, 'cmake_args': None, 'cmake_clean_cache': False, 'cmake_clean_first': False, 'cmake_force_configure': False, 'cmake_target': None, 'cmake_target_skip_unavailable': False, 'install_base': '/home/su1jun/Capstone/ros2_ws/install/articubot_one', 'merge_install': False, 'path': '/home/su1jun/Capstone/ros2_ws/src/articubot_one', 'symlink_install': False, 'test_result_base': None}
[0.405s] Level 5:colcon.colcon_core.verb:set package 'capstone' build argument 'cmake_args' from command line to 'None'
[0.405s] Level 5:colcon.colcon_core.verb:set package 'capstone' build argument 'cmake_target' from command line to 'None'
[0.405s] Level 5:colcon.colcon_core.verb:set package 'capstone' build argument 'cmake_target_skip_unavailable' from command line to 'False'
[0.405s] Level 5:colcon.colcon_core.verb:set package 'capstone' build argument 'cmake_clean_cache' from command line to 'False'
[0.405s] Level 5:colcon.colcon_core.verb:set package 'capstone' build argument 'cmake_clean_first' from command line to 'False'
[0.405s] Level 5:colcon.colcon_core.verb:set package 'capstone' build argument 'cmake_force_configure' from command line to 'False'
[0.405s] Level 5:colcon.colcon_core.verb:set package 'capstone' build argument 'ament_cmake_args' from command line to 'None'
[0.405s] Level 5:colcon.colcon_core.verb:set package 'capstone' build argument 'catkin_cmake_args' from command line to 'None'
[0.405s] Level 5:colcon.colcon_core.verb:set package 'capstone' build argument 'catkin_skip_building_tests' from command line to 'False'
[0.405s] DEBUG:colcon.colcon_core.verb:Building package 'capstone' with the following arguments: {'ament_cmake_args': None, 'build_base': '/home/su1jun/Capstone/ros2_ws/build/capstone', 'catkin_cmake_args': None, 'catkin_skip_building_tests': False, 'cmake_args': None, 'cmake_clean_cache': False, 'cmake_clean_first': False, 'cmake_force_configure': False, 'cmake_target': None, 'cmake_target_skip_unavailable': False, 'install_base': '/home/su1jun/Capstone/ros2_ws/install/capstone', 'merge_install': False, 'path': '/home/su1jun/Capstone/ros2_ws/src/capstone', 'symlink_install': False, 'test_result_base': None}
[0.405s] Level 5:colcon.colcon_core.verb:set package 'robot' build argument 'cmake_args' from command line to 'None'
[0.405s] Level 5:colcon.colcon_core.verb:set package 'robot' build argument 'cmake_target' from command line to 'None'
[0.405s] Level 5:colcon.colcon_core.verb:set package 'robot' build argument 'cmake_target_skip_unavailable' from command line to 'False'
[0.405s] Level 5:colcon.colcon_core.verb:set package 'robot' build argument 'cmake_clean_cache' from command line to 'False'
[0.405s] Level 5:colcon.colcon_core.verb:set package 'robot' build argument 'cmake_clean_first' from command line to 'False'
[0.405s] Level 5:colcon.colcon_core.verb:set package 'robot' build argument 'cmake_force_configure' from command line to 'False'
[0.405s] Level 5:colcon.colcon_core.verb:set package 'robot' build argument 'ament_cmake_args' from command line to 'None'
[0.405s] Level 5:colcon.colcon_core.verb:set package 'robot' build argument 'catkin_cmake_args' from command line to 'None'
[0.405s] Level 5:colcon.colcon_core.verb:set package 'robot' build argument 'catkin_skip_building_tests' from command line to 'False'
[0.405s] DEBUG:colcon.colcon_core.verb:Building package 'robot' with the following arguments: {'ament_cmake_args': None, 'build_base': '/home/su1jun/Capstone/ros2_ws/build/robot', 'catkin_cmake_args': None, 'catkin_skip_building_tests': False, 'cmake_args': None, 'cmake_clean_cache': False, 'cmake_clean_first': False, 'cmake_force_configure': False, 'cmake_target': None, 'cmake_target_skip_unavailable': False, 'install_base': '/home/su1jun/Capstone/ros2_ws/install/robot', 'merge_install': False, 'path': '/home/su1jun/Capstone/ros2_ws/src/robot', 'symlink_install': False, 'test_result_base': None}
[0.406s] Level 5:colcon.colcon_core.verb:set package 'serial' build argument 'cmake_args' from command line to 'None'
[0.406s] Level 5:colcon.colcon_core.verb:set package 'serial' build argument 'cmake_target' from command line to 'None'
[0.406s] Level 5:colcon.colcon_core.verb:set package 'serial' build argument 'cmake_target_skip_unavailable' from command line to 'False'
[0.406s] Level 5:colcon.colcon_core.verb:set package 'serial' build argument 'cmake_clean_cache' from command line to 'False'
[0.406s] Level 5:colcon.colcon_core.verb:set package 'serial' build argument 'cmake_clean_first' from command line to 'False'
[0.406s] Level 5:colcon.colcon_core.verb:set package 'serial' build argument 'cmake_force_configure' from command line to 'False'
[0.406s] Level 5:colcon.colcon_core.verb:set package 'serial' build argument 'ament_cmake_args' from command line to 'None'
[0.406s] Level 5:colcon.colcon_core.verb:set package 'serial' build argument 'catkin_cmake_args' from command line to 'None'
[0.406s] Level 5:colcon.colcon_core.verb:set package 'serial' build argument 'catkin_skip_building_tests' from command line to 'False'
[0.406s] DEBUG:colcon.colcon_core.verb:Building package 'serial' with the following arguments: {'ament_cmake_args': None, 'build_base': '/home/su1jun/Capstone/ros2_ws/build/serial', 'catkin_cmake_args': None, 'catkin_skip_building_tests': False, 'cmake_args': None, 'cmake_clean_cache': False, 'cmake_clean_first': False, 'cmake_force_configure': False, 'cmake_target': None, 'cmake_target_skip_unavailable': False, 'install_base': '/home/su1jun/Capstone/ros2_ws/install/serial', 'merge_install': False, 'path': '/home/su1jun/Capstone/ros2_ws/src/serial', 'symlink_install': False, 'test_result_base': None}
[0.406s] Level 5:colcon.colcon_core.verb:set package 'serial_motor_demo_msgs' build argument 'cmake_args' from command line to 'None'
[0.406s] Level 5:colcon.colcon_core.verb:set package 'serial_motor_demo_msgs' build argument 'cmake_target' from command line to 'None'
[0.407s] Level 5:colcon.colcon_core.verb:set package 'serial_motor_demo_msgs' build argument 'cmake_target_skip_unavailable' from command line to 'False'
[0.407s] Level 5:colcon.colcon_core.verb:set package 'serial_motor_demo_msgs' build argument 'cmake_clean_cache' from command line to 'False'
[0.407s] Level 5:colcon.colcon_core.verb:set package 'serial_motor_demo_msgs' build argument 'cmake_clean_first' from command line to 'False'
[0.407s] Level 5:colcon.colcon_core.verb:set package 'serial_motor_demo_msgs' build argument 'cmake_force_configure' from command line to 'False'
[0.407s] Level 5:colcon.colcon_core.verb:set package 'serial_motor_demo_msgs' build argument 'ament_cmake_args' from command line to 'None'
[0.407s] Level 5:colcon.colcon_core.verb:set package 'serial_motor_demo_msgs' build argument 'catkin_cmake_args' from command line to 'None'
[0.407s] Level 5:colcon.colcon_core.verb:set package 'serial_motor_demo_msgs' build argument 'catkin_skip_building_tests' from command line to 'False'
[0.407s] DEBUG:colcon.colcon_core.verb:Building package 'serial_motor_demo_msgs' with the following arguments: {'ament_cmake_args': None, 'build_base': '/home/su1jun/Capstone/ros2_ws/build/serial_motor_demo_msgs', 'catkin_cmake_args': None, 'catkin_skip_building_tests': False, 'cmake_args': None, 'cmake_clean_cache': False, 'cmake_clean_first': False, 'cmake_force_configure': False, 'cmake_target': None, 'cmake_target_skip_unavailable': False, 'install_base': '/home/su1jun/Capstone/ros2_ws/install/serial_motor_demo_msgs', 'merge_install': False, 'path': '/home/su1jun/Capstone/ros2_ws/src/serial_motor_demo/serial_motor_demo_msgs', 'symlink_install': False, 'test_result_base': None}
[0.407s] Level 5:colcon.colcon_core.verb:set package 'sllidar_ros2' build argument 'cmake_args' from command line to 'None'
[0.407s] Level 5:colcon.colcon_core.verb:set package 'sllidar_ros2' build argument 'cmake_target' from command line to 'None'
[0.407s] Level 5:colcon.colcon_core.verb:set package 'sllidar_ros2' build argument 'cmake_target_skip_unavailable' from command line to 'False'
[0.407s] Level 5:colcon.colcon_core.verb:set package 'sllidar_ros2' build argument 'cmake_clean_cache' from command line to 'False'
[0.407s] Level 5:colcon.colcon_core.verb:set package 'sllidar_ros2' build argument 'cmake_clean_first' from command line to 'False'
[0.407s] Level 5:colcon.colcon_core.verb:set package 'sllidar_ros2' build argument 'cmake_force_configure' from command line to 'False'
[0.407s] Level 5:colcon.colcon_core.verb:set package 'sllidar_ros2' build argument 'ament_cmake_args' from command line to 'None'
[0.407s] Level 5:colcon.colcon_core.verb:set package 'sllidar_ros2' build argument 'catkin_cmake_args' from command line to 'None'
[0.407s] Level 5:colcon.colcon_core.verb:set package 'sllidar_ros2' build argument 'catkin_skip_building_tests' from command line to 'False'
[0.407s] DEBUG:colcon.colcon_core.verb:Building package 'sllidar_ros2' with the following arguments: {'ament_cmake_args': None, 'build_base': '/home/su1jun/Capstone/ros2_ws/build/sllidar_ros2', 'catkin_cmake_args': None, 'catkin_skip_building_tests': False, 'cmake_args': None, 'cmake_clean_cache': False, 'cmake_clean_first': False, 'cmake_force_configure': False, 'cmake_target': None, 'cmake_target_skip_unavailable': False, 'install_base': '/home/su1jun/Capstone/ros2_ws/install/sllidar_ros2', 'merge_install': False, 'path': '/home/su1jun/Capstone/ros2_ws/src/sllidar_ros2', 'symlink_install': False, 'test_result_base': None}
[0.408s] Level 5:colcon.colcon_core.verb:set package 'diffdrive_arduino' build argument 'cmake_args' from command line to 'None'
[0.408s] Level 5:colcon.colcon_core.verb:set package 'diffdrive_arduino' build argument 'cmake_target' from command line to 'None'
[0.408s] Level 5:colcon.colcon_core.verb:set package 'diffdrive_arduino' build argument 'cmake_target_skip_unavailable' from command line to 'False'
[0.408s] Level 5:colcon.colcon_core.verb:set package 'diffdrive_arduino' build argument 'cmake_clean_cache' from command line to 'False'
[0.408s] Level 5:colcon.colcon_core.verb:set package 'diffdrive_arduino' build argument 'cmake_clean_first' from command line to 'False'
[0.408s] Level 5:colcon.colcon_core.verb:set package 'diffdrive_arduino' build argument 'cmake_force_configure' from command line to 'False'
[0.408s] Level 5:colcon.colcon_core.verb:set package 'diffdrive_arduino' build argument 'ament_cmake_args' from command line to 'None'
[0.408s] Level 5:colcon.colcon_core.verb:set package 'diffdrive_arduino' build argument 'catkin_cmake_args' from command line to 'None'
[0.408s] Level 5:colcon.colcon_core.verb:set package 'diffdrive_arduino' build argument 'catkin_skip_building_tests' from command line to 'False'
[0.408s] DEBUG:colcon.colcon_core.verb:Building package 'diffdrive_arduino' with the following arguments: {'ament_cmake_args': None, 'build_base': '/home/su1jun/Capstone/ros2_ws/build/diffdrive_arduino', 'catkin_cmake_args': None, 'catkin_skip_building_tests': False, 'cmake_args': None, 'cmake_clean_cache': False, 'cmake_clean_first': False, 'cmake_force_configure': False, 'cmake_target': None, 'cmake_target_skip_unavailable': False, 'install_base': '/home/su1jun/Capstone/ros2_ws/install/diffdrive_arduino', 'merge_install': False, 'path': '/home/su1jun/Capstone/ros2_ws/src/diffdrive_arduino', 'symlink_install': False, 'test_result_base': None}
[0.408s] Level 5:colcon.colcon_core.verb:set package 'serial_motor_demo' build argument 'cmake_args' from command line to 'None'
[0.408s] Level 5:colcon.colcon_core.verb:set package 'serial_motor_demo' build argument 'cmake_target' from command line to 'None'
[0.408s] Level 5:colcon.colcon_core.verb:set package 'serial_motor_demo' build argument 'cmake_target_skip_unavailable' from command line to 'False'
[0.408s] Level 5:colcon.colcon_core.verb:set package 'serial_motor_demo' build argument 'cmake_clean_cache' from command line to 'False'
[0.408s] Level 5:colcon.colcon_core.verb:set package 'serial_motor_demo' build argument 'cmake_clean_first' from command line to 'False'
[0.408s] Level 5:colcon.colcon_core.verb:set package 'serial_motor_demo' build argument 'cmake_force_configure' from command line to 'False'
[0.408s] Level 5:colcon.colcon_core.verb:set package 'serial_motor_demo' build argument 'ament_cmake_args' from command line to 'None'
[0.408s] Level 5:colcon.colcon_core.verb:set package 'serial_motor_demo' build argument 'catkin_cmake_args' from command line to 'None'
[0.408s] Level 5:colcon.colcon_core.verb:set package 'serial_motor_demo' build argument 'catkin_skip_building_tests' from command line to 'False'
[0.408s] DEBUG:colcon.colcon_core.verb:Building package 'serial_motor_demo' with the following arguments: {'ament_cmake_args': None, 'build_base': '/home/su1jun/Capstone/ros2_ws/build/serial_motor_demo', 'catkin_cmake_args': None, 'catkin_skip_building_tests': False, 'cmake_args': None, 'cmake_clean_cache': False, 'cmake_clean_first': False, 'cmake_force_configure': False, 'cmake_target': None, 'cmake_target_skip_unavailable': False, 'install_base': '/home/su1jun/Capstone/ros2_ws/install/serial_motor_demo', 'merge_install': False, 'path': '/home/su1jun/Capstone/ros2_ws/src/serial_motor_demo/serial_motor_demo', 'symlink_install': False, 'test_result_base': None}
[0.409s] INFO:colcon.colcon_core.executor:Executing jobs using 'parallel' executor
[0.410s] DEBUG:colcon.colcon_parallel_executor.executor.parallel:run_until_complete
[0.410s] INFO:colcon.colcon_ros.task.ament_cmake.build:Building ROS package in '/home/su1jun/Capstone/ros2_ws/src/serial' with build type 'ament_cmake'
[0.410s] INFO:colcon.colcon_cmake.task.cmake.build:Building CMake package in '/home/su1jun/Capstone/ros2_ws/src/serial'
[0.413s] INFO:colcon.colcon_core.plugin_system:Skipping extension 'colcon_core.shell.bat': Not used on non-Windows systems
[0.413s] INFO:colcon.colcon_core.shell:Skip shell extension 'powershell' for command environment: Not usable outside of PowerShell
[0.413s] DEBUG:colcon.colcon_core.shell:Skip shell extension 'dsv' for command environment
[0.418s] INFO:colcon.colcon_ros.task.ament_cmake.build:Building ROS package in '/home/su1jun/Capstone/ros2_ws/src/serial_motor_demo/serial_motor_demo_msgs' with build type 'ament_cmake'
[0.418s] INFO:colcon.colcon_cmake.task.cmake.build:Building CMake package in '/home/su1jun/Capstone/ros2_ws/src/serial_motor_demo/serial_motor_demo_msgs'
[0.418s] INFO:colcon.colcon_core.shell:Skip shell extension 'powershell' for command environment: Not usable outside of PowerShell
[0.418s] DEBUG:colcon.colcon_core.shell:Skip shell extension 'dsv' for command environment
[0.423s] INFO:colcon.colcon_ros.task.ament_cmake.build:Building ROS package in '/home/su1jun/Capstone/ros2_ws/src/articubot_one' with build type 'ament_cmake'
[0.423s] INFO:colcon.colcon_cmake.task.cmake.build:Building CMake package in '/home/su1jun/Capstone/ros2_ws/src/articubot_one'
[0.424s] INFO:colcon.colcon_core.shell:Skip shell extension 'powershell' for command environment: Not usable outside of PowerShell
[0.424s] DEBUG:colcon.colcon_core.shell:Skip shell extension 'dsv' for command environment
[0.429s] INFO:colcon.colcon_ros.task.ament_cmake.build:Building ROS package in '/home/su1jun/Capstone/ros2_ws/src/capstone' with build type 'ament_cmake'
[0.429s] INFO:colcon.colcon_cmake.task.cmake.build:Building CMake package in '/home/su1jun/Capstone/ros2_ws/src/capstone'
[0.429s] INFO:colcon.colcon_core.shell:Skip shell extension 'powershell' for command environment: Not usable outside of PowerShell
[0.429s] DEBUG:colcon.colcon_core.shell:Skip shell extension 'dsv' for command environment
[0.442s] DEBUG:colcon.colcon_core.event_handler.log_command:Invoking command in '/home/su1jun/Capstone/ros2_ws/build/serial': CMAKE_PREFIX_PATH=${CMAKE_PREFIX_PATH}:/home/su1jun/Capstone/ros2_ws/install/serial_motor_demo:/home/su1jun/Capstone/ros2_ws/install/robot:/opt/ros/humble /usr/bin/cmake --build /home/su1jun/Capstone/ros2_ws/build/serial -- -j4 -l4
[0.447s] DEBUG:colcon.colcon_core.event_handler.log_command:Invoking command in '/home/su1jun/Capstone/ros2_ws/build/serial_motor_demo_msgs': CMAKE_PREFIX_PATH=${CMAKE_PREFIX_PATH}:/home/su1jun/Capstone/ros2_ws/install/serial_motor_demo:/home/su1jun/Capstone/ros2_ws/install/robot:/opt/ros/humble /usr/bin/cmake --build /home/su1jun/Capstone/ros2_ws/build/serial_motor_demo_msgs -- -j4 -l4
[0.453s] DEBUG:colcon.colcon_core.event_handler.log_command:Invoking command in '/home/su1jun/Capstone/ros2_ws/build/articubot_one': CMAKE_PREFIX_PATH=${CMAKE_PREFIX_PATH}:/home/su1jun/Capstone/ros2_ws/install/serial_motor_demo:/home/su1jun/Capstone/ros2_ws/install/robot:/opt/ros/humble /usr/bin/cmake --build /home/su1jun/Capstone/ros2_ws/build/articubot_one -- -j4 -l4
[0.474s] DEBUG:colcon.colcon_core.event_handler.log_command:Invoking command in '/home/su1jun/Capstone/ros2_ws/build/capstone': CMAKE_PREFIX_PATH=${CMAKE_PREFIX_PATH}:/home/su1jun/Capstone/ros2_ws/install/serial_motor_demo:/home/su1jun/Capstone/ros2_ws/install/robot:/opt/ros/humble /usr/bin/cmake --build /home/su1jun/Capstone/ros2_ws/build/capstone -- -j4 -l4
[0.526s] DEBUG:colcon.colcon_core.event_handler.log_command:Invoked command in '/home/su1jun/Capstone/ros2_ws/build/articubot_one' returned '0': CMAKE_PREFIX_PATH=${CMAKE_PREFIX_PATH}:/home/su1jun/Capstone/ros2_ws/install/serial_motor_demo:/home/su1jun/Capstone/ros2_ws/install/robot:/opt/ros/humble /usr/bin/cmake --build /home/su1jun/Capstone/ros2_ws/build/articubot_one -- -j4 -l4
[0.534s] DEBUG:colcon.colcon_core.event_handler.log_command:Invoked command in '/home/su1jun/Capstone/ros2_ws/build/capstone' returned '0': CMAKE_PREFIX_PATH=${CMAKE_PREFIX_PATH}:/home/su1jun/Capstone/ros2_ws/install/serial_motor_demo:/home/su1jun/Capstone/ros2_ws/install/robot:/opt/ros/humble /usr/bin/cmake --build /home/su1jun/Capstone/ros2_ws/build/capstone -- -j4 -l4
[0.586s] DEBUG:colcon.colcon_core.event_handler.log_command:Invoking command in '/home/su1jun/Capstone/ros2_ws/build/articubot_one': CMAKE_PREFIX_PATH=${CMAKE_PREFIX_PATH}:/home/su1jun/Capstone/ros2_ws/install/serial_motor_demo:/home/su1jun/Capstone/ros2_ws/install/robot:/opt/ros/humble /usr/bin/cmake --install /home/su1jun/Capstone/ros2_ws/build/articubot_one
[0.640s] DEBUG:colcon.colcon_core.event_handler.log_command:Invoked command in '/home/su1jun/Capstone/ros2_ws/build/serial' returned '0': CMAKE_PREFIX_PATH=${CMAKE_PREFIX_PATH}:/home/su1jun/Capstone/ros2_ws/install/serial_motor_demo:/home/su1jun/Capstone/ros2_ws/install/robot:/opt/ros/humble /usr/bin/cmake --build /home/su1jun/Capstone/ros2_ws/build/serial -- -j4 -l4
[0.652s] DEBUG:colcon.colcon_core.event_handler.log_command:Invoking command in '/home/su1jun/Capstone/ros2_ws/build/capstone': CMAKE_PREFIX_PATH=${CMAKE_PREFIX_PATH}:/home/su1jun/Capstone/ros2_ws/install/serial_motor_demo:/home/su1jun/Capstone/ros2_ws/install/robot:/opt/ros/humble /usr/bin/cmake --install /home/su1jun/Capstone/ros2_ws/build/capstone
[0.657s] Level 1:colcon.colcon_core.environment:create_environment_scripts_only(articubot_one)
[0.660s] Level 1:colcon.colcon_core.environment:checking '/home/su1jun/Capstone/ros2_ws/install/articubot_one' for CMake module files
[0.661s] DEBUG:colcon.colcon_core.event_handler.log_command:Invoked command in '/home/su1jun/Capstone/ros2_ws/build/articubot_one' returned '0': CMAKE_PREFIX_PATH=${CMAKE_PREFIX_PATH}:/home/su1jun/Capstone/ros2_ws/install/serial_motor_demo:/home/su1jun/Capstone/ros2_ws/install/robot:/opt/ros/humble /usr/bin/cmake --install /home/su1jun/Capstone/ros2_ws/build/articubot_one
[0.664s] Level 1:colcon.colcon_core.environment:checking '/home/su1jun/Capstone/ros2_ws/install/articubot_one' for CMake config files
[0.664s] Level 1:colcon.colcon_core.shell:create_environment_hook('articubot_one', 'cmake_prefix_path')
[0.665s] INFO:colcon.colcon_core.shell:Creating environment hook '/home/su1jun/Capstone/ros2_ws/install/articubot_one/share/articubot_one/hook/cmake_prefix_path.ps1'
[0.666s] INFO:colcon.colcon_core.shell:Creating environment descriptor '/home/su1jun/Capstone/ros2_ws/install/articubot_one/share/articubot_one/hook/cmake_prefix_path.dsv'
[0.667s] INFO:colcon.colcon_core.shell:Creating environment hook '/home/su1jun/Capstone/ros2_ws/install/articubot_one/share/articubot_one/hook/cmake_prefix_path.sh'
[0.668s] Level 1:colcon.colcon_core.environment:checking '/home/su1jun/Capstone/ros2_ws/install/articubot_one/bin'
[0.668s] Level 1:colcon.colcon_core.environment:checking '/home/su1jun/Capstone/ros2_ws/install/articubot_one/lib/pkgconfig/articubot_one.pc'
[0.668s] Level 1:colcon.colcon_core.environment:checking '/home/su1jun/Capstone/ros2_ws/install/articubot_one/lib/python3.10/site-packages'
[0.668s] Level 1:colcon.colcon_core.environment:checking '/home/su1jun/Capstone/ros2_ws/install/articubot_one/bin'
[0.669s] INFO:colcon.colcon_core.shell:Creating package script '/home/su1jun/Capstone/ros2_ws/install/articubot_one/share/articubot_one/package.ps1'
[0.670s] INFO:colcon.colcon_core.shell:Creating package descriptor '/home/su1jun/Capstone/ros2_ws/install/articubot_one/share/articubot_one/package.dsv'
[0.670s] INFO:colcon.colcon_core.shell:Creating package script '/home/su1jun/Capstone/ros2_ws/install/articubot_one/share/articubot_one/package.sh'
[0.672s] INFO:colcon.colcon_core.shell:Creating package script '/home/su1jun/Capstone/ros2_ws/install/articubot_one/share/articubot_one/package.bash'
[0.672s] INFO:colcon.colcon_core.shell:Creating package script '/home/su1jun/Capstone/ros2_ws/install/articubot_one/share/articubot_one/package.zsh'
[0.689s] Level 1:colcon.colcon_core.environment:create_file_with_runtime_dependencies(/home/su1jun/Capstone/ros2_ws/install/articubot_one/share/colcon-core/packages/articubot_one)
[0.705s] DEBUG:colcon.colcon_core.event_handler.log_command:Invoking command in '/home/su1jun/Capstone/ros2_ws/build/serial': CMAKE_PREFIX_PATH=${CMAKE_PREFIX_PATH}:/home/su1jun/Capstone/ros2_ws/install/serial_motor_demo:/home/su1jun/Capstone/ros2_ws/install/robot:/opt/ros/humble /usr/bin/cmake --install /home/su1jun/Capstone/ros2_ws/build/serial
[0.737s] Level 1:colcon.colcon_core.environment:create_environment_scripts_only(capstone)
[0.737s] Level 1:colcon.colcon_core.environment:checking '/home/su1jun/Capstone/ros2_ws/install/capstone' for CMake module files
[0.738s] Level 1:colcon.colcon_core.environment:checking '/home/su1jun/Capstone/ros2_ws/install/capstone' for CMake config files
[0.739s] Level 1:colcon.colcon_core.shell:create_environment_hook('capstone', 'cmake_prefix_path')
[0.739s] INFO:colcon.colcon_core.shell:Creating environment hook '/home/su1jun/Capstone/ros2_ws/install/capstone/share/capstone/hook/cmake_prefix_path.ps1'
[0.740s] INFO:colcon.colcon_core.shell:Creating environment descriptor '/home/su1jun/Capstone/ros2_ws/install/capstone/share/capstone/hook/cmake_prefix_path.dsv'
[0.740s] DEBUG:colcon.colcon_core.event_handler.log_command:Invoked command in '/home/su1jun/Capstone/ros2_ws/build/capstone' returned '0': CMAKE_PREFIX_PATH=${CMAKE_PREFIX_PATH}:/home/su1jun/Capstone/ros2_ws/install/serial_motor_demo:/home/su1jun/Capstone/ros2_ws/install/robot:/opt/ros/humble /usr/bin/cmake --install /home/su1jun/Capstone/ros2_ws/build/capstone
[0.742s] INFO:colcon.colcon_core.shell:Creating environment hook '/home/su1jun/Capstone/ros2_ws/install/capstone/share/capstone/hook/cmake_prefix_path.sh'
[0.743s] Level 1:colcon.colcon_core.environment:checking '/home/su1jun/Capstone/ros2_ws/install/capstone/bin'
[0.743s] Level 1:colcon.colcon_core.environment:checking '/home/su1jun/Capstone/ros2_ws/install/capstone/lib/pkgconfig/capstone.pc'
[0.743s] Level 1:colcon.colcon_core.environment:checking '/home/su1jun/Capstone/ros2_ws/install/capstone/lib/python3.10/site-packages'
[0.744s] Level 1:colcon.colcon_core.environment:checking '/home/su1jun/Capstone/ros2_ws/install/capstone/bin'
[0.744s] INFO:colcon.colcon_core.shell:Creating package script '/home/su1jun/Capstone/ros2_ws/install/capstone/share/capstone/package.ps1'
[0.745s] INFO:colcon.colcon_core.shell:Creating package descriptor '/home/su1jun/Capstone/ros2_ws/install/capstone/share/capstone/package.dsv'
[0.745s] INFO:colcon.colcon_core.shell:Creating package script '/home/su1jun/Capstone/ros2_ws/install/capstone/share/capstone/package.sh'
[0.746s] INFO:colcon.colcon_core.shell:Creating package script '/home/su1jun/Capstone/ros2_ws/install/capstone/share/capstone/package.bash'
[0.746s] INFO:colcon.colcon_core.shell:Creating package script '/home/su1jun/Capstone/ros2_ws/install/capstone/share/capstone/package.zsh'
[0.747s] Level 1:colcon.colcon_core.environment:create_file_with_runtime_dependencies(/home/su1jun/Capstone/ros2_ws/install/capstone/share/colcon-core/packages/capstone)
[0.759s] Level 1:colcon.colcon_core.environment:create_environment_scripts_only(serial)
[0.760s] Level 1:colcon.colcon_core.environment:checking '/home/su1jun/Capstone/ros2_ws/install/serial' for CMake module files
[0.760s] Level 1:colcon.colcon_core.environment:checking '/home/su1jun/Capstone/ros2_ws/install/serial' for CMake config files
[0.761s] Level 1:colcon.colcon_core.shell:create_environment_hook('serial', 'cmake_prefix_path')
[0.761s] INFO:colcon.colcon_core.shell:Creating environment hook '/home/su1jun/Capstone/ros2_ws/install/serial/share/serial/hook/cmake_prefix_path.ps1'
[0.762s] INFO:colcon.colcon_core.shell:Creating environment descriptor '/home/su1jun/Capstone/ros2_ws/install/serial/share/serial/hook/cmake_prefix_path.dsv'
[0.762s] DEBUG:colcon.colcon_core.event_handler.log_command:Invoked command in '/home/su1jun/Capstone/ros2_ws/build/serial' returned '0': CMAKE_PREFIX_PATH=${CMAKE_PREFIX_PATH}:/home/su1jun/Capstone/ros2_ws/install/serial_motor_demo:/home/su1jun/Capstone/ros2_ws/install/robot:/opt/ros/humble /usr/bin/cmake --install /home/su1jun/Capstone/ros2_ws/build/serial
[0.763s] INFO:colcon.colcon_core.shell:Creating environment hook '/home/su1jun/Capstone/ros2_ws/install/serial/share/serial/hook/cmake_prefix_path.sh'
[0.764s] Level 1:colcon.colcon_core.environment:checking '/home/su1jun/Capstone/ros2_ws/install/serial/lib'
[0.764s] Level 1:colcon.colcon_core.environment:checking '/home/su1jun/Capstone/ros2_ws/install/serial/bin'
[0.764s] Level 1:colcon.colcon_core.environment:checking '/home/su1jun/Capstone/ros2_ws/install/serial/lib/pkgconfig/serial.pc'
[0.764s] Level 1:colcon.colcon_core.environment:checking '/home/su1jun/Capstone/ros2_ws/install/serial/lib/python3.10/site-packages'
[0.765s] Level 1:colcon.colcon_core.environment:checking '/home/su1jun/Capstone/ros2_ws/install/serial/bin'
[0.766s] INFO:colcon.colcon_core.shell:Creating package script '/home/su1jun/Capstone/ros2_ws/install/serial/share/serial/package.ps1'
[0.767s] INFO:colcon.colcon_core.shell:Creating package descriptor '/home/su1jun/Capstone/ros2_ws/install/serial/share/serial/package.dsv'
[0.767s] INFO:colcon.colcon_core.shell:Creating package script '/home/su1jun/Capstone/ros2_ws/install/serial/share/serial/package.sh'
[0.768s] INFO:colcon.colcon_core.shell:Creating package script '/home/su1jun/Capstone/ros2_ws/install/serial/share/serial/package.bash'
[0.768s] INFO:colcon.colcon_core.shell:Creating package script '/home/su1jun/Capstone/ros2_ws/install/serial/share/serial/package.zsh'
[0.768s] Level 1:colcon.colcon_core.environment:create_file_with_runtime_dependencies(/home/su1jun/Capstone/ros2_ws/install/serial/share/colcon-core/packages/serial)
[0.778s] Level 1:colcon.colcon_core.environment:create_environment_scripts_only(articubot_one)
[0.779s] Level 1:colcon.colcon_core.environment:checking '/home/su1jun/Capstone/ros2_ws/install/articubot_one' for CMake module files
[0.779s] Level 1:colcon.colcon_core.environment:checking '/home/su1jun/Capstone/ros2_ws/install/articubot_one' for CMake config files
[0.780s] Level 1:colcon.colcon_core.shell:create_environment_hook('articubot_one', 'cmake_prefix_path')
[0.781s] INFO:colcon.colcon_core.shell:Creating environment hook '/home/su1jun/Capstone/ros2_ws/install/articubot_one/share/articubot_one/hook/cmake_prefix_path.ps1'
[0.781s] INFO:colcon.colcon_core.shell:Creating environment descriptor '/home/su1jun/Capstone/ros2_ws/install/articubot_one/share/articubot_one/hook/cmake_prefix_path.dsv'
[0.782s] INFO:colcon.colcon_core.shell:Creating environment hook '/home/su1jun/Capstone/ros2_ws/install/articubot_one/share/articubot_one/hook/cmake_prefix_path.sh'
[0.783s] Level 1:colcon.colcon_core.environment:checking '/home/su1jun/Capstone/ros2_ws/install/articubot_one/bin'
[0.783s] Level 1:colcon.colcon_core.environment:checking '/home/su1jun/Capstone/ros2_ws/install/articubot_one/lib/pkgconfig/articubot_one.pc'
[0.783s] Level 1:colcon.colcon_core.environment:checking '/home/su1jun/Capstone/ros2_ws/install/articubot_one/lib/python3.10/site-packages'
[0.783s] Level 1:colcon.colcon_core.environment:checking '/home/su1jun/Capstone/ros2_ws/install/articubot_one/bin'
[0.784s] INFO:colcon.colcon_core.shell:Creating package script '/home/su1jun/Capstone/ros2_ws/install/articubot_one/share/articubot_one/package.ps1'
[0.784s] INFO:colcon.colcon_core.shell:Creating package descriptor '/home/su1jun/Capstone/ros2_ws/install/articubot_one/share/articubot_one/package.dsv'
[0.785s] INFO:colcon.colcon_core.shell:Creating package script '/home/su1jun/Capstone/ros2_ws/install/articubot_one/share/articubot_one/package.sh'
[0.785s] INFO:colcon.colcon_core.shell:Creating package script '/home/su1jun/Capstone/ros2_ws/install/articubot_one/share/articubot_one/package.bash'
[0.786s] INFO:colcon.colcon_core.shell:Creating package script '/home/su1jun/Capstone/ros2_ws/install/articubot_one/share/articubot_one/package.zsh'
[0.787s] Level 1:colcon.colcon_core.environment:create_file_with_runtime_dependencies(/home/su1jun/Capstone/ros2_ws/install/articubot_one/share/colcon-core/packages/articubot_one)
[0.789s] INFO:colcon.colcon_ros.task.ament_python.build:Building ROS package in '/home/su1jun/Capstone/ros2_ws/src/robot' with build type 'ament_python'
[0.790s] Level 1:colcon.colcon_core.shell:create_environment_hook('robot', 'ament_prefix_path')
[0.790s] INFO:colcon.colcon_core.shell:Creating environment hook '/home/su1jun/Capstone/ros2_ws/install/robot/share/robot/hook/ament_prefix_path.ps1'
[0.791s] INFO:colcon.colcon_core.shell:Creating environment descriptor '/home/su1jun/Capstone/ros2_ws/install/robot/share/robot/hook/ament_prefix_path.dsv'
[0.791s] INFO:colcon.colcon_core.shell:Creating environment hook '/home/su1jun/Capstone/ros2_ws/install/robot/share/robot/hook/ament_prefix_path.sh'
[0.792s] INFO:colcon.colcon_core.shell:Skip shell extension 'powershell' for command environment: Not usable outside of PowerShell
[0.792s] DEBUG:colcon.colcon_core.shell:Skip shell extension 'dsv' for command environment
[1.163s] INFO:colcon.colcon_core.task.python.build:Building Python package in '/home/su1jun/Capstone/ros2_ws/src/robot'
[1.164s] INFO:colcon.colcon_core.shell:Skip shell extension 'powershell' for command environment: Not usable outside of PowerShell
[1.164s] DEBUG:colcon.colcon_core.shell:Skip shell extension 'dsv' for command environment
[1.169s] Level 1:colcon.colcon_core.environment:create_environment_scripts_only(serial)
[1.170s] Level 1:colcon.colcon_core.environment:checking '/home/su1jun/Capstone/ros2_ws/install/serial' for CMake module files
[1.170s] Level 1:colcon.colcon_core.environment:checking '/home/su1jun/Capstone/ros2_ws/install/serial' for CMake config files
[1.171s] Level 1:colcon.colcon_core.shell:create_environment_hook('serial', 'cmake_prefix_path')
[1.171s] INFO:colcon.colcon_core.shell:Creating environment hook '/home/su1jun/Capstone/ros2_ws/install/serial/share/serial/hook/cmake_prefix_path.ps1'
[1.172s] INFO:colcon.colcon_core.shell:Creating environment descriptor '/home/su1jun/Capstone/ros2_ws/install/serial/share/serial/hook/cmake_prefix_path.dsv'
[1.172s] INFO:colcon.colcon_core.shell:Creating environment hook '/home/su1jun/Capstone/ros2_ws/install/serial/share/serial/hook/cmake_prefix_path.sh'
[1.173s] Level 1:colcon.colcon_core.environment:checking '/home/su1jun/Capstone/ros2_ws/install/serial/lib'
[1.173s] Level 1:colcon.colcon_core.environment:checking '/home/su1jun/Capstone/ros2_ws/install/serial/bin'
[1.173s] Level 1:colcon.colcon_core.environment:checking '/home/su1jun/Capstone/ros2_ws/install/serial/lib/pkgconfig/serial.pc'
[1.173s] Level 1:colcon.colcon_core.environment:checking '/home/su1jun/Capstone/ros2_ws/install/serial/lib/python3.10/site-packages'
[1.173s] Level 1:colcon.colcon_core.environment:checking '/home/su1jun/Capstone/ros2_ws/install/serial/bin'
[1.173s] INFO:colcon.colcon_core.shell:Creating package script '/home/su1jun/Capstone/ros2_ws/install/serial/share/serial/package.ps1'
[1.174s] INFO:colcon.colcon_core.shell:Creating package descriptor '/home/su1jun/Capstone/ros2_ws/install/serial/share/serial/package.dsv'
[1.174s] INFO:colcon.colcon_core.shell:Creating package script '/home/su1jun/Capstone/ros2_ws/install/serial/share/serial/package.sh'
[1.175s] INFO:colcon.colcon_core.shell:Creating package script '/home/su1jun/Capstone/ros2_ws/install/serial/share/serial/package.bash'
[1.175s] INFO:colcon.colcon_core.shell:Creating package script '/home/su1jun/Capstone/ros2_ws/install/serial/share/serial/package.zsh'
[1.176s] Level 1:colcon.colcon_core.environment:create_file_with_runtime_dependencies(/home/su1jun/Capstone/ros2_ws/install/serial/share/colcon-core/packages/serial)
[1.176s] Level 1:colcon.colcon_core.environment:create_environment_scripts_only(capstone)
[1.176s] Level 1:colcon.colcon_core.environment:checking '/home/su1jun/Capstone/ros2_ws/install/capstone' for CMake module files
[1.177s] Level 1:colcon.colcon_core.environment:checking '/home/su1jun/Capstone/ros2_ws/install/capstone' for CMake config files
[1.178s] Level 1:colcon.colcon_core.shell:create_environment_hook('capstone', 'cmake_prefix_path')
[1.178s] INFO:colcon.colcon_core.shell:Creating environment hook '/home/su1jun/Capstone/ros2_ws/install/capstone/share/capstone/hook/cmake_prefix_path.ps1'
[1.179s] INFO:colcon.colcon_core.shell:Creating environment descriptor '/home/su1jun/Capstone/ros2_ws/install/capstone/share/capstone/hook/cmake_prefix_path.dsv'
[1.179s] INFO:colcon.colcon_core.shell:Creating environment hook '/home/su1jun/Capstone/ros2_ws/install/capstone/share/capstone/hook/cmake_prefix_path.sh'
[1.179s] Level 1:colcon.colcon_core.environment:checking '/home/su1jun/Capstone/ros2_ws/install/capstone/bin'
[1.179s] Level 1:colcon.colcon_core.environment:checking '/home/su1jun/Capstone/ros2_ws/install/capstone/lib/pkgconfig/capstone.pc'
[1.180s] Level 1:colcon.colcon_core.environment:checking '/home/su1jun/Capstone/ros2_ws/install/capstone/lib/python3.10/site-packages'
[1.180s] Level 1:colcon.colcon_core.environment:checking '/home/su1jun/Capstone/ros2_ws/install/capstone/bin'
[1.180s] INFO:colcon.colcon_core.shell:Creating package script '/home/su1jun/Capstone/ros2_ws/install/capstone/share/capstone/package.ps1'
[1.181s] INFO:colcon.colcon_core.shell:Creating package descriptor '/home/su1jun/Capstone/ros2_ws/install/capstone/share/capstone/package.dsv'
[1.181s] INFO:colcon.colcon_core.shell:Creating package script '/home/su1jun/Capstone/ros2_ws/install/capstone/share/capstone/package.sh'
[1.182s] INFO:colcon.colcon_core.shell:Creating package script '/home/su1jun/Capstone/ros2_ws/install/capstone/share/capstone/package.bash'
[1.182s] INFO:colcon.colcon_core.shell:Creating package script '/home/su1jun/Capstone/ros2_ws/install/capstone/share/capstone/package.zsh'
[1.182s] Level 1:colcon.colcon_core.environment:create_file_with_runtime_dependencies(/home/su1jun/Capstone/ros2_ws/install/capstone/share/colcon-core/packages/capstone)
[1.183s] INFO:colcon.colcon_ros.task.ament_cmake.build:Building ROS package in '/home/su1jun/Capstone/ros2_ws/src/sllidar_ros2' with build type 'ament_cmake'
[1.183s] INFO:colcon.colcon_cmake.task.cmake.build:Building CMake package in '/home/su1jun/Capstone/ros2_ws/src/sllidar_ros2'
[1.184s] INFO:colcon.colcon_core.shell:Skip shell extension 'powershell' for command environment: Not usable outside of PowerShell
[1.184s] DEBUG:colcon.colcon_core.shell:Skip shell extension 'dsv' for command environment
[1.189s] INFO:colcon.colcon_ros.task.ament_cmake.build:Building ROS package in '/home/su1jun/Capstone/ros2_ws/src/diffdrive_arduino' with build type 'ament_cmake'
[1.190s] INFO:colcon.colcon_cmake.task.cmake.build:Building CMake package in '/home/su1jun/Capstone/ros2_ws/src/diffdrive_arduino'
[1.190s] INFO:colcon.colcon_core.shell:Skip shell extension 'powershell' for command environment: Not usable outside of PowerShell
[1.190s] DEBUG:colcon.colcon_core.shell:Skip shell extension 'dsv' for command environment
[1.196s] DEBUG:colcon.colcon_core.event_handler.log_command:Invoked command in '/home/su1jun/Capstone/ros2_ws/build/serial_motor_demo_msgs' returned '0': CMAKE_PREFIX_PATH=${CMAKE_PREFIX_PATH}:/home/su1jun/Capstone/ros2_ws/install/serial_motor_demo:/home/su1jun/Capstone/ros2_ws/install/robot:/opt/ros/humble /usr/bin/cmake --build /home/su1jun/Capstone/ros2_ws/build/serial_motor_demo_msgs -- -j4 -l4
[1.220s] DEBUG:colcon.colcon_core.event_handler.log_command:Invoking command in '/home/su1jun/Capstone/ros2_ws/build/sllidar_ros2': CMAKE_PREFIX_PATH=${CMAKE_PREFIX_PATH}:/home/su1jun/Capstone/ros2_ws/install/serial_motor_demo:/home/su1jun/Capstone/ros2_ws/install/robot:/opt/ros/humble /usr/bin/cmake --build /home/su1jun/Capstone/ros2_ws/build/sllidar_ros2 -- -j4 -l4
[1.231s] DEBUG:colcon.colcon_core.event_handler.log_command:Invoking command in '/home/su1jun/Capstone/ros2_ws/build/diffdrive_arduino': CMAKE_PREFIX_PATH=/home/su1jun/Capstone/ros2_ws/install/serial:/home/su1jun/Capstone/ros2_ws/install/sllidar_ros2:/home/su1jun/Capstone/ros2_ws/install/serial_motor_demo_msgs:/home/su1jun/Capstone/ros2_ws/install/dynamixel_hardware:/home/su1jun/Capstone/ros2_ws/install/capstone:/home/su1jun/Capstone/ros2_ws/install/articubot_one:/home/su1jun/Capstone/colcon_ws/install/vizanti:/home/su1jun/Capstone/colcon_ws/install/vizanti_server:/home/su1jun/Capstone/colcon_ws/install/vizanti_demos:/home/su1jun/Capstone/colcon_ws/install/vizanti_msgs:/home/su1jun/Capstone/colcon_ws/install/vizanti_cpp:/home/su1jun/Capstone/ros2_ws/install/serial_motor_demo:/home/su1jun/Capstone/ros2_ws/install/robot:/opt/ros/humble /usr/bin/cmake --build /home/su1jun/Capstone/ros2_ws/build/diffdrive_arduino -- -j4 -l4
[1.345s] DEBUG:colcon.colcon_core.event_handler.log_command:Invoked command in '/home/su1jun/Capstone/ros2_ws/build/sllidar_ros2' returned '0': CMAKE_PREFIX_PATH=${CMAKE_PREFIX_PATH}:/home/su1jun/Capstone/ros2_ws/install/serial_motor_demo:/home/su1jun/Capstone/ros2_ws/install/robot:/opt/ros/humble /usr/bin/cmake --build /home/su1jun/Capstone/ros2_ws/build/sllidar_ros2 -- -j4 -l4
[1.445s] DEBUG:colcon.colcon_core.event_handler.log_command:Invoking command in '/home/su1jun/Capstone/ros2_ws/build/serial_motor_demo_msgs': CMAKE_PREFIX_PATH=${CMAKE_PREFIX_PATH}:/home/su1jun/Capstone/ros2_ws/install/serial_motor_demo:/home/su1jun/Capstone/ros2_ws/install/robot:/opt/ros/humble /usr/bin/cmake --install /home/su1jun/Capstone/ros2_ws/build/serial_motor_demo_msgs
[1.545s] Level 1:colcon.colcon_core.environment:create_environment_scripts_only(serial_motor_demo_msgs)
[1.546s] Level 1:colcon.colcon_core.environment:checking '/home/su1jun/Capstone/ros2_ws/install/serial_motor_demo_msgs' for CMake module files
[1.546s] Level 1:colcon.colcon_core.environment:checking '/home/su1jun/Capstone/ros2_ws/install/serial_motor_demo_msgs' for CMake config files
[1.547s] Level 1:colcon.colcon_core.shell:create_environment_hook('serial_motor_demo_msgs', 'cmake_prefix_path')
[1.547s] INFO:colcon.colcon_core.shell:Creating environment hook '/home/su1jun/Capstone/ros2_ws/install/serial_motor_demo_msgs/share/serial_motor_demo_msgs/hook/cmake_prefix_path.ps1'
[1.548s] INFO:colcon.colcon_core.shell:Creating environment descriptor '/home/su1jun/Capstone/ros2_ws/install/serial_motor_demo_msgs/share/serial_motor_demo_msgs/hook/cmake_prefix_path.dsv'
[1.548s] INFO:colcon.colcon_core.shell:Creating environment hook '/home/su1jun/Capstone/ros2_ws/install/serial_motor_demo_msgs/share/serial_motor_demo_msgs/hook/cmake_prefix_path.sh'
[1.550s] DEBUG:colcon.colcon_core.event_handler.log_command:Invoked command in '/home/su1jun/Capstone/ros2_ws/build/serial_motor_demo_msgs' returned '0': CMAKE_PREFIX_PATH=${CMAKE_PREFIX_PATH}:/home/su1jun/Capstone/ros2_ws/install/serial_motor_demo:/home/su1jun/Capstone/ros2_ws/install/robot:/opt/ros/humble /usr/bin/cmake --install /home/su1jun/Capstone/ros2_ws/build/serial_motor_demo_msgs
[1.550s] Level 1:colcon.colcon_core.environment:checking '/home/su1jun/Capstone/ros2_ws/install/serial_motor_demo_msgs/lib'
[1.550s] Level 1:colcon.colcon_core.shell:create_environment_hook('serial_motor_demo_msgs', 'ld_library_path_lib')
[1.550s] INFO:colcon.colcon_core.shell:Creating environment hook '/home/su1jun/Capstone/ros2_ws/install/serial_motor_demo_msgs/share/serial_motor_demo_msgs/hook/ld_library_path_lib.ps1'
[1.551s] INFO:colcon.colcon_core.shell:Creating environment descriptor '/home/su1jun/Capstone/ros2_ws/install/serial_motor_demo_msgs/share/serial_motor_demo_msgs/hook/ld_library_path_lib.dsv'
[1.551s] INFO:colcon.colcon_core.shell:Creating environment hook '/home/su1jun/Capstone/ros2_ws/install/serial_motor_demo_msgs/share/serial_motor_demo_msgs/hook/ld_library_path_lib.sh'
[1.552s] Level 1:colcon.colcon_core.environment:checking '/home/su1jun/Capstone/ros2_ws/install/serial_motor_demo_msgs/bin'
[1.552s] Level 1:colcon.colcon_core.environment:checking '/home/su1jun/Capstone/ros2_ws/install/serial_motor_demo_msgs/lib/pkgconfig/serial_motor_demo_msgs.pc'
[1.552s] Level 1:colcon.colcon_core.environment:checking '/home/su1jun/Capstone/ros2_ws/install/serial_motor_demo_msgs/lib/python3.10/site-packages'
[1.552s] Level 1:colcon.colcon_core.environment:checking '/home/su1jun/Capstone/ros2_ws/install/serial_motor_demo_msgs/bin'
[1.553s] INFO:colcon.colcon_core.shell:Creating package script '/home/su1jun/Capstone/ros2_ws/install/serial_motor_demo_msgs/share/serial_motor_demo_msgs/package.ps1'
[1.554s] INFO:colcon.colcon_core.shell:Creating package descriptor '/home/su1jun/Capstone/ros2_ws/install/serial_motor_demo_msgs/share/serial_motor_demo_msgs/package.dsv'
[1.555s] INFO:colcon.colcon_core.shell:Creating package script '/home/su1jun/Capstone/ros2_ws/install/serial_motor_demo_msgs/share/serial_motor_demo_msgs/package.sh'
[1.555s] INFO:colcon.colcon_core.shell:Creating package script '/home/su1jun/Capstone/ros2_ws/install/serial_motor_demo_msgs/share/serial_motor_demo_msgs/package.bash'
[1.556s] INFO:colcon.colcon_core.shell:Creating package script '/home/su1jun/Capstone/ros2_ws/install/serial_motor_demo_msgs/share/serial_motor_demo_msgs/package.zsh'
[1.556s] Level 1:colcon.colcon_core.environment:create_file_with_runtime_dependencies(/home/su1jun/Capstone/ros2_ws/install/serial_motor_demo_msgs/share/colcon-core/packages/serial_motor_demo_msgs)
[1.583s] DEBUG:colcon.colcon_core.event_handler.log_command:Invoking command in '/home/su1jun/Capstone/ros2_ws/build/sllidar_ros2': CMAKE_PREFIX_PATH=${CMAKE_PREFIX_PATH}:/home/su1jun/Capstone/ros2_ws/install/serial_motor_demo:/home/su1jun/Capstone/ros2_ws/install/robot:/opt/ros/humble /usr/bin/cmake --install /home/su1jun/Capstone/ros2_ws/build/sllidar_ros2
[1.627s] Level 1:colcon.colcon_core.environment:create_environment_scripts_only(sllidar_ros2)
[1.628s] Level 1:colcon.colcon_core.environment:checking '/home/su1jun/Capstone/ros2_ws/install/sllidar_ros2' for CMake module files
[1.629s] Level 1:colcon.colcon_core.environment:checking '/home/su1jun/Capstone/ros2_ws/install/sllidar_ros2' for CMake config files
[1.629s] Level 1:colcon.colcon_core.shell:create_environment_hook('sllidar_ros2', 'cmake_prefix_path')
[1.630s] INFO:colcon.colcon_core.shell:Creating environment hook '/home/su1jun/Capstone/ros2_ws/install/sllidar_ros2/share/sllidar_ros2/hook/cmake_prefix_path.ps1'
[1.627s] DEBUG:colcon.colcon_core.event_handler.log_command:Invoked command in '/home/su1jun/Capstone/ros2_ws/build/sllidar_ros2' returned '0': CMAKE_PREFIX_PATH=${CMAKE_PREFIX_PATH}:/home/su1jun/Capstone/ros2_ws/install/serial_motor_demo:/home/su1jun/Capstone/ros2_ws/install/robot:/opt/ros/humble /usr/bin/cmake --install /home/su1jun/Capstone/ros2_ws/build/sllidar_ros2
[1.630s] INFO:colcon.colcon_core.shell:Creating environment descriptor '/home/su1jun/Capstone/ros2_ws/install/sllidar_ros2/share/sllidar_ros2/hook/cmake_prefix_path.dsv'
[1.631s] INFO:colcon.colcon_core.shell:Creating environment hook '/home/su1jun/Capstone/ros2_ws/install/sllidar_ros2/share/sllidar_ros2/hook/cmake_prefix_path.sh'
[1.632s] Level 1:colcon.colcon_core.environment:checking '/home/su1jun/Capstone/ros2_ws/install/sllidar_ros2/lib'
[1.632s] Level 1:colcon.colcon_core.environment:checking '/home/su1jun/Capstone/ros2_ws/install/sllidar_ros2/bin'
[1.632s] Level 1:colcon.colcon_core.environment:checking '/home/su1jun/Capstone/ros2_ws/install/sllidar_ros2/lib/pkgconfig/sllidar_ros2.pc'
[1.632s] Level 1:colcon.colcon_core.environment:checking '/home/su1jun/Capstone/ros2_ws/install/sllidar_ros2/lib/python3.10/site-packages'
[1.632s] Level 1:colcon.colcon_core.environment:checking '/home/su1jun/Capstone/ros2_ws/install/sllidar_ros2/bin'
[1.633s] INFO:colcon.colcon_core.shell:Creating package script '/home/su1jun/Capstone/ros2_ws/install/sllidar_ros2/share/sllidar_ros2/package.ps1'
[1.634s] INFO:colcon.colcon_core.shell:Creating package descriptor '/home/su1jun/Capstone/ros2_ws/install/sllidar_ros2/share/sllidar_ros2/package.dsv'
[1.635s] INFO:colcon.colcon_core.shell:Creating package script '/home/su1jun/Capstone/ros2_ws/install/sllidar_ros2/share/sllidar_ros2/package.sh'
[1.635s] INFO:colcon.colcon_core.shell:Creating package script '/home/su1jun/Capstone/ros2_ws/install/sllidar_ros2/share/sllidar_ros2/package.bash'
[1.636s] INFO:colcon.colcon_core.shell:Creating package script '/home/su1jun/Capstone/ros2_ws/install/sllidar_ros2/share/sllidar_ros2/package.zsh'
[1.636s] Level 1:colcon.colcon_core.environment:create_file_with_runtime_dependencies(/home/su1jun/Capstone/ros2_ws/install/sllidar_ros2/share/colcon-core/packages/sllidar_ros2)
[1.758s] Level 1:colcon.colcon_core.environment:create_environment_scripts_only(sllidar_ros2)
[1.758s] Level 1:colcon.colcon_core.environment:checking '/home/su1jun/Capstone/ros2_ws/install/sllidar_ros2' for CMake module files
[1.759s] Level 1:colcon.colcon_core.environment:checking '/home/su1jun/Capstone/ros2_ws/install/sllidar_ros2' for CMake config files
[1.759s] Level 1:colcon.colcon_core.shell:create_environment_hook('sllidar_ros2', 'cmake_prefix_path')
[1.760s] INFO:colcon.colcon_core.shell:Creating environment hook '/home/su1jun/Capstone/ros2_ws/install/sllidar_ros2/share/sllidar_ros2/hook/cmake_prefix_path.ps1'
[1.763s] INFO:colcon.colcon_core.shell:Creating environment descriptor '/home/su1jun/Capstone/ros2_ws/install/sllidar_ros2/share/sllidar_ros2/hook/cmake_prefix_path.dsv'
[1.764s] INFO:colcon.colcon_core.shell:Creating environment hook '/home/su1jun/Capstone/ros2_ws/install/sllidar_ros2/share/sllidar_ros2/hook/cmake_prefix_path.sh'
[1.765s] Level 1:colcon.colcon_core.environment:checking '/home/su1jun/Capstone/ros2_ws/install/sllidar_ros2/lib'
[1.765s] Level 1:colcon.colcon_core.environment:checking '/home/su1jun/Capstone/ros2_ws/install/sllidar_ros2/bin'
[1.765s] Level 1:colcon.colcon_core.environment:checking '/home/su1jun/Capstone/ros2_ws/install/sllidar_ros2/lib/pkgconfig/sllidar_ros2.pc'
[1.766s] Level 1:colcon.colcon_core.environment:checking '/home/su1jun/Capstone/ros2_ws/install/sllidar_ros2/lib/python3.10/site-packages'
[1.767s] Level 1:colcon.colcon_core.environment:checking '/home/su1jun/Capstone/ros2_ws/install/sllidar_ros2/bin'
[1.767s] INFO:colcon.colcon_core.shell:Creating package script '/home/su1jun/Capstone/ros2_ws/install/sllidar_ros2/share/sllidar_ros2/package.ps1'
[1.768s] INFO:colcon.colcon_core.shell:Creating package descriptor '/home/su1jun/Capstone/ros2_ws/install/sllidar_ros2/share/sllidar_ros2/package.dsv'
[1.768s] INFO:colcon.colcon_core.shell:Creating package script '/home/su1jun/Capstone/ros2_ws/install/sllidar_ros2/share/sllidar_ros2/package.sh'
[1.769s] INFO:colcon.colcon_core.shell:Creating package script '/home/su1jun/Capstone/ros2_ws/install/sllidar_ros2/share/sllidar_ros2/package.bash'
[1.769s] INFO:colcon.colcon_core.shell:Creating package script '/home/su1jun/Capstone/ros2_ws/install/sllidar_ros2/share/sllidar_ros2/package.zsh'
[1.770s] Level 1:colcon.colcon_core.environment:create_file_with_runtime_dependencies(/home/su1jun/Capstone/ros2_ws/install/sllidar_ros2/share/colcon-core/packages/sllidar_ros2)
[1.771s] Level 1:colcon.colcon_core.environment:create_environment_scripts_only(serial_motor_demo_msgs)
[1.771s] Level 1:colcon.colcon_core.environment:checking '/home/su1jun/Capstone/ros2_ws/install/serial_motor_demo_msgs' for CMake module files
[1.772s] Level 1:colcon.colcon_core.environment:checking '/home/su1jun/Capstone/ros2_ws/install/serial_motor_demo_msgs' for CMake config files
[1.773s] Level 1:colcon.colcon_core.shell:create_environment_hook('serial_motor_demo_msgs', 'cmake_prefix_path')
[1.774s] INFO:colcon.colcon_core.shell:Creating environment hook '/home/su1jun/Capstone/ros2_ws/install/serial_motor_demo_msgs/share/serial_motor_demo_msgs/hook/cmake_prefix_path.ps1'
[1.774s] INFO:colcon.colcon_core.shell:Creating environment descriptor '/home/su1jun/Capstone/ros2_ws/install/serial_motor_demo_msgs/share/serial_motor_demo_msgs/hook/cmake_prefix_path.dsv'
[1.775s] INFO:colcon.colcon_core.shell:Creating environment hook '/home/su1jun/Capstone/ros2_ws/install/serial_motor_demo_msgs/share/serial_motor_demo_msgs/hook/cmake_prefix_path.sh'
[1.775s] Level 1:colcon.colcon_core.environment:checking '/home/su1jun/Capstone/ros2_ws/install/serial_motor_demo_msgs/lib'
[1.775s] Level 1:colcon.colcon_core.shell:create_environment_hook('serial_motor_demo_msgs', 'ld_library_path_lib')
[1.776s] INFO:colcon.colcon_core.shell:Creating environment hook '/home/su1jun/Capstone/ros2_ws/install/serial_motor_demo_msgs/share/serial_motor_demo_msgs/hook/ld_library_path_lib.ps1'
[1.776s] INFO:colcon.colcon_core.shell:Creating environment descriptor '/home/su1jun/Capstone/ros2_ws/install/serial_motor_demo_msgs/share/serial_motor_demo_msgs/hook/ld_library_path_lib.dsv'
[1.777s] INFO:colcon.colcon_core.shell:Creating environment hook '/home/su1jun/Capstone/ros2_ws/install/serial_motor_demo_msgs/share/serial_motor_demo_msgs/hook/ld_library_path_lib.sh'
[1.777s] Level 1:colcon.colcon_core.environment:checking '/home/su1jun/Capstone/ros2_ws/install/serial_motor_demo_msgs/bin'
[1.777s] Level 1:colcon.colcon_core.environment:checking '/home/su1jun/Capstone/ros2_ws/install/serial_motor_demo_msgs/lib/pkgconfig/serial_motor_demo_msgs.pc'
[1.777s] Level 1:colcon.colcon_core.environment:checking '/home/su1jun/Capstone/ros2_ws/install/serial_motor_demo_msgs/lib/python3.10/site-packages'
[1.778s] Level 1:colcon.colcon_core.environment:checking '/home/su1jun/Capstone/ros2_ws/install/serial_motor_demo_msgs/bin'
[1.778s] INFO:colcon.colcon_core.shell:Creating package script '/home/su1jun/Capstone/ros2_ws/install/serial_motor_demo_msgs/share/serial_motor_demo_msgs/package.ps1'
[1.779s] INFO:colcon.colcon_core.shell:Creating package descriptor '/home/su1jun/Capstone/ros2_ws/install/serial_motor_demo_msgs/share/serial_motor_demo_msgs/package.dsv'
[1.779s] INFO:colcon.colcon_core.shell:Creating package script '/home/su1jun/Capstone/ros2_ws/install/serial_motor_demo_msgs/share/serial_motor_demo_msgs/package.sh'
[1.780s] INFO:colcon.colcon_core.shell:Creating package script '/home/su1jun/Capstone/ros2_ws/install/serial_motor_demo_msgs/share/serial_motor_demo_msgs/package.bash'
[1.780s] INFO:colcon.colcon_core.shell:Creating package script '/home/su1jun/Capstone/ros2_ws/install/serial_motor_demo_msgs/share/serial_motor_demo_msgs/package.zsh'
[1.781s] Level 1:colcon.colcon_core.environment:create_file_with_runtime_dependencies(/home/su1jun/Capstone/ros2_ws/install/serial_motor_demo_msgs/share/colcon-core/packages/serial_motor_demo_msgs)
[1.781s] INFO:colcon.colcon_ros.task.ament_python.build:Building ROS package in '/home/su1jun/Capstone/ros2_ws/src/serial_motor_demo/serial_motor_demo' with build type 'ament_python'
[1.781s] Level 1:colcon.colcon_core.shell:create_environment_hook('serial_motor_demo', 'ament_prefix_path')
[1.781s] INFO:colcon.colcon_core.shell:Creating environment hook '/home/su1jun/Capstone/ros2_ws/install/serial_motor_demo/share/serial_motor_demo/hook/ament_prefix_path.ps1'
[1.782s] INFO:colcon.colcon_core.shell:Creating environment descriptor '/home/su1jun/Capstone/ros2_ws/install/serial_motor_demo/share/serial_motor_demo/hook/ament_prefix_path.dsv'
[1.783s] INFO:colcon.colcon_core.shell:Creating environment hook '/home/su1jun/Capstone/ros2_ws/install/serial_motor_demo/share/serial_motor_demo/hook/ament_prefix_path.sh'
[1.783s] INFO:colcon.colcon_core.shell:Skip shell extension 'powershell' for command environment: Not usable outside of PowerShell
[1.783s] DEBUG:colcon.colcon_core.shell:Skip shell extension 'dsv' for command environment
[2.161s] INFO:colcon.colcon_core.task.python.build:Building Python package in '/home/su1jun/Capstone/ros2_ws/src/serial_motor_demo/serial_motor_demo'
[2.161s] INFO:colcon.colcon_core.shell:Skip shell extension 'powershell' for command environment: Not usable outside of PowerShell
[2.161s] DEBUG:colcon.colcon_core.shell:Skip shell extension 'dsv' for command environment
[2.179s] DEBUG:colcon.colcon_core.event_handler.log_command:Invoking command in '/home/su1jun/Capstone/ros2_ws/src/robot': PYTHONPATH=/home/su1jun/Capstone/ros2_ws/build/robot/prefix_override:/usr/lib/python3/dist-packages/colcon_core/task/python/colcon_distutils_commands:/home/su1jun/Capstone/ros2_ws/install/robot/lib/python3.10/site-packages:${PYTHONPATH} /usr/bin/python3 -W ignore:setup.py install is deprecated setup.py egg_info --egg-base ../../build/robot build --build-base /home/su1jun/Capstone/ros2_ws/build/robot/build install --record /home/su1jun/Capstone/ros2_ws/build/robot/install.log --single-version-externally-managed install_data
[2.971s] DEBUG:colcon.colcon_core.event_handler.log_command:Invoking command in '/home/su1jun/Capstone/ros2_ws/src/serial_motor_demo/serial_motor_demo': CMAKE_PREFIX_PATH=/home/su1jun/Capstone/ros2_ws/install/serial_motor_demo_msgs:/home/su1jun/Capstone/ros2_ws/install/sllidar_ros2:/home/su1jun/Capstone/ros2_ws/install/serial:/home/su1jun/Capstone/ros2_ws/install/dynamixel_hardware:/home/su1jun/Capstone/ros2_ws/install/capstone:/home/su1jun/Capstone/ros2_ws/install/articubot_one:/home/su1jun/Capstone/colcon_ws/install/vizanti:/home/su1jun/Capstone/colcon_ws/install/vizanti_server:/home/su1jun/Capstone/colcon_ws/install/vizanti_demos:/home/su1jun/Capstone/colcon_ws/install/vizanti_msgs:/home/su1jun/Capstone/colcon_ws/install/vizanti_cpp LD_LIBRARY_PATH=/home/su1jun/Capstone/ros2_ws/install/serial_motor_demo_msgs/lib:/home/su1jun/Capstone/ros2_ws/install/serial/lib:/home/su1jun/Capstone/ros2_ws/install/dynamixel_hardware/lib:/home/su1jun/Capstone/colcon_ws/install/vizanti_msgs/lib:/usr/lib/x86_64-linux-gnu/gazebo-11/plugins:/opt/ros/humble/opt/rviz_ogre_vendor/lib:/opt/ros/humble/lib/x86_64-linux-gnu:/opt/ros/humble/lib:/usr/lib/x86_64-linux-gnu/gazebo-11/plugins PYTHONPATH=/home/su1jun/Capstone/ros2_ws/build/serial_motor_demo/prefix_override:/usr/lib/python3/dist-packages/colcon_core/task/python/colcon_distutils_commands:/home/su1jun/Capstone/ros2_ws/install/serial_motor_demo/lib/python3.10/site-packages:${PYTHONPATH} /usr/bin/python3 -W ignore:setup.py install is deprecated setup.py egg_info --egg-base ../../../build/serial_motor_demo build --build-base /home/su1jun/Capstone/ros2_ws/build/serial_motor_demo/build install --record /home/su1jun/Capstone/ros2_ws/build/serial_motor_demo/install.log --install-scripts $base/lib/serial_motor_demo --single-version-externally-managed install_data
[3.123s] Level 1:colcon.colcon_core.environment:checking '/home/su1jun/Capstone/ros2_ws/install/robot' for CMake module files
[3.123s] Level 1:colcon.colcon_core.environment:checking '/home/su1jun/Capstone/ros2_ws/install/robot' for CMake config files
[3.124s] Level 1:colcon.colcon_core.environment:checking '/home/su1jun/Capstone/ros2_ws/install/robot/lib'
[3.124s] Level 1:colcon.colcon_core.environment:checking '/home/su1jun/Capstone/ros2_ws/install/robot/bin'
[3.124s] Level 1:colcon.colcon_core.environment:checking '/home/su1jun/Capstone/ros2_ws/install/robot/lib/pkgconfig/robot.pc'
[3.125s] Level 1:colcon.colcon_core.environment:checking '/home/su1jun/Capstone/ros2_ws/install/robot/lib/python3.10/site-packages'
[3.125s] Level 1:colcon.colcon_core.shell:create_environment_hook('robot', 'pythonpath')
[3.125s] INFO:colcon.colcon_core.shell:Creating environment hook '/home/su1jun/Capstone/ros2_ws/install/robot/share/robot/hook/pythonpath.ps1'
[3.126s] INFO:colcon.colcon_core.shell:Creating environment descriptor '/home/su1jun/Capstone/ros2_ws/install/robot/share/robot/hook/pythonpath.dsv'
[3.127s] DEBUG:colcon.colcon_core.event_handler.log_command:Invoked command in '/home/su1jun/Capstone/ros2_ws/src/robot' returned '0': PYTHONPATH=/home/su1jun/Capstone/ros2_ws/build/robot/prefix_override:/usr/lib/python3/dist-packages/colcon_core/task/python/colcon_distutils_commands:/home/su1jun/Capstone/ros2_ws/install/robot/lib/python3.10/site-packages:${PYTHONPATH} /usr/bin/python3 -W ignore:setup.py install is deprecated setup.py egg_info --egg-base ../../build/robot build --build-base /home/su1jun/Capstone/ros2_ws/build/robot/build install --record /home/su1jun/Capstone/ros2_ws/build/robot/install.log --single-version-externally-managed install_data
[3.128s] INFO:colcon.colcon_core.shell:Creating environment hook '/home/su1jun/Capstone/ros2_ws/install/robot/share/robot/hook/pythonpath.sh'
[3.130s] Level 1:colcon.colcon_core.environment:checking '/home/su1jun/Capstone/ros2_ws/install/robot/bin'
[3.130s] Level 1:colcon.colcon_core.environment:create_environment_scripts_only(robot)
[3.131s] INFO:colcon.colcon_core.shell:Creating package script '/home/su1jun/Capstone/ros2_ws/install/robot/share/robot/package.ps1'
[3.132s] INFO:colcon.colcon_core.shell:Creating package descriptor '/home/su1jun/Capstone/ros2_ws/install/robot/share/robot/package.dsv'
[3.133s] INFO:colcon.colcon_core.shell:Creating package script '/home/su1jun/Capstone/ros2_ws/install/robot/share/robot/package.sh'
[3.134s] INFO:colcon.colcon_core.shell:Creating package script '/home/su1jun/Capstone/ros2_ws/install/robot/share/robot/package.bash'
[3.135s] INFO:colcon.colcon_core.shell:Creating package script '/home/su1jun/Capstone/ros2_ws/install/robot/share/robot/package.zsh'
[3.149s] Level 1:colcon.colcon_core.environment:create_file_with_runtime_dependencies(/home/su1jun/Capstone/ros2_ws/install/robot/share/colcon-core/packages/robot)
[3.829s] Level 1:colcon.colcon_core.environment:checking '/home/su1jun/Capstone/ros2_ws/install/serial_motor_demo' for CMake module files
[3.830s] Level 1:colcon.colcon_core.environment:checking '/home/su1jun/Capstone/ros2_ws/install/serial_motor_demo' for CMake config files
[3.831s] Level 1:colcon.colcon_core.environment:checking '/home/su1jun/Capstone/ros2_ws/install/serial_motor_demo/lib'
[3.831s] Level 1:colcon.colcon_core.environment:checking '/home/su1jun/Capstone/ros2_ws/install/serial_motor_demo/bin'
[3.831s] Level 1:colcon.colcon_core.environment:checking '/home/su1jun/Capstone/ros2_ws/install/serial_motor_demo/lib/pkgconfig/serial_motor_demo.pc'
[3.831s] Level 1:colcon.colcon_core.environment:checking '/home/su1jun/Capstone/ros2_ws/install/serial_motor_demo/lib/python3.10/site-packages'
[3.831s] Level 1:colcon.colcon_core.shell:create_environment_hook('serial_motor_demo', 'pythonpath')
[3.831s] INFO:colcon.colcon_core.shell:Creating environment hook '/home/su1jun/Capstone/ros2_ws/install/serial_motor_demo/share/serial_motor_demo/hook/pythonpath.ps1'
[3.832s] INFO:colcon.colcon_core.shell:Creating environment descriptor '/home/su1jun/Capstone/ros2_ws/install/serial_motor_demo/share/serial_motor_demo/hook/pythonpath.dsv'
[3.832s] INFO:colcon.colcon_core.shell:Creating environment hook '/home/su1jun/Capstone/ros2_ws/install/serial_motor_demo/share/serial_motor_demo/hook/pythonpath.sh'
[3.833s] Level 1:colcon.colcon_core.environment:checking '/home/su1jun/Capstone/ros2_ws/install/serial_motor_demo/bin'
[3.833s] Level 1:colcon.colcon_core.environment:create_environment_scripts_only(serial_motor_demo)
[3.834s] INFO:colcon.colcon_core.shell:Creating package script '/home/su1jun/Capstone/ros2_ws/install/serial_motor_demo/share/serial_motor_demo/package.ps1'
[3.834s] INFO:colcon.colcon_core.shell:Creating package descriptor '/home/su1jun/Capstone/ros2_ws/install/serial_motor_demo/share/serial_motor_demo/package.dsv'
[3.835s] INFO:colcon.colcon_core.shell:Creating package script '/home/su1jun/Capstone/ros2_ws/install/serial_motor_demo/share/serial_motor_demo/package.sh'
[3.835s] INFO:colcon.colcon_core.shell:Creating package script '/home/su1jun/Capstone/ros2_ws/install/serial_motor_demo/share/serial_motor_demo/package.bash'
[3.836s] INFO:colcon.colcon_core.shell:Creating package script '/home/su1jun/Capstone/ros2_ws/install/serial_motor_demo/share/serial_motor_demo/package.zsh'
[3.836s] Level 1:colcon.colcon_core.environment:create_file_with_runtime_dependencies(/home/su1jun/Capstone/ros2_ws/install/serial_motor_demo/share/colcon-core/packages/serial_motor_demo)
[3.837s] DEBUG:colcon.colcon_core.event_handler.log_command:Invoked command in '/home/su1jun/Capstone/ros2_ws/src/serial_motor_demo/serial_motor_demo' returned '0': CMAKE_PREFIX_PATH=/home/su1jun/Capstone/ros2_ws/install/serial_motor_demo_msgs:/home/su1jun/Capstone/ros2_ws/install/sllidar_ros2:/home/su1jun/Capstone/ros2_ws/install/serial:/home/su1jun/Capstone/ros2_ws/install/dynamixel_hardware:/home/su1jun/Capstone/ros2_ws/install/capstone:/home/su1jun/Capstone/ros2_ws/install/articubot_one:/home/su1jun/Capstone/colcon_ws/install/vizanti:/home/su1jun/Capstone/colcon_ws/install/vizanti_server:/home/su1jun/Capstone/colcon_ws/install/vizanti_demos:/home/su1jun/Capstone/colcon_ws/install/vizanti_msgs:/home/su1jun/Capstone/colcon_ws/install/vizanti_cpp LD_LIBRARY_PATH=/home/su1jun/Capstone/ros2_ws/install/serial_motor_demo_msgs/lib:/home/su1jun/Capstone/ros2_ws/install/serial/lib:/home/su1jun/Capstone/ros2_ws/install/dynamixel_hardware/lib:/home/su1jun/Capstone/colcon_ws/install/vizanti_msgs/lib:/usr/lib/x86_64-linux-gnu/gazebo-11/plugins:/opt/ros/humble/opt/rviz_ogre_vendor/lib:/opt/ros/humble/lib/x86_64-linux-gnu:/opt/ros/humble/lib:/usr/lib/x86_64-linux-gnu/gazebo-11/plugins PYTHONPATH=/home/su1jun/Capstone/ros2_ws/build/serial_motor_demo/prefix_override:/usr/lib/python3/dist-packages/colcon_core/task/python/colcon_distutils_commands:/home/su1jun/Capstone/ros2_ws/install/serial_motor_demo/lib/python3.10/site-packages:${PYTHONPATH} /usr/bin/python3 -W ignore:setup.py install is deprecated setup.py egg_info --egg-base ../../../build/serial_motor_demo build --build-base /home/su1jun/Capstone/ros2_ws/build/serial_motor_demo/build install --record /home/su1jun/Capstone/ros2_ws/build/serial_motor_demo/install.log --install-scripts $base/lib/serial_motor_demo --single-version-externally-managed install_data
[8.319s] DEBUG:colcon.colcon_core.event_handler.log_command:Invoked command in '/home/su1jun/Capstone/ros2_ws/build/diffdrive_arduino' returned '2': CMAKE_PREFIX_PATH=/home/su1jun/Capstone/ros2_ws/install/serial:/home/su1jun/Capstone/ros2_ws/install/sllidar_ros2:/home/su1jun/Capstone/ros2_ws/install/serial_motor_demo_msgs:/home/su1jun/Capstone/ros2_ws/install/dynamixel_hardware:/home/su1jun/Capstone/ros2_ws/install/capstone:/home/su1jun/Capstone/ros2_ws/install/articubot_one:/home/su1jun/Capstone/colcon_ws/install/vizanti:/home/su1jun/Capstone/colcon_ws/install/vizanti_server:/home/su1jun/Capstone/colcon_ws/install/vizanti_demos:/home/su1jun/Capstone/colcon_ws/install/vizanti_msgs:/home/su1jun/Capstone/colcon_ws/install/vizanti_cpp:/home/su1jun/Capstone/ros2_ws/install/serial_motor_demo:/home/su1jun/Capstone/ros2_ws/install/robot:/opt/ros/humble /usr/bin/cmake --build /home/su1jun/Capstone/ros2_ws/build/diffdrive_arduino -- -j4 -l4
[8.359s] Level 1:colcon.colcon_core.environment:create_environment_scripts_only(diffdrive_arduino)
[8.360s] Level 1:colcon.colcon_core.environment:checking '/home/su1jun/Capstone/ros2_ws/install/diffdrive_arduino' for CMake module files
[8.360s] Level 1:colcon.colcon_core.environment:checking '/home/su1jun/Capstone/ros2_ws/install/diffdrive_arduino' for CMake config files
[8.361s] Level 1:colcon.colcon_core.environment:checking '/home/su1jun/Capstone/ros2_ws/install/diffdrive_arduino/bin'
[8.361s] Level 1:colcon.colcon_core.environment:checking '/home/su1jun/Capstone/ros2_ws/install/diffdrive_arduino/lib/pkgconfig/diffdrive_arduino.pc'
[8.361s] Level 1:colcon.colcon_core.environment:checking '/home/su1jun/Capstone/ros2_ws/install/diffdrive_arduino/lib/python3.10/site-packages'
[8.362s] Level 1:colcon.colcon_core.environment:checking '/home/su1jun/Capstone/ros2_ws/install/diffdrive_arduino/bin'
[8.362s] INFO:colcon.colcon_core.shell:Creating package script '/home/su1jun/Capstone/ros2_ws/install/diffdrive_arduino/share/diffdrive_arduino/package.ps1'
[8.363s] INFO:colcon.colcon_core.shell:Creating package descriptor '/home/su1jun/Capstone/ros2_ws/install/diffdrive_arduino/share/diffdrive_arduino/package.dsv'
[8.364s] INFO:colcon.colcon_core.shell:Creating package script '/home/su1jun/Capstone/ros2_ws/install/diffdrive_arduino/share/diffdrive_arduino/package.sh'
[8.367s] INFO:colcon.colcon_core.shell:Creating package script '/home/su1jun/Capstone/ros2_ws/install/diffdrive_arduino/share/diffdrive_arduino/package.bash'
[8.368s] INFO:colcon.colcon_core.shell:Creating package script '/home/su1jun/Capstone/ros2_ws/install/diffdrive_arduino/share/diffdrive_arduino/package.zsh'
[8.368s] Level 1:colcon.colcon_core.environment:create_file_with_runtime_dependencies(/home/su1jun/Capstone/ros2_ws/install/diffdrive_arduino/share/colcon-core/packages/diffdrive_arduino)
[8.379s] DEBUG:colcon.colcon_parallel_executor.executor.parallel:closing loop
[8.380s] DEBUG:colcon.colcon_parallel_executor.executor.parallel:loop closed
[8.380s] DEBUG:colcon.colcon_parallel_executor.executor.parallel:run_until_complete finished with '2'
[8.380s] DEBUG:colcon.colcon_core.event_reactor:joining thread
[8.400s] INFO:colcon.colcon_core.plugin_system:Skipping extension 'colcon_notification.desktop_notification.terminal_notifier': Not used on non-Darwin systems
[8.401s] INFO:colcon.colcon_core.plugin_system:Skipping extension 'colcon_notification.desktop_notification.win32': Not used on non-Windows systems
[8.401s] INFO:colcon.colcon_notification.desktop_notification:Sending desktop notification using 'notify2'
[8.418s] DEBUG:colcon.colcon_core.event_reactor:joined thread
[8.419s] INFO:colcon.colcon_core.shell:Creating prefix script '/home/su1jun/Capstone/ros2_ws/install/local_setup.ps1'
[8.420s] INFO:colcon.colcon_core.shell:Creating prefix util module '/home/su1jun/Capstone/ros2_ws/install/_local_setup_util_ps1.py'
[8.421s] INFO:colcon.colcon_core.shell:Creating prefix chain script '/home/su1jun/Capstone/ros2_ws/install/setup.ps1'
[8.423s] INFO:colcon.colcon_core.shell:Creating prefix script '/home/su1jun/Capstone/ros2_ws/install/local_setup.sh'
[8.424s] INFO:colcon.colcon_core.shell:Creating prefix util module '/home/su1jun/Capstone/ros2_ws/install/_local_setup_util_sh.py'
[8.424s] INFO:colcon.colcon_core.shell:Creating prefix chain script '/home/su1jun/Capstone/ros2_ws/install/setup.sh'
[8.426s] INFO:colcon.colcon_core.shell:Creating prefix script '/home/su1jun/Capstone/ros2_ws/install/local_setup.bash'
[8.427s] INFO:colcon.colcon_core.shell:Creating prefix chain script '/home/su1jun/Capstone/ros2_ws/install/setup.bash'
[8.428s] INFO:colcon.colcon_core.shell:Creating prefix script '/home/su1jun/Capstone/ros2_ws/install/local_setup.zsh'
[8.429s] INFO:colcon.colcon_core.shell:Creating prefix chain script '/home/su1jun/Capstone/ros2_ws/install/setup.zsh'
