[1.313s] Invoking command in '/home/su1jun/Capstone/ros2_ws/src/robot': PYTHONPATH=/home/su1jun/Capstone/ros2_ws/build/robot/prefix_override:/usr/lib/python3/dist-packages/colcon_core/task/python/colcon_distutils_commands:/home/su1jun/Capstone/ros2_ws/install/robot/lib/python3.10/site-packages:${PYTHONPATH} /usr/bin/python3 -W ignore:setup.py install is deprecated setup.py egg_info --egg-base ../../build/robot build --build-base /home/su1jun/Capstone/ros2_ws/build/robot/build install --record /home/su1jun/Capstone/ros2_ws/build/robot/install.log --single-version-externally-managed install_data
[1.708s] running egg_info
[1.709s] writing ../../build/robot/robot.egg-info/PKG-INFO
[1.710s] writing dependency_links to ../../build/robot/robot.egg-info/dependency_links.txt
[1.711s] writing entry points to ../../build/robot/robot.egg-info/entry_points.txt
[1.711s] writing requirements to ../../build/robot/robot.egg-info/requires.txt
[1.712s] writing top-level names to ../../build/robot/robot.egg-info/top_level.txt
[1.715s] reading manifest file '../../build/robot/robot.egg-info/SOURCES.txt'
[1.717s] writing manifest file '../../build/robot/robot.egg-info/SOURCES.txt'
[1.717s] running build
[1.717s] running build_py
[1.719s] running install
[1.720s] running install_lib
[1.722s] running install_data
[1.722s] running install_egg_info
[1.725s] removing '/home/su1jun/Capstone/ros2_ws/install/robot/lib/python3.10/site-packages/robot-0.0.0-py3.10.egg-info' (and everything under it)
[1.728s] Copying ../../build/robot/robot.egg-info to /home/su1jun/Capstone/ros2_ws/install/robot/lib/python3.10/site-packages/robot-0.0.0-py3.10.egg-info
[1.734s] running install_scripts
[1.763s] Installing bluetooth script to /home/su1jun/Capstone/ros2_ws/install/robot/lib/robot
[1.763s] Installing map script to /home/su1jun/Capstone/ros2_ws/install/robot/lib/robot
[1.764s] Installing motor script to /home/su1jun/Capstone/ros2_ws/install/robot/lib/robot
[1.765s] Installing motor_btl script to /home/su1jun/Capstone/ros2_ws/install/robot/lib/robot
[1.766s] Installing odom script to /home/su1jun/Capstone/ros2_ws/install/robot/lib/robot
[1.766s] Installing switch script to /home/su1jun/Capstone/ros2_ws/install/robot/lib/robot
[1.768s] writing list of installed files to '/home/su1jun/Capstone/ros2_ws/build/robot/install.log'
[1.807s] Invoked command in '/home/su1jun/Capstone/ros2_ws/src/robot' returned '0': PYTHONPATH=/home/su1jun/Capstone/ros2_ws/build/robot/prefix_override:/usr/lib/python3/dist-packages/colcon_core/task/python/colcon_distutils_commands:/home/su1jun/Capstone/ros2_ws/install/robot/lib/python3.10/site-packages:${PYTHONPATH} /usr/bin/python3 -W ignore:setup.py install is deprecated setup.py egg_info --egg-base ../../build/robot build --build-base /home/su1jun/Capstone/ros2_ws/build/robot/build install --record /home/su1jun/Capstone/ros2_ws/build/robot/install.log --single-version-externally-managed install_data
