[0.164s] Invoking command in '/home/su1jun/Capstone/ros2_ws/build/web_video_server': /usr/bin/cmake /home/su1jun/Capstone/ros2_ws/src/web_video_server -DCATKIN_INSTALL_INTO_PREFIX_ROOT=0 -DCMAKE_INSTALL_PREFIX=/home/su1jun/Capstone/ros2_ws/install/web_video_server
[0.167s] [0mCMake Deprecation Warning at CMakeLists.txt:1 (cmake_minimum_required):
[0.167s]   Compatibility with CMake < 2.8.12 will be removed from a future version of
[0.167s]   CMake.
[0.168s] 
[0.168s]   Update the VERSION argument <min> value or use a ...<max> suffix to tell
[0.168s]   CMake that the project does not need compatibility with older versions.
[0.168s] 
[0.168s] [0m
[0.196s] -- The C compiler identification is GNU 11.4.0
[0.228s] -- The CXX compiler identification is GNU 11.4.0
[0.234s] -- Detecting C compiler ABI info
[0.269s] -- Detecting C compiler ABI info - done
[0.273s] -- Check for working C compiler: /usr/bin/cc - skipped
[0.274s] -- Detecting C compile features
[0.274s] -- Detecting C compile features - done
[0.275s] -- Detecting CXX compiler ABI info
[0.314s] -- Detecting CXX compiler ABI info - done
[0.319s] -- Check for working CXX compiler: /usr/bin/c++ - skipped
[0.322s] -- Detecting CXX compile features
[0.322s] -- Detecting CXX compile features - done
[0.324s] [31mCMake Error at CMakeLists.txt:7 (find_package):
[0.324s]   By not providing "Findcatkin.cmake" in CMAKE_MODULE_PATH this project has
[0.324s]   asked CMake to find a package configuration file provided by "catkin", but
[0.324s]   CMake did not find one.
[0.324s] 
[0.324s]   Could not find a package configuration file provided by "catkin" with any
[0.324s]   of the following names:
[0.324s] 
[0.324s]     catkinConfig.cmake
[0.324s]     catkin-config.cmake
[0.324s] 
[0.324s]   Add the installation prefix of "catkin" to CMAKE_PREFIX_PATH or set
[0.324s]   "catkin_DIR" to a directory containing one of the above files.  If "catkin"
[0.324s]   provides a separate development package or SDK, be sure it has been
[0.325s]   installed.
[0.325s] 
[0.325s] [0m
[0.325s] -- Configuring incomplete, errors occurred!
[0.325s] See also "/home/su1jun/Capstone/ros2_ws/build/web_video_server/CMakeFiles/CMakeOutput.log".
[0.347s] Invoked command in '/home/su1jun/Capstone/ros2_ws/build/web_video_server' returned '1': /usr/bin/cmake /home/su1jun/Capstone/ros2_ws/src/web_video_server -DCATKIN_INSTALL_INTO_PREFIX_ROOT=0 -DCMAKE_INSTALL_PREFIX=/home/su1jun/Capstone/ros2_ws/install/web_video_server
