-- The C compiler identification is GNU 11.4.0
-- The CXX compiler identification is GNU 11.4.0
-- Detecting C compiler ABI info
-- Detecting C compiler ABI info - done
-- Check for working C compiler: /usr/bin/cc - skipped
-- Detecting C compile features
-- Detecting C compile features - done
-- Detecting CXX compiler ABI info
-- Detecting CXX compiler ABI info - done
-- Check for working CXX compiler: /usr/bin/c++ - skipped
-- Detecting CXX compile features
-- Detecting CXX compile features - done
-- Found ament_cmake_ros: 0.10.0 (/opt/ros/humble/share/ament_cmake_ros/cmake)
-- Found Python3: /usr/bin/python3 (found version "3.10.12") found components: Interpreter 
-- Found launch_testing_ament_cmake: 1.0.5 (/opt/ros/humble/share/launch_testing_ament_cmake/cmake)
-- Found python_cmake_module: 0.10.0 (/opt/ros/humble/share/python_cmake_module/cmake)
-- Found PythonInterp: /usr/bin/python3 (found suitable version "3.10.12", minimum required is "3.6") 
-- Found PythonLibs: /usr/lib/x86_64-linux-gnu/libpython3.10.so (found suitable version "3.10.12", minimum required is "3.5") 
-- Using PYTHON_EXECUTABLE: /usr/bin/python3
-- Using PYTHON_INCLUDE_DIRS: /usr/include/python3.10
-- Using PYTHON_LIBRARIES: /usr/lib/x86_64-linux-gnu/libpython3.10.so
-- Found PythonExtra: .so  
-- Configuring done
-- Generating done
-- Build files have been written to: /home/su1jun/Capstone/ros2_ws/build/rosbridge_server
Built target ament_cmake_python_copy_rosbridge_server
running egg_info
creating rosbridge_server.egg-info
writing rosbridge_server.egg-info/PKG-INFO
writing dependency_links to rosbridge_server.egg-info/dependency_links.txt
writing top-level names to rosbridge_server.egg-info/top_level.txt
writing manifest file 'rosbridge_server.egg-info/SOURCES.txt'
reading manifest file 'rosbridge_server.egg-info/SOURCES.txt'
writing manifest file 'rosbridge_server.egg-info/SOURCES.txt'
Built target ament_cmake_python_build_rosbridge_server_egg
-- Install configuration: ""
-- Installing: /home/su1jun/Capstone/ros2_ws/install/rosbridge_server/share/rosbridge_server/environment/pythonpath.sh
-- Installing: /home/su1jun/Capstone/ros2_ws/install/rosbridge_server/share/rosbridge_server/environment/pythonpath.dsv
-- Installing: /home/su1jun/Capstone/ros2_ws/install/rosbridge_server/local/lib/python3.10/dist-packages/rosbridge_server-1.3.2-py3.10.egg-info
-- Installing: /home/su1jun/Capstone/ros2_ws/install/rosbridge_server/local/lib/python3.10/dist-packages/rosbridge_server-1.3.2-py3.10.egg-info/top_level.txt
-- Installing: /home/su1jun/Capstone/ros2_ws/install/rosbridge_server/local/lib/python3.10/dist-packages/rosbridge_server-1.3.2-py3.10.egg-info/SOURCES.txt
-- Installing: /home/su1jun/Capstone/ros2_ws/install/rosbridge_server/local/lib/python3.10/dist-packages/rosbridge_server-1.3.2-py3.10.egg-info/dependency_links.txt
-- Installing: /home/su1jun/Capstone/ros2_ws/install/rosbridge_server/local/lib/python3.10/dist-packages/rosbridge_server-1.3.2-py3.10.egg-info/PKG-INFO
-- Installing: /home/su1jun/Capstone/ros2_ws/install/rosbridge_server/local/lib/python3.10/dist-packages/rosbridge_server
-- Installing: /home/su1jun/Capstone/ros2_ws/install/rosbridge_server/local/lib/python3.10/dist-packages/rosbridge_server/websocket_handler.py
-- Installing: /home/su1jun/Capstone/ros2_ws/install/rosbridge_server/local/lib/python3.10/dist-packages/rosbridge_server/__init__.py
-- Installing: /home/su1jun/Capstone/ros2_ws/install/rosbridge_server/local/lib/python3.10/dist-packages/rosbridge_server/client_manager.py
Listing '/home/su1jun/Capstone/ros2_ws/install/rosbridge_server/local/lib/python3.10/dist-packages/rosbridge_server'...
Compiling '/home/su1jun/Capstone/ros2_ws/install/rosbridge_server/local/lib/python3.10/dist-packages/rosbridge_server/__init__.py'...
Compiling '/home/su1jun/Capstone/ros2_ws/install/rosbridge_server/local/lib/python3.10/dist-packages/rosbridge_server/client_manager.py'...
Compiling '/home/su1jun/Capstone/ros2_ws/install/rosbridge_server/local/lib/python3.10/dist-packages/rosbridge_server/websocket_handler.py'...
-- Installing: /home/su1jun/Capstone/ros2_ws/install/rosbridge_server/share/ament_index/resource_index/package_run_dependencies/rosbridge_server
-- Installing: /home/su1jun/Capstone/ros2_ws/install/rosbridge_server/share/ament_index/resource_index/parent_prefix_path/rosbridge_server
-- Installing: /home/su1jun/Capstone/ros2_ws/install/rosbridge_server/share/rosbridge_server/environment/ament_prefix_path.sh
-- Installing: /home/su1jun/Capstone/ros2_ws/install/rosbridge_server/share/rosbridge_server/environment/ament_prefix_path.dsv
-- Installing: /home/su1jun/Capstone/ros2_ws/install/rosbridge_server/share/rosbridge_server/environment/path.sh
-- Installing: /home/su1jun/Capstone/ros2_ws/install/rosbridge_server/share/rosbridge_server/environment/path.dsv
-- Installing: /home/su1jun/Capstone/ros2_ws/install/rosbridge_server/share/rosbridge_server/local_setup.bash
-- Installing: /home/su1jun/Capstone/ros2_ws/install/rosbridge_server/share/rosbridge_server/local_setup.sh
-- Installing: /home/su1jun/Capstone/ros2_ws/install/rosbridge_server/share/rosbridge_server/local_setup.zsh
-- Installing: /home/su1jun/Capstone/ros2_ws/install/rosbridge_server/share/rosbridge_server/local_setup.dsv
-- Installing: /home/su1jun/Capstone/ros2_ws/install/rosbridge_server/share/rosbridge_server/package.dsv
-- Installing: /home/su1jun/Capstone/ros2_ws/install/rosbridge_server/share/ament_index/resource_index/packages/rosbridge_server
-- Installing: /home/su1jun/Capstone/ros2_ws/install/rosbridge_server/share/rosbridge_server/cmake/rosbridge_serverConfig.cmake
-- Installing: /home/su1jun/Capstone/ros2_ws/install/rosbridge_server/share/rosbridge_server/cmake/rosbridge_serverConfig-version.cmake
-- Installing: /home/su1jun/Capstone/ros2_ws/install/rosbridge_server/share/rosbridge_server/package.xml
-- Installing: /home/su1jun/Capstone/ros2_ws/install/rosbridge_server/lib/rosbridge_server/rosbridge_websocket.py
-- Installing: /home/su1jun/Capstone/ros2_ws/install/rosbridge_server/lib/rosbridge_server/rosbridge_websocket
-- Installing: /home/su1jun/Capstone/ros2_ws/install/rosbridge_server/share/rosbridge_server/launch/rosbridge_websocket_launch.xml
