[0.015s] Invoking command in '/home/su1jun/Capstone/colcon_ws/build/vizanti_cpp': CMAKE_PREFIX_PATH=/opt/ros/humble /usr/bin/cmake /home/su1jun/Capstone/colcon_ws/src/vizanti/vizanti_cpp -DAMENT_CMAKE_SYMLINK_INSTALL=1 -DCMAKE_INSTALL_PREFIX=/home/su1jun/Capstone/colcon_ws/install/vizanti_cpp
[0.069s] -- Found ament_cmake: 1.3.9 (/opt/ros/humble/share/ament_cmake/cmake)
[0.203s] -- Override CMake install command with custom implementation using symlinks instead of copying resources
[0.223s] -- Found rclcpp: 16.0.9 (/opt/ros/humble/share/rclcpp/cmake)
[0.265s] -- Found rosidl_generator_c: 3.1.5 (/opt/ros/humble/share/rosidl_generator_c/cmake)
[0.267s] -- Found rosidl_adapter: 3.1.5 (/opt/ros/humble/share/rosidl_adapter/cmake)
[0.274s] -- Found rosidl_generator_cpp: 3.1.5 (/opt/ros/humble/share/rosidl_generator_cpp/cmake)
[0.289s] -- Using all available rosidl_typesupport_c: rosidl_typesupport_fastrtps_c;rosidl_typesupport_introspection_c
[0.304s] -- Using all available rosidl_typesupport_cpp: rosidl_typesupport_fastrtps_cpp;rosidl_typesupport_introspection_cpp
[0.371s] -- Found rmw_implementation_cmake: 6.1.2 (/opt/ros/humble/share/rmw_implementation_cmake/cmake)
[0.373s] -- Found rmw_fastrtps_cpp: 6.2.6 (/opt/ros/humble/share/rmw_fastrtps_cpp/cmake)
[0.501s] -- Using RMW implementation 'rmw_fastrtps_cpp' as default
[0.681s] -- Found tf2_msgs: 0.25.7 (/opt/ros/humble/share/tf2_msgs/cmake)
[0.956s] -- Configuring done
[0.973s] -- Generating done
[0.975s] -- Build files have been written to: /home/su1jun/Capstone/colcon_ws/build/vizanti_cpp
[0.984s] Invoked command in '/home/su1jun/Capstone/colcon_ws/build/vizanti_cpp' returned '0': CMAKE_PREFIX_PATH=/opt/ros/humble /usr/bin/cmake /home/su1jun/Capstone/colcon_ws/src/vizanti/vizanti_cpp -DAMENT_CMAKE_SYMLINK_INSTALL=1 -DCMAKE_INSTALL_PREFIX=/home/su1jun/Capstone/colcon_ws/install/vizanti_cpp
[0.984s] Invoking command in '/home/su1jun/Capstone/colcon_ws/build/vizanti_cpp': CMAKE_PREFIX_PATH=/opt/ros/humble /usr/bin/cmake --build /home/su1jun/Capstone/colcon_ws/build/vizanti_cpp -- -j4 -l4
[1.026s] [35m[1mConsolidate compiler generated dependencies of target tf_consolidator[0m
[1.063s] [ 50%] [32mBuilding CXX object CMakeFiles/tf_consolidator.dir/src/tf_consolidator.cpp.o[0m
[12.419s] [100%] [32m[1mLinking CXX executable tf_consolidator[0m
[12.886s] [100%] Built target tf_consolidator
