[0.011s] Invoking command in '/home/su1jun/Capstone/colcon_ws/build/vizanti_server': AMENT_PREFIX_PATH=/home/su1jun/Capstone/colcon_ws/install/vizanti_msgs:${AMENT_PREFIX_PATH} CMAKE_PREFIX_PATH=/home/su1jun/Capstone/colcon_ws/install/vizanti_msgs:/opt/ros/humble LD_LIBRARY_PATH=/home/su1jun/Capstone/colcon_ws/install/vizanti_msgs/lib:${LD_LIBRARY_PATH} PYTHONPATH=/home/su1jun/Capstone/colcon_ws/install/vizanti_msgs/local/lib/python3.10/dist-packages:${PYTHONPATH} /usr/bin/cmake /home/su1jun/Capstone/colcon_ws/src/vizanti/vizanti_server -DAMENT_CMAKE_SYMLINK_INSTALL=1 -DCMAKE_INSTALL_PREFIX=/home/su1jun/Capstone/colcon_ws/install/vizanti_server
[0.025s] -- Found ament_cmake: 1.3.9 (/opt/ros/humble/share/ament_cmake/cmake)
[0.157s] -- Override CMake install command with custom implementation using symlinks instead of copying resources
[0.163s] -- Found rclcpp: 16.0.9 (/opt/ros/humble/share/rclcpp/cmake)
[0.190s] -- Found rosidl_generator_c: 3.1.5 (/opt/ros/humble/share/rosidl_generator_c/cmake)
[0.192s] -- Found rosidl_adapter: 3.1.5 (/opt/ros/humble/share/rosidl_adapter/cmake)
[0.198s] -- Found rosidl_generator_cpp: 3.1.5 (/opt/ros/humble/share/rosidl_generator_cpp/cmake)
[0.208s] -- Using all available rosidl_typesupport_c: rosidl_typesupport_fastrtps_c;rosidl_typesupport_introspection_c
[0.222s] -- Using all available rosidl_typesupport_cpp: rosidl_typesupport_fastrtps_cpp;rosidl_typesupport_introspection_cpp
[0.277s] -- Found rmw_implementation_cmake: 6.1.2 (/opt/ros/humble/share/rmw_implementation_cmake/cmake)
[0.278s] -- Found rmw_fastrtps_cpp: 6.2.6 (/opt/ros/humble/share/rmw_fastrtps_cpp/cmake)
[0.387s] -- Using RMW implementation 'rmw_fastrtps_cpp' as default
[0.538s] -- Found rclpy: 3.3.13 (/opt/ros/humble/share/rclpy/cmake)
[0.538s] -- Found std_srvs: 4.2.4 (/opt/ros/humble/share/std_srvs/cmake)
[0.554s] -- Found tf2_msgs: 0.25.7 (/opt/ros/humble/share/tf2_msgs/cmake)
[0.737s] -- Found vizanti_msgs: 0.1.0 (/home/su1jun/Capstone/colcon_ws/install/vizanti_msgs/share/vizanti_msgs/cmake)
[0.995s] -- Found rosbridge_suite: 1.3.2 (/opt/ros/humble/share/rosbridge_suite/cmake)
[1.061s] -- Configuring done
[1.068s] -- Generating done
[1.069s] -- Build files have been written to: /home/su1jun/Capstone/colcon_ws/build/vizanti_server
[1.079s] Invoked command in '/home/su1jun/Capstone/colcon_ws/build/vizanti_server' returned '0': AMENT_PREFIX_PATH=/home/su1jun/Capstone/colcon_ws/install/vizanti_msgs:${AMENT_PREFIX_PATH} CMAKE_PREFIX_PATH=/home/su1jun/Capstone/colcon_ws/install/vizanti_msgs:/opt/ros/humble LD_LIBRARY_PATH=/home/su1jun/Capstone/colcon_ws/install/vizanti_msgs/lib:${LD_LIBRARY_PATH} PYTHONPATH=/home/su1jun/Capstone/colcon_ws/install/vizanti_msgs/local/lib/python3.10/dist-packages:${PYTHONPATH} /usr/bin/cmake /home/su1jun/Capstone/colcon_ws/src/vizanti/vizanti_server -DAMENT_CMAKE_SYMLINK_INSTALL=1 -DCMAKE_INSTALL_PREFIX=/home/su1jun/Capstone/colcon_ws/install/vizanti_server
[1.081s] Invoking command in '/home/su1jun/Capstone/colcon_ws/build/vizanti_server': AMENT_PREFIX_PATH=/home/su1jun/Capstone/colcon_ws/install/vizanti_msgs:${AMENT_PREFIX_PATH} CMAKE_PREFIX_PATH=/home/su1jun/Capstone/colcon_ws/install/vizanti_msgs:/opt/ros/humble LD_LIBRARY_PATH=/home/su1jun/Capstone/colcon_ws/install/vizanti_msgs/lib:${LD_LIBRARY_PATH} PYTHONPATH=/home/su1jun/Capstone/colcon_ws/install/vizanti_msgs/local/lib/python3.10/dist-packages:${PYTHONPATH} /usr/bin/cmake --build /home/su1jun/Capstone/colcon_ws/build/vizanti_server -- -j4 -l4
[1.126s] Invoked command in '/home/su1jun/Capstone/colcon_ws/build/vizanti_server' returned '0': AMENT_PREFIX_PATH=/home/su1jun/Capstone/colcon_ws/install/vizanti_msgs:${AMENT_PREFIX_PATH} CMAKE_PREFIX_PATH=/home/su1jun/Capstone/colcon_ws/install/vizanti_msgs:/opt/ros/humble LD_LIBRARY_PATH=/home/su1jun/Capstone/colcon_ws/install/vizanti_msgs/lib:${LD_LIBRARY_PATH} PYTHONPATH=/home/su1jun/Capstone/colcon_ws/install/vizanti_msgs/local/lib/python3.10/dist-packages:${PYTHONPATH} /usr/bin/cmake --build /home/su1jun/Capstone/colcon_ws/build/vizanti_server -- -j4 -l4
[1.155s] Invoking command in '/home/su1jun/Capstone/colcon_ws/build/vizanti_server': AMENT_PREFIX_PATH=/home/su1jun/Capstone/colcon_ws/install/vizanti_msgs:${AMENT_PREFIX_PATH} CMAKE_PREFIX_PATH=/home/su1jun/Capstone/colcon_ws/install/vizanti_msgs:/opt/ros/humble LD_LIBRARY_PATH=/home/su1jun/Capstone/colcon_ws/install/vizanti_msgs/lib:${LD_LIBRARY_PATH} PYTHONPATH=/home/su1jun/Capstone/colcon_ws/install/vizanti_msgs/local/lib/python3.10/dist-packages:${PYTHONPATH} /usr/bin/cmake --install /home/su1jun/Capstone/colcon_ws/build/vizanti_server
[1.166s] -- Install configuration: ""
[1.167s] -- Execute custom install script
[1.167s] -- Up-to-date symlink: /home/su1jun/Capstone/colcon_ws/install/vizanti_server/share/vizanti_server//launch/vizanti_rws.launch.py
[1.167s] -- Up-to-date symlink: /home/su1jun/Capstone/colcon_ws/install/vizanti_server/share/vizanti_server//launch/vizanti_server.launch.py
[1.169s] -- Up-to-date symlink: /home/su1jun/Capstone/colcon_ws/install/vizanti_server/share/vizanti_server//public/assets/add.svg
[1.169s] -- Up-to-date symlink: /home/su1jun/Capstone/colcon_ws/install/vizanti_server/share/vizanti_server//public/assets/area.svg
[1.169s] -- Up-to-date symlink: /home/su1jun/Capstone/colcon_ws/install/vizanti_server/share/vizanti_server//public/assets/battery_100.svg
[1.169s] -- Up-to-date symlink: /home/su1jun/Capstone/colcon_ws/install/vizanti_server/share/vizanti_server//public/assets/battery_20.svg
[1.169s] -- Up-to-date symlink: /home/su1jun/Capstone/colcon_ws/install/vizanti_server/share/vizanti_server//public/assets/battery_40.svg
[1.170s] -- Up-to-date symlink: /home/su1jun/Capstone/colcon_ws/install/vizanti_server/share/vizanti_server//public/assets/battery_60.svg
[1.170s] -- Up-to-date symlink: /home/su1jun/Capstone/colcon_ws/install/vizanti_server/share/vizanti_server//public/assets/battery_80.svg
[1.170s] -- Up-to-date symlink: /home/su1jun/Capstone/colcon_ws/install/vizanti_server/share/vizanti_server//public/assets/battery_unknown.svg
[1.170s] -- Up-to-date symlink: /home/su1jun/Capstone/colcon_ws/install/vizanti_server/share/vizanti_server//public/assets/button.svg
[1.170s] -- Up-to-date symlink: /home/su1jun/Capstone/colcon_ws/install/vizanti_server/share/vizanti_server//public/assets/button_false.svg
[1.170s] -- Up-to-date symlink: /home/su1jun/Capstone/colcon_ws/install/vizanti_server/share/vizanti_server//public/assets/button_true.svg
[1.170s] -- Up-to-date symlink: /home/su1jun/Capstone/colcon_ws/install/vizanti_server/share/vizanti_server//public/assets/costmap.svg
[1.170s] -- Up-to-date symlink: /home/su1jun/Capstone/colcon_ws/install/vizanti_server/share/vizanti_server//public/assets/default_layout.json
[1.170s] -- Up-to-date symlink: /home/su1jun/Capstone/colcon_ws/install/vizanti_server/share/vizanti_server//public/assets/grid.svg
[1.170s] -- Up-to-date symlink: /home/su1jun/Capstone/colcon_ws/install/vizanti_server/share/vizanti_server//public/assets/gridcells.svg
[1.170s] -- Up-to-date symlink: /home/su1jun/Capstone/colcon_ws/install/vizanti_server/share/vizanti_server//public/assets/icon/152.png
[1.171s] -- Up-to-date symlink: /home/su1jun/Capstone/colcon_ws/install/vizanti_server/share/vizanti_server//public/assets/icon/16.png
[1.171s] -- Up-to-date symlink: /home/su1jun/Capstone/colcon_ws/install/vizanti_server/share/vizanti_server//public/assets/icon/192.png
[1.171s] -- Up-to-date symlink: /home/su1jun/Capstone/colcon_ws/install/vizanti_server/share/vizanti_server//public/assets/icon/32.png
[1.171s] -- Up-to-date symlink: /home/su1jun/Capstone/colcon_ws/install/vizanti_server/share/vizanti_server//public/assets/icon/512.png
[1.171s] -- Up-to-date symlink: /home/su1jun/Capstone/colcon_ws/install/vizanti_server/share/vizanti_server//public/assets/icon/96.png
[1.171s] -- Up-to-date symlink: /home/su1jun/Capstone/colcon_ws/install/vizanti_server/share/vizanti_server//public/assets/icon/icon.svg
[1.171s] -- Up-to-date symlink: /home/su1jun/Capstone/colcon_ws/install/vizanti_server/share/vizanti_server//public/assets/icon/manifest.json
[1.171s] -- Up-to-date symlink: /home/su1jun/Capstone/colcon_ws/install/vizanti_server/share/vizanti_server//public/assets/image.svg
[1.171s] -- Up-to-date symlink: /home/su1jun/Capstone/colcon_ws/install/vizanti_server/share/vizanti_server//public/assets/initialpose.png
[1.171s] -- Up-to-date symlink: /home/su1jun/Capstone/colcon_ws/install/vizanti_server/share/vizanti_server//public/assets/initialpose.svg
[1.172s] -- Up-to-date symlink: /home/su1jun/Capstone/colcon_ws/install/vizanti_server/share/vizanti_server//public/assets/joypos.svg
[1.172s] -- Up-to-date symlink: /home/su1jun/Capstone/colcon_ws/install/vizanti_server/share/vizanti_server//public/assets/joystick.svg
[1.172s] -- Up-to-date symlink: /home/su1jun/Capstone/colcon_ws/install/vizanti_server/share/vizanti_server//public/assets/map.svg
[1.172s] -- Up-to-date symlink: /home/su1jun/Capstone/colcon_ws/install/vizanti_server/share/vizanti_server//public/assets/marker.svg
[1.172s] -- Up-to-date symlink: /home/su1jun/Capstone/colcon_ws/install/vizanti_server/share/vizanti_server//public/assets/markerarray.svg
[1.172s] -- Up-to-date symlink: /home/su1jun/Capstone/colcon_ws/install/vizanti_server/share/vizanti_server//public/assets/node_kill.svg
[1.172s] -- Up-to-date symlink: /home/su1jun/Capstone/colcon_ws/install/vizanti_server/share/vizanti_server//public/assets/node_restart.svg
[1.172s] -- Up-to-date symlink: /home/su1jun/Capstone/colcon_ws/install/vizanti_server/share/vizanti_server//public/assets/nodemgr.svg
[1.172s] -- Up-to-date symlink: /home/su1jun/Capstone/colcon_ws/install/vizanti_server/share/vizanti_server//public/assets/path.svg
[1.172s] -- Up-to-date symlink: /home/su1jun/Capstone/colcon_ws/install/vizanti_server/share/vizanti_server//public/assets/pointcloud.svg
[1.173s] -- Up-to-date symlink: /home/su1jun/Capstone/colcon_ws/install/vizanti_server/share/vizanti_server//public/assets/posearray.svg
[1.173s] -- Up-to-date symlink: /home/su1jun/Capstone/colcon_ws/install/vizanti_server/share/vizanti_server//public/assets/posewithcovariancestamped.svg
[1.173s] -- Up-to-date symlink: /home/su1jun/Capstone/colcon_ws/install/vizanti_server/share/vizanti_server//public/assets/range.svg
[1.173s] -- Up-to-date symlink: /home/su1jun/Capstone/colcon_ws/install/vizanti_server/share/vizanti_server//public/assets/rawmap.svg
[1.173s] -- Up-to-date symlink: /home/su1jun/Capstone/colcon_ws/install/vizanti_server/share/vizanti_server//public/assets/reconfigure.svg
[1.173s] -- Up-to-date symlink: /home/su1jun/Capstone/colcon_ws/install/vizanti_server/share/vizanti_server//public/assets/robot_model/_2wd.png
[1.173s] -- Up-to-date symlink: /home/su1jun/Capstone/colcon_ws/install/vizanti_server/share/vizanti_server//public/assets/robot_model/_4wd.png
[1.173s] -- Up-to-date symlink: /home/su1jun/Capstone/colcon_ws/install/vizanti_server/share/vizanti_server//public/assets/robot_model/_arrow.png
[1.173s] -- Up-to-date symlink: /home/su1jun/Capstone/colcon_ws/install/vizanti_server/share/vizanti_server//public/assets/robot_model/_dog.png
[1.173s] -- Up-to-date symlink: /home/su1jun/Capstone/colcon_ws/install/vizanti_server/share/vizanti_server//public/assets/robot_model/_hatchback.png
[1.174s] -- Up-to-date symlink: /home/su1jun/Capstone/colcon_ws/install/vizanti_server/share/vizanti_server//public/assets/robot_model/_orca.png
[1.174s] -- Up-to-date symlink: /home/su1jun/Capstone/colcon_ws/install/vizanti_server/share/vizanti_server//public/assets/robot_model/_pancake.png
[1.174s] -- Up-to-date symlink: /home/su1jun/Capstone/colcon_ws/install/vizanti_server/share/vizanti_server//public/assets/robot_model/_rccar.png
[1.174s] -- Up-to-date symlink: /home/su1jun/Capstone/colcon_ws/install/vizanti_server/share/vizanti_server//public/assets/robot_model/_sandwich.png
[1.174s] -- Up-to-date symlink: /home/su1jun/Capstone/colcon_ws/install/vizanti_server/share/vizanti_server//public/assets/robot_model/_tortoise.png
[1.174s] -- Up-to-date symlink: /home/su1jun/Capstone/colcon_ws/install/vizanti_server/share/vizanti_server//public/assets/robot_model/_tuna.png
[1.174s] -- Up-to-date symlink: /home/su1jun/Capstone/colcon_ws/install/vizanti_server/share/vizanti_server//public/assets/robotmodel.svg
[1.174s] -- Up-to-date symlink: /home/su1jun/Capstone/colcon_ws/install/vizanti_server/share/vizanti_server//public/assets/rosbag.svg
[1.174s] -- Up-to-date symlink: /home/su1jun/Capstone/colcon_ws/install/vizanti_server/share/vizanti_server//public/assets/rosbag_active.svg
[1.174s] -- Up-to-date symlink: /home/su1jun/Capstone/colcon_ws/install/vizanti_server/share/vizanti_server//public/assets/rosbridge_connected.svg
[1.174s] -- Up-to-date symlink: /home/su1jun/Capstone/colcon_ws/install/vizanti_server/share/vizanti_server//public/assets/rosbridge_disconnected.svg
[1.175s] -- Up-to-date symlink: /home/su1jun/Capstone/colcon_ws/install/vizanti_server/share/vizanti_server//public/assets/rosbridge_reconnect.svg
[1.175s] -- Up-to-date symlink: /home/su1jun/Capstone/colcon_ws/install/vizanti_server/share/vizanti_server//public/assets/satelite.svg
[1.175s] -- Up-to-date symlink: /home/su1jun/Capstone/colcon_ws/install/vizanti_server/share/vizanti_server//public/assets/scan.svg
[1.175s] -- Up-to-date symlink: /home/su1jun/Capstone/colcon_ws/install/vizanti_server/share/vizanti_server//public/assets/settings.svg
[1.175s] -- Up-to-date symlink: /home/su1jun/Capstone/colcon_ws/install/vizanti_server/share/vizanti_server//public/assets/simplegoal.png
[1.175s] -- Up-to-date symlink: /home/su1jun/Capstone/colcon_ws/install/vizanti_server/share/vizanti_server//public/assets/simplegoal.svg
[1.175s] -- Up-to-date symlink: /home/su1jun/Capstone/colcon_ws/install/vizanti_server/share/vizanti_server//public/assets/temp_cold.svg
[1.175s] -- Up-to-date symlink: /home/su1jun/Capstone/colcon_ws/install/vizanti_server/share/vizanti_server//public/assets/temp_hot.svg
[1.175s] -- Up-to-date symlink: /home/su1jun/Capstone/colcon_ws/install/vizanti_server/share/vizanti_server//public/assets/temp_unknown.svg
[1.175s] -- Up-to-date symlink: /home/su1jun/Capstone/colcon_ws/install/vizanti_server/share/vizanti_server//public/assets/temp_warm.svg
[1.175s] -- Up-to-date symlink: /home/su1jun/Capstone/colcon_ws/install/vizanti_server/share/vizanti_server//public/assets/tf.svg
[1.176s] -- Up-to-date symlink: /home/su1jun/Capstone/colcon_ws/install/vizanti_server/share/vizanti_server//public/assets/tile_error.png
[1.176s] -- Up-to-date symlink: /home/su1jun/Capstone/colcon_ws/install/vizanti_server/share/vizanti_server//public/assets/tile_loading.png
[1.176s] -- Up-to-date symlink: /home/su1jun/Capstone/colcon_ws/install/vizanti_server/share/vizanti_server//public/assets/waypoints.svg
[1.176s] -- Up-to-date symlink: /home/su1jun/Capstone/colcon_ws/install/vizanti_server/share/vizanti_server//public/css/style.css
[1.176s] -- Up-to-date symlink: /home/su1jun/Capstone/colcon_ws/install/vizanti_server/share/vizanti_server//public/head.html
[1.176s] -- Up-to-date symlink: /home/su1jun/Capstone/colcon_ws/install/vizanti_server/share/vizanti_server//public/iconbar.html
[1.177s] -- Up-to-date symlink: /home/su1jun/Capstone/colcon_ws/install/vizanti_server/share/vizanti_server//public/index.html
[1.177s] -- Up-to-date symlink: /home/su1jun/Capstone/colcon_ws/install/vizanti_server/share/vizanti_server//public/js/lib/nipplejs.js
[1.177s] -- Up-to-date symlink: /home/su1jun/Capstone/colcon_ws/install/vizanti_server/share/vizanti_server//public/js/lib/nipplejs.min.js
[1.177s] -- Up-to-date symlink: /home/su1jun/Capstone/colcon_ws/install/vizanti_server/share/vizanti_server//public/js/lib/nipplejs_LICENSE.txt
[1.177s] -- Up-to-date symlink: /home/su1jun/Capstone/colcon_ws/install/vizanti_server/share/vizanti_server//public/js/lib/quaternion.min.js
[1.177s] -- Up-to-date symlink: /home/su1jun/Capstone/colcon_ws/install/vizanti_server/share/vizanti_server//public/js/lib/quaternionjs_LICENSE.txt
[1.177s] -- Up-to-date symlink: /home/su1jun/Capstone/colcon_ws/install/vizanti_server/share/vizanti_server//public/js/lib/roslib.min.js
[1.177s] -- Up-to-date symlink: /home/su1jun/Capstone/colcon_ws/install/vizanti_server/share/vizanti_server//public/js/lib/roslibjs_LICENSE.txt
[1.177s] -- Up-to-date symlink: /home/su1jun/Capstone/colcon_ws/install/vizanti_server/share/vizanti_server//public/js/main.js
[1.177s] -- Up-to-date symlink: /home/su1jun/Capstone/colcon_ws/install/vizanti_server/share/vizanti_server//public/js/modules/database.js
[1.177s] -- Up-to-date symlink: /home/su1jun/Capstone/colcon_ws/install/vizanti_server/share/vizanti_server//public/js/modules/elements.js
[1.178s] -- Up-to-date symlink: /home/su1jun/Capstone/colcon_ws/install/vizanti_server/share/vizanti_server//public/js/modules/joystick.js
[1.178s] -- Up-to-date symlink: /home/su1jun/Capstone/colcon_ws/install/vizanti_server/share/vizanti_server//public/js/modules/navsat.js
[1.178s] -- Up-to-date symlink: /home/su1jun/Capstone/colcon_ws/install/vizanti_server/share/vizanti_server//public/js/modules/persistent.js
[1.178s] -- Up-to-date symlink: /home/su1jun/Capstone/colcon_ws/install/vizanti_server/share/vizanti_server//public/js/modules/rosbridge.js
[1.178s] -- Up-to-date symlink: /home/su1jun/Capstone/colcon_ws/install/vizanti_server/share/vizanti_server//public/js/modules/status.js
[1.178s] -- Up-to-date symlink: /home/su1jun/Capstone/colcon_ws/install/vizanti_server/share/vizanti_server//public/js/modules/tf.js
[1.178s] -- Up-to-date symlink: /home/su1jun/Capstone/colcon_ws/install/vizanti_server/share/vizanti_server//public/js/modules/util.js
[1.178s] -- Up-to-date symlink: /home/su1jun/Capstone/colcon_ws/install/vizanti_server/share/vizanti_server//public/js/modules/view.js
[1.178s] -- Up-to-date symlink: /home/su1jun/Capstone/colcon_ws/install/vizanti_server/share/vizanti_server//public/js/setup.js
[1.178s] -- Up-to-date symlink: /home/su1jun/Capstone/colcon_ws/install/vizanti_server/share/vizanti_server//public/templates/add/add_icon.html
[1.179s] -- Up-to-date symlink: /home/su1jun/Capstone/colcon_ws/install/vizanti_server/share/vizanti_server//public/templates/add/add_modal.html
[1.179s] -- Up-to-date symlink: /home/su1jun/Capstone/colcon_ws/install/vizanti_server/share/vizanti_server//public/templates/add/add_script.js
[1.179s] -- Up-to-date symlink: /home/su1jun/Capstone/colcon_ws/install/vizanti_server/share/vizanti_server//public/templates/area/area_icon.html
[1.179s] -- Up-to-date symlink: /home/su1jun/Capstone/colcon_ws/install/vizanti_server/share/vizanti_server//public/templates/area/area_modal.html
[1.179s] -- Up-to-date symlink: /home/su1jun/Capstone/colcon_ws/install/vizanti_server/share/vizanti_server//public/templates/area/area_script.js
[1.179s] -- Up-to-date symlink: /home/su1jun/Capstone/colcon_ws/install/vizanti_server/share/vizanti_server//public/templates/area/area_view.html
[1.179s] -- Up-to-date symlink: /home/su1jun/Capstone/colcon_ws/install/vizanti_server/share/vizanti_server//public/templates/battery/battery_icon.html
[1.179s] -- Up-to-date symlink: /home/su1jun/Capstone/colcon_ws/install/vizanti_server/share/vizanti_server//public/templates/battery/battery_modal.html
[1.179s] -- Up-to-date symlink: /home/su1jun/Capstone/colcon_ws/install/vizanti_server/share/vizanti_server//public/templates/battery/battery_script.js
[1.179s] -- Up-to-date symlink: /home/su1jun/Capstone/colcon_ws/install/vizanti_server/share/vizanti_server//public/templates/button/button_icon.html
[1.179s] -- Up-to-date symlink: /home/su1jun/Capstone/colcon_ws/install/vizanti_server/share/vizanti_server//public/templates/button/button_modal.html
[1.180s] -- Up-to-date symlink: /home/su1jun/Capstone/colcon_ws/install/vizanti_server/share/vizanti_server//public/templates/button/button_script.js
[1.180s] -- Up-to-date symlink: /home/su1jun/Capstone/colcon_ws/install/vizanti_server/share/vizanti_server//public/templates/compressedimage/compressedimage_icon.html
[1.180s] -- Up-to-date symlink: /home/su1jun/Capstone/colcon_ws/install/vizanti_server/share/vizanti_server//public/templates/compressedimage/compressedimage_modal.html
[1.180s] -- Up-to-date symlink: /home/su1jun/Capstone/colcon_ws/install/vizanti_server/share/vizanti_server//public/templates/compressedimage/compressedimage_script.js
[1.180s] -- Up-to-date symlink: /home/su1jun/Capstone/colcon_ws/install/vizanti_server/share/vizanti_server//public/templates/compressedimage/compressedimage_view.html
[1.180s] -- Up-to-date symlink: /home/su1jun/Capstone/colcon_ws/install/vizanti_server/share/vizanti_server//public/templates/grid/grid_icon.html
[1.180s] -- Up-to-date symlink: /home/su1jun/Capstone/colcon_ws/install/vizanti_server/share/vizanti_server//public/templates/grid/grid_modal.html
[1.180s] -- Up-to-date symlink: /home/su1jun/Capstone/colcon_ws/install/vizanti_server/share/vizanti_server//public/templates/grid/grid_script.js
[1.180s] -- Up-to-date symlink: /home/su1jun/Capstone/colcon_ws/install/vizanti_server/share/vizanti_server//public/templates/grid/grid_view.html
[1.181s] -- Up-to-date symlink: /home/su1jun/Capstone/colcon_ws/install/vizanti_server/share/vizanti_server//public/templates/gridcells/gridcells_icon.html
[1.181s] -- Up-to-date symlink: /home/su1jun/Capstone/colcon_ws/install/vizanti_server/share/vizanti_server//public/templates/gridcells/gridcells_modal.html
[1.181s] -- Up-to-date symlink: /home/su1jun/Capstone/colcon_ws/install/vizanti_server/share/vizanti_server//public/templates/gridcells/gridcells_script.js
[1.181s] -- Up-to-date symlink: /home/su1jun/Capstone/colcon_ws/install/vizanti_server/share/vizanti_server//public/templates/gridcells/gridcells_view.html
[1.181s] -- Up-to-date symlink: /home/su1jun/Capstone/colcon_ws/install/vizanti_server/share/vizanti_server//public/templates/initialpose/initialpose_icon.html
[1.181s] -- Up-to-date symlink: /home/su1jun/Capstone/colcon_ws/install/vizanti_server/share/vizanti_server//public/templates/initialpose/initialpose_modal.html
[1.181s] -- Up-to-date symlink: /home/su1jun/Capstone/colcon_ws/install/vizanti_server/share/vizanti_server//public/templates/initialpose/initialpose_script.js
[1.181s] -- Up-to-date symlink: /home/su1jun/Capstone/colcon_ws/install/vizanti_server/share/vizanti_server//public/templates/initialpose/initialpose_view.html
[1.181s] -- Up-to-date symlink: /home/su1jun/Capstone/colcon_ws/install/vizanti_server/share/vizanti_server//public/templates/map/map_icon.html
[1.181s] -- Up-to-date symlink: /home/su1jun/Capstone/colcon_ws/install/vizanti_server/share/vizanti_server//public/templates/map/map_modal.html
[1.181s] -- Up-to-date symlink: /home/su1jun/Capstone/colcon_ws/install/vizanti_server/share/vizanti_server//public/templates/map/map_script.js
[1.182s] -- Up-to-date symlink: /home/su1jun/Capstone/colcon_ws/install/vizanti_server/share/vizanti_server//public/templates/map/map_view.html
[1.182s] -- Up-to-date symlink: /home/su1jun/Capstone/colcon_ws/install/vizanti_server/share/vizanti_server//public/templates/map/map_worker.js
[1.182s] -- Up-to-date symlink: /home/su1jun/Capstone/colcon_ws/install/vizanti_server/share/vizanti_server//public/templates/markerarray/markerarray_icon.html
[1.182s] -- Up-to-date symlink: /home/su1jun/Capstone/colcon_ws/install/vizanti_server/share/vizanti_server//public/templates/markerarray/markerarray_modal.html
[1.182s] -- Up-to-date symlink: /home/su1jun/Capstone/colcon_ws/install/vizanti_server/share/vizanti_server//public/templates/markerarray/markerarray_script.js
[1.182s] -- Up-to-date symlink: /home/su1jun/Capstone/colcon_ws/install/vizanti_server/share/vizanti_server//public/templates/markerarray/markerarray_view.html
[1.182s] -- Up-to-date symlink: /home/su1jun/Capstone/colcon_ws/install/vizanti_server/share/vizanti_server//public/templates/nodemgr/nodemgr_icon.html
[1.182s] -- Up-to-date symlink: /home/su1jun/Capstone/colcon_ws/install/vizanti_server/share/vizanti_server//public/templates/nodemgr/nodemgr_modal.html
[1.182s] -- Up-to-date symlink: /home/su1jun/Capstone/colcon_ws/install/vizanti_server/share/vizanti_server//public/templates/nodemgr/nodemgr_script.js
[1.182s] -- Up-to-date symlink: /home/su1jun/Capstone/colcon_ws/install/vizanti_server/share/vizanti_server//public/templates/path/path_icon.html
[1.182s] -- Up-to-date symlink: /home/su1jun/Capstone/colcon_ws/install/vizanti_server/share/vizanti_server//public/templates/path/path_modal.html
[1.183s] -- Up-to-date symlink: /home/su1jun/Capstone/colcon_ws/install/vizanti_server/share/vizanti_server//public/templates/path/path_script.js
[1.183s] -- Up-to-date symlink: /home/su1jun/Capstone/colcon_ws/install/vizanti_server/share/vizanti_server//public/templates/path/path_view.html
[1.183s] -- Up-to-date symlink: /home/su1jun/Capstone/colcon_ws/install/vizanti_server/share/vizanti_server//public/templates/pointcloud/pointcloud_icon.html
[1.183s] -- Up-to-date symlink: /home/su1jun/Capstone/colcon_ws/install/vizanti_server/share/vizanti_server//public/templates/pointcloud/pointcloud_modal.html
[1.183s] -- Up-to-date symlink: /home/su1jun/Capstone/colcon_ws/install/vizanti_server/share/vizanti_server//public/templates/pointcloud/pointcloud_script.js
[1.183s] -- Up-to-date symlink: /home/su1jun/Capstone/colcon_ws/install/vizanti_server/share/vizanti_server//public/templates/pointcloud/pointcloud_view.html
[1.183s] -- Up-to-date symlink: /home/su1jun/Capstone/colcon_ws/install/vizanti_server/share/vizanti_server//public/templates/posearray/posearray_icon.html
[1.183s] -- Up-to-date symlink: /home/su1jun/Capstone/colcon_ws/install/vizanti_server/share/vizanti_server//public/templates/posearray/posearray_modal.html
[1.183s] -- Up-to-date symlink: /home/su1jun/Capstone/colcon_ws/install/vizanti_server/share/vizanti_server//public/templates/posearray/posearray_script.js
[1.183s] -- Up-to-date symlink: /home/su1jun/Capstone/colcon_ws/install/vizanti_server/share/vizanti_server//public/templates/posearray/posearray_view.html
[1.184s] -- Up-to-date symlink: /home/su1jun/Capstone/colcon_ws/install/vizanti_server/share/vizanti_server//public/templates/posewithcovariancestamped/posewithcovariancestamped_icon.html
[1.184s] -- Up-to-date symlink: /home/su1jun/Capstone/colcon_ws/install/vizanti_server/share/vizanti_server//public/templates/posewithcovariancestamped/posewithcovariancestamped_modal.html
[1.184s] -- Up-to-date symlink: /home/su1jun/Capstone/colcon_ws/install/vizanti_server/share/vizanti_server//public/templates/posewithcovariancestamped/posewithcovariancestamped_script.js
[1.184s] -- Up-to-date symlink: /home/su1jun/Capstone/colcon_ws/install/vizanti_server/share/vizanti_server//public/templates/posewithcovariancestamped/posewithcovariancestamped_view.html
[1.184s] -- Up-to-date symlink: /home/su1jun/Capstone/colcon_ws/install/vizanti_server/share/vizanti_server//public/templates/range/range_icon.html
[1.184s] -- Up-to-date symlink: /home/su1jun/Capstone/colcon_ws/install/vizanti_server/share/vizanti_server//public/templates/range/range_modal.html
[1.184s] -- Up-to-date symlink: /home/su1jun/Capstone/colcon_ws/install/vizanti_server/share/vizanti_server//public/templates/range/range_script.js
[1.184s] -- Up-to-date symlink: /home/su1jun/Capstone/colcon_ws/install/vizanti_server/share/vizanti_server//public/templates/range/range_view.html
[1.184s] -- Up-to-date symlink: /home/su1jun/Capstone/colcon_ws/install/vizanti_server/share/vizanti_server//public/templates/reconfigure/reconfigure_icon.html
[1.184s] -- Up-to-date symlink: /home/su1jun/Capstone/colcon_ws/install/vizanti_server/share/vizanti_server//public/templates/reconfigure/reconfigure_modal.html
[1.184s] -- Up-to-date symlink: /home/su1jun/Capstone/colcon_ws/install/vizanti_server/share/vizanti_server//public/templates/reconfigure/reconfigure_script.js
[1.185s] -- Up-to-date symlink: /home/su1jun/Capstone/colcon_ws/install/vizanti_server/share/vizanti_server//public/templates/robotmodel/robotmodel_icon.html
[1.185s] -- Up-to-date symlink: /home/su1jun/Capstone/colcon_ws/install/vizanti_server/share/vizanti_server//public/templates/robotmodel/robotmodel_modal.html
[1.185s] -- Up-to-date symlink: /home/su1jun/Capstone/colcon_ws/install/vizanti_server/share/vizanti_server//public/templates/robotmodel/robotmodel_script.js
[1.185s] -- Up-to-date symlink: /home/su1jun/Capstone/colcon_ws/install/vizanti_server/share/vizanti_server//public/templates/robotmodel/robotmodel_view.html
[1.185s] -- Up-to-date symlink: /home/su1jun/Capstone/colcon_ws/install/vizanti_server/share/vizanti_server//public/templates/rosbag/rosbag_icon.html
[1.185s] -- Up-to-date symlink: /home/su1jun/Capstone/colcon_ws/install/vizanti_server/share/vizanti_server//public/templates/rosbag/rosbag_modal.html
[1.185s] -- Up-to-date symlink: /home/su1jun/Capstone/colcon_ws/install/vizanti_server/share/vizanti_server//public/templates/rosbag/rosbag_script.js
[1.185s] -- Up-to-date symlink: /home/su1jun/Capstone/colcon_ws/install/vizanti_server/share/vizanti_server//public/templates/rosbridge/rosbridge_icon.html
[1.185s] -- Up-to-date symlink: /home/su1jun/Capstone/colcon_ws/install/vizanti_server/share/vizanti_server//public/templates/rosbridge/rosbridge_modal.html
[1.185s] -- Up-to-date symlink: /home/su1jun/Capstone/colcon_ws/install/vizanti_server/share/vizanti_server//public/templates/rosbridge/rosbridge_script.js
[1.186s] -- Up-to-date symlink: /home/su1jun/Capstone/colcon_ws/install/vizanti_server/share/vizanti_server//public/templates/satelite/satelite_icon.html
[1.186s] -- Up-to-date symlink: /home/su1jun/Capstone/colcon_ws/install/vizanti_server/share/vizanti_server//public/templates/satelite/satelite_modal.html
[1.186s] -- Up-to-date symlink: /home/su1jun/Capstone/colcon_ws/install/vizanti_server/share/vizanti_server//public/templates/satelite/satelite_script.js
[1.186s] -- Up-to-date symlink: /home/su1jun/Capstone/colcon_ws/install/vizanti_server/share/vizanti_server//public/templates/satelite/satelite_view.html
[1.186s] -- Up-to-date symlink: /home/su1jun/Capstone/colcon_ws/install/vizanti_server/share/vizanti_server//public/templates/scan/scan_icon.html
[1.186s] -- Up-to-date symlink: /home/su1jun/Capstone/colcon_ws/install/vizanti_server/share/vizanti_server//public/templates/scan/scan_modal.html
[1.186s] -- Up-to-date symlink: /home/su1jun/Capstone/colcon_ws/install/vizanti_server/share/vizanti_server//public/templates/scan/scan_script.js
[1.187s] -- Up-to-date symlink: /home/su1jun/Capstone/colcon_ws/install/vizanti_server/share/vizanti_server//public/templates/scan/scan_view.html
[1.187s] -- Up-to-date symlink: /home/su1jun/Capstone/colcon_ws/install/vizanti_server/share/vizanti_server//public/templates/settings/settings_icon.html
[1.187s] -- Up-to-date symlink: /home/su1jun/Capstone/colcon_ws/install/vizanti_server/share/vizanti_server//public/templates/settings/settings_modal.html
[1.187s] -- Up-to-date symlink: /home/su1jun/Capstone/colcon_ws/install/vizanti_server/share/vizanti_server//public/templates/settings/settings_script.js
[1.187s] -- Up-to-date symlink: /home/su1jun/Capstone/colcon_ws/install/vizanti_server/share/vizanti_server//public/templates/simplegoal/simplegoal_icon.html
[1.187s] -- Up-to-date symlink: /home/su1jun/Capstone/colcon_ws/install/vizanti_server/share/vizanti_server//public/templates/simplegoal/simplegoal_modal.html
[1.187s] -- Up-to-date symlink: /home/su1jun/Capstone/colcon_ws/install/vizanti_server/share/vizanti_server//public/templates/simplegoal/simplegoal_script.js
[1.187s] -- Up-to-date symlink: /home/su1jun/Capstone/colcon_ws/install/vizanti_server/share/vizanti_server//public/templates/simplegoal/simplegoal_view.html
[1.187s] -- Up-to-date symlink: /home/su1jun/Capstone/colcon_ws/install/vizanti_server/share/vizanti_server//public/templates/teleop/teleop_icon.html
[1.187s] -- Up-to-date symlink: /home/su1jun/Capstone/colcon_ws/install/vizanti_server/share/vizanti_server//public/templates/teleop/teleop_modal.html
[1.187s] -- Up-to-date symlink: /home/su1jun/Capstone/colcon_ws/install/vizanti_server/share/vizanti_server//public/templates/teleop/teleop_script.js
[1.188s] -- Up-to-date symlink: /home/su1jun/Capstone/colcon_ws/install/vizanti_server/share/vizanti_server//public/templates/teleop/teleop_view.html
[1.188s] -- Up-to-date symlink: /home/su1jun/Capstone/colcon_ws/install/vizanti_server/share/vizanti_server//public/templates/temperature/temperature_icon.html
[1.188s] -- Up-to-date symlink: /home/su1jun/Capstone/colcon_ws/install/vizanti_server/share/vizanti_server//public/templates/temperature/temperature_modal.html
[1.188s] -- Up-to-date symlink: /home/su1jun/Capstone/colcon_ws/install/vizanti_server/share/vizanti_server//public/templates/temperature/temperature_script.js
[1.188s] -- Up-to-date symlink: /home/su1jun/Capstone/colcon_ws/install/vizanti_server/share/vizanti_server//public/templates/tf/tf_icon.html
[1.188s] -- Up-to-date symlink: /home/su1jun/Capstone/colcon_ws/install/vizanti_server/share/vizanti_server//public/templates/tf/tf_modal.html
[1.188s] -- Up-to-date symlink: /home/su1jun/Capstone/colcon_ws/install/vizanti_server/share/vizanti_server//public/templates/tf/tf_script.js
[1.188s] -- Up-to-date symlink: /home/su1jun/Capstone/colcon_ws/install/vizanti_server/share/vizanti_server//public/templates/tf/tf_view.html
[1.188s] -- Up-to-date symlink: /home/su1jun/Capstone/colcon_ws/install/vizanti_server/share/vizanti_server//public/templates/waypoints/waypoints_icon.html
[1.188s] -- Up-to-date symlink: /home/su1jun/Capstone/colcon_ws/install/vizanti_server/share/vizanti_server//public/templates/waypoints/waypoints_modal.html
[1.189s] -- Up-to-date symlink: /home/su1jun/Capstone/colcon_ws/install/vizanti_server/share/vizanti_server//public/templates/waypoints/waypoints_script.js
[1.189s] -- Up-to-date symlink: /home/su1jun/Capstone/colcon_ws/install/vizanti_server/share/vizanti_server//public/templates/waypoints/waypoints_view.html
[1.189s] -- Up-to-date symlink: /home/su1jun/Capstone/colcon_ws/install/vizanti_server/lib/vizanti_server/server.py
[1.189s] -- Up-to-date symlink: /home/su1jun/Capstone/colcon_ws/install/vizanti_server/lib/vizanti_server/service_handler.py
[1.189s] -- Up-to-date symlink: /home/su1jun/Capstone/colcon_ws/install/vizanti_server/share/ament_index/resource_index/package_run_dependencies/vizanti_server
[1.189s] -- Up-to-date symlink: /home/su1jun/Capstone/colcon_ws/install/vizanti_server/share/ament_index/resource_index/parent_prefix_path/vizanti_server
[1.189s] -- Up-to-date symlink: /home/su1jun/Capstone/colcon_ws/install/vizanti_server/share/vizanti_server/environment/ament_prefix_path.sh
[1.189s] -- Up-to-date symlink: /home/su1jun/Capstone/colcon_ws/install/vizanti_server/share/vizanti_server/environment/ament_prefix_path.dsv
[1.190s] -- Up-to-date symlink: /home/su1jun/Capstone/colcon_ws/install/vizanti_server/share/vizanti_server/environment/path.sh
[1.190s] -- Up-to-date symlink: /home/su1jun/Capstone/colcon_ws/install/vizanti_server/share/vizanti_server/environment/path.dsv
[1.190s] -- Up-to-date symlink: /home/su1jun/Capstone/colcon_ws/install/vizanti_server/share/vizanti_server/local_setup.bash
[1.190s] -- Up-to-date symlink: /home/su1jun/Capstone/colcon_ws/install/vizanti_server/share/vizanti_server/local_setup.sh
[1.190s] -- Up-to-date symlink: /home/su1jun/Capstone/colcon_ws/install/vizanti_server/share/vizanti_server/local_setup.zsh
[1.190s] -- Up-to-date symlink: /home/su1jun/Capstone/colcon_ws/install/vizanti_server/share/vizanti_server/local_setup.dsv
[1.190s] -- Symlinking: /home/su1jun/Capstone/colcon_ws/install/vizanti_server/share/vizanti_server/package.dsv
[1.199s] -- Up-to-date symlink: /home/su1jun/Capstone/colcon_ws/install/vizanti_server/share/ament_index/resource_index/packages/vizanti_server
[1.199s] -- Up-to-date symlink: /home/su1jun/Capstone/colcon_ws/install/vizanti_server/share/vizanti_server/cmake/vizanti_serverConfig.cmake
[1.199s] -- Up-to-date symlink: /home/su1jun/Capstone/colcon_ws/install/vizanti_server/share/vizanti_server/cmake/vizanti_serverConfig-version.cmake
[1.199s] -- Up-to-date symlink: /home/su1jun/Capstone/colcon_ws/install/vizanti_server/share/vizanti_server/package.xml
[1.201s] Invoked command in '/home/su1jun/Capstone/colcon_ws/build/vizanti_server' returned '0': AMENT_PREFIX_PATH=/home/su1jun/Capstone/colcon_ws/install/vizanti_msgs:${AMENT_PREFIX_PATH} CMAKE_PREFIX_PATH=/home/su1jun/Capstone/colcon_ws/install/vizanti_msgs:/opt/ros/humble LD_LIBRARY_PATH=/home/su1jun/Capstone/colcon_ws/install/vizanti_msgs/lib:${LD_LIBRARY_PATH} PYTHONPATH=/home/su1jun/Capstone/colcon_ws/install/vizanti_msgs/local/lib/python3.10/dist-packages:${PYTHONPATH} /usr/bin/cmake --install /home/su1jun/Capstone/colcon_ws/build/vizanti_server
