[0.091s] Invoking command in '/home/su1jun/Capstone/colcon_ws/build/vizanti_server': AMENT_PREFIX_PATH=/home/su1jun/Capstone/colcon_ws/install/vizanti_msgs:${AMENT_PREFIX_PATH} CMAKE_PREFIX_PATH=/home/su1jun/Capstone/colcon_ws/install/vizanti_msgs:/home/su1jun/ros2_ws/install/robot:/opt/ros/humble:${CMAKE_PREFIX_PATH} LD_LIBRARY_PATH=/home/su1jun/Capstone/colcon_ws/install/vizanti_msgs/lib:/home/su1jun/ros2_ws/install/ros2_control_demo_example_2/lib:/home/su1jun/ros2_ws/install/pigpio/lib:/usr/lib/x86_64-linux-gnu/gazebo-11/plugins:/opt/ros/humble/opt/rviz_ogre_vendor/lib:/opt/ros/humble/lib/x86_64-linux-gnu:/opt/ros/humble/lib:/usr/lib/x86_64-linux-gnu/gazebo-11/plugins PYTHONPATH=/home/su1jun/Capstone/colcon_ws/install/vizanti_msgs/local/lib/python3.10/dist-packages:${PYTHONPATH} /usr/bin/cmake /home/su1jun/Capstone/colcon_ws/src/vizanti/vizanti_server -DAMENT_CMAKE_SYMLINK_INSTALL=1 -DCMAKE_INSTALL_PREFIX=/home/su1jun/Capstone/colcon_ws/install/vizanti_server
[0.121s] -- The C compiler identification is GNU 11.4.0
[0.151s] -- The CXX compiler identification is GNU 11.4.0
[0.155s] -- Detecting C compiler ABI info
[0.188s] -- Detecting C compiler ABI info - done
[0.191s] -- Check for working C compiler: /usr/bin/cc - skipped
[0.192s] -- Detecting C compile features
[0.192s] -- Detecting C compile features - done
[0.193s] -- Detecting CXX compiler ABI info
[0.232s] -- Detecting CXX compiler ABI info - done
[0.238s] -- Check for working CXX compiler: /usr/bin/c++ - skipped
[0.238s] -- Detecting CXX compile features
[0.239s] -- Detecting CXX compile features - done
[0.240s] -- Found ament_cmake: 1.3.8 (/opt/ros/humble/share/ament_cmake/cmake)
[0.429s] -- Found Python3: /usr/bin/python3 (found version "3.10.12") found components: Interpreter 
[0.463s] -- Override CMake install command with custom implementation using symlinks instead of copying resources
[0.484s] -- Found rclcpp: 16.0.8 (/opt/ros/humble/share/rclcpp/cmake)
[0.507s] -- Found rosidl_generator_c: 3.1.5 (/opt/ros/humble/share/rosidl_generator_c/cmake)
[0.510s] -- Found rosidl_adapter: 3.1.5 (/opt/ros/humble/share/rosidl_adapter/cmake)
[0.514s] -- Found rosidl_generator_cpp: 3.1.5 (/opt/ros/humble/share/rosidl_generator_cpp/cmake)
[0.521s] -- Using all available rosidl_typesupport_c: rosidl_typesupport_fastrtps_c;rosidl_typesupport_introspection_c
[0.531s] -- Using all available rosidl_typesupport_cpp: rosidl_typesupport_fastrtps_cpp;rosidl_typesupport_introspection_cpp
[0.567s] -- Found rmw_implementation_cmake: 6.1.1 (/opt/ros/humble/share/rmw_implementation_cmake/cmake)
[0.568s] -- Found rmw_fastrtps_cpp: 6.2.6 (/opt/ros/humble/share/rmw_fastrtps_cpp/cmake)
[0.615s] -- Found OpenSSL: /usr/lib/x86_64-linux-gnu/libcrypto.so (found version "3.0.2")  
[0.630s] -- Found FastRTPS: /opt/ros/humble/include  
[0.656s] -- Using RMW implementation 'rmw_fastrtps_cpp' as default
[0.662s] -- Looking for pthread.h
[0.694s] -- Looking for pthread.h - found
[0.695s] -- Performing Test CMAKE_HAVE_LIBC_PTHREAD
[0.734s] -- Performing Test CMAKE_HAVE_LIBC_PTHREAD - Success
[0.735s] -- Found Threads: TRUE  
[0.816s] -- Found rclpy: 3.3.12 (/opt/ros/humble/share/rclpy/cmake)
[0.817s] -- Found std_srvs: 4.2.3 (/opt/ros/humble/share/std_srvs/cmake)
[0.826s] -- Found tf2_msgs: 0.25.6 (/opt/ros/humble/share/tf2_msgs/cmake)
[0.920s] -- Found vizanti_msgs: 0.1.0 (/home/su1jun/Capstone/colcon_ws/install/vizanti_msgs/share/vizanti_msgs/cmake)
[1.052s] -- Found rosbridge_suite: 1.3.2 (/opt/ros/humble/share/rosbridge_suite/cmake)
[1.096s] -- Configuring done
[1.098s] -- Generating done
[1.099s] -- Build files have been written to: /home/su1jun/Capstone/colcon_ws/build/vizanti_server
[1.108s] Invoked command in '/home/su1jun/Capstone/colcon_ws/build/vizanti_server' returned '0': AMENT_PREFIX_PATH=/home/su1jun/Capstone/colcon_ws/install/vizanti_msgs:${AMENT_PREFIX_PATH} CMAKE_PREFIX_PATH=/home/su1jun/Capstone/colcon_ws/install/vizanti_msgs:/home/su1jun/ros2_ws/install/robot:/opt/ros/humble:${CMAKE_PREFIX_PATH} LD_LIBRARY_PATH=/home/su1jun/Capstone/colcon_ws/install/vizanti_msgs/lib:/home/su1jun/ros2_ws/install/ros2_control_demo_example_2/lib:/home/su1jun/ros2_ws/install/pigpio/lib:/usr/lib/x86_64-linux-gnu/gazebo-11/plugins:/opt/ros/humble/opt/rviz_ogre_vendor/lib:/opt/ros/humble/lib/x86_64-linux-gnu:/opt/ros/humble/lib:/usr/lib/x86_64-linux-gnu/gazebo-11/plugins PYTHONPATH=/home/su1jun/Capstone/colcon_ws/install/vizanti_msgs/local/lib/python3.10/dist-packages:${PYTHONPATH} /usr/bin/cmake /home/su1jun/Capstone/colcon_ws/src/vizanti/vizanti_server -DAMENT_CMAKE_SYMLINK_INSTALL=1 -DCMAKE_INSTALL_PREFIX=/home/su1jun/Capstone/colcon_ws/install/vizanti_server
[1.108s] Invoking command in '/home/su1jun/Capstone/colcon_ws/build/vizanti_server': AMENT_PREFIX_PATH=/home/su1jun/Capstone/colcon_ws/install/vizanti_msgs:${AMENT_PREFIX_PATH} CMAKE_PREFIX_PATH=/home/su1jun/Capstone/colcon_ws/install/vizanti_msgs:/home/su1jun/ros2_ws/install/robot:/opt/ros/humble:${CMAKE_PREFIX_PATH} LD_LIBRARY_PATH=/home/su1jun/Capstone/colcon_ws/install/vizanti_msgs/lib:/home/su1jun/ros2_ws/install/ros2_control_demo_example_2/lib:/home/su1jun/ros2_ws/install/pigpio/lib:/usr/lib/x86_64-linux-gnu/gazebo-11/plugins:/opt/ros/humble/opt/rviz_ogre_vendor/lib:/opt/ros/humble/lib/x86_64-linux-gnu:/opt/ros/humble/lib:/usr/lib/x86_64-linux-gnu/gazebo-11/plugins PYTHONPATH=/home/su1jun/Capstone/colcon_ws/install/vizanti_msgs/local/lib/python3.10/dist-packages:${PYTHONPATH} /usr/bin/cmake --build /home/su1jun/Capstone/colcon_ws/build/vizanti_server -- -j20 -l20
[1.126s] Invoked command in '/home/su1jun/Capstone/colcon_ws/build/vizanti_server' returned '0': AMENT_PREFIX_PATH=/home/su1jun/Capstone/colcon_ws/install/vizanti_msgs:${AMENT_PREFIX_PATH} CMAKE_PREFIX_PATH=/home/su1jun/Capstone/colcon_ws/install/vizanti_msgs:/home/su1jun/ros2_ws/install/robot:/opt/ros/humble:${CMAKE_PREFIX_PATH} LD_LIBRARY_PATH=/home/su1jun/Capstone/colcon_ws/install/vizanti_msgs/lib:/home/su1jun/ros2_ws/install/ros2_control_demo_example_2/lib:/home/su1jun/ros2_ws/install/pigpio/lib:/usr/lib/x86_64-linux-gnu/gazebo-11/plugins:/opt/ros/humble/opt/rviz_ogre_vendor/lib:/opt/ros/humble/lib/x86_64-linux-gnu:/opt/ros/humble/lib:/usr/lib/x86_64-linux-gnu/gazebo-11/plugins PYTHONPATH=/home/su1jun/Capstone/colcon_ws/install/vizanti_msgs/local/lib/python3.10/dist-packages:${PYTHONPATH} /usr/bin/cmake --build /home/su1jun/Capstone/colcon_ws/build/vizanti_server -- -j20 -l20
[1.136s] Invoking command in '/home/su1jun/Capstone/colcon_ws/build/vizanti_server': AMENT_PREFIX_PATH=/home/su1jun/Capstone/colcon_ws/install/vizanti_msgs:${AMENT_PREFIX_PATH} CMAKE_PREFIX_PATH=/home/su1jun/Capstone/colcon_ws/install/vizanti_msgs:/home/su1jun/ros2_ws/install/robot:/opt/ros/humble:${CMAKE_PREFIX_PATH} LD_LIBRARY_PATH=/home/su1jun/Capstone/colcon_ws/install/vizanti_msgs/lib:/home/su1jun/ros2_ws/install/ros2_control_demo_example_2/lib:/home/su1jun/ros2_ws/install/pigpio/lib:/usr/lib/x86_64-linux-gnu/gazebo-11/plugins:/opt/ros/humble/opt/rviz_ogre_vendor/lib:/opt/ros/humble/lib/x86_64-linux-gnu:/opt/ros/humble/lib:/usr/lib/x86_64-linux-gnu/gazebo-11/plugins PYTHONPATH=/home/su1jun/Capstone/colcon_ws/install/vizanti_msgs/local/lib/python3.10/dist-packages:${PYTHONPATH} /usr/bin/cmake --install /home/su1jun/Capstone/colcon_ws/build/vizanti_server
[1.139s] -- Install configuration: ""
[1.139s] -- Execute custom install script
[1.140s] -- Symlinking: /home/su1jun/Capstone/colcon_ws/install/vizanti_server/share/vizanti_server//launch/vizanti_rws.launch.py
[1.144s] -- Symlinking: /home/su1jun/Capstone/colcon_ws/install/vizanti_server/share/vizanti_server//launch/vizanti_server.launch.py
[1.148s] -- Symlinking: /home/su1jun/Capstone/colcon_ws/install/vizanti_server/share/vizanti_server//public/assets/add.svg
[1.152s] -- Symlinking: /home/su1jun/Capstone/colcon_ws/install/vizanti_server/share/vizanti_server//public/assets/area.svg
[1.156s] -- Symlinking: /home/su1jun/Capstone/colcon_ws/install/vizanti_server/share/vizanti_server//public/assets/battery_100.svg
[1.160s] -- Symlinking: /home/su1jun/Capstone/colcon_ws/install/vizanti_server/share/vizanti_server//public/assets/battery_20.svg
[1.164s] -- Symlinking: /home/su1jun/Capstone/colcon_ws/install/vizanti_server/share/vizanti_server//public/assets/battery_40.svg
[1.167s] -- Symlinking: /home/su1jun/Capstone/colcon_ws/install/vizanti_server/share/vizanti_server//public/assets/battery_60.svg
[1.171s] -- Symlinking: /home/su1jun/Capstone/colcon_ws/install/vizanti_server/share/vizanti_server//public/assets/battery_80.svg
[1.175s] -- Symlinking: /home/su1jun/Capstone/colcon_ws/install/vizanti_server/share/vizanti_server//public/assets/battery_unknown.svg
[1.179s] -- Symlinking: /home/su1jun/Capstone/colcon_ws/install/vizanti_server/share/vizanti_server//public/assets/button.svg
[1.183s] -- Symlinking: /home/su1jun/Capstone/colcon_ws/install/vizanti_server/share/vizanti_server//public/assets/button_false.svg
[1.187s] -- Symlinking: /home/su1jun/Capstone/colcon_ws/install/vizanti_server/share/vizanti_server//public/assets/button_true.svg
[1.191s] -- Symlinking: /home/su1jun/Capstone/colcon_ws/install/vizanti_server/share/vizanti_server//public/assets/costmap.svg
[1.195s] -- Symlinking: /home/su1jun/Capstone/colcon_ws/install/vizanti_server/share/vizanti_server//public/assets/default_layout.json
[1.199s] -- Symlinking: /home/su1jun/Capstone/colcon_ws/install/vizanti_server/share/vizanti_server//public/assets/grid.svg
[1.203s] -- Symlinking: /home/su1jun/Capstone/colcon_ws/install/vizanti_server/share/vizanti_server//public/assets/gridcells.svg
[1.207s] -- Symlinking: /home/su1jun/Capstone/colcon_ws/install/vizanti_server/share/vizanti_server//public/assets/icon/152.png
[1.211s] -- Symlinking: /home/su1jun/Capstone/colcon_ws/install/vizanti_server/share/vizanti_server//public/assets/icon/16.png
[1.215s] -- Symlinking: /home/su1jun/Capstone/colcon_ws/install/vizanti_server/share/vizanti_server//public/assets/icon/192.png
[1.219s] -- Symlinking: /home/su1jun/Capstone/colcon_ws/install/vizanti_server/share/vizanti_server//public/assets/icon/32.png
[1.223s] -- Symlinking: /home/su1jun/Capstone/colcon_ws/install/vizanti_server/share/vizanti_server//public/assets/icon/512.png
[1.227s] -- Symlinking: /home/su1jun/Capstone/colcon_ws/install/vizanti_server/share/vizanti_server//public/assets/icon/96.png
[1.231s] -- Symlinking: /home/su1jun/Capstone/colcon_ws/install/vizanti_server/share/vizanti_server//public/assets/icon/icon.svg
[1.234s] -- Symlinking: /home/su1jun/Capstone/colcon_ws/install/vizanti_server/share/vizanti_server//public/assets/icon/manifest.json
[1.238s] -- Symlinking: /home/su1jun/Capstone/colcon_ws/install/vizanti_server/share/vizanti_server//public/assets/image.svg
[1.242s] -- Symlinking: /home/su1jun/Capstone/colcon_ws/install/vizanti_server/share/vizanti_server//public/assets/initialpose.png
[1.246s] -- Symlinking: /home/su1jun/Capstone/colcon_ws/install/vizanti_server/share/vizanti_server//public/assets/initialpose.svg
[1.250s] -- Symlinking: /home/su1jun/Capstone/colcon_ws/install/vizanti_server/share/vizanti_server//public/assets/joypos.svg
[1.253s] -- Symlinking: /home/su1jun/Capstone/colcon_ws/install/vizanti_server/share/vizanti_server//public/assets/joystick.svg
[1.257s] -- Symlinking: /home/su1jun/Capstone/colcon_ws/install/vizanti_server/share/vizanti_server//public/assets/map.svg
[1.261s] -- Symlinking: /home/su1jun/Capstone/colcon_ws/install/vizanti_server/share/vizanti_server//public/assets/marker.svg
[1.265s] -- Symlinking: /home/su1jun/Capstone/colcon_ws/install/vizanti_server/share/vizanti_server//public/assets/markerarray.svg
[1.269s] -- Symlinking: /home/su1jun/Capstone/colcon_ws/install/vizanti_server/share/vizanti_server//public/assets/node_kill.svg
[1.273s] -- Symlinking: /home/su1jun/Capstone/colcon_ws/install/vizanti_server/share/vizanti_server//public/assets/node_restart.svg
[1.277s] -- Symlinking: /home/su1jun/Capstone/colcon_ws/install/vizanti_server/share/vizanti_server//public/assets/nodemgr.svg
[1.281s] -- Symlinking: /home/su1jun/Capstone/colcon_ws/install/vizanti_server/share/vizanti_server//public/assets/path.svg
[1.285s] -- Symlinking: /home/su1jun/Capstone/colcon_ws/install/vizanti_server/share/vizanti_server//public/assets/pointcloud.svg
[1.289s] -- Symlinking: /home/su1jun/Capstone/colcon_ws/install/vizanti_server/share/vizanti_server//public/assets/posearray.svg
[1.292s] -- Symlinking: /home/su1jun/Capstone/colcon_ws/install/vizanti_server/share/vizanti_server//public/assets/posewithcovariancestamped.svg
[1.296s] -- Symlinking: /home/su1jun/Capstone/colcon_ws/install/vizanti_server/share/vizanti_server//public/assets/range.svg
[1.300s] -- Symlinking: /home/su1jun/Capstone/colcon_ws/install/vizanti_server/share/vizanti_server//public/assets/rawmap.svg
[1.304s] -- Symlinking: /home/su1jun/Capstone/colcon_ws/install/vizanti_server/share/vizanti_server//public/assets/reconfigure.svg
[1.308s] -- Symlinking: /home/su1jun/Capstone/colcon_ws/install/vizanti_server/share/vizanti_server//public/assets/robot_model/_2wd.png
[1.312s] -- Symlinking: /home/su1jun/Capstone/colcon_ws/install/vizanti_server/share/vizanti_server//public/assets/robot_model/_4wd.png
[1.316s] -- Symlinking: /home/su1jun/Capstone/colcon_ws/install/vizanti_server/share/vizanti_server//public/assets/robot_model/_arrow.png
[1.320s] -- Symlinking: /home/su1jun/Capstone/colcon_ws/install/vizanti_server/share/vizanti_server//public/assets/robot_model/_dog.png
[1.323s] -- Symlinking: /home/su1jun/Capstone/colcon_ws/install/vizanti_server/share/vizanti_server//public/assets/robot_model/_hatchback.png
[1.327s] -- Symlinking: /home/su1jun/Capstone/colcon_ws/install/vizanti_server/share/vizanti_server//public/assets/robot_model/_orca.png
[1.331s] -- Symlinking: /home/su1jun/Capstone/colcon_ws/install/vizanti_server/share/vizanti_server//public/assets/robot_model/_pancake.png
[1.334s] -- Symlinking: /home/su1jun/Capstone/colcon_ws/install/vizanti_server/share/vizanti_server//public/assets/robot_model/_rccar.png
[1.338s] -- Symlinking: /home/su1jun/Capstone/colcon_ws/install/vizanti_server/share/vizanti_server//public/assets/robot_model/_sandwich.png
[1.342s] -- Symlinking: /home/su1jun/Capstone/colcon_ws/install/vizanti_server/share/vizanti_server//public/assets/robot_model/_tortoise.png
[1.351s] -- Symlinking: /home/su1jun/Capstone/colcon_ws/install/vizanti_server/share/vizanti_server//public/assets/robot_model/_tuna.png
[1.351s] -- Symlinking: /home/su1jun/Capstone/colcon_ws/install/vizanti_server/share/vizanti_server//public/assets/robotmodel.svg
[1.355s] -- Symlinking: /home/su1jun/Capstone/colcon_ws/install/vizanti_server/share/vizanti_server//public/assets/rosbag.svg
[1.360s] -- Symlinking: /home/su1jun/Capstone/colcon_ws/install/vizanti_server/share/vizanti_server//public/assets/rosbag_active.svg
[1.363s] -- Symlinking: /home/su1jun/Capstone/colcon_ws/install/vizanti_server/share/vizanti_server//public/assets/rosbridge_connected.svg
[1.367s] -- Symlinking: /home/su1jun/Capstone/colcon_ws/install/vizanti_server/share/vizanti_server//public/assets/rosbridge_disconnected.svg
[1.370s] -- Symlinking: /home/su1jun/Capstone/colcon_ws/install/vizanti_server/share/vizanti_server//public/assets/rosbridge_reconnect.svg
[1.375s] -- Symlinking: /home/su1jun/Capstone/colcon_ws/install/vizanti_server/share/vizanti_server//public/assets/satelite.svg
[1.378s] -- Symlinking: /home/su1jun/Capstone/colcon_ws/install/vizanti_server/share/vizanti_server//public/assets/scan.svg
[1.382s] -- Symlinking: /home/su1jun/Capstone/colcon_ws/install/vizanti_server/share/vizanti_server//public/assets/settings.svg
[1.388s] -- Symlinking: /home/su1jun/Capstone/colcon_ws/install/vizanti_server/share/vizanti_server//public/assets/simplegoal.png
[1.393s] -- Symlinking: /home/su1jun/Capstone/colcon_ws/install/vizanti_server/share/vizanti_server//public/assets/simplegoal.svg
[1.399s] -- Symlinking: /home/su1jun/Capstone/colcon_ws/install/vizanti_server/share/vizanti_server//public/assets/temp_cold.svg
[1.416s] -- Symlinking: /home/su1jun/Capstone/colcon_ws/install/vizanti_server/share/vizanti_server//public/assets/temp_hot.svg
[1.433s] -- Symlinking: /home/su1jun/Capstone/colcon_ws/install/vizanti_server/share/vizanti_server//public/assets/temp_unknown.svg
[1.439s] -- Symlinking: /home/su1jun/Capstone/colcon_ws/install/vizanti_server/share/vizanti_server//public/assets/temp_warm.svg
[1.444s] -- Symlinking: /home/su1jun/Capstone/colcon_ws/install/vizanti_server/share/vizanti_server//public/assets/tf.svg
[1.449s] -- Symlinking: /home/su1jun/Capstone/colcon_ws/install/vizanti_server/share/vizanti_server//public/assets/tile_error.png
[1.453s] -- Symlinking: /home/su1jun/Capstone/colcon_ws/install/vizanti_server/share/vizanti_server//public/assets/tile_loading.png
[1.458s] -- Symlinking: /home/su1jun/Capstone/colcon_ws/install/vizanti_server/share/vizanti_server//public/assets/waypoints.svg
[1.463s] -- Symlinking: /home/su1jun/Capstone/colcon_ws/install/vizanti_server/share/vizanti_server//public/css/style.css
[1.467s] -- Symlinking: /home/su1jun/Capstone/colcon_ws/install/vizanti_server/share/vizanti_server//public/head.html
[1.471s] -- Symlinking: /home/su1jun/Capstone/colcon_ws/install/vizanti_server/share/vizanti_server//public/iconbar.html
[1.475s] -- Symlinking: /home/su1jun/Capstone/colcon_ws/install/vizanti_server/share/vizanti_server//public/index.html
[1.479s] -- Symlinking: /home/su1jun/Capstone/colcon_ws/install/vizanti_server/share/vizanti_server//public/js/lib/nipplejs.js
[1.483s] -- Symlinking: /home/su1jun/Capstone/colcon_ws/install/vizanti_server/share/vizanti_server//public/js/lib/nipplejs.min.js
[1.487s] -- Symlinking: /home/su1jun/Capstone/colcon_ws/install/vizanti_server/share/vizanti_server//public/js/lib/nipplejs_LICENSE.txt
[1.490s] -- Symlinking: /home/su1jun/Capstone/colcon_ws/install/vizanti_server/share/vizanti_server//public/js/lib/quaternion.min.js
[1.494s] -- Symlinking: /home/su1jun/Capstone/colcon_ws/install/vizanti_server/share/vizanti_server//public/js/lib/quaternionjs_LICENSE.txt
[1.498s] -- Symlinking: /home/su1jun/Capstone/colcon_ws/install/vizanti_server/share/vizanti_server//public/js/lib/roslib.min.js
[1.502s] -- Symlinking: /home/su1jun/Capstone/colcon_ws/install/vizanti_server/share/vizanti_server//public/js/lib/roslibjs_LICENSE.txt
[1.506s] -- Symlinking: /home/su1jun/Capstone/colcon_ws/install/vizanti_server/share/vizanti_server//public/js/main.js
[1.510s] -- Symlinking: /home/su1jun/Capstone/colcon_ws/install/vizanti_server/share/vizanti_server//public/js/modules/database.js
[1.514s] -- Symlinking: /home/su1jun/Capstone/colcon_ws/install/vizanti_server/share/vizanti_server//public/js/modules/elements.js
[1.518s] -- Symlinking: /home/su1jun/Capstone/colcon_ws/install/vizanti_server/share/vizanti_server//public/js/modules/joystick.js
[1.521s] -- Symlinking: /home/su1jun/Capstone/colcon_ws/install/vizanti_server/share/vizanti_server//public/js/modules/navsat.js
[1.525s] -- Symlinking: /home/su1jun/Capstone/colcon_ws/install/vizanti_server/share/vizanti_server//public/js/modules/persistent.js
[1.528s] -- Symlinking: /home/su1jun/Capstone/colcon_ws/install/vizanti_server/share/vizanti_server//public/js/modules/rosbridge.js
[1.532s] -- Symlinking: /home/su1jun/Capstone/colcon_ws/install/vizanti_server/share/vizanti_server//public/js/modules/status.js
[1.536s] -- Symlinking: /home/su1jun/Capstone/colcon_ws/install/vizanti_server/share/vizanti_server//public/js/modules/tf.js
[1.540s] -- Symlinking: /home/su1jun/Capstone/colcon_ws/install/vizanti_server/share/vizanti_server//public/js/modules/util.js
[1.544s] -- Symlinking: /home/su1jun/Capstone/colcon_ws/install/vizanti_server/share/vizanti_server//public/js/modules/view.js
[1.547s] -- Symlinking: /home/su1jun/Capstone/colcon_ws/install/vizanti_server/share/vizanti_server//public/js/setup.js
[1.551s] -- Symlinking: /home/su1jun/Capstone/colcon_ws/install/vizanti_server/share/vizanti_server//public/templates/add/add_icon.html
[1.555s] -- Symlinking: /home/su1jun/Capstone/colcon_ws/install/vizanti_server/share/vizanti_server//public/templates/add/add_modal.html
[1.559s] -- Symlinking: /home/su1jun/Capstone/colcon_ws/install/vizanti_server/share/vizanti_server//public/templates/add/add_script.js
[1.562s] -- Symlinking: /home/su1jun/Capstone/colcon_ws/install/vizanti_server/share/vizanti_server//public/templates/area/area_icon.html
[1.566s] -- Symlinking: /home/su1jun/Capstone/colcon_ws/install/vizanti_server/share/vizanti_server//public/templates/area/area_modal.html
[1.571s] -- Symlinking: /home/su1jun/Capstone/colcon_ws/install/vizanti_server/share/vizanti_server//public/templates/area/area_script.js
[1.575s] -- Symlinking: /home/su1jun/Capstone/colcon_ws/install/vizanti_server/share/vizanti_server//public/templates/area/area_view.html
[1.578s] -- Symlinking: /home/su1jun/Capstone/colcon_ws/install/vizanti_server/share/vizanti_server//public/templates/battery/battery_icon.html
[1.582s] -- Symlinking: /home/su1jun/Capstone/colcon_ws/install/vizanti_server/share/vizanti_server//public/templates/battery/battery_modal.html
[1.586s] -- Symlinking: /home/su1jun/Capstone/colcon_ws/install/vizanti_server/share/vizanti_server//public/templates/battery/battery_script.js
[1.590s] -- Symlinking: /home/su1jun/Capstone/colcon_ws/install/vizanti_server/share/vizanti_server//public/templates/button/button_icon.html
[1.594s] -- Symlinking: /home/su1jun/Capstone/colcon_ws/install/vizanti_server/share/vizanti_server//public/templates/button/button_modal.html
[1.597s] -- Symlinking: /home/su1jun/Capstone/colcon_ws/install/vizanti_server/share/vizanti_server//public/templates/button/button_script.js
[1.601s] -- Symlinking: /home/su1jun/Capstone/colcon_ws/install/vizanti_server/share/vizanti_server//public/templates/compressedimage/compressedimage_icon.html
[1.605s] -- Symlinking: /home/su1jun/Capstone/colcon_ws/install/vizanti_server/share/vizanti_server//public/templates/compressedimage/compressedimage_modal.html
[1.608s] -- Symlinking: /home/su1jun/Capstone/colcon_ws/install/vizanti_server/share/vizanti_server//public/templates/compressedimage/compressedimage_script.js
[1.613s] -- Symlinking: /home/su1jun/Capstone/colcon_ws/install/vizanti_server/share/vizanti_server//public/templates/compressedimage/compressedimage_view.html
[1.617s] -- Symlinking: /home/su1jun/Capstone/colcon_ws/install/vizanti_server/share/vizanti_server//public/templates/grid/grid_icon.html
[1.621s] -- Symlinking: /home/su1jun/Capstone/colcon_ws/install/vizanti_server/share/vizanti_server//public/templates/grid/grid_modal.html
[1.625s] -- Symlinking: /home/su1jun/Capstone/colcon_ws/install/vizanti_server/share/vizanti_server//public/templates/grid/grid_script.js
[1.628s] -- Symlinking: /home/su1jun/Capstone/colcon_ws/install/vizanti_server/share/vizanti_server//public/templates/grid/grid_view.html
[1.632s] -- Symlinking: /home/su1jun/Capstone/colcon_ws/install/vizanti_server/share/vizanti_server//public/templates/gridcells/gridcells_icon.html
[1.636s] -- Symlinking: /home/su1jun/Capstone/colcon_ws/install/vizanti_server/share/vizanti_server//public/templates/gridcells/gridcells_modal.html
[1.639s] -- Symlinking: /home/su1jun/Capstone/colcon_ws/install/vizanti_server/share/vizanti_server//public/templates/gridcells/gridcells_script.js
[1.644s] -- Symlinking: /home/su1jun/Capstone/colcon_ws/install/vizanti_server/share/vizanti_server//public/templates/gridcells/gridcells_view.html
[1.648s] -- Symlinking: /home/su1jun/Capstone/colcon_ws/install/vizanti_server/share/vizanti_server//public/templates/initialpose/initialpose_icon.html
[1.651s] -- Symlinking: /home/su1jun/Capstone/colcon_ws/install/vizanti_server/share/vizanti_server//public/templates/initialpose/initialpose_modal.html
[1.655s] -- Symlinking: /home/su1jun/Capstone/colcon_ws/install/vizanti_server/share/vizanti_server//public/templates/initialpose/initialpose_script.js
[1.659s] -- Symlinking: /home/su1jun/Capstone/colcon_ws/install/vizanti_server/share/vizanti_server//public/templates/initialpose/initialpose_view.html
[1.663s] -- Symlinking: /home/su1jun/Capstone/colcon_ws/install/vizanti_server/share/vizanti_server//public/templates/map/map_icon.html
[1.666s] -- Symlinking: /home/su1jun/Capstone/colcon_ws/install/vizanti_server/share/vizanti_server//public/templates/map/map_modal.html
[1.670s] -- Symlinking: /home/su1jun/Capstone/colcon_ws/install/vizanti_server/share/vizanti_server//public/templates/map/map_script.js
[1.675s] -- Symlinking: /home/su1jun/Capstone/colcon_ws/install/vizanti_server/share/vizanti_server//public/templates/map/map_view.html
[1.681s] -- Symlinking: /home/su1jun/Capstone/colcon_ws/install/vizanti_server/share/vizanti_server//public/templates/map/map_worker.js
[1.688s] -- Symlinking: /home/su1jun/Capstone/colcon_ws/install/vizanti_server/share/vizanti_server//public/templates/markerarray/markerarray_icon.html
[1.694s] -- Symlinking: /home/su1jun/Capstone/colcon_ws/install/vizanti_server/share/vizanti_server//public/templates/markerarray/markerarray_modal.html
[1.698s] -- Symlinking: /home/su1jun/Capstone/colcon_ws/install/vizanti_server/share/vizanti_server//public/templates/markerarray/markerarray_script.js
[1.702s] -- Symlinking: /home/su1jun/Capstone/colcon_ws/install/vizanti_server/share/vizanti_server//public/templates/markerarray/markerarray_view.html
[1.706s] -- Symlinking: /home/su1jun/Capstone/colcon_ws/install/vizanti_server/share/vizanti_server//public/templates/nodemgr/nodemgr_icon.html
[1.710s] -- Symlinking: /home/su1jun/Capstone/colcon_ws/install/vizanti_server/share/vizanti_server//public/templates/nodemgr/nodemgr_modal.html
[1.714s] -- Symlinking: /home/su1jun/Capstone/colcon_ws/install/vizanti_server/share/vizanti_server//public/templates/nodemgr/nodemgr_script.js
[1.719s] -- Symlinking: /home/su1jun/Capstone/colcon_ws/install/vizanti_server/share/vizanti_server//public/templates/path/path_icon.html
[1.723s] -- Symlinking: /home/su1jun/Capstone/colcon_ws/install/vizanti_server/share/vizanti_server//public/templates/path/path_modal.html
[1.727s] -- Symlinking: /home/su1jun/Capstone/colcon_ws/install/vizanti_server/share/vizanti_server//public/templates/path/path_script.js
[1.731s] -- Symlinking: /home/su1jun/Capstone/colcon_ws/install/vizanti_server/share/vizanti_server//public/templates/path/path_view.html
[1.736s] -- Symlinking: /home/su1jun/Capstone/colcon_ws/install/vizanti_server/share/vizanti_server//public/templates/pointcloud/pointcloud_icon.html
[1.740s] -- Symlinking: /home/su1jun/Capstone/colcon_ws/install/vizanti_server/share/vizanti_server//public/templates/pointcloud/pointcloud_modal.html
[1.744s] -- Symlinking: /home/su1jun/Capstone/colcon_ws/install/vizanti_server/share/vizanti_server//public/templates/pointcloud/pointcloud_script.js
[1.748s] -- Symlinking: /home/su1jun/Capstone/colcon_ws/install/vizanti_server/share/vizanti_server//public/templates/pointcloud/pointcloud_view.html
[1.752s] -- Symlinking: /home/su1jun/Capstone/colcon_ws/install/vizanti_server/share/vizanti_server//public/templates/posearray/posearray_icon.html
[1.756s] -- Symlinking: /home/su1jun/Capstone/colcon_ws/install/vizanti_server/share/vizanti_server//public/templates/posearray/posearray_modal.html
[1.760s] -- Symlinking: /home/su1jun/Capstone/colcon_ws/install/vizanti_server/share/vizanti_server//public/templates/posearray/posearray_script.js
[1.764s] -- Symlinking: /home/su1jun/Capstone/colcon_ws/install/vizanti_server/share/vizanti_server//public/templates/posearray/posearray_view.html
[1.768s] -- Symlinking: /home/su1jun/Capstone/colcon_ws/install/vizanti_server/share/vizanti_server//public/templates/posewithcovariancestamped/posewithcovariancestamped_icon.html
[1.772s] -- Symlinking: /home/su1jun/Capstone/colcon_ws/install/vizanti_server/share/vizanti_server//public/templates/posewithcovariancestamped/posewithcovariancestamped_modal.html
[1.776s] -- Symlinking: /home/su1jun/Capstone/colcon_ws/install/vizanti_server/share/vizanti_server//public/templates/posewithcovariancestamped/posewithcovariancestamped_script.js
[1.779s] -- Symlinking: /home/su1jun/Capstone/colcon_ws/install/vizanti_server/share/vizanti_server//public/templates/posewithcovariancestamped/posewithcovariancestamped_view.html
[1.783s] -- Symlinking: /home/su1jun/Capstone/colcon_ws/install/vizanti_server/share/vizanti_server//public/templates/range/range_icon.html
[1.786s] -- Symlinking: /home/su1jun/Capstone/colcon_ws/install/vizanti_server/share/vizanti_server//public/templates/range/range_modal.html
[1.790s] -- Symlinking: /home/su1jun/Capstone/colcon_ws/install/vizanti_server/share/vizanti_server//public/templates/range/range_script.js
[1.794s] -- Symlinking: /home/su1jun/Capstone/colcon_ws/install/vizanti_server/share/vizanti_server//public/templates/range/range_view.html
[1.798s] -- Symlinking: /home/su1jun/Capstone/colcon_ws/install/vizanti_server/share/vizanti_server//public/templates/reconfigure/reconfigure_icon.html
[1.802s] -- Symlinking: /home/su1jun/Capstone/colcon_ws/install/vizanti_server/share/vizanti_server//public/templates/reconfigure/reconfigure_modal.html
[1.806s] -- Symlinking: /home/su1jun/Capstone/colcon_ws/install/vizanti_server/share/vizanti_server//public/templates/reconfigure/reconfigure_script.js
[1.810s] -- Symlinking: /home/su1jun/Capstone/colcon_ws/install/vizanti_server/share/vizanti_server//public/templates/robotmodel/robotmodel_icon.html
[1.815s] -- Symlinking: /home/su1jun/Capstone/colcon_ws/install/vizanti_server/share/vizanti_server//public/templates/robotmodel/robotmodel_modal.html
[1.818s] -- Symlinking: /home/su1jun/Capstone/colcon_ws/install/vizanti_server/share/vizanti_server//public/templates/robotmodel/robotmodel_script.js
[1.822s] -- Symlinking: /home/su1jun/Capstone/colcon_ws/install/vizanti_server/share/vizanti_server//public/templates/robotmodel/robotmodel_view.html
[1.826s] -- Symlinking: /home/su1jun/Capstone/colcon_ws/install/vizanti_server/share/vizanti_server//public/templates/rosbag/rosbag_icon.html
[1.830s] -- Symlinking: /home/su1jun/Capstone/colcon_ws/install/vizanti_server/share/vizanti_server//public/templates/rosbag/rosbag_modal.html
[1.834s] -- Symlinking: /home/su1jun/Capstone/colcon_ws/install/vizanti_server/share/vizanti_server//public/templates/rosbag/rosbag_script.js
[1.837s] -- Symlinking: /home/su1jun/Capstone/colcon_ws/install/vizanti_server/share/vizanti_server//public/templates/rosbridge/rosbridge_icon.html
[1.842s] -- Symlinking: /home/su1jun/Capstone/colcon_ws/install/vizanti_server/share/vizanti_server//public/templates/rosbridge/rosbridge_modal.html
[1.845s] -- Symlinking: /home/su1jun/Capstone/colcon_ws/install/vizanti_server/share/vizanti_server//public/templates/rosbridge/rosbridge_script.js
[1.849s] -- Symlinking: /home/su1jun/Capstone/colcon_ws/install/vizanti_server/share/vizanti_server//public/templates/satelite/satelite_icon.html
[1.853s] -- Symlinking: /home/su1jun/Capstone/colcon_ws/install/vizanti_server/share/vizanti_server//public/templates/satelite/satelite_modal.html
[1.857s] -- Symlinking: /home/su1jun/Capstone/colcon_ws/install/vizanti_server/share/vizanti_server//public/templates/satelite/satelite_script.js
[1.861s] -- Symlinking: /home/su1jun/Capstone/colcon_ws/install/vizanti_server/share/vizanti_server//public/templates/satelite/satelite_view.html
[1.865s] -- Symlinking: /home/su1jun/Capstone/colcon_ws/install/vizanti_server/share/vizanti_server//public/templates/scan/scan_icon.html
[1.868s] -- Symlinking: /home/su1jun/Capstone/colcon_ws/install/vizanti_server/share/vizanti_server//public/templates/scan/scan_modal.html
[1.873s] -- Symlinking: /home/su1jun/Capstone/colcon_ws/install/vizanti_server/share/vizanti_server//public/templates/scan/scan_script.js
[1.877s] -- Symlinking: /home/su1jun/Capstone/colcon_ws/install/vizanti_server/share/vizanti_server//public/templates/scan/scan_view.html
[1.881s] -- Symlinking: /home/su1jun/Capstone/colcon_ws/install/vizanti_server/share/vizanti_server//public/templates/settings/settings_icon.html
[1.884s] -- Symlinking: /home/su1jun/Capstone/colcon_ws/install/vizanti_server/share/vizanti_server//public/templates/settings/settings_modal.html
[1.888s] -- Symlinking: /home/su1jun/Capstone/colcon_ws/install/vizanti_server/share/vizanti_server//public/templates/settings/settings_script.js
[1.892s] -- Symlinking: /home/su1jun/Capstone/colcon_ws/install/vizanti_server/share/vizanti_server//public/templates/simplegoal/simplegoal_icon.html
[1.896s] -- Symlinking: /home/su1jun/Capstone/colcon_ws/install/vizanti_server/share/vizanti_server//public/templates/simplegoal/simplegoal_modal.html
[1.901s] -- Symlinking: /home/su1jun/Capstone/colcon_ws/install/vizanti_server/share/vizanti_server//public/templates/simplegoal/simplegoal_script.js
[1.905s] -- Symlinking: /home/su1jun/Capstone/colcon_ws/install/vizanti_server/share/vizanti_server//public/templates/simplegoal/simplegoal_view.html
[1.910s] -- Symlinking: /home/su1jun/Capstone/colcon_ws/install/vizanti_server/share/vizanti_server//public/templates/teleop/teleop_icon.html
[1.913s] -- Symlinking: /home/su1jun/Capstone/colcon_ws/install/vizanti_server/share/vizanti_server//public/templates/teleop/teleop_modal.html
[1.917s] -- Symlinking: /home/su1jun/Capstone/colcon_ws/install/vizanti_server/share/vizanti_server//public/templates/teleop/teleop_script.js
[1.921s] -- Symlinking: /home/su1jun/Capstone/colcon_ws/install/vizanti_server/share/vizanti_server//public/templates/teleop/teleop_view.html
[1.924s] -- Symlinking: /home/su1jun/Capstone/colcon_ws/install/vizanti_server/share/vizanti_server//public/templates/temperature/temperature_icon.html
[1.928s] -- Symlinking: /home/su1jun/Capstone/colcon_ws/install/vizanti_server/share/vizanti_server//public/templates/temperature/temperature_modal.html
[1.932s] -- Symlinking: /home/su1jun/Capstone/colcon_ws/install/vizanti_server/share/vizanti_server//public/templates/temperature/temperature_script.js
[1.936s] -- Symlinking: /home/su1jun/Capstone/colcon_ws/install/vizanti_server/share/vizanti_server//public/templates/tf/tf_icon.html
[1.939s] -- Symlinking: /home/su1jun/Capstone/colcon_ws/install/vizanti_server/share/vizanti_server//public/templates/tf/tf_modal.html
[1.943s] -- Symlinking: /home/su1jun/Capstone/colcon_ws/install/vizanti_server/share/vizanti_server//public/templates/tf/tf_script.js
[1.946s] -- Symlinking: /home/su1jun/Capstone/colcon_ws/install/vizanti_server/share/vizanti_server//public/templates/tf/tf_view.html
[1.951s] -- Symlinking: /home/su1jun/Capstone/colcon_ws/install/vizanti_server/share/vizanti_server//public/templates/waypoints/waypoints_icon.html
[1.954s] -- Symlinking: /home/su1jun/Capstone/colcon_ws/install/vizanti_server/share/vizanti_server//public/templates/waypoints/waypoints_modal.html
[1.958s] -- Symlinking: /home/su1jun/Capstone/colcon_ws/install/vizanti_server/share/vizanti_server//public/templates/waypoints/waypoints_script.js
[1.961s] -- Symlinking: /home/su1jun/Capstone/colcon_ws/install/vizanti_server/share/vizanti_server//public/templates/waypoints/waypoints_view.html
[1.965s] -- Symlinking: /home/su1jun/Capstone/colcon_ws/install/vizanti_server/lib/vizanti_server/server.py
[1.969s] -- Symlinking: /home/su1jun/Capstone/colcon_ws/install/vizanti_server/lib/vizanti_server/service_handler.py
[1.972s] -- Symlinking: /home/su1jun/Capstone/colcon_ws/install/vizanti_server/share/ament_index/resource_index/package_run_dependencies/vizanti_server
[1.976s] -- Symlinking: /home/su1jun/Capstone/colcon_ws/install/vizanti_server/share/ament_index/resource_index/parent_prefix_path/vizanti_server
[1.979s] -- Symlinking: /home/su1jun/Capstone/colcon_ws/install/vizanti_server/share/vizanti_server/environment/ament_prefix_path.sh
[1.983s] -- Symlinking: /home/su1jun/Capstone/colcon_ws/install/vizanti_server/share/vizanti_server/environment/ament_prefix_path.dsv
[1.987s] -- Symlinking: /home/su1jun/Capstone/colcon_ws/install/vizanti_server/share/vizanti_server/environment/path.sh
[1.991s] -- Symlinking: /home/su1jun/Capstone/colcon_ws/install/vizanti_server/share/vizanti_server/environment/path.dsv
[1.994s] -- Symlinking: /home/su1jun/Capstone/colcon_ws/install/vizanti_server/share/vizanti_server/local_setup.bash
[1.998s] -- Symlinking: /home/su1jun/Capstone/colcon_ws/install/vizanti_server/share/vizanti_server/local_setup.sh
[2.002s] -- Symlinking: /home/su1jun/Capstone/colcon_ws/install/vizanti_server/share/vizanti_server/local_setup.zsh
[2.006s] -- Symlinking: /home/su1jun/Capstone/colcon_ws/install/vizanti_server/share/vizanti_server/local_setup.dsv
[2.010s] -- Symlinking: /home/su1jun/Capstone/colcon_ws/install/vizanti_server/share/vizanti_server/package.dsv
[2.014s] -- Symlinking: /home/su1jun/Capstone/colcon_ws/install/vizanti_server/share/ament_index/resource_index/packages/vizanti_server
[2.018s] -- Symlinking: /home/su1jun/Capstone/colcon_ws/install/vizanti_server/share/vizanti_server/cmake/vizanti_serverConfig.cmake
[2.022s] -- Symlinking: /home/su1jun/Capstone/colcon_ws/install/vizanti_server/share/vizanti_server/cmake/vizanti_serverConfig-version.cmake
[2.026s] -- Symlinking: /home/su1jun/Capstone/colcon_ws/install/vizanti_server/share/vizanti_server/package.xml
[2.030s] Invoked command in '/home/su1jun/Capstone/colcon_ws/build/vizanti_server' returned '0': AMENT_PREFIX_PATH=/home/su1jun/Capstone/colcon_ws/install/vizanti_msgs:${AMENT_PREFIX_PATH} CMAKE_PREFIX_PATH=/home/su1jun/Capstone/colcon_ws/install/vizanti_msgs:/home/su1jun/ros2_ws/install/robot:/opt/ros/humble:${CMAKE_PREFIX_PATH} LD_LIBRARY_PATH=/home/su1jun/Capstone/colcon_ws/install/vizanti_msgs/lib:/home/su1jun/ros2_ws/install/ros2_control_demo_example_2/lib:/home/su1jun/ros2_ws/install/pigpio/lib:/usr/lib/x86_64-linux-gnu/gazebo-11/plugins:/opt/ros/humble/opt/rviz_ogre_vendor/lib:/opt/ros/humble/lib/x86_64-linux-gnu:/opt/ros/humble/lib:/usr/lib/x86_64-linux-gnu/gazebo-11/plugins PYTHONPATH=/home/su1jun/Capstone/colcon_ws/install/vizanti_msgs/local/lib/python3.10/dist-packages:${PYTHONPATH} /usr/bin/cmake --install /home/su1jun/Capstone/colcon_ws/build/vizanti_server
