[0.050s] Invoking command in '/home/su1jun/Capstone/ros2_ws/build/dynamixel_hardware': CMAKE_PREFIX_PATH=${CMAKE_PREFIX_PATH}:/home/su1jun/Capstone/ros2_ws/install/robot:/opt/ros/humble /usr/bin/cmake /home/su1jun/Capstone/ros2_ws/src/dynamixel_hardware -DAMENT_CMAKE_SYMLINK_INSTALL=1 -DCMAKE_INSTALL_PREFIX=/home/su1jun/Capstone/ros2_ws/install/dynamixel_hardware
[0.073s] -- Found ament_cmake: 1.3.9 (/opt/ros/humble/share/ament_cmake/cmake)
[0.260s] -- Override CMake install command with custom implementation using symlinks instead of copying resources
[0.267s] -- Found rclcpp: 16.0.9 (/opt/ros/humble/share/rclcpp/cmake)
[0.302s] -- Found rosidl_generator_c: 3.1.5 (/opt/ros/humble/share/rosidl_generator_c/cmake)
[0.306s] -- Found rosidl_adapter: 3.1.5 (/opt/ros/humble/share/rosidl_adapter/cmake)
[0.313s] -- Found rosidl_generator_cpp: 3.1.5 (/opt/ros/humble/share/rosidl_generator_cpp/cmake)
[0.329s] -- Using all available rosidl_typesupport_c: rosidl_typesupport_fastrtps_c;rosidl_typesupport_introspection_c
[0.347s] -- Using all available rosidl_typesupport_cpp: rosidl_typesupport_fastrtps_cpp;rosidl_typesupport_introspection_cpp
[0.409s] -- Found rmw_implementation_cmake: 6.1.2 (/opt/ros/humble/share/rmw_implementation_cmake/cmake)
[0.411s] -- Found rmw_fastrtps_cpp: 6.2.6 (/opt/ros/humble/share/rmw_fastrtps_cpp/cmake)
[0.536s] -- Using RMW implementation 'rmw_fastrtps_cpp' as default
[0.708s] -- Found rclcpp_lifecycle: 16.0.9 (/opt/ros/humble/share/rclcpp_lifecycle/cmake)
[0.744s] -- Found hardware_interface: 2.41.0 (/opt/ros/humble/share/hardware_interface/cmake)
[1.273s] -- Found dynamixel_workbench_toolbox: 2.2.3 (/opt/ros/humble/share/dynamixel_workbench_toolbox/cmake)
[1.348s] -- Found ament_lint_auto: 0.12.11 (/opt/ros/humble/share/ament_lint_auto/cmake)
[1.436s] -- Added test 'copyright' to check source files copyright and LICENSE
[1.438s] -- Added test 'cppcheck' to perform static code analysis on C / C++ code
[1.438s] -- Configured cppcheck include dirs: /home/su1jun/Capstone/ros2_ws/src/dynamixel_hardware/include
[1.439s] -- Configured cppcheck exclude dirs and/or files: 
[1.441s] -- Added test 'cpplint' to check C / C++ code against the Google style
[1.442s] -- Configured cpplint exclude dirs and/or files: 
[1.443s] -- Added test 'lint_cmake' to check CMake code style
[1.446s] -- Added test 'uncrustify' to check C / C++ code style
[1.446s] -- Configured uncrustify additional arguments: 
[1.447s] -- Added test 'xmllint' to check XML markup files
[1.450s] -- Configuring done
[1.470s] -- Generating done
[1.471s] -- Build files have been written to: /home/su1jun/Capstone/ros2_ws/build/dynamixel_hardware
