[0.022s] Invoking command in '/home/su1jun/Capstone/ros2_ws/build/sllidar_ros2': CMAKE_PREFIX_PATH=${CMAKE_PREFIX_PATH}:/home/su1jun/Capstone/ros2_ws/install/robot:/opt/ros/humble /usr/bin/cmake --build /home/su1jun/Capstone/ros2_ws/build/sllidar_ros2 -- -j4 -l4
[0.156s] [ 10%] Built target sllidar_client
[0.194s] [100%] Built target sllidar_node
[0.217s] Invoked command in '/home/su1jun/Capstone/ros2_ws/build/sllidar_ros2' returned '0': CMAKE_PREFIX_PATH=${CMAKE_PREFIX_PATH}:/home/su1jun/Capstone/ros2_ws/install/robot:/opt/ros/humble /usr/bin/cmake --build /home/su1jun/Capstone/ros2_ws/build/sllidar_ros2 -- -j4 -l4
[0.358s] Invoking command in '/home/su1jun/Capstone/ros2_ws/build/sllidar_ros2': CMAKE_PREFIX_PATH=${CMAKE_PREFIX_PATH}:/home/su1jun/Capstone/ros2_ws/install/robot:/opt/ros/humble /usr/bin/cmake --install /home/su1jun/Capstone/ros2_ws/build/sllidar_ros2
[0.374s] -- Install configuration: ""
[0.374s] -- Execute custom install script
[0.374s] -- Up-to-date symlink: /home/su1jun/Capstone/ros2_ws/install/sllidar_ros2/share/sllidar_ros2/launch/sllidar_a1_launch.py
[0.374s] -- Up-to-date symlink: /home/su1jun/Capstone/ros2_ws/install/sllidar_ros2/share/sllidar_ros2/launch/sllidar_a2m12_launch .py
[0.375s] -- Up-to-date symlink: /home/su1jun/Capstone/ros2_ws/install/sllidar_ros2/share/sllidar_ros2/launch/sllidar_a2m7_launch.py
[0.376s] -- Up-to-date symlink: /home/su1jun/Capstone/ros2_ws/install/sllidar_ros2/share/sllidar_ros2/launch/sllidar_a2m8_launch.py
[0.377s] -- Up-to-date symlink: /home/su1jun/Capstone/ros2_ws/install/sllidar_ros2/share/sllidar_ros2/launch/view_sllidar_a1_launch.py
[0.377s] -- Up-to-date symlink: /home/su1jun/Capstone/ros2_ws/install/sllidar_ros2/share/sllidar_ros2/launch/view_sllidar_a2m7_launch.py
[0.378s] -- Up-to-date symlink: /home/su1jun/Capstone/ros2_ws/install/sllidar_ros2/share/sllidar_ros2/launch/view_sllidar_a2m8_launch.py
[0.379s] -- Up-to-date symlink: /home/su1jun/Capstone/ros2_ws/install/sllidar_ros2/share/sllidar_ros2/rviz/sllidar_ros2.rviz
[0.380s] -- Up-to-date symlink: /home/su1jun/Capstone/ros2_ws/install/sllidar_ros2/lib/sllidar_ros2/sllidar_node
[0.380s] -- Up-to-date symlink: /home/su1jun/Capstone/ros2_ws/install/sllidar_ros2/lib/sllidar_ros2/sllidar_client
[0.381s] -- Up-to-date symlink: /home/su1jun/Capstone/ros2_ws/install/sllidar_ros2/share/ament_index/resource_index/package_run_dependencies/sllidar_ros2
[0.382s] -- Up-to-date symlink: /home/su1jun/Capstone/ros2_ws/install/sllidar_ros2/share/ament_index/resource_index/parent_prefix_path/sllidar_ros2
[0.382s] -- Up-to-date symlink: /home/su1jun/Capstone/ros2_ws/install/sllidar_ros2/share/sllidar_ros2/environment/ament_prefix_path.sh
[0.383s] -- Up-to-date symlink: /home/su1jun/Capstone/ros2_ws/install/sllidar_ros2/share/sllidar_ros2/environment/ament_prefix_path.dsv
[0.383s] -- Up-to-date symlink: /home/su1jun/Capstone/ros2_ws/install/sllidar_ros2/share/sllidar_ros2/environment/path.sh
[0.384s] -- Up-to-date symlink: /home/su1jun/Capstone/ros2_ws/install/sllidar_ros2/share/sllidar_ros2/environment/path.dsv
[0.384s] -- Up-to-date symlink: /home/su1jun/Capstone/ros2_ws/install/sllidar_ros2/share/sllidar_ros2/local_setup.bash
[0.385s] -- Up-to-date symlink: /home/su1jun/Capstone/ros2_ws/install/sllidar_ros2/share/sllidar_ros2/local_setup.sh
[0.385s] -- Up-to-date symlink: /home/su1jun/Capstone/ros2_ws/install/sllidar_ros2/share/sllidar_ros2/local_setup.zsh
[0.385s] -- Up-to-date symlink: /home/su1jun/Capstone/ros2_ws/install/sllidar_ros2/share/sllidar_ros2/local_setup.dsv
[0.386s] -- Symlinking: /home/su1jun/Capstone/ros2_ws/install/sllidar_ros2/share/sllidar_ros2/package.dsv
[0.407s] -- Up-to-date symlink: /home/su1jun/Capstone/ros2_ws/install/sllidar_ros2/share/ament_index/resource_index/packages/sllidar_ros2
[0.408s] -- Up-to-date symlink: /home/su1jun/Capstone/ros2_ws/install/sllidar_ros2/share/sllidar_ros2/cmake/ament_cmake_export_dependencies-extras.cmake
[0.408s] -- Up-to-date symlink: /home/su1jun/Capstone/ros2_ws/install/sllidar_ros2/share/sllidar_ros2/cmake/ament_cmake_export_include_directories-extras.cmake
[0.409s] -- Up-to-date symlink: /home/su1jun/Capstone/ros2_ws/install/sllidar_ros2/share/sllidar_ros2/cmake/sllidar_ros2Config.cmake
[0.409s] -- Up-to-date symlink: /home/su1jun/Capstone/ros2_ws/install/sllidar_ros2/share/sllidar_ros2/cmake/sllidar_ros2Config-version.cmake
[0.410s] -- Up-to-date symlink: /home/su1jun/Capstone/ros2_ws/install/sllidar_ros2/share/sllidar_ros2/package.xml
[0.421s] Invoked command in '/home/su1jun/Capstone/ros2_ws/build/sllidar_ros2' returned '0': CMAKE_PREFIX_PATH=${CMAKE_PREFIX_PATH}:/home/su1jun/Capstone/ros2_ws/install/robot:/opt/ros/humble /usr/bin/cmake --install /home/su1jun/Capstone/ros2_ws/build/sllidar_ros2
