[0.093s] Invoking command in '/home/su1jun/Capstone/ros2_ws/build/articubot_one': CMAKE_PREFIX_PATH=${CMAKE_PREFIX_PATH}:/opt/ros/humble /usr/bin/cmake /home/su1jun/Capstone/ros2_ws/src/articubot_one -DCMAKE_INSTALL_PREFIX=/home/su1jun/Capstone/ros2_ws/install/articubot_one
[0.120s] -- The C compiler identification is GNU 11.4.0
[0.145s] -- The CXX compiler identification is GNU 11.4.0
[0.149s] -- Detecting C compiler ABI info
[0.179s] -- Detecting C compiler ABI info - done
[0.184s] -- Check for working C compiler: /usr/bin/cc - skipped
[0.184s] -- Detecting C compile features
[0.184s] -- Detecting C compile features - done
[0.186s] -- Detecting CXX compiler ABI info
[0.225s] -- Detecting CXX compiler ABI info - done
[0.228s] -- Check for working CXX compiler: /usr/bin/c++ - skipped
[0.228s] -- Detecting CXX compile features
[0.229s] -- Detecting CXX compile features - done
[0.230s] -- Found ament_cmake: 1.3.8 (/opt/ros/humble/share/ament_cmake/cmake)
[0.409s] -- Found Python3: /usr/bin/python3 (found version "3.10.12") found components: Interpreter 
[0.454s] -- Found ament_lint_auto: 0.12.10 (/opt/ros/humble/share/ament_lint_auto/cmake)
[0.503s] -- Added test 'copyright' to check source files copyright and LICENSE
[0.506s] -- Added test 'flake8' to check Python code syntax and style conventions
[0.506s] -- Added test 'lint_cmake' to check CMake code style
[0.507s] -- Added test 'pep257' to check Python code against some of the docstring style conventions in PEP 257
[0.508s] -- Added test 'xmllint' to check XML markup files
[0.508s] -- Configuring done
[0.509s] -- Generating done
[0.509s] -- Build files have been written to: /home/su1jun/Capstone/ros2_ws/build/articubot_one
[0.511s] Invoked command in '/home/su1jun/Capstone/ros2_ws/build/articubot_one' returned '0': CMAKE_PREFIX_PATH=${CMAKE_PREFIX_PATH}:/opt/ros/humble /usr/bin/cmake /home/su1jun/Capstone/ros2_ws/src/articubot_one -DCMAKE_INSTALL_PREFIX=/home/su1jun/Capstone/ros2_ws/install/articubot_one
[0.512s] Invoking command in '/home/su1jun/Capstone/ros2_ws/build/articubot_one': CMAKE_PREFIX_PATH=${CMAKE_PREFIX_PATH}:/opt/ros/humble /usr/bin/cmake --build /home/su1jun/Capstone/ros2_ws/build/articubot_one -- -j20 -l20
[0.529s] Invoked command in '/home/su1jun/Capstone/ros2_ws/build/articubot_one' returned '0': CMAKE_PREFIX_PATH=${CMAKE_PREFIX_PATH}:/opt/ros/humble /usr/bin/cmake --build /home/su1jun/Capstone/ros2_ws/build/articubot_one -- -j20 -l20
[0.541s] Invoking command in '/home/su1jun/Capstone/ros2_ws/build/articubot_one': CMAKE_PREFIX_PATH=${CMAKE_PREFIX_PATH}:/opt/ros/humble /usr/bin/cmake --install /home/su1jun/Capstone/ros2_ws/build/articubot_one
[0.544s] -- Install configuration: ""
[0.544s] -- Installing: /home/su1jun/Capstone/ros2_ws/install/articubot_one/share/articubot_one/config
[0.544s] -- Installing: /home/su1jun/Capstone/ros2_ws/install/articubot_one/share/articubot_one/config/gaz_ros2_ctl_use_sim.yaml
[0.544s] -- Installing: /home/su1jun/Capstone/ros2_ws/install/articubot_one/share/articubot_one/config/empty.yaml
[0.544s] -- Installing: /home/su1jun/Capstone/ros2_ws/install/articubot_one/share/articubot_one/config/gazebo_params.yaml
[0.544s] -- Installing: /home/su1jun/Capstone/ros2_ws/install/articubot_one/share/articubot_one/config/view_bot.rviz
[0.544s] -- Installing: /home/su1jun/Capstone/ros2_ws/install/articubot_one/share/articubot_one/config/ball_tracker_params_robot.yaml
[0.544s] -- Installing: /home/su1jun/Capstone/ros2_ws/install/articubot_one/share/articubot_one/config/drive_bot.rviz
[0.544s] -- Installing: /home/su1jun/Capstone/ros2_ws/install/articubot_one/share/articubot_one/config/joystick.yaml
[0.544s] -- Installing: /home/su1jun/Capstone/ros2_ws/install/articubot_one/share/articubot_one/config/nav2_params.yaml
[0.544s] -- Installing: /home/su1jun/Capstone/ros2_ws/install/articubot_one/share/articubot_one/config/mapper_params_online_async.yaml
[0.544s] -- Installing: /home/su1jun/Capstone/ros2_ws/install/articubot_one/share/articubot_one/config/map.rviz
[0.545s] -- Installing: /home/su1jun/Capstone/ros2_ws/install/articubot_one/share/articubot_one/config/my_controllers.yaml
[0.545s] -- Installing: /home/su1jun/Capstone/ros2_ws/install/articubot_one/share/articubot_one/config/main.rviz
[0.545s] -- Installing: /home/su1jun/Capstone/ros2_ws/install/articubot_one/share/articubot_one/config/twist_mux.yaml
[0.545s] -- Installing: /home/su1jun/Capstone/ros2_ws/install/articubot_one/share/articubot_one/config/ball_tracker_params_sim.yaml
[0.545s] -- Installing: /home/su1jun/Capstone/ros2_ws/install/articubot_one/share/articubot_one/description
[0.545s] -- Installing: /home/su1jun/Capstone/ros2_ws/install/articubot_one/share/articubot_one/description/camera.xacro
[0.545s] -- Installing: /home/su1jun/Capstone/ros2_ws/install/articubot_one/share/articubot_one/description/gazebo_control.xacro
[0.545s] -- Installing: /home/su1jun/Capstone/ros2_ws/install/articubot_one/share/articubot_one/description/face.xacro
[0.545s] -- Installing: /home/su1jun/Capstone/ros2_ws/install/articubot_one/share/articubot_one/description/depth_camera.xacro
[0.545s] -- Installing: /home/su1jun/Capstone/ros2_ws/install/articubot_one/share/articubot_one/description/inertial_macros.xacro
[0.545s] -- Installing: /home/su1jun/Capstone/ros2_ws/install/articubot_one/share/articubot_one/description/robot.urdf.xacro
[0.545s] -- Installing: /home/su1jun/Capstone/ros2_ws/install/articubot_one/share/articubot_one/description/lidar.xacro
[0.545s] -- Installing: /home/su1jun/Capstone/ros2_ws/install/articubot_one/share/articubot_one/description/ros2_control.xacro
[0.545s] -- Installing: /home/su1jun/Capstone/ros2_ws/install/articubot_one/share/articubot_one/description/robot_core.xacro
[0.545s] -- Installing: /home/su1jun/Capstone/ros2_ws/install/articubot_one/share/articubot_one/launch
[0.545s] -- Installing: /home/su1jun/Capstone/ros2_ws/install/articubot_one/share/articubot_one/launch/navigation_launch.py
[0.545s] -- Installing: /home/su1jun/Capstone/ros2_ws/install/articubot_one/share/articubot_one/launch/joystick.launch.py
[0.545s] -- Installing: /home/su1jun/Capstone/ros2_ws/install/articubot_one/share/articubot_one/launch/launch_sim.launch.py
[0.545s] -- Installing: /home/su1jun/Capstone/ros2_ws/install/articubot_one/share/articubot_one/launch/camera.launch.py
[0.545s] -- Installing: /home/su1jun/Capstone/ros2_ws/install/articubot_one/share/articubot_one/launch/ball_tracker.launch.py
[0.545s] -- Installing: /home/su1jun/Capstone/ros2_ws/install/articubot_one/share/articubot_one/launch/rplidar.launch.py
[0.545s] -- Installing: /home/su1jun/Capstone/ros2_ws/install/articubot_one/share/articubot_one/launch/localization_launch.py
[0.545s] -- Installing: /home/su1jun/Capstone/ros2_ws/install/articubot_one/share/articubot_one/launch/launch_robot.launch.py
[0.545s] -- Installing: /home/su1jun/Capstone/ros2_ws/install/articubot_one/share/articubot_one/launch/rsp.launch.py
[0.546s] -- Installing: /home/su1jun/Capstone/ros2_ws/install/articubot_one/share/articubot_one/launch/online_async_launch.py
[0.546s] -- Installing: /home/su1jun/Capstone/ros2_ws/install/articubot_one/share/articubot_one/worlds
[0.546s] -- Installing: /home/su1jun/Capstone/ros2_ws/install/articubot_one/share/articubot_one/worlds/obstacles.world
[0.546s] -- Installing: /home/su1jun/Capstone/ros2_ws/install/articubot_one/share/articubot_one/worlds/empty.world
[0.546s] -- Installing: /home/su1jun/Capstone/ros2_ws/install/articubot_one/share/ament_index/resource_index/package_run_dependencies/articubot_one
[0.546s] -- Installing: /home/su1jun/Capstone/ros2_ws/install/articubot_one/share/ament_index/resource_index/parent_prefix_path/articubot_one
[0.546s] -- Installing: /home/su1jun/Capstone/ros2_ws/install/articubot_one/share/articubot_one/environment/ament_prefix_path.sh
[0.546s] -- Installing: /home/su1jun/Capstone/ros2_ws/install/articubot_one/share/articubot_one/environment/ament_prefix_path.dsv
[0.546s] -- Installing: /home/su1jun/Capstone/ros2_ws/install/articubot_one/share/articubot_one/environment/path.sh
[0.546s] -- Installing: /home/su1jun/Capstone/ros2_ws/install/articubot_one/share/articubot_one/environment/path.dsv
[0.546s] -- Installing: /home/su1jun/Capstone/ros2_ws/install/articubot_one/share/articubot_one/local_setup.bash
[0.546s] -- Installing: /home/su1jun/Capstone/ros2_ws/install/articubot_one/share/articubot_one/local_setup.sh
[0.546s] -- Installing: /home/su1jun/Capstone/ros2_ws/install/articubot_one/share/articubot_one/local_setup.zsh
[0.546s] -- Installing: /home/su1jun/Capstone/ros2_ws/install/articubot_one/share/articubot_one/local_setup.dsv
[0.546s] -- Installing: /home/su1jun/Capstone/ros2_ws/install/articubot_one/share/articubot_one/package.dsv
[0.546s] -- Installing: /home/su1jun/Capstone/ros2_ws/install/articubot_one/share/ament_index/resource_index/packages/articubot_one
[0.546s] -- Installing: /home/su1jun/Capstone/ros2_ws/install/articubot_one/share/articubot_one/cmake/articubot_oneConfig.cmake
[0.546s] -- Installing: /home/su1jun/Capstone/ros2_ws/install/articubot_one/share/articubot_one/cmake/articubot_oneConfig-version.cmake
[0.546s] -- Installing: /home/su1jun/Capstone/ros2_ws/install/articubot_one/share/articubot_one/package.xml
[0.570s] Invoked command in '/home/su1jun/Capstone/ros2_ws/build/articubot_one' returned '0': CMAKE_PREFIX_PATH=${CMAKE_PREFIX_PATH}:/opt/ros/humble /usr/bin/cmake --install /home/su1jun/Capstone/ros2_ws/build/articubot_one
