[35m[1mConsolidate compiler generated dependencies of target turtlebot3_drive[0m
[35m[1mConsolidate compiler generated dependencies of target obstacle1[0m
[35m[1mConsolidate compiler generated dependencies of target obstacle2[0m
[35m[1mConsolidate compiler generated dependencies of target obstacles[0m
[ 25%] Built target turtlebot3_drive
[ 62%] Built target obstacle2
[ 75%] Built target obstacle1
[100%] Built target obstacles
-- Install configuration: ""
-- Installing: /home/su1jun/Capstone/ros2_ws/install/turtlebot3_gazebo/lib/turtlebot3_gazebo/turtlebot3_drive
-- Set runtime path of "/home/su1jun/Capstone/ros2_ws/install/turtlebot3_gazebo/lib/turtlebot3_gazebo/turtlebot3_drive" to ""
-- Installing: /home/su1jun/Capstone/ros2_ws/install/turtlebot3_gazebo/share/turtlebot3_gazebo//launch
-- Installing: /home/su1jun/Capstone/ros2_ws/install/turtlebot3_gazebo/share/turtlebot3_gazebo//launch/robot_state_publisher.launch.py
-- Installing: /home/su1jun/Capstone/ros2_ws/install/turtlebot3_gazebo/share/turtlebot3_gazebo//launch/turtlebot3_house.launch.py
-- Installing: /home/su1jun/Capstone/ros2_ws/install/turtlebot3_gazebo/share/turtlebot3_gazebo//launch/turtlebot3_dqn_stage4.launch.py
-- Installing: /home/su1jun/Capstone/ros2_ws/install/turtlebot3_gazebo/share/turtlebot3_gazebo//launch/empty_world.launch.py
-- Installing: /home/su1jun/Capstone/ros2_ws/install/turtlebot3_gazebo/share/turtlebot3_gazebo//launch/turtlebot3_dqn_stage3.launch.py
-- Installing: /home/su1jun/Capstone/ros2_ws/install/turtlebot3_gazebo/share/turtlebot3_gazebo//launch/turtlebot3_dqn_stage2.launch.py
-- Installing: /home/su1jun/Capstone/ros2_ws/install/turtlebot3_gazebo/share/turtlebot3_gazebo//launch/spawn_turtlebot3.launch.py
-- Installing: /home/su1jun/Capstone/ros2_ws/install/turtlebot3_gazebo/share/turtlebot3_gazebo//launch/turtlebot3_dqn_stage1.launch.py
-- Installing: /home/su1jun/Capstone/ros2_ws/install/turtlebot3_gazebo/share/turtlebot3_gazebo//launch/turtlebot3_world.launch.py
-- Installing: /home/su1jun/Capstone/ros2_ws/install/turtlebot3_gazebo/share/turtlebot3_gazebo//models
-- Installing: /home/su1jun/Capstone/ros2_ws/install/turtlebot3_gazebo/share/turtlebot3_gazebo//models/turtlebot3_common
-- Installing: /home/su1jun/Capstone/ros2_ws/install/turtlebot3_gazebo/share/turtlebot3_gazebo//models/turtlebot3_common/meshes
-- Installing: /home/su1jun/Capstone/ros2_ws/install/turtlebot3_gazebo/share/turtlebot3_gazebo//models/turtlebot3_common/meshes/r200.dae
-- Installing: /home/su1jun/Capstone/ros2_ws/install/turtlebot3_gazebo/share/turtlebot3_gazebo//models/turtlebot3_common/meshes/waffle_base.dae
-- Installing: /home/su1jun/Capstone/ros2_ws/install/turtlebot3_gazebo/share/turtlebot3_gazebo//models/turtlebot3_common/meshes/waffle_pi_base.dae
-- Installing: /home/su1jun/Capstone/ros2_ws/install/turtlebot3_gazebo/share/turtlebot3_gazebo//models/turtlebot3_common/meshes/burger_base.dae
-- Installing: /home/su1jun/Capstone/ros2_ws/install/turtlebot3_gazebo/share/turtlebot3_gazebo//models/turtlebot3_common/meshes/lds.dae
-- Installing: /home/su1jun/Capstone/ros2_ws/install/turtlebot3_gazebo/share/turtlebot3_gazebo//models/turtlebot3_common/meshes/tire.dae
-- Installing: /home/su1jun/Capstone/ros2_ws/install/turtlebot3_gazebo/share/turtlebot3_gazebo//models/turtlebot3_common/model.config
-- Installing: /home/su1jun/Capstone/ros2_ws/install/turtlebot3_gazebo/share/turtlebot3_gazebo//models/turtlebot3_burger
-- Installing: /home/su1jun/Capstone/ros2_ws/install/turtlebot3_gazebo/share/turtlebot3_gazebo//models/turtlebot3_burger/model.sdf
-- Installing: /home/su1jun/Capstone/ros2_ws/install/turtlebot3_gazebo/share/turtlebot3_gazebo//models/turtlebot3_burger/model-1_4.sdf
-- Installing: /home/su1jun/Capstone/ros2_ws/install/turtlebot3_gazebo/share/turtlebot3_gazebo//models/turtlebot3_burger/model.config
-- Installing: /home/su1jun/Capstone/ros2_ws/install/turtlebot3_gazebo/share/turtlebot3_gazebo//models/turtlebot3_house
-- Installing: /home/su1jun/Capstone/ros2_ws/install/turtlebot3_gazebo/share/turtlebot3_gazebo//models/turtlebot3_house/model.sdf
-- Installing: /home/su1jun/Capstone/ros2_ws/install/turtlebot3_gazebo/share/turtlebot3_gazebo//models/turtlebot3_house/model.config
-- Installing: /home/su1jun/Capstone/ros2_ws/install/turtlebot3_gazebo/share/turtlebot3_gazebo//models/turtlebot3_waffle
-- Installing: /home/su1jun/Capstone/ros2_ws/install/turtlebot3_gazebo/share/turtlebot3_gazebo//models/turtlebot3_waffle/model.sdf
-- Installing: /home/su1jun/Capstone/ros2_ws/install/turtlebot3_gazebo/share/turtlebot3_gazebo//models/turtlebot3_waffle/model-1_4.sdf
-- Installing: /home/su1jun/Capstone/ros2_ws/install/turtlebot3_gazebo/share/turtlebot3_gazebo//models/turtlebot3_waffle/model.config
-- Installing: /home/su1jun/Capstone/ros2_ws/install/turtlebot3_gazebo/share/turtlebot3_gazebo//models/turtlebot3_waffle_pi
-- Installing: /home/su1jun/Capstone/ros2_ws/install/turtlebot3_gazebo/share/turtlebot3_gazebo//models/turtlebot3_waffle_pi/model.sdf
-- Installing: /home/su1jun/Capstone/ros2_ws/install/turtlebot3_gazebo/share/turtlebot3_gazebo//models/turtlebot3_waffle_pi/model-1_4_.sdf
-- Installing: /home/su1jun/Capstone/ros2_ws/install/turtlebot3_gazebo/share/turtlebot3_gazebo//models/turtlebot3_waffle_pi/model.config
-- Installing: /home/su1jun/Capstone/ros2_ws/install/turtlebot3_gazebo/share/turtlebot3_gazebo//models/turtlebot3_world
-- Installing: /home/su1jun/Capstone/ros2_ws/install/turtlebot3_gazebo/share/turtlebot3_gazebo//models/turtlebot3_world/model.sdf
-- Installing: /home/su1jun/Capstone/ros2_ws/install/turtlebot3_gazebo/share/turtlebot3_gazebo//models/turtlebot3_world/model-1_4.sdf
-- Installing: /home/su1jun/Capstone/ros2_ws/install/turtlebot3_gazebo/share/turtlebot3_gazebo//models/turtlebot3_world/meshes
-- Installing: /home/su1jun/Capstone/ros2_ws/install/turtlebot3_gazebo/share/turtlebot3_gazebo//models/turtlebot3_world/meshes/hexagon.dae
-- Installing: /home/su1jun/Capstone/ros2_ws/install/turtlebot3_gazebo/share/turtlebot3_gazebo//models/turtlebot3_world/meshes/wall.dae
-- Installing: /home/su1jun/Capstone/ros2_ws/install/turtlebot3_gazebo/share/turtlebot3_gazebo//models/turtlebot3_world/model.config
-- Installing: /home/su1jun/Capstone/ros2_ws/install/turtlebot3_gazebo/share/turtlebot3_gazebo//models/turtlebot3_dqn_world
-- Installing: /home/su1jun/Capstone/ros2_ws/install/turtlebot3_gazebo/share/turtlebot3_gazebo//models/turtlebot3_dqn_world/goal_box
-- Installing: /home/su1jun/Capstone/ros2_ws/install/turtlebot3_gazebo/share/turtlebot3_gazebo//models/turtlebot3_dqn_world/goal_box/model.sdf
-- Installing: /home/su1jun/Capstone/ros2_ws/install/turtlebot3_gazebo/share/turtlebot3_gazebo//models/turtlebot3_dqn_world/goal_box/model.config
-- Installing: /home/su1jun/Capstone/ros2_ws/install/turtlebot3_gazebo/share/turtlebot3_gazebo//models/turtlebot3_dqn_world/obstacle_plugin
-- Installing: /home/su1jun/Capstone/ros2_ws/install/turtlebot3_gazebo/share/turtlebot3_gazebo//models/turtlebot3_dqn_world/obstacle_plugin/obstacle2.cc
-- Installing: /home/su1jun/Capstone/ros2_ws/install/turtlebot3_gazebo/share/turtlebot3_gazebo//models/turtlebot3_dqn_world/obstacle_plugin/obstacle1.cc
-- Installing: /home/su1jun/Capstone/ros2_ws/install/turtlebot3_gazebo/share/turtlebot3_gazebo//models/turtlebot3_dqn_world/obstacle_plugin/obstacles.cc
-- Installing: /home/su1jun/Capstone/ros2_ws/install/turtlebot3_gazebo/share/turtlebot3_gazebo//models/turtlebot3_dqn_world/obstacle_plugin/CMakeLists.txt
-- Installing: /home/su1jun/Capstone/ros2_ws/install/turtlebot3_gazebo/share/turtlebot3_gazebo//models/turtlebot3_dqn_world/inner_walls
-- Installing: /home/su1jun/Capstone/ros2_ws/install/turtlebot3_gazebo/share/turtlebot3_gazebo//models/turtlebot3_dqn_world/inner_walls/model.sdf
-- Installing: /home/su1jun/Capstone/ros2_ws/install/turtlebot3_gazebo/share/turtlebot3_gazebo//models/turtlebot3_dqn_world/inner_walls/model.config
-- Installing: /home/su1jun/Capstone/ros2_ws/install/turtlebot3_gazebo/share/turtlebot3_gazebo//models/turtlebot3_dqn_world/model.sdf
-- Installing: /home/su1jun/Capstone/ros2_ws/install/turtlebot3_gazebo/share/turtlebot3_gazebo//models/turtlebot3_dqn_world/obstacle2
-- Installing: /home/su1jun/Capstone/ros2_ws/install/turtlebot3_gazebo/share/turtlebot3_gazebo//models/turtlebot3_dqn_world/obstacle2/model.sdf
-- Installing: /home/su1jun/Capstone/ros2_ws/install/turtlebot3_gazebo/share/turtlebot3_gazebo//models/turtlebot3_dqn_world/obstacle2/model.config
-- Installing: /home/su1jun/Capstone/ros2_ws/install/turtlebot3_gazebo/share/turtlebot3_gazebo//models/turtlebot3_dqn_world/obstacles
-- Installing: /home/su1jun/Capstone/ros2_ws/install/turtlebot3_gazebo/share/turtlebot3_gazebo//models/turtlebot3_dqn_world/obstacles/model.sdf
-- Installing: /home/su1jun/Capstone/ros2_ws/install/turtlebot3_gazebo/share/turtlebot3_gazebo//models/turtlebot3_dqn_world/obstacles/model.config
-- Installing: /home/su1jun/Capstone/ros2_ws/install/turtlebot3_gazebo/share/turtlebot3_gazebo//models/turtlebot3_dqn_world/obstacle1
-- Installing: /home/su1jun/Capstone/ros2_ws/install/turtlebot3_gazebo/share/turtlebot3_gazebo//models/turtlebot3_dqn_world/obstacle1/model.sdf
-- Installing: /home/su1jun/Capstone/ros2_ws/install/turtlebot3_gazebo/share/turtlebot3_gazebo//models/turtlebot3_dqn_world/obstacle1/model.config
-- Installing: /home/su1jun/Capstone/ros2_ws/install/turtlebot3_gazebo/share/turtlebot3_gazebo//models/turtlebot3_dqn_world/model.config
-- Installing: /home/su1jun/Capstone/ros2_ws/install/turtlebot3_gazebo/share/turtlebot3_gazebo//rviz
-- Installing: /home/su1jun/Capstone/ros2_ws/install/turtlebot3_gazebo/share/turtlebot3_gazebo//rviz/tb3_gazebo.rviz
-- Installing: /home/su1jun/Capstone/ros2_ws/install/turtlebot3_gazebo/share/turtlebot3_gazebo//urdf
-- Installing: /home/su1jun/Capstone/ros2_ws/install/turtlebot3_gazebo/share/turtlebot3_gazebo//urdf/common_properties.urdf
-- Installing: /home/su1jun/Capstone/ros2_ws/install/turtlebot3_gazebo/share/turtlebot3_gazebo//urdf/turtlebot3_waffle.urdf
-- Installing: /home/su1jun/Capstone/ros2_ws/install/turtlebot3_gazebo/share/turtlebot3_gazebo//urdf/turtlebot3_burger.urdf
-- Installing: /home/su1jun/Capstone/ros2_ws/install/turtlebot3_gazebo/share/turtlebot3_gazebo//urdf/turtlebot3_waffle_pi.urdf
-- Installing: /home/su1jun/Capstone/ros2_ws/install/turtlebot3_gazebo/share/turtlebot3_gazebo//worlds
-- Installing: /home/su1jun/Capstone/ros2_ws/install/turtlebot3_gazebo/share/turtlebot3_gazebo//worlds/turtlebot3_dqn_stage1.world
-- Installing: /home/su1jun/Capstone/ros2_ws/install/turtlebot3_gazebo/share/turtlebot3_gazebo//worlds/turtlebot3_world.world
-- Installing: /home/su1jun/Capstone/ros2_ws/install/turtlebot3_gazebo/share/turtlebot3_gazebo//worlds/turtlebot3_dqn_stage2.world
-- Installing: /home/su1jun/Capstone/ros2_ws/install/turtlebot3_gazebo/share/turtlebot3_gazebo//worlds/turtlebot3_house.world
-- Installing: /home/su1jun/Capstone/ros2_ws/install/turtlebot3_gazebo/share/turtlebot3_gazebo//worlds/turtlebot3_dqn_stage3.world
-- Installing: /home/su1jun/Capstone/ros2_ws/install/turtlebot3_gazebo/share/turtlebot3_gazebo//worlds/turtlebot3_dqn_stage4.world
-- Installing: /home/su1jun/Capstone/ros2_ws/install/turtlebot3_gazebo/share/turtlebot3_gazebo//worlds/empty_world.world
-- Installing: /home/su1jun/Capstone/ros2_ws/install/turtlebot3_gazebo/include/
-- Installing: /home/su1jun/Capstone/ros2_ws/install/turtlebot3_gazebo/include//turtlebot3_gazebo
-- Installing: /home/su1jun/Capstone/ros2_ws/install/turtlebot3_gazebo/include//turtlebot3_gazebo/turtlebot3_drive.hpp
-- Installing: /home/su1jun/Capstone/ros2_ws/install/turtlebot3_gazebo/share/ament_index/resource_index/package_run_dependencies/turtlebot3_gazebo
-- Installing: /home/su1jun/Capstone/ros2_ws/install/turtlebot3_gazebo/share/ament_index/resource_index/parent_prefix_path/turtlebot3_gazebo
-- Installing: /home/su1jun/Capstone/ros2_ws/install/turtlebot3_gazebo/share/turtlebot3_gazebo/environment/ament_prefix_path.sh
-- Installing: /home/su1jun/Capstone/ros2_ws/install/turtlebot3_gazebo/share/turtlebot3_gazebo/environment/ament_prefix_path.dsv
-- Installing: /home/su1jun/Capstone/ros2_ws/install/turtlebot3_gazebo/share/turtlebot3_gazebo/environment/path.sh
-- Installing: /home/su1jun/Capstone/ros2_ws/install/turtlebot3_gazebo/share/turtlebot3_gazebo/environment/path.dsv
-- Installing: /home/su1jun/Capstone/ros2_ws/install/turtlebot3_gazebo/share/turtlebot3_gazebo/local_setup.bash
-- Installing: /home/su1jun/Capstone/ros2_ws/install/turtlebot3_gazebo/share/turtlebot3_gazebo/local_setup.sh
-- Installing: /home/su1jun/Capstone/ros2_ws/install/turtlebot3_gazebo/share/turtlebot3_gazebo/local_setup.zsh
-- Installing: /home/su1jun/Capstone/ros2_ws/install/turtlebot3_gazebo/share/turtlebot3_gazebo/local_setup.dsv
-- Installing: /home/su1jun/Capstone/ros2_ws/install/turtlebot3_gazebo/share/turtlebot3_gazebo/package.dsv
-- Installing: /home/su1jun/Capstone/ros2_ws/install/turtlebot3_gazebo/share/ament_index/resource_index/packages/turtlebot3_gazebo
-- Installing: /home/su1jun/Capstone/ros2_ws/install/turtlebot3_gazebo/share/turtlebot3_gazebo/cmake/ament_cmake_export_include_directories-extras.cmake
-- Installing: /home/su1jun/Capstone/ros2_ws/install/turtlebot3_gazebo/share/turtlebot3_gazebo/cmake/ament_cmake_export_dependencies-extras.cmake
-- Installing: /home/su1jun/Capstone/ros2_ws/install/turtlebot3_gazebo/share/turtlebot3_gazebo/cmake/turtlebot3_gazeboConfig.cmake
-- Installing: /home/su1jun/Capstone/ros2_ws/install/turtlebot3_gazebo/share/turtlebot3_gazebo/cmake/turtlebot3_gazeboConfig-version.cmake
-- Installing: /home/su1jun/Capstone/ros2_ws/install/turtlebot3_gazebo/share/turtlebot3_gazebo/package.xml
