[0.266s] DEBUG:colcon:Command line arguments: ['/usr/bin/colcon', 'build', '--symlink-install']
[0.266s] DEBUG:colcon:Parsed command line arguments: Namespace(log_base=None, log_level=None, verb_name='build', build_base='build', install_base='install', merge_install=False, symlink_install=True, test_result_base=None, continue_on_error=False, executor='parallel', parallel_workers=4, event_handlers=None, ignore_user_meta=False, metas=['./colcon.meta'], base_paths=['.'], packages_ignore=None, packages_ignore_regex=None, paths=None, packages_up_to=None, packages_up_to_regex=None, packages_above=None, packages_above_and_dependencies=None, packages_above_depth=None, packages_select_by_dep=None, packages_skip_by_dep=None, packages_skip_up_to=None, packages_select_build_failed=False, packages_skip_build_finished=False, packages_select_test_failures=False, packages_skip_test_passed=False, packages_select=None, packages_skip=None, packages_select_regex=None, packages_skip_regex=None, packages_start=None, packages_end=None, allow_overriding=[], cmake_args=None, cmake_target=None, cmake_target_skip_unavailable=False, cmake_clean_cache=False, cmake_clean_first=False, cmake_force_configure=False, ament_cmake_args=None, catkin_cmake_args=None, catkin_skip_building_tests=False, mixin_files=None, mixin=None, verb_parser=<colcon_mixin.mixin.mixin_argument.MixinArgumentDecorator object at 0x78290e12eb90>, verb_extension=<colcon_core.verb.build.BuildVerb object at 0x78290e12e500>, main=<bound method BuildVerb.main of <colcon_core.verb.build.BuildVerb object at 0x78290e12e500>>, mixin_verb=('build',))
[0.516s] Level 1:colcon.colcon_core.package_discovery:discover_packages(colcon_meta) check parameters
[0.516s] Level 1:colcon.colcon_core.package_discovery:discover_packages(recursive) check parameters
[0.516s] Level 1:colcon.colcon_core.package_discovery:discover_packages(ignore) check parameters
[0.516s] Level 1:colcon.colcon_core.package_discovery:discover_packages(path) check parameters
[0.516s] Level 1:colcon.colcon_core.package_discovery:discover_packages(colcon_meta) discover
[0.516s] Level 1:colcon.colcon_core.package_discovery:discover_packages(recursive) discover
[0.517s] INFO:colcon.colcon_core.package_discovery:Crawling recursively for packages in '/home/su1jun/Capstone/ros2_ws'
[0.517s] Level 1:colcon.colcon_core.package_identification:_identify(.) by extensions ['ignore', 'ignore_ament_install']
[0.517s] Level 1:colcon.colcon_core.package_identification:_identify(.) by extension 'ignore'
[0.517s] Level 1:colcon.colcon_core.package_identification:_identify(.) by extension 'ignore_ament_install'
[0.517s] Level 1:colcon.colcon_core.package_identification:_identify(.) by extensions ['colcon_pkg']
[0.517s] Level 1:colcon.colcon_core.package_identification:_identify(.) by extension 'colcon_pkg'
[0.517s] Level 1:colcon.colcon_core.package_identification:_identify(.) by extensions ['colcon_meta']
[0.517s] Level 1:colcon.colcon_core.package_identification:_identify(.) by extension 'colcon_meta'
[0.517s] Level 1:colcon.colcon_core.package_identification:_identify(.) by extensions ['ros']
[0.517s] Level 1:colcon.colcon_core.package_identification:_identify(.) by extension 'ros'
[0.530s] Level 1:colcon.colcon_core.package_identification:_identify(.) by extensions ['cmake', 'python']
[0.530s] Level 1:colcon.colcon_core.package_identification:_identify(.) by extension 'cmake'
[0.530s] Level 1:colcon.colcon_core.package_identification:_identify(.) by extension 'python'
[0.530s] Level 1:colcon.colcon_core.package_identification:_identify(.) by extensions ['python_setup_py']
[0.530s] Level 1:colcon.colcon_core.package_identification:_identify(.) by extension 'python_setup_py'
[0.530s] Level 1:colcon.colcon_core.package_identification:_identify(build) by extensions ['ignore', 'ignore_ament_install']
[0.530s] Level 1:colcon.colcon_core.package_identification:_identify(build) by extension 'ignore'
[0.530s] Level 1:colcon.colcon_core.package_identification:_identify(build) ignored
[0.530s] Level 1:colcon.colcon_core.package_identification:_identify(install) by extensions ['ignore', 'ignore_ament_install']
[0.530s] Level 1:colcon.colcon_core.package_identification:_identify(install) by extension 'ignore'
[0.530s] Level 1:colcon.colcon_core.package_identification:_identify(install) ignored
[0.530s] Level 1:colcon.colcon_core.package_identification:_identify(log) by extensions ['ignore', 'ignore_ament_install']
[0.531s] Level 1:colcon.colcon_core.package_identification:_identify(log) by extension 'ignore'
[0.531s] Level 1:colcon.colcon_core.package_identification:_identify(log) ignored
[0.531s] Level 1:colcon.colcon_core.package_identification:_identify(src) by extensions ['ignore', 'ignore_ament_install']
[0.531s] Level 1:colcon.colcon_core.package_identification:_identify(src) by extension 'ignore'
[0.531s] Level 1:colcon.colcon_core.package_identification:_identify(src) by extension 'ignore_ament_install'
[0.531s] Level 1:colcon.colcon_core.package_identification:_identify(src) by extensions ['colcon_pkg']
[0.531s] Level 1:colcon.colcon_core.package_identification:_identify(src) by extension 'colcon_pkg'
[0.531s] Level 1:colcon.colcon_core.package_identification:_identify(src) by extensions ['colcon_meta']
[0.531s] Level 1:colcon.colcon_core.package_identification:_identify(src) by extension 'colcon_meta'
[0.531s] Level 1:colcon.colcon_core.package_identification:_identify(src) by extensions ['ros']
[0.531s] Level 1:colcon.colcon_core.package_identification:_identify(src) by extension 'ros'
[0.531s] Level 1:colcon.colcon_core.package_identification:_identify(src) by extensions ['cmake', 'python']
[0.531s] Level 1:colcon.colcon_core.package_identification:_identify(src) by extension 'cmake'
[0.531s] Level 1:colcon.colcon_core.package_identification:_identify(src) by extension 'python'
[0.531s] Level 1:colcon.colcon_core.package_identification:_identify(src) by extensions ['python_setup_py']
[0.531s] Level 1:colcon.colcon_core.package_identification:_identify(src) by extension 'python_setup_py'
[0.531s] Level 1:colcon.colcon_core.package_identification:_identify(src/articubot_one) by extensions ['ignore', 'ignore_ament_install']
[0.531s] Level 1:colcon.colcon_core.package_identification:_identify(src/articubot_one) by extension 'ignore'
[0.531s] Level 1:colcon.colcon_core.package_identification:_identify(src/articubot_one) by extension 'ignore_ament_install'
[0.531s] Level 1:colcon.colcon_core.package_identification:_identify(src/articubot_one) by extensions ['colcon_pkg']
[0.532s] Level 1:colcon.colcon_core.package_identification:_identify(src/articubot_one) by extension 'colcon_pkg'
[0.532s] Level 1:colcon.colcon_core.package_identification:_identify(src/articubot_one) by extensions ['colcon_meta']
[0.532s] Level 1:colcon.colcon_core.package_identification:_identify(src/articubot_one) by extension 'colcon_meta'
[0.532s] Level 1:colcon.colcon_core.package_identification:_identify(src/articubot_one) by extensions ['ros']
[0.532s] Level 1:colcon.colcon_core.package_identification:_identify(src/articubot_one) by extension 'ros'
[0.536s] DEBUG:colcon.colcon_core.package_identification:Package 'src/articubot_one' with type 'ros.ament_cmake' and name 'articubot_one'
[0.536s] Level 1:colcon.colcon_core.package_identification:_identify(src/capstone) by extensions ['ignore', 'ignore_ament_install']
[0.536s] Level 1:colcon.colcon_core.package_identification:_identify(src/capstone) by extension 'ignore'
[0.536s] Level 1:colcon.colcon_core.package_identification:_identify(src/capstone) by extension 'ignore_ament_install'
[0.536s] Level 1:colcon.colcon_core.package_identification:_identify(src/capstone) by extensions ['colcon_pkg']
[0.536s] Level 1:colcon.colcon_core.package_identification:_identify(src/capstone) by extension 'colcon_pkg'
[0.536s] Level 1:colcon.colcon_core.package_identification:_identify(src/capstone) by extensions ['colcon_meta']
[0.536s] Level 1:colcon.colcon_core.package_identification:_identify(src/capstone) by extension 'colcon_meta'
[0.536s] Level 1:colcon.colcon_core.package_identification:_identify(src/capstone) by extensions ['ros']
[0.536s] Level 1:colcon.colcon_core.package_identification:_identify(src/capstone) by extension 'ros'
[0.537s] DEBUG:colcon.colcon_core.package_identification:Package 'src/capstone' with type 'ros.ament_cmake' and name 'capstone'
[0.537s] Level 1:colcon.colcon_core.package_identification:_identify(src/diffdrive_arduino) by extensions ['ignore', 'ignore_ament_install']
[0.537s] Level 1:colcon.colcon_core.package_identification:_identify(src/diffdrive_arduino) by extension 'ignore'
[0.537s] Level 1:colcon.colcon_core.package_identification:_identify(src/diffdrive_arduino) by extension 'ignore_ament_install'
[0.537s] Level 1:colcon.colcon_core.package_identification:_identify(src/diffdrive_arduino) by extensions ['colcon_pkg']
[0.537s] Level 1:colcon.colcon_core.package_identification:_identify(src/diffdrive_arduino) by extension 'colcon_pkg'
[0.537s] Level 1:colcon.colcon_core.package_identification:_identify(src/diffdrive_arduino) by extensions ['colcon_meta']
[0.538s] Level 1:colcon.colcon_core.package_identification:_identify(src/diffdrive_arduino) by extension 'colcon_meta'
[0.538s] Level 1:colcon.colcon_core.package_identification:_identify(src/diffdrive_arduino) by extensions ['ros']
[0.538s] Level 1:colcon.colcon_core.package_identification:_identify(src/diffdrive_arduino) by extension 'ros'
[0.538s] DEBUG:colcon.colcon_core.package_identification:Package 'src/diffdrive_arduino' with type 'ros.ament_cmake' and name 'diffdrive_arduino'
[0.539s] Level 1:colcon.colcon_core.package_identification:_identify(src/robot) by extensions ['ignore', 'ignore_ament_install']
[0.539s] Level 1:colcon.colcon_core.package_identification:_identify(src/robot) by extension 'ignore'
[0.539s] Level 1:colcon.colcon_core.package_identification:_identify(src/robot) by extension 'ignore_ament_install'
[0.539s] Level 1:colcon.colcon_core.package_identification:_identify(src/robot) by extensions ['colcon_pkg']
[0.539s] Level 1:colcon.colcon_core.package_identification:_identify(src/robot) by extension 'colcon_pkg'
[0.539s] Level 1:colcon.colcon_core.package_identification:_identify(src/robot) by extensions ['colcon_meta']
[0.539s] Level 1:colcon.colcon_core.package_identification:_identify(src/robot) by extension 'colcon_meta'
[0.539s] Level 1:colcon.colcon_core.package_identification:_identify(src/robot) by extensions ['ros']
[0.539s] Level 1:colcon.colcon_core.package_identification:_identify(src/robot) by extension 'ros'
[0.540s] DEBUG:colcon.colcon_core.package_identification:Package 'src/robot' with type 'ros.ament_python' and name 'robot'
[0.540s] Level 1:colcon.colcon_core.package_identification:_identify(src/sllidar_ros2) by extensions ['ignore', 'ignore_ament_install']
[0.540s] Level 1:colcon.colcon_core.package_identification:_identify(src/sllidar_ros2) by extension 'ignore'
[0.540s] Level 1:colcon.colcon_core.package_identification:_identify(src/sllidar_ros2) by extension 'ignore_ament_install'
[0.540s] Level 1:colcon.colcon_core.package_identification:_identify(src/sllidar_ros2) by extensions ['colcon_pkg']
[0.540s] Level 1:colcon.colcon_core.package_identification:_identify(src/sllidar_ros2) by extension 'colcon_pkg'
[0.540s] Level 1:colcon.colcon_core.package_identification:_identify(src/sllidar_ros2) by extensions ['colcon_meta']
[0.540s] Level 1:colcon.colcon_core.package_identification:_identify(src/sllidar_ros2) by extension 'colcon_meta'
[0.541s] Level 1:colcon.colcon_core.package_identification:_identify(src/sllidar_ros2) by extensions ['ros']
[0.541s] Level 1:colcon.colcon_core.package_identification:_identify(src/sllidar_ros2) by extension 'ros'
[0.542s] DEBUG:colcon.colcon_core.package_identification:Package 'src/sllidar_ros2' with type 'ros.ament_cmake' and name 'sllidar_ros2'
[0.542s] Level 1:colcon.colcon_core.package_discovery:discover_packages(recursive) using defaults
[0.542s] Level 1:colcon.colcon_core.package_discovery:discover_packages(ignore) discover
[0.542s] Level 1:colcon.colcon_core.package_discovery:discover_packages(ignore) using defaults
[0.542s] Level 1:colcon.colcon_core.package_discovery:discover_packages(path) discover
[0.542s] Level 1:colcon.colcon_core.package_discovery:discover_packages(path) using defaults
[0.587s] Level 1:colcon.colcon_core.package_discovery:discover_packages(prefix_path) check parameters
[0.587s] Level 1:colcon.colcon_core.package_discovery:discover_packages(prefix_path) discover
[0.591s] DEBUG:colcon.colcon_installed_package_information.package_discovery:Found 5 installed packages in /home/su1jun/Capstone/colcon_ws/install
[0.591s] DEBUG:colcon.colcon_installed_package_information.package_discovery:Found 4 installed packages in /home/su1jun/Capstone/ros2_ws/install
[0.592s] DEBUG:colcon.colcon_installed_package_information.package_discovery:Found 370 installed packages in /opt/ros/humble
[0.594s] Level 1:colcon.colcon_core.package_discovery:discover_packages(prefix_path) using defaults
[0.650s] Level 5:colcon.colcon_core.verb:set package 'articubot_one' build argument 'cmake_args' from command line to 'None'
[0.650s] Level 5:colcon.colcon_core.verb:set package 'articubot_one' build argument 'cmake_target' from command line to 'None'
[0.651s] Level 5:colcon.colcon_core.verb:set package 'articubot_one' build argument 'cmake_target_skip_unavailable' from command line to 'False'
[0.651s] Level 5:colcon.colcon_core.verb:set package 'articubot_one' build argument 'cmake_clean_cache' from command line to 'False'
[0.651s] Level 5:colcon.colcon_core.verb:set package 'articubot_one' build argument 'cmake_clean_first' from command line to 'False'
[0.651s] Level 5:colcon.colcon_core.verb:set package 'articubot_one' build argument 'cmake_force_configure' from command line to 'False'
[0.651s] Level 5:colcon.colcon_core.verb:set package 'articubot_one' build argument 'ament_cmake_args' from command line to 'None'
[0.651s] Level 5:colcon.colcon_core.verb:set package 'articubot_one' build argument 'catkin_cmake_args' from command line to 'None'
[0.651s] Level 5:colcon.colcon_core.verb:set package 'articubot_one' build argument 'catkin_skip_building_tests' from command line to 'False'
[0.651s] DEBUG:colcon.colcon_core.verb:Building package 'articubot_one' with the following arguments: {'ament_cmake_args': None, 'build_base': '/home/su1jun/Capstone/ros2_ws/build/articubot_one', 'catkin_cmake_args': None, 'catkin_skip_building_tests': False, 'cmake_args': None, 'cmake_clean_cache': False, 'cmake_clean_first': False, 'cmake_force_configure': False, 'cmake_target': None, 'cmake_target_skip_unavailable': False, 'install_base': '/home/su1jun/Capstone/ros2_ws/install/articubot_one', 'merge_install': False, 'path': '/home/su1jun/Capstone/ros2_ws/src/articubot_one', 'symlink_install': True, 'test_result_base': None}
[0.651s] Level 5:colcon.colcon_core.verb:set package 'capstone' build argument 'cmake_args' from command line to 'None'
[0.651s] Level 5:colcon.colcon_core.verb:set package 'capstone' build argument 'cmake_target' from command line to 'None'
[0.651s] Level 5:colcon.colcon_core.verb:set package 'capstone' build argument 'cmake_target_skip_unavailable' from command line to 'False'
[0.651s] Level 5:colcon.colcon_core.verb:set package 'capstone' build argument 'cmake_clean_cache' from command line to 'False'
[0.651s] Level 5:colcon.colcon_core.verb:set package 'capstone' build argument 'cmake_clean_first' from command line to 'False'
[0.651s] Level 5:colcon.colcon_core.verb:set package 'capstone' build argument 'cmake_force_configure' from command line to 'False'
[0.651s] Level 5:colcon.colcon_core.verb:set package 'capstone' build argument 'ament_cmake_args' from command line to 'None'
[0.651s] Level 5:colcon.colcon_core.verb:set package 'capstone' build argument 'catkin_cmake_args' from command line to 'None'
[0.651s] Level 5:colcon.colcon_core.verb:set package 'capstone' build argument 'catkin_skip_building_tests' from command line to 'False'
[0.651s] DEBUG:colcon.colcon_core.verb:Building package 'capstone' with the following arguments: {'ament_cmake_args': None, 'build_base': '/home/su1jun/Capstone/ros2_ws/build/capstone', 'catkin_cmake_args': None, 'catkin_skip_building_tests': False, 'cmake_args': None, 'cmake_clean_cache': False, 'cmake_clean_first': False, 'cmake_force_configure': False, 'cmake_target': None, 'cmake_target_skip_unavailable': False, 'install_base': '/home/su1jun/Capstone/ros2_ws/install/capstone', 'merge_install': False, 'path': '/home/su1jun/Capstone/ros2_ws/src/capstone', 'symlink_install': True, 'test_result_base': None}
[0.652s] Level 5:colcon.colcon_core.verb:set package 'diffdrive_arduino' build argument 'cmake_args' from command line to 'None'
[0.652s] Level 5:colcon.colcon_core.verb:set package 'diffdrive_arduino' build argument 'cmake_target' from command line to 'None'
[0.652s] Level 5:colcon.colcon_core.verb:set package 'diffdrive_arduino' build argument 'cmake_target_skip_unavailable' from command line to 'False'
[0.652s] Level 5:colcon.colcon_core.verb:set package 'diffdrive_arduino' build argument 'cmake_clean_cache' from command line to 'False'
[0.652s] Level 5:colcon.colcon_core.verb:set package 'diffdrive_arduino' build argument 'cmake_clean_first' from command line to 'False'
[0.652s] Level 5:colcon.colcon_core.verb:set package 'diffdrive_arduino' build argument 'cmake_force_configure' from command line to 'False'
[0.652s] Level 5:colcon.colcon_core.verb:set package 'diffdrive_arduino' build argument 'ament_cmake_args' from command line to 'None'
[0.652s] Level 5:colcon.colcon_core.verb:set package 'diffdrive_arduino' build argument 'catkin_cmake_args' from command line to 'None'
[0.652s] Level 5:colcon.colcon_core.verb:set package 'diffdrive_arduino' build argument 'catkin_skip_building_tests' from command line to 'False'
[0.652s] DEBUG:colcon.colcon_core.verb:Building package 'diffdrive_arduino' with the following arguments: {'ament_cmake_args': None, 'build_base': '/home/su1jun/Capstone/ros2_ws/build/diffdrive_arduino', 'catkin_cmake_args': None, 'catkin_skip_building_tests': False, 'cmake_args': None, 'cmake_clean_cache': False, 'cmake_clean_first': False, 'cmake_force_configure': False, 'cmake_target': None, 'cmake_target_skip_unavailable': False, 'install_base': '/home/su1jun/Capstone/ros2_ws/install/diffdrive_arduino', 'merge_install': False, 'path': '/home/su1jun/Capstone/ros2_ws/src/diffdrive_arduino', 'symlink_install': True, 'test_result_base': None}
[0.652s] Level 5:colcon.colcon_core.verb:set package 'robot' build argument 'cmake_args' from command line to 'None'
[0.652s] Level 5:colcon.colcon_core.verb:set package 'robot' build argument 'cmake_target' from command line to 'None'
[0.652s] Level 5:colcon.colcon_core.verb:set package 'robot' build argument 'cmake_target_skip_unavailable' from command line to 'False'
[0.652s] Level 5:colcon.colcon_core.verb:set package 'robot' build argument 'cmake_clean_cache' from command line to 'False'
[0.652s] Level 5:colcon.colcon_core.verb:set package 'robot' build argument 'cmake_clean_first' from command line to 'False'
[0.652s] Level 5:colcon.colcon_core.verb:set package 'robot' build argument 'cmake_force_configure' from command line to 'False'
[0.652s] Level 5:colcon.colcon_core.verb:set package 'robot' build argument 'ament_cmake_args' from command line to 'None'
[0.652s] Level 5:colcon.colcon_core.verb:set package 'robot' build argument 'catkin_cmake_args' from command line to 'None'
[0.652s] Level 5:colcon.colcon_core.verb:set package 'robot' build argument 'catkin_skip_building_tests' from command line to 'False'
[0.652s] DEBUG:colcon.colcon_core.verb:Building package 'robot' with the following arguments: {'ament_cmake_args': None, 'build_base': '/home/su1jun/Capstone/ros2_ws/build/robot', 'catkin_cmake_args': None, 'catkin_skip_building_tests': False, 'cmake_args': None, 'cmake_clean_cache': False, 'cmake_clean_first': False, 'cmake_force_configure': False, 'cmake_target': None, 'cmake_target_skip_unavailable': False, 'install_base': '/home/su1jun/Capstone/ros2_ws/install/robot', 'merge_install': False, 'path': '/home/su1jun/Capstone/ros2_ws/src/robot', 'symlink_install': True, 'test_result_base': None}
[0.653s] Level 5:colcon.colcon_core.verb:set package 'sllidar_ros2' build argument 'cmake_args' from command line to 'None'
[0.653s] Level 5:colcon.colcon_core.verb:set package 'sllidar_ros2' build argument 'cmake_target' from command line to 'None'
[0.653s] Level 5:colcon.colcon_core.verb:set package 'sllidar_ros2' build argument 'cmake_target_skip_unavailable' from command line to 'False'
[0.653s] Level 5:colcon.colcon_core.verb:set package 'sllidar_ros2' build argument 'cmake_clean_cache' from command line to 'False'
[0.653s] Level 5:colcon.colcon_core.verb:set package 'sllidar_ros2' build argument 'cmake_clean_first' from command line to 'False'
[0.653s] Level 5:colcon.colcon_core.verb:set package 'sllidar_ros2' build argument 'cmake_force_configure' from command line to 'False'
[0.653s] Level 5:colcon.colcon_core.verb:set package 'sllidar_ros2' build argument 'ament_cmake_args' from command line to 'None'
[0.653s] Level 5:colcon.colcon_core.verb:set package 'sllidar_ros2' build argument 'catkin_cmake_args' from command line to 'None'
[0.653s] Level 5:colcon.colcon_core.verb:set package 'sllidar_ros2' build argument 'catkin_skip_building_tests' from command line to 'False'
[0.653s] DEBUG:colcon.colcon_core.verb:Building package 'sllidar_ros2' with the following arguments: {'ament_cmake_args': None, 'build_base': '/home/su1jun/Capstone/ros2_ws/build/sllidar_ros2', 'catkin_cmake_args': None, 'catkin_skip_building_tests': False, 'cmake_args': None, 'cmake_clean_cache': False, 'cmake_clean_first': False, 'cmake_force_configure': False, 'cmake_target': None, 'cmake_target_skip_unavailable': False, 'install_base': '/home/su1jun/Capstone/ros2_ws/install/sllidar_ros2', 'merge_install': False, 'path': '/home/su1jun/Capstone/ros2_ws/src/sllidar_ros2', 'symlink_install': True, 'test_result_base': None}
[0.653s] INFO:colcon.colcon_core.executor:Executing jobs using 'parallel' executor
[0.654s] DEBUG:colcon.colcon_parallel_executor.executor.parallel:run_until_complete
[0.654s] INFO:colcon.colcon_ros.task.ament_cmake.build:Building ROS package in '/home/su1jun/Capstone/ros2_ws/src/articubot_one' with build type 'ament_cmake'
[0.654s] INFO:colcon.colcon_cmake.task.cmake.build:Building CMake package in '/home/su1jun/Capstone/ros2_ws/src/articubot_one'
[0.659s] INFO:colcon.colcon_core.plugin_system:Skipping extension 'colcon_core.shell.bat': Not used on non-Windows systems
[0.659s] INFO:colcon.colcon_core.shell:Skip shell extension 'powershell' for command environment: Not usable outside of PowerShell
[0.659s] DEBUG:colcon.colcon_core.shell:Skip shell extension 'dsv' for command environment
[0.663s] INFO:colcon.colcon_ros.task.ament_cmake.build:Building ROS package in '/home/su1jun/Capstone/ros2_ws/src/capstone' with build type 'ament_cmake'
[0.663s] INFO:colcon.colcon_cmake.task.cmake.build:Building CMake package in '/home/su1jun/Capstone/ros2_ws/src/capstone'
[0.664s] INFO:colcon.colcon_core.shell:Skip shell extension 'powershell' for command environment: Not usable outside of PowerShell
[0.664s] DEBUG:colcon.colcon_core.shell:Skip shell extension 'dsv' for command environment
[0.668s] INFO:colcon.colcon_ros.task.ament_cmake.build:Building ROS package in '/home/su1jun/Capstone/ros2_ws/src/diffdrive_arduino' with build type 'ament_cmake'
[0.669s] INFO:colcon.colcon_cmake.task.cmake.build:Building CMake package in '/home/su1jun/Capstone/ros2_ws/src/diffdrive_arduino'
[0.669s] INFO:colcon.colcon_core.shell:Skip shell extension 'powershell' for command environment: Not usable outside of PowerShell
[0.669s] DEBUG:colcon.colcon_core.shell:Skip shell extension 'dsv' for command environment
[0.673s] INFO:colcon.colcon_ros.task.ament_python.build:Building ROS package in '/home/su1jun/Capstone/ros2_ws/src/robot' with build type 'ament_python'
[0.673s] Level 1:colcon.colcon_core.shell:create_environment_hook('robot', 'ament_prefix_path')
[0.674s] INFO:colcon.colcon_core.shell:Creating environment hook '/home/su1jun/Capstone/ros2_ws/install/robot/share/robot/hook/ament_prefix_path.ps1'
[0.675s] INFO:colcon.colcon_core.shell:Creating environment descriptor '/home/su1jun/Capstone/ros2_ws/install/robot/share/robot/hook/ament_prefix_path.dsv'
[0.676s] INFO:colcon.colcon_core.shell:Creating environment hook '/home/su1jun/Capstone/ros2_ws/install/robot/share/robot/hook/ament_prefix_path.sh'
[0.677s] INFO:colcon.colcon_core.shell:Skip shell extension 'powershell' for command environment: Not usable outside of PowerShell
[0.677s] DEBUG:colcon.colcon_core.shell:Skip shell extension 'dsv' for command environment
[0.689s] DEBUG:colcon.colcon_core.event_handler.log_command:Invoking command in '/home/su1jun/Capstone/ros2_ws/build/articubot_one': CMAKE_PREFIX_PATH=${CMAKE_PREFIX_PATH}:/home/su1jun/Capstone/ros2_ws/install/robot:/opt/ros/humble /usr/bin/cmake --build /home/su1jun/Capstone/ros2_ws/build/articubot_one -- -j4 -l4
[0.697s] DEBUG:colcon.colcon_core.event_handler.log_command:Invoking command in '/home/su1jun/Capstone/ros2_ws/build/capstone': CMAKE_PREFIX_PATH=${CMAKE_PREFIX_PATH}:/home/su1jun/Capstone/ros2_ws/install/robot:/opt/ros/humble /usr/bin/cmake --build /home/su1jun/Capstone/ros2_ws/build/capstone -- -j4 -l4
[0.699s] DEBUG:colcon.colcon_core.event_handler.log_command:Invoking command in '/home/su1jun/Capstone/ros2_ws/build/diffdrive_arduino': CMAKE_PREFIX_PATH=${CMAKE_PREFIX_PATH}:/home/su1jun/Capstone/ros2_ws/install/robot:/opt/ros/humble /usr/bin/cmake /home/su1jun/Capstone/ros2_ws/src/diffdrive_arduino -DAMENT_CMAKE_SYMLINK_INSTALL=1 -DCMAKE_INSTALL_PREFIX=/home/su1jun/Capstone/ros2_ws/install/diffdrive_arduino
[1.007s] INFO:colcon.colcon_core.task.python.build:Building Python package in '/home/su1jun/Capstone/ros2_ws/src/robot'
[1.007s] INFO:colcon.colcon_core.shell:Skip shell extension 'powershell' for command environment: Not usable outside of PowerShell
[1.007s] DEBUG:colcon.colcon_core.shell:Skip shell extension 'dsv' for command environment
[1.013s] DEBUG:colcon.colcon_core.event_handler.log_command:Invoked command in '/home/su1jun/Capstone/ros2_ws/build/capstone' returned '0': CMAKE_PREFIX_PATH=${CMAKE_PREFIX_PATH}:/home/su1jun/Capstone/ros2_ws/install/robot:/opt/ros/humble /usr/bin/cmake --build /home/su1jun/Capstone/ros2_ws/build/capstone -- -j4 -l4
[1.014s] DEBUG:colcon.colcon_core.event_handler.log_command:Invoked command in '/home/su1jun/Capstone/ros2_ws/build/articubot_one' returned '0': CMAKE_PREFIX_PATH=${CMAKE_PREFIX_PATH}:/home/su1jun/Capstone/ros2_ws/install/robot:/opt/ros/humble /usr/bin/cmake --build /home/su1jun/Capstone/ros2_ws/build/articubot_one -- -j4 -l4
[1.048s] DEBUG:colcon.colcon_core.event_handler.log_command:Invoking command in '/home/su1jun/Capstone/ros2_ws/build/capstone': CMAKE_PREFIX_PATH=${CMAKE_PREFIX_PATH}:/home/su1jun/Capstone/ros2_ws/install/robot:/opt/ros/humble /usr/bin/cmake --install /home/su1jun/Capstone/ros2_ws/build/capstone
[1.050s] DEBUG:colcon.colcon_core.event_handler.log_command:Invoking command in '/home/su1jun/Capstone/ros2_ws/build/articubot_one': CMAKE_PREFIX_PATH=${CMAKE_PREFIX_PATH}:/home/su1jun/Capstone/ros2_ws/install/robot:/opt/ros/humble /usr/bin/cmake --install /home/su1jun/Capstone/ros2_ws/build/articubot_one
[1.095s] Level 1:colcon.colcon_core.environment:create_environment_scripts_only(capstone)
[1.096s] DEBUG:colcon.colcon_core.event_handler.log_command:Invoked command in '/home/su1jun/Capstone/ros2_ws/build/capstone' returned '0': CMAKE_PREFIX_PATH=${CMAKE_PREFIX_PATH}:/home/su1jun/Capstone/ros2_ws/install/robot:/opt/ros/humble /usr/bin/cmake --install /home/su1jun/Capstone/ros2_ws/build/capstone
[1.112s] Level 1:colcon.colcon_core.environment:checking '/home/su1jun/Capstone/ros2_ws/install/capstone' for CMake module files
[1.113s] Level 1:colcon.colcon_core.environment:checking '/home/su1jun/Capstone/ros2_ws/install/capstone' for CMake config files
[1.113s] Level 1:colcon.colcon_core.shell:create_environment_hook('capstone', 'cmake_prefix_path')
[1.114s] INFO:colcon.colcon_core.shell:Creating environment hook '/home/su1jun/Capstone/ros2_ws/install/capstone/share/capstone/hook/cmake_prefix_path.ps1'
[1.114s] INFO:colcon.colcon_core.shell:Creating environment descriptor '/home/su1jun/Capstone/ros2_ws/install/capstone/share/capstone/hook/cmake_prefix_path.dsv'
[1.114s] INFO:colcon.colcon_core.shell:Creating environment hook '/home/su1jun/Capstone/ros2_ws/install/capstone/share/capstone/hook/cmake_prefix_path.sh'
[1.115s] Level 1:colcon.colcon_core.environment:checking '/home/su1jun/Capstone/ros2_ws/install/capstone/bin'
[1.115s] Level 1:colcon.colcon_core.environment:checking '/home/su1jun/Capstone/ros2_ws/install/capstone/lib/pkgconfig/capstone.pc'
[1.116s] Level 1:colcon.colcon_core.environment:checking '/home/su1jun/Capstone/ros2_ws/install/capstone/lib/python3.10/site-packages'
[1.116s] Level 1:colcon.colcon_core.environment:checking '/home/su1jun/Capstone/ros2_ws/install/capstone/bin'
[1.116s] INFO:colcon.colcon_core.shell:Creating package script '/home/su1jun/Capstone/ros2_ws/install/capstone/share/capstone/package.ps1'
[1.118s] INFO:colcon.colcon_core.shell:Creating package descriptor '/home/su1jun/Capstone/ros2_ws/install/capstone/share/capstone/package.dsv'
[1.119s] INFO:colcon.colcon_core.shell:Creating package script '/home/su1jun/Capstone/ros2_ws/install/capstone/share/capstone/package.sh'
[1.120s] INFO:colcon.colcon_core.shell:Creating package script '/home/su1jun/Capstone/ros2_ws/install/capstone/share/capstone/package.bash'
[1.121s] INFO:colcon.colcon_core.shell:Creating package script '/home/su1jun/Capstone/ros2_ws/install/capstone/share/capstone/package.zsh'
[1.123s] Level 1:colcon.colcon_core.environment:create_file_with_runtime_dependencies(/home/su1jun/Capstone/ros2_ws/install/capstone/share/colcon-core/packages/capstone)
[1.132s] Level 1:colcon.colcon_core.environment:create_environment_scripts_only(articubot_one)
[1.133s] Level 1:colcon.colcon_core.environment:checking '/home/su1jun/Capstone/ros2_ws/install/articubot_one' for CMake module files
[1.133s] Level 1:colcon.colcon_core.environment:checking '/home/su1jun/Capstone/ros2_ws/install/articubot_one' for CMake config files
[1.134s] Level 1:colcon.colcon_core.shell:create_environment_hook('articubot_one', 'cmake_prefix_path')
[1.134s] INFO:colcon.colcon_core.shell:Creating environment hook '/home/su1jun/Capstone/ros2_ws/install/articubot_one/share/articubot_one/hook/cmake_prefix_path.ps1'
[1.135s] INFO:colcon.colcon_core.shell:Creating environment descriptor '/home/su1jun/Capstone/ros2_ws/install/articubot_one/share/articubot_one/hook/cmake_prefix_path.dsv'
[1.135s] INFO:colcon.colcon_core.shell:Creating environment hook '/home/su1jun/Capstone/ros2_ws/install/articubot_one/share/articubot_one/hook/cmake_prefix_path.sh'
[1.136s] Level 1:colcon.colcon_core.environment:checking '/home/su1jun/Capstone/ros2_ws/install/articubot_one/bin'
[1.136s] Level 1:colcon.colcon_core.environment:checking '/home/su1jun/Capstone/ros2_ws/install/articubot_one/lib/pkgconfig/articubot_one.pc'
[1.136s] Level 1:colcon.colcon_core.environment:checking '/home/su1jun/Capstone/ros2_ws/install/articubot_one/lib/python3.10/site-packages'
[1.136s] Level 1:colcon.colcon_core.environment:checking '/home/su1jun/Capstone/ros2_ws/install/articubot_one/bin'
[1.137s] INFO:colcon.colcon_core.shell:Creating package script '/home/su1jun/Capstone/ros2_ws/install/articubot_one/share/articubot_one/package.ps1'
[1.137s] INFO:colcon.colcon_core.shell:Creating package descriptor '/home/su1jun/Capstone/ros2_ws/install/articubot_one/share/articubot_one/package.dsv'
[1.138s] INFO:colcon.colcon_core.shell:Creating package script '/home/su1jun/Capstone/ros2_ws/install/articubot_one/share/articubot_one/package.sh'
[1.138s] INFO:colcon.colcon_core.shell:Creating package script '/home/su1jun/Capstone/ros2_ws/install/articubot_one/share/articubot_one/package.bash'
[1.138s] INFO:colcon.colcon_core.shell:Creating package script '/home/su1jun/Capstone/ros2_ws/install/articubot_one/share/articubot_one/package.zsh'
[1.139s] Level 1:colcon.colcon_core.environment:create_file_with_runtime_dependencies(/home/su1jun/Capstone/ros2_ws/install/articubot_one/share/colcon-core/packages/articubot_one)
[1.140s] DEBUG:colcon.colcon_core.event_handler.log_command:Invoked command in '/home/su1jun/Capstone/ros2_ws/build/articubot_one' returned '0': CMAKE_PREFIX_PATH=${CMAKE_PREFIX_PATH}:/home/su1jun/Capstone/ros2_ws/install/robot:/opt/ros/humble /usr/bin/cmake --install /home/su1jun/Capstone/ros2_ws/build/articubot_one
[1.160s] Level 1:colcon.colcon_core.environment:create_environment_scripts_only(capstone)
[1.161s] Level 1:colcon.colcon_core.environment:checking '/home/su1jun/Capstone/ros2_ws/install/capstone' for CMake module files
[1.161s] Level 1:colcon.colcon_core.environment:checking '/home/su1jun/Capstone/ros2_ws/install/capstone' for CMake config files
[1.162s] Level 1:colcon.colcon_core.shell:create_environment_hook('capstone', 'cmake_prefix_path')
[1.162s] INFO:colcon.colcon_core.shell:Creating environment hook '/home/su1jun/Capstone/ros2_ws/install/capstone/share/capstone/hook/cmake_prefix_path.ps1'
[1.163s] INFO:colcon.colcon_core.shell:Creating environment descriptor '/home/su1jun/Capstone/ros2_ws/install/capstone/share/capstone/hook/cmake_prefix_path.dsv'
[1.163s] INFO:colcon.colcon_core.shell:Creating environment hook '/home/su1jun/Capstone/ros2_ws/install/capstone/share/capstone/hook/cmake_prefix_path.sh'
[1.164s] Level 1:colcon.colcon_core.environment:checking '/home/su1jun/Capstone/ros2_ws/install/capstone/bin'
[1.164s] Level 1:colcon.colcon_core.environment:checking '/home/su1jun/Capstone/ros2_ws/install/capstone/lib/pkgconfig/capstone.pc'
[1.164s] Level 1:colcon.colcon_core.environment:checking '/home/su1jun/Capstone/ros2_ws/install/capstone/lib/python3.10/site-packages'
[1.164s] Level 1:colcon.colcon_core.environment:checking '/home/su1jun/Capstone/ros2_ws/install/capstone/bin'
[1.165s] INFO:colcon.colcon_core.shell:Creating package script '/home/su1jun/Capstone/ros2_ws/install/capstone/share/capstone/package.ps1'
[1.165s] INFO:colcon.colcon_core.shell:Creating package descriptor '/home/su1jun/Capstone/ros2_ws/install/capstone/share/capstone/package.dsv'
[1.166s] INFO:colcon.colcon_core.shell:Creating package script '/home/su1jun/Capstone/ros2_ws/install/capstone/share/capstone/package.sh'
[1.166s] INFO:colcon.colcon_core.shell:Creating package script '/home/su1jun/Capstone/ros2_ws/install/capstone/share/capstone/package.bash'
[1.167s] INFO:colcon.colcon_core.shell:Creating package script '/home/su1jun/Capstone/ros2_ws/install/capstone/share/capstone/package.zsh'
[1.167s] Level 1:colcon.colcon_core.environment:create_file_with_runtime_dependencies(/home/su1jun/Capstone/ros2_ws/install/capstone/share/colcon-core/packages/capstone)
[1.168s] INFO:colcon.colcon_ros.task.ament_cmake.build:Building ROS package in '/home/su1jun/Capstone/ros2_ws/src/sllidar_ros2' with build type 'ament_cmake'
[1.168s] INFO:colcon.colcon_cmake.task.cmake.build:Building CMake package in '/home/su1jun/Capstone/ros2_ws/src/sllidar_ros2'
[1.169s] INFO:colcon.colcon_core.shell:Skip shell extension 'powershell' for command environment: Not usable outside of PowerShell
[1.169s] DEBUG:colcon.colcon_core.shell:Skip shell extension 'dsv' for command environment
[1.174s] Level 1:colcon.colcon_core.environment:create_environment_scripts_only(articubot_one)
[1.175s] Level 1:colcon.colcon_core.environment:checking '/home/su1jun/Capstone/ros2_ws/install/articubot_one' for CMake module files
[1.175s] Level 1:colcon.colcon_core.environment:checking '/home/su1jun/Capstone/ros2_ws/install/articubot_one' for CMake config files
[1.176s] Level 1:colcon.colcon_core.shell:create_environment_hook('articubot_one', 'cmake_prefix_path')
[1.177s] INFO:colcon.colcon_core.shell:Creating environment hook '/home/su1jun/Capstone/ros2_ws/install/articubot_one/share/articubot_one/hook/cmake_prefix_path.ps1'
[1.177s] INFO:colcon.colcon_core.shell:Creating environment descriptor '/home/su1jun/Capstone/ros2_ws/install/articubot_one/share/articubot_one/hook/cmake_prefix_path.dsv'
[1.178s] INFO:colcon.colcon_core.shell:Creating environment hook '/home/su1jun/Capstone/ros2_ws/install/articubot_one/share/articubot_one/hook/cmake_prefix_path.sh'
[1.178s] Level 1:colcon.colcon_core.environment:checking '/home/su1jun/Capstone/ros2_ws/install/articubot_one/bin'
[1.178s] Level 1:colcon.colcon_core.environment:checking '/home/su1jun/Capstone/ros2_ws/install/articubot_one/lib/pkgconfig/articubot_one.pc'
[1.179s] Level 1:colcon.colcon_core.environment:checking '/home/su1jun/Capstone/ros2_ws/install/articubot_one/lib/python3.10/site-packages'
[1.179s] Level 1:colcon.colcon_core.environment:checking '/home/su1jun/Capstone/ros2_ws/install/articubot_one/bin'
[1.179s] INFO:colcon.colcon_core.shell:Creating package script '/home/su1jun/Capstone/ros2_ws/install/articubot_one/share/articubot_one/package.ps1'
[1.180s] INFO:colcon.colcon_core.shell:Creating package descriptor '/home/su1jun/Capstone/ros2_ws/install/articubot_one/share/articubot_one/package.dsv'
[1.180s] INFO:colcon.colcon_core.shell:Creating package script '/home/su1jun/Capstone/ros2_ws/install/articubot_one/share/articubot_one/package.sh'
[1.181s] INFO:colcon.colcon_core.shell:Creating package script '/home/su1jun/Capstone/ros2_ws/install/articubot_one/share/articubot_one/package.bash'
[1.181s] INFO:colcon.colcon_core.shell:Creating package script '/home/su1jun/Capstone/ros2_ws/install/articubot_one/share/articubot_one/package.zsh'
[1.182s] Level 1:colcon.colcon_core.environment:create_file_with_runtime_dependencies(/home/su1jun/Capstone/ros2_ws/install/articubot_one/share/colcon-core/packages/articubot_one)
[1.188s] DEBUG:colcon.colcon_core.event_handler.log_command:Invoking command in '/home/su1jun/Capstone/ros2_ws/build/sllidar_ros2': CMAKE_PREFIX_PATH=${CMAKE_PREFIX_PATH}:/home/su1jun/Capstone/ros2_ws/install/robot:/opt/ros/humble /usr/bin/cmake --build /home/su1jun/Capstone/ros2_ws/build/sllidar_ros2 -- -j4 -l4
[1.327s] DEBUG:colcon.colcon_core.event_handler.log_command:Invoked command in '/home/su1jun/Capstone/ros2_ws/build/sllidar_ros2' returned '0': CMAKE_PREFIX_PATH=${CMAKE_PREFIX_PATH}:/home/su1jun/Capstone/ros2_ws/install/robot:/opt/ros/humble /usr/bin/cmake --build /home/su1jun/Capstone/ros2_ws/build/sllidar_ros2 -- -j4 -l4
[1.398s] DEBUG:colcon.colcon_core.event_handler.log_command:Invoking command in '/home/su1jun/Capstone/ros2_ws/build/sllidar_ros2': CMAKE_PREFIX_PATH=${CMAKE_PREFIX_PATH}:/home/su1jun/Capstone/ros2_ws/install/robot:/opt/ros/humble /usr/bin/cmake --install /home/su1jun/Capstone/ros2_ws/build/sllidar_ros2
[1.433s] Level 1:colcon.colcon_core.environment:create_environment_scripts_only(sllidar_ros2)
[1.433s] Level 1:colcon.colcon_core.environment:checking '/home/su1jun/Capstone/ros2_ws/install/sllidar_ros2' for CMake module files
[1.434s] DEBUG:colcon.colcon_core.event_handler.log_command:Invoked command in '/home/su1jun/Capstone/ros2_ws/build/sllidar_ros2' returned '0': CMAKE_PREFIX_PATH=${CMAKE_PREFIX_PATH}:/home/su1jun/Capstone/ros2_ws/install/robot:/opt/ros/humble /usr/bin/cmake --install /home/su1jun/Capstone/ros2_ws/build/sllidar_ros2
[1.434s] Level 1:colcon.colcon_core.environment:checking '/home/su1jun/Capstone/ros2_ws/install/sllidar_ros2' for CMake config files
[1.435s] Level 1:colcon.colcon_core.shell:create_environment_hook('sllidar_ros2', 'cmake_prefix_path')
[1.436s] INFO:colcon.colcon_core.shell:Creating environment hook '/home/su1jun/Capstone/ros2_ws/install/sllidar_ros2/share/sllidar_ros2/hook/cmake_prefix_path.ps1'
[1.436s] INFO:colcon.colcon_core.shell:Creating environment descriptor '/home/su1jun/Capstone/ros2_ws/install/sllidar_ros2/share/sllidar_ros2/hook/cmake_prefix_path.dsv'
[1.436s] INFO:colcon.colcon_core.shell:Creating environment hook '/home/su1jun/Capstone/ros2_ws/install/sllidar_ros2/share/sllidar_ros2/hook/cmake_prefix_path.sh'
[1.437s] Level 1:colcon.colcon_core.environment:checking '/home/su1jun/Capstone/ros2_ws/install/sllidar_ros2/lib'
[1.437s] Level 1:colcon.colcon_core.environment:checking '/home/su1jun/Capstone/ros2_ws/install/sllidar_ros2/bin'
[1.437s] Level 1:colcon.colcon_core.environment:checking '/home/su1jun/Capstone/ros2_ws/install/sllidar_ros2/lib/pkgconfig/sllidar_ros2.pc'
[1.438s] Level 1:colcon.colcon_core.environment:checking '/home/su1jun/Capstone/ros2_ws/install/sllidar_ros2/lib/python3.10/site-packages'
[1.438s] Level 1:colcon.colcon_core.environment:checking '/home/su1jun/Capstone/ros2_ws/install/sllidar_ros2/bin'
[1.438s] INFO:colcon.colcon_core.shell:Creating package script '/home/su1jun/Capstone/ros2_ws/install/sllidar_ros2/share/sllidar_ros2/package.ps1'
[1.439s] INFO:colcon.colcon_core.shell:Creating package descriptor '/home/su1jun/Capstone/ros2_ws/install/sllidar_ros2/share/sllidar_ros2/package.dsv'
[1.439s] INFO:colcon.colcon_core.shell:Creating package script '/home/su1jun/Capstone/ros2_ws/install/sllidar_ros2/share/sllidar_ros2/package.sh'
[1.440s] INFO:colcon.colcon_core.shell:Creating package script '/home/su1jun/Capstone/ros2_ws/install/sllidar_ros2/share/sllidar_ros2/package.bash'
[1.440s] INFO:colcon.colcon_core.shell:Creating package script '/home/su1jun/Capstone/ros2_ws/install/sllidar_ros2/share/sllidar_ros2/package.zsh'
[1.441s] Level 1:colcon.colcon_core.environment:create_file_with_runtime_dependencies(/home/su1jun/Capstone/ros2_ws/install/sllidar_ros2/share/colcon-core/packages/sllidar_ros2)
[1.513s] Level 1:colcon.colcon_core.environment:create_environment_scripts_only(sllidar_ros2)
[1.513s] Level 1:colcon.colcon_core.environment:checking '/home/su1jun/Capstone/ros2_ws/install/sllidar_ros2' for CMake module files
[1.514s] Level 1:colcon.colcon_core.environment:checking '/home/su1jun/Capstone/ros2_ws/install/sllidar_ros2' for CMake config files
[1.515s] Level 1:colcon.colcon_core.shell:create_environment_hook('sllidar_ros2', 'cmake_prefix_path')
[1.515s] INFO:colcon.colcon_core.shell:Creating environment hook '/home/su1jun/Capstone/ros2_ws/install/sllidar_ros2/share/sllidar_ros2/hook/cmake_prefix_path.ps1'
[1.515s] INFO:colcon.colcon_core.shell:Creating environment descriptor '/home/su1jun/Capstone/ros2_ws/install/sllidar_ros2/share/sllidar_ros2/hook/cmake_prefix_path.dsv'
[1.516s] INFO:colcon.colcon_core.shell:Creating environment hook '/home/su1jun/Capstone/ros2_ws/install/sllidar_ros2/share/sllidar_ros2/hook/cmake_prefix_path.sh'
[1.517s] Level 1:colcon.colcon_core.environment:checking '/home/su1jun/Capstone/ros2_ws/install/sllidar_ros2/lib'
[1.517s] Level 1:colcon.colcon_core.environment:checking '/home/su1jun/Capstone/ros2_ws/install/sllidar_ros2/bin'
[1.517s] Level 1:colcon.colcon_core.environment:checking '/home/su1jun/Capstone/ros2_ws/install/sllidar_ros2/lib/pkgconfig/sllidar_ros2.pc'
[1.517s] Level 1:colcon.colcon_core.environment:checking '/home/su1jun/Capstone/ros2_ws/install/sllidar_ros2/lib/python3.10/site-packages'
[1.518s] Level 1:colcon.colcon_core.environment:checking '/home/su1jun/Capstone/ros2_ws/install/sllidar_ros2/bin'
[1.518s] INFO:colcon.colcon_core.shell:Creating package script '/home/su1jun/Capstone/ros2_ws/install/sllidar_ros2/share/sllidar_ros2/package.ps1'
[1.519s] INFO:colcon.colcon_core.shell:Creating package descriptor '/home/su1jun/Capstone/ros2_ws/install/sllidar_ros2/share/sllidar_ros2/package.dsv'
[1.519s] INFO:colcon.colcon_core.shell:Creating package script '/home/su1jun/Capstone/ros2_ws/install/sllidar_ros2/share/sllidar_ros2/package.sh'
[1.519s] INFO:colcon.colcon_core.shell:Creating package script '/home/su1jun/Capstone/ros2_ws/install/sllidar_ros2/share/sllidar_ros2/package.bash'
[1.520s] INFO:colcon.colcon_core.shell:Creating package script '/home/su1jun/Capstone/ros2_ws/install/sllidar_ros2/share/sllidar_ros2/package.zsh'
[1.520s] Level 1:colcon.colcon_core.environment:create_file_with_runtime_dependencies(/home/su1jun/Capstone/ros2_ws/install/sllidar_ros2/share/colcon-core/packages/sllidar_ros2)
[1.593s] DEBUG:colcon.colcon_core.event_handler.log_command:Invoked command in '/home/su1jun/Capstone/ros2_ws/build/diffdrive_arduino' returned '1': CMAKE_PREFIX_PATH=${CMAKE_PREFIX_PATH}:/home/su1jun/Capstone/ros2_ws/install/robot:/opt/ros/humble /usr/bin/cmake /home/su1jun/Capstone/ros2_ws/src/diffdrive_arduino -DAMENT_CMAKE_SYMLINK_INSTALL=1 -DCMAKE_INSTALL_PREFIX=/home/su1jun/Capstone/ros2_ws/install/diffdrive_arduino
[1.606s] Level 1:colcon.colcon_core.environment:create_environment_scripts_only(diffdrive_arduino)
[1.607s] Level 1:colcon.colcon_core.environment:checking '/home/su1jun/Capstone/ros2_ws/install/diffdrive_arduino' for CMake module files
[1.607s] Level 1:colcon.colcon_core.environment:checking '/home/su1jun/Capstone/ros2_ws/install/diffdrive_arduino' for CMake config files
[1.607s] Level 1:colcon.colcon_core.environment:checking '/home/su1jun/Capstone/ros2_ws/install/diffdrive_arduino/bin'
[1.607s] Level 1:colcon.colcon_core.environment:checking '/home/su1jun/Capstone/ros2_ws/install/diffdrive_arduino/lib/pkgconfig/diffdrive_arduino.pc'
[1.608s] Level 1:colcon.colcon_core.environment:checking '/home/su1jun/Capstone/ros2_ws/install/diffdrive_arduino/lib/python3.10/site-packages'
[1.608s] Level 1:colcon.colcon_core.environment:checking '/home/su1jun/Capstone/ros2_ws/install/diffdrive_arduino/bin'
[1.608s] INFO:colcon.colcon_core.shell:Creating package script '/home/su1jun/Capstone/ros2_ws/install/diffdrive_arduino/share/diffdrive_arduino/package.ps1'
[1.609s] INFO:colcon.colcon_core.shell:Creating package descriptor '/home/su1jun/Capstone/ros2_ws/install/diffdrive_arduino/share/diffdrive_arduino/package.dsv'
[1.609s] INFO:colcon.colcon_core.shell:Creating package script '/home/su1jun/Capstone/ros2_ws/install/diffdrive_arduino/share/diffdrive_arduino/package.sh'
[1.609s] INFO:colcon.colcon_core.shell:Creating package script '/home/su1jun/Capstone/ros2_ws/install/diffdrive_arduino/share/diffdrive_arduino/package.bash'
[1.610s] INFO:colcon.colcon_core.shell:Creating package script '/home/su1jun/Capstone/ros2_ws/install/diffdrive_arduino/share/diffdrive_arduino/package.zsh'
[1.610s] Level 1:colcon.colcon_core.environment:create_file_with_runtime_dependencies(/home/su1jun/Capstone/ros2_ws/install/diffdrive_arduino/share/colcon-core/packages/diffdrive_arduino)
[1.645s] DEBUG:colcon.colcon_parallel_executor.executor.parallel:closing loop
[1.645s] DEBUG:colcon.colcon_parallel_executor.executor.parallel:loop closed
[1.645s] DEBUG:colcon.colcon_parallel_executor.executor.parallel:run_until_complete finished with '1'
[1.645s] DEBUG:colcon.colcon_core.event_reactor:joining thread
[1.652s] INFO:colcon.colcon_core.plugin_system:Skipping extension 'colcon_notification.desktop_notification.terminal_notifier': Not used on non-Darwin systems
[1.652s] INFO:colcon.colcon_core.plugin_system:Skipping extension 'colcon_notification.desktop_notification.win32': Not used on non-Windows systems
[1.652s] INFO:colcon.colcon_notification.desktop_notification:Sending desktop notification using 'notify2'
[1.671s] DEBUG:colcon.colcon_core.event_reactor:joined thread
[1.671s] INFO:colcon.colcon_core.shell:Creating prefix script '/home/su1jun/Capstone/ros2_ws/install/local_setup.ps1'
[1.673s] INFO:colcon.colcon_core.shell:Creating prefix util module '/home/su1jun/Capstone/ros2_ws/install/_local_setup_util_ps1.py'
[1.674s] INFO:colcon.colcon_core.shell:Creating prefix chain script '/home/su1jun/Capstone/ros2_ws/install/setup.ps1'
[1.676s] INFO:colcon.colcon_core.shell:Creating prefix script '/home/su1jun/Capstone/ros2_ws/install/local_setup.sh'
[1.677s] INFO:colcon.colcon_core.shell:Creating prefix util module '/home/su1jun/Capstone/ros2_ws/install/_local_setup_util_sh.py'
[1.678s] INFO:colcon.colcon_core.shell:Creating prefix chain script '/home/su1jun/Capstone/ros2_ws/install/setup.sh'
[1.681s] INFO:colcon.colcon_core.shell:Creating prefix script '/home/su1jun/Capstone/ros2_ws/install/local_setup.bash'
[1.684s] INFO:colcon.colcon_core.shell:Creating prefix chain script '/home/su1jun/Capstone/ros2_ws/install/setup.bash'
[1.686s] INFO:colcon.colcon_core.shell:Creating prefix script '/home/su1jun/Capstone/ros2_ws/install/local_setup.zsh'
[1.687s] INFO:colcon.colcon_core.shell:Creating prefix chain script '/home/su1jun/Capstone/ros2_ws/install/setup.zsh'
