[0.470s] Invoking command in '/home/su1jun/Desktop/Capstone/ros2_ws/build/robot': PYTHONPATH=/home/su1jun/Desktop/Capstone/ros2_ws/build/robot/prefix_override:/home/su1jun/Desktop/Capstone/ros2_ws/install/robot/lib/python3.10/site-packages:${PYTHONPATH} /usr/bin/python3 setup.py develop --editable --build-directory /home/su1jun/Desktop/Capstone/ros2_ws/build/robot/build --no-deps install_data
[0.611s] running develop
[0.612s] /home/su1jun/.local/lib/python3.10/site-packages/setuptools/command/develop.py:39: EasyInstallDeprecationWarning: easy_install command is deprecated.
[0.612s] !!
[0.612s] 
[0.612s]         ********************************************************************************
[0.612s]         Please avoid running ``setup.py`` and ``easy_install``.
[0.612s]         Instead, use pypa/build, pypa/installer or other
[0.612s]         standards-based tools.
[0.612s] 
[0.612s]         See https://github.com/pypa/setuptools/issues/917 for details.
[0.612s]         ********************************************************************************
[0.612s] 
[0.612s] !!
[0.612s]   easy_install.initialize_options(self)
[0.625s] /home/su1jun/.local/lib/python3.10/site-packages/setuptools/_distutils/cmd.py:66: SetuptoolsDeprecationWarning: setup.py install is deprecated.
[0.625s] !!
[0.625s] 
[0.625s]         ********************************************************************************
[0.625s]         Please avoid running ``setup.py`` directly.
[0.625s]         Instead, use pypa/build, pypa/installer or other
[0.626s]         standards-based tools.
[0.626s] 
[0.626s]         See https://blog.ganssle.io/articles/2021/10/setup-py-deprecated.html for details.
[0.626s]         ********************************************************************************
[0.626s] 
[0.626s] !!
[0.626s]   self.initialize_options()
[0.703s] running egg_info
[0.709s] writing robot.egg-info/PKG-INFO
[0.710s] writing dependency_links to robot.egg-info/dependency_links.txt
[0.710s] writing entry points to robot.egg-info/entry_points.txt
[0.710s] writing requirements to robot.egg-info/requires.txt
[0.710s] writing top-level names to robot.egg-info/top_level.txt
[0.723s] reading manifest file 'robot.egg-info/SOURCES.txt'
[0.723s] writing manifest file 'robot.egg-info/SOURCES.txt'
[0.730s] running build_ext
[0.731s] Creating /home/su1jun/Desktop/Capstone/ros2_ws/install/robot/lib/python3.10/site-packages/robot.egg-link (link to .)
[0.731s] Installing bluetooth script to /home/su1jun/Desktop/Capstone/ros2_ws/install/robot/lib/robot
[0.732s] Installing motor script to /home/su1jun/Desktop/Capstone/ros2_ws/install/robot/lib/robot
[0.732s] Installing switch script to /home/su1jun/Desktop/Capstone/ros2_ws/install/robot/lib/robot
[0.732s] 
[0.732s] Installed /home/su1jun/Desktop/Capstone/ros2_ws/build/robot
[0.732s] running install_data
[0.732s] copying resource/robot -> /home/su1jun/Desktop/Capstone/ros2_ws/install/robot/share/ament_index/resource_index/packages
[0.732s] copying package.xml -> /home/su1jun/Desktop/Capstone/ros2_ws/install/robot/share/robot
[0.778s] Invoked command in '/home/su1jun/Desktop/Capstone/ros2_ws/build/robot' returned '0': PYTHONPATH=/home/su1jun/Desktop/Capstone/ros2_ws/build/robot/prefix_override:/home/su1jun/Desktop/Capstone/ros2_ws/install/robot/lib/python3.10/site-packages:${PYTHONPATH} /usr/bin/python3 setup.py develop --editable --build-directory /home/su1jun/Desktop/Capstone/ros2_ws/build/robot/build --no-deps install_data
