[0.324s] Invoking command in '/root/Capstone/ros2_ws/src/robot': PYTHONPATH=/root/Capstone/ros2_ws/build/robot/prefix_override:/root/Capstone/ros2_ws/install/robot/lib/python3.10/site-packages:${PYTHONPATH} /usr/bin/python3 -W ignore:setup.py install is deprecated setup.py egg_info --egg-base ../../build/robot build --build-base /root/Capstone/ros2_ws/build/robot/build install --record /root/Capstone/ros2_ws/build/robot/install.log --single-version-externally-managed install_data
[0.422s] running egg_info
[0.427s] writing ../../build/robot/robot.egg-info/PKG-INFO
[0.427s] writing dependency_links to ../../build/robot/robot.egg-info/dependency_links.txt
[0.427s] writing entry points to ../../build/robot/robot.egg-info/entry_points.txt
[0.427s] writing requirements to ../../build/robot/robot.egg-info/requires.txt
[0.427s] writing top-level names to ../../build/robot/robot.egg-info/top_level.txt
[0.438s] reading manifest file '../../build/robot/robot.egg-info/SOURCES.txt'
[0.439s] writing manifest file '../../build/robot/robot.egg-info/SOURCES.txt'
[0.439s] running build
[0.439s] running build_py
[0.439s] running install
[0.442s] running install_lib
[0.447s] running install_data
[0.448s] running install_egg_info
[0.453s] removing '/root/Capstone/ros2_ws/install/robot/lib/python3.10/site-packages/robot-0.0.0-py3.10.egg-info' (and everything under it)
[0.453s] Copying ../../build/robot/robot.egg-info to /root/Capstone/ros2_ws/install/robot/lib/python3.10/site-packages/robot-0.0.0-py3.10.egg-info
[0.454s] running install_scripts
[0.510s] Installing bluetooth script to /root/Capstone/ros2_ws/install/robot/lib/robot
[0.510s] Installing motor script to /root/Capstone/ros2_ws/install/robot/lib/robot
[0.510s] Installing switch script to /root/Capstone/ros2_ws/install/robot/lib/robot
[0.510s] writing list of installed files to '/root/Capstone/ros2_ws/build/robot/install.log'
[0.521s] Invoked command in '/root/Capstone/ros2_ws/src/robot' returned '0': PYTHONPATH=/root/Capstone/ros2_ws/build/robot/prefix_override:/root/Capstone/ros2_ws/install/robot/lib/python3.10/site-packages:${PYTHONPATH} /usr/bin/python3 -W ignore:setup.py install is deprecated setup.py egg_info --egg-base ../../build/robot build --build-base /root/Capstone/ros2_ws/build/robot/build install --record /root/Capstone/ros2_ws/build/robot/install.log --single-version-externally-managed install_data
