/home/ros2_ws/install/robot/lib/python3.10/site-packages/robot/bluetooth_node.py
/home/ros2_ws/install/robot/lib/python3.10/site-packages/robot/const.py
/home/ros2_ws/install/robot/lib/python3.10/site-packages/robot/motor_node.py
/home/ros2_ws/install/robot/lib/python3.10/site-packages/robot/switch_node.py
/home/ros2_ws/install/robot/lib/python3.10/site-packages/robot/__init__.py
/home/ros2_ws/install/robot/lib/python3.10/site-packages/robot/__pycache__/bluetooth_node.cpython-310.pyc
/home/ros2_ws/install/robot/lib/python3.10/site-packages/robot/__pycache__/const.cpython-310.pyc
/home/ros2_ws/install/robot/lib/python3.10/site-packages/robot/__pycache__/motor_node.cpython-310.pyc
/home/ros2_ws/install/robot/lib/python3.10/site-packages/robot/__pycache__/switch_node.cpython-310.pyc
/home/ros2_ws/install/robot/lib/python3.10/site-packages/robot/__pycache__/__init__.cpython-310.pyc
/home/ros2_ws/install/robot/share/ament_index/resource_index/packages/robot
/home/ros2_ws/install/robot/share/robot/package.xml
/home/ros2_ws/install/robot/lib/python3.10/site-packages/robot-0.0.0-py3.10.egg-info/top_level.txt
/home/ros2_ws/install/robot/lib/python3.10/site-packages/robot-0.0.0-py3.10.egg-info/dependency_links.txt
/home/ros2_ws/install/robot/lib/python3.10/site-packages/robot-0.0.0-py3.10.egg-info/entry_points.txt
/home/ros2_ws/install/robot/lib/python3.10/site-packages/robot-0.0.0-py3.10.egg-info/SOURCES.txt
/home/ros2_ws/install/robot/lib/python3.10/site-packages/robot-0.0.0-py3.10.egg-info/requires.txt
/home/ros2_ws/install/robot/lib/python3.10/site-packages/robot-0.0.0-py3.10.egg-info/PKG-INFO
/home/ros2_ws/install/robot/lib/python3.10/site-packages/robot-0.0.0-py3.10.egg-info/zip-safe
/home/ros2_ws/install/robot/lib/robot/bluetooth
/home/ros2_ws/install/robot/lib/robot/motor
/home/ros2_ws/install/robot/lib/robot/switch
