[0.049s] Invoking command in '/home/su1jun/Capstone/ros2_ws/build/rosapi': AMENT_PREFIX_PATH=/home/su1jun/Capstone/ros2_ws/install/rosbridge_library:/home/su1jun/Capstone/ros2_ws/install/rosapi_msgs:${AMENT_PREFIX_PATH} CMAKE_PREFIX_PATH=/home/su1jun/Capstone/ros2_ws/install/rosbridge_library:/home/su1jun/Capstone/ros2_ws/install/rosapi_msgs:/home/su1jun/Capstone/ros2_ws/install/turtlebot3_simulations:/home/su1jun/Capstone/ros2_ws/install/turtlebot3_gazebo:/home/su1jun/Capstone/ros2_ws/install/turtlebot3_fake_node:/home/su1jun/Capstone/ros2_ws/install/rosbridge_server:/home/su1jun/Capstone/ros2_ws/install/capstone:/home/su1jun/Capstone/ros2_ws/install/articubot_one:/home/su1jun/turtlebot3_ws/install/turtlebot3_simulations:/home/su1jun/turtlebot3_ws/install/turtlebot3_gazebo:/home/su1jun/turtlebot3_ws/install/turtlebot3_fake_node:/home/su1jun/Capstone/ros2_ws/install/robot:/opt/ros/humble LD_LIBRARY_PATH=/home/su1jun/Capstone/ros2_ws/install/rosapi_msgs/lib:/usr/lib/x86_64-linux-gnu/gazebo-11/plugins:/opt/ros/humble/opt/rviz_ogre_vendor/lib:/opt/ros/humble/lib/x86_64-linux-gnu:/opt/ros/humble/lib:/usr/lib/x86_64-linux-gnu/gazebo-11/plugins PYTHONPATH=/home/su1jun/Capstone/ros2_ws/install/rosbridge_library/local/lib/python3.10/dist-packages:/home/su1jun/Capstone/ros2_ws/install/rosapi_msgs/local/lib/python3.10/dist-packages:${PYTHONPATH} /usr/bin/cmake /home/su1jun/Capstone/ros2_ws/src/rosbridge_suite/rosapi -DCMAKE_INSTALL_PREFIX=/home/su1jun/Capstone/ros2_ws/install/rosapi
[0.081s] -- The C compiler identification is GNU 11.4.0
[0.113s] -- The CXX compiler identification is GNU 11.4.0
[0.117s] -- Detecting C compiler ABI info
[0.160s] -- Detecting C compiler ABI info - done
[0.163s] -- Check for working C compiler: /usr/bin/cc - skipped
[0.163s] -- Detecting C compile features
[0.164s] -- Detecting C compile features - done
[0.166s] -- Detecting CXX compiler ABI info
[0.217s] -- Detecting CXX compiler ABI info - done
[0.222s] -- Check for working CXX compiler: /usr/bin/c++ - skipped
[0.223s] -- Detecting CXX compile features
[0.223s] -- Detecting CXX compile features - done
[0.225s] -- Found ament_cmake_ros: 0.10.0 (/opt/ros/humble/share/ament_cmake_ros/cmake)
[0.452s] -- Found Python3: /usr/bin/python3 (found version "3.10.12") found components: Interpreter 
[1.025s] -- Configuring done
[1.027s] -- Generating done
[1.027s] -- Build files have been written to: /home/su1jun/Capstone/ros2_ws/build/rosapi
[1.029s] Invoked command in '/home/su1jun/Capstone/ros2_ws/build/rosapi' returned '0': AMENT_PREFIX_PATH=/home/su1jun/Capstone/ros2_ws/install/rosbridge_library:/home/su1jun/Capstone/ros2_ws/install/rosapi_msgs:${AMENT_PREFIX_PATH} CMAKE_PREFIX_PATH=/home/su1jun/Capstone/ros2_ws/install/rosbridge_library:/home/su1jun/Capstone/ros2_ws/install/rosapi_msgs:/home/su1jun/Capstone/ros2_ws/install/turtlebot3_simulations:/home/su1jun/Capstone/ros2_ws/install/turtlebot3_gazebo:/home/su1jun/Capstone/ros2_ws/install/turtlebot3_fake_node:/home/su1jun/Capstone/ros2_ws/install/rosbridge_server:/home/su1jun/Capstone/ros2_ws/install/capstone:/home/su1jun/Capstone/ros2_ws/install/articubot_one:/home/su1jun/turtlebot3_ws/install/turtlebot3_simulations:/home/su1jun/turtlebot3_ws/install/turtlebot3_gazebo:/home/su1jun/turtlebot3_ws/install/turtlebot3_fake_node:/home/su1jun/Capstone/ros2_ws/install/robot:/opt/ros/humble LD_LIBRARY_PATH=/home/su1jun/Capstone/ros2_ws/install/rosapi_msgs/lib:/usr/lib/x86_64-linux-gnu/gazebo-11/plugins:/opt/ros/humble/opt/rviz_ogre_vendor/lib:/opt/ros/humble/lib/x86_64-linux-gnu:/opt/ros/humble/lib:/usr/lib/x86_64-linux-gnu/gazebo-11/plugins PYTHONPATH=/home/su1jun/Capstone/ros2_ws/install/rosbridge_library/local/lib/python3.10/dist-packages:/home/su1jun/Capstone/ros2_ws/install/rosapi_msgs/local/lib/python3.10/dist-packages:${PYTHONPATH} /usr/bin/cmake /home/su1jun/Capstone/ros2_ws/src/rosbridge_suite/rosapi -DCMAKE_INSTALL_PREFIX=/home/su1jun/Capstone/ros2_ws/install/rosapi
[1.030s] Invoking command in '/home/su1jun/Capstone/ros2_ws/build/rosapi': AMENT_PREFIX_PATH=/home/su1jun/Capstone/ros2_ws/install/rosbridge_library:/home/su1jun/Capstone/ros2_ws/install/rosapi_msgs:${AMENT_PREFIX_PATH} CMAKE_PREFIX_PATH=/home/su1jun/Capstone/ros2_ws/install/rosbridge_library:/home/su1jun/Capstone/ros2_ws/install/rosapi_msgs:/home/su1jun/Capstone/ros2_ws/install/turtlebot3_simulations:/home/su1jun/Capstone/ros2_ws/install/turtlebot3_gazebo:/home/su1jun/Capstone/ros2_ws/install/turtlebot3_fake_node:/home/su1jun/Capstone/ros2_ws/install/rosbridge_server:/home/su1jun/Capstone/ros2_ws/install/capstone:/home/su1jun/Capstone/ros2_ws/install/articubot_one:/home/su1jun/turtlebot3_ws/install/turtlebot3_simulations:/home/su1jun/turtlebot3_ws/install/turtlebot3_gazebo:/home/su1jun/turtlebot3_ws/install/turtlebot3_fake_node:/home/su1jun/Capstone/ros2_ws/install/robot:/opt/ros/humble LD_LIBRARY_PATH=/home/su1jun/Capstone/ros2_ws/install/rosapi_msgs/lib:/usr/lib/x86_64-linux-gnu/gazebo-11/plugins:/opt/ros/humble/opt/rviz_ogre_vendor/lib:/opt/ros/humble/lib/x86_64-linux-gnu:/opt/ros/humble/lib:/usr/lib/x86_64-linux-gnu/gazebo-11/plugins PYTHONPATH=/home/su1jun/Capstone/ros2_ws/install/rosbridge_library/local/lib/python3.10/dist-packages:/home/su1jun/Capstone/ros2_ws/install/rosapi_msgs/local/lib/python3.10/dist-packages:${PYTHONPATH} /usr/bin/cmake --build /home/su1jun/Capstone/ros2_ws/build/rosapi -- -j20 -l20
[1.064s] Built target ament_cmake_python_copy_rosapi
[1.180s] running egg_info
[1.181s] creating rosapi.egg-info
[1.189s] writing rosapi.egg-info/PKG-INFO
[1.189s] writing dependency_links to rosapi.egg-info/dependency_links.txt
[1.189s] writing top-level names to rosapi.egg-info/top_level.txt
[1.189s] writing manifest file 'rosapi.egg-info/SOURCES.txt'
[1.214s] reading manifest file 'rosapi.egg-info/SOURCES.txt'
[1.214s] writing manifest file 'rosapi.egg-info/SOURCES.txt'
[1.229s] Built target ament_cmake_python_build_rosapi_egg
[1.236s] Invoked command in '/home/su1jun/Capstone/ros2_ws/build/rosapi' returned '0': AMENT_PREFIX_PATH=/home/su1jun/Capstone/ros2_ws/install/rosbridge_library:/home/su1jun/Capstone/ros2_ws/install/rosapi_msgs:${AMENT_PREFIX_PATH} CMAKE_PREFIX_PATH=/home/su1jun/Capstone/ros2_ws/install/rosbridge_library:/home/su1jun/Capstone/ros2_ws/install/rosapi_msgs:/home/su1jun/Capstone/ros2_ws/install/turtlebot3_simulations:/home/su1jun/Capstone/ros2_ws/install/turtlebot3_gazebo:/home/su1jun/Capstone/ros2_ws/install/turtlebot3_fake_node:/home/su1jun/Capstone/ros2_ws/install/rosbridge_server:/home/su1jun/Capstone/ros2_ws/install/capstone:/home/su1jun/Capstone/ros2_ws/install/articubot_one:/home/su1jun/turtlebot3_ws/install/turtlebot3_simulations:/home/su1jun/turtlebot3_ws/install/turtlebot3_gazebo:/home/su1jun/turtlebot3_ws/install/turtlebot3_fake_node:/home/su1jun/Capstone/ros2_ws/install/robot:/opt/ros/humble LD_LIBRARY_PATH=/home/su1jun/Capstone/ros2_ws/install/rosapi_msgs/lib:/usr/lib/x86_64-linux-gnu/gazebo-11/plugins:/opt/ros/humble/opt/rviz_ogre_vendor/lib:/opt/ros/humble/lib/x86_64-linux-gnu:/opt/ros/humble/lib:/usr/lib/x86_64-linux-gnu/gazebo-11/plugins PYTHONPATH=/home/su1jun/Capstone/ros2_ws/install/rosbridge_library/local/lib/python3.10/dist-packages:/home/su1jun/Capstone/ros2_ws/install/rosapi_msgs/local/lib/python3.10/dist-packages:${PYTHONPATH} /usr/bin/cmake --build /home/su1jun/Capstone/ros2_ws/build/rosapi -- -j20 -l20
[1.251s] Invoking command in '/home/su1jun/Capstone/ros2_ws/build/rosapi': AMENT_PREFIX_PATH=/home/su1jun/Capstone/ros2_ws/install/rosbridge_library:/home/su1jun/Capstone/ros2_ws/install/rosapi_msgs:${AMENT_PREFIX_PATH} CMAKE_PREFIX_PATH=/home/su1jun/Capstone/ros2_ws/install/rosbridge_library:/home/su1jun/Capstone/ros2_ws/install/rosapi_msgs:/home/su1jun/Capstone/ros2_ws/install/turtlebot3_simulations:/home/su1jun/Capstone/ros2_ws/install/turtlebot3_gazebo:/home/su1jun/Capstone/ros2_ws/install/turtlebot3_fake_node:/home/su1jun/Capstone/ros2_ws/install/rosbridge_server:/home/su1jun/Capstone/ros2_ws/install/capstone:/home/su1jun/Capstone/ros2_ws/install/articubot_one:/home/su1jun/turtlebot3_ws/install/turtlebot3_simulations:/home/su1jun/turtlebot3_ws/install/turtlebot3_gazebo:/home/su1jun/turtlebot3_ws/install/turtlebot3_fake_node:/home/su1jun/Capstone/ros2_ws/install/robot:/opt/ros/humble LD_LIBRARY_PATH=/home/su1jun/Capstone/ros2_ws/install/rosapi_msgs/lib:/usr/lib/x86_64-linux-gnu/gazebo-11/plugins:/opt/ros/humble/opt/rviz_ogre_vendor/lib:/opt/ros/humble/lib/x86_64-linux-gnu:/opt/ros/humble/lib:/usr/lib/x86_64-linux-gnu/gazebo-11/plugins PYTHONPATH=/home/su1jun/Capstone/ros2_ws/install/rosbridge_library/local/lib/python3.10/dist-packages:/home/su1jun/Capstone/ros2_ws/install/rosapi_msgs/local/lib/python3.10/dist-packages:${PYTHONPATH} /usr/bin/cmake --install /home/su1jun/Capstone/ros2_ws/build/rosapi
[1.255s] -- Install configuration: ""
[1.255s] -- Installing: /home/su1jun/Capstone/ros2_ws/install/rosapi/share/rosapi/environment/pythonpath.sh
[1.255s] -- Installing: /home/su1jun/Capstone/ros2_ws/install/rosapi/share/rosapi/environment/pythonpath.dsv
[1.255s] -- Installing: /home/su1jun/Capstone/ros2_ws/install/rosapi/local/lib/python3.10/dist-packages/rosapi-1.3.2-py3.10.egg-info
[1.255s] -- Installing: /home/su1jun/Capstone/ros2_ws/install/rosapi/local/lib/python3.10/dist-packages/rosapi-1.3.2-py3.10.egg-info/top_level.txt
[1.255s] -- Installing: /home/su1jun/Capstone/ros2_ws/install/rosapi/local/lib/python3.10/dist-packages/rosapi-1.3.2-py3.10.egg-info/SOURCES.txt
[1.255s] -- Installing: /home/su1jun/Capstone/ros2_ws/install/rosapi/local/lib/python3.10/dist-packages/rosapi-1.3.2-py3.10.egg-info/dependency_links.txt
[1.255s] -- Installing: /home/su1jun/Capstone/ros2_ws/install/rosapi/local/lib/python3.10/dist-packages/rosapi-1.3.2-py3.10.egg-info/PKG-INFO
[1.255s] -- Installing: /home/su1jun/Capstone/ros2_ws/install/rosapi/local/lib/python3.10/dist-packages/rosapi
[1.255s] -- Installing: /home/su1jun/Capstone/ros2_ws/install/rosapi/local/lib/python3.10/dist-packages/rosapi/glob_helper.py
[1.256s] -- Installing: /home/su1jun/Capstone/ros2_ws/install/rosapi/local/lib/python3.10/dist-packages/rosapi/stringify_field_types.py
[1.256s] -- Installing: /home/su1jun/Capstone/ros2_ws/install/rosapi/local/lib/python3.10/dist-packages/rosapi/__init__.py
[1.256s] -- Installing: /home/su1jun/Capstone/ros2_ws/install/rosapi/local/lib/python3.10/dist-packages/rosapi/params.py
[1.256s] -- Installing: /home/su1jun/Capstone/ros2_ws/install/rosapi/local/lib/python3.10/dist-packages/rosapi/proxy.py
[1.256s] -- Installing: /home/su1jun/Capstone/ros2_ws/install/rosapi/local/lib/python3.10/dist-packages/rosapi/objectutils.py
[1.278s] Listing '/home/su1jun/Capstone/ros2_ws/install/rosapi/local/lib/python3.10/dist-packages/rosapi'...
[1.278s] Compiling '/home/su1jun/Capstone/ros2_ws/install/rosapi/local/lib/python3.10/dist-packages/rosapi/__init__.py'...
[1.278s] Compiling '/home/su1jun/Capstone/ros2_ws/install/rosapi/local/lib/python3.10/dist-packages/rosapi/glob_helper.py'...
[1.278s] Compiling '/home/su1jun/Capstone/ros2_ws/install/rosapi/local/lib/python3.10/dist-packages/rosapi/objectutils.py'...
[1.278s] Compiling '/home/su1jun/Capstone/ros2_ws/install/rosapi/local/lib/python3.10/dist-packages/rosapi/params.py'...
[1.278s] Compiling '/home/su1jun/Capstone/ros2_ws/install/rosapi/local/lib/python3.10/dist-packages/rosapi/proxy.py'...
[1.278s] Compiling '/home/su1jun/Capstone/ros2_ws/install/rosapi/local/lib/python3.10/dist-packages/rosapi/stringify_field_types.py'...
[1.281s] -- Installing: /home/su1jun/Capstone/ros2_ws/install/rosapi/share/ament_index/resource_index/package_run_dependencies/rosapi
[1.281s] -- Installing: /home/su1jun/Capstone/ros2_ws/install/rosapi/share/ament_index/resource_index/parent_prefix_path/rosapi
[1.281s] -- Installing: /home/su1jun/Capstone/ros2_ws/install/rosapi/share/rosapi/environment/ament_prefix_path.sh
[1.281s] -- Installing: /home/su1jun/Capstone/ros2_ws/install/rosapi/share/rosapi/environment/ament_prefix_path.dsv
[1.281s] -- Installing: /home/su1jun/Capstone/ros2_ws/install/rosapi/share/rosapi/environment/path.sh
[1.281s] -- Installing: /home/su1jun/Capstone/ros2_ws/install/rosapi/share/rosapi/environment/path.dsv
[1.281s] -- Installing: /home/su1jun/Capstone/ros2_ws/install/rosapi/share/rosapi/local_setup.bash
[1.282s] -- Installing: /home/su1jun/Capstone/ros2_ws/install/rosapi/share/rosapi/local_setup.sh
[1.282s] -- Installing: /home/su1jun/Capstone/ros2_ws/install/rosapi/share/rosapi/local_setup.zsh
[1.282s] -- Installing: /home/su1jun/Capstone/ros2_ws/install/rosapi/share/rosapi/local_setup.dsv
[1.282s] -- Installing: /home/su1jun/Capstone/ros2_ws/install/rosapi/share/rosapi/package.dsv
[1.282s] -- Installing: /home/su1jun/Capstone/ros2_ws/install/rosapi/share/ament_index/resource_index/packages/rosapi
[1.282s] -- Installing: /home/su1jun/Capstone/ros2_ws/install/rosapi/share/rosapi/cmake/rosapiConfig.cmake
[1.282s] -- Installing: /home/su1jun/Capstone/ros2_ws/install/rosapi/share/rosapi/cmake/rosapiConfig-version.cmake
[1.282s] -- Installing: /home/su1jun/Capstone/ros2_ws/install/rosapi/share/rosapi/package.xml
[1.282s] -- Installing: /home/su1jun/Capstone/ros2_ws/install/rosapi/lib/rosapi/rosapi_node
[1.282s] -- Installing: /home/su1jun/Capstone/ros2_ws/install/rosapi/share/rosapi/mapping_rules.yaml
[1.284s] Invoked command in '/home/su1jun/Capstone/ros2_ws/build/rosapi' returned '0': AMENT_PREFIX_PATH=/home/su1jun/Capstone/ros2_ws/install/rosbridge_library:/home/su1jun/Capstone/ros2_ws/install/rosapi_msgs:${AMENT_PREFIX_PATH} CMAKE_PREFIX_PATH=/home/su1jun/Capstone/ros2_ws/install/rosbridge_library:/home/su1jun/Capstone/ros2_ws/install/rosapi_msgs:/home/su1jun/Capstone/ros2_ws/install/turtlebot3_simulations:/home/su1jun/Capstone/ros2_ws/install/turtlebot3_gazebo:/home/su1jun/Capstone/ros2_ws/install/turtlebot3_fake_node:/home/su1jun/Capstone/ros2_ws/install/rosbridge_server:/home/su1jun/Capstone/ros2_ws/install/capstone:/home/su1jun/Capstone/ros2_ws/install/articubot_one:/home/su1jun/turtlebot3_ws/install/turtlebot3_simulations:/home/su1jun/turtlebot3_ws/install/turtlebot3_gazebo:/home/su1jun/turtlebot3_ws/install/turtlebot3_fake_node:/home/su1jun/Capstone/ros2_ws/install/robot:/opt/ros/humble LD_LIBRARY_PATH=/home/su1jun/Capstone/ros2_ws/install/rosapi_msgs/lib:/usr/lib/x86_64-linux-gnu/gazebo-11/plugins:/opt/ros/humble/opt/rviz_ogre_vendor/lib:/opt/ros/humble/lib/x86_64-linux-gnu:/opt/ros/humble/lib:/usr/lib/x86_64-linux-gnu/gazebo-11/plugins PYTHONPATH=/home/su1jun/Capstone/ros2_ws/install/rosbridge_library/local/lib/python3.10/dist-packages:/home/su1jun/Capstone/ros2_ws/install/rosapi_msgs/local/lib/python3.10/dist-packages:${PYTHONPATH} /usr/bin/cmake --install /home/su1jun/Capstone/ros2_ws/build/rosapi
