[0.061s] Invoking command in '/home/su1jun/Desktop/Capstone/ros2_ws/build/capstone': CMAKE_PREFIX_PATH=${CMAKE_PREFIX_PATH}:/opt/ros/humble /usr/bin/cmake /home/su1jun/Desktop/Capstone/ros2_ws/src/capstone -DAMENT_CMAKE_SYMLINK_INSTALL=1 -DCMAKE_INSTALL_PREFIX=/home/su1jun/Desktop/Capstone/ros2_ws/install/capstone
[0.130s] -- The C compiler identification is GNU 11.4.0
[0.181s] -- The CXX compiler identification is GNU 11.4.0
[0.186s] -- Detecting C compiler ABI info
[0.219s] -- Detecting C compiler ABI info - done
[0.222s] -- Check for working C compiler: /usr/bin/cc - skipped
[0.222s] -- Detecting C compile features
[0.223s] -- Detecting C compile features - done
[0.224s] -- Detecting CXX compiler ABI info
[0.260s] -- Detecting CXX compiler ABI info - done
[0.264s] -- Check for working CXX compiler: /usr/bin/c++ - skipped
[0.264s] -- Detecting CXX compile features
[0.264s] -- Detecting CXX compile features - done
[0.268s] -- Found ament_cmake: 1.3.8 (/opt/ros/humble/share/ament_cmake/cmake)
[0.427s] -- Found Python3: /usr/bin/python3 (found version "3.10.12") found components: Interpreter 
[0.456s] -- Override CMake install command with custom implementation using symlinks instead of copying resources
[0.475s] -- Found ament_lint_auto: 0.12.10 (/opt/ros/humble/share/ament_lint_auto/cmake)
[0.526s] -- Added test 'copyright' to check source files copyright and LICENSE
[0.528s] -- Added test 'flake8' to check Python code syntax and style conventions
[0.528s] -- Added test 'lint_cmake' to check CMake code style
[0.529s] -- Added test 'pep257' to check Python code against some of the docstring style conventions in PEP 257
[0.530s] -- Added test 'xmllint' to check XML markup files
[0.531s] -- Configuring done
[0.532s] -- Generating done
[0.532s] -- Build files have been written to: /home/su1jun/Desktop/Capstone/ros2_ws/build/capstone
[0.534s] Invoked command in '/home/su1jun/Desktop/Capstone/ros2_ws/build/capstone' returned '0': CMAKE_PREFIX_PATH=${CMAKE_PREFIX_PATH}:/opt/ros/humble /usr/bin/cmake /home/su1jun/Desktop/Capstone/ros2_ws/src/capstone -DAMENT_CMAKE_SYMLINK_INSTALL=1 -DCMAKE_INSTALL_PREFIX=/home/su1jun/Desktop/Capstone/ros2_ws/install/capstone
[0.535s] Invoking command in '/home/su1jun/Desktop/Capstone/ros2_ws/build/capstone': CMAKE_PREFIX_PATH=${CMAKE_PREFIX_PATH}:/opt/ros/humble /usr/bin/cmake --build /home/su1jun/Desktop/Capstone/ros2_ws/build/capstone -- -j20 -l20
[0.552s] Invoked command in '/home/su1jun/Desktop/Capstone/ros2_ws/build/capstone' returned '0': CMAKE_PREFIX_PATH=${CMAKE_PREFIX_PATH}:/opt/ros/humble /usr/bin/cmake --build /home/su1jun/Desktop/Capstone/ros2_ws/build/capstone -- -j20 -l20
[0.565s] Invoking command in '/home/su1jun/Desktop/Capstone/ros2_ws/build/capstone': CMAKE_PREFIX_PATH=${CMAKE_PREFIX_PATH}:/opt/ros/humble /usr/bin/cmake --install /home/su1jun/Desktop/Capstone/ros2_ws/build/capstone
[0.568s] -- Install configuration: ""
[0.568s] -- Execute custom install script
[0.568s] -- Symlinking: /home/su1jun/Desktop/Capstone/ros2_ws/install/capstone/share/capstone/config/ball_tracker_params_robot.yaml
[0.572s] -- Symlinking: /home/su1jun/Desktop/Capstone/ros2_ws/install/capstone/share/capstone/config/ball_tracker_params_sim.yaml
[0.575s] -- Symlinking: /home/su1jun/Desktop/Capstone/ros2_ws/install/capstone/share/capstone/config/drive_bot.rviz
[0.579s] -- Symlinking: /home/su1jun/Desktop/Capstone/ros2_ws/install/capstone/share/capstone/config/empty.yaml
[0.582s] -- Symlinking: /home/su1jun/Desktop/Capstone/ros2_ws/install/capstone/share/capstone/config/gaz_ros2_ctl_use_sim.yaml
[0.586s] -- Symlinking: /home/su1jun/Desktop/Capstone/ros2_ws/install/capstone/share/capstone/config/gazebo_params.yaml
[0.589s] -- Symlinking: /home/su1jun/Desktop/Capstone/ros2_ws/install/capstone/share/capstone/config/joystick.yaml
[0.593s] -- Symlinking: /home/su1jun/Desktop/Capstone/ros2_ws/install/capstone/share/capstone/config/main.rviz
[0.596s] -- Symlinking: /home/su1jun/Desktop/Capstone/ros2_ws/install/capstone/share/capstone/config/map.rviz
[0.600s] -- Symlinking: /home/su1jun/Desktop/Capstone/ros2_ws/install/capstone/share/capstone/config/mapper_params_online_async.yaml
[0.603s] -- Symlinking: /home/su1jun/Desktop/Capstone/ros2_ws/install/capstone/share/capstone/config/my_controllers.yaml
[0.607s] -- Symlinking: /home/su1jun/Desktop/Capstone/ros2_ws/install/capstone/share/capstone/config/nav2_params.yaml
[0.610s] -- Symlinking: /home/su1jun/Desktop/Capstone/ros2_ws/install/capstone/share/capstone/config/twist_mux.yaml
[0.614s] -- Symlinking: /home/su1jun/Desktop/Capstone/ros2_ws/install/capstone/share/capstone/config/view_bot.rviz
[0.618s] -- Symlinking: /home/su1jun/Desktop/Capstone/ros2_ws/install/capstone/share/capstone/description/camera.xacro
[0.621s] -- Symlinking: /home/su1jun/Desktop/Capstone/ros2_ws/install/capstone/share/capstone/description/depth_camera.xacro
[0.625s] -- Symlinking: /home/su1jun/Desktop/Capstone/ros2_ws/install/capstone/share/capstone/description/face.xacro
[0.629s] -- Symlinking: /home/su1jun/Desktop/Capstone/ros2_ws/install/capstone/share/capstone/description/gazebo_control.xacro
[0.633s] -- Symlinking: /home/su1jun/Desktop/Capstone/ros2_ws/install/capstone/share/capstone/description/inertial_macros.xacro
[0.637s] -- Symlinking: /home/su1jun/Desktop/Capstone/ros2_ws/install/capstone/share/capstone/description/lidar.xacro
[0.640s] -- Symlinking: /home/su1jun/Desktop/Capstone/ros2_ws/install/capstone/share/capstone/description/robot.urdf.xacro
[0.644s] -- Symlinking: /home/su1jun/Desktop/Capstone/ros2_ws/install/capstone/share/capstone/description/robot_core.xacro
[0.648s] -- Symlinking: /home/su1jun/Desktop/Capstone/ros2_ws/install/capstone/share/capstone/description/ros2_control.xacro
[0.652s] -- Symlinking: /home/su1jun/Desktop/Capstone/ros2_ws/install/capstone/share/capstone/launch/ball_tracker.launch.py
[0.656s] -- Symlinking: /home/su1jun/Desktop/Capstone/ros2_ws/install/capstone/share/capstone/launch/camera.launch.py
[0.660s] -- Symlinking: /home/su1jun/Desktop/Capstone/ros2_ws/install/capstone/share/capstone/launch/joystick.launch.py
[0.664s] -- Symlinking: /home/su1jun/Desktop/Capstone/ros2_ws/install/capstone/share/capstone/launch/launch_robot.launch.py
[0.668s] -- Symlinking: /home/su1jun/Desktop/Capstone/ros2_ws/install/capstone/share/capstone/launch/launch_sim.launch.py
[0.672s] -- Symlinking: /home/su1jun/Desktop/Capstone/ros2_ws/install/capstone/share/capstone/launch/localization_launch.py
[0.676s] -- Symlinking: /home/su1jun/Desktop/Capstone/ros2_ws/install/capstone/share/capstone/launch/navigation_launch.py
[0.680s] -- Symlinking: /home/su1jun/Desktop/Capstone/ros2_ws/install/capstone/share/capstone/launch/online_async_launch.py
[0.683s] -- Symlinking: /home/su1jun/Desktop/Capstone/ros2_ws/install/capstone/share/capstone/launch/rplidar.launch.py
[0.687s] -- Symlinking: /home/su1jun/Desktop/Capstone/ros2_ws/install/capstone/share/capstone/launch/rsp.launch.py
[0.691s] -- Symlinking: /home/su1jun/Desktop/Capstone/ros2_ws/install/capstone/share/capstone/worlds/empty.world
[0.695s] -- Symlinking: /home/su1jun/Desktop/Capstone/ros2_ws/install/capstone/share/capstone/worlds/obstacles.world
[0.698s] -- Symlinking: /home/su1jun/Desktop/Capstone/ros2_ws/install/capstone/share/ament_index/resource_index/package_run_dependencies/capstone
[0.702s] -- Symlinking: /home/su1jun/Desktop/Capstone/ros2_ws/install/capstone/share/ament_index/resource_index/parent_prefix_path/capstone
[0.706s] -- Symlinking: /home/su1jun/Desktop/Capstone/ros2_ws/install/capstone/share/capstone/environment/ament_prefix_path.sh
[0.710s] -- Symlinking: /home/su1jun/Desktop/Capstone/ros2_ws/install/capstone/share/capstone/environment/ament_prefix_path.dsv
[0.713s] -- Symlinking: /home/su1jun/Desktop/Capstone/ros2_ws/install/capstone/share/capstone/environment/path.sh
[0.717s] -- Symlinking: /home/su1jun/Desktop/Capstone/ros2_ws/install/capstone/share/capstone/environment/path.dsv
[0.721s] -- Symlinking: /home/su1jun/Desktop/Capstone/ros2_ws/install/capstone/share/capstone/local_setup.bash
[0.725s] -- Symlinking: /home/su1jun/Desktop/Capstone/ros2_ws/install/capstone/share/capstone/local_setup.sh
[0.729s] -- Symlinking: /home/su1jun/Desktop/Capstone/ros2_ws/install/capstone/share/capstone/local_setup.zsh
[0.733s] -- Symlinking: /home/su1jun/Desktop/Capstone/ros2_ws/install/capstone/share/capstone/local_setup.dsv
[0.737s] -- Symlinking: /home/su1jun/Desktop/Capstone/ros2_ws/install/capstone/share/capstone/package.dsv
[0.741s] -- Symlinking: /home/su1jun/Desktop/Capstone/ros2_ws/install/capstone/share/ament_index/resource_index/packages/capstone
[0.744s] -- Symlinking: /home/su1jun/Desktop/Capstone/ros2_ws/install/capstone/share/capstone/cmake/capstoneConfig.cmake
[0.748s] -- Symlinking: /home/su1jun/Desktop/Capstone/ros2_ws/install/capstone/share/capstone/cmake/capstoneConfig-version.cmake
[0.752s] -- Symlinking: /home/su1jun/Desktop/Capstone/ros2_ws/install/capstone/share/capstone/package.xml
[0.757s] Invoked command in '/home/su1jun/Desktop/Capstone/ros2_ws/build/capstone' returned '0': CMAKE_PREFIX_PATH=${CMAKE_PREFIX_PATH}:/opt/ros/humble /usr/bin/cmake --install /home/su1jun/Desktop/Capstone/ros2_ws/build/capstone
