[0.041s] Invoking command in '/home/su1jun/Capstone/ros2_ws/build/robot': CMAKE_PREFIX_PATH=/opt/ros/humble /usr/bin/cmake /home/su1jun/Capstone/ros2_ws/src/robot -DCMAKE_INSTALL_PREFIX=/home/su1jun/Capstone/ros2_ws/install/robot
[0.096s] -- The C compiler identification is GNU 11.4.0
[0.151s] -- The CXX compiler identification is GNU 11.4.0
[0.160s] -- Detecting C compiler ABI info
[0.235s] -- Detecting C compiler ABI info - done
[0.240s] -- Check for working C compiler: /usr/bin/cc - skipped
[0.240s] -- Detecting C compile features
[0.240s] -- Detecting C compile features - done
[0.242s] -- Detecting CXX compiler ABI info
[0.316s] -- Detecting CXX compiler ABI info - done
[0.321s] -- Check for working CXX compiler: /usr/bin/c++ - skipped
[0.321s] -- Detecting CXX compile features
[0.322s] -- Detecting CXX compile features - done
[0.324s] -- Found ament_cmake: 1.3.6 (/opt/ros/humble/share/ament_cmake/cmake)
[0.680s] -- Found Python3: /usr/bin/python3.10 (found version "3.10.12") found components: Interpreter 
[0.747s] -- Found ament_lint_auto: 0.12.9 (/opt/ros/humble/share/ament_lint_auto/cmake)
[0.816s] -- Added test 'lint_cmake' to check CMake code style
[0.817s] -- Added test 'xmllint' to check XML markup files
[0.818s] -- Configuring done
[0.819s] -- Generating done
[0.820s] -- Build files have been written to: /home/su1jun/Capstone/ros2_ws/build/robot
[0.823s] Invoked command in '/home/su1jun/Capstone/ros2_ws/build/robot' returned '0': CMAKE_PREFIX_PATH=/opt/ros/humble /usr/bin/cmake /home/su1jun/Capstone/ros2_ws/src/robot -DCMAKE_INSTALL_PREFIX=/home/su1jun/Capstone/ros2_ws/install/robot
[0.825s] Invoking command in '/home/su1jun/Capstone/ros2_ws/build/robot': CMAKE_PREFIX_PATH=/opt/ros/humble /usr/bin/cmake --build /home/su1jun/Capstone/ros2_ws/build/robot -- -j12 -l12
[0.853s] Invoked command in '/home/su1jun/Capstone/ros2_ws/build/robot' returned '0': CMAKE_PREFIX_PATH=/opt/ros/humble /usr/bin/cmake --build /home/su1jun/Capstone/ros2_ws/build/robot -- -j12 -l12
[0.878s] Invoking command in '/home/su1jun/Capstone/ros2_ws/build/robot': CMAKE_PREFIX_PATH=/opt/ros/humble /usr/bin/cmake --install /home/su1jun/Capstone/ros2_ws/build/robot
[0.883s] -- Install configuration: ""
[0.883s] -- Installing: /home/su1jun/Capstone/ros2_ws/install/robot/share/ament_index/resource_index/package_run_dependencies/robot
[0.884s] -- Installing: /home/su1jun/Capstone/ros2_ws/install/robot/share/ament_index/resource_index/parent_prefix_path/robot
[0.884s] -- Installing: /home/su1jun/Capstone/ros2_ws/install/robot/share/robot/environment/ament_prefix_path.sh
[0.884s] -- Installing: /home/su1jun/Capstone/ros2_ws/install/robot/share/robot/environment/ament_prefix_path.dsv
[0.884s] -- Installing: /home/su1jun/Capstone/ros2_ws/install/robot/share/robot/environment/path.sh
[0.884s] -- Installing: /home/su1jun/Capstone/ros2_ws/install/robot/share/robot/environment/path.dsv
[0.884s] -- Installing: /home/su1jun/Capstone/ros2_ws/install/robot/share/robot/local_setup.bash
[0.885s] -- Installing: /home/su1jun/Capstone/ros2_ws/install/robot/share/robot/local_setup.sh
[0.885s] -- Installing: /home/su1jun/Capstone/ros2_ws/install/robot/share/robot/local_setup.zsh
[0.885s] -- Installing: /home/su1jun/Capstone/ros2_ws/install/robot/share/robot/local_setup.dsv
[0.885s] -- Installing: /home/su1jun/Capstone/ros2_ws/install/robot/share/robot/package.dsv
[0.885s] -- Installing: /home/su1jun/Capstone/ros2_ws/install/robot/share/ament_index/resource_index/packages/robot
[0.885s] -- Installing: /home/su1jun/Capstone/ros2_ws/install/robot/share/robot/cmake/robotConfig.cmake
[0.885s] -- Installing: /home/su1jun/Capstone/ros2_ws/install/robot/share/robot/cmake/robotConfig-version.cmake
[0.886s] -- Installing: /home/su1jun/Capstone/ros2_ws/install/robot/share/robot/package.xml
[0.887s] Invoked command in '/home/su1jun/Capstone/ros2_ws/build/robot' returned '0': CMAKE_PREFIX_PATH=/opt/ros/humble /usr/bin/cmake --install /home/su1jun/Capstone/ros2_ws/build/robot
