[0.134s] DEBUG:colcon:Command line arguments: ['/usr/bin/colcon', 'build', '--symlink-install']
[0.134s] DEBUG:colcon:Parsed command line arguments: Namespace(log_base=None, log_level=None, verb_name='build', build_base='build', install_base='install', merge_install=False, symlink_install=True, test_result_base=None, continue_on_error=False, executor='parallel', parallel_workers=4, event_handlers=None, ignore_user_meta=False, metas=['./colcon.meta'], base_paths=['.'], packages_ignore=None, packages_ignore_regex=None, paths=None, packages_up_to=None, packages_up_to_regex=None, packages_above=None, packages_above_and_dependencies=None, packages_above_depth=None, packages_select_by_dep=None, packages_skip_by_dep=None, packages_skip_up_to=None, packages_select_build_failed=False, packages_skip_build_finished=False, packages_select_test_failures=False, packages_skip_test_passed=False, packages_select=None, packages_skip=None, packages_select_regex=None, packages_skip_regex=None, packages_start=None, packages_end=None, allow_overriding=[], cmake_args=None, cmake_target=None, cmake_target_skip_unavailable=False, cmake_clean_cache=False, cmake_clean_first=False, cmake_force_configure=False, ament_cmake_args=None, catkin_cmake_args=None, catkin_skip_building_tests=False, mixin_files=None, mixin=None, verb_parser=<colcon_mixin.mixin.mixin_argument.MixinArgumentDecorator object at 0x7ce8bcb2eb90>, verb_extension=<colcon_core.verb.build.BuildVerb object at 0x7ce8bcb2e500>, main=<bound method BuildVerb.main of <colcon_core.verb.build.BuildVerb object at 0x7ce8bcb2e500>>, mixin_verb=('build',))
[0.347s] Level 1:colcon.colcon_core.package_discovery:discover_packages(colcon_meta) check parameters
[0.347s] Level 1:colcon.colcon_core.package_discovery:discover_packages(recursive) check parameters
[0.347s] Level 1:colcon.colcon_core.package_discovery:discover_packages(ignore) check parameters
[0.347s] Level 1:colcon.colcon_core.package_discovery:discover_packages(path) check parameters
[0.347s] Level 1:colcon.colcon_core.package_discovery:discover_packages(colcon_meta) discover
[0.347s] Level 1:colcon.colcon_core.package_discovery:discover_packages(recursive) discover
[0.348s] INFO:colcon.colcon_core.package_discovery:Crawling recursively for packages in '/home/su1jun/Capstone/ros2_ws'
[0.348s] Level 1:colcon.colcon_core.package_identification:_identify(.) by extensions ['ignore', 'ignore_ament_install']
[0.348s] Level 1:colcon.colcon_core.package_identification:_identify(.) by extension 'ignore'
[0.348s] Level 1:colcon.colcon_core.package_identification:_identify(.) by extension 'ignore_ament_install'
[0.348s] Level 1:colcon.colcon_core.package_identification:_identify(.) by extensions ['colcon_pkg']
[0.349s] Level 1:colcon.colcon_core.package_identification:_identify(.) by extension 'colcon_pkg'
[0.349s] Level 1:colcon.colcon_core.package_identification:_identify(.) by extensions ['colcon_meta']
[0.349s] Level 1:colcon.colcon_core.package_identification:_identify(.) by extension 'colcon_meta'
[0.349s] Level 1:colcon.colcon_core.package_identification:_identify(.) by extensions ['ros']
[0.349s] Level 1:colcon.colcon_core.package_identification:_identify(.) by extension 'ros'
[0.363s] Level 1:colcon.colcon_core.package_identification:_identify(.) by extensions ['cmake', 'python']
[0.363s] Level 1:colcon.colcon_core.package_identification:_identify(.) by extension 'cmake'
[0.363s] Level 1:colcon.colcon_core.package_identification:_identify(.) by extension 'python'
[0.364s] Level 1:colcon.colcon_core.package_identification:_identify(.) by extensions ['python_setup_py']
[0.364s] Level 1:colcon.colcon_core.package_identification:_identify(.) by extension 'python_setup_py'
[0.364s] Level 1:colcon.colcon_core.package_identification:_identify(build) by extensions ['ignore', 'ignore_ament_install']
[0.364s] Level 1:colcon.colcon_core.package_identification:_identify(build) by extension 'ignore'
[0.364s] Level 1:colcon.colcon_core.package_identification:_identify(build) ignored
[0.365s] Level 1:colcon.colcon_core.package_identification:_identify(install) by extensions ['ignore', 'ignore_ament_install']
[0.365s] Level 1:colcon.colcon_core.package_identification:_identify(install) by extension 'ignore'
[0.365s] Level 1:colcon.colcon_core.package_identification:_identify(install) ignored
[0.365s] Level 1:colcon.colcon_core.package_identification:_identify(log) by extensions ['ignore', 'ignore_ament_install']
[0.365s] Level 1:colcon.colcon_core.package_identification:_identify(log) by extension 'ignore'
[0.365s] Level 1:colcon.colcon_core.package_identification:_identify(log) ignored
[0.366s] Level 1:colcon.colcon_core.package_identification:_identify(src) by extensions ['ignore', 'ignore_ament_install']
[0.366s] Level 1:colcon.colcon_core.package_identification:_identify(src) by extension 'ignore'
[0.366s] Level 1:colcon.colcon_core.package_identification:_identify(src) by extension 'ignore_ament_install'
[0.366s] Level 1:colcon.colcon_core.package_identification:_identify(src) by extensions ['colcon_pkg']
[0.366s] Level 1:colcon.colcon_core.package_identification:_identify(src) by extension 'colcon_pkg'
[0.366s] Level 1:colcon.colcon_core.package_identification:_identify(src) by extensions ['colcon_meta']
[0.367s] Level 1:colcon.colcon_core.package_identification:_identify(src) by extension 'colcon_meta'
[0.367s] Level 1:colcon.colcon_core.package_identification:_identify(src) by extensions ['ros']
[0.367s] Level 1:colcon.colcon_core.package_identification:_identify(src) by extension 'ros'
[0.367s] Level 1:colcon.colcon_core.package_identification:_identify(src) by extensions ['cmake', 'python']
[0.367s] Level 1:colcon.colcon_core.package_identification:_identify(src) by extension 'cmake'
[0.367s] Level 1:colcon.colcon_core.package_identification:_identify(src) by extension 'python'
[0.367s] Level 1:colcon.colcon_core.package_identification:_identify(src) by extensions ['python_setup_py']
[0.368s] Level 1:colcon.colcon_core.package_identification:_identify(src) by extension 'python_setup_py'
[0.368s] Level 1:colcon.colcon_core.package_identification:_identify(src/articubot_one) by extensions ['ignore', 'ignore_ament_install']
[0.368s] Level 1:colcon.colcon_core.package_identification:_identify(src/articubot_one) by extension 'ignore'
[0.368s] Level 1:colcon.colcon_core.package_identification:_identify(src/articubot_one) by extension 'ignore_ament_install'
[0.368s] Level 1:colcon.colcon_core.package_identification:_identify(src/articubot_one) by extensions ['colcon_pkg']
[0.368s] Level 1:colcon.colcon_core.package_identification:_identify(src/articubot_one) by extension 'colcon_pkg'
[0.369s] Level 1:colcon.colcon_core.package_identification:_identify(src/articubot_one) by extensions ['colcon_meta']
[0.369s] Level 1:colcon.colcon_core.package_identification:_identify(src/articubot_one) by extension 'colcon_meta'
[0.369s] Level 1:colcon.colcon_core.package_identification:_identify(src/articubot_one) by extensions ['ros']
[0.369s] Level 1:colcon.colcon_core.package_identification:_identify(src/articubot_one) by extension 'ros'
[0.372s] DEBUG:colcon.colcon_core.package_identification:Package 'src/articubot_one' with type 'ros.ament_cmake' and name 'articubot_one'
[0.373s] Level 1:colcon.colcon_core.package_identification:_identify(src/capstone) by extensions ['ignore', 'ignore_ament_install']
[0.373s] Level 1:colcon.colcon_core.package_identification:_identify(src/capstone) by extension 'ignore'
[0.373s] Level 1:colcon.colcon_core.package_identification:_identify(src/capstone) by extension 'ignore_ament_install'
[0.373s] Level 1:colcon.colcon_core.package_identification:_identify(src/capstone) by extensions ['colcon_pkg']
[0.373s] Level 1:colcon.colcon_core.package_identification:_identify(src/capstone) by extension 'colcon_pkg'
[0.373s] Level 1:colcon.colcon_core.package_identification:_identify(src/capstone) by extensions ['colcon_meta']
[0.374s] Level 1:colcon.colcon_core.package_identification:_identify(src/capstone) by extension 'colcon_meta'
[0.374s] Level 1:colcon.colcon_core.package_identification:_identify(src/capstone) by extensions ['ros']
[0.374s] Level 1:colcon.colcon_core.package_identification:_identify(src/capstone) by extension 'ros'
[0.375s] DEBUG:colcon.colcon_core.package_identification:Package 'src/capstone' with type 'ros.ament_cmake' and name 'capstone'
[0.375s] Level 1:colcon.colcon_core.package_identification:_identify(src/diffdrive_arduino) by extensions ['ignore', 'ignore_ament_install']
[0.376s] Level 1:colcon.colcon_core.package_identification:_identify(src/diffdrive_arduino) by extension 'ignore'
[0.376s] Level 1:colcon.colcon_core.package_identification:_identify(src/diffdrive_arduino) by extension 'ignore_ament_install'
[0.376s] Level 1:colcon.colcon_core.package_identification:_identify(src/diffdrive_arduino) by extensions ['colcon_pkg']
[0.376s] Level 1:colcon.colcon_core.package_identification:_identify(src/diffdrive_arduino) by extension 'colcon_pkg'
[0.376s] Level 1:colcon.colcon_core.package_identification:_identify(src/diffdrive_arduino) by extensions ['colcon_meta']
[0.376s] Level 1:colcon.colcon_core.package_identification:_identify(src/diffdrive_arduino) by extension 'colcon_meta'
[0.377s] Level 1:colcon.colcon_core.package_identification:_identify(src/diffdrive_arduino) by extensions ['ros']
[0.377s] Level 1:colcon.colcon_core.package_identification:_identify(src/diffdrive_arduino) by extension 'ros'
[0.378s] DEBUG:colcon.colcon_core.package_identification:Package 'src/diffdrive_arduino' with type 'ros.ament_cmake' and name 'diffdrive_arduino'
[0.379s] Level 1:colcon.colcon_core.package_identification:_identify(src/dynamixel_hardware) by extensions ['ignore', 'ignore_ament_install']
[0.379s] Level 1:colcon.colcon_core.package_identification:_identify(src/dynamixel_hardware) by extension 'ignore'
[0.379s] Level 1:colcon.colcon_core.package_identification:_identify(src/dynamixel_hardware) by extension 'ignore_ament_install'
[0.379s] Level 1:colcon.colcon_core.package_identification:_identify(src/dynamixel_hardware) by extensions ['colcon_pkg']
[0.379s] Level 1:colcon.colcon_core.package_identification:_identify(src/dynamixel_hardware) by extension 'colcon_pkg'
[0.380s] Level 1:colcon.colcon_core.package_identification:_identify(src/dynamixel_hardware) by extensions ['colcon_meta']
[0.380s] Level 1:colcon.colcon_core.package_identification:_identify(src/dynamixel_hardware) by extension 'colcon_meta'
[0.380s] Level 1:colcon.colcon_core.package_identification:_identify(src/dynamixel_hardware) by extensions ['ros']
[0.380s] Level 1:colcon.colcon_core.package_identification:_identify(src/dynamixel_hardware) by extension 'ros'
[0.381s] DEBUG:colcon.colcon_core.package_identification:Package 'src/dynamixel_hardware' with type 'ros.ament_cmake' and name 'dynamixel_hardware'
[0.381s] Level 1:colcon.colcon_core.package_identification:_identify(src/robot) by extensions ['ignore', 'ignore_ament_install']
[0.382s] Level 1:colcon.colcon_core.package_identification:_identify(src/robot) by extension 'ignore'
[0.382s] Level 1:colcon.colcon_core.package_identification:_identify(src/robot) by extension 'ignore_ament_install'
[0.382s] Level 1:colcon.colcon_core.package_identification:_identify(src/robot) by extensions ['colcon_pkg']
[0.382s] Level 1:colcon.colcon_core.package_identification:_identify(src/robot) by extension 'colcon_pkg'
[0.382s] Level 1:colcon.colcon_core.package_identification:_identify(src/robot) by extensions ['colcon_meta']
[0.382s] Level 1:colcon.colcon_core.package_identification:_identify(src/robot) by extension 'colcon_meta'
[0.383s] Level 1:colcon.colcon_core.package_identification:_identify(src/robot) by extensions ['ros']
[0.383s] Level 1:colcon.colcon_core.package_identification:_identify(src/robot) by extension 'ros'
[0.384s] DEBUG:colcon.colcon_core.package_identification:Package 'src/robot' with type 'ros.ament_python' and name 'robot'
[0.384s] Level 1:colcon.colcon_core.package_identification:_identify(src/serial) by extensions ['ignore', 'ignore_ament_install']
[0.384s] Level 1:colcon.colcon_core.package_identification:_identify(src/serial) by extension 'ignore'
[0.385s] Level 1:colcon.colcon_core.package_identification:_identify(src/serial) by extension 'ignore_ament_install'
[0.385s] Level 1:colcon.colcon_core.package_identification:_identify(src/serial) by extensions ['colcon_pkg']
[0.385s] Level 1:colcon.colcon_core.package_identification:_identify(src/serial) by extension 'colcon_pkg'
[0.385s] Level 1:colcon.colcon_core.package_identification:_identify(src/serial) by extensions ['colcon_meta']
[0.385s] Level 1:colcon.colcon_core.package_identification:_identify(src/serial) by extension 'colcon_meta'
[0.385s] Level 1:colcon.colcon_core.package_identification:_identify(src/serial) by extensions ['ros']
[0.385s] Level 1:colcon.colcon_core.package_identification:_identify(src/serial) by extension 'ros'
[0.386s] DEBUG:colcon.colcon_core.package_identification:Package 'src/serial' with type 'ros.ament_cmake' and name 'serial'
[0.387s] Level 1:colcon.colcon_core.package_identification:_identify(src/serial_motor_demo) by extensions ['ignore', 'ignore_ament_install']
[0.387s] Level 1:colcon.colcon_core.package_identification:_identify(src/serial_motor_demo) by extension 'ignore'
[0.387s] Level 1:colcon.colcon_core.package_identification:_identify(src/serial_motor_demo) by extension 'ignore_ament_install'
[0.387s] Level 1:colcon.colcon_core.package_identification:_identify(src/serial_motor_demo) by extensions ['colcon_pkg']
[0.387s] Level 1:colcon.colcon_core.package_identification:_identify(src/serial_motor_demo) by extension 'colcon_pkg'
[0.388s] Level 1:colcon.colcon_core.package_identification:_identify(src/serial_motor_demo) by extensions ['colcon_meta']
[0.388s] Level 1:colcon.colcon_core.package_identification:_identify(src/serial_motor_demo) by extension 'colcon_meta'
[0.388s] Level 1:colcon.colcon_core.package_identification:_identify(src/serial_motor_demo) by extensions ['ros']
[0.388s] Level 1:colcon.colcon_core.package_identification:_identify(src/serial_motor_demo) by extension 'ros'
[0.388s] Level 1:colcon.colcon_core.package_identification:_identify(src/serial_motor_demo) by extensions ['cmake', 'python']
[0.388s] Level 1:colcon.colcon_core.package_identification:_identify(src/serial_motor_demo) by extension 'cmake'
[0.388s] Level 1:colcon.colcon_core.package_identification:_identify(src/serial_motor_demo) by extension 'python'
[0.389s] Level 1:colcon.colcon_core.package_identification:_identify(src/serial_motor_demo) by extensions ['python_setup_py']
[0.389s] Level 1:colcon.colcon_core.package_identification:_identify(src/serial_motor_demo) by extension 'python_setup_py'
[0.389s] Level 1:colcon.colcon_core.package_identification:_identify(src/serial_motor_demo/serial_motor_demo) by extensions ['ignore', 'ignore_ament_install']
[0.389s] Level 1:colcon.colcon_core.package_identification:_identify(src/serial_motor_demo/serial_motor_demo) by extension 'ignore'
[0.389s] Level 1:colcon.colcon_core.package_identification:_identify(src/serial_motor_demo/serial_motor_demo) by extension 'ignore_ament_install'
[0.389s] Level 1:colcon.colcon_core.package_identification:_identify(src/serial_motor_demo/serial_motor_demo) by extensions ['colcon_pkg']
[0.390s] Level 1:colcon.colcon_core.package_identification:_identify(src/serial_motor_demo/serial_motor_demo) by extension 'colcon_pkg'
[0.390s] Level 1:colcon.colcon_core.package_identification:_identify(src/serial_motor_demo/serial_motor_demo) by extensions ['colcon_meta']
[0.390s] Level 1:colcon.colcon_core.package_identification:_identify(src/serial_motor_demo/serial_motor_demo) by extension 'colcon_meta'
[0.390s] Level 1:colcon.colcon_core.package_identification:_identify(src/serial_motor_demo/serial_motor_demo) by extensions ['ros']
[0.390s] Level 1:colcon.colcon_core.package_identification:_identify(src/serial_motor_demo/serial_motor_demo) by extension 'ros'
[0.391s] DEBUG:colcon.colcon_core.package_identification:Package 'src/serial_motor_demo/serial_motor_demo' with type 'ros.ament_python' and name 'serial_motor_demo'
[0.391s] Level 1:colcon.colcon_core.package_identification:_identify(src/serial_motor_demo/serial_motor_demo_msgs) by extensions ['ignore', 'ignore_ament_install']
[0.391s] Level 1:colcon.colcon_core.package_identification:_identify(src/serial_motor_demo/serial_motor_demo_msgs) by extension 'ignore'
[0.392s] Level 1:colcon.colcon_core.package_identification:_identify(src/serial_motor_demo/serial_motor_demo_msgs) by extension 'ignore_ament_install'
[0.392s] Level 1:colcon.colcon_core.package_identification:_identify(src/serial_motor_demo/serial_motor_demo_msgs) by extensions ['colcon_pkg']
[0.392s] Level 1:colcon.colcon_core.package_identification:_identify(src/serial_motor_demo/serial_motor_demo_msgs) by extension 'colcon_pkg'
[0.392s] Level 1:colcon.colcon_core.package_identification:_identify(src/serial_motor_demo/serial_motor_demo_msgs) by extensions ['colcon_meta']
[0.392s] Level 1:colcon.colcon_core.package_identification:_identify(src/serial_motor_demo/serial_motor_demo_msgs) by extension 'colcon_meta'
[0.392s] Level 1:colcon.colcon_core.package_identification:_identify(src/serial_motor_demo/serial_motor_demo_msgs) by extensions ['ros']
[0.393s] Level 1:colcon.colcon_core.package_identification:_identify(src/serial_motor_demo/serial_motor_demo_msgs) by extension 'ros'
[0.393s] DEBUG:colcon.colcon_core.package_identification:Package 'src/serial_motor_demo/serial_motor_demo_msgs' with type 'ros.ament_cmake' and name 'serial_motor_demo_msgs'
[0.394s] Level 1:colcon.colcon_core.package_identification:_identify(src/sllidar_ros2) by extensions ['ignore', 'ignore_ament_install']
[0.394s] Level 1:colcon.colcon_core.package_identification:_identify(src/sllidar_ros2) by extension 'ignore'
[0.394s] Level 1:colcon.colcon_core.package_identification:_identify(src/sllidar_ros2) by extension 'ignore_ament_install'
[0.394s] Level 1:colcon.colcon_core.package_identification:_identify(src/sllidar_ros2) by extensions ['colcon_pkg']
[0.395s] Level 1:colcon.colcon_core.package_identification:_identify(src/sllidar_ros2) by extension 'colcon_pkg'
[0.395s] Level 1:colcon.colcon_core.package_identification:_identify(src/sllidar_ros2) by extensions ['colcon_meta']
[0.395s] Level 1:colcon.colcon_core.package_identification:_identify(src/sllidar_ros2) by extension 'colcon_meta'
[0.395s] Level 1:colcon.colcon_core.package_identification:_identify(src/sllidar_ros2) by extensions ['ros']
[0.395s] Level 1:colcon.colcon_core.package_identification:_identify(src/sllidar_ros2) by extension 'ros'
[0.396s] DEBUG:colcon.colcon_core.package_identification:Package 'src/sllidar_ros2' with type 'ros.ament_cmake' and name 'sllidar_ros2'
[0.396s] Level 1:colcon.colcon_core.package_discovery:discover_packages(recursive) using defaults
[0.396s] Level 1:colcon.colcon_core.package_discovery:discover_packages(ignore) discover
[0.397s] Level 1:colcon.colcon_core.package_discovery:discover_packages(ignore) using defaults
[0.397s] Level 1:colcon.colcon_core.package_discovery:discover_packages(path) discover
[0.397s] Level 1:colcon.colcon_core.package_discovery:discover_packages(path) using defaults
[0.435s] Level 1:colcon.colcon_core.package_discovery:discover_packages(prefix_path) check parameters
[0.436s] Level 1:colcon.colcon_core.package_discovery:discover_packages(prefix_path) discover
[0.439s] DEBUG:colcon.colcon_installed_package_information.package_discovery:Found 5 installed packages in /home/su1jun/Capstone/colcon_ws/install
[0.440s] DEBUG:colcon.colcon_installed_package_information.package_discovery:Found 9 installed packages in /home/su1jun/Capstone/ros2_ws/install
[0.442s] DEBUG:colcon.colcon_installed_package_information.package_discovery:Found 372 installed packages in /opt/ros/humble
[0.445s] Level 1:colcon.colcon_core.package_discovery:discover_packages(prefix_path) using defaults
[0.506s] Level 5:colcon.colcon_core.verb:set package 'articubot_one' build argument 'cmake_args' from command line to 'None'
[0.506s] Level 5:colcon.colcon_core.verb:set package 'articubot_one' build argument 'cmake_target' from command line to 'None'
[0.506s] Level 5:colcon.colcon_core.verb:set package 'articubot_one' build argument 'cmake_target_skip_unavailable' from command line to 'False'
[0.506s] Level 5:colcon.colcon_core.verb:set package 'articubot_one' build argument 'cmake_clean_cache' from command line to 'False'
[0.507s] Level 5:colcon.colcon_core.verb:set package 'articubot_one' build argument 'cmake_clean_first' from command line to 'False'
[0.507s] Level 5:colcon.colcon_core.verb:set package 'articubot_one' build argument 'cmake_force_configure' from command line to 'False'
[0.507s] Level 5:colcon.colcon_core.verb:set package 'articubot_one' build argument 'ament_cmake_args' from command line to 'None'
[0.507s] Level 5:colcon.colcon_core.verb:set package 'articubot_one' build argument 'catkin_cmake_args' from command line to 'None'
[0.507s] Level 5:colcon.colcon_core.verb:set package 'articubot_one' build argument 'catkin_skip_building_tests' from command line to 'False'
[0.507s] DEBUG:colcon.colcon_core.verb:Building package 'articubot_one' with the following arguments: {'ament_cmake_args': None, 'build_base': '/home/su1jun/Capstone/ros2_ws/build/articubot_one', 'catkin_cmake_args': None, 'catkin_skip_building_tests': False, 'cmake_args': None, 'cmake_clean_cache': False, 'cmake_clean_first': False, 'cmake_force_configure': False, 'cmake_target': None, 'cmake_target_skip_unavailable': False, 'install_base': '/home/su1jun/Capstone/ros2_ws/install/articubot_one', 'merge_install': False, 'path': '/home/su1jun/Capstone/ros2_ws/src/articubot_one', 'symlink_install': True, 'test_result_base': None}
[0.508s] Level 5:colcon.colcon_core.verb:set package 'capstone' build argument 'cmake_args' from command line to 'None'
[0.508s] Level 5:colcon.colcon_core.verb:set package 'capstone' build argument 'cmake_target' from command line to 'None'
[0.508s] Level 5:colcon.colcon_core.verb:set package 'capstone' build argument 'cmake_target_skip_unavailable' from command line to 'False'
[0.508s] Level 5:colcon.colcon_core.verb:set package 'capstone' build argument 'cmake_clean_cache' from command line to 'False'
[0.508s] Level 5:colcon.colcon_core.verb:set package 'capstone' build argument 'cmake_clean_first' from command line to 'False'
[0.508s] Level 5:colcon.colcon_core.verb:set package 'capstone' build argument 'cmake_force_configure' from command line to 'False'
[0.509s] Level 5:colcon.colcon_core.verb:set package 'capstone' build argument 'ament_cmake_args' from command line to 'None'
[0.509s] Level 5:colcon.colcon_core.verb:set package 'capstone' build argument 'catkin_cmake_args' from command line to 'None'
[0.509s] Level 5:colcon.colcon_core.verb:set package 'capstone' build argument 'catkin_skip_building_tests' from command line to 'False'
[0.509s] DEBUG:colcon.colcon_core.verb:Building package 'capstone' with the following arguments: {'ament_cmake_args': None, 'build_base': '/home/su1jun/Capstone/ros2_ws/build/capstone', 'catkin_cmake_args': None, 'catkin_skip_building_tests': False, 'cmake_args': None, 'cmake_clean_cache': False, 'cmake_clean_first': False, 'cmake_force_configure': False, 'cmake_target': None, 'cmake_target_skip_unavailable': False, 'install_base': '/home/su1jun/Capstone/ros2_ws/install/capstone', 'merge_install': False, 'path': '/home/su1jun/Capstone/ros2_ws/src/capstone', 'symlink_install': True, 'test_result_base': None}
[0.510s] Level 5:colcon.colcon_core.verb:set package 'dynamixel_hardware' build argument 'cmake_args' from command line to 'None'
[0.510s] Level 5:colcon.colcon_core.verb:set package 'dynamixel_hardware' build argument 'cmake_target' from command line to 'None'
[0.510s] Level 5:colcon.colcon_core.verb:set package 'dynamixel_hardware' build argument 'cmake_target_skip_unavailable' from command line to 'False'
[0.510s] Level 5:colcon.colcon_core.verb:set package 'dynamixel_hardware' build argument 'cmake_clean_cache' from command line to 'False'
[0.510s] Level 5:colcon.colcon_core.verb:set package 'dynamixel_hardware' build argument 'cmake_clean_first' from command line to 'False'
[0.510s] Level 5:colcon.colcon_core.verb:set package 'dynamixel_hardware' build argument 'cmake_force_configure' from command line to 'False'
[0.510s] Level 5:colcon.colcon_core.verb:set package 'dynamixel_hardware' build argument 'ament_cmake_args' from command line to 'None'
[0.510s] Level 5:colcon.colcon_core.verb:set package 'dynamixel_hardware' build argument 'catkin_cmake_args' from command line to 'None'
[0.511s] Level 5:colcon.colcon_core.verb:set package 'dynamixel_hardware' build argument 'catkin_skip_building_tests' from command line to 'False'
[0.511s] DEBUG:colcon.colcon_core.verb:Building package 'dynamixel_hardware' with the following arguments: {'ament_cmake_args': None, 'build_base': '/home/su1jun/Capstone/ros2_ws/build/dynamixel_hardware', 'catkin_cmake_args': None, 'catkin_skip_building_tests': False, 'cmake_args': None, 'cmake_clean_cache': False, 'cmake_clean_first': False, 'cmake_force_configure': False, 'cmake_target': None, 'cmake_target_skip_unavailable': False, 'install_base': '/home/su1jun/Capstone/ros2_ws/install/dynamixel_hardware', 'merge_install': False, 'path': '/home/su1jun/Capstone/ros2_ws/src/dynamixel_hardware', 'symlink_install': True, 'test_result_base': None}
[0.511s] Level 5:colcon.colcon_core.verb:set package 'robot' build argument 'cmake_args' from command line to 'None'
[0.511s] Level 5:colcon.colcon_core.verb:set package 'robot' build argument 'cmake_target' from command line to 'None'
[0.512s] Level 5:colcon.colcon_core.verb:set package 'robot' build argument 'cmake_target_skip_unavailable' from command line to 'False'
[0.512s] Level 5:colcon.colcon_core.verb:set package 'robot' build argument 'cmake_clean_cache' from command line to 'False'
[0.512s] Level 5:colcon.colcon_core.verb:set package 'robot' build argument 'cmake_clean_first' from command line to 'False'
[0.512s] Level 5:colcon.colcon_core.verb:set package 'robot' build argument 'cmake_force_configure' from command line to 'False'
[0.512s] Level 5:colcon.colcon_core.verb:set package 'robot' build argument 'ament_cmake_args' from command line to 'None'
[0.512s] Level 5:colcon.colcon_core.verb:set package 'robot' build argument 'catkin_cmake_args' from command line to 'None'
[0.512s] Level 5:colcon.colcon_core.verb:set package 'robot' build argument 'catkin_skip_building_tests' from command line to 'False'
[0.512s] DEBUG:colcon.colcon_core.verb:Building package 'robot' with the following arguments: {'ament_cmake_args': None, 'build_base': '/home/su1jun/Capstone/ros2_ws/build/robot', 'catkin_cmake_args': None, 'catkin_skip_building_tests': False, 'cmake_args': None, 'cmake_clean_cache': False, 'cmake_clean_first': False, 'cmake_force_configure': False, 'cmake_target': None, 'cmake_target_skip_unavailable': False, 'install_base': '/home/su1jun/Capstone/ros2_ws/install/robot', 'merge_install': False, 'path': '/home/su1jun/Capstone/ros2_ws/src/robot', 'symlink_install': True, 'test_result_base': None}
[0.513s] Level 5:colcon.colcon_core.verb:set package 'serial' build argument 'cmake_args' from command line to 'None'
[0.513s] Level 5:colcon.colcon_core.verb:set package 'serial' build argument 'cmake_target' from command line to 'None'
[0.513s] Level 5:colcon.colcon_core.verb:set package 'serial' build argument 'cmake_target_skip_unavailable' from command line to 'False'
[0.513s] Level 5:colcon.colcon_core.verb:set package 'serial' build argument 'cmake_clean_cache' from command line to 'False'
[0.514s] Level 5:colcon.colcon_core.verb:set package 'serial' build argument 'cmake_clean_first' from command line to 'False'
[0.514s] Level 5:colcon.colcon_core.verb:set package 'serial' build argument 'cmake_force_configure' from command line to 'False'
[0.514s] Level 5:colcon.colcon_core.verb:set package 'serial' build argument 'ament_cmake_args' from command line to 'None'
[0.514s] Level 5:colcon.colcon_core.verb:set package 'serial' build argument 'catkin_cmake_args' from command line to 'None'
[0.514s] Level 5:colcon.colcon_core.verb:set package 'serial' build argument 'catkin_skip_building_tests' from command line to 'False'
[0.514s] DEBUG:colcon.colcon_core.verb:Building package 'serial' with the following arguments: {'ament_cmake_args': None, 'build_base': '/home/su1jun/Capstone/ros2_ws/build/serial', 'catkin_cmake_args': None, 'catkin_skip_building_tests': False, 'cmake_args': None, 'cmake_clean_cache': False, 'cmake_clean_first': False, 'cmake_force_configure': False, 'cmake_target': None, 'cmake_target_skip_unavailable': False, 'install_base': '/home/su1jun/Capstone/ros2_ws/install/serial', 'merge_install': False, 'path': '/home/su1jun/Capstone/ros2_ws/src/serial', 'symlink_install': True, 'test_result_base': None}
[0.515s] Level 5:colcon.colcon_core.verb:set package 'serial_motor_demo_msgs' build argument 'cmake_args' from command line to 'None'
[0.515s] Level 5:colcon.colcon_core.verb:set package 'serial_motor_demo_msgs' build argument 'cmake_target' from command line to 'None'
[0.515s] Level 5:colcon.colcon_core.verb:set package 'serial_motor_demo_msgs' build argument 'cmake_target_skip_unavailable' from command line to 'False'
[0.516s] Level 5:colcon.colcon_core.verb:set package 'serial_motor_demo_msgs' build argument 'cmake_clean_cache' from command line to 'False'
[0.516s] Level 5:colcon.colcon_core.verb:set package 'serial_motor_demo_msgs' build argument 'cmake_clean_first' from command line to 'False'
[0.516s] Level 5:colcon.colcon_core.verb:set package 'serial_motor_demo_msgs' build argument 'cmake_force_configure' from command line to 'False'
[0.516s] Level 5:colcon.colcon_core.verb:set package 'serial_motor_demo_msgs' build argument 'ament_cmake_args' from command line to 'None'
[0.516s] Level 5:colcon.colcon_core.verb:set package 'serial_motor_demo_msgs' build argument 'catkin_cmake_args' from command line to 'None'
[0.516s] Level 5:colcon.colcon_core.verb:set package 'serial_motor_demo_msgs' build argument 'catkin_skip_building_tests' from command line to 'False'
[0.516s] DEBUG:colcon.colcon_core.verb:Building package 'serial_motor_demo_msgs' with the following arguments: {'ament_cmake_args': None, 'build_base': '/home/su1jun/Capstone/ros2_ws/build/serial_motor_demo_msgs', 'catkin_cmake_args': None, 'catkin_skip_building_tests': False, 'cmake_args': None, 'cmake_clean_cache': False, 'cmake_clean_first': False, 'cmake_force_configure': False, 'cmake_target': None, 'cmake_target_skip_unavailable': False, 'install_base': '/home/su1jun/Capstone/ros2_ws/install/serial_motor_demo_msgs', 'merge_install': False, 'path': '/home/su1jun/Capstone/ros2_ws/src/serial_motor_demo/serial_motor_demo_msgs', 'symlink_install': True, 'test_result_base': None}
[0.517s] Level 5:colcon.colcon_core.verb:set package 'sllidar_ros2' build argument 'cmake_args' from command line to 'None'
[0.517s] Level 5:colcon.colcon_core.verb:set package 'sllidar_ros2' build argument 'cmake_target' from command line to 'None'
[0.517s] Level 5:colcon.colcon_core.verb:set package 'sllidar_ros2' build argument 'cmake_target_skip_unavailable' from command line to 'False'
[0.517s] Level 5:colcon.colcon_core.verb:set package 'sllidar_ros2' build argument 'cmake_clean_cache' from command line to 'False'
[0.518s] Level 5:colcon.colcon_core.verb:set package 'sllidar_ros2' build argument 'cmake_clean_first' from command line to 'False'
[0.518s] Level 5:colcon.colcon_core.verb:set package 'sllidar_ros2' build argument 'cmake_force_configure' from command line to 'False'
[0.518s] Level 5:colcon.colcon_core.verb:set package 'sllidar_ros2' build argument 'ament_cmake_args' from command line to 'None'
[0.518s] Level 5:colcon.colcon_core.verb:set package 'sllidar_ros2' build argument 'catkin_cmake_args' from command line to 'None'
[0.518s] Level 5:colcon.colcon_core.verb:set package 'sllidar_ros2' build argument 'catkin_skip_building_tests' from command line to 'False'
[0.518s] DEBUG:colcon.colcon_core.verb:Building package 'sllidar_ros2' with the following arguments: {'ament_cmake_args': None, 'build_base': '/home/su1jun/Capstone/ros2_ws/build/sllidar_ros2', 'catkin_cmake_args': None, 'catkin_skip_building_tests': False, 'cmake_args': None, 'cmake_clean_cache': False, 'cmake_clean_first': False, 'cmake_force_configure': False, 'cmake_target': None, 'cmake_target_skip_unavailable': False, 'install_base': '/home/su1jun/Capstone/ros2_ws/install/sllidar_ros2', 'merge_install': False, 'path': '/home/su1jun/Capstone/ros2_ws/src/sllidar_ros2', 'symlink_install': True, 'test_result_base': None}
[0.519s] Level 5:colcon.colcon_core.verb:set package 'diffdrive_arduino' build argument 'cmake_args' from command line to 'None'
[0.519s] Level 5:colcon.colcon_core.verb:set package 'diffdrive_arduino' build argument 'cmake_target' from command line to 'None'
[0.519s] Level 5:colcon.colcon_core.verb:set package 'diffdrive_arduino' build argument 'cmake_target_skip_unavailable' from command line to 'False'
[0.519s] Level 5:colcon.colcon_core.verb:set package 'diffdrive_arduino' build argument 'cmake_clean_cache' from command line to 'False'
[0.520s] Level 5:colcon.colcon_core.verb:set package 'diffdrive_arduino' build argument 'cmake_clean_first' from command line to 'False'
[0.520s] Level 5:colcon.colcon_core.verb:set package 'diffdrive_arduino' build argument 'cmake_force_configure' from command line to 'False'
[0.520s] Level 5:colcon.colcon_core.verb:set package 'diffdrive_arduino' build argument 'ament_cmake_args' from command line to 'None'
[0.520s] Level 5:colcon.colcon_core.verb:set package 'diffdrive_arduino' build argument 'catkin_cmake_args' from command line to 'None'
[0.520s] Level 5:colcon.colcon_core.verb:set package 'diffdrive_arduino' build argument 'catkin_skip_building_tests' from command line to 'False'
[0.520s] DEBUG:colcon.colcon_core.verb:Building package 'diffdrive_arduino' with the following arguments: {'ament_cmake_args': None, 'build_base': '/home/su1jun/Capstone/ros2_ws/build/diffdrive_arduino', 'catkin_cmake_args': None, 'catkin_skip_building_tests': False, 'cmake_args': None, 'cmake_clean_cache': False, 'cmake_clean_first': False, 'cmake_force_configure': False, 'cmake_target': None, 'cmake_target_skip_unavailable': False, 'install_base': '/home/su1jun/Capstone/ros2_ws/install/diffdrive_arduino', 'merge_install': False, 'path': '/home/su1jun/Capstone/ros2_ws/src/diffdrive_arduino', 'symlink_install': True, 'test_result_base': None}
[0.521s] Level 5:colcon.colcon_core.verb:set package 'serial_motor_demo' build argument 'cmake_args' from command line to 'None'
[0.521s] Level 5:colcon.colcon_core.verb:set package 'serial_motor_demo' build argument 'cmake_target' from command line to 'None'
[0.521s] Level 5:colcon.colcon_core.verb:set package 'serial_motor_demo' build argument 'cmake_target_skip_unavailable' from command line to 'False'
[0.521s] Level 5:colcon.colcon_core.verb:set package 'serial_motor_demo' build argument 'cmake_clean_cache' from command line to 'False'
[0.521s] Level 5:colcon.colcon_core.verb:set package 'serial_motor_demo' build argument 'cmake_clean_first' from command line to 'False'
[0.521s] Level 5:colcon.colcon_core.verb:set package 'serial_motor_demo' build argument 'cmake_force_configure' from command line to 'False'
[0.522s] Level 5:colcon.colcon_core.verb:set package 'serial_motor_demo' build argument 'ament_cmake_args' from command line to 'None'
[0.522s] Level 5:colcon.colcon_core.verb:set package 'serial_motor_demo' build argument 'catkin_cmake_args' from command line to 'None'
[0.522s] Level 5:colcon.colcon_core.verb:set package 'serial_motor_demo' build argument 'catkin_skip_building_tests' from command line to 'False'
[0.522s] DEBUG:colcon.colcon_core.verb:Building package 'serial_motor_demo' with the following arguments: {'ament_cmake_args': None, 'build_base': '/home/su1jun/Capstone/ros2_ws/build/serial_motor_demo', 'catkin_cmake_args': None, 'catkin_skip_building_tests': False, 'cmake_args': None, 'cmake_clean_cache': False, 'cmake_clean_first': False, 'cmake_force_configure': False, 'cmake_target': None, 'cmake_target_skip_unavailable': False, 'install_base': '/home/su1jun/Capstone/ros2_ws/install/serial_motor_demo', 'merge_install': False, 'path': '/home/su1jun/Capstone/ros2_ws/src/serial_motor_demo/serial_motor_demo', 'symlink_install': True, 'test_result_base': None}
[0.523s] INFO:colcon.colcon_core.executor:Executing jobs using 'parallel' executor
[0.524s] DEBUG:colcon.colcon_parallel_executor.executor.parallel:run_until_complete
[0.525s] INFO:colcon.colcon_ros.task.ament_cmake.build:Building ROS package in '/home/su1jun/Capstone/ros2_ws/src/serial' with build type 'ament_cmake'
[0.525s] INFO:colcon.colcon_cmake.task.cmake.build:Building CMake package in '/home/su1jun/Capstone/ros2_ws/src/serial'
[0.528s] INFO:colcon.colcon_core.plugin_system:Skipping extension 'colcon_core.shell.bat': Not used on non-Windows systems
[0.528s] INFO:colcon.colcon_core.shell:Skip shell extension 'powershell' for command environment: Not usable outside of PowerShell
[0.528s] DEBUG:colcon.colcon_core.shell:Skip shell extension 'dsv' for command environment
[0.535s] INFO:colcon.colcon_ros.task.ament_cmake.build:Building ROS package in '/home/su1jun/Capstone/ros2_ws/src/serial_motor_demo/serial_motor_demo_msgs' with build type 'ament_cmake'
[0.536s] INFO:colcon.colcon_cmake.task.cmake.build:Building CMake package in '/home/su1jun/Capstone/ros2_ws/src/serial_motor_demo/serial_motor_demo_msgs'
[0.536s] INFO:colcon.colcon_core.shell:Skip shell extension 'powershell' for command environment: Not usable outside of PowerShell
[0.536s] DEBUG:colcon.colcon_core.shell:Skip shell extension 'dsv' for command environment
[0.545s] INFO:colcon.colcon_ros.task.ament_cmake.build:Building ROS package in '/home/su1jun/Capstone/ros2_ws/src/articubot_one' with build type 'ament_cmake'
[0.545s] INFO:colcon.colcon_cmake.task.cmake.build:Building CMake package in '/home/su1jun/Capstone/ros2_ws/src/articubot_one'
[0.546s] INFO:colcon.colcon_core.shell:Skip shell extension 'powershell' for command environment: Not usable outside of PowerShell
[0.546s] DEBUG:colcon.colcon_core.shell:Skip shell extension 'dsv' for command environment
[0.555s] INFO:colcon.colcon_ros.task.ament_cmake.build:Building ROS package in '/home/su1jun/Capstone/ros2_ws/src/capstone' with build type 'ament_cmake'
[0.555s] INFO:colcon.colcon_cmake.task.cmake.build:Building CMake package in '/home/su1jun/Capstone/ros2_ws/src/capstone'
[0.556s] INFO:colcon.colcon_core.shell:Skip shell extension 'powershell' for command environment: Not usable outside of PowerShell
[0.556s] DEBUG:colcon.colcon_core.shell:Skip shell extension 'dsv' for command environment
[0.567s] DEBUG:colcon.colcon_core.event_handler.log_command:Invoking command in '/home/su1jun/Capstone/ros2_ws/build/serial': CMAKE_PREFIX_PATH=${CMAKE_PREFIX_PATH}:/home/su1jun/Capstone/ros2_ws/install/robot:/opt/ros/humble /usr/bin/cmake --build /home/su1jun/Capstone/ros2_ws/build/serial -- -j4 -l4
[0.581s] DEBUG:colcon.colcon_core.event_handler.log_command:Invoking command in '/home/su1jun/Capstone/ros2_ws/build/serial_motor_demo_msgs': CMAKE_PREFIX_PATH=${CMAKE_PREFIX_PATH}:/home/su1jun/Capstone/ros2_ws/install/robot:/opt/ros/humble /usr/bin/cmake --build /home/su1jun/Capstone/ros2_ws/build/serial_motor_demo_msgs -- -j4 -l4
[0.597s] DEBUG:colcon.colcon_core.event_handler.log_command:Invoking command in '/home/su1jun/Capstone/ros2_ws/build/articubot_one': CMAKE_PREFIX_PATH=${CMAKE_PREFIX_PATH}:/home/su1jun/Capstone/ros2_ws/install/robot:/opt/ros/humble /usr/bin/cmake --build /home/su1jun/Capstone/ros2_ws/build/articubot_one -- -j4 -l4
[0.639s] DEBUG:colcon.colcon_core.event_handler.log_command:Invoking command in '/home/su1jun/Capstone/ros2_ws/build/capstone': CMAKE_PREFIX_PATH=${CMAKE_PREFIX_PATH}:/home/su1jun/Capstone/ros2_ws/install/robot:/opt/ros/humble /usr/bin/cmake --build /home/su1jun/Capstone/ros2_ws/build/capstone -- -j4 -l4
[0.666s] DEBUG:colcon.colcon_core.event_handler.log_command:Invoked command in '/home/su1jun/Capstone/ros2_ws/build/articubot_one' returned '0': CMAKE_PREFIX_PATH=${CMAKE_PREFIX_PATH}:/home/su1jun/Capstone/ros2_ws/install/robot:/opt/ros/humble /usr/bin/cmake --build /home/su1jun/Capstone/ros2_ws/build/articubot_one -- -j4 -l4
[0.740s] DEBUG:colcon.colcon_core.event_handler.log_command:Invoked command in '/home/su1jun/Capstone/ros2_ws/build/capstone' returned '0': CMAKE_PREFIX_PATH=${CMAKE_PREFIX_PATH}:/home/su1jun/Capstone/ros2_ws/install/robot:/opt/ros/humble /usr/bin/cmake --build /home/su1jun/Capstone/ros2_ws/build/capstone -- -j4 -l4
[0.785s] DEBUG:colcon.colcon_core.event_handler.log_command:Invoking command in '/home/su1jun/Capstone/ros2_ws/build/articubot_one': CMAKE_PREFIX_PATH=${CMAKE_PREFIX_PATH}:/home/su1jun/Capstone/ros2_ws/install/robot:/opt/ros/humble /usr/bin/cmake --install /home/su1jun/Capstone/ros2_ws/build/articubot_one
[0.810s] DEBUG:colcon.colcon_core.event_handler.log_command:Invoking command in '/home/su1jun/Capstone/ros2_ws/build/capstone': CMAKE_PREFIX_PATH=${CMAKE_PREFIX_PATH}:/home/su1jun/Capstone/ros2_ws/install/robot:/opt/ros/humble /usr/bin/cmake --install /home/su1jun/Capstone/ros2_ws/build/capstone
[0.876s] Level 1:colcon.colcon_core.environment:create_environment_scripts_only(articubot_one)
[0.879s] Level 1:colcon.colcon_core.environment:checking '/home/su1jun/Capstone/ros2_ws/install/articubot_one' for CMake module files
[0.881s] Level 1:colcon.colcon_core.environment:checking '/home/su1jun/Capstone/ros2_ws/install/articubot_one' for CMake config files
[0.883s] DEBUG:colcon.colcon_core.event_handler.log_command:Invoked command in '/home/su1jun/Capstone/ros2_ws/build/articubot_one' returned '0': CMAKE_PREFIX_PATH=${CMAKE_PREFIX_PATH}:/home/su1jun/Capstone/ros2_ws/install/robot:/opt/ros/humble /usr/bin/cmake --install /home/su1jun/Capstone/ros2_ws/build/articubot_one
[0.884s] Level 1:colcon.colcon_core.shell:create_environment_hook('articubot_one', 'cmake_prefix_path')
[0.884s] INFO:colcon.colcon_core.shell:Creating environment hook '/home/su1jun/Capstone/ros2_ws/install/articubot_one/share/articubot_one/hook/cmake_prefix_path.ps1'
[0.885s] INFO:colcon.colcon_core.shell:Creating environment descriptor '/home/su1jun/Capstone/ros2_ws/install/articubot_one/share/articubot_one/hook/cmake_prefix_path.dsv'
[0.885s] INFO:colcon.colcon_core.shell:Creating environment hook '/home/su1jun/Capstone/ros2_ws/install/articubot_one/share/articubot_one/hook/cmake_prefix_path.sh'
[0.887s] Level 1:colcon.colcon_core.environment:checking '/home/su1jun/Capstone/ros2_ws/install/articubot_one/bin'
[0.887s] Level 1:colcon.colcon_core.environment:checking '/home/su1jun/Capstone/ros2_ws/install/articubot_one/lib/pkgconfig/articubot_one.pc'
[0.887s] Level 1:colcon.colcon_core.environment:checking '/home/su1jun/Capstone/ros2_ws/install/articubot_one/lib/python3.10/site-packages'
[0.887s] Level 1:colcon.colcon_core.environment:checking '/home/su1jun/Capstone/ros2_ws/install/articubot_one/bin'
[0.888s] INFO:colcon.colcon_core.shell:Creating package script '/home/su1jun/Capstone/ros2_ws/install/articubot_one/share/articubot_one/package.ps1'
[0.889s] INFO:colcon.colcon_core.shell:Creating package descriptor '/home/su1jun/Capstone/ros2_ws/install/articubot_one/share/articubot_one/package.dsv'
[0.890s] INFO:colcon.colcon_core.shell:Creating package script '/home/su1jun/Capstone/ros2_ws/install/articubot_one/share/articubot_one/package.sh'
[0.891s] INFO:colcon.colcon_core.shell:Creating package script '/home/su1jun/Capstone/ros2_ws/install/articubot_one/share/articubot_one/package.bash'
[0.898s] INFO:colcon.colcon_core.shell:Creating package script '/home/su1jun/Capstone/ros2_ws/install/articubot_one/share/articubot_one/package.zsh'
[0.899s] Level 1:colcon.colcon_core.environment:create_file_with_runtime_dependencies(/home/su1jun/Capstone/ros2_ws/install/articubot_one/share/colcon-core/packages/articubot_one)
[0.925s] Level 1:colcon.colcon_core.environment:create_environment_scripts_only(capstone)
[0.925s] Level 1:colcon.colcon_core.environment:checking '/home/su1jun/Capstone/ros2_ws/install/capstone' for CMake module files
[0.926s] Level 1:colcon.colcon_core.environment:checking '/home/su1jun/Capstone/ros2_ws/install/capstone' for CMake config files
[0.926s] Level 1:colcon.colcon_core.shell:create_environment_hook('capstone', 'cmake_prefix_path')
[0.927s] INFO:colcon.colcon_core.shell:Creating environment hook '/home/su1jun/Capstone/ros2_ws/install/capstone/share/capstone/hook/cmake_prefix_path.ps1'
[0.927s] DEBUG:colcon.colcon_core.event_handler.log_command:Invoked command in '/home/su1jun/Capstone/ros2_ws/build/capstone' returned '0': CMAKE_PREFIX_PATH=${CMAKE_PREFIX_PATH}:/home/su1jun/Capstone/ros2_ws/install/robot:/opt/ros/humble /usr/bin/cmake --install /home/su1jun/Capstone/ros2_ws/build/capstone
[0.930s] INFO:colcon.colcon_core.shell:Creating environment descriptor '/home/su1jun/Capstone/ros2_ws/install/capstone/share/capstone/hook/cmake_prefix_path.dsv'
[0.930s] INFO:colcon.colcon_core.shell:Creating environment hook '/home/su1jun/Capstone/ros2_ws/install/capstone/share/capstone/hook/cmake_prefix_path.sh'
[0.931s] Level 1:colcon.colcon_core.environment:checking '/home/su1jun/Capstone/ros2_ws/install/capstone/bin'
[0.931s] Level 1:colcon.colcon_core.environment:checking '/home/su1jun/Capstone/ros2_ws/install/capstone/lib/pkgconfig/capstone.pc'
[0.932s] Level 1:colcon.colcon_core.environment:checking '/home/su1jun/Capstone/ros2_ws/install/capstone/lib/python3.10/site-packages'
[0.932s] Level 1:colcon.colcon_core.environment:checking '/home/su1jun/Capstone/ros2_ws/install/capstone/bin'
[0.932s] INFO:colcon.colcon_core.shell:Creating package script '/home/su1jun/Capstone/ros2_ws/install/capstone/share/capstone/package.ps1'
[0.933s] INFO:colcon.colcon_core.shell:Creating package descriptor '/home/su1jun/Capstone/ros2_ws/install/capstone/share/capstone/package.dsv'
[0.934s] INFO:colcon.colcon_core.shell:Creating package script '/home/su1jun/Capstone/ros2_ws/install/capstone/share/capstone/package.sh'
[0.934s] INFO:colcon.colcon_core.shell:Creating package script '/home/su1jun/Capstone/ros2_ws/install/capstone/share/capstone/package.bash'
[0.937s] INFO:colcon.colcon_core.shell:Creating package script '/home/su1jun/Capstone/ros2_ws/install/capstone/share/capstone/package.zsh'
[0.938s] Level 1:colcon.colcon_core.environment:create_file_with_runtime_dependencies(/home/su1jun/Capstone/ros2_ws/install/capstone/share/colcon-core/packages/capstone)
[0.974s] DEBUG:colcon.colcon_core.event_handler.log_command:Invoked command in '/home/su1jun/Capstone/ros2_ws/build/serial' returned '0': CMAKE_PREFIX_PATH=${CMAKE_PREFIX_PATH}:/home/su1jun/Capstone/ros2_ws/install/robot:/opt/ros/humble /usr/bin/cmake --build /home/su1jun/Capstone/ros2_ws/build/serial -- -j4 -l4
[1.024s] Level 1:colcon.colcon_core.environment:create_environment_scripts_only(articubot_one)
[1.024s] Level 1:colcon.colcon_core.environment:checking '/home/su1jun/Capstone/ros2_ws/install/articubot_one' for CMake module files
[1.025s] Level 1:colcon.colcon_core.environment:checking '/home/su1jun/Capstone/ros2_ws/install/articubot_one' for CMake config files
[1.025s] Level 1:colcon.colcon_core.shell:create_environment_hook('articubot_one', 'cmake_prefix_path')
[1.031s] INFO:colcon.colcon_core.shell:Creating environment hook '/home/su1jun/Capstone/ros2_ws/install/articubot_one/share/articubot_one/hook/cmake_prefix_path.ps1'
[1.032s] INFO:colcon.colcon_core.shell:Creating environment descriptor '/home/su1jun/Capstone/ros2_ws/install/articubot_one/share/articubot_one/hook/cmake_prefix_path.dsv'
[1.033s] INFO:colcon.colcon_core.shell:Creating environment hook '/home/su1jun/Capstone/ros2_ws/install/articubot_one/share/articubot_one/hook/cmake_prefix_path.sh'
[1.034s] Level 1:colcon.colcon_core.environment:checking '/home/su1jun/Capstone/ros2_ws/install/articubot_one/bin'
[1.034s] Level 1:colcon.colcon_core.environment:checking '/home/su1jun/Capstone/ros2_ws/install/articubot_one/lib/pkgconfig/articubot_one.pc'
[1.035s] Level 1:colcon.colcon_core.environment:checking '/home/su1jun/Capstone/ros2_ws/install/articubot_one/lib/python3.10/site-packages'
[1.035s] Level 1:colcon.colcon_core.environment:checking '/home/su1jun/Capstone/ros2_ws/install/articubot_one/bin'
[1.036s] INFO:colcon.colcon_core.shell:Creating package script '/home/su1jun/Capstone/ros2_ws/install/articubot_one/share/articubot_one/package.ps1'
[1.037s] INFO:colcon.colcon_core.shell:Creating package descriptor '/home/su1jun/Capstone/ros2_ws/install/articubot_one/share/articubot_one/package.dsv'
[1.037s] INFO:colcon.colcon_core.shell:Creating package script '/home/su1jun/Capstone/ros2_ws/install/articubot_one/share/articubot_one/package.sh'
[1.039s] INFO:colcon.colcon_core.shell:Creating package script '/home/su1jun/Capstone/ros2_ws/install/articubot_one/share/articubot_one/package.bash'
[1.040s] INFO:colcon.colcon_core.shell:Creating package script '/home/su1jun/Capstone/ros2_ws/install/articubot_one/share/articubot_one/package.zsh'
[1.040s] Level 1:colcon.colcon_core.environment:create_file_with_runtime_dependencies(/home/su1jun/Capstone/ros2_ws/install/articubot_one/share/colcon-core/packages/articubot_one)
[1.042s] INFO:colcon.colcon_ros.task.ament_cmake.build:Building ROS package in '/home/su1jun/Capstone/ros2_ws/src/dynamixel_hardware' with build type 'ament_cmake'
[1.042s] INFO:colcon.colcon_cmake.task.cmake.build:Building CMake package in '/home/su1jun/Capstone/ros2_ws/src/dynamixel_hardware'
[1.042s] INFO:colcon.colcon_core.shell:Skip shell extension 'powershell' for command environment: Not usable outside of PowerShell
[1.042s] DEBUG:colcon.colcon_core.shell:Skip shell extension 'dsv' for command environment
[1.087s] DEBUG:colcon.colcon_core.event_handler.log_command:Invoking command in '/home/su1jun/Capstone/ros2_ws/build/dynamixel_hardware': CMAKE_PREFIX_PATH=${CMAKE_PREFIX_PATH}:/home/su1jun/Capstone/ros2_ws/install/robot:/opt/ros/humble /usr/bin/cmake --build /home/su1jun/Capstone/ros2_ws/build/dynamixel_hardware -- -j4 -l4
[1.102s] Level 1:colcon.colcon_core.environment:create_environment_scripts_only(capstone)
[1.102s] Level 1:colcon.colcon_core.environment:checking '/home/su1jun/Capstone/ros2_ws/install/capstone' for CMake module files
[1.103s] Level 1:colcon.colcon_core.environment:checking '/home/su1jun/Capstone/ros2_ws/install/capstone' for CMake config files
[1.104s] Level 1:colcon.colcon_core.shell:create_environment_hook('capstone', 'cmake_prefix_path')
[1.104s] INFO:colcon.colcon_core.shell:Creating environment hook '/home/su1jun/Capstone/ros2_ws/install/capstone/share/capstone/hook/cmake_prefix_path.ps1'
[1.105s] INFO:colcon.colcon_core.shell:Creating environment descriptor '/home/su1jun/Capstone/ros2_ws/install/capstone/share/capstone/hook/cmake_prefix_path.dsv'
[1.106s] INFO:colcon.colcon_core.shell:Creating environment hook '/home/su1jun/Capstone/ros2_ws/install/capstone/share/capstone/hook/cmake_prefix_path.sh'
[1.106s] Level 1:colcon.colcon_core.environment:checking '/home/su1jun/Capstone/ros2_ws/install/capstone/bin'
[1.106s] Level 1:colcon.colcon_core.environment:checking '/home/su1jun/Capstone/ros2_ws/install/capstone/lib/pkgconfig/capstone.pc'
[1.107s] Level 1:colcon.colcon_core.environment:checking '/home/su1jun/Capstone/ros2_ws/install/capstone/lib/python3.10/site-packages'
[1.107s] Level 1:colcon.colcon_core.environment:checking '/home/su1jun/Capstone/ros2_ws/install/capstone/bin'
[1.107s] INFO:colcon.colcon_core.shell:Creating package script '/home/su1jun/Capstone/ros2_ws/install/capstone/share/capstone/package.ps1'
[1.108s] INFO:colcon.colcon_core.shell:Creating package descriptor '/home/su1jun/Capstone/ros2_ws/install/capstone/share/capstone/package.dsv'
[1.109s] INFO:colcon.colcon_core.shell:Creating package script '/home/su1jun/Capstone/ros2_ws/install/capstone/share/capstone/package.sh'
[1.109s] INFO:colcon.colcon_core.shell:Creating package script '/home/su1jun/Capstone/ros2_ws/install/capstone/share/capstone/package.bash'
[1.110s] INFO:colcon.colcon_core.shell:Creating package script '/home/su1jun/Capstone/ros2_ws/install/capstone/share/capstone/package.zsh'
[1.111s] Level 1:colcon.colcon_core.environment:create_file_with_runtime_dependencies(/home/su1jun/Capstone/ros2_ws/install/capstone/share/colcon-core/packages/capstone)
[1.112s] INFO:colcon.colcon_ros.task.ament_python.build:Building ROS package in '/home/su1jun/Capstone/ros2_ws/src/robot' with build type 'ament_python'
[1.112s] Level 1:colcon.colcon_core.shell:create_environment_hook('robot', 'ament_prefix_path')
[1.113s] INFO:colcon.colcon_core.shell:Creating environment hook '/home/su1jun/Capstone/ros2_ws/install/robot/share/robot/hook/ament_prefix_path.ps1'
[1.113s] INFO:colcon.colcon_core.shell:Creating environment descriptor '/home/su1jun/Capstone/ros2_ws/install/robot/share/robot/hook/ament_prefix_path.dsv'
[1.114s] INFO:colcon.colcon_core.shell:Creating environment hook '/home/su1jun/Capstone/ros2_ws/install/robot/share/robot/hook/ament_prefix_path.sh'
[1.114s] INFO:colcon.colcon_core.shell:Skip shell extension 'powershell' for command environment: Not usable outside of PowerShell
[1.114s] DEBUG:colcon.colcon_core.shell:Skip shell extension 'dsv' for command environment
[1.552s] INFO:colcon.colcon_core.task.python.build:Building Python package in '/home/su1jun/Capstone/ros2_ws/src/robot'
[1.553s] INFO:colcon.colcon_core.shell:Skip shell extension 'powershell' for command environment: Not usable outside of PowerShell
[1.553s] DEBUG:colcon.colcon_core.shell:Skip shell extension 'dsv' for command environment
[1.560s] DEBUG:colcon.colcon_core.event_handler.log_command:Invoking command in '/home/su1jun/Capstone/ros2_ws/build/serial': CMAKE_PREFIX_PATH=${CMAKE_PREFIX_PATH}:/home/su1jun/Capstone/ros2_ws/install/robot:/opt/ros/humble /usr/bin/cmake --install /home/su1jun/Capstone/ros2_ws/build/serial
[1.562s] DEBUG:colcon.colcon_core.event_handler.log_command:Invoked command in '/home/su1jun/Capstone/ros2_ws/build/dynamixel_hardware' returned '0': CMAKE_PREFIX_PATH=${CMAKE_PREFIX_PATH}:/home/su1jun/Capstone/ros2_ws/install/robot:/opt/ros/humble /usr/bin/cmake --build /home/su1jun/Capstone/ros2_ws/build/dynamixel_hardware -- -j4 -l4
[1.572s] DEBUG:colcon.colcon_core.event_handler.log_command:Invoked command in '/home/su1jun/Capstone/ros2_ws/build/serial_motor_demo_msgs' returned '0': CMAKE_PREFIX_PATH=${CMAKE_PREFIX_PATH}:/home/su1jun/Capstone/ros2_ws/install/robot:/opt/ros/humble /usr/bin/cmake --build /home/su1jun/Capstone/ros2_ws/build/serial_motor_demo_msgs -- -j4 -l4
[1.612s] Level 1:colcon.colcon_core.environment:create_environment_scripts_only(serial)
[1.613s] Level 1:colcon.colcon_core.environment:checking '/home/su1jun/Capstone/ros2_ws/install/serial' for CMake module files
[1.613s] Level 1:colcon.colcon_core.environment:checking '/home/su1jun/Capstone/ros2_ws/install/serial' for CMake config files
[1.614s] Level 1:colcon.colcon_core.shell:create_environment_hook('serial', 'cmake_prefix_path')
[1.614s] INFO:colcon.colcon_core.shell:Creating environment hook '/home/su1jun/Capstone/ros2_ws/install/serial/share/serial/hook/cmake_prefix_path.ps1'
[1.615s] DEBUG:colcon.colcon_core.event_handler.log_command:Invoked command in '/home/su1jun/Capstone/ros2_ws/build/serial' returned '0': CMAKE_PREFIX_PATH=${CMAKE_PREFIX_PATH}:/home/su1jun/Capstone/ros2_ws/install/robot:/opt/ros/humble /usr/bin/cmake --install /home/su1jun/Capstone/ros2_ws/build/serial
[1.616s] INFO:colcon.colcon_core.shell:Creating environment descriptor '/home/su1jun/Capstone/ros2_ws/install/serial/share/serial/hook/cmake_prefix_path.dsv'
[1.617s] INFO:colcon.colcon_core.shell:Creating environment hook '/home/su1jun/Capstone/ros2_ws/install/serial/share/serial/hook/cmake_prefix_path.sh'
[1.617s] Level 1:colcon.colcon_core.environment:checking '/home/su1jun/Capstone/ros2_ws/install/serial/lib'
[1.618s] Level 1:colcon.colcon_core.environment:checking '/home/su1jun/Capstone/ros2_ws/install/serial/bin'
[1.618s] Level 1:colcon.colcon_core.environment:checking '/home/su1jun/Capstone/ros2_ws/install/serial/lib/pkgconfig/serial.pc'
[1.618s] Level 1:colcon.colcon_core.environment:checking '/home/su1jun/Capstone/ros2_ws/install/serial/lib/python3.10/site-packages'
[1.618s] Level 1:colcon.colcon_core.environment:checking '/home/su1jun/Capstone/ros2_ws/install/serial/bin'
[1.619s] INFO:colcon.colcon_core.shell:Creating package script '/home/su1jun/Capstone/ros2_ws/install/serial/share/serial/package.ps1'
[1.620s] INFO:colcon.colcon_core.shell:Creating package descriptor '/home/su1jun/Capstone/ros2_ws/install/serial/share/serial/package.dsv'
[1.621s] INFO:colcon.colcon_core.shell:Creating package script '/home/su1jun/Capstone/ros2_ws/install/serial/share/serial/package.sh'
[1.621s] INFO:colcon.colcon_core.shell:Creating package script '/home/su1jun/Capstone/ros2_ws/install/serial/share/serial/package.bash'
[1.622s] INFO:colcon.colcon_core.shell:Creating package script '/home/su1jun/Capstone/ros2_ws/install/serial/share/serial/package.zsh'
[1.623s] Level 1:colcon.colcon_core.environment:create_file_with_runtime_dependencies(/home/su1jun/Capstone/ros2_ws/install/serial/share/colcon-core/packages/serial)
[1.638s] DEBUG:colcon.colcon_core.event_handler.log_command:Invoking command in '/home/su1jun/Capstone/ros2_ws/build/dynamixel_hardware': CMAKE_PREFIX_PATH=${CMAKE_PREFIX_PATH}:/home/su1jun/Capstone/ros2_ws/install/robot:/opt/ros/humble /usr/bin/cmake --install /home/su1jun/Capstone/ros2_ws/build/dynamixel_hardware
[1.685s] Level 1:colcon.colcon_core.environment:create_environment_scripts_only(dynamixel_hardware)
[1.685s] Level 1:colcon.colcon_core.environment:checking '/home/su1jun/Capstone/ros2_ws/install/dynamixel_hardware' for CMake module files
[1.686s] Level 1:colcon.colcon_core.environment:checking '/home/su1jun/Capstone/ros2_ws/install/dynamixel_hardware' for CMake config files
[1.686s] Level 1:colcon.colcon_core.shell:create_environment_hook('dynamixel_hardware', 'cmake_prefix_path')
[1.687s] INFO:colcon.colcon_core.shell:Creating environment hook '/home/su1jun/Capstone/ros2_ws/install/dynamixel_hardware/share/dynamixel_hardware/hook/cmake_prefix_path.ps1'
[1.687s] INFO:colcon.colcon_core.shell:Creating environment descriptor '/home/su1jun/Capstone/ros2_ws/install/dynamixel_hardware/share/dynamixel_hardware/hook/cmake_prefix_path.dsv'
[1.688s] INFO:colcon.colcon_core.shell:Creating environment hook '/home/su1jun/Capstone/ros2_ws/install/dynamixel_hardware/share/dynamixel_hardware/hook/cmake_prefix_path.sh'
[1.688s] Level 1:colcon.colcon_core.environment:checking '/home/su1jun/Capstone/ros2_ws/install/dynamixel_hardware/lib'
[1.689s] Level 1:colcon.colcon_core.shell:create_environment_hook('dynamixel_hardware', 'ld_library_path_lib')
[1.689s] INFO:colcon.colcon_core.shell:Creating environment hook '/home/su1jun/Capstone/ros2_ws/install/dynamixel_hardware/share/dynamixel_hardware/hook/ld_library_path_lib.ps1'
[1.689s] INFO:colcon.colcon_core.shell:Creating environment descriptor '/home/su1jun/Capstone/ros2_ws/install/dynamixel_hardware/share/dynamixel_hardware/hook/ld_library_path_lib.dsv'
[1.690s] INFO:colcon.colcon_core.shell:Creating environment hook '/home/su1jun/Capstone/ros2_ws/install/dynamixel_hardware/share/dynamixel_hardware/hook/ld_library_path_lib.sh'
[1.690s] Level 1:colcon.colcon_core.environment:checking '/home/su1jun/Capstone/ros2_ws/install/dynamixel_hardware/bin'
[1.690s] Level 1:colcon.colcon_core.environment:checking '/home/su1jun/Capstone/ros2_ws/install/dynamixel_hardware/lib/pkgconfig/dynamixel_hardware.pc'
[1.691s] Level 1:colcon.colcon_core.environment:checking '/home/su1jun/Capstone/ros2_ws/install/dynamixel_hardware/lib/python3.10/site-packages'
[1.691s] Level 1:colcon.colcon_core.environment:checking '/home/su1jun/Capstone/ros2_ws/install/dynamixel_hardware/bin'
[1.692s] INFO:colcon.colcon_core.shell:Creating package script '/home/su1jun/Capstone/ros2_ws/install/dynamixel_hardware/share/dynamixel_hardware/package.ps1'
[1.692s] DEBUG:colcon.colcon_core.event_handler.log_command:Invoked command in '/home/su1jun/Capstone/ros2_ws/build/dynamixel_hardware' returned '0': CMAKE_PREFIX_PATH=${CMAKE_PREFIX_PATH}:/home/su1jun/Capstone/ros2_ws/install/robot:/opt/ros/humble /usr/bin/cmake --install /home/su1jun/Capstone/ros2_ws/build/dynamixel_hardware
[1.693s] INFO:colcon.colcon_core.shell:Creating package descriptor '/home/su1jun/Capstone/ros2_ws/install/dynamixel_hardware/share/dynamixel_hardware/package.dsv'
[1.693s] INFO:colcon.colcon_core.shell:Creating package script '/home/su1jun/Capstone/ros2_ws/install/dynamixel_hardware/share/dynamixel_hardware/package.sh'
[1.694s] INFO:colcon.colcon_core.shell:Creating package script '/home/su1jun/Capstone/ros2_ws/install/dynamixel_hardware/share/dynamixel_hardware/package.bash'
[1.694s] INFO:colcon.colcon_core.shell:Creating package script '/home/su1jun/Capstone/ros2_ws/install/dynamixel_hardware/share/dynamixel_hardware/package.zsh'
[1.695s] Level 1:colcon.colcon_core.environment:create_file_with_runtime_dependencies(/home/su1jun/Capstone/ros2_ws/install/dynamixel_hardware/share/colcon-core/packages/dynamixel_hardware)
[1.750s] Level 1:colcon.colcon_core.environment:create_environment_scripts_only(dynamixel_hardware)
[1.751s] Level 1:colcon.colcon_core.environment:checking '/home/su1jun/Capstone/ros2_ws/install/dynamixel_hardware' for CMake module files
[1.751s] Level 1:colcon.colcon_core.environment:checking '/home/su1jun/Capstone/ros2_ws/install/dynamixel_hardware' for CMake config files
[1.752s] Level 1:colcon.colcon_core.shell:create_environment_hook('dynamixel_hardware', 'cmake_prefix_path')
[1.752s] INFO:colcon.colcon_core.shell:Creating environment hook '/home/su1jun/Capstone/ros2_ws/install/dynamixel_hardware/share/dynamixel_hardware/hook/cmake_prefix_path.ps1'
[1.753s] INFO:colcon.colcon_core.shell:Creating environment descriptor '/home/su1jun/Capstone/ros2_ws/install/dynamixel_hardware/share/dynamixel_hardware/hook/cmake_prefix_path.dsv'
[1.753s] INFO:colcon.colcon_core.shell:Creating environment hook '/home/su1jun/Capstone/ros2_ws/install/dynamixel_hardware/share/dynamixel_hardware/hook/cmake_prefix_path.sh'
[1.754s] Level 1:colcon.colcon_core.environment:checking '/home/su1jun/Capstone/ros2_ws/install/dynamixel_hardware/lib'
[1.754s] Level 1:colcon.colcon_core.shell:create_environment_hook('dynamixel_hardware', 'ld_library_path_lib')
[1.754s] INFO:colcon.colcon_core.shell:Creating environment hook '/home/su1jun/Capstone/ros2_ws/install/dynamixel_hardware/share/dynamixel_hardware/hook/ld_library_path_lib.ps1'
[1.755s] INFO:colcon.colcon_core.shell:Creating environment descriptor '/home/su1jun/Capstone/ros2_ws/install/dynamixel_hardware/share/dynamixel_hardware/hook/ld_library_path_lib.dsv'
[1.755s] INFO:colcon.colcon_core.shell:Creating environment hook '/home/su1jun/Capstone/ros2_ws/install/dynamixel_hardware/share/dynamixel_hardware/hook/ld_library_path_lib.sh'
[1.756s] Level 1:colcon.colcon_core.environment:checking '/home/su1jun/Capstone/ros2_ws/install/dynamixel_hardware/bin'
[1.756s] Level 1:colcon.colcon_core.environment:checking '/home/su1jun/Capstone/ros2_ws/install/dynamixel_hardware/lib/pkgconfig/dynamixel_hardware.pc'
[1.756s] Level 1:colcon.colcon_core.environment:checking '/home/su1jun/Capstone/ros2_ws/install/dynamixel_hardware/lib/python3.10/site-packages'
[1.757s] Level 1:colcon.colcon_core.environment:checking '/home/su1jun/Capstone/ros2_ws/install/dynamixel_hardware/bin'
[1.757s] INFO:colcon.colcon_core.shell:Creating package script '/home/su1jun/Capstone/ros2_ws/install/dynamixel_hardware/share/dynamixel_hardware/package.ps1'
[1.758s] INFO:colcon.colcon_core.shell:Creating package descriptor '/home/su1jun/Capstone/ros2_ws/install/dynamixel_hardware/share/dynamixel_hardware/package.dsv'
[1.759s] INFO:colcon.colcon_core.shell:Creating package script '/home/su1jun/Capstone/ros2_ws/install/dynamixel_hardware/share/dynamixel_hardware/package.sh'
[1.761s] INFO:colcon.colcon_core.shell:Creating package script '/home/su1jun/Capstone/ros2_ws/install/dynamixel_hardware/share/dynamixel_hardware/package.bash'
[1.775s] INFO:colcon.colcon_core.shell:Creating package script '/home/su1jun/Capstone/ros2_ws/install/dynamixel_hardware/share/dynamixel_hardware/package.zsh'
[1.777s] Level 1:colcon.colcon_core.environment:create_file_with_runtime_dependencies(/home/su1jun/Capstone/ros2_ws/install/dynamixel_hardware/share/colcon-core/packages/dynamixel_hardware)
[1.783s] INFO:colcon.colcon_ros.task.ament_cmake.build:Building ROS package in '/home/su1jun/Capstone/ros2_ws/src/sllidar_ros2' with build type 'ament_cmake'
[1.783s] INFO:colcon.colcon_cmake.task.cmake.build:Building CMake package in '/home/su1jun/Capstone/ros2_ws/src/sllidar_ros2'
[1.784s] INFO:colcon.colcon_core.shell:Skip shell extension 'powershell' for command environment: Not usable outside of PowerShell
[1.784s] DEBUG:colcon.colcon_core.shell:Skip shell extension 'dsv' for command environment
[1.804s] Level 1:colcon.colcon_core.environment:create_environment_scripts_only(serial)
[1.804s] Level 1:colcon.colcon_core.environment:checking '/home/su1jun/Capstone/ros2_ws/install/serial' for CMake module files
[1.805s] Level 1:colcon.colcon_core.environment:checking '/home/su1jun/Capstone/ros2_ws/install/serial' for CMake config files
[1.806s] Level 1:colcon.colcon_core.shell:create_environment_hook('serial', 'cmake_prefix_path')
[1.806s] INFO:colcon.colcon_core.shell:Creating environment hook '/home/su1jun/Capstone/ros2_ws/install/serial/share/serial/hook/cmake_prefix_path.ps1'
[1.807s] INFO:colcon.colcon_core.shell:Creating environment descriptor '/home/su1jun/Capstone/ros2_ws/install/serial/share/serial/hook/cmake_prefix_path.dsv'
[1.807s] INFO:colcon.colcon_core.shell:Creating environment hook '/home/su1jun/Capstone/ros2_ws/install/serial/share/serial/hook/cmake_prefix_path.sh'
[1.808s] Level 1:colcon.colcon_core.environment:checking '/home/su1jun/Capstone/ros2_ws/install/serial/lib'
[1.808s] Level 1:colcon.colcon_core.environment:checking '/home/su1jun/Capstone/ros2_ws/install/serial/bin'
[1.808s] Level 1:colcon.colcon_core.environment:checking '/home/su1jun/Capstone/ros2_ws/install/serial/lib/pkgconfig/serial.pc'
[1.808s] Level 1:colcon.colcon_core.environment:checking '/home/su1jun/Capstone/ros2_ws/install/serial/lib/python3.10/site-packages'
[1.809s] Level 1:colcon.colcon_core.environment:checking '/home/su1jun/Capstone/ros2_ws/install/serial/bin'
[1.809s] INFO:colcon.colcon_core.shell:Creating package script '/home/su1jun/Capstone/ros2_ws/install/serial/share/serial/package.ps1'
[1.810s] INFO:colcon.colcon_core.shell:Creating package descriptor '/home/su1jun/Capstone/ros2_ws/install/serial/share/serial/package.dsv'
[1.817s] INFO:colcon.colcon_core.shell:Creating package script '/home/su1jun/Capstone/ros2_ws/install/serial/share/serial/package.sh'
[1.818s] INFO:colcon.colcon_core.shell:Creating package script '/home/su1jun/Capstone/ros2_ws/install/serial/share/serial/package.bash'
[1.820s] INFO:colcon.colcon_core.shell:Creating package script '/home/su1jun/Capstone/ros2_ws/install/serial/share/serial/package.zsh'
[1.820s] Level 1:colcon.colcon_core.environment:create_file_with_runtime_dependencies(/home/su1jun/Capstone/ros2_ws/install/serial/share/colcon-core/packages/serial)
[1.824s] INFO:colcon.colcon_ros.task.ament_cmake.build:Building ROS package in '/home/su1jun/Capstone/ros2_ws/src/diffdrive_arduino' with build type 'ament_cmake'
[1.828s] INFO:colcon.colcon_cmake.task.cmake.build:Building CMake package in '/home/su1jun/Capstone/ros2_ws/src/diffdrive_arduino'
[1.828s] INFO:colcon.colcon_core.shell:Skip shell extension 'powershell' for command environment: Not usable outside of PowerShell
[1.828s] DEBUG:colcon.colcon_core.shell:Skip shell extension 'dsv' for command environment
[1.848s] DEBUG:colcon.colcon_core.event_handler.log_command:Invoking command in '/home/su1jun/Capstone/ros2_ws/build/sllidar_ros2': CMAKE_PREFIX_PATH=${CMAKE_PREFIX_PATH}:/home/su1jun/Capstone/ros2_ws/install/robot:/opt/ros/humble /usr/bin/cmake --build /home/su1jun/Capstone/ros2_ws/build/sllidar_ros2 -- -j4 -l4
[1.877s] DEBUG:colcon.colcon_core.event_handler.log_command:Invoking command in '/home/su1jun/Capstone/ros2_ws/build/diffdrive_arduino': AMENT_PREFIX_PATH=/home/su1jun/Capstone/ros2_ws/install/serial:${AMENT_PREFIX_PATH} CMAKE_PREFIX_PATH=/home/su1jun/Capstone/ros2_ws/install/serial:/home/su1jun/Capstone/ros2_ws/install/sllidar_ros2:/home/su1jun/Capstone/ros2_ws/install/capstone:/home/su1jun/Capstone/ros2_ws/install/articubot_one:/home/su1jun/Capstone/colcon_ws/install/vizanti:/home/su1jun/Capstone/colcon_ws/install/vizanti_server:/home/su1jun/Capstone/colcon_ws/install/vizanti_demos:/home/su1jun/Capstone/colcon_ws/install/vizanti_msgs:/home/su1jun/Capstone/colcon_ws/install/vizanti_cpp:/home/su1jun/Capstone/ros2_ws/install/robot:/opt/ros/humble LD_LIBRARY_PATH=/home/su1jun/Capstone/ros2_ws/install/serial/lib:${LD_LIBRARY_PATH} /usr/bin/cmake --build /home/su1jun/Capstone/ros2_ws/build/diffdrive_arduino -- -j4 -l4
[1.890s] DEBUG:colcon.colcon_core.event_handler.log_command:Invoking command in '/home/su1jun/Capstone/ros2_ws/build/serial_motor_demo_msgs': CMAKE_PREFIX_PATH=${CMAKE_PREFIX_PATH}:/home/su1jun/Capstone/ros2_ws/install/robot:/opt/ros/humble /usr/bin/cmake --install /home/su1jun/Capstone/ros2_ws/build/serial_motor_demo_msgs
[2.062s] DEBUG:colcon.colcon_core.event_handler.log_command:Invoked command in '/home/su1jun/Capstone/ros2_ws/build/sllidar_ros2' returned '0': CMAKE_PREFIX_PATH=${CMAKE_PREFIX_PATH}:/home/su1jun/Capstone/ros2_ws/install/robot:/opt/ros/humble /usr/bin/cmake --build /home/su1jun/Capstone/ros2_ws/build/sllidar_ros2 -- -j4 -l4
[2.096s] Level 1:colcon.colcon_core.environment:create_environment_scripts_only(serial_motor_demo_msgs)
[2.097s] Level 1:colcon.colcon_core.environment:checking '/home/su1jun/Capstone/ros2_ws/install/serial_motor_demo_msgs' for CMake module files
[2.097s] Level 1:colcon.colcon_core.environment:checking '/home/su1jun/Capstone/ros2_ws/install/serial_motor_demo_msgs' for CMake config files
[2.098s] Level 1:colcon.colcon_core.shell:create_environment_hook('serial_motor_demo_msgs', 'cmake_prefix_path')
[2.099s] INFO:colcon.colcon_core.shell:Creating environment hook '/home/su1jun/Capstone/ros2_ws/install/serial_motor_demo_msgs/share/serial_motor_demo_msgs/hook/cmake_prefix_path.ps1'
[2.102s] DEBUG:colcon.colcon_core.event_handler.log_command:Invoked command in '/home/su1jun/Capstone/ros2_ws/build/serial_motor_demo_msgs' returned '0': CMAKE_PREFIX_PATH=${CMAKE_PREFIX_PATH}:/home/su1jun/Capstone/ros2_ws/install/robot:/opt/ros/humble /usr/bin/cmake --install /home/su1jun/Capstone/ros2_ws/build/serial_motor_demo_msgs
[2.103s] INFO:colcon.colcon_core.shell:Creating environment descriptor '/home/su1jun/Capstone/ros2_ws/install/serial_motor_demo_msgs/share/serial_motor_demo_msgs/hook/cmake_prefix_path.dsv'
[2.104s] INFO:colcon.colcon_core.shell:Creating environment hook '/home/su1jun/Capstone/ros2_ws/install/serial_motor_demo_msgs/share/serial_motor_demo_msgs/hook/cmake_prefix_path.sh'
[2.107s] Level 1:colcon.colcon_core.environment:checking '/home/su1jun/Capstone/ros2_ws/install/serial_motor_demo_msgs/lib'
[2.108s] Level 1:colcon.colcon_core.shell:create_environment_hook('serial_motor_demo_msgs', 'ld_library_path_lib')
[2.108s] INFO:colcon.colcon_core.shell:Creating environment hook '/home/su1jun/Capstone/ros2_ws/install/serial_motor_demo_msgs/share/serial_motor_demo_msgs/hook/ld_library_path_lib.ps1'
[2.109s] INFO:colcon.colcon_core.shell:Creating environment descriptor '/home/su1jun/Capstone/ros2_ws/install/serial_motor_demo_msgs/share/serial_motor_demo_msgs/hook/ld_library_path_lib.dsv'
[2.110s] INFO:colcon.colcon_core.shell:Creating environment hook '/home/su1jun/Capstone/ros2_ws/install/serial_motor_demo_msgs/share/serial_motor_demo_msgs/hook/ld_library_path_lib.sh'
[2.113s] Level 1:colcon.colcon_core.environment:checking '/home/su1jun/Capstone/ros2_ws/install/serial_motor_demo_msgs/bin'
[2.113s] Level 1:colcon.colcon_core.environment:checking '/home/su1jun/Capstone/ros2_ws/install/serial_motor_demo_msgs/lib/pkgconfig/serial_motor_demo_msgs.pc'
[2.113s] Level 1:colcon.colcon_core.environment:checking '/home/su1jun/Capstone/ros2_ws/install/serial_motor_demo_msgs/lib/python3.10/site-packages'
[2.113s] Level 1:colcon.colcon_core.environment:checking '/home/su1jun/Capstone/ros2_ws/install/serial_motor_demo_msgs/bin'
[2.114s] INFO:colcon.colcon_core.shell:Creating package script '/home/su1jun/Capstone/ros2_ws/install/serial_motor_demo_msgs/share/serial_motor_demo_msgs/package.ps1'
[2.116s] INFO:colcon.colcon_core.shell:Creating package descriptor '/home/su1jun/Capstone/ros2_ws/install/serial_motor_demo_msgs/share/serial_motor_demo_msgs/package.dsv'
[2.117s] INFO:colcon.colcon_core.shell:Creating package script '/home/su1jun/Capstone/ros2_ws/install/serial_motor_demo_msgs/share/serial_motor_demo_msgs/package.sh'
[2.119s] INFO:colcon.colcon_core.shell:Creating package script '/home/su1jun/Capstone/ros2_ws/install/serial_motor_demo_msgs/share/serial_motor_demo_msgs/package.bash'
[2.124s] INFO:colcon.colcon_core.shell:Creating package script '/home/su1jun/Capstone/ros2_ws/install/serial_motor_demo_msgs/share/serial_motor_demo_msgs/package.zsh'
[2.127s] Level 1:colcon.colcon_core.environment:create_file_with_runtime_dependencies(/home/su1jun/Capstone/ros2_ws/install/serial_motor_demo_msgs/share/colcon-core/packages/serial_motor_demo_msgs)
[2.193s] DEBUG:colcon.colcon_core.event_handler.log_command:Invoking command in '/home/su1jun/Capstone/ros2_ws/build/robot': PYTHONPATH=/home/su1jun/Capstone/ros2_ws/build/robot/prefix_override:/usr/lib/python3/dist-packages/colcon_core/task/python/colcon_distutils_commands:/home/su1jun/Capstone/ros2_ws/install/robot/lib/python3.10/site-packages:${PYTHONPATH} /usr/bin/python3 -W ignore:setup.py install is deprecated setup.py develop --editable --build-directory /home/su1jun/Capstone/ros2_ws/build/robot/build --no-deps symlink_data
[2.536s] DEBUG:colcon.colcon_core.event_handler.log_command:Invoking command in '/home/su1jun/Capstone/ros2_ws/build/sllidar_ros2': CMAKE_PREFIX_PATH=${CMAKE_PREFIX_PATH}:/home/su1jun/Capstone/ros2_ws/install/robot:/opt/ros/humble /usr/bin/cmake --install /home/su1jun/Capstone/ros2_ws/build/sllidar_ros2
[2.592s] Level 1:colcon.colcon_core.environment:create_environment_scripts_only(sllidar_ros2)
[2.592s] Level 1:colcon.colcon_core.environment:checking '/home/su1jun/Capstone/ros2_ws/install/sllidar_ros2' for CMake module files
[2.593s] Level 1:colcon.colcon_core.environment:checking '/home/su1jun/Capstone/ros2_ws/install/sllidar_ros2' for CMake config files
[2.593s] Level 1:colcon.colcon_core.shell:create_environment_hook('sllidar_ros2', 'cmake_prefix_path')
[2.594s] INFO:colcon.colcon_core.shell:Creating environment hook '/home/su1jun/Capstone/ros2_ws/install/sllidar_ros2/share/sllidar_ros2/hook/cmake_prefix_path.ps1'
[2.595s] INFO:colcon.colcon_core.shell:Creating environment descriptor '/home/su1jun/Capstone/ros2_ws/install/sllidar_ros2/share/sllidar_ros2/hook/cmake_prefix_path.dsv'
[2.596s] INFO:colcon.colcon_core.shell:Creating environment hook '/home/su1jun/Capstone/ros2_ws/install/sllidar_ros2/share/sllidar_ros2/hook/cmake_prefix_path.sh'
[2.598s] DEBUG:colcon.colcon_core.event_handler.log_command:Invoked command in '/home/su1jun/Capstone/ros2_ws/build/sllidar_ros2' returned '0': CMAKE_PREFIX_PATH=${CMAKE_PREFIX_PATH}:/home/su1jun/Capstone/ros2_ws/install/robot:/opt/ros/humble /usr/bin/cmake --install /home/su1jun/Capstone/ros2_ws/build/sllidar_ros2
[2.598s] Level 1:colcon.colcon_core.environment:checking '/home/su1jun/Capstone/ros2_ws/install/sllidar_ros2/lib'
[2.598s] Level 1:colcon.colcon_core.environment:checking '/home/su1jun/Capstone/ros2_ws/install/sllidar_ros2/bin'
[2.598s] Level 1:colcon.colcon_core.environment:checking '/home/su1jun/Capstone/ros2_ws/install/sllidar_ros2/lib/pkgconfig/sllidar_ros2.pc'
[2.599s] Level 1:colcon.colcon_core.environment:checking '/home/su1jun/Capstone/ros2_ws/install/sllidar_ros2/lib/python3.10/site-packages'
[2.599s] Level 1:colcon.colcon_core.environment:checking '/home/su1jun/Capstone/ros2_ws/install/sllidar_ros2/bin'
[2.600s] INFO:colcon.colcon_core.shell:Creating package script '/home/su1jun/Capstone/ros2_ws/install/sllidar_ros2/share/sllidar_ros2/package.ps1'
[2.600s] INFO:colcon.colcon_core.shell:Creating package descriptor '/home/su1jun/Capstone/ros2_ws/install/sllidar_ros2/share/sllidar_ros2/package.dsv'
[2.601s] INFO:colcon.colcon_core.shell:Creating package script '/home/su1jun/Capstone/ros2_ws/install/sllidar_ros2/share/sllidar_ros2/package.sh'
[2.603s] INFO:colcon.colcon_core.shell:Creating package script '/home/su1jun/Capstone/ros2_ws/install/sllidar_ros2/share/sllidar_ros2/package.bash'
[2.603s] INFO:colcon.colcon_core.shell:Creating package script '/home/su1jun/Capstone/ros2_ws/install/sllidar_ros2/share/sllidar_ros2/package.zsh'
[2.604s] Level 1:colcon.colcon_core.environment:create_file_with_runtime_dependencies(/home/su1jun/Capstone/ros2_ws/install/sllidar_ros2/share/colcon-core/packages/sllidar_ros2)
[2.807s] Level 1:colcon.colcon_core.environment:create_environment_scripts_only(serial_motor_demo_msgs)
[2.808s] Level 1:colcon.colcon_core.environment:checking '/home/su1jun/Capstone/ros2_ws/install/serial_motor_demo_msgs' for CMake module files
[2.808s] Level 1:colcon.colcon_core.environment:checking '/home/su1jun/Capstone/ros2_ws/install/serial_motor_demo_msgs' for CMake config files
[2.809s] Level 1:colcon.colcon_core.shell:create_environment_hook('serial_motor_demo_msgs', 'cmake_prefix_path')
[2.810s] INFO:colcon.colcon_core.shell:Creating environment hook '/home/su1jun/Capstone/ros2_ws/install/serial_motor_demo_msgs/share/serial_motor_demo_msgs/hook/cmake_prefix_path.ps1'
[2.811s] INFO:colcon.colcon_core.shell:Creating environment descriptor '/home/su1jun/Capstone/ros2_ws/install/serial_motor_demo_msgs/share/serial_motor_demo_msgs/hook/cmake_prefix_path.dsv'
[2.811s] INFO:colcon.colcon_core.shell:Creating environment hook '/home/su1jun/Capstone/ros2_ws/install/serial_motor_demo_msgs/share/serial_motor_demo_msgs/hook/cmake_prefix_path.sh'
[2.812s] Level 1:colcon.colcon_core.environment:checking '/home/su1jun/Capstone/ros2_ws/install/serial_motor_demo_msgs/lib'
[2.813s] Level 1:colcon.colcon_core.shell:create_environment_hook('serial_motor_demo_msgs', 'ld_library_path_lib')
[2.813s] INFO:colcon.colcon_core.shell:Creating environment hook '/home/su1jun/Capstone/ros2_ws/install/serial_motor_demo_msgs/share/serial_motor_demo_msgs/hook/ld_library_path_lib.ps1'
[2.814s] INFO:colcon.colcon_core.shell:Creating environment descriptor '/home/su1jun/Capstone/ros2_ws/install/serial_motor_demo_msgs/share/serial_motor_demo_msgs/hook/ld_library_path_lib.dsv'
[2.814s] INFO:colcon.colcon_core.shell:Creating environment hook '/home/su1jun/Capstone/ros2_ws/install/serial_motor_demo_msgs/share/serial_motor_demo_msgs/hook/ld_library_path_lib.sh'
[2.815s] Level 1:colcon.colcon_core.environment:checking '/home/su1jun/Capstone/ros2_ws/install/serial_motor_demo_msgs/bin'
[2.815s] Level 1:colcon.colcon_core.environment:checking '/home/su1jun/Capstone/ros2_ws/install/serial_motor_demo_msgs/lib/pkgconfig/serial_motor_demo_msgs.pc'
[2.816s] Level 1:colcon.colcon_core.environment:checking '/home/su1jun/Capstone/ros2_ws/install/serial_motor_demo_msgs/lib/python3.10/site-packages'
[2.816s] Level 1:colcon.colcon_core.environment:checking '/home/su1jun/Capstone/ros2_ws/install/serial_motor_demo_msgs/bin'
[2.817s] INFO:colcon.colcon_core.shell:Creating package script '/home/su1jun/Capstone/ros2_ws/install/serial_motor_demo_msgs/share/serial_motor_demo_msgs/package.ps1'
[2.819s] INFO:colcon.colcon_core.shell:Creating package descriptor '/home/su1jun/Capstone/ros2_ws/install/serial_motor_demo_msgs/share/serial_motor_demo_msgs/package.dsv'
[2.820s] INFO:colcon.colcon_core.shell:Creating package script '/home/su1jun/Capstone/ros2_ws/install/serial_motor_demo_msgs/share/serial_motor_demo_msgs/package.sh'
[2.821s] INFO:colcon.colcon_core.shell:Creating package script '/home/su1jun/Capstone/ros2_ws/install/serial_motor_demo_msgs/share/serial_motor_demo_msgs/package.bash'
[2.821s] INFO:colcon.colcon_core.shell:Creating package script '/home/su1jun/Capstone/ros2_ws/install/serial_motor_demo_msgs/share/serial_motor_demo_msgs/package.zsh'
[2.822s] Level 1:colcon.colcon_core.environment:create_file_with_runtime_dependencies(/home/su1jun/Capstone/ros2_ws/install/serial_motor_demo_msgs/share/colcon-core/packages/serial_motor_demo_msgs)
[2.823s] INFO:colcon.colcon_ros.task.ament_python.build:Building ROS package in '/home/su1jun/Capstone/ros2_ws/src/serial_motor_demo/serial_motor_demo' with build type 'ament_python'
[2.824s] Level 1:colcon.colcon_core.shell:create_environment_hook('serial_motor_demo', 'ament_prefix_path')
[2.824s] INFO:colcon.colcon_core.shell:Creating environment hook '/home/su1jun/Capstone/ros2_ws/install/serial_motor_demo/share/serial_motor_demo/hook/ament_prefix_path.ps1'
[2.825s] INFO:colcon.colcon_core.shell:Creating environment descriptor '/home/su1jun/Capstone/ros2_ws/install/serial_motor_demo/share/serial_motor_demo/hook/ament_prefix_path.dsv'
[2.826s] INFO:colcon.colcon_core.shell:Creating environment hook '/home/su1jun/Capstone/ros2_ws/install/serial_motor_demo/share/serial_motor_demo/hook/ament_prefix_path.sh'
[2.827s] INFO:colcon.colcon_core.shell:Skip shell extension 'powershell' for command environment: Not usable outside of PowerShell
[2.827s] DEBUG:colcon.colcon_core.shell:Skip shell extension 'dsv' for command environment
[3.307s] INFO:colcon.colcon_core.task.python.build:Building Python package in '/home/su1jun/Capstone/ros2_ws/src/serial_motor_demo/serial_motor_demo'
[3.307s] INFO:colcon.colcon_core.shell:Skip shell extension 'powershell' for command environment: Not usable outside of PowerShell
[3.308s] DEBUG:colcon.colcon_core.shell:Skip shell extension 'dsv' for command environment
[3.317s] Level 1:colcon.colcon_core.environment:create_environment_scripts_only(sllidar_ros2)
[3.317s] Level 1:colcon.colcon_core.environment:checking '/home/su1jun/Capstone/ros2_ws/install/sllidar_ros2' for CMake module files
[3.318s] Level 1:colcon.colcon_core.environment:checking '/home/su1jun/Capstone/ros2_ws/install/sllidar_ros2' for CMake config files
[3.319s] Level 1:colcon.colcon_core.shell:create_environment_hook('sllidar_ros2', 'cmake_prefix_path')
[3.320s] INFO:colcon.colcon_core.shell:Creating environment hook '/home/su1jun/Capstone/ros2_ws/install/sllidar_ros2/share/sllidar_ros2/hook/cmake_prefix_path.ps1'
[3.320s] INFO:colcon.colcon_core.shell:Creating environment descriptor '/home/su1jun/Capstone/ros2_ws/install/sllidar_ros2/share/sllidar_ros2/hook/cmake_prefix_path.dsv'
[3.321s] INFO:colcon.colcon_core.shell:Creating environment hook '/home/su1jun/Capstone/ros2_ws/install/sllidar_ros2/share/sllidar_ros2/hook/cmake_prefix_path.sh'
[3.322s] Level 1:colcon.colcon_core.environment:checking '/home/su1jun/Capstone/ros2_ws/install/sllidar_ros2/lib'
[3.322s] Level 1:colcon.colcon_core.environment:checking '/home/su1jun/Capstone/ros2_ws/install/sllidar_ros2/bin'
[3.322s] Level 1:colcon.colcon_core.environment:checking '/home/su1jun/Capstone/ros2_ws/install/sllidar_ros2/lib/pkgconfig/sllidar_ros2.pc'
[3.322s] Level 1:colcon.colcon_core.environment:checking '/home/su1jun/Capstone/ros2_ws/install/sllidar_ros2/lib/python3.10/site-packages'
[3.323s] Level 1:colcon.colcon_core.environment:checking '/home/su1jun/Capstone/ros2_ws/install/sllidar_ros2/bin'
[3.323s] INFO:colcon.colcon_core.shell:Creating package script '/home/su1jun/Capstone/ros2_ws/install/sllidar_ros2/share/sllidar_ros2/package.ps1'
[3.324s] INFO:colcon.colcon_core.shell:Creating package descriptor '/home/su1jun/Capstone/ros2_ws/install/sllidar_ros2/share/sllidar_ros2/package.dsv'
[3.325s] INFO:colcon.colcon_core.shell:Creating package script '/home/su1jun/Capstone/ros2_ws/install/sllidar_ros2/share/sllidar_ros2/package.sh'
[3.325s] INFO:colcon.colcon_core.shell:Creating package script '/home/su1jun/Capstone/ros2_ws/install/sllidar_ros2/share/sllidar_ros2/package.bash'
[3.326s] INFO:colcon.colcon_core.shell:Creating package script '/home/su1jun/Capstone/ros2_ws/install/sllidar_ros2/share/sllidar_ros2/package.zsh'
[3.327s] Level 1:colcon.colcon_core.environment:create_file_with_runtime_dependencies(/home/su1jun/Capstone/ros2_ws/install/sllidar_ros2/share/colcon-core/packages/sllidar_ros2)
[3.329s] Level 1:colcon.colcon_core.shell:create_environment_hook('robot', 'pythonpath_develop')
[3.330s] DEBUG:colcon.colcon_core.event_handler.log_command:Invoked command in '/home/su1jun/Capstone/ros2_ws/build/robot' returned '0': PYTHONPATH=/home/su1jun/Capstone/ros2_ws/build/robot/prefix_override:/usr/lib/python3/dist-packages/colcon_core/task/python/colcon_distutils_commands:/home/su1jun/Capstone/ros2_ws/install/robot/lib/python3.10/site-packages:${PYTHONPATH} /usr/bin/python3 -W ignore:setup.py install is deprecated setup.py develop --editable --build-directory /home/su1jun/Capstone/ros2_ws/build/robot/build --no-deps symlink_data
[3.330s] INFO:colcon.colcon_core.shell:Creating environment hook '/home/su1jun/Capstone/ros2_ws/build/robot/share/robot/hook/pythonpath_develop.ps1'
[3.331s] INFO:colcon.colcon_core.shell:Creating environment descriptor '/home/su1jun/Capstone/ros2_ws/build/robot/share/robot/hook/pythonpath_develop.dsv'
[3.331s] INFO:colcon.colcon_core.shell:Creating environment hook '/home/su1jun/Capstone/ros2_ws/build/robot/share/robot/hook/pythonpath_develop.sh'
[3.332s] Level 1:colcon.colcon_core.environment:checking '/home/su1jun/Capstone/ros2_ws/install/robot' for CMake module files
[3.333s] Level 1:colcon.colcon_core.environment:checking '/home/su1jun/Capstone/ros2_ws/install/robot' for CMake config files
[3.333s] Level 1:colcon.colcon_core.environment:checking '/home/su1jun/Capstone/ros2_ws/install/robot/lib'
[3.334s] Level 1:colcon.colcon_core.environment:checking '/home/su1jun/Capstone/ros2_ws/install/robot/bin'
[3.334s] Level 1:colcon.colcon_core.environment:checking '/home/su1jun/Capstone/ros2_ws/install/robot/lib/pkgconfig/robot.pc'
[3.334s] Level 1:colcon.colcon_core.environment:checking '/home/su1jun/Capstone/ros2_ws/install/robot/lib/python3.10/site-packages'
[3.334s] Level 1:colcon.colcon_core.shell:create_environment_hook('robot', 'pythonpath')
[3.335s] INFO:colcon.colcon_core.shell:Creating environment hook '/home/su1jun/Capstone/ros2_ws/install/robot/share/robot/hook/pythonpath.ps1'
[3.335s] INFO:colcon.colcon_core.shell:Creating environment descriptor '/home/su1jun/Capstone/ros2_ws/install/robot/share/robot/hook/pythonpath.dsv'
[3.336s] INFO:colcon.colcon_core.shell:Creating environment hook '/home/su1jun/Capstone/ros2_ws/install/robot/share/robot/hook/pythonpath.sh'
[3.336s] Level 1:colcon.colcon_core.environment:checking '/home/su1jun/Capstone/ros2_ws/install/robot/bin'
[3.337s] Level 1:colcon.colcon_core.environment:create_environment_scripts_only(robot)
[3.337s] INFO:colcon.colcon_core.shell:Creating package script '/home/su1jun/Capstone/ros2_ws/install/robot/share/robot/package.ps1'
[3.339s] INFO:colcon.colcon_core.shell:Creating package descriptor '/home/su1jun/Capstone/ros2_ws/install/robot/share/robot/package.dsv'
[3.340s] INFO:colcon.colcon_core.shell:Creating package script '/home/su1jun/Capstone/ros2_ws/install/robot/share/robot/package.sh'
[3.340s] INFO:colcon.colcon_core.shell:Creating package script '/home/su1jun/Capstone/ros2_ws/install/robot/share/robot/package.bash'
[3.341s] INFO:colcon.colcon_core.shell:Creating package script '/home/su1jun/Capstone/ros2_ws/install/robot/share/robot/package.zsh'
[3.342s] Level 1:colcon.colcon_core.environment:create_file_with_runtime_dependencies(/home/su1jun/Capstone/ros2_ws/install/robot/share/colcon-core/packages/robot)
[3.985s] DEBUG:colcon.colcon_core.event_handler.log_command:Invoking command in '/home/su1jun/Capstone/ros2_ws/build/serial_motor_demo': AMENT_PREFIX_PATH=/home/su1jun/Capstone/ros2_ws/install/serial_motor_demo_msgs:${AMENT_PREFIX_PATH} CMAKE_PREFIX_PATH=/home/su1jun/Capstone/ros2_ws/install/serial_motor_demo_msgs:${CMAKE_PREFIX_PATH} LD_LIBRARY_PATH=/home/su1jun/Capstone/ros2_ws/install/serial_motor_demo_msgs/lib:/home/su1jun/Capstone/colcon_ws/install/vizanti_msgs/lib:/usr/lib/x86_64-linux-gnu/gazebo-11/plugins:/opt/ros/humble/opt/rviz_ogre_vendor/lib:/opt/ros/humble/lib/x86_64-linux-gnu:/opt/ros/humble/lib:/usr/lib/x86_64-linux-gnu/gazebo-11/plugins PYTHONPATH=/home/su1jun/Capstone/ros2_ws/build/serial_motor_demo/prefix_override:/usr/lib/python3/dist-packages/colcon_core/task/python/colcon_distutils_commands:/home/su1jun/Capstone/ros2_ws/install/serial_motor_demo/lib/python3.10/site-packages:/home/su1jun/Capstone/ros2_ws/install/serial_motor_demo_msgs/local/lib/python3.10/dist-packages:${PYTHONPATH} /usr/bin/python3 -W ignore:setup.py install is deprecated setup.py develop --editable --build-directory /home/su1jun/Capstone/ros2_ws/build/serial_motor_demo/build --no-deps symlink_data
[4.809s] Level 1:colcon.colcon_core.shell:create_environment_hook('serial_motor_demo', 'pythonpath_develop')
[4.809s] INFO:colcon.colcon_core.shell:Creating environment hook '/home/su1jun/Capstone/ros2_ws/build/serial_motor_demo/share/serial_motor_demo/hook/pythonpath_develop.ps1'
[4.810s] INFO:colcon.colcon_core.shell:Creating environment descriptor '/home/su1jun/Capstone/ros2_ws/build/serial_motor_demo/share/serial_motor_demo/hook/pythonpath_develop.dsv'
[4.811s] INFO:colcon.colcon_core.shell:Creating environment hook '/home/su1jun/Capstone/ros2_ws/build/serial_motor_demo/share/serial_motor_demo/hook/pythonpath_develop.sh'
[4.812s] Level 1:colcon.colcon_core.environment:checking '/home/su1jun/Capstone/ros2_ws/install/serial_motor_demo' for CMake module files
[4.814s] Level 1:colcon.colcon_core.environment:checking '/home/su1jun/Capstone/ros2_ws/install/serial_motor_demo' for CMake config files
[4.815s] Level 1:colcon.colcon_core.environment:checking '/home/su1jun/Capstone/ros2_ws/install/serial_motor_demo/lib'
[4.815s] Level 1:colcon.colcon_core.environment:checking '/home/su1jun/Capstone/ros2_ws/install/serial_motor_demo/bin'
[4.815s] Level 1:colcon.colcon_core.environment:checking '/home/su1jun/Capstone/ros2_ws/install/serial_motor_demo/lib/pkgconfig/serial_motor_demo.pc'
[4.816s] Level 1:colcon.colcon_core.environment:checking '/home/su1jun/Capstone/ros2_ws/install/serial_motor_demo/lib/python3.10/site-packages'
[4.816s] Level 1:colcon.colcon_core.shell:create_environment_hook('serial_motor_demo', 'pythonpath')
[4.816s] INFO:colcon.colcon_core.shell:Creating environment hook '/home/su1jun/Capstone/ros2_ws/install/serial_motor_demo/share/serial_motor_demo/hook/pythonpath.ps1'
[4.812s] DEBUG:colcon.colcon_core.event_handler.log_command:Invoked command in '/home/su1jun/Capstone/ros2_ws/build/serial_motor_demo' returned '0': AMENT_PREFIX_PATH=/home/su1jun/Capstone/ros2_ws/install/serial_motor_demo_msgs:${AMENT_PREFIX_PATH} CMAKE_PREFIX_PATH=/home/su1jun/Capstone/ros2_ws/install/serial_motor_demo_msgs:${CMAKE_PREFIX_PATH} LD_LIBRARY_PATH=/home/su1jun/Capstone/ros2_ws/install/serial_motor_demo_msgs/lib:/home/su1jun/Capstone/colcon_ws/install/vizanti_msgs/lib:/usr/lib/x86_64-linux-gnu/gazebo-11/plugins:/opt/ros/humble/opt/rviz_ogre_vendor/lib:/opt/ros/humble/lib/x86_64-linux-gnu:/opt/ros/humble/lib:/usr/lib/x86_64-linux-gnu/gazebo-11/plugins PYTHONPATH=/home/su1jun/Capstone/ros2_ws/build/serial_motor_demo/prefix_override:/usr/lib/python3/dist-packages/colcon_core/task/python/colcon_distutils_commands:/home/su1jun/Capstone/ros2_ws/install/serial_motor_demo/lib/python3.10/site-packages:/home/su1jun/Capstone/ros2_ws/install/serial_motor_demo_msgs/local/lib/python3.10/dist-packages:${PYTHONPATH} /usr/bin/python3 -W ignore:setup.py install is deprecated setup.py develop --editable --build-directory /home/su1jun/Capstone/ros2_ws/build/serial_motor_demo/build --no-deps symlink_data
[4.817s] INFO:colcon.colcon_core.shell:Creating environment descriptor '/home/su1jun/Capstone/ros2_ws/install/serial_motor_demo/share/serial_motor_demo/hook/pythonpath.dsv'
[4.818s] INFO:colcon.colcon_core.shell:Creating environment hook '/home/su1jun/Capstone/ros2_ws/install/serial_motor_demo/share/serial_motor_demo/hook/pythonpath.sh'
[4.819s] Level 1:colcon.colcon_core.environment:checking '/home/su1jun/Capstone/ros2_ws/install/serial_motor_demo/bin'
[4.819s] Level 1:colcon.colcon_core.environment:create_environment_scripts_only(serial_motor_demo)
[4.820s] INFO:colcon.colcon_core.shell:Creating package script '/home/su1jun/Capstone/ros2_ws/install/serial_motor_demo/share/serial_motor_demo/package.ps1'
[4.821s] INFO:colcon.colcon_core.shell:Creating package descriptor '/home/su1jun/Capstone/ros2_ws/install/serial_motor_demo/share/serial_motor_demo/package.dsv'
[4.822s] INFO:colcon.colcon_core.shell:Creating package script '/home/su1jun/Capstone/ros2_ws/install/serial_motor_demo/share/serial_motor_demo/package.sh'
[4.823s] INFO:colcon.colcon_core.shell:Creating package script '/home/su1jun/Capstone/ros2_ws/install/serial_motor_demo/share/serial_motor_demo/package.bash'
[4.823s] INFO:colcon.colcon_core.shell:Creating package script '/home/su1jun/Capstone/ros2_ws/install/serial_motor_demo/share/serial_motor_demo/package.zsh'
[4.824s] Level 1:colcon.colcon_core.environment:create_file_with_runtime_dependencies(/home/su1jun/Capstone/ros2_ws/install/serial_motor_demo/share/colcon-core/packages/serial_motor_demo)
[6.451s] DEBUG:colcon.colcon_core.event_handler.log_command:Invoked command in '/home/su1jun/Capstone/ros2_ws/build/diffdrive_arduino' returned '2': AMENT_PREFIX_PATH=/home/su1jun/Capstone/ros2_ws/install/serial:${AMENT_PREFIX_PATH} CMAKE_PREFIX_PATH=/home/su1jun/Capstone/ros2_ws/install/serial:/home/su1jun/Capstone/ros2_ws/install/sllidar_ros2:/home/su1jun/Capstone/ros2_ws/install/capstone:/home/su1jun/Capstone/ros2_ws/install/articubot_one:/home/su1jun/Capstone/colcon_ws/install/vizanti:/home/su1jun/Capstone/colcon_ws/install/vizanti_server:/home/su1jun/Capstone/colcon_ws/install/vizanti_demos:/home/su1jun/Capstone/colcon_ws/install/vizanti_msgs:/home/su1jun/Capstone/colcon_ws/install/vizanti_cpp:/home/su1jun/Capstone/ros2_ws/install/robot:/opt/ros/humble LD_LIBRARY_PATH=/home/su1jun/Capstone/ros2_ws/install/serial/lib:${LD_LIBRARY_PATH} /usr/bin/cmake --build /home/su1jun/Capstone/ros2_ws/build/diffdrive_arduino -- -j4 -l4
[6.501s] Level 1:colcon.colcon_core.environment:create_environment_scripts_only(diffdrive_arduino)
[6.501s] Level 1:colcon.colcon_core.environment:checking '/home/su1jun/Capstone/ros2_ws/install/diffdrive_arduino' for CMake module files
[6.502s] Level 1:colcon.colcon_core.environment:checking '/home/su1jun/Capstone/ros2_ws/install/diffdrive_arduino' for CMake config files
[6.502s] Level 1:colcon.colcon_core.environment:checking '/home/su1jun/Capstone/ros2_ws/install/diffdrive_arduino/bin'
[6.503s] Level 1:colcon.colcon_core.environment:checking '/home/su1jun/Capstone/ros2_ws/install/diffdrive_arduino/lib/pkgconfig/diffdrive_arduino.pc'
[6.503s] Level 1:colcon.colcon_core.environment:checking '/home/su1jun/Capstone/ros2_ws/install/diffdrive_arduino/lib/python3.10/site-packages'
[6.504s] Level 1:colcon.colcon_core.environment:checking '/home/su1jun/Capstone/ros2_ws/install/diffdrive_arduino/bin'
[6.504s] INFO:colcon.colcon_core.shell:Creating package script '/home/su1jun/Capstone/ros2_ws/install/diffdrive_arduino/share/diffdrive_arduino/package.ps1'
[6.507s] INFO:colcon.colcon_core.shell:Creating package descriptor '/home/su1jun/Capstone/ros2_ws/install/diffdrive_arduino/share/diffdrive_arduino/package.dsv'
[6.508s] INFO:colcon.colcon_core.shell:Creating package script '/home/su1jun/Capstone/ros2_ws/install/diffdrive_arduino/share/diffdrive_arduino/package.sh'
[6.508s] INFO:colcon.colcon_core.shell:Creating package script '/home/su1jun/Capstone/ros2_ws/install/diffdrive_arduino/share/diffdrive_arduino/package.bash'
[6.509s] INFO:colcon.colcon_core.shell:Creating package script '/home/su1jun/Capstone/ros2_ws/install/diffdrive_arduino/share/diffdrive_arduino/package.zsh'
[6.510s] Level 1:colcon.colcon_core.environment:create_file_with_runtime_dependencies(/home/su1jun/Capstone/ros2_ws/install/diffdrive_arduino/share/colcon-core/packages/diffdrive_arduino)
[6.511s] DEBUG:colcon.colcon_parallel_executor.executor.parallel:closing loop
[6.511s] DEBUG:colcon.colcon_parallel_executor.executor.parallel:loop closed
[6.511s] DEBUG:colcon.colcon_parallel_executor.executor.parallel:run_until_complete finished with '2'
[6.512s] DEBUG:colcon.colcon_core.event_reactor:joining thread
[6.527s] INFO:colcon.colcon_core.plugin_system:Skipping extension 'colcon_notification.desktop_notification.terminal_notifier': Not used on non-Darwin systems
[6.528s] INFO:colcon.colcon_core.plugin_system:Skipping extension 'colcon_notification.desktop_notification.win32': Not used on non-Windows systems
[6.528s] INFO:colcon.colcon_notification.desktop_notification:Sending desktop notification using 'notify2'
[6.551s] DEBUG:colcon.colcon_core.event_reactor:joined thread
[6.552s] INFO:colcon.colcon_core.shell:Creating prefix script '/home/su1jun/Capstone/ros2_ws/install/local_setup.ps1'
[6.554s] INFO:colcon.colcon_core.shell:Creating prefix util module '/home/su1jun/Capstone/ros2_ws/install/_local_setup_util_ps1.py'
[6.556s] INFO:colcon.colcon_core.shell:Creating prefix chain script '/home/su1jun/Capstone/ros2_ws/install/setup.ps1'
[6.558s] INFO:colcon.colcon_core.shell:Creating prefix script '/home/su1jun/Capstone/ros2_ws/install/local_setup.sh'
[6.560s] INFO:colcon.colcon_core.shell:Creating prefix util module '/home/su1jun/Capstone/ros2_ws/install/_local_setup_util_sh.py'
[6.563s] INFO:colcon.colcon_core.shell:Creating prefix chain script '/home/su1jun/Capstone/ros2_ws/install/setup.sh'
[6.565s] INFO:colcon.colcon_core.shell:Creating prefix script '/home/su1jun/Capstone/ros2_ws/install/local_setup.bash'
[6.566s] INFO:colcon.colcon_core.shell:Creating prefix chain script '/home/su1jun/Capstone/ros2_ws/install/setup.bash'
[6.569s] INFO:colcon.colcon_core.shell:Creating prefix script '/home/su1jun/Capstone/ros2_ws/install/local_setup.zsh'
[6.570s] INFO:colcon.colcon_core.shell:Creating prefix chain script '/home/su1jun/Capstone/ros2_ws/install/setup.zsh'
