running develop
/usr/lib/python3/dist-packages/setuptools/command/easy_install.py:158: EasyInstallDeprecationWarning: easy_install command is deprecated. Use build and pip and other standards-based tools.
  warnings.warn(
Removing /home/su1jun/Capstone/ros2_ws/install/robot/lib/python3.10/site-packages/robot.egg-link (link to .)
running egg_info
writing ../../build/robot/robot.egg-info/PKG-INFO
writing dependency_links to ../../build/robot/robot.egg-info/dependency_links.txt
writing entry points to ../../build/robot/robot.egg-info/entry_points.txt
writing requirements to ../../build/robot/robot.egg-info/requires.txt
writing top-level names to ../../build/robot/robot.egg-info/top_level.txt
reading manifest file '../../build/robot/robot.egg-info/SOURCES.txt'
writing manifest file '../../build/robot/robot.egg-info/SOURCES.txt'
running build
running build_py
creating /home/su1jun/Capstone/ros2_ws/build/robot/build
creating /home/su1jun/Capstone/ros2_ws/build/robot/build/lib
creating /home/su1jun/Capstone/ros2_ws/build/robot/build/lib/robot
copying robot/__init__.py -> /home/su1jun/Capstone/ros2_ws/build/robot/build/lib/robot
copying robot/switch_node.py -> /home/su1jun/Capstone/ros2_ws/build/robot/build/lib/robot
copying robot/bluetooth_test.py -> /home/su1jun/Capstone/ros2_ws/build/robot/build/lib/robot
copying robot/const.py -> /home/su1jun/Capstone/ros2_ws/build/robot/build/lib/robot
copying robot/map_node.py -> /home/su1jun/Capstone/ros2_ws/build/robot/build/lib/robot
copying robot/odom_node.py -> /home/su1jun/Capstone/ros2_ws/build/robot/build/lib/robot
copying robot/bluetooth_node.py -> /home/su1jun/Capstone/ros2_ws/build/robot/build/lib/robot
copying robot/motor_node.py -> /home/su1jun/Capstone/ros2_ws/build/robot/build/lib/robot
copying robot/motor_btl_node.py -> /home/su1jun/Capstone/ros2_ws/build/robot/build/lib/robot
running install
running install_lib
creating /home/su1jun/Capstone/ros2_ws/install/robot/lib/python3.10/site-packages/robot
copying /home/su1jun/Capstone/ros2_ws/build/robot/build/lib/robot/__init__.py -> /home/su1jun/Capstone/ros2_ws/install/robot/lib/python3.10/site-packages/robot
copying /home/su1jun/Capstone/ros2_ws/build/robot/build/lib/robot/switch_node.py -> /home/su1jun/Capstone/ros2_ws/install/robot/lib/python3.10/site-packages/robot
copying /home/su1jun/Capstone/ros2_ws/build/robot/build/lib/robot/bluetooth_test.py -> /home/su1jun/Capstone/ros2_ws/install/robot/lib/python3.10/site-packages/robot
copying /home/su1jun/Capstone/ros2_ws/build/robot/build/lib/robot/const.py -> /home/su1jun/Capstone/ros2_ws/install/robot/lib/python3.10/site-packages/robot
copying /home/su1jun/Capstone/ros2_ws/build/robot/build/lib/robot/map_node.py -> /home/su1jun/Capstone/ros2_ws/install/robot/lib/python3.10/site-packages/robot
copying /home/su1jun/Capstone/ros2_ws/build/robot/build/lib/robot/odom_node.py -> /home/su1jun/Capstone/ros2_ws/install/robot/lib/python3.10/site-packages/robot
copying /home/su1jun/Capstone/ros2_ws/build/robot/build/lib/robot/bluetooth_node.py -> /home/su1jun/Capstone/ros2_ws/install/robot/lib/python3.10/site-packages/robot
copying /home/su1jun/Capstone/ros2_ws/build/robot/build/lib/robot/motor_node.py -> /home/su1jun/Capstone/ros2_ws/install/robot/lib/python3.10/site-packages/robot
copying /home/su1jun/Capstone/ros2_ws/build/robot/build/lib/robot/motor_btl_node.py -> /home/su1jun/Capstone/ros2_ws/install/robot/lib/python3.10/site-packages/robot
byte-compiling /home/su1jun/Capstone/ros2_ws/install/robot/lib/python3.10/site-packages/robot/__init__.py to __init__.cpython-310.pyc
byte-compiling /home/su1jun/Capstone/ros2_ws/install/robot/lib/python3.10/site-packages/robot/switch_node.py to switch_node.cpython-310.pyc
byte-compiling /home/su1jun/Capstone/ros2_ws/install/robot/lib/python3.10/site-packages/robot/bluetooth_test.py to bluetooth_test.cpython-310.pyc
byte-compiling /home/su1jun/Capstone/ros2_ws/install/robot/lib/python3.10/site-packages/robot/const.py to const.cpython-310.pyc
byte-compiling /home/su1jun/Capstone/ros2_ws/install/robot/lib/python3.10/site-packages/robot/map_node.py to map_node.cpython-310.pyc
byte-compiling /home/su1jun/Capstone/ros2_ws/install/robot/lib/python3.10/site-packages/robot/odom_node.py to odom_node.cpython-310.pyc
byte-compiling /home/su1jun/Capstone/ros2_ws/install/robot/lib/python3.10/site-packages/robot/bluetooth_node.py to bluetooth_node.cpython-310.pyc
byte-compiling /home/su1jun/Capstone/ros2_ws/install/robot/lib/python3.10/site-packages/robot/motor_node.py to motor_node.cpython-310.pyc
byte-compiling /home/su1jun/Capstone/ros2_ws/install/robot/lib/python3.10/site-packages/robot/motor_btl_node.py to motor_btl_node.cpython-310.pyc
running install_data
copying resource/robot -> /home/su1jun/Capstone/ros2_ws/install/robot/share/ament_index/resource_index/packages
copying package.xml -> /home/su1jun/Capstone/ros2_ws/install/robot/share/robot
running install_egg_info
Copying ../../build/robot/robot.egg-info to /home/su1jun/Capstone/ros2_ws/install/robot/lib/python3.10/site-packages/robot-0.0.0-py3.10.egg-info
running install_scripts
Installing bluetooth script to /home/su1jun/Capstone/ros2_ws/install/robot/lib/robot
Installing map script to /home/su1jun/Capstone/ros2_ws/install/robot/lib/robot
Installing motor script to /home/su1jun/Capstone/ros2_ws/install/robot/lib/robot
Installing motor_btl script to /home/su1jun/Capstone/ros2_ws/install/robot/lib/robot
Installing odom script to /home/su1jun/Capstone/ros2_ws/install/robot/lib/robot
Installing switch script to /home/su1jun/Capstone/ros2_ws/install/robot/lib/robot
writing list of installed files to '/home/su1jun/Capstone/ros2_ws/build/robot/install.log'
