[0.029s] Invoking command in '/home/su1jun/Capstone/ros2_ws/build/turtlebot3_simulations': AMENT_PREFIX_PATH=/home/su1jun/Capstone/ros2_ws/install/turtlebot3_gazebo:/home/su1jun/Capstone/ros2_ws/install/turtlebot3_fake_node:${AMENT_PREFIX_PATH} CMAKE_PREFIX_PATH=/home/su1jun/Capstone/ros2_ws/install/turtlebot3_gazebo:/home/su1jun/Capstone/ros2_ws/install/turtlebot3_fake_node:/home/su1jun/turtlebot3_ws/install/turtlebot3_simulations:/home/su1jun/turtlebot3_ws/install/turtlebot3_gazebo:/home/su1jun/turtlebot3_ws/install/turtlebot3_fake_node:/opt/ros/humble /usr/bin/cmake /home/su1jun/Capstone/ros2_ws/src/turtlebot3_simulations/turtlebot3_simulations -DCMAKE_INSTALL_PREFIX=/home/su1jun/Capstone/ros2_ws/install/turtlebot3_simulations
[0.054s] -- The C compiler identification is GNU 11.4.0
[0.079s] -- The CXX compiler identification is GNU 11.4.0
[0.083s] -- Detecting C compiler ABI info
[0.113s] -- Detecting C compiler ABI info - done
[0.116s] -- Check for working C compiler: /usr/bin/cc - skipped
[0.117s] -- Detecting C compile features
[0.117s] -- Detecting C compile features - done
[0.118s] -- Detecting CXX compiler ABI info
[0.155s] -- Detecting CXX compiler ABI info - done
[0.161s] -- Check for working CXX compiler: /usr/bin/c++ - skipped
[0.161s] -- Detecting CXX compile features
[0.161s] -- Detecting CXX compile features - done
[0.162s] -- Found ament_cmake: 1.3.8 (/opt/ros/humble/share/ament_cmake/cmake)
[0.320s] -- Found Python3: /usr/bin/python3 (found version "3.10.12") found components: Interpreter 
[0.400s] -- Configuring done
[0.401s] -- Generating done
[0.402s] -- Build files have been written to: /home/su1jun/Capstone/ros2_ws/build/turtlebot3_simulations
[0.404s] Invoked command in '/home/su1jun/Capstone/ros2_ws/build/turtlebot3_simulations' returned '0': AMENT_PREFIX_PATH=/home/su1jun/Capstone/ros2_ws/install/turtlebot3_gazebo:/home/su1jun/Capstone/ros2_ws/install/turtlebot3_fake_node:${AMENT_PREFIX_PATH} CMAKE_PREFIX_PATH=/home/su1jun/Capstone/ros2_ws/install/turtlebot3_gazebo:/home/su1jun/Capstone/ros2_ws/install/turtlebot3_fake_node:/home/su1jun/turtlebot3_ws/install/turtlebot3_simulations:/home/su1jun/turtlebot3_ws/install/turtlebot3_gazebo:/home/su1jun/turtlebot3_ws/install/turtlebot3_fake_node:/opt/ros/humble /usr/bin/cmake /home/su1jun/Capstone/ros2_ws/src/turtlebot3_simulations/turtlebot3_simulations -DCMAKE_INSTALL_PREFIX=/home/su1jun/Capstone/ros2_ws/install/turtlebot3_simulations
[0.404s] Invoking command in '/home/su1jun/Capstone/ros2_ws/build/turtlebot3_simulations': AMENT_PREFIX_PATH=/home/su1jun/Capstone/ros2_ws/install/turtlebot3_gazebo:/home/su1jun/Capstone/ros2_ws/install/turtlebot3_fake_node:${AMENT_PREFIX_PATH} CMAKE_PREFIX_PATH=/home/su1jun/Capstone/ros2_ws/install/turtlebot3_gazebo:/home/su1jun/Capstone/ros2_ws/install/turtlebot3_fake_node:/home/su1jun/turtlebot3_ws/install/turtlebot3_simulations:/home/su1jun/turtlebot3_ws/install/turtlebot3_gazebo:/home/su1jun/turtlebot3_ws/install/turtlebot3_fake_node:/opt/ros/humble /usr/bin/cmake --build /home/su1jun/Capstone/ros2_ws/build/turtlebot3_simulations -- -j20 -l20
[0.421s] Invoked command in '/home/su1jun/Capstone/ros2_ws/build/turtlebot3_simulations' returned '0': AMENT_PREFIX_PATH=/home/su1jun/Capstone/ros2_ws/install/turtlebot3_gazebo:/home/su1jun/Capstone/ros2_ws/install/turtlebot3_fake_node:${AMENT_PREFIX_PATH} CMAKE_PREFIX_PATH=/home/su1jun/Capstone/ros2_ws/install/turtlebot3_gazebo:/home/su1jun/Capstone/ros2_ws/install/turtlebot3_fake_node:/home/su1jun/turtlebot3_ws/install/turtlebot3_simulations:/home/su1jun/turtlebot3_ws/install/turtlebot3_gazebo:/home/su1jun/turtlebot3_ws/install/turtlebot3_fake_node:/opt/ros/humble /usr/bin/cmake --build /home/su1jun/Capstone/ros2_ws/build/turtlebot3_simulations -- -j20 -l20
[0.433s] Invoking command in '/home/su1jun/Capstone/ros2_ws/build/turtlebot3_simulations': AMENT_PREFIX_PATH=/home/su1jun/Capstone/ros2_ws/install/turtlebot3_gazebo:/home/su1jun/Capstone/ros2_ws/install/turtlebot3_fake_node:${AMENT_PREFIX_PATH} CMAKE_PREFIX_PATH=/home/su1jun/Capstone/ros2_ws/install/turtlebot3_gazebo:/home/su1jun/Capstone/ros2_ws/install/turtlebot3_fake_node:/home/su1jun/turtlebot3_ws/install/turtlebot3_simulations:/home/su1jun/turtlebot3_ws/install/turtlebot3_gazebo:/home/su1jun/turtlebot3_ws/install/turtlebot3_fake_node:/opt/ros/humble /usr/bin/cmake --install /home/su1jun/Capstone/ros2_ws/build/turtlebot3_simulations
[0.439s] -- Install configuration: ""
[0.439s] -- Installing: /home/su1jun/Capstone/ros2_ws/install/turtlebot3_simulations/share/ament_index/resource_index/package_run_dependencies/turtlebot3_simulations
[0.439s] -- Installing: /home/su1jun/Capstone/ros2_ws/install/turtlebot3_simulations/share/ament_index/resource_index/parent_prefix_path/turtlebot3_simulations
[0.439s] -- Installing: /home/su1jun/Capstone/ros2_ws/install/turtlebot3_simulations/share/turtlebot3_simulations/environment/ament_prefix_path.sh
[0.439s] -- Installing: /home/su1jun/Capstone/ros2_ws/install/turtlebot3_simulations/share/turtlebot3_simulations/environment/ament_prefix_path.dsv
[0.439s] -- Installing: /home/su1jun/Capstone/ros2_ws/install/turtlebot3_simulations/share/turtlebot3_simulations/environment/path.sh
[0.439s] -- Installing: /home/su1jun/Capstone/ros2_ws/install/turtlebot3_simulations/share/turtlebot3_simulations/environment/path.dsv
[0.439s] -- Installing: /home/su1jun/Capstone/ros2_ws/install/turtlebot3_simulations/share/turtlebot3_simulations/local_setup.bash
[0.439s] -- Installing: /home/su1jun/Capstone/ros2_ws/install/turtlebot3_simulations/share/turtlebot3_simulations/local_setup.sh
[0.439s] -- Installing: /home/su1jun/Capstone/ros2_ws/install/turtlebot3_simulations/share/turtlebot3_simulations/local_setup.zsh
[0.439s] -- Installing: /home/su1jun/Capstone/ros2_ws/install/turtlebot3_simulations/share/turtlebot3_simulations/local_setup.dsv
[0.440s] -- Installing: /home/su1jun/Capstone/ros2_ws/install/turtlebot3_simulations/share/turtlebot3_simulations/package.dsv
[0.440s] -- Installing: /home/su1jun/Capstone/ros2_ws/install/turtlebot3_simulations/share/ament_index/resource_index/packages/turtlebot3_simulations
[0.440s] -- Installing: /home/su1jun/Capstone/ros2_ws/install/turtlebot3_simulations/share/turtlebot3_simulations/cmake/turtlebot3_simulationsConfig.cmake
[0.440s] -- Installing: /home/su1jun/Capstone/ros2_ws/install/turtlebot3_simulations/share/turtlebot3_simulations/cmake/turtlebot3_simulationsConfig-version.cmake
[0.440s] -- Installing: /home/su1jun/Capstone/ros2_ws/install/turtlebot3_simulations/share/turtlebot3_simulations/package.xml
[0.441s] Invoked command in '/home/su1jun/Capstone/ros2_ws/build/turtlebot3_simulations' returned '0': AMENT_PREFIX_PATH=/home/su1jun/Capstone/ros2_ws/install/turtlebot3_gazebo:/home/su1jun/Capstone/ros2_ws/install/turtlebot3_fake_node:${AMENT_PREFIX_PATH} CMAKE_PREFIX_PATH=/home/su1jun/Capstone/ros2_ws/install/turtlebot3_gazebo:/home/su1jun/Capstone/ros2_ws/install/turtlebot3_fake_node:/home/su1jun/turtlebot3_ws/install/turtlebot3_simulations:/home/su1jun/turtlebot3_ws/install/turtlebot3_gazebo:/home/su1jun/turtlebot3_ws/install/turtlebot3_fake_node:/opt/ros/humble /usr/bin/cmake --install /home/su1jun/Capstone/ros2_ws/build/turtlebot3_simulations
