[0.011s] Invoking command in '/home/su1jun/Capstone/colcon_ws/build/vizanti_cpp': CMAKE_PREFIX_PATH=/opt/ros/humble /usr/bin/cmake --build /home/su1jun/Capstone/colcon_ws/build/vizanti_cpp -- -j4 -l4
[0.054s] [35m[1mConsolidate compiler generated dependencies of target tf_consolidator[0m
[0.072s] [100%] Built target tf_consolidator
[0.089s] Invoked command in '/home/su1jun/Capstone/colcon_ws/build/vizanti_cpp' returned '0': CMAKE_PREFIX_PATH=/opt/ros/humble /usr/bin/cmake --build /home/su1jun/Capstone/colcon_ws/build/vizanti_cpp -- -j4 -l4
[0.127s] Invoking command in '/home/su1jun/Capstone/colcon_ws/build/vizanti_cpp': CMAKE_PREFIX_PATH=/opt/ros/humble /usr/bin/cmake --install /home/su1jun/Capstone/colcon_ws/build/vizanti_cpp
[0.137s] -- Install configuration: ""
[0.137s] -- Execute custom install script
[0.138s] -- Up-to-date symlink: /home/su1jun/Capstone/colcon_ws/install/vizanti_cpp/lib/vizanti_cpp/tf_consolidator
[0.139s] -- Up-to-date symlink: /home/su1jun/Capstone/colcon_ws/install/vizanti_cpp/share/ament_index/resource_index/package_run_dependencies/vizanti_cpp
[0.140s] -- Up-to-date symlink: /home/su1jun/Capstone/colcon_ws/install/vizanti_cpp/share/ament_index/resource_index/parent_prefix_path/vizanti_cpp
[0.141s] -- Up-to-date symlink: /home/su1jun/Capstone/colcon_ws/install/vizanti_cpp/share/vizanti_cpp/environment/ament_prefix_path.sh
[0.142s] -- Up-to-date symlink: /home/su1jun/Capstone/colcon_ws/install/vizanti_cpp/share/vizanti_cpp/environment/ament_prefix_path.dsv
[0.143s] -- Up-to-date symlink: /home/su1jun/Capstone/colcon_ws/install/vizanti_cpp/share/vizanti_cpp/environment/path.sh
[0.143s] -- Up-to-date symlink: /home/su1jun/Capstone/colcon_ws/install/vizanti_cpp/share/vizanti_cpp/environment/path.dsv
[0.144s] -- Up-to-date symlink: /home/su1jun/Capstone/colcon_ws/install/vizanti_cpp/share/vizanti_cpp/local_setup.bash
[0.144s] -- Up-to-date symlink: /home/su1jun/Capstone/colcon_ws/install/vizanti_cpp/share/vizanti_cpp/local_setup.sh
[0.145s] -- Up-to-date symlink: /home/su1jun/Capstone/colcon_ws/install/vizanti_cpp/share/vizanti_cpp/local_setup.zsh
[0.145s] -- Up-to-date symlink: /home/su1jun/Capstone/colcon_ws/install/vizanti_cpp/share/vizanti_cpp/local_setup.dsv
[0.146s] -- Symlinking: /home/su1jun/Capstone/colcon_ws/install/vizanti_cpp/share/vizanti_cpp/package.dsv
[0.157s] -- Up-to-date symlink: /home/su1jun/Capstone/colcon_ws/install/vizanti_cpp/share/ament_index/resource_index/packages/vizanti_cpp
[0.157s] -- Up-to-date symlink: /home/su1jun/Capstone/colcon_ws/install/vizanti_cpp/share/vizanti_cpp/cmake/vizanti_cppConfig.cmake
[0.158s] -- Up-to-date symlink: /home/su1jun/Capstone/colcon_ws/install/vizanti_cpp/share/vizanti_cpp/cmake/vizanti_cppConfig-version.cmake
[0.159s] -- Up-to-date symlink: /home/su1jun/Capstone/colcon_ws/install/vizanti_cpp/share/vizanti_cpp/package.xml
[0.165s] Invoked command in '/home/su1jun/Capstone/colcon_ws/build/vizanti_cpp' returned '0': CMAKE_PREFIX_PATH=/opt/ros/humble /usr/bin/cmake --install /home/su1jun/Capstone/colcon_ws/build/vizanti_cpp
