[0.155s] DEBUG:colcon:Command line arguments: ['/usr/bin/colcon', 'build', '--symlink-install']
[0.155s] DEBUG:colcon:Parsed command line arguments: Namespace(log_base=None, log_level=None, verb_name='build', build_base='build', install_base='install', merge_install=False, symlink_install=True, test_result_base=None, continue_on_error=False, executor='parallel', parallel_workers=4, event_handlers=None, ignore_user_meta=False, metas=['./colcon.meta'], base_paths=['.'], packages_ignore=None, packages_ignore_regex=None, paths=None, packages_up_to=None, packages_up_to_regex=None, packages_above=None, packages_above_and_dependencies=None, packages_above_depth=None, packages_select_by_dep=None, packages_skip_by_dep=None, packages_skip_up_to=None, packages_select_build_failed=False, packages_skip_build_finished=False, packages_select_test_failures=False, packages_skip_test_passed=False, packages_select=None, packages_skip=None, packages_select_regex=None, packages_skip_regex=None, packages_start=None, packages_end=None, allow_overriding=[], cmake_args=None, cmake_target=None, cmake_target_skip_unavailable=False, cmake_clean_cache=False, cmake_clean_first=False, cmake_force_configure=False, ament_cmake_args=None, catkin_cmake_args=None, catkin_skip_building_tests=False, mixin_files=None, mixin=None, verb_parser=<colcon_mixin.mixin.mixin_argument.MixinArgumentDecorator object at 0x774e2dc366b0>, verb_extension=<colcon_core.verb.build.BuildVerb object at 0x774e2dc360e0>, main=<bound method BuildVerb.main of <colcon_core.verb.build.BuildVerb object at 0x774e2dc360e0>>, mixin_verb=('build',))
[0.381s] Level 1:colcon.colcon_core.package_discovery:discover_packages(colcon_meta) check parameters
[0.381s] Level 1:colcon.colcon_core.package_discovery:discover_packages(recursive) check parameters
[0.381s] Level 1:colcon.colcon_core.package_discovery:discover_packages(ignore) check parameters
[0.381s] Level 1:colcon.colcon_core.package_discovery:discover_packages(path) check parameters
[0.381s] Level 1:colcon.colcon_core.package_discovery:discover_packages(colcon_meta) discover
[0.381s] Level 1:colcon.colcon_core.package_discovery:discover_packages(recursive) discover
[0.381s] INFO:colcon.colcon_core.package_discovery:Crawling recursively for packages in '/home/su1jun/Capstone/colcon_ws'
[0.381s] Level 1:colcon.colcon_core.package_identification:_identify(.) by extensions ['ignore', 'ignore_ament_install']
[0.381s] Level 1:colcon.colcon_core.package_identification:_identify(.) by extension 'ignore'
[0.382s] Level 1:colcon.colcon_core.package_identification:_identify(.) by extension 'ignore_ament_install'
[0.382s] Level 1:colcon.colcon_core.package_identification:_identify(.) by extensions ['colcon_pkg']
[0.382s] Level 1:colcon.colcon_core.package_identification:_identify(.) by extension 'colcon_pkg'
[0.382s] Level 1:colcon.colcon_core.package_identification:_identify(.) by extensions ['colcon_meta']
[0.382s] Level 1:colcon.colcon_core.package_identification:_identify(.) by extension 'colcon_meta'
[0.382s] Level 1:colcon.colcon_core.package_identification:_identify(.) by extensions ['ros']
[0.382s] Level 1:colcon.colcon_core.package_identification:_identify(.) by extension 'ros'
[0.392s] Level 1:colcon.colcon_core.package_identification:_identify(.) by extensions ['cmake', 'python']
[0.393s] Level 1:colcon.colcon_core.package_identification:_identify(.) by extension 'cmake'
[0.393s] Level 1:colcon.colcon_core.package_identification:_identify(.) by extension 'python'
[0.393s] Level 1:colcon.colcon_core.package_identification:_identify(.) by extensions ['python_setup_py']
[0.393s] Level 1:colcon.colcon_core.package_identification:_identify(.) by extension 'python_setup_py'
[0.393s] Level 1:colcon.colcon_core.package_identification:_identify(build) by extensions ['ignore', 'ignore_ament_install']
[0.393s] Level 1:colcon.colcon_core.package_identification:_identify(build) by extension 'ignore'
[0.393s] Level 1:colcon.colcon_core.package_identification:_identify(build) ignored
[0.393s] Level 1:colcon.colcon_core.package_identification:_identify(install) by extensions ['ignore', 'ignore_ament_install']
[0.393s] Level 1:colcon.colcon_core.package_identification:_identify(install) by extension 'ignore'
[0.393s] Level 1:colcon.colcon_core.package_identification:_identify(install) ignored
[0.393s] Level 1:colcon.colcon_core.package_identification:_identify(log) by extensions ['ignore', 'ignore_ament_install']
[0.393s] Level 1:colcon.colcon_core.package_identification:_identify(log) by extension 'ignore'
[0.393s] Level 1:colcon.colcon_core.package_identification:_identify(log) ignored
[0.394s] Level 1:colcon.colcon_core.package_identification:_identify(src) by extensions ['ignore', 'ignore_ament_install']
[0.394s] Level 1:colcon.colcon_core.package_identification:_identify(src) by extension 'ignore'
[0.394s] Level 1:colcon.colcon_core.package_identification:_identify(src) by extension 'ignore_ament_install'
[0.394s] Level 1:colcon.colcon_core.package_identification:_identify(src) by extensions ['colcon_pkg']
[0.394s] Level 1:colcon.colcon_core.package_identification:_identify(src) by extension 'colcon_pkg'
[0.394s] Level 1:colcon.colcon_core.package_identification:_identify(src) by extensions ['colcon_meta']
[0.394s] Level 1:colcon.colcon_core.package_identification:_identify(src) by extension 'colcon_meta'
[0.394s] Level 1:colcon.colcon_core.package_identification:_identify(src) by extensions ['ros']
[0.394s] Level 1:colcon.colcon_core.package_identification:_identify(src) by extension 'ros'
[0.394s] Level 1:colcon.colcon_core.package_identification:_identify(src) by extensions ['cmake', 'python']
[0.394s] Level 1:colcon.colcon_core.package_identification:_identify(src) by extension 'cmake'
[0.394s] Level 1:colcon.colcon_core.package_identification:_identify(src) by extension 'python'
[0.394s] Level 1:colcon.colcon_core.package_identification:_identify(src) by extensions ['python_setup_py']
[0.394s] Level 1:colcon.colcon_core.package_identification:_identify(src) by extension 'python_setup_py'
[0.395s] Level 1:colcon.colcon_core.package_identification:_identify(src/vizanti) by extensions ['ignore', 'ignore_ament_install']
[0.395s] Level 1:colcon.colcon_core.package_identification:_identify(src/vizanti) by extension 'ignore'
[0.395s] Level 1:colcon.colcon_core.package_identification:_identify(src/vizanti) by extension 'ignore_ament_install'
[0.395s] Level 1:colcon.colcon_core.package_identification:_identify(src/vizanti) by extensions ['colcon_pkg']
[0.395s] Level 1:colcon.colcon_core.package_identification:_identify(src/vizanti) by extension 'colcon_pkg'
[0.395s] Level 1:colcon.colcon_core.package_identification:_identify(src/vizanti) by extensions ['colcon_meta']
[0.395s] Level 1:colcon.colcon_core.package_identification:_identify(src/vizanti) by extension 'colcon_meta'
[0.395s] Level 1:colcon.colcon_core.package_identification:_identify(src/vizanti) by extensions ['ros']
[0.395s] Level 1:colcon.colcon_core.package_identification:_identify(src/vizanti) by extension 'ros'
[0.395s] Level 1:colcon.colcon_core.package_identification:_identify(src/vizanti) by extensions ['cmake', 'python']
[0.395s] Level 1:colcon.colcon_core.package_identification:_identify(src/vizanti) by extension 'cmake'
[0.395s] Level 1:colcon.colcon_core.package_identification:_identify(src/vizanti) by extension 'python'
[0.395s] Level 1:colcon.colcon_core.package_identification:_identify(src/vizanti) by extensions ['python_setup_py']
[0.395s] Level 1:colcon.colcon_core.package_identification:_identify(src/vizanti) by extension 'python_setup_py'
[0.396s] Level 1:colcon.colcon_core.package_identification:_identify(src/vizanti/vizanti) by extensions ['ignore', 'ignore_ament_install']
[0.396s] Level 1:colcon.colcon_core.package_identification:_identify(src/vizanti/vizanti) by extension 'ignore'
[0.396s] Level 1:colcon.colcon_core.package_identification:_identify(src/vizanti/vizanti) by extension 'ignore_ament_install'
[0.396s] Level 1:colcon.colcon_core.package_identification:_identify(src/vizanti/vizanti) by extensions ['colcon_pkg']
[0.396s] Level 1:colcon.colcon_core.package_identification:_identify(src/vizanti/vizanti) by extension 'colcon_pkg'
[0.396s] Level 1:colcon.colcon_core.package_identification:_identify(src/vizanti/vizanti) by extensions ['colcon_meta']
[0.396s] Level 1:colcon.colcon_core.package_identification:_identify(src/vizanti/vizanti) by extension 'colcon_meta'
[0.396s] Level 1:colcon.colcon_core.package_identification:_identify(src/vizanti/vizanti) by extensions ['ros']
[0.396s] Level 1:colcon.colcon_core.package_identification:_identify(src/vizanti/vizanti) by extension 'ros'
[0.399s] DEBUG:colcon.colcon_core.package_identification:Package 'src/vizanti/vizanti' with type 'ros.ament_cmake' and name 'vizanti'
[0.399s] Level 1:colcon.colcon_core.package_identification:_identify(src/vizanti/vizanti_cpp) by extensions ['ignore', 'ignore_ament_install']
[0.399s] Level 1:colcon.colcon_core.package_identification:_identify(src/vizanti/vizanti_cpp) by extension 'ignore'
[0.399s] Level 1:colcon.colcon_core.package_identification:_identify(src/vizanti/vizanti_cpp) by extension 'ignore_ament_install'
[0.400s] Level 1:colcon.colcon_core.package_identification:_identify(src/vizanti/vizanti_cpp) by extensions ['colcon_pkg']
[0.400s] Level 1:colcon.colcon_core.package_identification:_identify(src/vizanti/vizanti_cpp) by extension 'colcon_pkg'
[0.400s] Level 1:colcon.colcon_core.package_identification:_identify(src/vizanti/vizanti_cpp) by extensions ['colcon_meta']
[0.400s] Level 1:colcon.colcon_core.package_identification:_identify(src/vizanti/vizanti_cpp) by extension 'colcon_meta'
[0.400s] Level 1:colcon.colcon_core.package_identification:_identify(src/vizanti/vizanti_cpp) by extensions ['ros']
[0.400s] Level 1:colcon.colcon_core.package_identification:_identify(src/vizanti/vizanti_cpp) by extension 'ros'
[0.401s] DEBUG:colcon.colcon_core.package_identification:Package 'src/vizanti/vizanti_cpp' with type 'ros.ament_cmake' and name 'vizanti_cpp'
[0.401s] Level 1:colcon.colcon_core.package_identification:_identify(src/vizanti/vizanti_demos) by extensions ['ignore', 'ignore_ament_install']
[0.401s] Level 1:colcon.colcon_core.package_identification:_identify(src/vizanti/vizanti_demos) by extension 'ignore'
[0.401s] Level 1:colcon.colcon_core.package_identification:_identify(src/vizanti/vizanti_demos) by extension 'ignore_ament_install'
[0.401s] Level 1:colcon.colcon_core.package_identification:_identify(src/vizanti/vizanti_demos) by extensions ['colcon_pkg']
[0.401s] Level 1:colcon.colcon_core.package_identification:_identify(src/vizanti/vizanti_demos) by extension 'colcon_pkg'
[0.401s] Level 1:colcon.colcon_core.package_identification:_identify(src/vizanti/vizanti_demos) by extensions ['colcon_meta']
[0.401s] Level 1:colcon.colcon_core.package_identification:_identify(src/vizanti/vizanti_demos) by extension 'colcon_meta'
[0.401s] Level 1:colcon.colcon_core.package_identification:_identify(src/vizanti/vizanti_demos) by extensions ['ros']
[0.401s] Level 1:colcon.colcon_core.package_identification:_identify(src/vizanti/vizanti_demos) by extension 'ros'
[0.402s] DEBUG:colcon.colcon_core.package_identification:Package 'src/vizanti/vizanti_demos' with type 'ros.ament_cmake' and name 'vizanti_demos'
[0.403s] Level 1:colcon.colcon_core.package_identification:_identify(src/vizanti/vizanti_msgs) by extensions ['ignore', 'ignore_ament_install']
[0.403s] Level 1:colcon.colcon_core.package_identification:_identify(src/vizanti/vizanti_msgs) by extension 'ignore'
[0.403s] Level 1:colcon.colcon_core.package_identification:_identify(src/vizanti/vizanti_msgs) by extension 'ignore_ament_install'
[0.403s] Level 1:colcon.colcon_core.package_identification:_identify(src/vizanti/vizanti_msgs) by extensions ['colcon_pkg']
[0.403s] Level 1:colcon.colcon_core.package_identification:_identify(src/vizanti/vizanti_msgs) by extension 'colcon_pkg'
[0.403s] Level 1:colcon.colcon_core.package_identification:_identify(src/vizanti/vizanti_msgs) by extensions ['colcon_meta']
[0.403s] Level 1:colcon.colcon_core.package_identification:_identify(src/vizanti/vizanti_msgs) by extension 'colcon_meta'
[0.403s] Level 1:colcon.colcon_core.package_identification:_identify(src/vizanti/vizanti_msgs) by extensions ['ros']
[0.403s] Level 1:colcon.colcon_core.package_identification:_identify(src/vizanti/vizanti_msgs) by extension 'ros'
[0.404s] DEBUG:colcon.colcon_core.package_identification:Package 'src/vizanti/vizanti_msgs' with type 'ros.ament_cmake' and name 'vizanti_msgs'
[0.404s] Level 1:colcon.colcon_core.package_identification:_identify(src/vizanti/vizanti_server) by extensions ['ignore', 'ignore_ament_install']
[0.404s] Level 1:colcon.colcon_core.package_identification:_identify(src/vizanti/vizanti_server) by extension 'ignore'
[0.404s] Level 1:colcon.colcon_core.package_identification:_identify(src/vizanti/vizanti_server) by extension 'ignore_ament_install'
[0.404s] Level 1:colcon.colcon_core.package_identification:_identify(src/vizanti/vizanti_server) by extensions ['colcon_pkg']
[0.404s] Level 1:colcon.colcon_core.package_identification:_identify(src/vizanti/vizanti_server) by extension 'colcon_pkg'
[0.404s] Level 1:colcon.colcon_core.package_identification:_identify(src/vizanti/vizanti_server) by extensions ['colcon_meta']
[0.404s] Level 1:colcon.colcon_core.package_identification:_identify(src/vizanti/vizanti_server) by extension 'colcon_meta'
[0.405s] Level 1:colcon.colcon_core.package_identification:_identify(src/vizanti/vizanti_server) by extensions ['ros']
[0.405s] Level 1:colcon.colcon_core.package_identification:_identify(src/vizanti/vizanti_server) by extension 'ros'
[0.406s] DEBUG:colcon.colcon_core.package_identification:Package 'src/vizanti/vizanti_server' with type 'ros.ament_cmake' and name 'vizanti_server'
[0.406s] Level 1:colcon.colcon_core.package_discovery:discover_packages(recursive) using defaults
[0.406s] Level 1:colcon.colcon_core.package_discovery:discover_packages(ignore) discover
[0.406s] Level 1:colcon.colcon_core.package_discovery:discover_packages(ignore) using defaults
[0.406s] Level 1:colcon.colcon_core.package_discovery:discover_packages(path) discover
[0.406s] Level 1:colcon.colcon_core.package_discovery:discover_packages(path) using defaults
[0.446s] Level 1:colcon.colcon_core.package_discovery:discover_packages(prefix_path) check parameters
[0.446s] Level 1:colcon.colcon_core.package_discovery:discover_packages(prefix_path) discover
[0.449s] DEBUG:colcon.colcon_installed_package_information.package_discovery:Found 362 installed packages in /opt/ros/humble
[0.452s] Level 1:colcon.colcon_core.package_discovery:discover_packages(prefix_path) using defaults
[0.497s] Level 5:colcon.colcon_core.verb:set package 'vizanti_cpp' build argument 'cmake_args' from command line to 'None'
[0.497s] Level 5:colcon.colcon_core.verb:set package 'vizanti_cpp' build argument 'cmake_target' from command line to 'None'
[0.497s] Level 5:colcon.colcon_core.verb:set package 'vizanti_cpp' build argument 'cmake_target_skip_unavailable' from command line to 'False'
[0.497s] Level 5:colcon.colcon_core.verb:set package 'vizanti_cpp' build argument 'cmake_clean_cache' from command line to 'False'
[0.497s] Level 5:colcon.colcon_core.verb:set package 'vizanti_cpp' build argument 'cmake_clean_first' from command line to 'False'
[0.497s] Level 5:colcon.colcon_core.verb:set package 'vizanti_cpp' build argument 'cmake_force_configure' from command line to 'False'
[0.497s] Level 5:colcon.colcon_core.verb:set package 'vizanti_cpp' build argument 'ament_cmake_args' from command line to 'None'
[0.497s] Level 5:colcon.colcon_core.verb:set package 'vizanti_cpp' build argument 'catkin_cmake_args' from command line to 'None'
[0.497s] Level 5:colcon.colcon_core.verb:set package 'vizanti_cpp' build argument 'catkin_skip_building_tests' from command line to 'False'
[0.497s] DEBUG:colcon.colcon_core.verb:Building package 'vizanti_cpp' with the following arguments: {'ament_cmake_args': None, 'build_base': '/home/su1jun/Capstone/colcon_ws/build/vizanti_cpp', 'catkin_cmake_args': None, 'catkin_skip_building_tests': False, 'cmake_args': None, 'cmake_clean_cache': False, 'cmake_clean_first': False, 'cmake_force_configure': False, 'cmake_target': None, 'cmake_target_skip_unavailable': False, 'install_base': '/home/su1jun/Capstone/colcon_ws/install/vizanti_cpp', 'merge_install': False, 'path': '/home/su1jun/Capstone/colcon_ws/src/vizanti/vizanti_cpp', 'symlink_install': True, 'test_result_base': None}
[0.497s] Level 5:colcon.colcon_core.verb:set package 'vizanti_msgs' build argument 'cmake_args' from command line to 'None'
[0.497s] Level 5:colcon.colcon_core.verb:set package 'vizanti_msgs' build argument 'cmake_target' from command line to 'None'
[0.497s] Level 5:colcon.colcon_core.verb:set package 'vizanti_msgs' build argument 'cmake_target_skip_unavailable' from command line to 'False'
[0.497s] Level 5:colcon.colcon_core.verb:set package 'vizanti_msgs' build argument 'cmake_clean_cache' from command line to 'False'
[0.497s] Level 5:colcon.colcon_core.verb:set package 'vizanti_msgs' build argument 'cmake_clean_first' from command line to 'False'
[0.497s] Level 5:colcon.colcon_core.verb:set package 'vizanti_msgs' build argument 'cmake_force_configure' from command line to 'False'
[0.497s] Level 5:colcon.colcon_core.verb:set package 'vizanti_msgs' build argument 'ament_cmake_args' from command line to 'None'
[0.497s] Level 5:colcon.colcon_core.verb:set package 'vizanti_msgs' build argument 'catkin_cmake_args' from command line to 'None'
[0.497s] Level 5:colcon.colcon_core.verb:set package 'vizanti_msgs' build argument 'catkin_skip_building_tests' from command line to 'False'
[0.497s] DEBUG:colcon.colcon_core.verb:Building package 'vizanti_msgs' with the following arguments: {'ament_cmake_args': None, 'build_base': '/home/su1jun/Capstone/colcon_ws/build/vizanti_msgs', 'catkin_cmake_args': None, 'catkin_skip_building_tests': False, 'cmake_args': None, 'cmake_clean_cache': False, 'cmake_clean_first': False, 'cmake_force_configure': False, 'cmake_target': None, 'cmake_target_skip_unavailable': False, 'install_base': '/home/su1jun/Capstone/colcon_ws/install/vizanti_msgs', 'merge_install': False, 'path': '/home/su1jun/Capstone/colcon_ws/src/vizanti/vizanti_msgs', 'symlink_install': True, 'test_result_base': None}
[0.498s] Level 5:colcon.colcon_core.verb:set package 'vizanti_demos' build argument 'cmake_args' from command line to 'None'
[0.498s] Level 5:colcon.colcon_core.verb:set package 'vizanti_demos' build argument 'cmake_target' from command line to 'None'
[0.498s] Level 5:colcon.colcon_core.verb:set package 'vizanti_demos' build argument 'cmake_target_skip_unavailable' from command line to 'False'
[0.498s] Level 5:colcon.colcon_core.verb:set package 'vizanti_demos' build argument 'cmake_clean_cache' from command line to 'False'
[0.498s] Level 5:colcon.colcon_core.verb:set package 'vizanti_demos' build argument 'cmake_clean_first' from command line to 'False'
[0.498s] Level 5:colcon.colcon_core.verb:set package 'vizanti_demos' build argument 'cmake_force_configure' from command line to 'False'
[0.498s] Level 5:colcon.colcon_core.verb:set package 'vizanti_demos' build argument 'ament_cmake_args' from command line to 'None'
[0.498s] Level 5:colcon.colcon_core.verb:set package 'vizanti_demos' build argument 'catkin_cmake_args' from command line to 'None'
[0.498s] Level 5:colcon.colcon_core.verb:set package 'vizanti_demos' build argument 'catkin_skip_building_tests' from command line to 'False'
[0.498s] DEBUG:colcon.colcon_core.verb:Building package 'vizanti_demos' with the following arguments: {'ament_cmake_args': None, 'build_base': '/home/su1jun/Capstone/colcon_ws/build/vizanti_demos', 'catkin_cmake_args': None, 'catkin_skip_building_tests': False, 'cmake_args': None, 'cmake_clean_cache': False, 'cmake_clean_first': False, 'cmake_force_configure': False, 'cmake_target': None, 'cmake_target_skip_unavailable': False, 'install_base': '/home/su1jun/Capstone/colcon_ws/install/vizanti_demos', 'merge_install': False, 'path': '/home/su1jun/Capstone/colcon_ws/src/vizanti/vizanti_demos', 'symlink_install': True, 'test_result_base': None}
[0.498s] Level 5:colcon.colcon_core.verb:set package 'vizanti_server' build argument 'cmake_args' from command line to 'None'
[0.498s] Level 5:colcon.colcon_core.verb:set package 'vizanti_server' build argument 'cmake_target' from command line to 'None'
[0.498s] Level 5:colcon.colcon_core.verb:set package 'vizanti_server' build argument 'cmake_target_skip_unavailable' from command line to 'False'
[0.498s] Level 5:colcon.colcon_core.verb:set package 'vizanti_server' build argument 'cmake_clean_cache' from command line to 'False'
[0.498s] Level 5:colcon.colcon_core.verb:set package 'vizanti_server' build argument 'cmake_clean_first' from command line to 'False'
[0.498s] Level 5:colcon.colcon_core.verb:set package 'vizanti_server' build argument 'cmake_force_configure' from command line to 'False'
[0.499s] Level 5:colcon.colcon_core.verb:set package 'vizanti_server' build argument 'ament_cmake_args' from command line to 'None'
[0.499s] Level 5:colcon.colcon_core.verb:set package 'vizanti_server' build argument 'catkin_cmake_args' from command line to 'None'
[0.499s] Level 5:colcon.colcon_core.verb:set package 'vizanti_server' build argument 'catkin_skip_building_tests' from command line to 'False'
[0.499s] DEBUG:colcon.colcon_core.verb:Building package 'vizanti_server' with the following arguments: {'ament_cmake_args': None, 'build_base': '/home/su1jun/Capstone/colcon_ws/build/vizanti_server', 'catkin_cmake_args': None, 'catkin_skip_building_tests': False, 'cmake_args': None, 'cmake_clean_cache': False, 'cmake_clean_first': False, 'cmake_force_configure': False, 'cmake_target': None, 'cmake_target_skip_unavailable': False, 'install_base': '/home/su1jun/Capstone/colcon_ws/install/vizanti_server', 'merge_install': False, 'path': '/home/su1jun/Capstone/colcon_ws/src/vizanti/vizanti_server', 'symlink_install': True, 'test_result_base': None}
[0.499s] Level 5:colcon.colcon_core.verb:set package 'vizanti' build argument 'cmake_args' from command line to 'None'
[0.499s] Level 5:colcon.colcon_core.verb:set package 'vizanti' build argument 'cmake_target' from command line to 'None'
[0.499s] Level 5:colcon.colcon_core.verb:set package 'vizanti' build argument 'cmake_target_skip_unavailable' from command line to 'False'
[0.499s] Level 5:colcon.colcon_core.verb:set package 'vizanti' build argument 'cmake_clean_cache' from command line to 'False'
[0.499s] Level 5:colcon.colcon_core.verb:set package 'vizanti' build argument 'cmake_clean_first' from command line to 'False'
[0.499s] Level 5:colcon.colcon_core.verb:set package 'vizanti' build argument 'cmake_force_configure' from command line to 'False'
[0.499s] Level 5:colcon.colcon_core.verb:set package 'vizanti' build argument 'ament_cmake_args' from command line to 'None'
[0.499s] Level 5:colcon.colcon_core.verb:set package 'vizanti' build argument 'catkin_cmake_args' from command line to 'None'
[0.499s] Level 5:colcon.colcon_core.verb:set package 'vizanti' build argument 'catkin_skip_building_tests' from command line to 'False'
[0.499s] DEBUG:colcon.colcon_core.verb:Building package 'vizanti' with the following arguments: {'ament_cmake_args': None, 'build_base': '/home/su1jun/Capstone/colcon_ws/build/vizanti', 'catkin_cmake_args': None, 'catkin_skip_building_tests': False, 'cmake_args': None, 'cmake_clean_cache': False, 'cmake_clean_first': False, 'cmake_force_configure': False, 'cmake_target': None, 'cmake_target_skip_unavailable': False, 'install_base': '/home/su1jun/Capstone/colcon_ws/install/vizanti', 'merge_install': False, 'path': '/home/su1jun/Capstone/colcon_ws/src/vizanti/vizanti', 'symlink_install': True, 'test_result_base': None}
[0.499s] INFO:colcon.colcon_core.executor:Executing jobs using 'parallel' executor
[0.500s] DEBUG:colcon.colcon_parallel_executor.executor.parallel:run_until_complete
[0.500s] INFO:colcon.colcon_ros.task.ament_cmake.build:Building ROS package in '/home/su1jun/Capstone/colcon_ws/src/vizanti/vizanti_msgs' with build type 'ament_cmake'
[0.500s] INFO:colcon.colcon_cmake.task.cmake.build:Building CMake package in '/home/su1jun/Capstone/colcon_ws/src/vizanti/vizanti_msgs'
[0.505s] INFO:colcon.colcon_core.plugin_system:Skipping extension 'colcon_core.shell.bat': Not used on non-Windows systems
[0.505s] INFO:colcon.colcon_core.shell:Skip shell extension 'powershell' for command environment: Not usable outside of PowerShell
[0.505s] DEBUG:colcon.colcon_core.shell:Skip shell extension 'dsv' for command environment
[0.509s] INFO:colcon.colcon_ros.task.ament_cmake.build:Building ROS package in '/home/su1jun/Capstone/colcon_ws/src/vizanti/vizanti_cpp' with build type 'ament_cmake'
[0.509s] INFO:colcon.colcon_cmake.task.cmake.build:Building CMake package in '/home/su1jun/Capstone/colcon_ws/src/vizanti/vizanti_cpp'
[0.509s] INFO:colcon.colcon_core.shell:Skip shell extension 'powershell' for command environment: Not usable outside of PowerShell
[0.509s] DEBUG:colcon.colcon_core.shell:Skip shell extension 'dsv' for command environment
[0.520s] DEBUG:colcon.colcon_core.event_handler.log_command:Invoking command in '/home/su1jun/Capstone/colcon_ws/build/vizanti_msgs': CMAKE_PREFIX_PATH=/opt/ros/humble /usr/bin/cmake /home/su1jun/Capstone/colcon_ws/src/vizanti/vizanti_msgs -DAMENT_CMAKE_SYMLINK_INSTALL=1 -DCMAKE_INSTALL_PREFIX=/home/su1jun/Capstone/colcon_ws/install/vizanti_msgs
[0.524s] DEBUG:colcon.colcon_core.event_handler.log_command:Invoking command in '/home/su1jun/Capstone/colcon_ws/build/vizanti_cpp': CMAKE_PREFIX_PATH=/opt/ros/humble /usr/bin/cmake /home/su1jun/Capstone/colcon_ws/src/vizanti/vizanti_cpp -DAMENT_CMAKE_SYMLINK_INSTALL=1 -DCMAKE_INSTALL_PREFIX=/home/su1jun/Capstone/colcon_ws/install/vizanti_cpp
[1.493s] DEBUG:colcon.colcon_core.event_handler.log_command:Invoked command in '/home/su1jun/Capstone/colcon_ws/build/vizanti_cpp' returned '0': CMAKE_PREFIX_PATH=/opt/ros/humble /usr/bin/cmake /home/su1jun/Capstone/colcon_ws/src/vizanti/vizanti_cpp -DAMENT_CMAKE_SYMLINK_INSTALL=1 -DCMAKE_INSTALL_PREFIX=/home/su1jun/Capstone/colcon_ws/install/vizanti_cpp
[1.494s] DEBUG:colcon.colcon_core.event_handler.log_command:Invoking command in '/home/su1jun/Capstone/colcon_ws/build/vizanti_cpp': CMAKE_PREFIX_PATH=/opt/ros/humble /usr/bin/cmake --build /home/su1jun/Capstone/colcon_ws/build/vizanti_cpp -- -j4 -l4
[2.290s] DEBUG:colcon.colcon_core.event_handler.log_command:Invoked command in '/home/su1jun/Capstone/colcon_ws/build/vizanti_msgs' returned '0': CMAKE_PREFIX_PATH=/opt/ros/humble /usr/bin/cmake /home/su1jun/Capstone/colcon_ws/src/vizanti/vizanti_msgs -DAMENT_CMAKE_SYMLINK_INSTALL=1 -DCMAKE_INSTALL_PREFIX=/home/su1jun/Capstone/colcon_ws/install/vizanti_msgs
[2.292s] DEBUG:colcon.colcon_core.event_handler.log_command:Invoking command in '/home/su1jun/Capstone/colcon_ws/build/vizanti_msgs': CMAKE_PREFIX_PATH=/opt/ros/humble /usr/bin/cmake --build /home/su1jun/Capstone/colcon_ws/build/vizanti_msgs -- -j4 -l4
[9.320s] DEBUG:colcon.colcon_core.event_handler.log_command:Invoked command in '/home/su1jun/Capstone/colcon_ws/build/vizanti_msgs' returned '0': CMAKE_PREFIX_PATH=/opt/ros/humble /usr/bin/cmake --build /home/su1jun/Capstone/colcon_ws/build/vizanti_msgs -- -j4 -l4
[9.500s] DEBUG:colcon.colcon_core.event_handler.log_command:Invoking command in '/home/su1jun/Capstone/colcon_ws/build/vizanti_msgs': CMAKE_PREFIX_PATH=/opt/ros/humble /usr/bin/cmake --install /home/su1jun/Capstone/colcon_ws/build/vizanti_msgs
[9.650s] Level 1:colcon.colcon_core.environment:create_environment_scripts_only(vizanti_msgs)
[9.650s] DEBUG:colcon.colcon_core.event_handler.log_command:Invoked command in '/home/su1jun/Capstone/colcon_ws/build/vizanti_msgs' returned '0': CMAKE_PREFIX_PATH=/opt/ros/humble /usr/bin/cmake --install /home/su1jun/Capstone/colcon_ws/build/vizanti_msgs
[9.657s] Level 1:colcon.colcon_core.environment:checking '/home/su1jun/Capstone/colcon_ws/install/vizanti_msgs' for CMake module files
[9.658s] Level 1:colcon.colcon_core.environment:checking '/home/su1jun/Capstone/colcon_ws/install/vizanti_msgs' for CMake config files
[9.659s] Level 1:colcon.colcon_core.shell:create_environment_hook('vizanti_msgs', 'cmake_prefix_path')
[9.659s] INFO:colcon.colcon_core.shell:Creating environment hook '/home/su1jun/Capstone/colcon_ws/install/vizanti_msgs/share/vizanti_msgs/hook/cmake_prefix_path.ps1'
[9.660s] INFO:colcon.colcon_core.shell:Creating environment descriptor '/home/su1jun/Capstone/colcon_ws/install/vizanti_msgs/share/vizanti_msgs/hook/cmake_prefix_path.dsv'
[9.661s] INFO:colcon.colcon_core.shell:Creating environment hook '/home/su1jun/Capstone/colcon_ws/install/vizanti_msgs/share/vizanti_msgs/hook/cmake_prefix_path.sh'
[9.663s] Level 1:colcon.colcon_core.environment:checking '/home/su1jun/Capstone/colcon_ws/install/vizanti_msgs/lib'
[9.663s] Level 1:colcon.colcon_core.shell:create_environment_hook('vizanti_msgs', 'ld_library_path_lib')
[9.663s] INFO:colcon.colcon_core.shell:Creating environment hook '/home/su1jun/Capstone/colcon_ws/install/vizanti_msgs/share/vizanti_msgs/hook/ld_library_path_lib.ps1'
[9.663s] INFO:colcon.colcon_core.shell:Creating environment descriptor '/home/su1jun/Capstone/colcon_ws/install/vizanti_msgs/share/vizanti_msgs/hook/ld_library_path_lib.dsv'
[9.664s] INFO:colcon.colcon_core.shell:Creating environment hook '/home/su1jun/Capstone/colcon_ws/install/vizanti_msgs/share/vizanti_msgs/hook/ld_library_path_lib.sh'
[9.664s] Level 1:colcon.colcon_core.environment:checking '/home/su1jun/Capstone/colcon_ws/install/vizanti_msgs/bin'
[9.664s] Level 1:colcon.colcon_core.environment:checking '/home/su1jun/Capstone/colcon_ws/install/vizanti_msgs/lib/pkgconfig/vizanti_msgs.pc'
[9.664s] Level 1:colcon.colcon_core.environment:checking '/home/su1jun/Capstone/colcon_ws/install/vizanti_msgs/lib/python3.10/site-packages'
[9.665s] Level 1:colcon.colcon_core.environment:checking '/home/su1jun/Capstone/colcon_ws/install/vizanti_msgs/bin'
[9.665s] INFO:colcon.colcon_core.shell:Creating package script '/home/su1jun/Capstone/colcon_ws/install/vizanti_msgs/share/vizanti_msgs/package.ps1'
[9.666s] INFO:colcon.colcon_core.shell:Creating package descriptor '/home/su1jun/Capstone/colcon_ws/install/vizanti_msgs/share/vizanti_msgs/package.dsv'
[9.667s] INFO:colcon.colcon_core.shell:Creating package script '/home/su1jun/Capstone/colcon_ws/install/vizanti_msgs/share/vizanti_msgs/package.sh'
[9.668s] INFO:colcon.colcon_core.shell:Creating package script '/home/su1jun/Capstone/colcon_ws/install/vizanti_msgs/share/vizanti_msgs/package.bash'
[9.671s] INFO:colcon.colcon_core.shell:Creating package script '/home/su1jun/Capstone/colcon_ws/install/vizanti_msgs/share/vizanti_msgs/package.zsh'
[9.672s] Level 1:colcon.colcon_core.environment:create_file_with_runtime_dependencies(/home/su1jun/Capstone/colcon_ws/install/vizanti_msgs/share/colcon-core/packages/vizanti_msgs)
[9.836s] Level 1:colcon.colcon_core.environment:create_environment_scripts_only(vizanti_msgs)
[9.837s] Level 1:colcon.colcon_core.environment:checking '/home/su1jun/Capstone/colcon_ws/install/vizanti_msgs' for CMake module files
[9.837s] Level 1:colcon.colcon_core.environment:checking '/home/su1jun/Capstone/colcon_ws/install/vizanti_msgs' for CMake config files
[9.839s] Level 1:colcon.colcon_core.shell:create_environment_hook('vizanti_msgs', 'cmake_prefix_path')
[9.839s] INFO:colcon.colcon_core.shell:Creating environment hook '/home/su1jun/Capstone/colcon_ws/install/vizanti_msgs/share/vizanti_msgs/hook/cmake_prefix_path.ps1'
[9.839s] INFO:colcon.colcon_core.shell:Creating environment descriptor '/home/su1jun/Capstone/colcon_ws/install/vizanti_msgs/share/vizanti_msgs/hook/cmake_prefix_path.dsv'
[9.840s] INFO:colcon.colcon_core.shell:Creating environment hook '/home/su1jun/Capstone/colcon_ws/install/vizanti_msgs/share/vizanti_msgs/hook/cmake_prefix_path.sh'
[9.840s] Level 1:colcon.colcon_core.environment:checking '/home/su1jun/Capstone/colcon_ws/install/vizanti_msgs/lib'
[9.840s] Level 1:colcon.colcon_core.shell:create_environment_hook('vizanti_msgs', 'ld_library_path_lib')
[9.841s] INFO:colcon.colcon_core.shell:Creating environment hook '/home/su1jun/Capstone/colcon_ws/install/vizanti_msgs/share/vizanti_msgs/hook/ld_library_path_lib.ps1'
[9.841s] INFO:colcon.colcon_core.shell:Creating environment descriptor '/home/su1jun/Capstone/colcon_ws/install/vizanti_msgs/share/vizanti_msgs/hook/ld_library_path_lib.dsv'
[9.842s] INFO:colcon.colcon_core.shell:Creating environment hook '/home/su1jun/Capstone/colcon_ws/install/vizanti_msgs/share/vizanti_msgs/hook/ld_library_path_lib.sh'
[9.842s] Level 1:colcon.colcon_core.environment:checking '/home/su1jun/Capstone/colcon_ws/install/vizanti_msgs/bin'
[9.842s] Level 1:colcon.colcon_core.environment:checking '/home/su1jun/Capstone/colcon_ws/install/vizanti_msgs/lib/pkgconfig/vizanti_msgs.pc'
[9.842s] Level 1:colcon.colcon_core.environment:checking '/home/su1jun/Capstone/colcon_ws/install/vizanti_msgs/lib/python3.10/site-packages'
[9.843s] Level 1:colcon.colcon_core.environment:checking '/home/su1jun/Capstone/colcon_ws/install/vizanti_msgs/bin'
[9.843s] INFO:colcon.colcon_core.shell:Creating package script '/home/su1jun/Capstone/colcon_ws/install/vizanti_msgs/share/vizanti_msgs/package.ps1'
[9.844s] INFO:colcon.colcon_core.shell:Creating package descriptor '/home/su1jun/Capstone/colcon_ws/install/vizanti_msgs/share/vizanti_msgs/package.dsv'
[9.844s] INFO:colcon.colcon_core.shell:Creating package script '/home/su1jun/Capstone/colcon_ws/install/vizanti_msgs/share/vizanti_msgs/package.sh'
[9.845s] INFO:colcon.colcon_core.shell:Creating package script '/home/su1jun/Capstone/colcon_ws/install/vizanti_msgs/share/vizanti_msgs/package.bash'
[9.845s] INFO:colcon.colcon_core.shell:Creating package script '/home/su1jun/Capstone/colcon_ws/install/vizanti_msgs/share/vizanti_msgs/package.zsh'
[9.845s] Level 1:colcon.colcon_core.environment:create_file_with_runtime_dependencies(/home/su1jun/Capstone/colcon_ws/install/vizanti_msgs/share/colcon-core/packages/vizanti_msgs)
[9.846s] INFO:colcon.colcon_ros.task.ament_cmake.build:Building ROS package in '/home/su1jun/Capstone/colcon_ws/src/vizanti/vizanti_server' with build type 'ament_cmake'
[9.846s] INFO:colcon.colcon_cmake.task.cmake.build:Building CMake package in '/home/su1jun/Capstone/colcon_ws/src/vizanti/vizanti_server'
[9.846s] INFO:colcon.colcon_core.shell:Skip shell extension 'powershell' for command environment: Not usable outside of PowerShell
[9.846s] DEBUG:colcon.colcon_core.shell:Skip shell extension 'dsv' for command environment
[9.851s] INFO:colcon.colcon_ros.task.ament_cmake.build:Building ROS package in '/home/su1jun/Capstone/colcon_ws/src/vizanti/vizanti_demos' with build type 'ament_cmake'
[9.851s] INFO:colcon.colcon_cmake.task.cmake.build:Building CMake package in '/home/su1jun/Capstone/colcon_ws/src/vizanti/vizanti_demos'
[9.851s] INFO:colcon.colcon_core.shell:Skip shell extension 'powershell' for command environment: Not usable outside of PowerShell
[9.851s] DEBUG:colcon.colcon_core.shell:Skip shell extension 'dsv' for command environment
[9.861s] DEBUG:colcon.colcon_core.event_handler.log_command:Invoking command in '/home/su1jun/Capstone/colcon_ws/build/vizanti_server': AMENT_PREFIX_PATH=/home/su1jun/Capstone/colcon_ws/install/vizanti_msgs:${AMENT_PREFIX_PATH} CMAKE_PREFIX_PATH=/home/su1jun/Capstone/colcon_ws/install/vizanti_msgs:/opt/ros/humble LD_LIBRARY_PATH=/home/su1jun/Capstone/colcon_ws/install/vizanti_msgs/lib:${LD_LIBRARY_PATH} PYTHONPATH=/home/su1jun/Capstone/colcon_ws/install/vizanti_msgs/local/lib/python3.10/dist-packages:${PYTHONPATH} /usr/bin/cmake /home/su1jun/Capstone/colcon_ws/src/vizanti/vizanti_server -DAMENT_CMAKE_SYMLINK_INSTALL=1 -DCMAKE_INSTALL_PREFIX=/home/su1jun/Capstone/colcon_ws/install/vizanti_server
[9.865s] DEBUG:colcon.colcon_core.event_handler.log_command:Invoking command in '/home/su1jun/Capstone/colcon_ws/build/vizanti_demos': AMENT_PREFIX_PATH=/home/su1jun/Capstone/colcon_ws/install/vizanti_msgs:${AMENT_PREFIX_PATH} CMAKE_PREFIX_PATH=/home/su1jun/Capstone/colcon_ws/install/vizanti_msgs:/opt/ros/humble LD_LIBRARY_PATH=/home/su1jun/Capstone/colcon_ws/install/vizanti_msgs/lib:${LD_LIBRARY_PATH} PYTHONPATH=/home/su1jun/Capstone/colcon_ws/install/vizanti_msgs/local/lib/python3.10/dist-packages:${PYTHONPATH} /usr/bin/cmake /home/su1jun/Capstone/colcon_ws/src/vizanti/vizanti_demos -DAMENT_CMAKE_SYMLINK_INSTALL=1 -DCMAKE_INSTALL_PREFIX=/home/su1jun/Capstone/colcon_ws/install/vizanti_demos
[11.104s] DEBUG:colcon.colcon_core.event_handler.log_command:Invoked command in '/home/su1jun/Capstone/colcon_ws/build/vizanti_server' returned '1': AMENT_PREFIX_PATH=/home/su1jun/Capstone/colcon_ws/install/vizanti_msgs:${AMENT_PREFIX_PATH} CMAKE_PREFIX_PATH=/home/su1jun/Capstone/colcon_ws/install/vizanti_msgs:/opt/ros/humble LD_LIBRARY_PATH=/home/su1jun/Capstone/colcon_ws/install/vizanti_msgs/lib:${LD_LIBRARY_PATH} PYTHONPATH=/home/su1jun/Capstone/colcon_ws/install/vizanti_msgs/local/lib/python3.10/dist-packages:${PYTHONPATH} /usr/bin/cmake /home/su1jun/Capstone/colcon_ws/src/vizanti/vizanti_server -DAMENT_CMAKE_SYMLINK_INSTALL=1 -DCMAKE_INSTALL_PREFIX=/home/su1jun/Capstone/colcon_ws/install/vizanti_server
[11.117s] Level 1:colcon.colcon_core.environment:create_environment_scripts_only(vizanti_server)
[11.117s] Level 1:colcon.colcon_core.environment:checking '/home/su1jun/Capstone/colcon_ws/install/vizanti_server' for CMake module files
[11.121s] Level 1:colcon.colcon_core.environment:checking '/home/su1jun/Capstone/colcon_ws/install/vizanti_server' for CMake config files
[11.173s] Level 1:colcon.colcon_core.shell:create_environment_hook('vizanti_server', 'cmake_prefix_path')
[11.173s] INFO:colcon.colcon_core.shell:Creating environment hook '/home/su1jun/Capstone/colcon_ws/install/vizanti_server/share/vizanti_server/hook/cmake_prefix_path.ps1'
[11.174s] INFO:colcon.colcon_core.shell:Creating environment descriptor '/home/su1jun/Capstone/colcon_ws/install/vizanti_server/share/vizanti_server/hook/cmake_prefix_path.dsv'
[11.174s] INFO:colcon.colcon_core.shell:Creating environment hook '/home/su1jun/Capstone/colcon_ws/install/vizanti_server/share/vizanti_server/hook/cmake_prefix_path.sh'
[11.175s] Level 1:colcon.colcon_core.environment:checking '/home/su1jun/Capstone/colcon_ws/install/vizanti_server/lib'
[11.175s] Level 1:colcon.colcon_core.environment:checking '/home/su1jun/Capstone/colcon_ws/install/vizanti_server/bin'
[11.175s] Level 1:colcon.colcon_core.environment:checking '/home/su1jun/Capstone/colcon_ws/install/vizanti_server/lib/pkgconfig/vizanti_server.pc'
[11.175s] Level 1:colcon.colcon_core.environment:checking '/home/su1jun/Capstone/colcon_ws/install/vizanti_server/lib/python3.10/site-packages'
[11.176s] Level 1:colcon.colcon_core.environment:checking '/home/su1jun/Capstone/colcon_ws/install/vizanti_server/bin'
[11.176s] INFO:colcon.colcon_core.shell:Creating package script '/home/su1jun/Capstone/colcon_ws/install/vizanti_server/share/vizanti_server/package.ps1'
[11.177s] INFO:colcon.colcon_core.shell:Creating package descriptor '/home/su1jun/Capstone/colcon_ws/install/vizanti_server/share/vizanti_server/package.dsv'
[11.177s] INFO:colcon.colcon_core.shell:Creating package script '/home/su1jun/Capstone/colcon_ws/install/vizanti_server/share/vizanti_server/package.sh'
[11.177s] INFO:colcon.colcon_core.shell:Creating package script '/home/su1jun/Capstone/colcon_ws/install/vizanti_server/share/vizanti_server/package.bash'
[11.178s] INFO:colcon.colcon_core.shell:Creating package script '/home/su1jun/Capstone/colcon_ws/install/vizanti_server/share/vizanti_server/package.zsh'
[11.178s] Level 1:colcon.colcon_core.environment:create_file_with_runtime_dependencies(/home/su1jun/Capstone/colcon_ws/install/vizanti_server/share/colcon-core/packages/vizanti_server)
[13.415s] DEBUG:colcon.colcon_parallel_executor.executor.parallel:closing loop
[13.415s] DEBUG:colcon.colcon_parallel_executor.executor.parallel:loop closed
[13.415s] DEBUG:colcon.colcon_parallel_executor.executor.parallel:run_until_complete finished with '1'
[13.415s] DEBUG:colcon.colcon_core.event_reactor:joining thread
[13.423s] INFO:colcon.colcon_core.plugin_system:Skipping extension 'colcon_notification.desktop_notification.terminal_notifier': Not used on non-Darwin systems
[13.423s] INFO:colcon.colcon_core.plugin_system:Skipping extension 'colcon_notification.desktop_notification.win32': Not used on non-Windows systems
[13.424s] INFO:colcon.colcon_notification.desktop_notification:Sending desktop notification using 'notify2'
[13.452s] DEBUG:colcon.colcon_core.event_reactor:joined thread
[13.453s] INFO:colcon.colcon_core.shell:Creating prefix script '/home/su1jun/Capstone/colcon_ws/install/local_setup.ps1'
[13.454s] INFO:colcon.colcon_core.shell:Creating prefix util module '/home/su1jun/Capstone/colcon_ws/install/_local_setup_util_ps1.py'
[13.456s] INFO:colcon.colcon_core.shell:Creating prefix chain script '/home/su1jun/Capstone/colcon_ws/install/setup.ps1'
[13.457s] INFO:colcon.colcon_core.shell:Creating prefix script '/home/su1jun/Capstone/colcon_ws/install/local_setup.sh'
[13.459s] INFO:colcon.colcon_core.shell:Creating prefix util module '/home/su1jun/Capstone/colcon_ws/install/_local_setup_util_sh.py'
[13.459s] INFO:colcon.colcon_core.shell:Creating prefix chain script '/home/su1jun/Capstone/colcon_ws/install/setup.sh'
[13.461s] INFO:colcon.colcon_core.shell:Creating prefix script '/home/su1jun/Capstone/colcon_ws/install/local_setup.bash'
[13.462s] INFO:colcon.colcon_core.shell:Creating prefix chain script '/home/su1jun/Capstone/colcon_ws/install/setup.bash'
[13.464s] INFO:colcon.colcon_core.shell:Creating prefix script '/home/su1jun/Capstone/colcon_ws/install/local_setup.zsh'
[13.465s] INFO:colcon.colcon_core.shell:Creating prefix chain script '/home/su1jun/Capstone/colcon_ws/install/setup.zsh'
