[0.246s] Invoking command in '/home/su1jun/Capstone/ros2_ws/build/turtlebot3_fake_node': CMAKE_PREFIX_PATH=${CMAKE_PREFIX_PATH}:/home/su1jun/Capstone/ros2_ws/install/robot:/opt/ros/humble /usr/bin/cmake --build /home/su1jun/Capstone/ros2_ws/build/turtlebot3_fake_node -- -j20 -l20
[0.285s] [100%] Built target turtlebot3_fake_node
[0.454s] Invoked command in '/home/su1jun/Capstone/ros2_ws/build/turtlebot3_fake_node' returned '0': CMAKE_PREFIX_PATH=${CMAKE_PREFIX_PATH}:/home/su1jun/Capstone/ros2_ws/install/robot:/opt/ros/humble /usr/bin/cmake --build /home/su1jun/Capstone/ros2_ws/build/turtlebot3_fake_node -- -j20 -l20
[0.483s] Invoking command in '/home/su1jun/Capstone/ros2_ws/build/turtlebot3_fake_node': CMAKE_PREFIX_PATH=${CMAKE_PREFIX_PATH}:/home/su1jun/Capstone/ros2_ws/install/robot:/opt/ros/humble /usr/bin/cmake --install /home/su1jun/Capstone/ros2_ws/build/turtlebot3_fake_node
[0.498s] -- Install configuration: ""
[0.498s] -- Up-to-date: /home/su1jun/Capstone/ros2_ws/install/turtlebot3_fake_node/lib/turtlebot3_fake_node/turtlebot3_fake_node
[0.498s] -- Up-to-date: /home/su1jun/Capstone/ros2_ws/install/turtlebot3_fake_node/share/turtlebot3_fake_node/launch
[0.498s] -- Up-to-date: /home/su1jun/Capstone/ros2_ws/install/turtlebot3_fake_node/share/turtlebot3_fake_node/launch/rviz2.launch.py
[0.499s] -- Up-to-date: /home/su1jun/Capstone/ros2_ws/install/turtlebot3_fake_node/share/turtlebot3_fake_node/launch/turtlebot3_fake_node.launch.py
[0.499s] -- Up-to-date: /home/su1jun/Capstone/ros2_ws/install/turtlebot3_fake_node/share/turtlebot3_fake_node/param
[0.499s] -- Up-to-date: /home/su1jun/Capstone/ros2_ws/install/turtlebot3_fake_node/share/turtlebot3_fake_node/param/burger.yaml
[0.499s] -- Up-to-date: /home/su1jun/Capstone/ros2_ws/install/turtlebot3_fake_node/share/turtlebot3_fake_node/param/waffle_pi.yaml
[0.499s] -- Up-to-date: /home/su1jun/Capstone/ros2_ws/install/turtlebot3_fake_node/share/turtlebot3_fake_node/param/waffle.yaml
[0.499s] -- Up-to-date: /home/su1jun/Capstone/ros2_ws/install/turtlebot3_fake_node/include/
[0.499s] -- Up-to-date: /home/su1jun/Capstone/ros2_ws/install/turtlebot3_fake_node/include//turtlebot3_fake_node
[0.499s] -- Up-to-date: /home/su1jun/Capstone/ros2_ws/install/turtlebot3_fake_node/include//turtlebot3_fake_node/turtlebot3_fake_node.hpp
[0.499s] -- Up-to-date: /home/su1jun/Capstone/ros2_ws/install/turtlebot3_fake_node/share/ament_index/resource_index/package_run_dependencies/turtlebot3_fake_node
[0.499s] -- Up-to-date: /home/su1jun/Capstone/ros2_ws/install/turtlebot3_fake_node/share/ament_index/resource_index/parent_prefix_path/turtlebot3_fake_node
[0.499s] -- Up-to-date: /home/su1jun/Capstone/ros2_ws/install/turtlebot3_fake_node/share/turtlebot3_fake_node/environment/ament_prefix_path.sh
[0.499s] -- Up-to-date: /home/su1jun/Capstone/ros2_ws/install/turtlebot3_fake_node/share/turtlebot3_fake_node/environment/ament_prefix_path.dsv
[0.499s] -- Up-to-date: /home/su1jun/Capstone/ros2_ws/install/turtlebot3_fake_node/share/turtlebot3_fake_node/environment/path.sh
[0.499s] -- Up-to-date: /home/su1jun/Capstone/ros2_ws/install/turtlebot3_fake_node/share/turtlebot3_fake_node/environment/path.dsv
[0.499s] -- Up-to-date: /home/su1jun/Capstone/ros2_ws/install/turtlebot3_fake_node/share/turtlebot3_fake_node/local_setup.bash
[0.499s] -- Up-to-date: /home/su1jun/Capstone/ros2_ws/install/turtlebot3_fake_node/share/turtlebot3_fake_node/local_setup.sh
[0.499s] -- Up-to-date: /home/su1jun/Capstone/ros2_ws/install/turtlebot3_fake_node/share/turtlebot3_fake_node/local_setup.zsh
[0.499s] -- Up-to-date: /home/su1jun/Capstone/ros2_ws/install/turtlebot3_fake_node/share/turtlebot3_fake_node/local_setup.dsv
[0.499s] -- Installing: /home/su1jun/Capstone/ros2_ws/install/turtlebot3_fake_node/share/turtlebot3_fake_node/package.dsv
[0.500s] -- Up-to-date: /home/su1jun/Capstone/ros2_ws/install/turtlebot3_fake_node/share/ament_index/resource_index/packages/turtlebot3_fake_node
[0.500s] -- Up-to-date: /home/su1jun/Capstone/ros2_ws/install/turtlebot3_fake_node/share/turtlebot3_fake_node/cmake/ament_cmake_export_include_directories-extras.cmake
[0.500s] -- Up-to-date: /home/su1jun/Capstone/ros2_ws/install/turtlebot3_fake_node/share/turtlebot3_fake_node/cmake/ament_cmake_export_dependencies-extras.cmake
[0.500s] -- Up-to-date: /home/su1jun/Capstone/ros2_ws/install/turtlebot3_fake_node/share/turtlebot3_fake_node/cmake/turtlebot3_fake_nodeConfig.cmake
[0.501s] -- Up-to-date: /home/su1jun/Capstone/ros2_ws/install/turtlebot3_fake_node/share/turtlebot3_fake_node/cmake/turtlebot3_fake_nodeConfig-version.cmake
[0.501s] -- Up-to-date: /home/su1jun/Capstone/ros2_ws/install/turtlebot3_fake_node/share/turtlebot3_fake_node/package.xml
[0.538s] Invoked command in '/home/su1jun/Capstone/ros2_ws/build/turtlebot3_fake_node' returned '0': CMAKE_PREFIX_PATH=${CMAKE_PREFIX_PATH}:/home/su1jun/Capstone/ros2_ws/install/robot:/opt/ros/humble /usr/bin/cmake --install /home/su1jun/Capstone/ros2_ws/build/turtlebot3_fake_node
