[1.227s] DEBUG:colcon:Command line arguments: ['/usr/bin/colcon', 'build']
[1.227s] DEBUG:colcon:Parsed command line arguments: Namespace(log_base=None, log_level=None, verb_name='build', build_base='build', install_base='install', merge_install=False, symlink_install=False, test_result_base=None, continue_on_error=False, executor='parallel', parallel_workers=16, event_handlers=None, ignore_user_meta=False, metas=['./colcon.meta'], base_paths=['.'], packages_ignore=None, packages_ignore_regex=None, paths=None, packages_up_to=None, packages_up_to_regex=None, packages_above=None, packages_above_and_dependencies=None, packages_above_depth=None, packages_select_by_dep=None, packages_skip_by_dep=None, packages_skip_up_to=None, packages_select_build_failed=False, packages_skip_build_finished=False, packages_select_test_failures=False, packages_skip_test_passed=False, packages_select=None, packages_skip=None, packages_select_regex=None, packages_skip_regex=None, packages_start=None, packages_end=None, allow_overriding=[], cmake_args=None, cmake_target=None, cmake_target_skip_unavailable=False, cmake_clean_cache=False, cmake_clean_first=False, cmake_force_configure=False, ament_cmake_args=None, catkin_cmake_args=None, catkin_skip_building_tests=False, verb_parser=<colcon_defaults.argument_parser.defaults.DefaultArgumentsDecorator object at 0x7ff34eb5e470>, verb_extension=<colcon_core.verb.build.BuildVerb object at 0x7ff34ee401c0>, main=<bound method BuildVerb.main of <colcon_core.verb.build.BuildVerb object at 0x7ff34ee401c0>>)
[1.309s] Level 1:colcon.colcon_core.package_discovery:discover_packages(colcon_meta) check parameters
[1.309s] Level 1:colcon.colcon_core.package_discovery:discover_packages(recursive) check parameters
[1.309s] Level 1:colcon.colcon_core.package_discovery:discover_packages(ignore) check parameters
[1.309s] Level 1:colcon.colcon_core.package_discovery:discover_packages(path) check parameters
[1.309s] Level 1:colcon.colcon_core.package_discovery:discover_packages(colcon_meta) discover
[1.309s] Level 1:colcon.colcon_core.package_discovery:discover_packages(recursive) discover
[1.309s] INFO:colcon.colcon_core.package_discovery:Crawling recursively for packages in '/home/ros2_ws'
[1.309s] Level 1:colcon.colcon_core.package_identification:_identify(.) by extensions ['ignore', 'ignore_ament_install']
[1.309s] Level 1:colcon.colcon_core.package_identification:_identify(.) by extension 'ignore'
[1.309s] Level 1:colcon.colcon_core.package_identification:_identify(.) by extension 'ignore_ament_install'
[1.309s] Level 1:colcon.colcon_core.package_identification:_identify(.) by extensions ['colcon_pkg']
[1.309s] Level 1:colcon.colcon_core.package_identification:_identify(.) by extension 'colcon_pkg'
[1.309s] Level 1:colcon.colcon_core.package_identification:_identify(.) by extensions ['colcon_meta']
[1.309s] Level 1:colcon.colcon_core.package_identification:_identify(.) by extension 'colcon_meta'
[1.309s] Level 1:colcon.colcon_core.package_identification:_identify(.) by extensions ['ros']
[1.309s] Level 1:colcon.colcon_core.package_identification:_identify(.) by extension 'ros'
[1.340s] Level 1:colcon.colcon_core.package_identification:_identify(.) by extensions ['cmake', 'python']
[1.340s] Level 1:colcon.colcon_core.package_identification:_identify(.) by extension 'cmake'
[1.340s] Level 1:colcon.colcon_core.package_identification:_identify(.) by extension 'python'
[1.340s] Level 1:colcon.colcon_core.package_identification:_identify(.) by extensions ['python_setup_py']
[1.340s] Level 1:colcon.colcon_core.package_identification:_identify(.) by extension 'python_setup_py'
[1.340s] Level 1:colcon.colcon_core.package_identification:_identify(build) by extensions ['ignore', 'ignore_ament_install']
[1.340s] Level 1:colcon.colcon_core.package_identification:_identify(build) by extension 'ignore'
[1.340s] Level 1:colcon.colcon_core.package_identification:_identify(build) ignored
[1.340s] Level 1:colcon.colcon_core.package_identification:_identify(etc) by extensions ['ignore', 'ignore_ament_install']
[1.340s] Level 1:colcon.colcon_core.package_identification:_identify(etc) by extension 'ignore'
[1.341s] Level 1:colcon.colcon_core.package_identification:_identify(etc) by extension 'ignore_ament_install'
[1.341s] Level 1:colcon.colcon_core.package_identification:_identify(etc) by extensions ['colcon_pkg']
[1.341s] Level 1:colcon.colcon_core.package_identification:_identify(etc) by extension 'colcon_pkg'
[1.341s] Level 1:colcon.colcon_core.package_identification:_identify(etc) by extensions ['colcon_meta']
[1.341s] Level 1:colcon.colcon_core.package_identification:_identify(etc) by extension 'colcon_meta'
[1.341s] Level 1:colcon.colcon_core.package_identification:_identify(etc) by extensions ['ros']
[1.341s] Level 1:colcon.colcon_core.package_identification:_identify(etc) by extension 'ros'
[1.341s] Level 1:colcon.colcon_core.package_identification:_identify(etc) by extensions ['cmake', 'python']
[1.341s] Level 1:colcon.colcon_core.package_identification:_identify(etc) by extension 'cmake'
[1.341s] Level 1:colcon.colcon_core.package_identification:_identify(etc) by extension 'python'
[1.341s] Level 1:colcon.colcon_core.package_identification:_identify(etc) by extensions ['python_setup_py']
[1.341s] Level 1:colcon.colcon_core.package_identification:_identify(etc) by extension 'python_setup_py'
[1.341s] Level 1:colcon.colcon_core.package_identification:_identify(etc/AI_CAR_example_code) by extensions ['ignore', 'ignore_ament_install']
[1.342s] Level 1:colcon.colcon_core.package_identification:_identify(etc/AI_CAR_example_code) by extension 'ignore'
[1.342s] Level 1:colcon.colcon_core.package_identification:_identify(etc/AI_CAR_example_code) by extension 'ignore_ament_install'
[1.342s] Level 1:colcon.colcon_core.package_identification:_identify(etc/AI_CAR_example_code) by extensions ['colcon_pkg']
[1.342s] Level 1:colcon.colcon_core.package_identification:_identify(etc/AI_CAR_example_code) by extension 'colcon_pkg'
[1.342s] Level 1:colcon.colcon_core.package_identification:_identify(etc/AI_CAR_example_code) by extensions ['colcon_meta']
[1.342s] Level 1:colcon.colcon_core.package_identification:_identify(etc/AI_CAR_example_code) by extension 'colcon_meta'
[1.342s] Level 1:colcon.colcon_core.package_identification:_identify(etc/AI_CAR_example_code) by extensions ['ros']
[1.342s] Level 1:colcon.colcon_core.package_identification:_identify(etc/AI_CAR_example_code) by extension 'ros'
[1.342s] Level 1:colcon.colcon_core.package_identification:_identify(etc/AI_CAR_example_code) by extensions ['cmake', 'python']
[1.342s] Level 1:colcon.colcon_core.package_identification:_identify(etc/AI_CAR_example_code) by extension 'cmake'
[1.342s] Level 1:colcon.colcon_core.package_identification:_identify(etc/AI_CAR_example_code) by extension 'python'
[1.342s] Level 1:colcon.colcon_core.package_identification:_identify(etc/AI_CAR_example_code) by extensions ['python_setup_py']
[1.342s] Level 1:colcon.colcon_core.package_identification:_identify(etc/AI_CAR_example_code) by extension 'python_setup_py'
[1.342s] Level 1:colcon.colcon_core.package_identification:_identify(install) by extensions ['ignore', 'ignore_ament_install']
[1.342s] Level 1:colcon.colcon_core.package_identification:_identify(install) by extension 'ignore'
[1.342s] Level 1:colcon.colcon_core.package_identification:_identify(install) ignored
[1.342s] Level 1:colcon.colcon_core.package_identification:_identify(log) by extensions ['ignore', 'ignore_ament_install']
[1.343s] Level 1:colcon.colcon_core.package_identification:_identify(log) by extension 'ignore'
[1.343s] Level 1:colcon.colcon_core.package_identification:_identify(log) ignored
[1.343s] Level 1:colcon.colcon_core.package_identification:_identify(src) by extensions ['ignore', 'ignore_ament_install']
[1.343s] Level 1:colcon.colcon_core.package_identification:_identify(src) by extension 'ignore'
[1.343s] Level 1:colcon.colcon_core.package_identification:_identify(src) by extension 'ignore_ament_install'
[1.343s] Level 1:colcon.colcon_core.package_identification:_identify(src) by extensions ['colcon_pkg']
[1.343s] Level 1:colcon.colcon_core.package_identification:_identify(src) by extension 'colcon_pkg'
[1.343s] Level 1:colcon.colcon_core.package_identification:_identify(src) by extensions ['colcon_meta']
[1.343s] Level 1:colcon.colcon_core.package_identification:_identify(src) by extension 'colcon_meta'
[1.343s] Level 1:colcon.colcon_core.package_identification:_identify(src) by extensions ['ros']
[1.343s] Level 1:colcon.colcon_core.package_identification:_identify(src) by extension 'ros'
[1.343s] Level 1:colcon.colcon_core.package_identification:_identify(src) by extensions ['cmake', 'python']
[1.343s] Level 1:colcon.colcon_core.package_identification:_identify(src) by extension 'cmake'
[1.343s] Level 1:colcon.colcon_core.package_identification:_identify(src) by extension 'python'
[1.343s] Level 1:colcon.colcon_core.package_identification:_identify(src) by extensions ['python_setup_py']
[1.343s] Level 1:colcon.colcon_core.package_identification:_identify(src) by extension 'python_setup_py'
[1.343s] Level 1:colcon.colcon_core.package_identification:_identify(src/robot) by extensions ['ignore', 'ignore_ament_install']
[1.343s] Level 1:colcon.colcon_core.package_identification:_identify(src/robot) by extension 'ignore'
[1.343s] Level 1:colcon.colcon_core.package_identification:_identify(src/robot) by extension 'ignore_ament_install'
[1.344s] Level 1:colcon.colcon_core.package_identification:_identify(src/robot) by extensions ['colcon_pkg']
[1.344s] Level 1:colcon.colcon_core.package_identification:_identify(src/robot) by extension 'colcon_pkg'
[1.344s] Level 1:colcon.colcon_core.package_identification:_identify(src/robot) by extensions ['colcon_meta']
[1.344s] Level 1:colcon.colcon_core.package_identification:_identify(src/robot) by extension 'colcon_meta'
[1.344s] Level 1:colcon.colcon_core.package_identification:_identify(src/robot) by extensions ['ros']
[1.344s] Level 1:colcon.colcon_core.package_identification:_identify(src/robot) by extension 'ros'
[1.347s] DEBUG:colcon.colcon_core.package_identification:Package 'src/robot' with type 'ros.ament_python' and name 'robot'
[1.347s] Level 1:colcon.colcon_core.package_discovery:discover_packages(recursive) using defaults
[1.347s] Level 1:colcon.colcon_core.package_discovery:discover_packages(ignore) discover
[1.348s] Level 1:colcon.colcon_core.package_discovery:discover_packages(ignore) using defaults
[1.348s] Level 1:colcon.colcon_core.package_discovery:discover_packages(path) discover
[1.348s] Level 1:colcon.colcon_core.package_discovery:discover_packages(path) using defaults
[1.437s] Level 1:colcon.colcon_core.package_discovery:discover_packages(prefix_path) check parameters
[1.437s] Level 1:colcon.colcon_core.package_discovery:discover_packages(prefix_path) discover
[1.466s] DEBUG:colcon.colcon_installed_package_information.package_discovery:Found 456 installed packages in /opt/ros/humble
[1.468s] Level 1:colcon.colcon_core.package_discovery:discover_packages(prefix_path) using defaults
[1.558s] Level 5:colcon.colcon_core.verb:set package 'robot' build argument 'cmake_args' from command line to 'None'
[1.558s] Level 5:colcon.colcon_core.verb:set package 'robot' build argument 'cmake_target' from command line to 'None'
[1.558s] Level 5:colcon.colcon_core.verb:set package 'robot' build argument 'cmake_target_skip_unavailable' from command line to 'False'
[1.558s] Level 5:colcon.colcon_core.verb:set package 'robot' build argument 'cmake_clean_cache' from command line to 'False'
[1.558s] Level 5:colcon.colcon_core.verb:set package 'robot' build argument 'cmake_clean_first' from command line to 'False'
[1.558s] Level 5:colcon.colcon_core.verb:set package 'robot' build argument 'cmake_force_configure' from command line to 'False'
[1.558s] Level 5:colcon.colcon_core.verb:set package 'robot' build argument 'ament_cmake_args' from command line to 'None'
[1.558s] Level 5:colcon.colcon_core.verb:set package 'robot' build argument 'catkin_cmake_args' from command line to 'None'
[1.558s] Level 5:colcon.colcon_core.verb:set package 'robot' build argument 'catkin_skip_building_tests' from command line to 'False'
[1.558s] DEBUG:colcon.colcon_core.verb:Building package 'robot' with the following arguments: {'ament_cmake_args': None, 'build_base': '/home/ros2_ws/build/robot', 'catkin_cmake_args': None, 'catkin_skip_building_tests': False, 'cmake_args': None, 'cmake_clean_cache': False, 'cmake_clean_first': False, 'cmake_force_configure': False, 'cmake_target': None, 'cmake_target_skip_unavailable': False, 'install_base': '/home/ros2_ws/install/robot', 'merge_install': False, 'path': '/home/ros2_ws/src/robot', 'symlink_install': False, 'test_result_base': None}
[1.570s] INFO:colcon.colcon_core.executor:Executing jobs using 'parallel' executor
[1.583s] DEBUG:colcon.colcon_parallel_executor.executor.parallel:run_until_complete
[1.583s] INFO:colcon.colcon_ros.task.ament_python.build:Building ROS package in '/home/ros2_ws/src/robot' with build type 'ament_python'
[1.584s] Level 1:colcon.colcon_core.shell:create_environment_hook('robot', 'ament_prefix_path')
[1.604s] INFO:colcon.colcon_core.plugin_system:Skipping extension 'colcon_core.shell.bat': Not used on non-Windows systems
[1.604s] INFO:colcon.colcon_core.shell:Creating environment hook '/home/ros2_ws/install/robot/share/robot/hook/ament_prefix_path.ps1'
[1.605s] INFO:colcon.colcon_core.shell:Creating environment descriptor '/home/ros2_ws/install/robot/share/robot/hook/ament_prefix_path.dsv'
[1.606s] INFO:colcon.colcon_core.shell:Creating environment hook '/home/ros2_ws/install/robot/share/robot/hook/ament_prefix_path.sh'
[1.619s] INFO:colcon.colcon_core.shell:Skip shell extension 'powershell' for command environment: Not usable outside of PowerShell
[1.619s] DEBUG:colcon.colcon_core.shell:Skip shell extension 'dsv' for command environment
[1.802s] INFO:colcon.colcon_core.task.python.build:Building Python package in '/home/ros2_ws/src/robot'
[1.816s] INFO:colcon.colcon_core.shell:Skip shell extension 'powershell' for command environment: Not usable outside of PowerShell
[1.816s] DEBUG:colcon.colcon_core.shell:Skip shell extension 'dsv' for command environment
[2.461s] DEBUG:colcon.colcon_core.event_handler.log_command:Invoking command in '/home/ros2_ws/src/robot': PYTHONPATH=/home/ros2_ws/build/robot/prefix_override:/home/ros2_ws/install/robot/lib/python3.10/site-packages:${PYTHONPATH} /usr/bin/python3 setup.py egg_info --egg-base ../../build/robot build --build-base /home/ros2_ws/build/robot/build install --record /home/ros2_ws/build/robot/install.log --single-version-externally-managed
[2.851s] DEBUG:colcon.colcon_core.event_handler.log_command:Invoked command in '/home/ros2_ws/src/robot' returned '0': PYTHONPATH=/home/ros2_ws/build/robot/prefix_override:/home/ros2_ws/install/robot/lib/python3.10/site-packages:${PYTHONPATH} /usr/bin/python3 setup.py egg_info --egg-base ../../build/robot build --build-base /home/ros2_ws/build/robot/build install --record /home/ros2_ws/build/robot/install.log --single-version-externally-managed
[2.870s] Level 1:colcon.colcon_core.environment:checking '/home/ros2_ws/install/robot' for CMake module files
[2.871s] Level 1:colcon.colcon_core.environment:checking '/home/ros2_ws/install/robot' for CMake config files
[2.871s] Level 1:colcon.colcon_core.shell:create_environment_hook('robot', 'cmake_prefix_path')
[2.883s] INFO:colcon.colcon_core.shell:Creating environment hook '/home/ros2_ws/install/robot/share/robot/hook/cmake_prefix_path.ps1'
[2.883s] INFO:colcon.colcon_core.shell:Creating environment descriptor '/home/ros2_ws/install/robot/share/robot/hook/cmake_prefix_path.dsv'
[2.883s] INFO:colcon.colcon_core.shell:Creating environment hook '/home/ros2_ws/install/robot/share/robot/hook/cmake_prefix_path.sh'
[2.884s] Level 1:colcon.colcon_core.environment:checking '/home/ros2_ws/install/robot/lib'
[2.884s] Level 1:colcon.colcon_core.environment:checking '/home/ros2_ws/install/robot/bin'
[2.884s] Level 1:colcon.colcon_core.environment:checking '/home/ros2_ws/install/robot/lib/pkgconfig/robot.pc'
[2.884s] Level 1:colcon.colcon_core.environment:checking '/home/ros2_ws/install/robot/lib/python3.10/site-packages'
[2.884s] Level 1:colcon.colcon_core.shell:create_environment_hook('robot', 'pythonpath')
[2.897s] INFO:colcon.colcon_core.shell:Creating environment hook '/home/ros2_ws/install/robot/share/robot/hook/pythonpath.ps1'
[2.897s] INFO:colcon.colcon_core.shell:Creating environment descriptor '/home/ros2_ws/install/robot/share/robot/hook/pythonpath.dsv'
[2.897s] INFO:colcon.colcon_core.shell:Creating environment hook '/home/ros2_ws/install/robot/share/robot/hook/pythonpath.sh'
[2.897s] Level 1:colcon.colcon_core.environment:checking '/home/ros2_ws/install/robot/bin'
[2.898s] Level 1:colcon.colcon_core.environment:create_environment_scripts_only(robot)
[2.909s] INFO:colcon.colcon_core.shell:Creating package script '/home/ros2_ws/install/robot/share/robot/package.ps1'
[2.911s] INFO:colcon.colcon_core.shell:Creating package descriptor '/home/ros2_ws/install/robot/share/robot/package.dsv'
[2.912s] INFO:colcon.colcon_core.shell:Creating package script '/home/ros2_ws/install/robot/share/robot/package.sh'
[2.912s] INFO:colcon.colcon_core.shell:Creating package script '/home/ros2_ws/install/robot/share/robot/package.bash'
[2.913s] INFO:colcon.colcon_core.shell:Creating package script '/home/ros2_ws/install/robot/share/robot/package.zsh'
[2.914s] Level 1:colcon.colcon_core.environment:create_file_with_runtime_dependencies(/home/ros2_ws/install/robot/share/colcon-core/packages/robot)
[2.914s] DEBUG:colcon.colcon_parallel_executor.executor.parallel:closing loop
[2.915s] DEBUG:colcon.colcon_parallel_executor.executor.parallel:loop closed
[2.915s] DEBUG:colcon.colcon_parallel_executor.executor.parallel:run_until_complete finished with '0'
[2.915s] DEBUG:colcon.colcon_core.event_reactor:joining thread
[2.942s] INFO:colcon.colcon_core.plugin_system:Skipping extension 'colcon_notification.desktop_notification.notify_send': Could not find 'notify-send'
[2.942s] INFO:colcon.colcon_core.plugin_system:Skipping extension 'colcon_notification.desktop_notification.terminal_notifier': Not used on non-Darwin systems
[2.942s] INFO:colcon.colcon_core.plugin_system:Skipping extension 'colcon_notification.desktop_notification.win32': Not used on non-Windows systems
[2.942s] INFO:colcon.colcon_notification.desktop_notification:Sending desktop notification using 'notify2'
[2.942s] DEBUG:colcon.colcon_notification.desktop_notification.notify2:Failed to initialize notify2: org.freedesktop.DBus.Error.NotSupported: Unable to autolaunch a dbus-daemon without a $DISPLAY for X11
[2.942s] DEBUG:colcon.colcon_core.event_reactor:joined thread
[2.955s] INFO:colcon.colcon_core.shell:Creating prefix script '/home/ros2_ws/install/local_setup.ps1'
[2.956s] INFO:colcon.colcon_core.shell:Creating prefix util module '/home/ros2_ws/install/_local_setup_util_ps1.py'
[2.958s] INFO:colcon.colcon_core.shell:Creating prefix chain script '/home/ros2_ws/install/setup.ps1'
[2.971s] INFO:colcon.colcon_core.shell:Creating prefix script '/home/ros2_ws/install/local_setup.sh'
[2.972s] INFO:colcon.colcon_core.shell:Creating prefix util module '/home/ros2_ws/install/_local_setup_util_sh.py'
[2.973s] INFO:colcon.colcon_core.shell:Creating prefix chain script '/home/ros2_ws/install/setup.sh'
[2.986s] INFO:colcon.colcon_core.shell:Creating prefix script '/home/ros2_ws/install/local_setup.bash'
[2.986s] INFO:colcon.colcon_core.shell:Creating prefix chain script '/home/ros2_ws/install/setup.bash'
[2.998s] INFO:colcon.colcon_core.shell:Creating prefix script '/home/ros2_ws/install/local_setup.zsh'
[2.999s] INFO:colcon.colcon_core.shell:Creating prefix chain script '/home/ros2_ws/install/setup.zsh'
