running develop
running egg_info
creating robot.egg-info
writing robot.egg-info/PKG-INFO
writing dependency_links to robot.egg-info/dependency_links.txt
writing entry points to robot.egg-info/entry_points.txt
writing requirements to robot.egg-info/requires.txt
writing top-level names to robot.egg-info/top_level.txt
writing manifest file 'robot.egg-info/SOURCES.txt'
reading manifest file 'robot.egg-info/SOURCES.txt'
writing manifest file 'robot.egg-info/SOURCES.txt'
running build_ext
Creating /home/su1jun/Capstone/ros2_ws/install/robot/lib/python3.10/site-packages/robot.egg-link (link to .)
Installing bluetooth script to /home/su1jun/Capstone/ros2_ws/install/robot/lib/robot
Installing map script to /home/su1jun/Capstone/ros2_ws/install/robot/lib/robot
Installing motor script to /home/su1jun/Capstone/ros2_ws/install/robot/lib/robot
Installing motor_btl script to /home/su1jun/Capstone/ros2_ws/install/robot/lib/robot
Installing odom script to /home/su1jun/Capstone/ros2_ws/install/robot/lib/robot
Installing switch script to /home/su1jun/Capstone/ros2_ws/install/robot/lib/robot

Installed /home/su1jun/Capstone/ros2_ws/build/robot
running symlink_data
creating /home/su1jun/Capstone/ros2_ws/install/robot/share/ament_index
creating /home/su1jun/Capstone/ros2_ws/install/robot/share/ament_index/resource_index
creating /home/su1jun/Capstone/ros2_ws/install/robot/share/ament_index/resource_index/packages
symbolically linking /home/su1jun/Capstone/ros2_ws/build/robot/resource/robot -> /home/su1jun/Capstone/ros2_ws/install/robot/share/ament_index/resource_index/packages
symbolically linking /home/su1jun/Capstone/ros2_ws/build/robot/package.xml -> /home/su1jun/Capstone/ros2_ws/install/robot/share/robot
