[1.033s] Invoking command in '/home/su1jun/Capstone/ros2_ws/build/robot': PYTHONPATH=/home/su1jun/Capstone/ros2_ws/build/robot/prefix_override:/home/su1jun/Capstone/ros2_ws/install/robot/lib/python3.10/site-packages:${PYTHONPATH} /usr/bin/python3 -W ignore:setup.py install is deprecated setup.py develop --editable --build-directory /home/su1jun/Capstone/ros2_ws/build/robot/build --no-deps symlink_data
[1.426s] running develop
[1.427s] /usr/lib/python3/dist-packages/setuptools/command/easy_install.py:158: EasyInstallDeprecationWarning: easy_install command is deprecated. Use build and pip and other standards-based tools.
[1.427s]   warnings.warn(
[1.626s] running egg_info
[1.626s] creating robot.egg-info
[1.626s] writing robot.egg-info/PKG-INFO
[1.627s] writing dependency_links to robot.egg-info/dependency_links.txt
[1.627s] writing entry points to robot.egg-info/entry_points.txt
[1.627s] writing requirements to robot.egg-info/requires.txt
[1.627s] writing top-level names to robot.egg-info/top_level.txt
[1.627s] writing manifest file 'robot.egg-info/SOURCES.txt'
[1.629s] reading manifest file 'robot.egg-info/SOURCES.txt'
[1.632s] writing manifest file 'robot.egg-info/SOURCES.txt'
[1.632s] running build_ext
[1.632s] Creating /home/su1jun/Capstone/ros2_ws/install/robot/lib/python3.10/site-packages/robot.egg-link (link to .)
[1.633s] Installing bluetooth script to /home/su1jun/Capstone/ros2_ws/install/robot/lib/robot
[1.633s] Installing map script to /home/su1jun/Capstone/ros2_ws/install/robot/lib/robot
[1.634s] Installing motor script to /home/su1jun/Capstone/ros2_ws/install/robot/lib/robot
[1.634s] Installing motor_btl script to /home/su1jun/Capstone/ros2_ws/install/robot/lib/robot
[1.634s] Installing odom script to /home/su1jun/Capstone/ros2_ws/install/robot/lib/robot
[1.634s] Installing switch script to /home/su1jun/Capstone/ros2_ws/install/robot/lib/robot
[1.634s] 
[1.634s] Installed /home/su1jun/Capstone/ros2_ws/build/robot
[1.634s] running symlink_data
[1.634s] creating /home/su1jun/Capstone/ros2_ws/install/robot/share/ament_index
[1.634s] creating /home/su1jun/Capstone/ros2_ws/install/robot/share/ament_index/resource_index
[1.635s] creating /home/su1jun/Capstone/ros2_ws/install/robot/share/ament_index/resource_index/packages
[1.635s] symbolically linking /home/su1jun/Capstone/ros2_ws/build/robot/resource/robot -> /home/su1jun/Capstone/ros2_ws/install/robot/share/ament_index/resource_index/packages
[1.635s] symbolically linking /home/su1jun/Capstone/ros2_ws/build/robot/package.xml -> /home/su1jun/Capstone/ros2_ws/install/robot/share/robot
[1.670s] Invoked command in '/home/su1jun/Capstone/ros2_ws/build/robot' returned '0': PYTHONPATH=/home/su1jun/Capstone/ros2_ws/build/robot/prefix_override:/home/su1jun/Capstone/ros2_ws/install/robot/lib/python3.10/site-packages:${PYTHONPATH} /usr/bin/python3 -W ignore:setup.py install is deprecated setup.py develop --editable --build-directory /home/su1jun/Capstone/ros2_ws/build/robot/build --no-deps symlink_data
