[0.035s] Invoking command in '/home/su1jun/Capstone/ros2_ws/build/serial': CMAKE_PREFIX_PATH=${CMAKE_PREFIX_PATH}:/home/su1jun/Capstone/ros2_ws/install/serial_motor_demo:/home/su1jun/Capstone/ros2_ws/install/robot:/opt/ros/humble /usr/bin/cmake --build /home/su1jun/Capstone/ros2_ws/build/serial -- -j4 -l4
[0.131s] [ 14%] Built target gtest_main
[0.137s] [ 42%] Built target serial
[0.151s] [ 57%] Built target gtest
[0.183s] [ 71%] Built target serial_example
[0.201s] [ 85%] Built target serial-test
[0.203s] [100%] Built target serial-test-timer
[0.252s] Invoked command in '/home/su1jun/Capstone/ros2_ws/build/serial' returned '0': CMAKE_PREFIX_PATH=${CMAKE_PREFIX_PATH}:/home/su1jun/Capstone/ros2_ws/install/serial_motor_demo:/home/su1jun/Capstone/ros2_ws/install/robot:/opt/ros/humble /usr/bin/cmake --build /home/su1jun/Capstone/ros2_ws/build/serial -- -j4 -l4
[0.405s] Invoking command in '/home/su1jun/Capstone/ros2_ws/build/serial': CMAKE_PREFIX_PATH=${CMAKE_PREFIX_PATH}:/home/su1jun/Capstone/ros2_ws/install/serial_motor_demo:/home/su1jun/Capstone/ros2_ws/install/robot:/opt/ros/humble /usr/bin/cmake --install /home/su1jun/Capstone/ros2_ws/build/serial
[0.438s] -- Install configuration: ""
[0.438s] -- Execute custom install script
[0.438s] -- Up-to-date symlink: /home/su1jun/Capstone/ros2_ws/install/serial/lib/libserial.a
[0.439s] -- Up-to-date symlink: /home/su1jun/Capstone/ros2_ws/install/serial/include/serial/serial.h
[0.439s] -- Up-to-date symlink: /home/su1jun/Capstone/ros2_ws/install/serial/include/serial/v8stdint.h
[0.439s] -- Up-to-date symlink: /home/su1jun/Capstone/ros2_ws/install/serial/share/serial/environment/library_path.sh
[0.439s] -- Up-to-date symlink: /home/su1jun/Capstone/ros2_ws/install/serial/share/serial/environment/library_path.dsv
[0.439s] -- Up-to-date symlink: /home/su1jun/Capstone/ros2_ws/install/serial/share/ament_index/resource_index/package_run_dependencies/serial
[0.439s] -- Up-to-date symlink: /home/su1jun/Capstone/ros2_ws/install/serial/share/ament_index/resource_index/parent_prefix_path/serial
[0.439s] -- Up-to-date symlink: /home/su1jun/Capstone/ros2_ws/install/serial/share/serial/environment/ament_prefix_path.sh
[0.439s] -- Up-to-date symlink: /home/su1jun/Capstone/ros2_ws/install/serial/share/serial/environment/ament_prefix_path.dsv
[0.439s] -- Up-to-date symlink: /home/su1jun/Capstone/ros2_ws/install/serial/share/serial/environment/path.sh
[0.439s] -- Up-to-date symlink: /home/su1jun/Capstone/ros2_ws/install/serial/share/serial/environment/path.dsv
[0.439s] -- Up-to-date symlink: /home/su1jun/Capstone/ros2_ws/install/serial/share/serial/local_setup.bash
[0.439s] -- Up-to-date symlink: /home/su1jun/Capstone/ros2_ws/install/serial/share/serial/local_setup.sh
[0.440s] -- Up-to-date symlink: /home/su1jun/Capstone/ros2_ws/install/serial/share/serial/local_setup.zsh
[0.440s] -- Up-to-date symlink: /home/su1jun/Capstone/ros2_ws/install/serial/share/serial/local_setup.dsv
[0.440s] -- Symlinking: /home/su1jun/Capstone/ros2_ws/install/serial/share/serial/package.dsv
[0.456s] -- Up-to-date symlink: /home/su1jun/Capstone/ros2_ws/install/serial/share/ament_index/resource_index/packages/serial
[0.457s] -- Up-to-date symlink: /home/su1jun/Capstone/ros2_ws/install/serial/share/serial/cmake/ament_cmake_export_include_directories-extras.cmake
[0.457s] -- Up-to-date symlink: /home/su1jun/Capstone/ros2_ws/install/serial/share/serial/cmake/ament_cmake_export_libraries-extras.cmake
[0.458s] -- Up-to-date symlink: /home/su1jun/Capstone/ros2_ws/install/serial/share/serial/cmake/serialConfig.cmake
[0.458s] -- Up-to-date symlink: /home/su1jun/Capstone/ros2_ws/install/serial/share/serial/cmake/serialConfig-version.cmake
[0.458s] -- Up-to-date symlink: /home/su1jun/Capstone/ros2_ws/install/serial/share/serial/package.xml
[0.769s] Invoked command in '/home/su1jun/Capstone/ros2_ws/build/serial' returned '0': CMAKE_PREFIX_PATH=${CMAKE_PREFIX_PATH}:/home/su1jun/Capstone/ros2_ws/install/serial_motor_demo:/home/su1jun/Capstone/ros2_ws/install/robot:/opt/ros/humble /usr/bin/cmake --install /home/su1jun/Capstone/ros2_ws/build/serial
