[0.306s] Invoking command in '/home/su1jun/Capstone/ros2_ws/build/sllidar_ros2': CMAKE_PREFIX_PATH=${CMAKE_PREFIX_PATH}:/home/su1jun/Capstone/ros2_ws/install/robot:/opt/ros/humble /usr/bin/cmake --build /home/su1jun/Capstone/ros2_ws/build/sllidar_ros2 -- -j4 -l4
[0.396s] [35m[1mConsolidate compiler generated dependencies of target sllidar_node[0m
[0.416s] [35m[1mConsolidate compiler generated dependencies of target sllidar_client[0m
[0.467s] [ 10%] Built target sllidar_client
[0.477s] [100%] Built target sllidar_node
[0.494s] Invoked command in '/home/su1jun/Capstone/ros2_ws/build/sllidar_ros2' returned '0': CMAKE_PREFIX_PATH=${CMAKE_PREFIX_PATH}:/home/su1jun/Capstone/ros2_ws/install/robot:/opt/ros/humble /usr/bin/cmake --build /home/su1jun/Capstone/ros2_ws/build/sllidar_ros2 -- -j4 -l4
[0.560s] Invoking command in '/home/su1jun/Capstone/ros2_ws/build/sllidar_ros2': CMAKE_PREFIX_PATH=${CMAKE_PREFIX_PATH}:/home/su1jun/Capstone/ros2_ws/install/robot:/opt/ros/humble /usr/bin/cmake --install /home/su1jun/Capstone/ros2_ws/build/sllidar_ros2
[0.569s] -- Install configuration: ""
[0.569s] -- Execute custom install script
[0.570s] -- Up-to-date symlink: /home/su1jun/Capstone/ros2_ws/install/sllidar_ros2/share/sllidar_ros2/launch/sllidar_a1_launch.py
[0.570s] -- Up-to-date symlink: /home/su1jun/Capstone/ros2_ws/install/sllidar_ros2/share/sllidar_ros2/launch/sllidar_a2m12_launch .py
[0.570s] -- Up-to-date symlink: /home/su1jun/Capstone/ros2_ws/install/sllidar_ros2/share/sllidar_ros2/launch/sllidar_a2m7_launch.py
[0.570s] -- Up-to-date symlink: /home/su1jun/Capstone/ros2_ws/install/sllidar_ros2/share/sllidar_ros2/launch/sllidar_a2m8_launch.py
[0.571s] -- Up-to-date symlink: /home/su1jun/Capstone/ros2_ws/install/sllidar_ros2/share/sllidar_ros2/launch/view_sllidar_a1_launch.py
[0.571s] -- Up-to-date symlink: /home/su1jun/Capstone/ros2_ws/install/sllidar_ros2/share/sllidar_ros2/launch/view_sllidar_a2m7_launch.py
[0.571s] -- Up-to-date symlink: /home/su1jun/Capstone/ros2_ws/install/sllidar_ros2/share/sllidar_ros2/launch/view_sllidar_a2m8_launch.py
[0.571s] -- Up-to-date symlink: /home/su1jun/Capstone/ros2_ws/install/sllidar_ros2/share/sllidar_ros2/rviz/sllidar_ros2.rviz
[0.572s] -- Up-to-date symlink: /home/su1jun/Capstone/ros2_ws/install/sllidar_ros2/lib/sllidar_ros2/sllidar_node
[0.572s] -- Up-to-date symlink: /home/su1jun/Capstone/ros2_ws/install/sllidar_ros2/lib/sllidar_ros2/sllidar_client
[0.572s] -- Up-to-date symlink: /home/su1jun/Capstone/ros2_ws/install/sllidar_ros2/share/ament_index/resource_index/package_run_dependencies/sllidar_ros2
[0.573s] -- Up-to-date symlink: /home/su1jun/Capstone/ros2_ws/install/sllidar_ros2/share/ament_index/resource_index/parent_prefix_path/sllidar_ros2
[0.573s] -- Up-to-date symlink: /home/su1jun/Capstone/ros2_ws/install/sllidar_ros2/share/sllidar_ros2/environment/ament_prefix_path.sh
[0.573s] -- Up-to-date symlink: /home/su1jun/Capstone/ros2_ws/install/sllidar_ros2/share/sllidar_ros2/environment/ament_prefix_path.dsv
[0.573s] -- Up-to-date symlink: /home/su1jun/Capstone/ros2_ws/install/sllidar_ros2/share/sllidar_ros2/environment/path.sh
[0.574s] -- Up-to-date symlink: /home/su1jun/Capstone/ros2_ws/install/sllidar_ros2/share/sllidar_ros2/environment/path.dsv
[0.574s] -- Up-to-date symlink: /home/su1jun/Capstone/ros2_ws/install/sllidar_ros2/share/sllidar_ros2/local_setup.bash
[0.574s] -- Up-to-date symlink: /home/su1jun/Capstone/ros2_ws/install/sllidar_ros2/share/sllidar_ros2/local_setup.sh
[0.574s] -- Up-to-date symlink: /home/su1jun/Capstone/ros2_ws/install/sllidar_ros2/share/sllidar_ros2/local_setup.zsh
[0.574s] -- Up-to-date symlink: /home/su1jun/Capstone/ros2_ws/install/sllidar_ros2/share/sllidar_ros2/local_setup.dsv
[0.575s] -- Symlinking: /home/su1jun/Capstone/ros2_ws/install/sllidar_ros2/share/sllidar_ros2/package.dsv
[0.585s] -- Up-to-date symlink: /home/su1jun/Capstone/ros2_ws/install/sllidar_ros2/share/ament_index/resource_index/packages/sllidar_ros2
[0.585s] -- Up-to-date symlink: /home/su1jun/Capstone/ros2_ws/install/sllidar_ros2/share/sllidar_ros2/cmake/ament_cmake_export_dependencies-extras.cmake
[0.585s] -- Up-to-date symlink: /home/su1jun/Capstone/ros2_ws/install/sllidar_ros2/share/sllidar_ros2/cmake/ament_cmake_export_include_directories-extras.cmake
[0.586s] -- Up-to-date symlink: /home/su1jun/Capstone/ros2_ws/install/sllidar_ros2/share/sllidar_ros2/cmake/sllidar_ros2Config.cmake
[0.586s] -- Up-to-date symlink: /home/su1jun/Capstone/ros2_ws/install/sllidar_ros2/share/sllidar_ros2/cmake/sllidar_ros2Config-version.cmake
[0.586s] -- Up-to-date symlink: /home/su1jun/Capstone/ros2_ws/install/sllidar_ros2/share/sllidar_ros2/package.xml
[0.589s] Invoked command in '/home/su1jun/Capstone/ros2_ws/build/sllidar_ros2' returned '0': CMAKE_PREFIX_PATH=${CMAKE_PREFIX_PATH}:/home/su1jun/Capstone/ros2_ws/install/robot:/opt/ros/humble /usr/bin/cmake --install /home/su1jun/Capstone/ros2_ws/build/sllidar_ros2
