[0.044s] Invoking command in '/home/su1jun/Capstone/ros2_ws/build/dynamixel_hardware': CMAKE_PREFIX_PATH=${CMAKE_PREFIX_PATH}:/home/su1jun/Capstone/ros2_ws/install/robot:/opt/ros/humble /usr/bin/cmake --build /home/su1jun/Capstone/ros2_ws/build/dynamixel_hardware -- -j4 -l4
[0.223s] [100%] Built target dynamixel_hardware
[0.519s] Invoked command in '/home/su1jun/Capstone/ros2_ws/build/dynamixel_hardware' returned '0': CMAKE_PREFIX_PATH=${CMAKE_PREFIX_PATH}:/home/su1jun/Capstone/ros2_ws/install/robot:/opt/ros/humble /usr/bin/cmake --build /home/su1jun/Capstone/ros2_ws/build/dynamixel_hardware -- -j4 -l4
[0.594s] Invoking command in '/home/su1jun/Capstone/ros2_ws/build/dynamixel_hardware': CMAKE_PREFIX_PATH=${CMAKE_PREFIX_PATH}:/home/su1jun/Capstone/ros2_ws/install/robot:/opt/ros/humble /usr/bin/cmake --install /home/su1jun/Capstone/ros2_ws/build/dynamixel_hardware
[0.607s] -- Install configuration: ""
[0.607s] -- Execute custom install script
[0.607s] -- Up-to-date symlink: /home/su1jun/Capstone/ros2_ws/install/dynamixel_hardware/share/dynamixel_hardware//dynamixel_hardware.xml
[0.609s] -- Up-to-date symlink: /home/su1jun/Capstone/ros2_ws/install/dynamixel_hardware/lib/libdynamixel_hardware.so
[0.610s] -- Up-to-date symlink: /home/su1jun/Capstone/ros2_ws/install/dynamixel_hardware/include/dynamixel_hardware/dynamixel_hardware.hpp
[0.611s] -- Up-to-date symlink: /home/su1jun/Capstone/ros2_ws/install/dynamixel_hardware/include/dynamixel_hardware/visiblity_control.h
[0.612s] -- Up-to-date symlink: /home/su1jun/Capstone/ros2_ws/install/dynamixel_hardware/share/dynamixel_hardware/environment/library_path.sh
[0.613s] -- Up-to-date symlink: /home/su1jun/Capstone/ros2_ws/install/dynamixel_hardware/share/dynamixel_hardware/environment/library_path.dsv
[0.613s] -- Up-to-date symlink: /home/su1jun/Capstone/ros2_ws/install/dynamixel_hardware/share/ament_index/resource_index/package_run_dependencies/dynamixel_hardware
[0.614s] -- Up-to-date symlink: /home/su1jun/Capstone/ros2_ws/install/dynamixel_hardware/share/ament_index/resource_index/parent_prefix_path/dynamixel_hardware
[0.615s] -- Up-to-date symlink: /home/su1jun/Capstone/ros2_ws/install/dynamixel_hardware/share/dynamixel_hardware/environment/ament_prefix_path.sh
[0.615s] -- Up-to-date symlink: /home/su1jun/Capstone/ros2_ws/install/dynamixel_hardware/share/dynamixel_hardware/environment/ament_prefix_path.dsv
[0.615s] -- Up-to-date symlink: /home/su1jun/Capstone/ros2_ws/install/dynamixel_hardware/share/dynamixel_hardware/environment/path.sh
[0.615s] -- Up-to-date symlink: /home/su1jun/Capstone/ros2_ws/install/dynamixel_hardware/share/dynamixel_hardware/environment/path.dsv
[0.616s] -- Up-to-date symlink: /home/su1jun/Capstone/ros2_ws/install/dynamixel_hardware/share/dynamixel_hardware/local_setup.bash
[0.616s] -- Up-to-date symlink: /home/su1jun/Capstone/ros2_ws/install/dynamixel_hardware/share/dynamixel_hardware/local_setup.sh
[0.617s] -- Up-to-date symlink: /home/su1jun/Capstone/ros2_ws/install/dynamixel_hardware/share/dynamixel_hardware/local_setup.zsh
[0.617s] -- Up-to-date symlink: /home/su1jun/Capstone/ros2_ws/install/dynamixel_hardware/share/dynamixel_hardware/local_setup.dsv
[0.617s] -- Symlinking: /home/su1jun/Capstone/ros2_ws/install/dynamixel_hardware/share/dynamixel_hardware/package.dsv
[0.636s] -- Up-to-date symlink: /home/su1jun/Capstone/ros2_ws/install/dynamixel_hardware/share/ament_index/resource_index/packages/dynamixel_hardware
[0.636s] -- Up-to-date symlink: /home/su1jun/Capstone/ros2_ws/install/dynamixel_hardware/share/ament_index/resource_index/hardware_interface__pluginlib__plugin/dynamixel_hardware
[0.636s] -- Up-to-date symlink: /home/su1jun/Capstone/ros2_ws/install/dynamixel_hardware/share/dynamixel_hardware/cmake/ament_cmake_export_include_directories-extras.cmake
[0.637s] -- Up-to-date symlink: /home/su1jun/Capstone/ros2_ws/install/dynamixel_hardware/share/dynamixel_hardware/cmake/ament_cmake_export_libraries-extras.cmake
[0.641s] -- Up-to-date symlink: /home/su1jun/Capstone/ros2_ws/install/dynamixel_hardware/share/dynamixel_hardware/cmake/ament_cmake_export_dependencies-extras.cmake
[0.641s] -- Up-to-date symlink: /home/su1jun/Capstone/ros2_ws/install/dynamixel_hardware/share/dynamixel_hardware/cmake/dynamixel_hardwareConfig.cmake
[0.641s] -- Up-to-date symlink: /home/su1jun/Capstone/ros2_ws/install/dynamixel_hardware/share/dynamixel_hardware/cmake/dynamixel_hardwareConfig-version.cmake
[0.641s] -- Up-to-date symlink: /home/su1jun/Capstone/ros2_ws/install/dynamixel_hardware/share/dynamixel_hardware/package.xml
[0.648s] Invoked command in '/home/su1jun/Capstone/ros2_ws/build/dynamixel_hardware' returned '0': CMAKE_PREFIX_PATH=${CMAKE_PREFIX_PATH}:/home/su1jun/Capstone/ros2_ws/install/robot:/opt/ros/humble /usr/bin/cmake --install /home/su1jun/Capstone/ros2_ws/build/dynamixel_hardware
